000 (13673.000.000) 01/21 04:16:03 Job submitted from host: <128.30.112.18:46685>
...
001 (13673.000.000) 01/21 04:16:12 Job executing on host: <128.30.66.170:39331>
...
006 (13673.000.000) 01/21 04:16:20 Image size of job updated: 284588
	44  -  MemoryUsage of job (MB)
	44792  -  ResidentSetSize of job (KB)
...
006 (13673.000.000) 01/21 04:20:18 Image size of job updated: 295288
	44  -  MemoryUsage of job (MB)
	44792  -  ResidentSetSize of job (KB)
...
005 (13673.000.000) 01/21 04:20:18 Job terminated.
	(1) Normal termination (return value 0)
		Usr 0 00:04:03, Sys 0 00:00:00  -  Run Remote Usage
		Usr 0 00:00:00, Sys 0 00:00:00  -  Run Local Usage
		Usr 0 00:04:03, Sys 0 00:00:00  -  Total Remote Usage
		Usr 0 00:00:00, Sys 0 00:00:00  -  Total Local Usage
	0  -  Run Bytes Sent By Job
	0  -  Run Bytes Received By Job
	0  -  Total Bytes Sent By Job
	0  -  Total Bytes Received By Job
	Partitionable Resources :    Usage  Request          
	   Cpus                 :                 1          
	   Disk (KB)            :     2750     2750          
	   Memory (MB)          :       44       44          
...
