000 (13686.000.000) 01/21 04:16:04 Job submitted from host: <128.30.112.18:46685>
...
001 (13686.000.000) 01/21 04:16:12 Job executing on host: <128.30.66.163:58460>
...
006 (13686.000.000) 01/21 04:16:21 Image size of job updated: 286340
	46  -  MemoryUsage of job (MB)
	46376  -  ResidentSetSize of job (KB)
...
006 (13686.000.000) 01/21 04:20:19 Image size of job updated: 299376
	46  -  MemoryUsage of job (MB)
	46376  -  ResidentSetSize of job (KB)
...
005 (13686.000.000) 01/21 04:20:19 Job terminated.
	(1) Normal termination (return value 0)
		Usr 0 00:04:05, Sys 0 00:00:00  -  Run Remote Usage
		Usr 0 00:00:00, Sys 0 00:00:00  -  Run Local Usage
		Usr 0 00:04:05, Sys 0 00:00:00  -  Total Remote Usage
		Usr 0 00:00:00, Sys 0 00:00:00  -  Total Local Usage
	0  -  Run Bytes Sent By Job
	0  -  Run Bytes Received By Job
	0  -  Total Bytes Sent By Job
	0  -  Total Bytes Received By Job
	Partitionable Resources :    Usage  Request          
	   Cpus                 :                 1          
	   Disk (KB)            :     2750     2750          
	   Memory (MB)          :       46       46          
...
