000 (13689.000.000) 01/21 04:16:04 Job submitted from host: <128.30.112.18:46685>
...
001 (13689.000.000) 01/21 04:16:12 Job executing on host: <128.30.66.164:41719>
...
006 (13689.000.000) 01/21 04:16:21 Image size of job updated: 2750
	3  -  MemoryUsage of job (MB)
	2220  -  ResidentSetSize of job (KB)
...
006 (13689.000.000) 01/21 04:19:46 Image size of job updated: 307508
	3  -  MemoryUsage of job (MB)
	2220  -  ResidentSetSize of job (KB)
...
005 (13689.000.000) 01/21 04:19:46 Job terminated.
	(1) Normal termination (return value 0)
		Usr 0 00:03:31, Sys 0 00:00:00  -  Run Remote Usage
		Usr 0 00:00:00, Sys 0 00:00:00  -  Run Local Usage
		Usr 0 00:03:31, Sys 0 00:00:00  -  Total Remote Usage
		Usr 0 00:00:00, Sys 0 00:00:00  -  Total Local Usage
	0  -  Run Bytes Sent By Job
	0  -  Run Bytes Received By Job
	0  -  Total Bytes Sent By Job
	0  -  Total Bytes Received By Job
	Partitionable Resources :    Usage  Request          
	   Cpus                 :                 1          
	   Disk (KB)            :     2750     2750          
	   Memory (MB)          :        3        3          
...
