000 (13517.000.000) 01/20 19:09:58 Job submitted from host: <128.30.112.18:46685>
...
001 (13517.000.000) 01/20 19:10:03 Job executing on host: <128.30.66.169:43926>
...
006 (13517.000.000) 01/20 19:10:12 Image size of job updated: 290644
	50  -  MemoryUsage of job (MB)
	50860  -  ResidentSetSize of job (KB)
...
006 (13517.000.000) 01/20 19:15:13 Image size of job updated: 368656
	126  -  MemoryUsage of job (MB)
	128812  -  ResidentSetSize of job (KB)
...
006 (13517.000.000) 01/20 19:16:25 Image size of job updated: 380644
	126  -  MemoryUsage of job (MB)
	128812  -  ResidentSetSize of job (KB)
...
005 (13517.000.000) 01/20 19:16:25 Job terminated.
	(1) Normal termination (return value 0)
		Usr 0 00:06:19, Sys 0 00:00:00  -  Run Remote Usage
		Usr 0 00:00:00, Sys 0 00:00:00  -  Run Local Usage
		Usr 0 00:06:19, Sys 0 00:00:00  -  Total Remote Usage
		Usr 0 00:00:00, Sys 0 00:00:00  -  Total Local Usage
	0  -  Run Bytes Sent By Job
	0  -  Run Bytes Received By Job
	0  -  Total Bytes Sent By Job
	0  -  Total Bytes Received By Job
	Partitionable Resources :    Usage  Request          
	   Cpus                 :                 1          
	   Disk (KB)            :     2750     2750          
	   Memory (MB)          :      126      126          
...
