000 (13518.000.000) 01/20 19:09:58 Job submitted from host: <128.30.112.18:46685>
...
001 (13518.000.000) 01/20 19:10:03 Job executing on host: <128.30.66.166:36393>
...
006 (13518.000.000) 01/20 19:10:12 Image size of job updated: 293220
	53  -  MemoryUsage of job (MB)
	53504  -  ResidentSetSize of job (KB)
...
006 (13518.000.000) 01/20 19:15:13 Image size of job updated: 364284
	122  -  MemoryUsage of job (MB)
	124508  -  ResidentSetSize of job (KB)
...
006 (13518.000.000) 01/20 19:16:40 Image size of job updated: 378668
	122  -  MemoryUsage of job (MB)
	124508  -  ResidentSetSize of job (KB)
...
005 (13518.000.000) 01/20 19:16:40 Job terminated.
	(1) Normal termination (return value 0)
		Usr 0 00:06:20, Sys 0 00:00:00  -  Run Remote Usage
		Usr 0 00:00:00, Sys 0 00:00:00  -  Run Local Usage
		Usr 0 00:06:20, Sys 0 00:00:00  -  Total Remote Usage
		Usr 0 00:00:00, Sys 0 00:00:00  -  Total Local Usage
	0  -  Run Bytes Sent By Job
	0  -  Run Bytes Received By Job
	0  -  Total Bytes Sent By Job
	0  -  Total Bytes Received By Job
	Partitionable Resources :    Usage  Request          
	   Cpus                 :                 1          
	   Disk (KB)            :     2750     2750          
	   Memory (MB)          :      122      122          
...
