000 (13521.000.000) 01/20 19:09:58 Job submitted from host: <128.30.112.18:46685>
...
001 (13521.000.000) 01/20 19:10:03 Job executing on host: <128.30.66.163:58460>
...
006 (13521.000.000) 01/20 19:10:12 Image size of job updated: 290260
	50  -  MemoryUsage of job (MB)
	50332  -  ResidentSetSize of job (KB)
...
006 (13521.000.000) 01/20 19:15:13 Image size of job updated: 348780
	107  -  MemoryUsage of job (MB)
	108944  -  ResidentSetSize of job (KB)
...
006 (13521.000.000) 01/20 19:20:13 Image size of job updated: 379580
	137  -  MemoryUsage of job (MB)
	139656  -  ResidentSetSize of job (KB)
...
006 (13521.000.000) 01/20 19:20:56 Image size of job updated: 381304
	137  -  MemoryUsage of job (MB)
	139656  -  ResidentSetSize of job (KB)
...
005 (13521.000.000) 01/20 19:20:56 Job terminated.
	(1) Normal termination (return value 0)
		Usr 0 00:10:35, Sys 0 00:00:01  -  Run Remote Usage
		Usr 0 00:00:00, Sys 0 00:00:00  -  Run Local Usage
		Usr 0 00:10:35, Sys 0 00:00:01  -  Total Remote Usage
		Usr 0 00:00:00, Sys 0 00:00:00  -  Total Local Usage
	0  -  Run Bytes Sent By Job
	0  -  Run Bytes Received By Job
	0  -  Total Bytes Sent By Job
	0  -  Total Bytes Received By Job
	Partitionable Resources :    Usage  Request          
	   Cpus                 :                 1          
	   Disk (KB)            :     2750     2750          
	   Memory (MB)          :      137      137          
...
