============================================================
Domain:		PST
Dimensions:	12
|S|:		5451776
|A|:		27
|S|x|A|:		147197952
Episode Cap:	1000
Gamma:		0.9
NUM_UAV:		3
============================================================
Representation:		IndependentDiscretizationCompactBinary
Features per action:	52
Binary Dimensions:	[ 6  7  8  9 10 11]
============================================================
Representation:		iFDD
Features per action:	52
Initial Representation:	IndependentDiscretizationCompactBinary
Plus:			1
Sparsify:		1
Cached:			1
Online Threshold:	85.000
Batch Threshold:		85.000
Max Batch Discovery:	20
============================================================
Agent:		SARSA
Policy:		eGreedy
Alpha_0:		0.10
============================================================
Experiment:		OnlineExperiment
Output:			././1-results.txt
Learning Steps:		50000
Performance Checks:	10
Log Intervals:		60(s)
5000 >>> E[0:00:23]-R[0:03:26]: Return=25.00, Steps=10, Features = 218
10000 >>> E[0:00:45]-R[0:03:01]: Return=-26.00, Steps=19, Features = 313
15000 >>> E[0:01:08]-R[0:02:39]: Return=-65.00, Steps=10, Features = 401
20000 >>> E[0:01:33]-R[0:02:20]: Return=36.00, Steps=30, Features = 465
25000 >>> E[0:01:57]-R[0:01:57]: Return=29.00, Steps=10, Features = 517
30000 >>> E[0:02:23]-R[0:01:35]: Return=50.00, Steps=10, Features = 567
35000 >>> E[0:02:53]-R[0:01:14]: Return=21.00, Steps=1000, Features = 612
40000 >>> E[0:03:19]-R[0:00:50]: Return=-11.00, Steps=21, Features = 664
45000 >>> E[0:03:49]-R[0:00:25]: Return=-29.00, Steps=10, Features = 711
50000 >>> E[0:04:17]-R[0:00:00]: Return=71.00, Steps=10, Features = 745
============================================================
Took 0:04:17
Results	=> ././1-results.txt
Log	=> ././1-out.txt
