============================================================
Domain:		PST
Dimensions:	12
|S|:		5451776
|A|:		27
|S|x|A|:		147197952
Episode Cap:	1000
Gamma:		0.9
NUM_UAV:		3
============================================================
Representation:		IndependentDiscretizationCompactBinary
Features per action:	52
Binary Dimensions:	[ 6  7  8  9 10 11]
============================================================
Representation:		iFDD
Features per action:	52
Initial Representation:	IndependentDiscretizationCompactBinary
Plus:			1
Sparsify:		1
Cached:			1
Online Threshold:	85.000
Batch Threshold:		85.000
Max Batch Discovery:	20
============================================================
Agent:		SARSA
Policy:		eGreedy
Alpha_0:		0.10
============================================================
Experiment:		OnlineExperiment
Output:			././11-results.txt
Learning Steps:		50000
Performance Checks:	10
Log Intervals:		60(s)
5000 >>> E[0:00:20]-R[0:03:04]: Return=0.00, Steps=1000, Features = 121
10000 >>> E[0:00:40]-R[0:02:42]: Return=-35.00, Steps=10, Features = 225
15000 >>> E[0:01:02]-R[0:02:25]: Return=-78.00, Steps=10, Features = 340
20000 >>> E[0:01:24]-R[0:02:06]: Return=-14.00, Steps=10, Features = 430
25000 >>> E[0:01:46]-R[0:01:46]: Return=-18.00, Steps=10, Features = 504
30000 >>> E[0:02:09]-R[0:01:26]: Return=41.00, Steps=11, Features = 593
35000 >>> E[0:02:33]-R[0:01:06]: Return=-34.00, Steps=10, Features = 653
40000 >>> E[0:02:59]-R[0:00:45]: Return=81.00, Steps=10, Features = 720
45000 >>> E[0:03:24]-R[0:00:23]: Return=-30.00, Steps=10, Features = 786
50000 >>> E[0:03:50]-R[0:00:00]: Return=26.00, Steps=10, Features = 845
============================================================
Took 0:03:50
Results	=> ././11-results.txt
Log	=> ././11-out.txt
