============================================================
Domain:		PST
Dimensions:	12
|S|:		5451776
|A|:		27
|S|x|A|:		147197952
Episode Cap:	1000
Gamma:		0.9
NUM_UAV:		3
============================================================
Representation:		IndependentDiscretizationCompactBinary
Features per action:	52
Binary Dimensions:	[ 6  7  8  9 10 11]
============================================================
Representation:		iFDD
Features per action:	52
Initial Representation:	IndependentDiscretizationCompactBinary
Plus:			1
Sparsify:		1
Cached:			1
Online Threshold:	85.000
Batch Threshold:		85.000
Max Batch Discovery:	20
============================================================
Agent:		SARSA
Policy:		eGreedy
Alpha_0:		0.10
============================================================
Experiment:		OnlineExperiment
Output:			././7-results.txt
Learning Steps:		50000
Performance Checks:	10
Log Intervals:		60(s)
5000 >>> E[0:00:28]-R[0:04:08]: Return=69.00, Steps=18, Features = 160
10000 >>> E[0:00:49]-R[0:03:18]: Return=5.00, Steps=12, Features = 228
15000 >>> E[0:01:15]-R[0:02:54]: Return=-71.00, Steps=23, Features = 276
20000 >>> E[0:01:41]-R[0:02:32]: Return=-66.00, Steps=23, Features = 340
25000 >>> E[0:02:09]-R[0:02:09]: Return=-6.00, Steps=19, Features = 385
30000 >>> E[0:02:37]-R[0:01:44]: Return=131.00, Steps=31, Features = 437
35000 >>> E[0:03:11]-R[0:01:22]: Return=-74.00, Steps=12, Features = 485
40000 >>> E[0:03:43]-R[0:00:56]: Return=10.00, Steps=10, Features = 535
45000 >>> E[0:04:11]-R[0:00:28]: Return=26.00, Steps=12, Features = 585
50000 >>> E[0:04:37]-R[0:00:00]: Return=-3.00, Steps=15, Features = 627
============================================================
Took 0:04:37
Results	=> ././7-results.txt
Log	=> ././7-out.txt
