============================================================
Domain:		SystemAdministrator
Dimensions:	20
|S|:		1048576
|A|:		21
|S|x|A|:		22020096
Episode Cap:	200
Gamma:		0.95
Computers:	20
Edges:		[(0, 1), (1, 2), (2, 3), (3, 4), (4, 5), (5, 6), (6, 7), (7, 8), (8, 9), (9, 10), (10, 11), (11, 12), (12, 13), (13, 14), (14, 15), (15, 16), (16, 17), (17, 18), (18, 19), (0, 19)]
Neighbors:
0 : [1, 19]
1 : [0, 2]
2 : [1, 3]
3 : [2, 4]
4 : [3, 5]
5 : [4, 6]
6 : [5, 7]
7 : [6, 8]
8 : [7, 9]
9 : [8, 10]
10 : [9, 11]
11 : [10, 12]
12 : [11, 13]
13 : [12, 14]
14 : [13, 15]
15 : [14, 16]
16 : [15, 17]
17 : [16, 18]
18 : [17, 19]
19 : [18, 0]
============================================================
Representation:		IndependentDiscretizationCompactBinary
Features per action:	21
Binary Dimensions:	[ 0  1  2  3  4  5  6  7  8  9 10 11 12 13 14 15 16 17 18 19]
============================================================
Agent:		RE_LSPI
Policy:		eGreedy
Max LSPI Iterations:	10
Data Size:		5000
Weight Difference tol.:	0.001
Max Representation Expansion Iterations:	20
============================================================
Experiment:		OnlineExperiment
Output:			././16-results.txt
Learning Steps:		5000
Performance Checks:	1
Log Intervals:		60(s)
Representation Expansion iteration #1
-----------------
Running LSPI:
1: L2_norm of weight difference = 1034.670, Density of A: 40.99%
2: L2_norm of weight difference = 948.462, Density of A: 32.64%
3: L2_norm of weight difference = 6537.506, Density of A: 42.44%
4: L2_norm of weight difference = 6536.011, Density of A: 34.43%
5: L2_norm of weight difference = 19803.455, Density of A: 41.05%
6: L2_norm of weight difference = 20500.672, Density of A: 39.45%
7: L2_norm of weight difference = 700.602, Density of A: 33.98%
8: L2_norm of weight difference = 9430.260, Density of A: 41.77%
9: L2_norm of weight difference = 9429.332, Density of A: 34.86%
10: L2_norm of weight difference = 16253.968, Density of A: 42.25%
Performance Check >>> 453.000 Return, 200 Steps, 21 Features
5000: E[0:01:23]-R[0:00:00]: Return=799.50, Steps=200, Features = 21
5000 >>> E[0:01:23]-R[0:00:00]: Return=445.00, Steps=200, Features = 21
============================================================
Took 0:01:23
Results	=> ././16-results.txt
Log	=> ././16-out.txt
