000 (13547.000.000) 01/20 19:10:22 Job submitted from host: <128.30.112.18:46685>
...
001 (13547.000.000) 01/20 19:10:25 Job executing on host: <128.30.66.163:58460>
...
006 (13547.000.000) 01/20 19:10:33 Image size of job updated: 2750
	3  -  MemoryUsage of job (MB)
	2232  -  ResidentSetSize of job (KB)
...
006 (13547.000.000) 01/20 19:15:33 Image size of job updated: 324736
	83  -  MemoryUsage of job (MB)
	84840  -  ResidentSetSize of job (KB)
...
006 (13547.000.000) 01/20 19:16:43 Image size of job updated: 331248
	83  -  MemoryUsage of job (MB)
	84840  -  ResidentSetSize of job (KB)
...
005 (13547.000.000) 01/20 19:16:43 Job terminated.
	(1) Normal termination (return value 0)
		Usr 0 00:06:13, Sys 0 00:00:00  -  Run Remote Usage
		Usr 0 00:00:00, Sys 0 00:00:00  -  Run Local Usage
		Usr 0 00:06:13, Sys 0 00:00:00  -  Total Remote Usage
		Usr 0 00:00:00, Sys 0 00:00:00  -  Total Local Usage
	0  -  Run Bytes Sent By Job
	0  -  Run Bytes Received By Job
	0  -  Total Bytes Sent By Job
	0  -  Total Bytes Received By Job
	Partitionable Resources :    Usage  Request          
	   Cpus                 :                 1          
	   Disk (KB)            :     2750     2750          
	   Memory (MB)          :       83       83          
...
