000 (13549.000.000) 01/20 19:10:23 Job submitted from host: <128.30.112.18:46685>
...
001 (13549.000.000) 01/20 19:10:25 Job executing on host: <128.30.113.110:53061>
...
006 (13549.000.000) 01/20 19:10:33 Image size of job updated: 190592
	26  -  MemoryUsage of job (MB)
	26180  -  ResidentSetSize of job (KB)
...
006 (13549.000.000) 01/20 19:14:08 Image size of job updated: 232216
	26  -  MemoryUsage of job (MB)
	26180  -  ResidentSetSize of job (KB)
...
005 (13549.000.000) 01/20 19:14:08 Job terminated.
	(1) Normal termination (return value 0)
		Usr 0 00:03:35, Sys 0 00:00:00  -  Run Remote Usage
		Usr 0 00:00:00, Sys 0 00:00:00  -  Run Local Usage
		Usr 0 00:03:35, Sys 0 00:00:00  -  Total Remote Usage
		Usr 0 00:00:00, Sys 0 00:00:00  -  Total Local Usage
	0  -  Run Bytes Sent By Job
	0  -  Run Bytes Received By Job
	0  -  Total Bytes Sent By Job
	0  -  Total Bytes Received By Job
	Partitionable Resources :    Usage  Request          
	   Cpus                 :                 1          
	   Disk (KB)            :     2750     2750          
	   Memory (MB)          :       26       26          
...
