============================================================
Domain:		PST
Dimensions:	12
|S|:		5451776
|A|:		27
|S|x|A|:		147197952
Episode Cap:	1000
Gamma:		0.9
NUM_UAV:		3
============================================================
Representation:		IndependentDiscretizationCompactBinary
Features per action:	52
Binary Dimensions:	[ 6  7  8  9 10 11]
============================================================
Representation:		iFDD
Features per action:	52
Initial Representation:	IndependentDiscretizationCompactBinary
Plus:			1
Sparsify:		1
Cached:			1
Online Threshold:	25.000
Batch Threshold:		25.000
Max Batch Discovery:	20
============================================================
Agent:		SARSA
Policy:		eGreedy
Alpha_0:		0.10
============================================================
Agent:		RE_LSPI
Policy:		eGreedy
Max LSPI Iterations:	10
Data Size:		20000
Weight Difference tol.:	0.001
Max Representation Expansion Iterations:	20
============================================================
Agent:		RE_LSPI_SARSA
Policy:		eGreedy
============================================================
Experiment:		OnlineExperiment
Output:			././19-results.txt
Learning Steps:		20000
Performance Checks:	1
Log Intervals:		60(s)
3435: E[0:01:00]-R[0:04:50]: Return=-51.00, Steps=10, Features = 1776
6603: E[0:02:00]-R[0:04:04]: Return=-53.00, Steps=11, Features = 2673
9447: E[0:03:00]-R[0:03:21]: Return=60.00, Steps=22, Features = 3325
11538: E[0:04:01]-R[0:02:57]: Return=0.00, Steps=15, Features = 3766
14038: E[0:05:01]-R[0:02:08]: Return=-23.00, Steps=14, Features = 4340
15776: E[0:06:01]-R[0:01:37]: Return=62.00, Steps=11, Features = 4669
16917: E[0:07:03]-R[0:01:17]: Return=-84.00, Steps=21, Features = 4860
18521: E[0:08:03]-R[0:00:39]: Return=-77.00, Steps=10, Features = 5162
Representation Expansion iteration #1
-----------------
