============================================================
Domain:		PST
Dimensions:	12
|S|:		5451776
|A|:		27
|S|x|A|:		147197952
Episode Cap:	1000
Gamma:		0.9
NUM_UAV:		3
============================================================
Representation:		IndependentDiscretizationCompactBinary
Features per action:	52
Binary Dimensions:	[ 6  7  8  9 10 11]
============================================================
Representation:		iFDD
Features per action:	52
Initial Representation:	IndependentDiscretizationCompactBinary
Plus:			1
Sparsify:		1
Cached:			1
Online Threshold:	25.000
Batch Threshold:		25.000
Max Batch Discovery:	20
============================================================
Agent:		SARSA
Policy:		eGreedy
Alpha_0:		0.10
============================================================
Agent:		RE_LSPI
Policy:		eGreedy
Max LSPI Iterations:	10
Data Size:		20000
Weight Difference tol.:	0.001
Max Representation Expansion Iterations:	20
============================================================
Agent:		RE_LSPI_SARSA
Policy:		eGreedy
============================================================
Experiment:		OnlineExperiment
Output:			././3-results.txt
Learning Steps:		20000
Performance Checks:	1
Log Intervals:		60(s)
4990: E[0:01:01]-R[0:03:02]: Return=40.00, Steps=40, Features = 1757
8075: E[0:02:01]-R[0:02:58]: Return=61.00, Steps=10, Features = 2688
10273: E[0:03:01]-R[0:02:51]: Return=-20.00, Steps=11, Features = 3259
12435: E[0:04:01]-R[0:02:27]: Return=3.00, Steps=10, Features = 3730
14620: E[0:05:01]-R[0:01:51]: Return=7.00, Steps=10, Features = 4102
16749: E[0:06:01]-R[0:01:10]: Return=61.00, Steps=10, Features = 4533
18109: E[0:07:02]-R[0:00:44]: Return=2.00, Steps=12, Features = 4780
19389: E[0:08:02]-R[0:00:15]: Return=-37.00, Steps=10, Features = 5036
Representation Expansion iteration #1
-----------------
