============================================================
Domain:		PST
Dimensions:	12
|S|:		5451776
|A|:		27
|S|x|A|:		147197952
Episode Cap:	1000
Gamma:		0.9
NUM_UAV:		3
============================================================
Representation:		IndependentDiscretizationCompactBinary
Features per action:	52
Binary Dimensions:	[ 6  7  8  9 10 11]
============================================================
Representation:		iFDD
Features per action:	52
Initial Representation:	IndependentDiscretizationCompactBinary
Plus:			1
Sparsify:		1
Cached:			1
Online Threshold:	25.000
Batch Threshold:		25.000
Max Batch Discovery:	20
============================================================
Agent:		SARSA
Policy:		eGreedy
Alpha_0:		0.10
============================================================
Experiment:		OnlineExperiment
Output:			././8-results.txt
Learning Steps:		50000
Performance Checks:	10
Log Intervals:		60(s)
5000 >>> E[0:00:29]-R[0:04:21]: Return=-19.00, Steps=11, Features = 1803
10000 >>> E[0:01:10]-R[0:04:38]: Return=-62.00, Steps=14, Features = 2902
15000 >>> E[0:02:00]-R[0:04:39]: Return=-49.00, Steps=11, Features = 3962
20000 >>> E[0:02:49]-R[0:04:14]: Return=-48.00, Steps=29, Features = 4891
25000 >>> E[0:03:42]-R[0:03:42]: Return=-42.00, Steps=14, Features = 5705
29600: E[0:04:42]-R[0:03:14]: Return=-102.00, Steps=45, Features = 6388
30000 >>> E[0:04:48]-R[0:03:12]: Return=-74.00, Steps=10, Features = 6440
33624: E[0:05:48]-R[0:02:50]: Return=-56.00, Steps=12, Features = 6980
35000 >>> E[0:06:11]-R[0:02:39]: Return=7.00, Steps=17, Features = 7147
38511: E[0:07:12]-R[0:02:09]: Return=-35.00, Steps=42, Features = 7607
40000 >>> E[0:07:38]-R[0:01:54]: Return=6.00, Steps=22, Features = 7839
43655: E[0:08:38]-R[0:01:15]: Return=-103.00, Steps=69, Features = 8243
45000 >>> E[0:09:01]-R[0:01:00]: Return=-58.00, Steps=12, Features = 8372
49029: E[0:10:02]-R[0:00:12]: Return=-50.00, Steps=11, Features = 8782
50000 >>> E[0:10:16]-R[0:00:00]: Return=38.00, Steps=23, Features = 8914
============================================================
Took 0:10:16
Results	=> ././8-results.txt
Log	=> ././8-out.txt
