============================================================
Domain:		PST
Dimensions:	12
|S|:		5451776
|A|:		27
|S|x|A|:		147197952
Episode Cap:	1000
Gamma:		0.9
NUM_UAV:		3
============================================================
Representation:		IndependentDiscretizationCompactBinary
Features per action:	52
Binary Dimensions:	[ 6  7  8  9 10 11]
============================================================
Representation:		iFDD
Features per action:	52
Initial Representation:	IndependentDiscretizationCompactBinary
Plus:			1
Sparsify:		1
Cached:			1
Online Threshold:	55.000
Batch Threshold:		55.000
Max Batch Discovery:	20
============================================================
Agent:		SARSA
Policy:		eGreedy
Alpha_0:		0.10
============================================================
Experiment:		OnlineExperiment
Output:			././1-results.txt
Learning Steps:		50000
Performance Checks:	10
Log Intervals:		60(s)
5000 >>> E[0:00:24]-R[0:03:38]: Return=0.00, Steps=1000, Features = 221
10000 >>> E[0:00:49]-R[0:03:16]: Return=0.00, Steps=1000, Features = 301
15000 >>> E[0:01:16]-R[0:02:57]: Return=-49.00, Steps=21, Features = 510
20000 >>> E[0:01:44]-R[0:02:36]: Return=-30.00, Steps=10, Features = 696
25000 >>> E[0:02:14]-R[0:02:14]: Return=-32.00, Steps=13, Features = 854
30000 >>> E[0:02:45]-R[0:01:50]: Return=-28.00, Steps=10, Features = 975
35000 >>> E[0:03:17]-R[0:01:24]: Return=51.00, Steps=28, Features = 1091
40000 >>> E[0:03:49]-R[0:00:57]: Return=-40.00, Steps=17, Features = 1223
45000 >>> E[0:04:23]-R[0:00:29]: Return=44.00, Steps=25, Features = 1320
50000 >>> E[0:05:00]-R[0:00:00]: Return=32.00, Steps=10, Features = 1430
============================================================
Took 0:05:00
Results	=> ././1-results.txt
Log	=> ././1-out.txt
