============================================================
Domain:		PST
Dimensions:	12
|S|:		5451776
|A|:		27
|S|x|A|:		147197952
Episode Cap:	1000
Gamma:		0.9
NUM_UAV:		3
============================================================
Representation:		IndependentDiscretizationCompactBinary
Features per action:	52
Binary Dimensions:	[ 6  7  8  9 10 11]
============================================================
Representation:		iFDD
Features per action:	52
Initial Representation:	IndependentDiscretizationCompactBinary
Plus:			1
Sparsify:		1
Cached:			1
Online Threshold:	55.000
Batch Threshold:		55.000
Max Batch Discovery:	20
============================================================
Agent:		SARSA
Policy:		eGreedy
Alpha_0:		0.10
============================================================
Experiment:		OnlineExperiment
Output:			././10-results.txt
Learning Steps:		50000
Performance Checks:	10
Log Intervals:		60(s)
5000 >>> E[0:00:24]-R[0:03:36]: Return=0.00, Steps=1000, Features = 155
10000 >>> E[0:00:49]-R[0:03:14]: Return=0.00, Steps=1000, Features = 194
15000 >>> E[0:01:13]-R[0:02:50]: Return=0.00, Steps=1000, Features = 237
20000 >>> E[0:01:39]-R[0:02:28]: Return=0.00, Steps=1000, Features = 303
25000 >>> E[0:02:07]-R[0:02:07]: Return=-41.00, Steps=12, Features = 502
30000 >>> E[0:02:40]-R[0:01:46]: Return=-47.00, Steps=10, Features = 668
35000 >>> E[0:03:15]-R[0:01:24]: Return=-22.00, Steps=1000, Features = 770
40000 >>> E[0:03:51]-R[0:00:58]: Return=-9.00, Steps=1000, Features = 860
45000 >>> E[0:04:25]-R[0:00:29]: Return=10.00, Steps=22, Features = 924
50000 >>> E[0:05:00]-R[0:00:00]: Return=-11.00, Steps=11, Features = 1005
============================================================
Took 0:05:00
Results	=> ././10-results.txt
Log	=> ././10-out.txt
