============================================================
Domain:		PST
Dimensions:	12
|S|:		5451776
|A|:		27
|S|x|A|:		147197952
Episode Cap:	1000
Gamma:		0.9
NUM_UAV:		3
============================================================
Representation:		IndependentDiscretizationCompactBinary
Features per action:	52
Binary Dimensions:	[ 6  7  8  9 10 11]
============================================================
Representation:		iFDD
Features per action:	52
Initial Representation:	IndependentDiscretizationCompactBinary
Plus:			1
Sparsify:		1
Cached:			1
Online Threshold:	55.000
Batch Threshold:		55.000
Max Batch Discovery:	20
============================================================
Agent:		SARSA
Policy:		eGreedy
Alpha_0:		0.10
============================================================
Experiment:		OnlineExperiment
Output:			././16-results.txt
Learning Steps:		50000
Performance Checks:	10
Log Intervals:		60(s)
5000 >>> E[0:00:24]-R[0:03:39]: Return=0.00, Steps=1000, Features = 249
10000 >>> E[0:00:49]-R[0:03:15]: Return=0.00, Steps=1000, Features = 261
15000 >>> E[0:01:14]-R[0:02:52]: Return=0.00, Steps=1000, Features = 316
20000 >>> E[0:01:40]-R[0:02:29]: Return=0.00, Steps=1000, Features = 406
25000 >>> E[0:02:08]-R[0:02:08]: Return=-82.00, Steps=21, Features = 627
30000 >>> E[0:02:43]-R[0:01:49]: Return=-35.00, Steps=13, Features = 866
35000 >>> E[0:03:20]-R[0:01:26]: Return=-78.00, Steps=18, Features = 1067
40000 >>> E[0:03:56]-R[0:00:59]: Return=-51.00, Steps=10, Features = 1181
45000 >>> E[0:04:32]-R[0:00:30]: Return=0.00, Steps=1000, Features = 1228
50000 >>> E[0:05:05]-R[0:00:00]: Return=0.00, Steps=1000, Features = 1267
============================================================
Took 0:05:05
Results	=> ././16-results.txt
Log	=> ././16-out.txt
