============================================================
Domain:		PST
Dimensions:	12
|S|:		5451776
|A|:		27
|S|x|A|:		147197952
Episode Cap:	1000
Gamma:		0.9
NUM_UAV:		3
============================================================
Representation:		IndependentDiscretizationCompactBinary
Features per action:	52
Binary Dimensions:	[ 6  7  8  9 10 11]
============================================================
Representation:		iFDD
Features per action:	52
Initial Representation:	IndependentDiscretizationCompactBinary
Plus:			1
Sparsify:		1
Cached:			1
Online Threshold:	55.000
Batch Threshold:		55.000
Max Batch Discovery:	20
============================================================
Agent:		SARSA
Policy:		eGreedy
Alpha_0:		0.10
============================================================
Experiment:		OnlineExperiment
Output:			././18-results.txt
Learning Steps:		50000
Performance Checks:	10
Log Intervals:		60(s)
5000 >>> E[0:00:23]-R[0:03:30]: Return=0.00, Steps=1000, Features = 135
10000 >>> E[0:00:46]-R[0:03:04]: Return=0.00, Steps=1000, Features = 183
15000 >>> E[0:01:09]-R[0:02:42]: Return=0.00, Steps=1000, Features = 232
20000 >>> E[0:01:33]-R[0:02:20]: Return=0.00, Steps=1000, Features = 273
25000 >>> E[0:01:58]-R[0:01:58]: Return=0.00, Steps=1000, Features = 329
30000 >>> E[0:02:26]-R[0:01:37]: Return=-81.00, Steps=18, Features = 567
35000 >>> E[0:02:58]-R[0:01:16]: Return=2.00, Steps=10, Features = 848
40000 >>> E[0:03:33]-R[0:00:53]: Return=42.00, Steps=10, Features = 1132
45000 >>> E[0:04:09]-R[0:00:28]: Return=22.00, Steps=10, Features = 1362
50000 >>> E[0:04:48]-R[0:00:00]: Return=46.00, Steps=10, Features = 1554
============================================================
Took 0:04:48
Results	=> ././18-results.txt
Log	=> ././18-out.txt
