============================================================
Domain:		PST
Dimensions:	12
|S|:		5451776
|A|:		27
|S|x|A|:		147197952
Episode Cap:	1000
Gamma:		0.9
NUM_UAV:		3
============================================================
Representation:		IndependentDiscretizationCompactBinary
Features per action:	52
Binary Dimensions:	[ 6  7  8  9 10 11]
============================================================
Representation:		iFDD
Features per action:	52
Initial Representation:	IndependentDiscretizationCompactBinary
Plus:			1
Sparsify:		1
Cached:			1
Online Threshold:	55.000
Batch Threshold:		55.000
Max Batch Discovery:	20
============================================================
Agent:		SARSA
Policy:		eGreedy
Alpha_0:		0.10
============================================================
Experiment:		OnlineExperiment
Output:			././3-results.txt
Learning Steps:		50000
Performance Checks:	10
Log Intervals:		60(s)
5000 >>> E[0:00:21]-R[0:03:05]: Return=0.00, Steps=1000, Features = 159
10000 >>> E[0:00:41]-R[0:02:45]: Return=0.00, Steps=1000, Features = 211
15000 >>> E[0:01:03]-R[0:02:26]: Return=0.00, Steps=1000, Features = 247
20000 >>> E[0:01:24]-R[0:02:06]: Return=0.00, Steps=1000, Features = 296
25000 >>> E[0:01:46]-R[0:01:46]: Return=0.00, Steps=1000, Features = 348
30000 >>> E[0:02:08]-R[0:01:25]: Return=0.00, Steps=1000, Features = 438
35000 >>> E[0:02:31]-R[0:01:05]: Return=0.00, Steps=1000, Features = 482
40000 >>> E[0:02:52]-R[0:00:43]: Return=-40.00, Steps=21, Features = 536
45000 >>> E[0:03:16]-R[0:00:22]: Return=0.00, Steps=1000, Features = 597
50000 >>> E[0:03:39]-R[0:00:00]: Return=-49.00, Steps=12, Features = 655
============================================================
Took 0:03:39
Results	=> ././3-results.txt
Log	=> ././3-out.txt
