============================================================
Domain:		PST
Dimensions:	12
|S|:		5451776
|A|:		27
|S|x|A|:		147197952
Episode Cap:	1000
Gamma:		0.9
NUM_UAV:		3
============================================================
Representation:		IndependentDiscretizationCompactBinary
Features per action:	52
Binary Dimensions:	[ 6  7  8  9 10 11]
============================================================
Representation:		iFDD
Features per action:	52
Initial Representation:	IndependentDiscretizationCompactBinary
Plus:			1
Sparsify:		1
Cached:			1
Online Threshold:	55.000
Batch Threshold:		55.000
Max Batch Discovery:	20
============================================================
Agent:		SARSA
Policy:		eGreedy
Alpha_0:		0.10
============================================================
Experiment:		OnlineExperiment
Output:			././6-results.txt
Learning Steps:		50000
Performance Checks:	10
Log Intervals:		60(s)
5000 >>> E[0:00:30]-R[0:04:28]: Return=0.00, Steps=1000, Features = 189
10000 >>> E[0:00:57]-R[0:03:48]: Return=0.00, Steps=1000, Features = 218
15000 >>> E[0:01:25]-R[0:03:17]: Return=0.00, Steps=1000, Features = 243
20000 >>> E[0:01:51]-R[0:02:47]: Return=0.00, Steps=1000, Features = 274
25000 >>> E[0:02:17]-R[0:02:17]: Return=0.00, Steps=1000, Features = 289
30000 >>> E[0:02:43]-R[0:01:49]: Return=0.00, Steps=1000, Features = 293
35000 >>> E[0:03:08]-R[0:01:21]: Return=0.00, Steps=1000, Features = 298
40000 >>> E[0:03:34]-R[0:00:53]: Return=0.00, Steps=1000, Features = 303
45000 >>> E[0:04:01]-R[0:00:27]: Return=0.00, Steps=1000, Features = 306
50000 >>> E[0:04:28]-R[0:00:00]: Return=0.00, Steps=1000, Features = 308
============================================================
Took 0:04:28
Results	=> ././6-results.txt
Log	=> ././6-out.txt
