============================================================
Domain:		PST
Dimensions:	12
|S|:		5451776
|A|:		27
|S|x|A|:		147197952
Episode Cap:	1000
Gamma:		0.9
NUM_UAV:		3
============================================================
Representation:		IndependentDiscretizationCompactBinary
Features per action:	52
Binary Dimensions:	[ 6  7  8  9 10 11]
============================================================
Representation:		iFDD
Features per action:	52
Initial Representation:	IndependentDiscretizationCompactBinary
Plus:			1
Sparsify:		1
Cached:			1
Online Threshold:	55.000
Batch Threshold:		55.000
Max Batch Discovery:	20
============================================================
Agent:		SARSA
Policy:		eGreedy
Alpha_0:		0.10
============================================================
Experiment:		OnlineExperiment
Output:			././8-results.txt
Learning Steps:		50000
Performance Checks:	10
Log Intervals:		60(s)
5000 >>> E[0:00:23]-R[0:03:26]: Return=0.00, Steps=1000, Features = 211
10000 >>> E[0:00:46]-R[0:03:02]: Return=0.00, Steps=1000, Features = 242
15000 >>> E[0:01:07]-R[0:02:37]: Return=-54.00, Steps=13, Features = 288
20000 >>> E[0:01:31]-R[0:02:17]: Return=0.00, Steps=1000, Features = 310
25000 >>> E[0:01:54]-R[0:01:54]: Return=0.00, Steps=1000, Features = 352
30000 >>> E[0:02:18]-R[0:01:32]: Return=0.00, Steps=1000, Features = 374
35000 >>> E[0:02:41]-R[0:01:09]: Return=0.00, Steps=1000, Features = 392
40000 >>> E[0:03:04]-R[0:00:46]: Return=0.00, Steps=1000, Features = 407
45000 >>> E[0:03:28]-R[0:00:23]: Return=0.00, Steps=1000, Features = 433
50000 >>> E[0:03:51]-R[0:00:00]: Return=0.00, Steps=1000, Features = 452
============================================================
Took 0:03:51
Results	=> ././8-results.txt
Log	=> ././8-out.txt
