============================================================
Domain:		PST
Dimensions:	12
|S|:		5451776
|A|:		27
|S|x|A|:		147197952
Episode Cap:	1000
Gamma:		0.9
NUM_UAV:		3
============================================================
Representation:		IndependentDiscretizationCompactBinary
Features per action:	52
Binary Dimensions:	[ 6  7  8  9 10 11]
============================================================
Representation:		iFDD
Features per action:	52
Initial Representation:	IndependentDiscretizationCompactBinary
Plus:			1
Sparsify:		1
Cached:			1
Online Threshold:	55.000
Batch Threshold:		55.000
Max Batch Discovery:	20
============================================================
Agent:		SARSA
Policy:		eGreedy
Alpha_0:		0.10
============================================================
Experiment:		OnlineExperiment
Output:			././9-results.txt
Learning Steps:		50000
Performance Checks:	10
Log Intervals:		60(s)
5000 >>> E[0:00:30]-R[0:04:34]: Return=-118.00, Steps=40, Features = 239
10000 >>> E[0:01:04]-R[0:04:17]: Return=0.00, Steps=1000, Features = 312
15000 >>> E[0:01:34]-R[0:03:38]: Return=0.00, Steps=1000, Features = 408
20000 >>> E[0:02:04]-R[0:03:06]: Return=0.00, Steps=1000, Features = 521
25000 >>> E[0:02:35]-R[0:02:35]: Return=0.00, Steps=1000, Features = 615
30000 >>> E[0:03:11]-R[0:02:07]: Return=0.00, Steps=1000, Features = 738
35000 >>> E[0:03:50]-R[0:01:38]: Return=-1.00, Steps=1000, Features = 884
40000 >>> E[0:04:23]-R[0:01:06]: Return=12.00, Steps=10, Features = 973
45000 >>> E[0:05:02]-R[0:00:34]: Return=0.00, Steps=1000, Features = 1054
50000 >>> E[0:05:39]-R[0:00:00]: Return=-48.00, Steps=10, Features = 1102
============================================================
Took 0:05:39
Results	=> ././9-results.txt
Log	=> ././9-out.txt
