000 (13664.000.000) 01/21 04:15:48 Job submitted from host: <128.30.112.18:46685>
...
001 (13664.000.000) 01/21 04:15:51 Job executing on host: <128.30.113.104:34762>
...
006 (13664.000.000) 01/21 04:16:00 Image size of job updated: 203368
	24  -  MemoryUsage of job (MB)
	23840  -  ResidentSetSize of job (KB)
...
006 (13664.000.000) 01/21 04:20:11 Image size of job updated: 252580
	24  -  MemoryUsage of job (MB)
	23840  -  ResidentSetSize of job (KB)
...
005 (13664.000.000) 01/21 04:20:11 Job terminated.
	(1) Normal termination (return value 0)
		Usr 0 00:04:10, Sys 0 00:00:00  -  Run Remote Usage
		Usr 0 00:00:00, Sys 0 00:00:00  -  Run Local Usage
		Usr 0 00:04:10, Sys 0 00:00:00  -  Total Remote Usage
		Usr 0 00:00:00, Sys 0 00:00:00  -  Total Local Usage
	0  -  Run Bytes Sent By Job
	0  -  Run Bytes Received By Job
	0  -  Total Bytes Sent By Job
	0  -  Total Bytes Received By Job
	Partitionable Resources :    Usage  Request          
	   Cpus                 :                 1          
	   Disk (KB)            :     2750     2750          
	   Memory (MB)          :       24       24          
...
