000 (13654.000.000) 01/21 04:15:47 Job submitted from host: <128.30.112.18:46685>
...
001 (13654.000.000) 01/21 04:15:51 Job executing on host: <128.30.66.169:43926>
...
006 (13654.000.000) 01/21 04:15:59 Image size of job updated: 287204
	47  -  MemoryUsage of job (MB)
	47168  -  ResidentSetSize of job (KB)
...
006 (13654.000.000) 01/21 04:19:57 Image size of job updated: 297592
	47  -  MemoryUsage of job (MB)
	47168  -  ResidentSetSize of job (KB)
...
005 (13654.000.000) 01/21 04:19:57 Job terminated.
	(1) Normal termination (return value 0)
		Usr 0 00:04:05, Sys 0 00:00:00  -  Run Remote Usage
		Usr 0 00:00:00, Sys 0 00:00:00  -  Run Local Usage
		Usr 0 00:04:05, Sys 0 00:00:00  -  Total Remote Usage
		Usr 0 00:00:00, Sys 0 00:00:00  -  Total Local Usage
	0  -  Run Bytes Sent By Job
	0  -  Run Bytes Received By Job
	0  -  Total Bytes Sent By Job
	0  -  Total Bytes Received By Job
	Partitionable Resources :    Usage  Request          
	   Cpus                 :                 1          
	   Disk (KB)            :     2750     2750          
	   Memory (MB)          :       47       47          
...
