000 (13657.000.000) 01/21 04:15:47 Job submitted from host: <128.30.112.18:46685>
...
001 (13657.000.000) 01/21 04:15:51 Job executing on host: <128.30.66.164:41719>
...
006 (13657.000.000) 01/21 04:15:59 Image size of job updated: 287692
	47  -  MemoryUsage of job (MB)
	47740  -  ResidentSetSize of job (KB)
...
006 (13657.000.000) 01/21 04:19:51 Image size of job updated: 313304
	47  -  MemoryUsage of job (MB)
	47740  -  ResidentSetSize of job (KB)
...
005 (13657.000.000) 01/21 04:19:51 Job terminated.
	(1) Normal termination (return value 0)
		Usr 0 00:03:54, Sys 0 00:00:00  -  Run Remote Usage
		Usr 0 00:00:00, Sys 0 00:00:00  -  Run Local Usage
		Usr 0 00:03:54, Sys 0 00:00:00  -  Total Remote Usage
		Usr 0 00:00:00, Sys 0 00:00:00  -  Total Local Usage
	0  -  Run Bytes Sent By Job
	0  -  Run Bytes Received By Job
	0  -  Total Bytes Sent By Job
	0  -  Total Bytes Received By Job
	Partitionable Resources :    Usage  Request          
	   Cpus                 :                 1          
	   Disk (KB)            :     2750     2750          
	   Memory (MB)          :       47       47          
...
