============================================================
Domain:		PST
Dimensions:	12
|S|:		5451776
|A|:		27
|S|x|A|:		147197952
Episode Cap:	1000
Gamma:		0.9
NUM_UAV:		3
============================================================
Representation:		IndependentDiscretizationCompactBinary
Features per action:	52
Binary Dimensions:	[ 6  7  8  9 10 11]
============================================================
Agent:		SARSA
Policy:		eGreedy
Alpha_0:		0.10
============================================================
Experiment:		OnlineExperiment
Output:			././5-results.txt
Learning Steps:		50000
Performance Checks:	10
Log Intervals:		60(s)
5000 >>> E[0:00:16]-R[0:02:22]: Return=-78.00, Steps=11, Features = 52
10000 >>> E[0:00:32]-R[0:02:07]: Return=-11.00, Steps=32, Features = 52
15000 >>> E[0:00:48]-R[0:01:51]: Return=-67.00, Steps=10, Features = 52
20000 >>> E[0:01:04]-R[0:01:36]: Return=-51.00, Steps=21, Features = 52
25000 >>> E[0:01:20]-R[0:01:20]: Return=-59.00, Steps=13, Features = 52
30000 >>> E[0:01:36]-R[0:01:04]: Return=-90.00, Steps=26, Features = 52
35000 >>> E[0:01:52]-R[0:00:48]: Return=-51.00, Steps=26, Features = 52
40000 >>> E[0:02:08]-R[0:00:32]: Return=-61.00, Steps=11, Features = 52
45000 >>> E[0:02:23]-R[0:00:16]: Return=-17.00, Steps=10, Features = 52
50000 >>> E[0:02:39]-R[0:00:00]: Return=-91.00, Steps=29, Features = 52
============================================================
Took 0:02:39
Results	=> ././5-results.txt
Log	=> ././5-out.txt
