============================================================
Domain:		PST
Dimensions:	12
|S|:		5451776
|A|:		27
|S|x|A|:		147197952
Episode Cap:	1000
Gamma:		0.9
NUM_UAV:		3
============================================================
Representation:		IndependentDiscretizationCompactBinary
Features per action:	52
Binary Dimensions:	[ 6  7  8  9 10 11]
============================================================
Representation:		iFDD
Features per action:	52
Initial Representation:	IndependentDiscretizationCompactBinary
Plus:			1
Sparsify:		1
Cached:			1
Online Threshold:	35.000
Batch Threshold:		35.000
Max Batch Discovery:	20
============================================================
Agent:		SARSA
Policy:		eGreedy
Alpha_0:		0.10
============================================================
Agent:		RE_LSPI
Policy:		eGreedy
Max LSPI Iterations:	10
Data Size:		20000
Weight Difference tol.:	0.001
Max Representation Expansion Iterations:	20
============================================================
Agent:		RE_LSPI_SARSA
Policy:		eGreedy
============================================================
Experiment:		OnlineExperiment
Output:			././12-results.txt
Learning Steps:		20000
Performance Checks:	1
Log Intervals:		60(s)
8069: E[0:01:00]-R[0:01:29]: Return=-15.00, Steps=10, Features = 2311
14753: E[0:02:00]-R[0:00:43]: Return=51.00, Steps=10, Features = 3362
19345: E[0:03:01]-R[0:00:06]: Return=-76.00, Steps=10, Features = 3985
Representation Expansion iteration #1
-----------------
