============================================================
Domain:		PST
Dimensions:	12
|S|:		5451776
|A|:		27
|S|x|A|:		147197952
Episode Cap:	1000
Gamma:		0.9
NUM_UAV:		3
============================================================
Representation:		IndependentDiscretizationCompactBinary
Features per action:	52
Binary Dimensions:	[ 6  7  8  9 10 11]
============================================================
Representation:		iFDD
Features per action:	52
Initial Representation:	IndependentDiscretizationCompactBinary
Plus:			1
Sparsify:		1
Cached:			1
Online Threshold:	35.000
Batch Threshold:		35.000
Max Batch Discovery:	20
============================================================
Agent:		SARSA
Policy:		eGreedy
Alpha_0:		0.10
============================================================
Agent:		RE_LSPI
Policy:		eGreedy
Max LSPI Iterations:	10
Data Size:		20000
Weight Difference tol.:	0.001
Max Representation Expansion Iterations:	20
============================================================
Agent:		RE_LSPI_SARSA
Policy:		eGreedy
============================================================
Experiment:		OnlineExperiment
Output:			././15-results.txt
Learning Steps:		20000
Performance Checks:	1
Log Intervals:		60(s)
4969: E[0:01:00]-R[0:03:02]: Return=-82.00, Steps=13, Features = 1667
8384: E[0:02:00]-R[0:02:47]: Return=104.00, Steps=12, Features = 2342
11573: E[0:03:00]-R[0:02:11]: Return=4.00, Steps=11, Features = 2902
14315: E[0:04:00]-R[0:01:35]: Return=-23.00, Steps=13, Features = 3309
16660: E[0:05:01]-R[0:01:00]: Return=34.00, Steps=16, Features = 3609
18298: E[0:06:01]-R[0:00:34]: Return=-34.00, Steps=10, Features = 3812
19562: E[0:07:02]-R[0:00:09]: Return=-62.00, Steps=34, Features = 3970
Representation Expansion iteration #1
-----------------
