============================================================
Domain:		PST
Dimensions:	12
|S|:		5451776
|A|:		27
|S|x|A|:		147197952
Episode Cap:	1000
Gamma:		0.9
NUM_UAV:		3
============================================================
Representation:		IndependentDiscretizationCompactBinary
Features per action:	52
Binary Dimensions:	[ 6  7  8  9 10 11]
============================================================
Representation:		iFDD
Features per action:	52
Initial Representation:	IndependentDiscretizationCompactBinary
Plus:			1
Sparsify:		1
Cached:			1
Online Threshold:	35.000
Batch Threshold:		35.000
Max Batch Discovery:	20
============================================================
Agent:		SARSA
Policy:		eGreedy
Alpha_0:		0.10
============================================================
Agent:		RE_LSPI
Policy:		eGreedy
Max LSPI Iterations:	10
Data Size:		20000
Weight Difference tol.:	0.001
Max Representation Expansion Iterations:	20
============================================================
Agent:		RE_LSPI_SARSA
Policy:		eGreedy
============================================================
Experiment:		OnlineExperiment
Output:			././19-results.txt
Learning Steps:		20000
Performance Checks:	1
Log Intervals:		60(s)
8392: E[0:01:00]-R[0:01:23]: Return=-75.00, Steps=10, Features = 2092
14317: E[0:02:00]-R[0:00:48]: Return=-73.00, Steps=12, Features = 3189
19266: E[0:03:00]-R[0:00:07]: Return=69.00, Steps=10, Features = 3917
Representation Expansion iteration #1
-----------------
