============================================================
Domain:		PST
Dimensions:	12
|S|:		5451776
|A|:		27
|S|x|A|:		147197952
Episode Cap:	1000
Gamma:		0.9
NUM_UAV:		3
============================================================
Representation:		IndependentDiscretizationCompactBinary
Features per action:	52
Binary Dimensions:	[ 6  7  8  9 10 11]
============================================================
Representation:		iFDD
Features per action:	52
Initial Representation:	IndependentDiscretizationCompactBinary
Plus:			1
Sparsify:		1
Cached:			1
Online Threshold:	65.000
Batch Threshold:		65.000
Max Batch Discovery:	20
============================================================
Agent:		SARSA
Policy:		eGreedy
Alpha_0:		0.10
============================================================
Experiment:		OnlineExperiment
Output:			././13-results.txt
Learning Steps:		100000
Performance Checks:	10
Log Intervals:		60(s)
10000 >>> E[0:00:38]-R[0:05:46]: Return=-16.00, Steps=14, Features = 210
20000 >>> E[0:01:18]-R[0:05:12]: Return=-76.00, Steps=11, Features = 281
30000 >>> E[0:02:00]-R[0:04:39]: Return=-34.00, Steps=10, Features = 372
40000 >>> E[0:02:43]-R[0:04:04]: Return=29.00, Steps=10, Features = 440
50000 >>> E[0:03:27]-R[0:03:27]: Return=-54.00, Steps=10, Features = 531
60000 >>> E[0:04:13]-R[0:02:49]: Return=32.00, Steps=34, Features = 634
70000 >>> E[0:05:01]-R[0:02:09]: Return=18.00, Steps=33, Features = 719
80000 >>> E[0:05:51]-R[0:01:28]: Return=-50.00, Steps=32, Features = 796
90000 >>> E[0:06:42]-R[0:00:45]: Return=-71.00, Steps=10, Features = 882
100000 >>> E[0:07:37]-R[0:00:00]: Return=-51.00, Steps=10, Features = 991
============================================================
Took 0:07:37
Results	=> ././13-results.txt
Log	=> ././13-out.txt
