============================================================
Domain:		PST
Dimensions:	12
|S|:		5451776
|A|:		27
|S|x|A|:		147197952
Episode Cap:	1000
Gamma:		0.9
NUM_UAV:		3
============================================================
Representation:		IndependentDiscretizationCompactBinary
Features per action:	52
Binary Dimensions:	[ 6  7  8  9 10 11]
============================================================
Representation:		iFDD
Features per action:	52
Initial Representation:	IndependentDiscretizationCompactBinary
Plus:			1
Sparsify:		1
Cached:			1
Online Threshold:	65.000
Batch Threshold:		65.000
Max Batch Discovery:	20
============================================================
Agent:		SARSA
Policy:		eGreedy
Alpha_0:		0.10
============================================================
Experiment:		OnlineExperiment
Output:			././18-results.txt
Learning Steps:		100000
Performance Checks:	10
Log Intervals:		60(s)
10000 >>> E[0:00:42]-R[0:06:17]: Return=-77.00, Steps=12, Features = 241
20000 >>> E[0:01:26]-R[0:05:44]: Return=22.00, Steps=12, Features = 320
30000 >>> E[0:02:12]-R[0:05:08]: Return=-50.00, Steps=13, Features = 415
40000 >>> E[0:03:01]-R[0:04:31]: Return=-58.00, Steps=21, Features = 472
50000 >>> E[0:03:50]-R[0:03:50]: Return=21.00, Steps=25, Features = 542
60000 >>> E[0:04:43]-R[0:03:09]: Return=-4.00, Steps=1000, Features = 647
70000 >>> E[0:05:35]-R[0:02:24]: Return=61.00, Steps=11, Features = 754
80000 >>> E[0:06:30]-R[0:01:37]: Return=154.00, Steps=25, Features = 859
90000 >>> E[0:07:27]-R[0:00:50]: Return=78.00, Steps=21, Features = 947
100000 >>> E[0:08:26]-R[0:00:00]: Return=24.00, Steps=10, Features = 1058
============================================================
Took 0:08:26
Results	=> ././18-results.txt
Log	=> ././18-out.txt
