============================================================
Domain:		PST
Dimensions:	12
|S|:		5451776
|A|:		27
|S|x|A|:		147197952
Episode Cap:	1000
Gamma:		0.9
NUM_UAV:		3
============================================================
Representation:		IndependentDiscretizationCompactBinary
Features per action:	52
Binary Dimensions:	[ 6  7  8  9 10 11]
============================================================
Representation:		iFDD
Features per action:	52
Initial Representation:	IndependentDiscretizationCompactBinary
Plus:			1
Sparsify:		1
Cached:			1
Online Threshold:	65.000
Batch Threshold:		65.000
Max Batch Discovery:	20
============================================================
Agent:		SARSA
Policy:		eGreedy
Alpha_0:		0.10
============================================================
Experiment:		OnlineExperiment
Output:			././3-results.txt
Learning Steps:		100000
Performance Checks:	10
Log Intervals:		60(s)
8518: E[0:01:00]-R[0:10:49]: Return=-99.00, Steps=61, Features = 190
10000 >>> E[0:01:11]-R[0:10:40]: Return=-44.00, Steps=17, Features = 206
18292: E[0:02:11]-R[0:09:47]: Return=-18.00, Steps=51, Features = 253
20000 >>> E[0:02:27]-R[0:09:46]: Return=-8.00, Steps=1000, Features = 265
27796: E[0:03:27]-R[0:08:57]: Return=5.00, Steps=41, Features = 293
30000 >>> E[0:03:47]-R[0:08:49]: Return=0.00, Steps=1000, Features = 306
37218: E[0:04:47]-R[0:08:04]: Return=29.00, Steps=23, Features = 363
40000 >>> E[0:05:12]-R[0:07:48]: Return=8.00, Steps=12, Features = 389
47310: E[0:06:12]-R[0:06:55]: Return=40.00, Steps=14, Features = 468
50000 >>> E[0:06:34]-R[0:06:34]: Return=-12.00, Steps=10, Features = 483
56608: E[0:07:34]-R[0:05:48]: Return=-28.00, Steps=29, Features = 567
60000 >>> E[0:08:06]-R[0:05:24]: Return=-38.00, Steps=10, Features = 609
66789: E[0:09:06]-R[0:04:31]: Return=37.00, Steps=23, Features = 678
70000 >>> E[0:09:34]-R[0:04:06]: Return=-1.00, Steps=13, Features = 698
75021: E[0:10:35]-R[0:03:31]: Return=-56.00, Steps=22, Features = 738
80000 >>> E[0:11:32]-R[0:02:53]: Return=-48.00, Steps=10, Features = 792
85227: E[0:12:32]-R[0:02:10]: Return=-37.00, Steps=10, Features = 853
90000 >>> E[0:13:24]-R[0:01:29]: Return=58.00, Steps=93, Features = 918
95748: E[0:14:24]-R[0:00:38]: Return=48.00, Steps=11, Features = 971
100000 >>> E[0:15:08]-R[0:00:00]: Return=-67.00, Steps=10, Features = 1004
============================================================
Took 0:15:08
Results	=> ././3-results.txt
Log	=> ././3-out.txt
