============================================================
Domain:		PST
Dimensions:	12
|S|:		5451776
|A|:		27
|S|x|A|:		147197952
Episode Cap:	1000
Gamma:		0.9
NUM_UAV:		3
============================================================
Representation:		IndependentDiscretizationCompactBinary
Features per action:	52
Binary Dimensions:	[ 6  7  8  9 10 11]
============================================================
Representation:		iFDD
Features per action:	52
Initial Representation:	IndependentDiscretizationCompactBinary
Plus:			1
Sparsify:		1
Cached:			1
Online Threshold:	65.000
Batch Threshold:		65.000
Max Batch Discovery:	20
============================================================
Agent:		SARSA
Policy:		eGreedy
Alpha_0:		0.10
============================================================
Experiment:		OnlineExperiment
Output:			././7-results.txt
Learning Steps:		100000
Performance Checks:	10
Log Intervals:		60(s)
10000 >>> E[0:00:41]-R[0:06:09]: Return=-13.00, Steps=10, Features = 182
20000 >>> E[0:01:24]-R[0:05:36]: Return=-74.00, Steps=12, Features = 234
30000 >>> E[0:02:08]-R[0:04:58]: Return=-105.00, Steps=58, Features = 272
40000 >>> E[0:02:52]-R[0:04:18]: Return=-76.00, Steps=11, Features = 335
50000 >>> E[0:03:39]-R[0:03:39]: Return=-17.00, Steps=34, Features = 428
60000 >>> E[0:04:27]-R[0:02:58]: Return=-26.00, Steps=19, Features = 513
70000 >>> E[0:05:16]-R[0:02:15]: Return=16.00, Steps=16, Features = 587
80000 >>> E[0:06:07]-R[0:01:32]: Return=-44.00, Steps=16, Features = 660
90000 >>> E[0:07:00]-R[0:00:47]: Return=157.00, Steps=65, Features = 732
100000 >>> E[0:07:54]-R[0:00:00]: Return=65.00, Steps=10, Features = 817
============================================================
Took 0:07:54
Results	=> ././7-results.txt
Log	=> ././7-out.txt
