000 (14799.000.000) 01/22 19:10:08 Job submitted from host: <128.30.112.18:46685>
...
001 (14799.000.000) 01/22 19:10:29 Job executing on host: <128.30.66.166:36393>
...
006 (14799.000.000) 01/22 19:10:38 Image size of job updated: 279004
	41  -  MemoryUsage of job (MB)
	41156  -  ResidentSetSize of job (KB)
...
006 (14799.000.000) 01/22 19:15:39 Image size of job updated: 315472
	72  -  MemoryUsage of job (MB)
	73152  -  ResidentSetSize of job (KB)
...
006 (14799.000.000) 01/22 19:20:40 Image size of job updated: 962184
	629  -  MemoryUsage of job (MB)
	643356  -  ResidentSetSize of job (KB)
...
006 (14799.000.000) 01/22 19:30:40 Image size of job updated: 962184
	647  -  MemoryUsage of job (MB)
	661888  -  ResidentSetSize of job (KB)
...
006 (14799.000.000) 01/22 19:40:42 Image size of job updated: 962184
	653  -  MemoryUsage of job (MB)
	668196  -  ResidentSetSize of job (KB)
...
006 (14799.000.000) 01/22 19:45:42 Image size of job updated: 981360
	725  -  MemoryUsage of job (MB)
	741988  -  ResidentSetSize of job (KB)
...
006 (14799.000.000) 01/22 20:00:43 Image size of job updated: 1115876
	779  -  MemoryUsage of job (MB)
	797436  -  ResidentSetSize of job (KB)
...
006 (14799.000.000) 01/22 20:05:43 Image size of job updated: 1115876
	847  -  MemoryUsage of job (MB)
	867068  -  ResidentSetSize of job (KB)
...
006 (14799.000.000) 01/22 20:30:47 Image size of job updated: 1115876
	856  -  MemoryUsage of job (MB)
	876296  -  ResidentSetSize of job (KB)
...
