000 (14810.000.000) 01/22 19:10:09 Job submitted from host: <128.30.112.18:46685>
...
001 (14810.000.000) 01/22 19:10:29 Job executing on host: <128.30.66.167:50426>
...
006 (14810.000.000) 01/22 19:10:37 Image size of job updated: 285816
	45  -  MemoryUsage of job (MB)
	46068  -  ResidentSetSize of job (KB)
...
006 (14810.000.000) 01/22 19:15:38 Image size of job updated: 320352
	79  -  MemoryUsage of job (MB)
	80756  -  ResidentSetSize of job (KB)
...
006 (14810.000.000) 01/22 19:20:39 Image size of job updated: 967060
	521  -  MemoryUsage of job (MB)
	532932  -  ResidentSetSize of job (KB)
...
006 (14810.000.000) 01/22 19:25:39 Image size of job updated: 967060
	655  -  MemoryUsage of job (MB)
	670340  -  ResidentSetSize of job (KB)
...
006 (14810.000.000) 01/22 19:30:39 Image size of job updated: 967060
	691  -  MemoryUsage of job (MB)
	707220  -  ResidentSetSize of job (KB)
...
006 (14810.000.000) 01/22 19:40:41 Image size of job updated: 986232
	730  -  MemoryUsage of job (MB)
	746668  -  ResidentSetSize of job (KB)
...
006 (14810.000.000) 01/22 19:45:41 Image size of job updated: 1139624
	768  -  MemoryUsage of job (MB)
	785584  -  ResidentSetSize of job (KB)
...
006 (14810.000.000) 01/22 19:55:42 Image size of job updated: 1139624
	862  -  MemoryUsage of job (MB)
	882064  -  ResidentSetSize of job (KB)
...
006 (14810.000.000) 01/22 20:00:42 Image size of job updated: 1139624
	879  -  MemoryUsage of job (MB)
	900044  -  ResidentSetSize of job (KB)
...
006 (14810.000.000) 01/22 20:40:46 Image size of job updated: 1139624
	879  -  MemoryUsage of job (MB)
	900048  -  ResidentSetSize of job (KB)
...
005 (14810.000.000) 01/22 23:17:49 Job terminated.
	(0) Abnormal termination (signal 9)
	(0) No core file
		Usr 0 02:49:12, Sys 0 01:17:12  -  Run Remote Usage
		Usr 0 00:00:00, Sys 0 00:00:00  -  Run Local Usage
		Usr 0 02:49:12, Sys 0 01:17:12  -  Total Remote Usage
		Usr 0 00:00:00, Sys 0 00:00:00  -  Total Local Usage
	0  -  Run Bytes Sent By Job
	0  -  Run Bytes Received By Job
	0  -  Total Bytes Sent By Job
	0  -  Total Bytes Received By Job
	Partitionable Resources :    Usage  Request          
	   Cpus                 :                 1          
	   Disk (KB)            :     2750     2750          
	   Memory (MB)          :      879      879          
...
