000 (14811.000.000) 01/22 19:10:09 Job submitted from host: <128.30.112.18:46685>
...
001 (14811.000.000) 01/22 19:10:29 Job executing on host: <128.30.66.163:58460>
...
006 (14811.000.000) 01/22 19:10:38 Image size of job updated: 286200
	46  -  MemoryUsage of job (MB)
	46304  -  ResidentSetSize of job (KB)
...
006 (14811.000.000) 01/22 19:15:39 Image size of job updated: 315468
	51  -  MemoryUsage of job (MB)
	51404  -  ResidentSetSize of job (KB)
...
006 (14811.000.000) 01/22 19:20:40 Image size of job updated: 353052
	111  -  MemoryUsage of job (MB)
	113600  -  ResidentSetSize of job (KB)
...
006 (14811.000.000) 01/22 19:35:41 Image size of job updated: 789220
	358  -  MemoryUsage of job (MB)
	366320  -  ResidentSetSize of job (KB)
...
006 (14811.000.000) 01/22 19:40:41 Image size of job updated: 789220
	513  -  MemoryUsage of job (MB)
	524416  -  ResidentSetSize of job (KB)
...
006 (14811.000.000) 01/22 19:50:42 Image size of job updated: 801964
	550  -  MemoryUsage of job (MB)
	562448  -  ResidentSetSize of job (KB)
...
006 (14811.000.000) 01/22 19:55:43 Image size of job updated: 903892
	550  -  MemoryUsage of job (MB)
	562448  -  ResidentSetSize of job (KB)
...
006 (14811.000.000) 01/22 20:00:43 Image size of job updated: 903892
	645  -  MemoryUsage of job (MB)
	659652  -  ResidentSetSize of job (KB)
...
006 (14811.000.000) 01/22 20:10:44 Image size of job updated: 903892
	649  -  MemoryUsage of job (MB)
	664528  -  ResidentSetSize of job (KB)
...
