000 (14813.000.000) 01/22 19:10:09 Job submitted from host: <128.30.112.18:46685>
...
001 (14813.000.000) 01/22 19:10:29 Job executing on host: <128.30.66.166:36393>
...
006 (14813.000.000) 01/22 19:10:38 Image size of job updated: 181744
	34  -  MemoryUsage of job (MB)
	33952  -  ResidentSetSize of job (KB)
...
006 (14813.000.000) 01/22 19:15:39 Image size of job updated: 315400
	74  -  MemoryUsage of job (MB)
	75760  -  ResidentSetSize of job (KB)
...
006 (14813.000.000) 01/22 19:20:39 Image size of job updated: 962116
	651  -  MemoryUsage of job (MB)
	665756  -  ResidentSetSize of job (KB)
...
006 (14813.000.000) 01/22 19:25:39 Image size of job updated: 962116
	705  -  MemoryUsage of job (MB)
	721548  -  ResidentSetSize of job (KB)
...
006 (14813.000.000) 01/22 19:50:42 Image size of job updated: 981288
	725  -  MemoryUsage of job (MB)
	741860  -  ResidentSetSize of job (KB)
...
006 (14813.000.000) 01/22 20:05:44 Image size of job updated: 1115804
	725  -  MemoryUsage of job (MB)
	741860  -  ResidentSetSize of job (KB)
...
006 (14813.000.000) 01/22 20:10:44 Image size of job updated: 1115804
	741  -  MemoryUsage of job (MB)
	758124  -  ResidentSetSize of job (KB)
...
006 (14813.000.000) 01/22 20:30:46 Image size of job updated: 1115804
	787  -  MemoryUsage of job (MB)
	804980  -  ResidentSetSize of job (KB)
...
006 (14813.000.000) 01/22 20:35:47 Image size of job updated: 1115804
	856  -  MemoryUsage of job (MB)
	876428  -  ResidentSetSize of job (KB)
...
