000 (14815.000.000) 01/22 19:10:09 Job submitted from host: <128.30.112.18:46685>
...
001 (14815.000.000) 01/22 19:10:29 Job executing on host: <128.30.66.165:41096>
...
006 (14815.000.000) 01/22 19:10:38 Image size of job updated: 285976
	45  -  MemoryUsage of job (MB)
	46028  -  ResidentSetSize of job (KB)
...
006 (14815.000.000) 01/22 19:15:39 Image size of job updated: 713900
	443  -  MemoryUsage of job (MB)
	452844  -  ResidentSetSize of job (KB)
...
006 (14815.000.000) 01/22 19:35:41 Image size of job updated: 724652
	474  -  MemoryUsage of job (MB)
	485256  -  ResidentSetSize of job (KB)
...
006 (14815.000.000) 01/22 19:45:41 Image size of job updated: 791788
	495  -  MemoryUsage of job (MB)
	506056  -  ResidentSetSize of job (KB)
...
006 (14815.000.000) 01/22 20:00:42 Image size of job updated: 791788
	540  -  MemoryUsage of job (MB)
	552268  -  ResidentSetSize of job (KB)
...
