000 (14816.000.000) 01/22 19:10:09 Job submitted from host: <128.30.112.18:46685>
...
001 (14816.000.000) 01/22 19:10:29 Job executing on host: <128.30.66.167:50426>
...
006 (14816.000.000) 01/22 19:10:38 Image size of job updated: 286112
	46  -  MemoryUsage of job (MB)
	46088  -  ResidentSetSize of job (KB)
...
006 (14816.000.000) 01/22 19:15:39 Image size of job updated: 961152
	564  -  MemoryUsage of job (MB)
	576728  -  ResidentSetSize of job (KB)
...
006 (14816.000.000) 01/22 19:20:39 Image size of job updated: 961152
	624  -  MemoryUsage of job (MB)
	638168  -  ResidentSetSize of job (KB)
...
006 (14816.000.000) 01/22 19:35:41 Image size of job updated: 981404
	725  -  MemoryUsage of job (MB)
	741940  -  ResidentSetSize of job (KB)
...
006 (14816.000.000) 01/22 19:45:41 Image size of job updated: 1115920
	775  -  MemoryUsage of job (MB)
	792808  -  ResidentSetSize of job (KB)
...
006 (14816.000.000) 01/22 19:55:42 Image size of job updated: 1115920
	841  -  MemoryUsage of job (MB)
	860428  -  ResidentSetSize of job (KB)
...
006 (14816.000.000) 01/22 20:00:42 Image size of job updated: 1115920
	856  -  MemoryUsage of job (MB)
	876544  -  ResidentSetSize of job (KB)
...
005 (14816.000.000) 01/22 23:17:49 Job terminated.
	(0) Abnormal termination (signal 9)
	(0) No core file
		Usr 0 02:57:53, Sys 0 01:08:31  -  Run Remote Usage
		Usr 0 00:00:00, Sys 0 00:00:00  -  Run Local Usage
		Usr 0 02:57:53, Sys 0 01:08:31  -  Total Remote Usage
		Usr 0 00:00:00, Sys 0 00:00:00  -  Total Local Usage
	0  -  Run Bytes Sent By Job
	0  -  Run Bytes Received By Job
	0  -  Total Bytes Sent By Job
	0  -  Total Bytes Received By Job
	Partitionable Resources :    Usage  Request          
	   Cpus                 :                 1          
	   Disk (KB)            :     2750     2750          
	   Memory (MB)          :      856      856          
...
