000 (14800.000.000) 01/22 19:10:08 Job submitted from host: <128.30.112.18:46685>
...
001 (14800.000.000) 01/22 19:10:29 Job executing on host: <128.30.66.164:41719>
...
006 (14800.000.000) 01/22 19:10:38 Image size of job updated: 286852
	46  -  MemoryUsage of job (MB)
	46756  -  ResidentSetSize of job (KB)
...
006 (14800.000.000) 01/22 19:15:39 Image size of job updated: 963816
	409  -  MemoryUsage of job (MB)
	417836  -  ResidentSetSize of job (KB)
...
006 (14800.000.000) 01/22 19:20:39 Image size of job updated: 963816
	567  -  MemoryUsage of job (MB)
	579920  -  ResidentSetSize of job (KB)
...
006 (14800.000.000) 01/22 19:25:39 Image size of job updated: 963816
	577  -  MemoryUsage of job (MB)
	590160  -  ResidentSetSize of job (KB)
...
006 (14800.000.000) 01/22 19:30:40 Image size of job updated: 963816
	645  -  MemoryUsage of job (MB)
	660024  -  ResidentSetSize of job (KB)
...
006 (14800.000.000) 01/22 19:50:42 Image size of job updated: 982988
	727  -  MemoryUsage of job (MB)
	743560  -  ResidentSetSize of job (KB)
...
006 (14800.000.000) 01/22 20:00:43 Image size of job updated: 1117504
	733  -  MemoryUsage of job (MB)
	750128  -  ResidentSetSize of job (KB)
...
006 (14800.000.000) 01/22 20:30:46 Image size of job updated: 1117504
	858  -  MemoryUsage of job (MB)
	878128  -  ResidentSetSize of job (KB)
...
