000 (14818.000.000) 01/22 19:10:09 Job submitted from host: <128.30.112.18:46685>
...
001 (14818.000.000) 01/22 19:10:29 Job executing on host: <128.30.108.62:37495>
...
006 (14818.000.000) 01/22 19:10:38 Image size of job updated: 142608
	17  -  MemoryUsage of job (MB)
	16764  -  ResidentSetSize of job (KB)
...
006 (14818.000.000) 01/22 19:11:38 Image size of job updated: 223020
	17  -  MemoryUsage of job (MB)
	16764  -  ResidentSetSize of job (KB)
...
005 (14818.000.000) 01/22 19:11:38 Job terminated.
	(1) Normal termination (return value 1)
		Usr 0 00:00:52, Sys 0 00:00:07  -  Run Remote Usage
		Usr 0 00:00:00, Sys 0 00:00:00  -  Run Local Usage
		Usr 0 00:00:52, Sys 0 00:00:07  -  Total Remote Usage
		Usr 0 00:00:00, Sys 0 00:00:00  -  Total Local Usage
	0  -  Run Bytes Sent By Job
	0  -  Run Bytes Received By Job
	0  -  Total Bytes Sent By Job
	0  -  Total Bytes Received By Job
	Partitionable Resources :    Usage  Request          
	   Cpus                 :                 1          
	   Disk (KB)            :     2750     2750          
	   Memory (MB)          :       17       17          
...
