000 (14801.000.000) 01/22 19:10:08 Job submitted from host: <128.30.112.18:46685>
...
001 (14801.000.000) 01/22 19:10:29 Job executing on host: <128.30.66.165:41096>
...
006 (14801.000.000) 01/22 19:10:37 Image size of job updated: 286188
	46  -  MemoryUsage of job (MB)
	46388  -  ResidentSetSize of job (KB)
...
006 (14801.000.000) 01/22 19:15:37 Image size of job updated: 963784
	689  -  MemoryUsage of job (MB)
	705344  -  ResidentSetSize of job (KB)
...
006 (14801.000.000) 01/22 19:20:38 Image size of job updated: 963784
	699  -  MemoryUsage of job (MB)
	715376  -  ResidentSetSize of job (KB)
...
006 (14801.000.000) 01/22 19:50:41 Image size of job updated: 982956
	727  -  MemoryUsage of job (MB)
	743528  -  ResidentSetSize of job (KB)
...
006 (14801.000.000) 01/22 20:05:42 Image size of job updated: 1117472
	727  -  MemoryUsage of job (MB)
	743528  -  ResidentSetSize of job (KB)
...
006 (14801.000.000) 01/22 20:10:43 Image size of job updated: 1117472
	829  -  MemoryUsage of job (MB)
	848872  -  ResidentSetSize of job (KB)
...
006 (14801.000.000) 01/22 20:25:45 Image size of job updated: 1117472
	839  -  MemoryUsage of job (MB)
	859112  -  ResidentSetSize of job (KB)
...
006 (14801.000.000) 01/22 20:40:46 Image size of job updated: 1117472
	858  -  MemoryUsage of job (MB)
	878096  -  ResidentSetSize of job (KB)
...
