000 (14802.000.000) 01/22 19:10:08 Job submitted from host: <128.30.112.18:46685>
...
001 (14802.000.000) 01/22 19:10:29 Job executing on host: <128.30.66.163:58460>
...
006 (14802.000.000) 01/22 19:10:37 Image size of job updated: 286424
	46  -  MemoryUsage of job (MB)
	46616  -  ResidentSetSize of job (KB)
...
006 (14802.000.000) 01/22 19:15:37 Image size of job updated: 664456
	329  -  MemoryUsage of job (MB)
	336188  -  ResidentSetSize of job (KB)
...
006 (14802.000.000) 01/22 19:20:37 Image size of job updated: 764028
	397  -  MemoryUsage of job (MB)
	405820  -  ResidentSetSize of job (KB)
...
006 (14802.000.000) 01/22 19:30:38 Image size of job updated: 776476
	525  -  MemoryUsage of job (MB)
	536948  -  ResidentSetSize of job (KB)
...
006 (14802.000.000) 01/22 19:40:39 Image size of job updated: 857172
	525  -  MemoryUsage of job (MB)
	536948  -  ResidentSetSize of job (KB)
...
006 (14802.000.000) 01/22 19:55:41 Image size of job updated: 857172
	604  -  MemoryUsage of job (MB)
	617828  -  ResidentSetSize of job (KB)
...
006 (14802.000.000) 01/23 00:06:08 Image size of job updated: 858532
	604  -  MemoryUsage of job (MB)
	617828  -  ResidentSetSize of job (KB)
...
006 (14802.000.000) 01/23 00:21:09 Image size of job updated: 858532
	605  -  MemoryUsage of job (MB)
	619060  -  ResidentSetSize of job (KB)
...
006 (14802.000.000) 01/23 00:41:12 Image size of job updated: 858532
	605  -  MemoryUsage of job (MB)
	619136  -  ResidentSetSize of job (KB)
...
006 (14802.000.000) 01/23 01:26:16 Image size of job updated: 858532
	605  -  MemoryUsage of job (MB)
	619184  -  ResidentSetSize of job (KB)
...
006 (14802.000.000) 01/23 02:06:20 Image size of job updated: 858672
	605  -  MemoryUsage of job (MB)
	619184  -  ResidentSetSize of job (KB)
...
006 (14802.000.000) 01/23 02:31:24 Image size of job updated: 858672
	605  -  MemoryUsage of job (MB)
	619200  -  ResidentSetSize of job (KB)
...
