000 (14803.000.000) 01/22 19:10:08 Job submitted from host: <128.30.112.18:46685>
...
001 (14803.000.000) 01/22 19:10:29 Job executing on host: <128.30.66.167:50426>
...
006 (14803.000.000) 01/22 19:10:37 Image size of job updated: 286460
	46  -  MemoryUsage of job (MB)
	46528  -  ResidentSetSize of job (KB)
...
006 (14803.000.000) 01/22 19:15:37 Image size of job updated: 961084
	625  -  MemoryUsage of job (MB)
	639612  -  ResidentSetSize of job (KB)
...
006 (14803.000.000) 01/22 19:20:37 Image size of job updated: 961084
	649  -  MemoryUsage of job (MB)
	664188  -  ResidentSetSize of job (KB)
...
006 (14803.000.000) 01/22 19:30:39 Image size of job updated: 961084
	697  -  MemoryUsage of job (MB)
	713340  -  ResidentSetSize of job (KB)
...
006 (14803.000.000) 01/22 19:40:40 Image size of job updated: 981284
	725  -  MemoryUsage of job (MB)
	741808  -  ResidentSetSize of job (KB)
...
006 (14803.000.000) 01/22 19:50:41 Image size of job updated: 1115800
	725  -  MemoryUsage of job (MB)
	741808  -  ResidentSetSize of job (KB)
...
006 (14803.000.000) 01/22 20:05:43 Image size of job updated: 1115800
	856  -  MemoryUsage of job (MB)
	876424  -  ResidentSetSize of job (KB)
...
005 (14803.000.000) 01/22 23:17:49 Job terminated.
	(0) Abnormal termination (signal 9)
	(0) No core file
		Usr 0 02:57:04, Sys 0 01:09:21  -  Run Remote Usage
		Usr 0 00:00:00, Sys 0 00:00:00  -  Run Local Usage
		Usr 0 02:57:04, Sys 0 01:09:21  -  Total Remote Usage
		Usr 0 00:00:00, Sys 0 00:00:00  -  Total Local Usage
	0  -  Run Bytes Sent By Job
	0  -  Run Bytes Received By Job
	0  -  Total Bytes Sent By Job
	0  -  Total Bytes Received By Job
	Partitionable Resources :    Usage  Request          
	   Cpus                 :                 1          
	   Disk (KB)            :     2750     2750          
	   Memory (MB)          :      856      856          
...
