000 (14807.000.000) 01/22 19:10:08 Job submitted from host: <128.30.112.18:46685>
...
001 (14807.000.000) 01/22 19:10:28 Job executing on host: <128.30.108.59:58117>
...
006 (14807.000.000) 01/22 19:10:37 Image size of job updated: 93428
	13  -  MemoryUsage of job (MB)
	12940  -  ResidentSetSize of job (KB)
...
006 (14807.000.000) 01/22 19:11:42 Image size of job updated: 223020
	13  -  MemoryUsage of job (MB)
	12940  -  ResidentSetSize of job (KB)
...
005 (14807.000.000) 01/22 19:11:42 Job terminated.
	(1) Normal termination (return value 1)
		Usr 0 00:01:08, Sys 0 00:00:03  -  Run Remote Usage
		Usr 0 00:00:00, Sys 0 00:00:00  -  Run Local Usage
		Usr 0 00:01:08, Sys 0 00:00:03  -  Total Remote Usage
		Usr 0 00:00:00, Sys 0 00:00:00  -  Total Local Usage
	0  -  Run Bytes Sent By Job
	0  -  Run Bytes Received By Job
	0  -  Total Bytes Sent By Job
	0  -  Total Bytes Received By Job
	Partitionable Resources :    Usage  Request          
	   Cpus                 :                 1          
	   Disk (KB)            :     2750     2750          
	   Memory (MB)          :       13       13          
...
