000 (13723.000.000) 01/21 04:33:26 Job submitted from host: <128.30.112.18:46685>
...
001 (13723.000.000) 01/21 04:33:29 Job executing on host: <128.30.66.166:36393>
...
006 (13723.000.000) 01/21 04:33:37 Image size of job updated: 288008
	48  -  MemoryUsage of job (MB)
	48212  -  ResidentSetSize of job (KB)
...
006 (13723.000.000) 01/21 04:38:37 Image size of job updated: 367560
	125  -  MemoryUsage of job (MB)
	127752  -  ResidentSetSize of job (KB)
...
006 (13723.000.000) 01/21 04:41:54 Image size of job updated: 384932
	125  -  MemoryUsage of job (MB)
	127752  -  ResidentSetSize of job (KB)
...
005 (13723.000.000) 01/21 04:41:54 Job terminated.
	(1) Normal termination (return value 0)
		Usr 0 00:08:19, Sys 0 00:00:04  -  Run Remote Usage
		Usr 0 00:00:00, Sys 0 00:00:00  -  Run Local Usage
		Usr 0 00:08:19, Sys 0 00:00:04  -  Total Remote Usage
		Usr 0 00:00:00, Sys 0 00:00:00  -  Total Local Usage
	0  -  Run Bytes Sent By Job
	0  -  Run Bytes Received By Job
	0  -  Total Bytes Sent By Job
	0  -  Total Bytes Received By Job
	Partitionable Resources :    Usage  Request          
	   Cpus                 :                 1          
	   Disk (KB)            :     2750     2750          
	   Memory (MB)          :      125      125          
...
