000 (13727.000.000) 01/21 04:33:27 Job submitted from host: <128.30.112.18:46685>
...
001 (13727.000.000) 01/21 04:33:49 Job executing on host: <128.30.66.166:36393>
...
006 (13727.000.000) 01/21 04:33:58 Image size of job updated: 288204
	48  -  MemoryUsage of job (MB)
	48476  -  ResidentSetSize of job (KB)
...
006 (13727.000.000) 01/21 04:38:59 Image size of job updated: 362512
	119  -  MemoryUsage of job (MB)
	121788  -  ResidentSetSize of job (KB)
...
006 (13727.000.000) 01/21 04:41:58 Image size of job updated: 382544
	119  -  MemoryUsage of job (MB)
	121788  -  ResidentSetSize of job (KB)
...
005 (13727.000.000) 01/21 04:41:58 Job terminated.
	(1) Normal termination (return value 0)
		Usr 0 00:08:00, Sys 0 00:00:03  -  Run Remote Usage
		Usr 0 00:00:00, Sys 0 00:00:00  -  Run Local Usage
		Usr 0 00:08:00, Sys 0 00:00:03  -  Total Remote Usage
		Usr 0 00:00:00, Sys 0 00:00:00  -  Total Local Usage
	0  -  Run Bytes Sent By Job
	0  -  Run Bytes Received By Job
	0  -  Total Bytes Sent By Job
	0  -  Total Bytes Received By Job
	Partitionable Resources :    Usage  Request          
	   Cpus                 :                 1          
	   Disk (KB)            :     2750     2750          
	   Memory (MB)          :      119      119          
...
