000 (13714.000.000) 01/21 04:33:25 Job submitted from host: <128.30.112.18:46685>
...
001 (13714.000.000) 01/21 04:33:28 Job executing on host: <128.30.66.164:41719>
...
006 (13714.000.000) 01/21 04:33:36 Image size of job updated: 292448
	52  -  MemoryUsage of job (MB)
	52460  -  ResidentSetSize of job (KB)
...
006 (13714.000.000) 01/21 04:38:36 Image size of job updated: 373388
	131  -  MemoryUsage of job (MB)
	133576  -  ResidentSetSize of job (KB)
...
006 (13714.000.000) 01/21 04:40:41 Image size of job updated: 394724
	131  -  MemoryUsage of job (MB)
	133576  -  ResidentSetSize of job (KB)
...
005 (13714.000.000) 01/21 04:40:41 Job terminated.
	(1) Normal termination (return value 0)
		Usr 0 00:07:02, Sys 0 00:00:03  -  Run Remote Usage
		Usr 0 00:00:00, Sys 0 00:00:00  -  Run Local Usage
		Usr 0 00:07:02, Sys 0 00:00:03  -  Total Remote Usage
		Usr 0 00:00:00, Sys 0 00:00:00  -  Total Local Usage
	0  -  Run Bytes Sent By Job
	0  -  Run Bytes Received By Job
	0  -  Total Bytes Sent By Job
	0  -  Total Bytes Received By Job
	Partitionable Resources :    Usage  Request          
	   Cpus                 :                 1          
	   Disk (KB)            :     2750     2750          
	   Memory (MB)          :      131      131          
...
