000 (13564.000.000) 01/20 19:54:14 Job submitted from host: <128.30.112.18:46685>
...
001 (13564.000.000) 01/20 19:54:15 Job executing on host: <128.30.66.165:41096>
...
006 (13564.000.000) 01/20 19:54:23 Image size of job updated: 283848
	44  -  MemoryUsage of job (MB)
	44044  -  ResidentSetSize of job (KB)
...
005 (13564.000.000) 01/20 19:56:57 Job terminated.
	(1) Normal termination (return value 0)
		Usr 0 00:02:38, Sys 0 00:00:00  -  Run Remote Usage
		Usr 0 00:00:00, Sys 0 00:00:00  -  Run Local Usage
		Usr 0 00:02:38, Sys 0 00:00:00  -  Total Remote Usage
		Usr 0 00:00:00, Sys 0 00:00:00  -  Total Local Usage
	0  -  Run Bytes Sent By Job
	0  -  Run Bytes Received By Job
	0  -  Total Bytes Sent By Job
	0  -  Total Bytes Received By Job
	Partitionable Resources :    Usage  Request          
	   Cpus                 :                 1          
	   Disk (KB)            :     2750     2750          
	   Memory (MB)          :       44       44          
...
