000 (13241.000.000) 01/18 14:58:51 Job submitted from host: <128.30.112.18:46685>
...
001 (13241.000.000) 01/18 14:58:54 Job executing on host: <128.30.66.167:45266>
...
006 (13241.000.000) 01/18 14:58:54 Image size of job updated: 91692
	0  -  MemoryUsage of job (MB)
	0  -  ResidentSetSize of job (KB)
...
005 (13241.000.000) 01/18 14:58:54 Job terminated.
	(1) Normal termination (return value 1)
		Usr 0 00:00:00, Sys 0 00:00:00  -  Run Remote Usage
		Usr 0 00:00:00, Sys 0 00:00:00  -  Run Local Usage
		Usr 0 00:00:00, Sys 0 00:00:00  -  Total Remote Usage
		Usr 0 00:00:00, Sys 0 00:00:00  -  Total Local Usage
	0  -  Run Bytes Sent By Job
	0  -  Run Bytes Received By Job
	0  -  Total Bytes Sent By Job
	0  -  Total Bytes Received By Job
	Partitionable Resources :    Usage  Request          
	   Cpus                 :                 1          
	   Disk (KB)            :     2750     2750          
	   Memory (MB)          :        0        0          
...
000 (13376.000.000) 01/18 15:25:37 Job submitted from host: <128.30.112.18:46685>
...
001 (13376.000.000) 01/18 15:25:49 Job executing on host: <128.30.66.163:58460>
...
006 (13376.000.000) 01/18 15:25:57 Image size of job updated: 291000
	51  -  MemoryUsage of job (MB)
	51308  -  ResidentSetSize of job (KB)
...
006 (13376.000.000) 01/18 15:30:57 Image size of job updated: 382092
	140  -  MemoryUsage of job (MB)
	142424  -  ResidentSetSize of job (KB)
...
006 (13376.000.000) 01/18 15:35:58 Image size of job updated: 542132
	296  -  MemoryUsage of job (MB)
	302676  -  ResidentSetSize of job (KB)
...
005 (13376.000.000) 01/18 16:07:39 Job terminated.
	(1) Normal termination (return value 0)
		Usr 0 00:33:52, Sys 0 00:07:37  -  Run Remote Usage
		Usr 0 00:00:00, Sys 0 00:00:00  -  Run Local Usage
		Usr 0 00:33:52, Sys 0 00:07:37  -  Total Remote Usage
		Usr 0 00:00:00, Sys 0 00:00:00  -  Total Local Usage
	0  -  Run Bytes Sent By Job
	0  -  Run Bytes Received By Job
	0  -  Total Bytes Sent By Job
	0  -  Total Bytes Received By Job
	Partitionable Resources :    Usage  Request          
	   Cpus                 :                 1          
	   Disk (KB)            :     2750     2750          
	   Memory (MB)          :      296      296          
...
