000 (13251.000.000) 01/18 14:58:52 Job submitted from host: <128.30.112.18:46685>
...
001 (13251.000.000) 01/18 14:58:54 Job executing on host: <128.30.66.165:41096>
...
006 (13251.000.000) 01/18 14:58:54 Image size of job updated: 88924
	0  -  MemoryUsage of job (MB)
	0  -  ResidentSetSize of job (KB)
...
005 (13251.000.000) 01/18 14:58:55 Job terminated.
	(1) Normal termination (return value 1)
		Usr 0 00:00:00, Sys 0 00:00:00  -  Run Remote Usage
		Usr 0 00:00:00, Sys 0 00:00:00  -  Run Local Usage
		Usr 0 00:00:00, Sys 0 00:00:00  -  Total Remote Usage
		Usr 0 00:00:00, Sys 0 00:00:00  -  Total Local Usage
	0  -  Run Bytes Sent By Job
	0  -  Run Bytes Received By Job
	0  -  Total Bytes Sent By Job
	0  -  Total Bytes Received By Job
	Partitionable Resources :    Usage  Request          
	   Cpus                 :                 1          
	   Disk (KB)            :     2750     2750          
	   Memory (MB)          :        0        0          
...
000 (13386.000.000) 01/18 15:25:38 Job submitted from host: <128.30.112.18:46685>
...
001 (13386.000.000) 01/18 15:25:49 Job executing on host: <128.30.108.62:37495>
...
006 (13386.000.000) 01/18 15:25:58 Image size of job updated: 194276
	29  -  MemoryUsage of job (MB)
	29664  -  ResidentSetSize of job (KB)
...
006 (13386.000.000) 01/18 15:30:18 Image size of job updated: 290564
	29  -  MemoryUsage of job (MB)
	29664  -  ResidentSetSize of job (KB)
...
005 (13386.000.000) 01/18 15:30:18 Job terminated.
	(1) Normal termination (return value 1)
		Usr 0 00:04:12, Sys 0 00:00:14  -  Run Remote Usage
		Usr 0 00:00:00, Sys 0 00:00:00  -  Run Local Usage
		Usr 0 00:04:12, Sys 0 00:00:14  -  Total Remote Usage
		Usr 0 00:00:00, Sys 0 00:00:00  -  Total Local Usage
	0  -  Run Bytes Sent By Job
	0  -  Run Bytes Received By Job
	0  -  Total Bytes Sent By Job
	0  -  Total Bytes Received By Job
	Partitionable Resources :    Usage  Request          
	   Cpus                 :                 1          
	   Disk (KB)            :     2750     2750          
	   Memory (MB)          :       29       29          
...
000 (13469.000.000) 01/20 18:42:56 Job submitted from host: <128.30.112.18:46685>
...
001 (13469.000.000) 01/20 18:43:04 Job executing on host: <128.30.66.166:36393>
...
006 (13469.000.000) 01/20 18:43:13 Image size of job updated: 292000
	51  -  MemoryUsage of job (MB)
	52120  -  ResidentSetSize of job (KB)
...
006 (13469.000.000) 01/20 18:45:48 Image size of job updated: 384448
	51  -  MemoryUsage of job (MB)
	52120  -  ResidentSetSize of job (KB)
...
005 (13469.000.000) 01/20 18:45:48 Job terminated.
	(1) Normal termination (return value 0)
		Usr 0 00:02:31, Sys 0 00:00:03  -  Run Remote Usage
		Usr 0 00:00:00, Sys 0 00:00:00  -  Run Local Usage
		Usr 0 00:02:31, Sys 0 00:00:03  -  Total Remote Usage
		Usr 0 00:00:00, Sys 0 00:00:00  -  Total Local Usage
	0  -  Run Bytes Sent By Job
	0  -  Run Bytes Received By Job
	0  -  Total Bytes Sent By Job
	0  -  Total Bytes Received By Job
	Partitionable Resources :    Usage  Request          
	   Cpus                 :                 1          
	   Disk (KB)            :     2750     2750          
	   Memory (MB)          :       51       51          
...
