000 (13252.000.000) 01/18 14:58:52 Job submitted from host: <128.30.112.18:46685>
...
001 (13252.000.000) 01/18 14:58:54 Job executing on host: <128.30.66.167:45266>
...
006 (13252.000.000) 01/18 14:58:54 Image size of job updated: 43896
	0  -  MemoryUsage of job (MB)
	0  -  ResidentSetSize of job (KB)
...
005 (13252.000.000) 01/18 14:58:55 Job terminated.
	(1) Normal termination (return value 1)
		Usr 0 00:00:00, Sys 0 00:00:00  -  Run Remote Usage
		Usr 0 00:00:00, Sys 0 00:00:00  -  Run Local Usage
		Usr 0 00:00:00, Sys 0 00:00:00  -  Total Remote Usage
		Usr 0 00:00:00, Sys 0 00:00:00  -  Total Local Usage
	0  -  Run Bytes Sent By Job
	0  -  Run Bytes Received By Job
	0  -  Total Bytes Sent By Job
	0  -  Total Bytes Received By Job
	Partitionable Resources :    Usage  Request          
	   Cpus                 :                 1          
	   Disk (KB)            :     2750     2750          
	   Memory (MB)          :        0        0          
...
000 (13387.000.000) 01/18 15:25:38 Job submitted from host: <128.30.112.18:46685>
...
001 (13387.000.000) 01/18 15:25:49 Job executing on host: <128.30.108.62:37495>
...
006 (13387.000.000) 01/18 15:25:58 Image size of job updated: 194272
	29  -  MemoryUsage of job (MB)
	29660  -  ResidentSetSize of job (KB)
...
006 (13387.000.000) 01/18 15:30:17 Image size of job updated: 289440
	29  -  MemoryUsage of job (MB)
	29660  -  ResidentSetSize of job (KB)
...
005 (13387.000.000) 01/18 15:30:17 Job terminated.
	(1) Normal termination (return value 1)
		Usr 0 00:04:03, Sys 0 00:00:15  -  Run Remote Usage
		Usr 0 00:00:00, Sys 0 00:00:00  -  Run Local Usage
		Usr 0 00:04:03, Sys 0 00:00:15  -  Total Remote Usage
		Usr 0 00:00:00, Sys 0 00:00:00  -  Total Local Usage
	0  -  Run Bytes Sent By Job
	0  -  Run Bytes Received By Job
	0  -  Total Bytes Sent By Job
	0  -  Total Bytes Received By Job
	Partitionable Resources :    Usage  Request          
	   Cpus                 :                 1          
	   Disk (KB)            :     2750     2750          
	   Memory (MB)          :       29       29          
...
