000 (13253.000.000) 01/18 14:58:52 Job submitted from host: <128.30.112.18:46685>
...
001 (13253.000.000) 01/18 14:58:54 Job executing on host: <128.30.66.169:43926>
...
006 (13253.000.000) 01/18 14:58:55 Image size of job updated: 37576
	0  -  MemoryUsage of job (MB)
	0  -  ResidentSetSize of job (KB)
...
005 (13253.000.000) 01/18 14:58:55 Job terminated.
	(1) Normal termination (return value 1)
		Usr 0 00:00:00, Sys 0 00:00:00  -  Run Remote Usage
		Usr 0 00:00:00, Sys 0 00:00:00  -  Run Local Usage
		Usr 0 00:00:00, Sys 0 00:00:00  -  Total Remote Usage
		Usr 0 00:00:00, Sys 0 00:00:00  -  Total Local Usage
	0  -  Run Bytes Sent By Job
	0  -  Run Bytes Received By Job
	0  -  Total Bytes Sent By Job
	0  -  Total Bytes Received By Job
	Partitionable Resources :    Usage  Request          
	   Cpus                 :                 1          
	   Disk (KB)            :     2750     2750          
	   Memory (MB)          :        0        0          
...
000 (13388.000.000) 01/18 15:25:38 Job submitted from host: <128.30.112.18:46685>
...
001 (13388.000.000) 01/18 15:25:49 Job executing on host: <128.30.108.56:54286>
...
006 (13388.000.000) 01/18 15:25:58 Image size of job updated: 2750
	3  -  MemoryUsage of job (MB)
	2292  -  ResidentSetSize of job (KB)
...
006 (13388.000.000) 01/18 15:30:16 Image size of job updated: 289340
	3  -  MemoryUsage of job (MB)
	2292  -  ResidentSetSize of job (KB)
...
005 (13388.000.000) 01/18 15:30:16 Job terminated.
	(1) Normal termination (return value 1)
		Usr 0 00:03:58, Sys 0 00:00:14  -  Run Remote Usage
		Usr 0 00:00:00, Sys 0 00:00:00  -  Run Local Usage
		Usr 0 00:03:58, Sys 0 00:00:14  -  Total Remote Usage
		Usr 0 00:00:00, Sys 0 00:00:00  -  Total Local Usage
	0  -  Run Bytes Sent By Job
	0  -  Run Bytes Received By Job
	0  -  Total Bytes Sent By Job
	0  -  Total Bytes Received By Job
	Partitionable Resources :    Usage  Request          
	   Cpus                 :                 1          
	   Disk (KB)            :     2750     2750          
	   Memory (MB)          :        3        3          
...
