000 (13254.000.000) 01/18 14:58:52 Job submitted from host: <128.30.112.18:46685>
...
001 (13254.000.000) 01/18 14:58:54 Job executing on host: <128.30.66.166:36393>
...
006 (13254.000.000) 01/18 14:58:55 Image size of job updated: 82996
	0  -  MemoryUsage of job (MB)
	0  -  ResidentSetSize of job (KB)
...
005 (13254.000.000) 01/18 14:58:55 Job terminated.
	(1) Normal termination (return value 1)
		Usr 0 00:00:00, Sys 0 00:00:00  -  Run Remote Usage
		Usr 0 00:00:00, Sys 0 00:00:00  -  Run Local Usage
		Usr 0 00:00:00, Sys 0 00:00:00  -  Total Remote Usage
		Usr 0 00:00:00, Sys 0 00:00:00  -  Total Local Usage
	0  -  Run Bytes Sent By Job
	0  -  Run Bytes Received By Job
	0  -  Total Bytes Sent By Job
	0  -  Total Bytes Received By Job
	Partitionable Resources :    Usage  Request          
	   Cpus                 :                 1          
	   Disk (KB)            :     2750     2750          
	   Memory (MB)          :        0        0          
...
000 (13389.000.000) 01/18 15:25:38 Job submitted from host: <128.30.112.18:46685>
...
001 (13389.000.000) 01/18 15:25:49 Job executing on host: <128.30.66.163:58460>
...
006 (13389.000.000) 01/18 15:25:58 Image size of job updated: 291016
	51  -  MemoryUsage of job (MB)
	51256  -  ResidentSetSize of job (KB)
...
006 (13389.000.000) 01/18 15:30:59 Image size of job updated: 381956
	140  -  MemoryUsage of job (MB)
	142568  -  ResidentSetSize of job (KB)
...
006 (13389.000.000) 01/18 15:36:00 Image size of job updated: 545160
	231  -  MemoryUsage of job (MB)
	236112  -  ResidentSetSize of job (KB)
...
005 (13389.000.000) 01/18 16:06:23 Job terminated.
	(1) Normal termination (return value 0)
		Usr 0 00:31:03, Sys 0 00:09:11  -  Run Remote Usage
		Usr 0 00:00:00, Sys 0 00:00:00  -  Run Local Usage
		Usr 0 00:31:03, Sys 0 00:09:11  -  Total Remote Usage
		Usr 0 00:00:00, Sys 0 00:00:00  -  Total Local Usage
	0  -  Run Bytes Sent By Job
	0  -  Run Bytes Received By Job
	0  -  Total Bytes Sent By Job
	0  -  Total Bytes Received By Job
	Partitionable Resources :    Usage  Request          
	   Cpus                 :                 1          
	   Disk (KB)            :     2750     2750          
	   Memory (MB)          :      231      231          
...
