000 (13255.000.000) 01/18 14:58:52 Job submitted from host: <128.30.112.18:46685>
...
001 (13255.000.000) 01/18 14:58:54 Job executing on host: <128.30.113.110:53061>
...
006 (13255.000.000) 01/18 14:59:03 Image size of job updated: 195496
	31  -  MemoryUsage of job (MB)
	30804  -  ResidentSetSize of job (KB)
...
006 (13255.000.000) 01/18 15:00:37 Image size of job updated: 354832
	31  -  MemoryUsage of job (MB)
	30804  -  ResidentSetSize of job (KB)
...
005 (13255.000.000) 01/18 15:00:37 Job terminated.
	(1) Normal termination (return value 1)
		Usr 0 00:01:31, Sys 0 00:00:04  -  Run Remote Usage
		Usr 0 00:00:00, Sys 0 00:00:00  -  Run Local Usage
		Usr 0 00:01:31, Sys 0 00:00:04  -  Total Remote Usage
		Usr 0 00:00:00, Sys 0 00:00:00  -  Total Local Usage
	0  -  Run Bytes Sent By Job
	0  -  Run Bytes Received By Job
	0  -  Total Bytes Sent By Job
	0  -  Total Bytes Received By Job
	Partitionable Resources :    Usage  Request          
	   Cpus                 :                 1          
	   Disk (KB)            :     2750     2750          
	   Memory (MB)          :       31       31          
...
000 (13390.000.000) 01/18 15:25:38 Job submitted from host: <128.30.112.18:46685>
...
001 (13390.000.000) 01/18 15:25:49 Job executing on host: <128.30.108.56:54286>
...
006 (13390.000.000) 01/18 15:25:57 Image size of job updated: 33792
	5  -  MemoryUsage of job (MB)
	4776  -  ResidentSetSize of job (KB)
...
006 (13390.000.000) 01/18 15:30:39 Image size of job updated: 290156
	5  -  MemoryUsage of job (MB)
	4776  -  ResidentSetSize of job (KB)
...
005 (13390.000.000) 01/18 15:30:39 Job terminated.
	(1) Normal termination (return value 1)
		Usr 0 00:04:03, Sys 0 00:00:44  -  Run Remote Usage
		Usr 0 00:00:00, Sys 0 00:00:00  -  Run Local Usage
		Usr 0 00:04:03, Sys 0 00:00:44  -  Total Remote Usage
		Usr 0 00:00:00, Sys 0 00:00:00  -  Total Local Usage
	0  -  Run Bytes Sent By Job
	0  -  Run Bytes Received By Job
	0  -  Total Bytes Sent By Job
	0  -  Total Bytes Received By Job
	Partitionable Resources :    Usage  Request          
	   Cpus                 :                 1          
	   Disk (KB)            :     2750     2750          
	   Memory (MB)          :        5        5          
...
000 (13472.000.000) 01/20 18:42:56 Job submitted from host: <128.30.112.18:46685>
...
001 (13472.000.000) 01/20 18:43:04 Job executing on host: <128.30.66.164:41719>
...
006 (13472.000.000) 01/20 18:43:13 Image size of job updated: 292024
	51  -  MemoryUsage of job (MB)
	52160  -  ResidentSetSize of job (KB)
...
006 (13472.000.000) 01/20 18:48:14 Image size of job updated: 545260
	226  -  MemoryUsage of job (MB)
	230452  -  ResidentSetSize of job (KB)
...
006 (13472.000.000) 01/20 18:53:14 Image size of job updated: 545260
	231  -  MemoryUsage of job (MB)
	236124  -  ResidentSetSize of job (KB)
...
005 (13472.000.000) 01/20 18:57:58 Job terminated.
	(1) Normal termination (return value 0)
		Usr 0 00:11:47, Sys 0 00:03:01  -  Run Remote Usage
		Usr 0 00:00:00, Sys 0 00:00:00  -  Run Local Usage
		Usr 0 00:11:47, Sys 0 00:03:01  -  Total Remote Usage
		Usr 0 00:00:00, Sys 0 00:00:00  -  Total Local Usage
	0  -  Run Bytes Sent By Job
	0  -  Run Bytes Received By Job
	0  -  Total Bytes Sent By Job
	0  -  Total Bytes Received By Job
	Partitionable Resources :    Usage  Request          
	   Cpus                 :                 1          
	   Disk (KB)            :     2750     2750          
	   Memory (MB)          :      231      231          
...
