000 (13474.000.000) 01/20 18:42:57 Job submitted from host: <128.30.112.18:46685>
...
001 (13474.000.000) 01/20 18:43:04 Job executing on host: <128.30.66.169:43926>
...
006 (13474.000.000) 01/20 18:43:13 Image size of job updated: 291472
	51  -  MemoryUsage of job (MB)
	51648  -  ResidentSetSize of job (KB)
...
006 (13474.000.000) 01/20 18:48:14 Image size of job updated: 543536
	221  -  MemoryUsage of job (MB)
	225888  -  ResidentSetSize of job (KB)
...
006 (13474.000.000) 01/20 18:53:14 Image size of job updated: 543536
	225  -  MemoryUsage of job (MB)
	229776  -  ResidentSetSize of job (KB)
...
005 (13474.000.000) 01/20 18:58:38 Job terminated.
	(1) Normal termination (return value 0)
		Usr 0 00:12:34, Sys 0 00:02:42  -  Run Remote Usage
		Usr 0 00:00:00, Sys 0 00:00:00  -  Run Local Usage
		Usr 0 00:12:34, Sys 0 00:02:42  -  Total Remote Usage
		Usr 0 00:00:00, Sys 0 00:00:00  -  Total Local Usage
	0  -  Run Bytes Sent By Job
	0  -  Run Bytes Received By Job
	0  -  Total Bytes Sent By Job
	0  -  Total Bytes Received By Job
	Partitionable Resources :    Usage  Request          
	   Cpus                 :                 1          
	   Disk (KB)            :     2750     2750          
	   Memory (MB)          :      225      225          
...
