000 (13242.000.000) 01/18 14:58:51 Job submitted from host: <128.30.112.18:46685>
...
001 (13242.000.000) 01/18 14:58:54 Job executing on host: <128.30.66.164:41719>
...
006 (13242.000.000) 01/18 14:58:54 Image size of job updated: 90280
	0  -  MemoryUsage of job (MB)
	0  -  ResidentSetSize of job (KB)
...
005 (13242.000.000) 01/18 14:58:54 Job terminated.
	(1) Normal termination (return value 1)
		Usr 0 00:00:00, Sys 0 00:00:00  -  Run Remote Usage
		Usr 0 00:00:00, Sys 0 00:00:00  -  Run Local Usage
		Usr 0 00:00:00, Sys 0 00:00:00  -  Total Remote Usage
		Usr 0 00:00:00, Sys 0 00:00:00  -  Total Local Usage
	0  -  Run Bytes Sent By Job
	0  -  Run Bytes Received By Job
	0  -  Total Bytes Sent By Job
	0  -  Total Bytes Received By Job
	Partitionable Resources :    Usage  Request          
	   Cpus                 :                 1          
	   Disk (KB)            :     2750     2750          
	   Memory (MB)          :        0        0          
...
000 (13377.000.000) 01/18 15:25:37 Job submitted from host: <128.30.112.18:46685>
...
001 (13377.000.000) 01/18 15:25:49 Job executing on host: <128.30.113.110:53061>
...
006 (13377.000.000) 01/18 15:25:57 Image size of job updated: 2750
	3  -  MemoryUsage of job (MB)
	2292  -  ResidentSetSize of job (KB)
...
006 (13377.000.000) 01/18 15:27:33 Image size of job updated: 354820
	3  -  MemoryUsage of job (MB)
	2292  -  ResidentSetSize of job (KB)
...
005 (13377.000.000) 01/18 15:27:33 Job terminated.
	(1) Normal termination (return value 1)
		Usr 0 00:01:38, Sys 0 00:00:04  -  Run Remote Usage
		Usr 0 00:00:00, Sys 0 00:00:00  -  Run Local Usage
		Usr 0 00:01:38, Sys 0 00:00:04  -  Total Remote Usage
		Usr 0 00:00:00, Sys 0 00:00:00  -  Total Local Usage
	0  -  Run Bytes Sent By Job
	0  -  Run Bytes Received By Job
	0  -  Total Bytes Sent By Job
	0  -  Total Bytes Received By Job
	Partitionable Resources :    Usage  Request          
	   Cpus                 :                 1          
	   Disk (KB)            :     2750     2750          
	   Memory (MB)          :        3        3          
...
000 (13462.000.000) 01/20 18:42:55 Job submitted from host: <128.30.112.18:46685>
...
001 (13462.000.000) 01/20 18:43:04 Job executing on host: <128.30.66.169:43926>
...
006 (13462.000.000) 01/20 18:43:12 Image size of job updated: 291468
	51  -  MemoryUsage of job (MB)
	51828  -  ResidentSetSize of job (KB)
...
006 (13462.000.000) 01/20 18:46:18 Image size of job updated: 382016
	51  -  MemoryUsage of job (MB)
	51828  -  ResidentSetSize of job (KB)
...
005 (13462.000.000) 01/20 18:46:18 Job terminated.
	(1) Normal termination (return value 0)
		Usr 0 00:02:51, Sys 0 00:00:11  -  Run Remote Usage
		Usr 0 00:00:00, Sys 0 00:00:00  -  Run Local Usage
		Usr 0 00:02:51, Sys 0 00:00:11  -  Total Remote Usage
		Usr 0 00:00:00, Sys 0 00:00:00  -  Total Local Usage
	0  -  Run Bytes Sent By Job
	0  -  Run Bytes Received By Job
	0  -  Total Bytes Sent By Job
	0  -  Total Bytes Received By Job
	Partitionable Resources :    Usage  Request          
	   Cpus                 :                 1          
	   Disk (KB)            :     2750     2750          
	   Memory (MB)          :       51       51          
...
