000 (13477.000.000) 01/20 18:42:57 Job submitted from host: <128.30.112.18:46685>
...
001 (13477.000.000) 01/20 18:43:04 Job executing on host: <128.30.113.105:42991>
...
006 (13477.000.000) 01/20 18:43:13 Image size of job updated: 213732
	34  -  MemoryUsage of job (MB)
	34464  -  ResidentSetSize of job (KB)
...
006 (13477.000.000) 01/20 18:46:08 Image size of job updated: 304796
	34  -  MemoryUsage of job (MB)
	34464  -  ResidentSetSize of job (KB)
...
005 (13477.000.000) 01/20 18:46:08 Job terminated.
	(1) Normal termination (return value 0)
		Usr 0 00:02:48, Sys 0 00:00:03  -  Run Remote Usage
		Usr 0 00:00:00, Sys 0 00:00:00  -  Run Local Usage
		Usr 0 00:02:48, Sys 0 00:00:03  -  Total Remote Usage
		Usr 0 00:00:00, Sys 0 00:00:00  -  Total Local Usage
	0  -  Run Bytes Sent By Job
	0  -  Run Bytes Received By Job
	0  -  Total Bytes Sent By Job
	0  -  Total Bytes Received By Job
	Partitionable Resources :    Usage  Request          
	   Cpus                 :                 1          
	   Disk (KB)            :     2750     2750          
	   Memory (MB)          :       34       34          
...
