000 (13243.000.000) 01/18 14:58:51 Job submitted from host: <128.30.112.18:46685>
...
001 (13243.000.000) 01/18 14:58:54 Job executing on host: <128.30.66.170:39331>
...
006 (13243.000.000) 01/18 14:58:54 Image size of job updated: 89788
	0  -  MemoryUsage of job (MB)
	0  -  ResidentSetSize of job (KB)
...
005 (13243.000.000) 01/18 14:58:54 Job terminated.
	(1) Normal termination (return value 1)
		Usr 0 00:00:00, Sys 0 00:00:00  -  Run Remote Usage
		Usr 0 00:00:00, Sys 0 00:00:00  -  Run Local Usage
		Usr 0 00:00:00, Sys 0 00:00:00  -  Total Remote Usage
		Usr 0 00:00:00, Sys 0 00:00:00  -  Total Local Usage
	0  -  Run Bytes Sent By Job
	0  -  Run Bytes Received By Job
	0  -  Total Bytes Sent By Job
	0  -  Total Bytes Received By Job
	Partitionable Resources :    Usage  Request          
	   Cpus                 :                 1          
	   Disk (KB)            :     2750     2750          
	   Memory (MB)          :        0        0          
...
000 (13378.000.000) 01/18 15:25:37 Job submitted from host: <128.30.112.18:46685>
...
001 (13378.000.000) 01/18 15:25:49 Job executing on host: <128.30.112.174:34953>
...
006 (13378.000.000) 01/18 15:25:57 Image size of job updated: 2750
	3  -  MemoryUsage of job (MB)
	2296  -  ResidentSetSize of job (KB)
...
006 (13378.000.000) 01/18 15:29:45 Image size of job updated: 289268
	3  -  MemoryUsage of job (MB)
	2296  -  ResidentSetSize of job (KB)
...
005 (13378.000.000) 01/18 15:29:45 Job terminated.
	(1) Normal termination (return value 1)
		Usr 0 00:03:08, Sys 0 00:00:29  -  Run Remote Usage
		Usr 0 00:00:00, Sys 0 00:00:00  -  Run Local Usage
		Usr 0 00:03:08, Sys 0 00:00:29  -  Total Remote Usage
		Usr 0 00:00:00, Sys 0 00:00:00  -  Total Local Usage
	0  -  Run Bytes Sent By Job
	0  -  Run Bytes Received By Job
	0  -  Total Bytes Sent By Job
	0  -  Total Bytes Received By Job
	Partitionable Resources :    Usage  Request          
	   Cpus                 :                 1          
	   Disk (KB)            :     2750     2750          
	   Memory (MB)          :        3        3          
...
000 (13463.000.000) 01/20 18:42:56 Job submitted from host: <128.30.112.18:46685>
...
001 (13463.000.000) 01/20 18:43:04 Job executing on host: <128.30.66.166:36393>
...
006 (13463.000.000) 01/20 18:43:13 Image size of job updated: 292016
	51  -  MemoryUsage of job (MB)
	52184  -  ResidentSetSize of job (KB)
...
006 (13463.000.000) 01/20 18:48:14 Image size of job updated: 473736
	159  -  MemoryUsage of job (MB)
	162424  -  ResidentSetSize of job (KB)
...
006 (13463.000.000) 01/20 18:53:15 Image size of job updated: 578760
	244  -  MemoryUsage of job (MB)
	249384  -  ResidentSetSize of job (KB)
...
006 (13463.000.000) 01/20 18:58:15 Image size of job updated: 578760
	251  -  MemoryUsage of job (MB)
	256376  -  ResidentSetSize of job (KB)
...
005 (13463.000.000) 01/20 19:06:32 Job terminated.
	(1) Normal termination (return value 0)
		Usr 0 00:18:48, Sys 0 00:04:28  -  Run Remote Usage
		Usr 0 00:00:00, Sys 0 00:00:00  -  Run Local Usage
		Usr 0 00:18:48, Sys 0 00:04:28  -  Total Remote Usage
		Usr 0 00:00:00, Sys 0 00:00:00  -  Total Local Usage
	0  -  Run Bytes Sent By Job
	0  -  Run Bytes Received By Job
	0  -  Total Bytes Sent By Job
	0  -  Total Bytes Received By Job
	Partitionable Resources :    Usage  Request          
	   Cpus                 :                 1          
	   Disk (KB)            :     2750     2750          
	   Memory (MB)          :      251      251          
...
