000 (13244.000.000) 01/18 14:58:51 Job submitted from host: <128.30.112.18:46685>
...
001 (13244.000.000) 01/18 14:58:54 Job executing on host: <128.30.66.165:41096>
...
006 (13244.000.000) 01/18 14:58:54 Image size of job updated: 90960
	0  -  MemoryUsage of job (MB)
	0  -  ResidentSetSize of job (KB)
...
005 (13244.000.000) 01/18 14:58:54 Job terminated.
	(1) Normal termination (return value 1)
		Usr 0 00:00:00, Sys 0 00:00:00  -  Run Remote Usage
		Usr 0 00:00:00, Sys 0 00:00:00  -  Run Local Usage
		Usr 0 00:00:00, Sys 0 00:00:00  -  Total Remote Usage
		Usr 0 00:00:00, Sys 0 00:00:00  -  Total Local Usage
	0  -  Run Bytes Sent By Job
	0  -  Run Bytes Received By Job
	0  -  Total Bytes Sent By Job
	0  -  Total Bytes Received By Job
	Partitionable Resources :    Usage  Request          
	   Cpus                 :                 1          
	   Disk (KB)            :     2750     2750          
	   Memory (MB)          :        0        0          
...
000 (13379.000.000) 01/18 15:25:38 Job submitted from host: <128.30.112.18:46685>
...
001 (13379.000.000) 01/18 15:25:49 Job executing on host: <128.30.108.57:46594>
...
006 (13379.000.000) 01/18 15:25:57 Image size of job updated: 194276
	29  -  MemoryUsage of job (MB)
	29584  -  ResidentSetSize of job (KB)
...
006 (13379.000.000) 01/18 15:30:33 Image size of job updated: 354800
	29  -  MemoryUsage of job (MB)
	29584  -  ResidentSetSize of job (KB)
...
005 (13379.000.000) 01/18 15:30:33 Job terminated.
	(1) Normal termination (return value 1)
		Usr 0 00:03:53, Sys 0 00:00:40  -  Run Remote Usage
		Usr 0 00:00:00, Sys 0 00:00:00  -  Run Local Usage
		Usr 0 00:03:53, Sys 0 00:00:40  -  Total Remote Usage
		Usr 0 00:00:00, Sys 0 00:00:00  -  Total Local Usage
	0  -  Run Bytes Sent By Job
	0  -  Run Bytes Received By Job
	0  -  Total Bytes Sent By Job
	0  -  Total Bytes Received By Job
	Partitionable Resources :    Usage  Request          
	   Cpus                 :                 1          
	   Disk (KB)            :     2750     2750          
	   Memory (MB)          :       29       29          
...
000 (13464.000.000) 01/20 18:42:56 Job submitted from host: <128.30.112.18:46685>
...
001 (13464.000.000) 01/20 18:43:04 Job executing on host: <128.30.66.165:41096>
...
006 (13464.000.000) 01/20 18:43:13 Image size of job updated: 82952
	11  -  MemoryUsage of job (MB)
	11264  -  ResidentSetSize of job (KB)
...
006 (13464.000.000) 01/20 18:46:13 Image size of job updated: 382020
	11  -  MemoryUsage of job (MB)
	11264  -  ResidentSetSize of job (KB)
...
005 (13464.000.000) 01/20 18:46:14 Job terminated.
	(1) Normal termination (return value 0)
		Usr 0 00:02:41, Sys 0 00:00:14  -  Run Remote Usage
		Usr 0 00:00:00, Sys 0 00:00:00  -  Run Local Usage
		Usr 0 00:02:41, Sys 0 00:00:14  -  Total Remote Usage
		Usr 0 00:00:00, Sys 0 00:00:00  -  Total Local Usage
	0  -  Run Bytes Sent By Job
	0  -  Run Bytes Received By Job
	0  -  Total Bytes Sent By Job
	0  -  Total Bytes Received By Job
	Partitionable Resources :    Usage  Request          
	   Cpus                 :                 1          
	   Disk (KB)            :     2750     2750          
	   Memory (MB)          :       11       11          
...
