000 (13246.000.000) 01/18 14:58:52 Job submitted from host: <128.30.112.18:46685>
...
001 (13246.000.000) 01/18 14:58:54 Job executing on host: <128.30.66.166:36393>
...
006 (13246.000.000) 01/18 14:58:54 Image size of job updated: 90144
	0  -  MemoryUsage of job (MB)
	0  -  ResidentSetSize of job (KB)
...
005 (13246.000.000) 01/18 14:58:55 Job terminated.
	(1) Normal termination (return value 1)
		Usr 0 00:00:00, Sys 0 00:00:00  -  Run Remote Usage
		Usr 0 00:00:00, Sys 0 00:00:00  -  Run Local Usage
		Usr 0 00:00:00, Sys 0 00:00:00  -  Total Remote Usage
		Usr 0 00:00:00, Sys 0 00:00:00  -  Total Local Usage
	0  -  Run Bytes Sent By Job
	0  -  Run Bytes Received By Job
	0  -  Total Bytes Sent By Job
	0  -  Total Bytes Received By Job
	Partitionable Resources :    Usage  Request          
	   Cpus                 :                 1          
	   Disk (KB)            :     2750     2750          
	   Memory (MB)          :        0        0          
...
000 (13381.000.000) 01/18 15:25:38 Job submitted from host: <128.30.112.18:46685>
...
001 (13381.000.000) 01/18 15:25:49 Job executing on host: <128.30.108.57:46594>
...
006 (13381.000.000) 01/18 15:25:57 Image size of job updated: 194280
	29  -  MemoryUsage of job (MB)
	29580  -  ResidentSetSize of job (KB)
...
006 (13381.000.000) 01/18 15:30:12 Image size of job updated: 354728
	29  -  MemoryUsage of job (MB)
	29580  -  ResidentSetSize of job (KB)
...
005 (13381.000.000) 01/18 15:30:12 Job terminated.
	(1) Normal termination (return value 1)
		Usr 0 00:04:03, Sys 0 00:00:14  -  Run Remote Usage
		Usr 0 00:00:00, Sys 0 00:00:00  -  Run Local Usage
		Usr 0 00:04:03, Sys 0 00:00:14  -  Total Remote Usage
		Usr 0 00:00:00, Sys 0 00:00:00  -  Total Local Usage
	0  -  Run Bytes Sent By Job
	0  -  Run Bytes Received By Job
	0  -  Total Bytes Sent By Job
	0  -  Total Bytes Received By Job
	Partitionable Resources :    Usage  Request          
	   Cpus                 :                 1          
	   Disk (KB)            :     2750     2750          
	   Memory (MB)          :       29       29          
...
