000 (13249.000.000) 01/18 14:58:52 Job submitted from host: <128.30.112.18:46685>
...
001 (13249.000.000) 01/18 14:58:54 Job executing on host: <128.30.66.164:41719>
...
006 (13249.000.000) 01/18 14:58:54 Image size of job updated: 91420
	0  -  MemoryUsage of job (MB)
	0  -  ResidentSetSize of job (KB)
...
005 (13249.000.000) 01/18 14:58:55 Job terminated.
	(1) Normal termination (return value 1)
		Usr 0 00:00:00, Sys 0 00:00:00  -  Run Remote Usage
		Usr 0 00:00:00, Sys 0 00:00:00  -  Run Local Usage
		Usr 0 00:00:00, Sys 0 00:00:00  -  Total Remote Usage
		Usr 0 00:00:00, Sys 0 00:00:00  -  Total Local Usage
	0  -  Run Bytes Sent By Job
	0  -  Run Bytes Received By Job
	0  -  Total Bytes Sent By Job
	0  -  Total Bytes Received By Job
	Partitionable Resources :    Usage  Request          
	   Cpus                 :                 1          
	   Disk (KB)            :     2750     2750          
	   Memory (MB)          :        0        0          
...
000 (13384.000.000) 01/18 15:25:38 Job submitted from host: <128.30.112.18:46685>
...
001 (13384.000.000) 01/18 15:25:49 Job executing on host: <128.30.108.62:37495>
...
006 (13384.000.000) 01/18 15:25:58 Image size of job updated: 194292
	29  -  MemoryUsage of job (MB)
	29692  -  ResidentSetSize of job (KB)
...
006 (13384.000.000) 01/18 15:30:19 Image size of job updated: 290764
	29  -  MemoryUsage of job (MB)
	29692  -  ResidentSetSize of job (KB)
...
005 (13384.000.000) 01/18 15:30:19 Job terminated.
	(1) Normal termination (return value 1)
		Usr 0 00:04:11, Sys 0 00:00:16  -  Run Remote Usage
		Usr 0 00:00:00, Sys 0 00:00:00  -  Run Local Usage
		Usr 0 00:04:11, Sys 0 00:00:16  -  Total Remote Usage
		Usr 0 00:00:00, Sys 0 00:00:00  -  Total Local Usage
	0  -  Run Bytes Sent By Job
	0  -  Run Bytes Received By Job
	0  -  Total Bytes Sent By Job
	0  -  Total Bytes Received By Job
	Partitionable Resources :    Usage  Request          
	   Cpus                 :                 1          
	   Disk (KB)            :     2750     2750          
	   Memory (MB)          :       29       29          
...
000 (13468.000.000) 01/20 18:42:56 Job submitted from host: <128.30.112.18:46685>
...
001 (13468.000.000) 01/20 18:43:04 Job executing on host: <128.30.66.169:43926>
...
006 (13468.000.000) 01/20 18:43:13 Image size of job updated: 291476
	51  -  MemoryUsage of job (MB)
	51588  -  ResidentSetSize of job (KB)
...
006 (13468.000.000) 01/20 18:45:50 Image size of job updated: 384920
	51  -  MemoryUsage of job (MB)
	51588  -  ResidentSetSize of job (KB)
...
005 (13468.000.000) 01/20 18:45:50 Job terminated.
	(1) Normal termination (return value 0)
		Usr 0 00:02:28, Sys 0 00:00:04  -  Run Remote Usage
		Usr 0 00:00:00, Sys 0 00:00:00  -  Run Local Usage
		Usr 0 00:02:28, Sys 0 00:00:04  -  Total Remote Usage
		Usr 0 00:00:00, Sys 0 00:00:00  -  Total Local Usage
	0  -  Run Bytes Sent By Job
	0  -  Run Bytes Received By Job
	0  -  Total Bytes Sent By Job
	0  -  Total Bytes Received By Job
	Partitionable Resources :    Usage  Request          
	   Cpus                 :                 1          
	   Disk (KB)            :     2750     2750          
	   Memory (MB)          :       51       51          
...
