000 (14123.000.000) 01/21 06:29:06 Job submitted from host: <128.30.112.18:46685>
...
001 (14123.000.000) 01/21 06:29:08 Job executing on host: <128.30.66.165:41096>
...
006 (14123.000.000) 01/21 06:29:16 Image size of job updated: 284404
	44  -  MemoryUsage of job (MB)
	44408  -  ResidentSetSize of job (KB)
...
006 (14123.000.000) 01/21 06:29:32 Image size of job updated: 296420
	44  -  MemoryUsage of job (MB)
	44408  -  ResidentSetSize of job (KB)
...
005 (14123.000.000) 01/21 06:29:32 Job terminated.
	(1) Normal termination (return value 0)
		Usr 0 00:00:13, Sys 0 00:00:01  -  Run Remote Usage
		Usr 0 00:00:00, Sys 0 00:00:00  -  Run Local Usage
		Usr 0 00:00:13, Sys 0 00:00:01  -  Total Remote Usage
		Usr 0 00:00:00, Sys 0 00:00:00  -  Total Local Usage
	0  -  Run Bytes Sent By Job
	0  -  Run Bytes Received By Job
	0  -  Total Bytes Sent By Job
	0  -  Total Bytes Received By Job
	Partitionable Resources :    Usage  Request          
	   Cpus                 :                 1          
	   Disk (KB)            :     2750     2750          
	   Memory (MB)          :       44       44          
...
