000 (14130.000.000) 01/21 06:29:07 Job submitted from host: <128.30.112.18:46685>
...
001 (14130.000.000) 01/21 06:29:28 Job executing on host: <128.30.66.170:39331>
...
006 (14130.000.000) 01/21 06:29:36 Image size of job updated: 284108
	44  -  MemoryUsage of job (MB)
	44328  -  ResidentSetSize of job (KB)
...
006 (14130.000.000) 01/21 06:31:08 Image size of job updated: 318016
	44  -  MemoryUsage of job (MB)
	44328  -  ResidentSetSize of job (KB)
...
005 (14130.000.000) 01/21 06:31:08 Job terminated.
	(1) Normal termination (return value 0)
		Usr 0 00:01:14, Sys 0 00:00:15  -  Run Remote Usage
		Usr 0 00:00:00, Sys 0 00:00:00  -  Run Local Usage
		Usr 0 00:01:14, Sys 0 00:00:15  -  Total Remote Usage
		Usr 0 00:00:00, Sys 0 00:00:00  -  Total Local Usage
	0  -  Run Bytes Sent By Job
	0  -  Run Bytes Received By Job
	0  -  Total Bytes Sent By Job
	0  -  Total Bytes Received By Job
	Partitionable Resources :    Usage  Request          
	   Cpus                 :                 1          
	   Disk (KB)            :     2750     2750          
	   Memory (MB)          :       44       44          
...
