000 (14131.000.000) 01/21 06:29:08 Job submitted from host: <128.30.112.18:46685>
...
001 (14131.000.000) 01/21 06:29:29 Job executing on host: <128.30.66.170:39331>
...
006 (14131.000.000) 01/21 06:29:37 Image size of job updated: 2750
	3  -  MemoryUsage of job (MB)
	2228  -  ResidentSetSize of job (KB)
...
006 (14131.000.000) 01/21 06:34:37 Image size of job updated: 396180
	144  -  MemoryUsage of job (MB)
	146448  -  ResidentSetSize of job (KB)
...
006 (14131.000.000) 01/21 06:39:02 Image size of job updated: 418788
	144  -  MemoryUsage of job (MB)
	146448  -  ResidentSetSize of job (KB)
...
005 (14131.000.000) 01/21 06:39:02 Job terminated.
	(1) Normal termination (return value 0)
		Usr 0 00:08:00, Sys 0 00:01:29  -  Run Remote Usage
		Usr 0 00:00:00, Sys 0 00:00:00  -  Run Local Usage
		Usr 0 00:08:00, Sys 0 00:01:29  -  Total Remote Usage
		Usr 0 00:00:00, Sys 0 00:00:00  -  Total Local Usage
	0  -  Run Bytes Sent By Job
	0  -  Run Bytes Received By Job
	0  -  Total Bytes Sent By Job
	0  -  Total Bytes Received By Job
	Partitionable Resources :    Usage  Request          
	   Cpus                 :                 1          
	   Disk (KB)            :     2750     2750          
	   Memory (MB)          :      144      144          
...
