000 (14116.000.000) 01/21 06:29:05 Job submitted from host: <128.30.112.18:46685>
...
001 (14116.000.000) 01/21 06:29:08 Job executing on host: <128.30.66.169:43926>
...
006 (14116.000.000) 01/21 06:29:16 Image size of job updated: 293036
	52  -  MemoryUsage of job (MB)
	53164  -  ResidentSetSize of job (KB)
...
006 (14116.000.000) 01/21 06:34:16 Image size of job updated: 354864
	106  -  MemoryUsage of job (MB)
	108396  -  ResidentSetSize of job (KB)
...
006 (14116.000.000) 01/21 06:39:17 Image size of job updated: 360956
	119  -  MemoryUsage of job (MB)
	121492  -  ResidentSetSize of job (KB)
...
005 (14116.000.000) 01/21 06:40:40 Job terminated.
	(1) Normal termination (return value 0)
		Usr 0 00:09:46, Sys 0 00:01:35  -  Run Remote Usage
		Usr 0 00:00:00, Sys 0 00:00:00  -  Run Local Usage
		Usr 0 00:09:46, Sys 0 00:01:35  -  Total Remote Usage
		Usr 0 00:00:00, Sys 0 00:00:00  -  Total Local Usage
	0  -  Run Bytes Sent By Job
	0  -  Run Bytes Received By Job
	0  -  Total Bytes Sent By Job
	0  -  Total Bytes Received By Job
	Partitionable Resources :    Usage  Request          
	   Cpus                 :                 1          
	   Disk (KB)            :     2750     2750          
	   Memory (MB)          :      119      119          
...
