000 (14117.000.000) 01/21 06:29:05 Job submitted from host: <128.30.112.18:46685>
...
001 (14117.000.000) 01/21 06:29:08 Job executing on host: <128.30.66.165:41096>
...
006 (14117.000.000) 01/21 06:29:16 Image size of job updated: 284404
	44  -  MemoryUsage of job (MB)
	44412  -  ResidentSetSize of job (KB)
...
006 (14117.000.000) 01/21 06:30:50 Image size of job updated: 318288
	44  -  MemoryUsage of job (MB)
	44412  -  ResidentSetSize of job (KB)
...
005 (14117.000.000) 01/21 06:30:50 Job terminated.
	(1) Normal termination (return value 0)
		Usr 0 00:01:16, Sys 0 00:00:13  -  Run Remote Usage
		Usr 0 00:00:00, Sys 0 00:00:00  -  Run Local Usage
		Usr 0 00:01:16, Sys 0 00:00:13  -  Total Remote Usage
		Usr 0 00:00:00, Sys 0 00:00:00  -  Total Local Usage
	0  -  Run Bytes Sent By Job
	0  -  Run Bytes Received By Job
	0  -  Total Bytes Sent By Job
	0  -  Total Bytes Received By Job
	Partitionable Resources :    Usage  Request          
	   Cpus                 :                 1          
	   Disk (KB)            :     2750     2750          
	   Memory (MB)          :       44       44          
...
