000 (14118.000.000) 01/21 06:29:06 Job submitted from host: <128.30.112.18:46685>
...
001 (14118.000.000) 01/21 06:29:08 Job executing on host: <128.30.66.170:39331>
...
006 (14118.000.000) 01/21 06:29:16 Image size of job updated: 293292
	53  -  MemoryUsage of job (MB)
	53536  -  ResidentSetSize of job (KB)
...
006 (14118.000.000) 01/21 06:30:58 Image size of job updated: 318240
	53  -  MemoryUsage of job (MB)
	53536  -  ResidentSetSize of job (KB)
...
005 (14118.000.000) 01/21 06:30:58 Job terminated.
	(1) Normal termination (return value 0)
		Usr 0 00:01:30, Sys 0 00:00:18  -  Run Remote Usage
		Usr 0 00:00:00, Sys 0 00:00:00  -  Run Local Usage
		Usr 0 00:01:30, Sys 0 00:00:18  -  Total Remote Usage
		Usr 0 00:00:00, Sys 0 00:00:00  -  Total Local Usage
	0  -  Run Bytes Sent By Job
	0  -  Run Bytes Received By Job
	0  -  Total Bytes Sent By Job
	0  -  Total Bytes Received By Job
	Partitionable Resources :    Usage  Request          
	   Cpus                 :                 1          
	   Disk (KB)            :     2750     2750          
	   Memory (MB)          :       53       53          
...
