000 (14119.000.000) 01/21 06:29:06 Job submitted from host: <128.30.112.18:46685>
...
001 (14119.000.000) 01/21 06:29:08 Job executing on host: <128.30.66.166:36393>
...
006 (14119.000.000) 01/21 06:29:16 Image size of job updated: 296352
	56  -  MemoryUsage of job (MB)
	56828  -  ResidentSetSize of job (KB)
...
005 (14119.000.000) 01/21 06:29:34 Job terminated.
	(1) Normal termination (return value 0)
		Usr 0 00:00:17, Sys 0 00:00:02  -  Run Remote Usage
		Usr 0 00:00:00, Sys 0 00:00:00  -  Run Local Usage
		Usr 0 00:00:17, Sys 0 00:00:02  -  Total Remote Usage
		Usr 0 00:00:00, Sys 0 00:00:00  -  Total Local Usage
	0  -  Run Bytes Sent By Job
	0  -  Run Bytes Received By Job
	0  -  Total Bytes Sent By Job
	0  -  Total Bytes Received By Job
	Partitionable Resources :    Usage  Request          
	   Cpus                 :                 1          
	   Disk (KB)            :     2750     2750          
	   Memory (MB)          :       56       56          
...
