000 (14120.000.000) 01/21 06:29:06 Job submitted from host: <128.30.112.18:46685>
...
001 (14120.000.000) 01/21 06:29:08 Job executing on host: <128.30.66.164:41719>
...
006 (14120.000.000) 01/21 06:29:16 Image size of job updated: 294604
	54  -  MemoryUsage of job (MB)
	54852  -  ResidentSetSize of job (KB)
...
006 (14120.000.000) 01/21 06:30:46 Image size of job updated: 318012
	54  -  MemoryUsage of job (MB)
	54852  -  ResidentSetSize of job (KB)
...
005 (14120.000.000) 01/21 06:30:46 Job terminated.
	(1) Normal termination (return value 0)
		Usr 0 00:01:19, Sys 0 00:00:15  -  Run Remote Usage
		Usr 0 00:00:00, Sys 0 00:00:00  -  Run Local Usage
		Usr 0 00:01:19, Sys 0 00:00:15  -  Total Remote Usage
		Usr 0 00:00:00, Sys 0 00:00:00  -  Total Local Usage
	0  -  Run Bytes Sent By Job
	0  -  Run Bytes Received By Job
	0  -  Total Bytes Sent By Job
	0  -  Total Bytes Received By Job
	Partitionable Resources :    Usage  Request          
	   Cpus                 :                 1          
	   Disk (KB)            :     2750     2750          
	   Memory (MB)          :       54       54          
...
