000 (14646.000.000) 01/21 23:53:07 Job submitted from host: <128.30.112.18:46685>
...
001 (14646.000.000) 01/21 23:53:09 Job executing on host: <128.30.66.164:41719>
...
006 (14646.000.000) 01/21 23:53:17 Image size of job updated: 84184
	13  -  MemoryUsage of job (MB)
	12572  -  ResidentSetSize of job (KB)
...
006 (14646.000.000) 01/21 23:57:48 Image size of job updated: 323900
	13  -  MemoryUsage of job (MB)
	12572  -  ResidentSetSize of job (KB)
...
005 (14646.000.000) 01/21 23:57:48 Job terminated.
	(1) Normal termination (return value 0)
		Usr 0 00:04:29, Sys 0 00:00:00  -  Run Remote Usage
		Usr 0 00:00:00, Sys 0 00:00:00  -  Run Local Usage
		Usr 0 00:04:29, Sys 0 00:00:00  -  Total Remote Usage
		Usr 0 00:00:00, Sys 0 00:00:00  -  Total Local Usage
	0  -  Run Bytes Sent By Job
	0  -  Run Bytes Received By Job
	0  -  Total Bytes Sent By Job
	0  -  Total Bytes Received By Job
	Partitionable Resources :    Usage  Request          
	   Cpus                 :                 1          
	   Disk (KB)            :     2750     2750          
	   Memory (MB)          :       13       13          
...
