000 (14652.000.000) 01/21 23:53:08 Job submitted from host: <128.30.112.18:46685>
...
001 (14652.000.000) 01/21 23:53:09 Job executing on host: <128.30.66.164:41719>
...
006 (14652.000.000) 01/21 23:53:17 Image size of job updated: 2750
	3  -  MemoryUsage of job (MB)
	2236  -  ResidentSetSize of job (KB)
...
006 (14652.000.000) 01/21 23:57:57 Image size of job updated: 326784
	3  -  MemoryUsage of job (MB)
	2236  -  ResidentSetSize of job (KB)
...
005 (14652.000.000) 01/21 23:57:58 Job terminated.
	(1) Normal termination (return value 0)
		Usr 0 00:04:43, Sys 0 00:00:00  -  Run Remote Usage
		Usr 0 00:00:00, Sys 0 00:00:00  -  Run Local Usage
		Usr 0 00:04:43, Sys 0 00:00:00  -  Total Remote Usage
		Usr 0 00:00:00, Sys 0 00:00:00  -  Total Local Usage
	0  -  Run Bytes Sent By Job
	0  -  Run Bytes Received By Job
	0  -  Total Bytes Sent By Job
	0  -  Total Bytes Received By Job
	Partitionable Resources :    Usage  Request          
	   Cpus                 :                 1          
	   Disk (KB)            :     2750     2750          
	   Memory (MB)          :        3        3          
...
