000 (14654.000.000) 01/21 23:53:09 Job submitted from host: <128.30.112.18:46685>
...
001 (14654.000.000) 01/21 23:53:21 Job executing on host: <128.30.66.167:50426>
...
006 (14654.000.000) 01/21 23:53:29 Image size of job updated: 287864
	47  -  MemoryUsage of job (MB)
	48112  -  ResidentSetSize of job (KB)
...
005 (14654.000.000) 01/21 23:53:31 Job terminated.
	(0) Abnormal termination (signal 9)
	(0) No core file
		Usr 0 00:00:03, Sys 0 00:00:00  -  Run Remote Usage
		Usr 0 00:00:00, Sys 0 00:00:00  -  Run Local Usage
		Usr 0 00:00:03, Sys 0 00:00:00  -  Total Remote Usage
		Usr 0 00:00:00, Sys 0 00:00:00  -  Total Local Usage
	0  -  Run Bytes Sent By Job
	0  -  Run Bytes Received By Job
	0  -  Total Bytes Sent By Job
	0  -  Total Bytes Received By Job
	Partitionable Resources :    Usage  Request          
	   Cpus                 :                 1          
	   Disk (KB)            :     2750     2750          
	   Memory (MB)          :       47       47          
...
