000 (14641.000.000) 01/21 23:53:06 Job submitted from host: <128.30.112.18:46685>
...
001 (14641.000.000) 01/21 23:53:09 Job executing on host: <128.30.66.165:41096>
...
006 (14641.000.000) 01/21 23:53:17 Image size of job updated: 285704
	45  -  MemoryUsage of job (MB)
	45828  -  ResidentSetSize of job (KB)
...
006 (14641.000.000) 01/21 23:57:24 Image size of job updated: 304576
	45  -  MemoryUsage of job (MB)
	45828  -  ResidentSetSize of job (KB)
...
005 (14641.000.000) 01/21 23:57:24 Job terminated.
	(1) Normal termination (return value 0)
		Usr 0 00:04:12, Sys 0 00:00:00  -  Run Remote Usage
		Usr 0 00:00:00, Sys 0 00:00:00  -  Run Local Usage
		Usr 0 00:04:12, Sys 0 00:00:00  -  Total Remote Usage
		Usr 0 00:00:00, Sys 0 00:00:00  -  Total Local Usage
	0  -  Run Bytes Sent By Job
	0  -  Run Bytes Received By Job
	0  -  Total Bytes Sent By Job
	0  -  Total Bytes Received By Job
	Partitionable Resources :    Usage  Request          
	   Cpus                 :                 1          
	   Disk (KB)            :     2750     2750          
	   Memory (MB)          :       45       45          
...
