000 (14642.000.000) 01/21 23:53:06 Job submitted from host: <128.30.112.18:46685>
...
001 (14642.000.000) 01/21 23:53:09 Job executing on host: <128.30.66.164:41719>
...
006 (14642.000.000) 01/21 23:53:17 Image size of job updated: 135756
	28  -  MemoryUsage of job (MB)
	27768  -  ResidentSetSize of job (KB)
...
006 (14642.000.000) 01/21 23:57:01 Image size of job updated: 302520
	28  -  MemoryUsage of job (MB)
	27768  -  ResidentSetSize of job (KB)
...
005 (14642.000.000) 01/21 23:57:01 Job terminated.
	(1) Normal termination (return value 0)
		Usr 0 00:03:44, Sys 0 00:00:00  -  Run Remote Usage
		Usr 0 00:00:00, Sys 0 00:00:00  -  Run Local Usage
		Usr 0 00:03:44, Sys 0 00:00:00  -  Total Remote Usage
		Usr 0 00:00:00, Sys 0 00:00:00  -  Total Local Usage
	0  -  Run Bytes Sent By Job
	0  -  Run Bytes Received By Job
	0  -  Total Bytes Sent By Job
	0  -  Total Bytes Received By Job
	Partitionable Resources :    Usage  Request          
	   Cpus                 :                 1          
	   Disk (KB)            :     2750     2750          
	   Memory (MB)          :       28       28          
...
