000 (13325.000.000) 01/18 15:23:05 Job submitted from host: <128.30.112.18:46685>
...
001 (13325.000.000) 01/18 15:23:25 Job executing on host: <128.30.66.164:41719>
...
006 (13325.000.000) 01/18 15:23:25 Image size of job updated: 2750
	0  -  MemoryUsage of job (MB)
	0  -  ResidentSetSize of job (KB)
...
005 (13325.000.000) 01/18 15:23:25 Job terminated.
	(1) Normal termination (return value 1)
		Usr 0 00:00:00, Sys 0 00:00:00  -  Run Remote Usage
		Usr 0 00:00:00, Sys 0 00:00:00  -  Run Local Usage
		Usr 0 00:00:00, Sys 0 00:00:00  -  Total Remote Usage
		Usr 0 00:00:00, Sys 0 00:00:00  -  Total Local Usage
	0  -  Run Bytes Sent By Job
	0  -  Run Bytes Received By Job
	0  -  Total Bytes Sent By Job
	0  -  Total Bytes Received By Job
	Partitionable Resources :    Usage  Request          
	   Cpus                 :                 1          
	   Disk (KB)            :     2750     2750          
	   Memory (MB)          :        0        0          
...
000 (13370.000.000) 01/18 15:25:26 Job submitted from host: <128.30.112.18:46685>
...
001 (13370.000.000) 01/18 15:25:28 Job executing on host: <128.30.112.219:55326>
...
006 (13370.000.000) 01/18 15:25:36 Image size of job updated: 2750
	3  -  MemoryUsage of job (MB)
	2296  -  ResidentSetSize of job (KB)
...
006 (13370.000.000) 01/18 15:30:10 Image size of job updated: 289368
	3  -  MemoryUsage of job (MB)
	2296  -  ResidentSetSize of job (KB)
...
005 (13370.000.000) 01/18 15:30:10 Job terminated.
	(1) Normal termination (return value 1)
		Usr 0 00:03:16, Sys 0 00:01:08  -  Run Remote Usage
		Usr 0 00:00:00, Sys 0 00:00:00  -  Run Local Usage
		Usr 0 00:03:16, Sys 0 00:01:08  -  Total Remote Usage
		Usr 0 00:00:00, Sys 0 00:00:00  -  Total Local Usage
	0  -  Run Bytes Sent By Job
	0  -  Run Bytes Received By Job
	0  -  Total Bytes Sent By Job
	0  -  Total Bytes Received By Job
	Partitionable Resources :    Usage  Request          
	   Cpus                 :                 1          
	   Disk (KB)            :     2750     2750          
	   Memory (MB)          :        3        3          
...
