000 (13328.000.000) 01/18 15:23:05 Job submitted from host: <128.30.112.18:46685>
...
001 (13328.000.000) 01/18 15:23:25 Job executing on host: <128.30.66.167:45266>
...
006 (13328.000.000) 01/18 15:23:25 Image size of job updated: 2750
	0  -  MemoryUsage of job (MB)
	0  -  ResidentSetSize of job (KB)
...
005 (13328.000.000) 01/18 15:23:25 Job terminated.
	(1) Normal termination (return value 1)
		Usr 0 00:00:00, Sys 0 00:00:00  -  Run Remote Usage
		Usr 0 00:00:00, Sys 0 00:00:00  -  Run Local Usage
		Usr 0 00:00:00, Sys 0 00:00:00  -  Total Remote Usage
		Usr 0 00:00:00, Sys 0 00:00:00  -  Total Local Usage
	0  -  Run Bytes Sent By Job
	0  -  Run Bytes Received By Job
	0  -  Total Bytes Sent By Job
	0  -  Total Bytes Received By Job
	Partitionable Resources :    Usage  Request          
	   Cpus                 :                 1          
	   Disk (KB)            :     2750     2750          
	   Memory (MB)          :        0        0          
...
000 (13373.000.000) 01/18 15:25:26 Job submitted from host: <128.30.112.18:46685>
...
001 (13373.000.000) 01/18 15:25:28 Job executing on host: <128.30.112.178:52021>
...
006 (13373.000.000) 01/18 15:25:36 Image size of job updated: 193796
	29  -  MemoryUsage of job (MB)
	29340  -  ResidentSetSize of job (KB)
...
006 (13373.000.000) 01/18 15:29:23 Image size of job updated: 289348
	29  -  MemoryUsage of job (MB)
	29340  -  ResidentSetSize of job (KB)
...
005 (13373.000.000) 01/18 15:29:23 Job terminated.
	(1) Normal termination (return value 1)
		Usr 0 00:03:17, Sys 0 00:00:28  -  Run Remote Usage
		Usr 0 00:00:00, Sys 0 00:00:00  -  Run Local Usage
		Usr 0 00:03:17, Sys 0 00:00:28  -  Total Remote Usage
		Usr 0 00:00:00, Sys 0 00:00:00  -  Total Local Usage
	0  -  Run Bytes Sent By Job
	0  -  Run Bytes Received By Job
	0  -  Total Bytes Sent By Job
	0  -  Total Bytes Received By Job
	Partitionable Resources :    Usage  Request          
	   Cpus                 :                 1          
	   Disk (KB)            :     2750     2750          
	   Memory (MB)          :       29       29          
...
