000 (13329.000.000) 01/18 15:23:05 Job submitted from host: <128.30.112.18:46685>
...
001 (13329.000.000) 01/18 15:23:25 Job executing on host: <128.30.66.169:43926>
...
006 (13329.000.000) 01/18 15:23:25 Image size of job updated: 28608
	0  -  MemoryUsage of job (MB)
	0  -  ResidentSetSize of job (KB)
...
005 (13329.000.000) 01/18 15:23:25 Job terminated.
	(1) Normal termination (return value 1)
		Usr 0 00:00:00, Sys 0 00:00:00  -  Run Remote Usage
		Usr 0 00:00:00, Sys 0 00:00:00  -  Run Local Usage
		Usr 0 00:00:00, Sys 0 00:00:00  -  Total Remote Usage
		Usr 0 00:00:00, Sys 0 00:00:00  -  Total Local Usage
	0  -  Run Bytes Sent By Job
	0  -  Run Bytes Received By Job
	0  -  Total Bytes Sent By Job
	0  -  Total Bytes Received By Job
	Partitionable Resources :    Usage  Request          
	   Cpus                 :                 1          
	   Disk (KB)            :     2750     2750          
	   Memory (MB)          :        0        0          
...
000 (13374.000.000) 01/18 15:25:26 Job submitted from host: <128.30.112.18:46685>
...
001 (13374.000.000) 01/18 15:25:28 Job executing on host: <128.30.112.186:56894>
...
006 (13374.000.000) 01/18 15:25:36 Image size of job updated: 84212
	12  -  MemoryUsage of job (MB)
	11860  -  ResidentSetSize of job (KB)
...
006 (13374.000.000) 01/18 15:29:21 Image size of job updated: 289240
	12  -  MemoryUsage of job (MB)
	11860  -  ResidentSetSize of job (KB)
...
005 (13374.000.000) 01/18 15:29:21 Job terminated.
	(1) Normal termination (return value 1)
		Usr 0 00:03:13, Sys 0 00:00:29  -  Run Remote Usage
		Usr 0 00:00:00, Sys 0 00:00:00  -  Run Local Usage
		Usr 0 00:03:13, Sys 0 00:00:29  -  Total Remote Usage
		Usr 0 00:00:00, Sys 0 00:00:00  -  Total Local Usage
	0  -  Run Bytes Sent By Job
	0  -  Run Bytes Received By Job
	0  -  Total Bytes Sent By Job
	0  -  Total Bytes Received By Job
	Partitionable Resources :    Usage  Request          
	   Cpus                 :                 1          
	   Disk (KB)            :     2750     2750          
	   Memory (MB)          :       12       12          
...
