000 (13317.000.000) 01/18 15:23:04 Job submitted from host: <128.30.112.18:46685>
...
001 (13317.000.000) 01/18 15:23:24 Job executing on host: <128.30.66.164:41719>
...
006 (13317.000.000) 01/18 15:23:25 Image size of job updated: 2750
	0  -  MemoryUsage of job (MB)
	0  -  ResidentSetSize of job (KB)
...
005 (13317.000.000) 01/18 15:23:25 Job terminated.
	(1) Normal termination (return value 1)
		Usr 0 00:00:00, Sys 0 00:00:00  -  Run Remote Usage
		Usr 0 00:00:00, Sys 0 00:00:00  -  Run Local Usage
		Usr 0 00:00:00, Sys 0 00:00:00  -  Total Remote Usage
		Usr 0 00:00:00, Sys 0 00:00:00  -  Total Local Usage
	0  -  Run Bytes Sent By Job
	0  -  Run Bytes Received By Job
	0  -  Total Bytes Sent By Job
	0  -  Total Bytes Received By Job
	Partitionable Resources :    Usage  Request          
	   Cpus                 :                 1          
	   Disk (KB)            :     2750     2750          
	   Memory (MB)          :        0        0          
...
000 (13362.000.000) 01/18 15:25:25 Job submitted from host: <128.30.112.18:46685>
...
001 (13362.000.000) 01/18 15:25:27 Job executing on host: <128.30.113.108:51545>
...
006 (13362.000.000) 01/18 15:25:36 Image size of job updated: 78768
	11  -  MemoryUsage of job (MB)
	10668  -  ResidentSetSize of job (KB)
...
006 (13362.000.000) 01/18 15:27:40 Image size of job updated: 354832
	11  -  MemoryUsage of job (MB)
	10668  -  ResidentSetSize of job (KB)
...
005 (13362.000.000) 01/18 15:27:40 Job terminated.
	(1) Normal termination (return value 1)
		Usr 0 00:02:03, Sys 0 00:00:07  -  Run Remote Usage
		Usr 0 00:00:00, Sys 0 00:00:00  -  Run Local Usage
		Usr 0 00:02:03, Sys 0 00:00:07  -  Total Remote Usage
		Usr 0 00:00:00, Sys 0 00:00:00  -  Total Local Usage
	0  -  Run Bytes Sent By Job
	0  -  Run Bytes Received By Job
	0  -  Total Bytes Sent By Job
	0  -  Total Bytes Received By Job
	Partitionable Resources :    Usage  Request          
	   Cpus                 :                 1          
	   Disk (KB)            :     2750     2750          
	   Memory (MB)          :       11       11          
...
