000 (13318.000.000) 01/18 15:23:04 Job submitted from host: <128.30.112.18:46685>
...
001 (13318.000.000) 01/18 15:23:25 Job executing on host: <128.30.66.170:39331>
...
006 (13318.000.000) 01/18 15:23:25 Image size of job updated: 89136
	0  -  MemoryUsage of job (MB)
	0  -  ResidentSetSize of job (KB)
...
005 (13318.000.000) 01/18 15:23:25 Job terminated.
	(1) Normal termination (return value 1)
		Usr 0 00:00:00, Sys 0 00:00:00  -  Run Remote Usage
		Usr 0 00:00:00, Sys 0 00:00:00  -  Run Local Usage
		Usr 0 00:00:00, Sys 0 00:00:00  -  Total Remote Usage
		Usr 0 00:00:00, Sys 0 00:00:00  -  Total Local Usage
	0  -  Run Bytes Sent By Job
	0  -  Run Bytes Received By Job
	0  -  Total Bytes Sent By Job
	0  -  Total Bytes Received By Job
	Partitionable Resources :    Usage  Request          
	   Cpus                 :                 1          
	   Disk (KB)            :     2750     2750          
	   Memory (MB)          :        0        0          
...
000 (13363.000.000) 01/18 15:25:25 Job submitted from host: <128.30.112.18:46685>
...
001 (13363.000.000) 01/18 15:25:28 Job executing on host: <128.30.66.163:58460>
...
006 (13363.000.000) 01/18 15:25:36 Image size of job updated: 127160
	25  -  MemoryUsage of job (MB)
	25396  -  ResidentSetSize of job (KB)
...
006 (13363.000.000) 01/18 15:30:36 Image size of job updated: 381992
	140  -  MemoryUsage of job (MB)
	142640  -  ResidentSetSize of job (KB)
...
006 (13363.000.000) 01/18 15:35:36 Image size of job updated: 543676
	230  -  MemoryUsage of job (MB)
	234540  -  ResidentSetSize of job (KB)
...
005 (13363.000.000) 01/18 16:07:20 Job terminated.
	(1) Normal termination (return value 0)
		Usr 0 00:33:03, Sys 0 00:08:37  -  Run Remote Usage
		Usr 0 00:00:00, Sys 0 00:00:00  -  Run Local Usage
		Usr 0 00:33:03, Sys 0 00:08:37  -  Total Remote Usage
		Usr 0 00:00:00, Sys 0 00:00:00  -  Total Local Usage
	0  -  Run Bytes Sent By Job
	0  -  Run Bytes Received By Job
	0  -  Total Bytes Sent By Job
	0  -  Total Bytes Received By Job
	Partitionable Resources :    Usage  Request          
	   Cpus                 :                 1          
	   Disk (KB)            :     2750     2750          
	   Memory (MB)          :      230      230          
...
