000 (13320.000.000) 01/18 15:23:04 Job submitted from host: <128.30.112.18:46685>
...
001 (13320.000.000) 01/18 15:23:25 Job executing on host: <128.30.66.169:43926>
...
006 (13320.000.000) 01/18 15:23:25 Image size of job updated: 2750
	0  -  MemoryUsage of job (MB)
	0  -  ResidentSetSize of job (KB)
...
005 (13320.000.000) 01/18 15:23:25 Job terminated.
	(1) Normal termination (return value 1)
		Usr 0 00:00:00, Sys 0 00:00:00  -  Run Remote Usage
		Usr 0 00:00:00, Sys 0 00:00:00  -  Run Local Usage
		Usr 0 00:00:00, Sys 0 00:00:00  -  Total Remote Usage
		Usr 0 00:00:00, Sys 0 00:00:00  -  Total Local Usage
	0  -  Run Bytes Sent By Job
	0  -  Run Bytes Received By Job
	0  -  Total Bytes Sent By Job
	0  -  Total Bytes Received By Job
	Partitionable Resources :    Usage  Request          
	   Cpus                 :                 1          
	   Disk (KB)            :     2750     2750          
	   Memory (MB)          :        0        0          
...
000 (13365.000.000) 01/18 15:25:25 Job submitted from host: <128.30.112.18:46685>
...
001 (13365.000.000) 01/18 15:25:28 Job executing on host: <128.30.113.105:42991>
...
006 (13365.000.000) 01/18 15:25:36 Image size of job updated: 213148
	34  -  MemoryUsage of job (MB)
	33832  -  ResidentSetSize of job (KB)
...
006 (13365.000.000) 01/18 15:30:36 Image size of job updated: 463804
	279  -  MemoryUsage of job (MB)
	284804  -  ResidentSetSize of job (KB)
...
005 (13365.000.000) 01/18 15:59:45 Job terminated.
	(1) Normal termination (return value 0)
		Usr 0 00:24:30, Sys 0 00:09:23  -  Run Remote Usage
		Usr 0 00:00:00, Sys 0 00:00:00  -  Run Local Usage
		Usr 0 00:24:30, Sys 0 00:09:23  -  Total Remote Usage
		Usr 0 00:00:00, Sys 0 00:00:00  -  Total Local Usage
	0  -  Run Bytes Sent By Job
	0  -  Run Bytes Received By Job
	0  -  Total Bytes Sent By Job
	0  -  Total Bytes Received By Job
	Partitionable Resources :    Usage  Request          
	   Cpus                 :                 1          
	   Disk (KB)            :     2750     2750          
	   Memory (MB)          :      279      279          
...
