000 (13324.000.000) 01/18 15:23:05 Job submitted from host: <128.30.112.18:46685>
...
001 (13324.000.000) 01/18 15:23:25 Job executing on host: <128.30.113.110:53061>
...
006 (13324.000.000) 01/18 15:23:25 Image size of job updated: 2750
	0  -  MemoryUsage of job (MB)
	0  -  ResidentSetSize of job (KB)
...
005 (13324.000.000) 01/18 15:23:25 Job terminated.
	(1) Normal termination (return value 1)
		Usr 0 00:00:00, Sys 0 00:00:00  -  Run Remote Usage
		Usr 0 00:00:00, Sys 0 00:00:00  -  Run Local Usage
		Usr 0 00:00:00, Sys 0 00:00:00  -  Total Remote Usage
		Usr 0 00:00:00, Sys 0 00:00:00  -  Total Local Usage
	0  -  Run Bytes Sent By Job
	0  -  Run Bytes Received By Job
	0  -  Total Bytes Sent By Job
	0  -  Total Bytes Received By Job
	Partitionable Resources :    Usage  Request          
	   Cpus                 :                 1          
	   Disk (KB)            :     2750     2750          
	   Memory (MB)          :        0        0          
...
000 (13369.000.000) 01/18 15:25:25 Job submitted from host: <128.30.112.18:46685>
...
001 (13369.000.000) 01/18 15:25:28 Job executing on host: <128.30.66.163:58460>
...
006 (13369.000.000) 01/18 15:25:36 Image size of job updated: 38668
	7  -  MemoryUsage of job (MB)
	6340  -  ResidentSetSize of job (KB)
...
006 (13369.000.000) 01/18 15:30:36 Image size of job updated: 381948
	140  -  MemoryUsage of job (MB)
	142608  -  ResidentSetSize of job (KB)
...
006 (13369.000.000) 01/18 15:35:37 Image size of job updated: 477012
	163  -  MemoryUsage of job (MB)
	166756  -  ResidentSetSize of job (KB)
...
006 (13369.000.000) 01/18 15:45:38 Image size of job updated: 588724
	258  -  MemoryUsage of job (MB)
	263228  -  ResidentSetSize of job (KB)
...
005 (13369.000.000) 01/18 16:19:46 Job terminated.
	(1) Normal termination (return value 0)
		Usr 0 00:43:52, Sys 0 00:10:12  -  Run Remote Usage
		Usr 0 00:00:00, Sys 0 00:00:00  -  Run Local Usage
		Usr 0 00:43:52, Sys 0 00:10:12  -  Total Remote Usage
		Usr 0 00:00:00, Sys 0 00:00:00  -  Total Local Usage
	0  -  Run Bytes Sent By Job
	0  -  Run Bytes Received By Job
	0  -  Total Bytes Sent By Job
	0  -  Total Bytes Received By Job
	Partitionable Resources :    Usage  Request          
	   Cpus                 :                 1          
	   Disk (KB)            :     2750     2750          
	   Memory (MB)          :      258      258          
...
