============================================================
Domain:		PST
Dimensions:	12
|S|:		5451776
|A|:		27
|S|x|A|:		147197952
Episode Cap:	1000
Gamma:		0.9
NUM_UAV:		3
============================================================
Representation:		IndependentDiscretizationCompactBinary
Features per action:	52
Binary Dimensions:	[ 6  7  8  9 10 11]
============================================================
Representation:		iFDD
Features per action:	52
Initial Representation:	IndependentDiscretizationCompactBinary
Plus:			1
Sparsify:		1
Cached:			1
Online Threshold:	85.000
Batch Threshold:		85.000
Max Batch Discovery:	20
============================================================
Agent:		SARSA
Policy:		eGreedy
Alpha_0:		0.10
============================================================
Experiment:		OnlineExperiment
Output:			././1-results.txt
Learning Steps:		50000
Performance Checks:	10
Log Intervals:		60(s)
5000 >>> E[0:00:35]-R[0:05:17]: Return=0.00, Steps=1000, Features = 98
10000 >>> E[0:01:09]-R[0:04:36]: Return=-94.00, Steps=44, Features = 117
15000 >>> E[0:01:43]-R[0:04:00]: Return=-144.00, Steps=88, Features = 134
20000 >>> E[0:02:16]-R[0:03:24]: Return=-52.00, Steps=11, Features = 139
25000 >>> E[0:02:49]-R[0:02:49]: Return=-27.00, Steps=19, Features = 144
30000 >>> E[0:03:22]-R[0:02:15]: Return=-39.00, Steps=13, Features = 148
35000 >>> E[0:03:55]-R[0:01:41]: Return=104.00, Steps=114, Features = 159
40000 >>> E[0:04:31]-R[0:01:08]: Return=-6.00, Steps=1000, Features = 166
45000 >>> E[0:05:04]-R[0:00:34]: Return=-14.00, Steps=39, Features = 174
50000 >>> E[0:05:38]-R[0:00:00]: Return=14.00, Steps=1000, Features = 181
============================================================
Took 0:05:38
Results	=> ././1-results.txt
Log	=> ././1-out.txt
