============================================================
Domain:		PST
Dimensions:	12
|S|:		5451776
|A|:		27
|S|x|A|:		147197952
Episode Cap:	1000
Gamma:		0.9
NUM_UAV:		3
============================================================
Representation:		IndependentDiscretizationCompactBinary
Features per action:	52
Binary Dimensions:	[ 6  7  8  9 10 11]
============================================================
Representation:		iFDD
Features per action:	52
Initial Representation:	IndependentDiscretizationCompactBinary
Plus:			1
Sparsify:		1
Cached:			1
Online Threshold:	85.000
Batch Threshold:		85.000
Max Batch Discovery:	20
============================================================
Agent:		SARSA
Policy:		eGreedy
Alpha_0:		0.10
============================================================
Experiment:		OnlineExperiment
Output:			././8-results.txt
Learning Steps:		50000
Performance Checks:	10
Log Intervals:		60(s)
5000 >>> E[0:00:19]-R[0:02:54]: Return=-65.00, Steps=15, Features = 93
10000 >>> E[0:00:39]-R[0:02:37]: Return=-69.00, Steps=17, Features = 108
15000 >>> E[0:01:01]-R[0:02:23]: Return=-17.00, Steps=1000, Features = 127
20000 >>> E[0:01:21]-R[0:02:02]: Return=10.00, Steps=30, Features = 138
25000 >>> E[0:01:42]-R[0:01:42]: Return=9.00, Steps=27, Features = 146
30000 >>> E[0:02:02]-R[0:01:21]: Return=39.00, Steps=12, Features = 150
35000 >>> E[0:02:22]-R[0:01:01]: Return=63.00, Steps=10, Features = 154
40000 >>> E[0:02:42]-R[0:00:41]: Return=21.00, Steps=23, Features = 158
45000 >>> E[0:03:03]-R[0:00:20]: Return=-70.00, Steps=21, Features = 165
50000 >>> E[0:03:23]-R[0:00:00]: Return=-31.00, Steps=10, Features = 169
============================================================
Took 0:03:23
Results	=> ././8-results.txt
Log	=> ././8-out.txt
