000 (13743.000.000) 01/21 04:33:43 Job submitted from host: <128.30.112.18:46685>
...
001 (13743.000.000) 01/21 04:33:50 Job executing on host: <128.30.113.104:34762>
...
006 (13743.000.000) 01/21 04:33:58 Image size of job updated: 207128
	28  -  MemoryUsage of job (MB)
	27716  -  ResidentSetSize of job (KB)
...
006 (13743.000.000) 01/21 04:38:15 Image size of job updated: 258004
	28  -  MemoryUsage of job (MB)
	27716  -  ResidentSetSize of job (KB)
...
005 (13743.000.000) 01/21 04:38:15 Job terminated.
	(1) Normal termination (return value 0)
		Usr 0 00:04:24, Sys 0 00:00:00  -  Run Remote Usage
		Usr 0 00:00:00, Sys 0 00:00:00  -  Run Local Usage
		Usr 0 00:04:24, Sys 0 00:00:00  -  Total Remote Usage
		Usr 0 00:00:00, Sys 0 00:00:00  -  Total Local Usage
	0  -  Run Bytes Sent By Job
	0  -  Run Bytes Received By Job
	0  -  Total Bytes Sent By Job
	0  -  Total Bytes Received By Job
	Partitionable Resources :    Usage  Request          
	   Cpus                 :                 1          
	   Disk (KB)            :     2750     2750          
	   Memory (MB)          :       28       28          
...
