000 (13749.000.000) 01/21 04:33:44 Job submitted from host: <128.30.112.18:46685>
...
001 (13749.000.000) 01/21 04:33:50 Job executing on host: <128.30.66.165:41096>
...
006 (13749.000.000) 01/21 04:33:58 Image size of job updated: 287736
	47  -  MemoryUsage of job (MB)
	47740  -  ResidentSetSize of job (KB)
...
006 (13749.000.000) 01/21 04:38:58 Image size of job updated: 337236
	96  -  MemoryUsage of job (MB)
	97432  -  ResidentSetSize of job (KB)
...
005 (13749.000.000) 01/21 04:38:58 Job terminated.
	(1) Normal termination (return value 0)
		Usr 0 00:05:04, Sys 0 00:00:00  -  Run Remote Usage
		Usr 0 00:00:00, Sys 0 00:00:00  -  Run Local Usage
		Usr 0 00:05:04, Sys 0 00:00:00  -  Total Remote Usage
		Usr 0 00:00:00, Sys 0 00:00:00  -  Total Local Usage
	0  -  Run Bytes Sent By Job
	0  -  Run Bytes Received By Job
	0  -  Total Bytes Sent By Job
	0  -  Total Bytes Received By Job
	Partitionable Resources :    Usage  Request          
	   Cpus                 :                 1          
	   Disk (KB)            :     2750     2750          
	   Memory (MB)          :       96       96          
...
