000 (14174.000.000) 01/21 06:37:52 Job submitted from host: <128.30.112.18:46685>
...
001 (14174.000.000) 01/21 06:38:05 Job executing on host: <128.30.66.166:36393>
...
006 (14174.000.000) 01/21 06:38:14 Image size of job updated: 299272
	57  -  MemoryUsage of job (MB)
	57868  -  ResidentSetSize of job (KB)
...
006 (14174.000.000) 01/21 06:43:15 Image size of job updated: 343720
	89  -  MemoryUsage of job (MB)
	91052  -  ResidentSetSize of job (KB)
...
005 (14174.000.000) 01/21 06:44:06 Job terminated.
	(1) Normal termination (return value 0)
		Usr 0 00:05:39, Sys 0 00:00:15  -  Run Remote Usage
		Usr 0 00:00:00, Sys 0 00:00:00  -  Run Local Usage
		Usr 0 00:05:39, Sys 0 00:00:15  -  Total Remote Usage
		Usr 0 00:00:00, Sys 0 00:00:00  -  Total Local Usage
	0  -  Run Bytes Sent By Job
	0  -  Run Bytes Received By Job
	0  -  Total Bytes Sent By Job
	0  -  Total Bytes Received By Job
	Partitionable Resources :    Usage  Request          
	   Cpus                 :                 1          
	   Disk (KB)            :     2750     2750          
	   Memory (MB)          :       89       89          
...
