000 (14184.000.000) 01/21 06:37:53 Job submitted from host: <128.30.112.18:46685>
...
001 (14184.000.000) 01/21 06:38:12 Job executing on host: <128.30.113.101:38623>
...
006 (14184.000.000) 01/21 06:38:21 Image size of job updated: 219512
	40  -  MemoryUsage of job (MB)
	40068  -  ResidentSetSize of job (KB)
...
006 (14184.000.000) 01/21 06:43:22 Image size of job updated: 293972
	112  -  MemoryUsage of job (MB)
	114444  -  ResidentSetSize of job (KB)
...
005 (14184.000.000) 01/21 06:47:57 Job terminated.
	(1) Normal termination (return value 0)
		Usr 0 00:09:35, Sys 0 00:00:00  -  Run Remote Usage
		Usr 0 00:00:00, Sys 0 00:00:00  -  Run Local Usage
		Usr 0 00:09:35, Sys 0 00:00:00  -  Total Remote Usage
		Usr 0 00:00:00, Sys 0 00:00:00  -  Total Local Usage
	0  -  Run Bytes Sent By Job
	0  -  Run Bytes Received By Job
	0  -  Total Bytes Sent By Job
	0  -  Total Bytes Received By Job
	Partitionable Resources :    Usage  Request          
	   Cpus                 :                 1          
	   Disk (KB)            :     2750     2750          
	   Memory (MB)          :      112      112          
...
