000 (14186.000.000) 01/21 06:37:53 Job submitted from host: <128.30.112.18:46685>
...
001 (14186.000.000) 01/21 06:38:13 Job executing on host: <128.30.113.110:53061>
...
006 (14186.000.000) 01/21 06:38:21 Image size of job updated: 188776
	24  -  MemoryUsage of job (MB)
	24192  -  ResidentSetSize of job (KB)
...
006 (14186.000.000) 01/21 06:38:26 Image size of job updated: 208392
	24  -  MemoryUsage of job (MB)
	24192  -  ResidentSetSize of job (KB)
...
005 (14186.000.000) 01/21 06:38:26 Job terminated.
	(1) Normal termination (return value 1)
		Usr 0 00:00:11, Sys 0 00:00:00  -  Run Remote Usage
		Usr 0 00:00:00, Sys 0 00:00:00  -  Run Local Usage
		Usr 0 00:00:11, Sys 0 00:00:00  -  Total Remote Usage
		Usr 0 00:00:00, Sys 0 00:00:00  -  Total Local Usage
	0  -  Run Bytes Sent By Job
	0  -  Run Bytes Received By Job
	0  -  Total Bytes Sent By Job
	0  -  Total Bytes Received By Job
	Partitionable Resources :    Usage  Request          
	   Cpus                 :                 1          
	   Disk (KB)            :     2750     2750          
	   Memory (MB)          :       24       24          
...
