000 (14191.000.000) 01/21 06:37:54 Job submitted from host: <128.30.112.18:46685>
...
001 (14191.000.000) 01/21 06:38:13 Job executing on host: <128.30.66.164:41719>
...
006 (14191.000.000) 01/21 06:38:21 Image size of job updated: 285388
	45  -  MemoryUsage of job (MB)
	45404  -  ResidentSetSize of job (KB)
...
006 (14191.000.000) 01/21 06:43:21 Image size of job updated: 372976
	130  -  MemoryUsage of job (MB)
	132980  -  ResidentSetSize of job (KB)
...
006 (14191.000.000) 01/21 06:48:22 Image size of job updated: 420008
	165  -  MemoryUsage of job (MB)
	168672  -  ResidentSetSize of job (KB)
...
006 (14191.000.000) 01/21 06:58:24 Image size of job updated: 461924
	218  -  MemoryUsage of job (MB)
	222548  -  ResidentSetSize of job (KB)
...
006 (14191.000.000) 01/21 07:08:24 Image size of job updated: 549532
	303  -  MemoryUsage of job (MB)
	310228  -  ResidentSetSize of job (KB)
...
005 (14191.000.000) 01/21 07:24:34 Job terminated.
	(1) Normal termination (return value 0)
		Usr 0 00:39:01, Sys 0 00:06:55  -  Run Remote Usage
		Usr 0 00:00:00, Sys 0 00:00:00  -  Run Local Usage
		Usr 0 00:39:01, Sys 0 00:06:55  -  Total Remote Usage
		Usr 0 00:00:00, Sys 0 00:00:00  -  Total Local Usage
	0  -  Run Bytes Sent By Job
	0  -  Run Bytes Received By Job
	0  -  Total Bytes Sent By Job
	0  -  Total Bytes Received By Job
	Partitionable Resources :    Usage  Request          
	   Cpus                 :                 1          
	   Disk (KB)            :     2750     2750          
	   Memory (MB)          :      303      303          
...
