000 (14177.000.000) 01/21 06:37:52 Job submitted from host: <128.30.112.18:46685>
...
001 (14177.000.000) 01/21 06:38:10 Job executing on host: <128.30.66.163:58460>
...
006 (14177.000.000) 01/21 06:38:18 Image size of job updated: 284856
	45  -  MemoryUsage of job (MB)
	45116  -  ResidentSetSize of job (KB)
...
006 (14177.000.000) 01/21 06:43:18 Image size of job updated: 372920
	130  -  MemoryUsage of job (MB)
	132688  -  ResidentSetSize of job (KB)
...
005 (14177.000.000) 01/21 06:46:33 Job terminated.
	(1) Normal termination (return value 0)
		Usr 0 00:08:15, Sys 0 00:00:00  -  Run Remote Usage
		Usr 0 00:00:00, Sys 0 00:00:00  -  Run Local Usage
		Usr 0 00:08:15, Sys 0 00:00:00  -  Total Remote Usage
		Usr 0 00:00:00, Sys 0 00:00:00  -  Total Local Usage
	0  -  Run Bytes Sent By Job
	0  -  Run Bytes Received By Job
	0  -  Total Bytes Sent By Job
	0  -  Total Bytes Received By Job
	Partitionable Resources :    Usage  Request          
	   Cpus                 :                 1          
	   Disk (KB)            :     2750     2750          
	   Memory (MB)          :      130      130          
...
