000 (14178.000.000) 01/21 06:37:52 Job submitted from host: <128.30.112.18:46685>
...
001 (14178.000.000) 01/21 06:38:12 Job executing on host: <128.30.66.170:39331>
...
006 (14178.000.000) 01/21 06:38:21 Image size of job updated: 284744
	44  -  MemoryUsage of job (MB)
	44996  -  ResidentSetSize of job (KB)
...
006 (14178.000.000) 01/21 06:43:22 Image size of job updated: 368264
	113  -  MemoryUsage of job (MB)
	115472  -  ResidentSetSize of job (KB)
...
005 (14178.000.000) 01/21 06:45:51 Job terminated.
	(1) Normal termination (return value 0)
		Usr 0 00:07:26, Sys 0 00:00:05  -  Run Remote Usage
		Usr 0 00:00:00, Sys 0 00:00:00  -  Run Local Usage
		Usr 0 00:07:26, Sys 0 00:00:05  -  Total Remote Usage
		Usr 0 00:00:00, Sys 0 00:00:00  -  Total Local Usage
	0  -  Run Bytes Sent By Job
	0  -  Run Bytes Received By Job
	0  -  Total Bytes Sent By Job
	0  -  Total Bytes Received By Job
	Partitionable Resources :    Usage  Request          
	   Cpus                 :                 1          
	   Disk (KB)            :     2750     2750          
	   Memory (MB)          :      113      113          
...
