000 (13568.000.000) 01/20 19:54:15 Job submitted from host: <128.30.112.18:46685>
...
001 (13568.000.000) 01/20 19:54:36 Job executing on host: <128.30.66.165:41096>
...
006 (13568.000.000) 01/20 19:54:44 Image size of job updated: 2750
	3  -  MemoryUsage of job (MB)
	2224  -  ResidentSetSize of job (KB)
...
006 (13568.000.000) 01/20 19:57:14 Image size of job updated: 283848
	3  -  MemoryUsage of job (MB)
	2224  -  ResidentSetSize of job (KB)
...
005 (13568.000.000) 01/20 19:57:14 Job terminated.
	(1) Normal termination (return value 0)
		Usr 0 00:02:28, Sys 0 00:00:00  -  Run Remote Usage
		Usr 0 00:00:00, Sys 0 00:00:00  -  Run Local Usage
		Usr 0 00:02:28, Sys 0 00:00:00  -  Total Remote Usage
		Usr 0 00:00:00, Sys 0 00:00:00  -  Total Local Usage
	0  -  Run Bytes Sent By Job
	0  -  Run Bytes Received By Job
	0  -  Total Bytes Sent By Job
	0  -  Total Bytes Received By Job
	Partitionable Resources :    Usage  Request          
	   Cpus                 :                 1          
	   Disk (KB)            :     2750     2750          
	   Memory (MB)          :        3        3          
...
