000 (13482.000.000) 01/20 19:09:26 Job submitted from host: <128.30.112.18:46685>
...
001 (13482.000.000) 01/20 19:09:40 Job executing on host: <128.30.66.170:39331>
...
006 (13482.000.000) 01/20 19:09:49 Image size of job updated: 80492
	11  -  MemoryUsage of job (MB)
	10988  -  ResidentSetSize of job (KB)
...
006 (13482.000.000) 01/20 19:14:50 Image size of job updated: 399024
	156  -  MemoryUsage of job (MB)
	159436  -  ResidentSetSize of job (KB)
...
006 (13482.000.000) 01/20 19:19:50 Image size of job updated: 454244
	209  -  MemoryUsage of job (MB)
	213712  -  ResidentSetSize of job (KB)
...
006 (13482.000.000) 01/20 19:24:51 Image size of job updated: 494980
	245  -  MemoryUsage of job (MB)
	250804  -  ResidentSetSize of job (KB)
...
006 (13482.000.000) 01/20 19:25:20 Image size of job updated: 498180
	245  -  MemoryUsage of job (MB)
	250804  -  ResidentSetSize of job (KB)
...
005 (13482.000.000) 01/20 19:25:20 Job terminated.
	(1) Normal termination (return value 0)
		Usr 0 00:15:15, Sys 0 00:00:13  -  Run Remote Usage
		Usr 0 00:00:00, Sys 0 00:00:00  -  Run Local Usage
		Usr 0 00:15:15, Sys 0 00:00:13  -  Total Remote Usage
		Usr 0 00:00:00, Sys 0 00:00:00  -  Total Local Usage
	0  -  Run Bytes Sent By Job
	0  -  Run Bytes Received By Job
	0  -  Total Bytes Sent By Job
	0  -  Total Bytes Received By Job
	Partitionable Resources :    Usage  Request          
	   Cpus                 :                 1          
	   Disk (KB)            :     2750     2750          
	   Memory (MB)          :      245      245          
...
