000 (13479.000.000) 01/20 19:09:26 Job submitted from host: <128.30.112.18:46685>
...
001 (13479.000.000) 01/20 19:09:40 Job executing on host: <128.30.66.169:43926>
...
006 (13479.000.000) 01/20 19:09:49 Image size of job updated: 225096
	37  -  MemoryUsage of job (MB)
	37144  -  ResidentSetSize of job (KB)
...
006 (13479.000.000) 01/20 19:14:50 Image size of job updated: 439252
	195  -  MemoryUsage of job (MB)
	199504  -  ResidentSetSize of job (KB)
...
006 (13479.000.000) 01/20 19:19:50 Image size of job updated: 498424
	253  -  MemoryUsage of job (MB)
	258556  -  ResidentSetSize of job (KB)
...
006 (13479.000.000) 01/20 19:20:13 Image size of job updated: 498596
	253  -  MemoryUsage of job (MB)
	258556  -  ResidentSetSize of job (KB)
...
005 (13479.000.000) 01/20 19:20:13 Job terminated.
	(1) Normal termination (return value 0)
		Usr 0 00:10:16, Sys 0 00:00:09  -  Run Remote Usage
		Usr 0 00:00:00, Sys 0 00:00:00  -  Run Local Usage
		Usr 0 00:10:16, Sys 0 00:00:09  -  Total Remote Usage
		Usr 0 00:00:00, Sys 0 00:00:00  -  Total Local Usage
	0  -  Run Bytes Sent By Job
	0  -  Run Bytes Received By Job
	0  -  Total Bytes Sent By Job
	0  -  Total Bytes Received By Job
	Partitionable Resources :    Usage  Request          
	   Cpus                 :                 1          
	   Disk (KB)            :     2750     2750          
	   Memory (MB)          :      253      253          
...
