000 (13480.000.000) 01/20 19:09:26 Job submitted from host: <128.30.112.18:46685>
...
001 (13480.000.000) 01/20 19:09:40 Job executing on host: <128.30.66.166:36393>
...
006 (13480.000.000) 01/20 19:09:49 Image size of job updated: 205924
	35  -  MemoryUsage of job (MB)
	35656  -  ResidentSetSize of job (KB)
...
006 (13480.000.000) 01/20 19:14:50 Image size of job updated: 434524
	190  -  MemoryUsage of job (MB)
	194560  -  ResidentSetSize of job (KB)
...
006 (13480.000.000) 01/20 19:19:20 Image size of job updated: 479764
	190  -  MemoryUsage of job (MB)
	194560  -  ResidentSetSize of job (KB)
...
005 (13480.000.000) 01/20 19:19:20 Job terminated.
	(1) Normal termination (return value 0)
		Usr 0 00:09:24, Sys 0 00:00:07  -  Run Remote Usage
		Usr 0 00:00:00, Sys 0 00:00:00  -  Run Local Usage
		Usr 0 00:09:24, Sys 0 00:00:07  -  Total Remote Usage
		Usr 0 00:00:00, Sys 0 00:00:00  -  Total Local Usage
	0  -  Run Bytes Sent By Job
	0  -  Run Bytes Received By Job
	0  -  Total Bytes Sent By Job
	0  -  Total Bytes Received By Job
	Partitionable Resources :    Usage  Request          
	   Cpus                 :                 1          
	   Disk (KB)            :     2750     2750          
	   Memory (MB)          :      190      190          
...
