000 (13481.000.000) 01/20 19:09:26 Job submitted from host: <128.30.112.18:46685>
...
001 (13481.000.000) 01/20 19:09:40 Job executing on host: <128.30.66.164:41719>
...
006 (13481.000.000) 01/20 19:09:49 Image size of job updated: 286804
	46  -  MemoryUsage of job (MB)
	46948  -  ResidentSetSize of job (KB)
...
006 (13481.000.000) 01/20 19:14:50 Image size of job updated: 426148
	181  -  MemoryUsage of job (MB)
	184904  -  ResidentSetSize of job (KB)
...
006 (13481.000.000) 01/20 19:19:50 Image size of job updated: 490260
	245  -  MemoryUsage of job (MB)
	250484  -  ResidentSetSize of job (KB)
...
006 (13481.000.000) 01/20 19:21:44 Image size of job updated: 501028
	245  -  MemoryUsage of job (MB)
	250484  -  ResidentSetSize of job (KB)
...
005 (13481.000.000) 01/20 19:21:44 Job terminated.
	(1) Normal termination (return value 0)
		Usr 0 00:11:48, Sys 0 00:00:10  -  Run Remote Usage
		Usr 0 00:00:00, Sys 0 00:00:00  -  Run Local Usage
		Usr 0 00:11:48, Sys 0 00:00:10  -  Total Remote Usage
		Usr 0 00:00:00, Sys 0 00:00:00  -  Total Local Usage
	0  -  Run Bytes Sent By Job
	0  -  Run Bytes Received By Job
	0  -  Total Bytes Sent By Job
	0  -  Total Bytes Received By Job
	Partitionable Resources :    Usage  Request          
	   Cpus                 :                 1          
	   Disk (KB)            :     2750     2750          
	   Memory (MB)          :      245      245          
...
