000 (14739.000.000) 01/22 19:09:26 Job submitted from host: <128.30.112.18:46685>
...
001 (14739.000.000) 01/22 19:09:44 Job executing on host: <128.30.66.170:39331>
...
006 (14739.000.000) 01/22 19:09:53 Image size of job updated: 59960
	10  -  MemoryUsage of job (MB)
	9748  -  ResidentSetSize of job (KB)
...
006 (14739.000.000) 01/22 19:14:54 Image size of job updated: 511128
	266  -  MemoryUsage of job (MB)
	271672  -  ResidentSetSize of job (KB)
...
006 (14739.000.000) 01/22 19:19:55 Image size of job updated: 552956
	266  -  MemoryUsage of job (MB)
	271672  -  ResidentSetSize of job (KB)
...
006 (14739.000.000) 01/22 19:29:56 Image size of job updated: 552956
	307  -  MemoryUsage of job (MB)
	313480  -  ResidentSetSize of job (KB)
...
006 (14739.000.000) 01/22 21:45:12 Image size of job updated: 554344
	308  -  MemoryUsage of job (MB)
	314752  -  ResidentSetSize of job (KB)
...
006 (14739.000.000) 01/22 22:10:14 Image size of job updated: 554344
	308  -  MemoryUsage of job (MB)
	314944  -  ResidentSetSize of job (KB)
...
006 (14739.000.000) 01/22 22:50:20 Image size of job updated: 555992
	308  -  MemoryUsage of job (MB)
	314944  -  ResidentSetSize of job (KB)
...
006 (14739.000.000) 01/22 23:00:20 Image size of job updated: 555992
	309  -  MemoryUsage of job (MB)
	315796  -  ResidentSetSize of job (KB)
...
006 (14739.000.000) 01/22 23:35:23 Image size of job updated: 555992
	310  -  MemoryUsage of job (MB)
	316588  -  ResidentSetSize of job (KB)
...
006 (14739.000.000) 01/23 00:00:27 Image size of job updated: 557360
	311  -  MemoryUsage of job (MB)
	317956  -  ResidentSetSize of job (KB)
...
006 (14739.000.000) 01/23 00:50:32 Image size of job updated: 557360
	311  -  MemoryUsage of job (MB)
	318052  -  ResidentSetSize of job (KB)
...
006 (14739.000.000) 01/23 01:05:33 Image size of job updated: 558732
	311  -  MemoryUsage of job (MB)
	318052  -  ResidentSetSize of job (KB)
...
006 (14739.000.000) 01/23 01:20:35 Image size of job updated: 558732
	312  -  MemoryUsage of job (MB)
	319328  -  ResidentSetSize of job (KB)
...
006 (14739.000.000) 01/23 02:10:40 Image size of job updated: 559692
	312  -  MemoryUsage of job (MB)
	319328  -  ResidentSetSize of job (KB)
...
006 (14739.000.000) 01/23 02:15:41 Image size of job updated: 559692
	313  -  MemoryUsage of job (MB)
	320292  -  ResidentSetSize of job (KB)
...
