000 (14748.000.000) 01/22 19:09:27 Job submitted from host: <128.30.112.18:46685>
...
001 (14748.000.000) 01/22 19:09:44 Job executing on host: <128.30.113.104:34762>
...
006 (14748.000.000) 01/22 19:09:53 Image size of job updated: 206800
	27  -  MemoryUsage of job (MB)
	27528  -  ResidentSetSize of job (KB)
...
006 (14748.000.000) 01/22 19:14:54 Image size of job updated: 425648
	200  -  MemoryUsage of job (MB)
	203944  -  ResidentSetSize of job (KB)
...
006 (14748.000.000) 01/22 19:19:55 Image size of job updated: 473592
	251  -  MemoryUsage of job (MB)
	256744  -  ResidentSetSize of job (KB)
...
006 (14748.000.000) 01/22 19:24:55 Image size of job updated: 473592
	288  -  MemoryUsage of job (MB)
	294792  -  ResidentSetSize of job (KB)
...
006 (14748.000.000) 01/22 20:50:02 Image size of job updated: 474052
	289  -  MemoryUsage of job (MB)
	295172  -  ResidentSetSize of job (KB)
...
006 (14748.000.000) 01/22 21:10:03 Image size of job updated: 474052
	289  -  MemoryUsage of job (MB)
	295268  -  ResidentSetSize of job (KB)
...
006 (14748.000.000) 01/22 21:25:05 Image size of job updated: 474052
	289  -  MemoryUsage of job (MB)
	295272  -  ResidentSetSize of job (KB)
...
006 (14748.000.000) 01/22 22:00:08 Image size of job updated: 475856
	289  -  MemoryUsage of job (MB)
	295272  -  ResidentSetSize of job (KB)
...
006 (14748.000.000) 01/22 22:05:08 Image size of job updated: 475856
	291  -  MemoryUsage of job (MB)
	297076  -  ResidentSetSize of job (KB)
...
006 (14748.000.000) 01/22 22:25:11 Image size of job updated: 475856
	291  -  MemoryUsage of job (MB)
	297160  -  ResidentSetSize of job (KB)
...
006 (14748.000.000) 01/22 22:45:14 Image size of job updated: 475856
	291  -  MemoryUsage of job (MB)
	297176  -  ResidentSetSize of job (KB)
...
006 (14748.000.000) 01/22 23:15:17 Image size of job updated: 477216
	291  -  MemoryUsage of job (MB)
	297176  -  ResidentSetSize of job (KB)
...
006 (14748.000.000) 01/22 23:25:18 Image size of job updated: 477216
	292  -  MemoryUsage of job (MB)
	298436  -  ResidentSetSize of job (KB)
...
006 (14748.000.000) 01/23 00:20:23 Image size of job updated: 630596
	421  -  MemoryUsage of job (MB)
	430208  -  ResidentSetSize of job (KB)
...
006 (14748.000.000) 01/23 00:30:24 Image size of job updated: 640348
	451  -  MemoryUsage of job (MB)
	461360  -  ResidentSetSize of job (KB)
...
