000 (14749.000.000) 01/22 19:09:27 Job submitted from host: <128.30.112.18:46685>
...
001 (14749.000.000) 01/22 19:09:44 Job executing on host: <128.30.66.167:50426>
...
006 (14749.000.000) 01/22 19:09:53 Image size of job updated: 180980
	33  -  MemoryUsage of job (MB)
	33656  -  ResidentSetSize of job (KB)
...
006 (14749.000.000) 01/22 19:14:54 Image size of job updated: 511360
	266  -  MemoryUsage of job (MB)
	271808  -  ResidentSetSize of job (KB)
...
006 (14749.000.000) 01/22 19:19:54 Image size of job updated: 553188
	296  -  MemoryUsage of job (MB)
	302520  -  ResidentSetSize of job (KB)
...
006 (14749.000.000) 01/22 19:24:54 Image size of job updated: 553188
	302  -  MemoryUsage of job (MB)
	308664  -  ResidentSetSize of job (KB)
...
006 (14749.000.000) 01/22 19:29:55 Image size of job updated: 553188
	307  -  MemoryUsage of job (MB)
	313720  -  ResidentSetSize of job (KB)
...
006 (14749.000.000) 01/22 20:50:03 Image size of job updated: 554624
	307  -  MemoryUsage of job (MB)
	313720  -  ResidentSetSize of job (KB)
...
006 (14749.000.000) 01/22 21:15:06 Image size of job updated: 554624
	308  -  MemoryUsage of job (MB)
	315260  -  ResidentSetSize of job (KB)
...
006 (14749.000.000) 01/22 21:30:07 Image size of job updated: 555964
	308  -  MemoryUsage of job (MB)
	315260  -  ResidentSetSize of job (KB)
...
006 (14749.000.000) 01/22 21:40:08 Image size of job updated: 556612
	310  -  MemoryUsage of job (MB)
	317148  -  ResidentSetSize of job (KB)
...
006 (14749.000.000) 01/22 22:10:11 Image size of job updated: 558328
	310  -  MemoryUsage of job (MB)
	317148  -  ResidentSetSize of job (KB)
...
006 (14749.000.000) 01/22 22:20:12 Image size of job updated: 558328
	312  -  MemoryUsage of job (MB)
	318864  -  ResidentSetSize of job (KB)
...
006 (14749.000.000) 01/22 22:50:16 Image size of job updated: 559188
	312  -  MemoryUsage of job (MB)
	318864  -  ResidentSetSize of job (KB)
...
005 (14749.000.000) 01/22 23:17:49 Job terminated.
	(0) Abnormal termination (signal 9)
	(0) No core file
		Usr 0 02:52:40, Sys 0 01:14:30  -  Run Remote Usage
		Usr 0 00:00:00, Sys 0 00:00:00  -  Run Local Usage
		Usr 0 02:52:40, Sys 0 01:14:30  -  Total Remote Usage
		Usr 0 00:00:00, Sys 0 00:00:00  -  Total Local Usage
	0  -  Run Bytes Sent By Job
	0  -  Run Bytes Received By Job
	0  -  Total Bytes Sent By Job
	0  -  Total Bytes Received By Job
	Partitionable Resources :    Usage  Request          
	   Cpus                 :                 1          
	   Disk (KB)            :     2750     2750          
	   Memory (MB)          :      312      312          
...
