000 (14752.000.000) 01/22 19:09:27 Job submitted from host: <128.30.112.18:46685>
...
001 (14752.000.000) 01/22 19:09:44 Job executing on host: <128.30.66.165:41096>
...
006 (14752.000.000) 01/22 19:09:53 Image size of job updated: 285140
	45  -  MemoryUsage of job (MB)
	45124  -  ResidentSetSize of job (KB)
...
006 (14752.000.000) 01/22 19:14:54 Image size of job updated: 327692
	78  -  MemoryUsage of job (MB)
	79500  -  ResidentSetSize of job (KB)
...
006 (14752.000.000) 01/22 19:19:54 Image size of job updated: 556472
	296  -  MemoryUsage of job (MB)
	302676  -  ResidentSetSize of job (KB)
...
006 (14752.000.000) 01/22 19:24:54 Image size of job updated: 557372
	296  -  MemoryUsage of job (MB)
	302676  -  ResidentSetSize of job (KB)
...
006 (14752.000.000) 01/22 19:29:55 Image size of job updated: 604784
	312  -  MemoryUsage of job (MB)
	318712  -  ResidentSetSize of job (KB)
...
006 (14752.000.000) 01/22 19:34:56 Image size of job updated: 604784
	354  -  MemoryUsage of job (MB)
	361720  -  ResidentSetSize of job (KB)
...
006 (14752.000.000) 01/22 20:20:01 Image size of job updated: 604784
	357  -  MemoryUsage of job (MB)
	365236  -  ResidentSetSize of job (KB)
...
006 (14752.000.000) 01/22 21:20:07 Image size of job updated: 604784
	357  -  MemoryUsage of job (MB)
	365340  -  ResidentSetSize of job (KB)
...
006 (14752.000.000) 01/23 00:30:26 Image size of job updated: 605304
	357  -  MemoryUsage of job (MB)
	365340  -  ResidentSetSize of job (KB)
...
006 (14752.000.000) 01/23 00:35:27 Image size of job updated: 605304
	358  -  MemoryUsage of job (MB)
	365860  -  ResidentSetSize of job (KB)
...
006 (14752.000.000) 01/23 02:00:34 Image size of job updated: 605876
	358  -  MemoryUsage of job (MB)
	366388  -  ResidentSetSize of job (KB)
...
006 (14752.000.000) 01/23 02:10:35 Image size of job updated: 605876
	358  -  MemoryUsage of job (MB)
	366432  -  ResidentSetSize of job (KB)
...
