000 (14753.000.000) 01/22 19:09:28 Job submitted from host: <128.30.112.18:46685>
...
001 (14753.000.000) 01/22 19:09:44 Job executing on host: <128.30.66.163:58460>
...
006 (14753.000.000) 01/22 19:09:53 Image size of job updated: 285680
	45  -  MemoryUsage of job (MB)
	45644  -  ResidentSetSize of job (KB)
...
006 (14753.000.000) 01/22 19:14:54 Image size of job updated: 504748
	206  -  MemoryUsage of job (MB)
	210492  -  ResidentSetSize of job (KB)
...
006 (14753.000.000) 01/22 19:19:54 Image size of job updated: 552884
	241  -  MemoryUsage of job (MB)
	246212  -  ResidentSetSize of job (KB)
...
006 (14753.000.000) 01/22 19:24:54 Image size of job updated: 552884
	278  -  MemoryUsage of job (MB)
	283772  -  ResidentSetSize of job (KB)
...
006 (14753.000.000) 01/22 19:29:56 Image size of job updated: 552884
	306  -  MemoryUsage of job (MB)
	312444  -  ResidentSetSize of job (KB)
...
006 (14753.000.000) 01/22 19:34:56 Image size of job updated: 552884
	307  -  MemoryUsage of job (MB)
	313404  -  ResidentSetSize of job (KB)
...
006 (14753.000.000) 01/22 21:35:07 Image size of job updated: 554164
	307  -  MemoryUsage of job (MB)
	313404  -  ResidentSetSize of job (KB)
...
006 (14753.000.000) 01/22 21:45:09 Image size of job updated: 554164
	308  -  MemoryUsage of job (MB)
	314812  -  ResidentSetSize of job (KB)
...
006 (14753.000.000) 01/22 22:25:12 Image size of job updated: 554164
	308  -  MemoryUsage of job (MB)
	314860  -  ResidentSetSize of job (KB)
...
006 (14753.000.000) 01/22 22:40:13 Image size of job updated: 555828
	308  -  MemoryUsage of job (MB)
	314860  -  ResidentSetSize of job (KB)
...
006 (14753.000.000) 01/22 23:10:17 Image size of job updated: 555828
	310  -  MemoryUsage of job (MB)
	316420  -  ResidentSetSize of job (KB)
...
006 (14753.000.000) 01/22 23:40:21 Image size of job updated: 557028
	310  -  MemoryUsage of job (MB)
	316420  -  ResidentSetSize of job (KB)
...
006 (14753.000.000) 01/22 23:50:22 Image size of job updated: 557028
	311  -  MemoryUsage of job (MB)
	317712  -  ResidentSetSize of job (KB)
...
006 (14753.000.000) 01/23 00:45:27 Image size of job updated: 558688
	312  -  MemoryUsage of job (MB)
	319280  -  ResidentSetSize of job (KB)
...
006 (14753.000.000) 01/23 01:45:34 Image size of job updated: 561052
	315  -  MemoryUsage of job (MB)
	321648  -  ResidentSetSize of job (KB)
...
006 (14753.000.000) 01/23 03:25:44 Image size of job updated: 561652
	315  -  MemoryUsage of job (MB)
	322176  -  ResidentSetSize of job (KB)
...
