000 (14755.000.000) 01/22 19:09:28 Job submitted from host: <128.30.112.18:46685>
...
001 (14755.000.000) 01/22 19:09:44 Job executing on host: <128.30.66.164:41719>
...
006 (14755.000.000) 01/22 19:09:53 Image size of job updated: 299076
	58  -  MemoryUsage of job (MB)
	59292  -  ResidentSetSize of job (KB)
...
006 (14755.000.000) 01/22 19:14:54 Image size of job updated: 504860
	228  -  MemoryUsage of job (MB)
	232452  -  ResidentSetSize of job (KB)
...
006 (14755.000.000) 01/22 19:19:54 Image size of job updated: 511164
	266  -  MemoryUsage of job (MB)
	271708  -  ResidentSetSize of job (KB)
...
006 (14755.000.000) 01/22 19:24:55 Image size of job updated: 552992
	266  -  MemoryUsage of job (MB)
	271708  -  ResidentSetSize of job (KB)
...
006 (14755.000.000) 01/22 19:34:56 Image size of job updated: 552992
	307  -  MemoryUsage of job (MB)
	313516  -  ResidentSetSize of job (KB)
...
006 (14755.000.000) 01/22 21:55:09 Image size of job updated: 554220
	307  -  MemoryUsage of job (MB)
	313516  -  ResidentSetSize of job (KB)
...
006 (14755.000.000) 01/22 22:20:10 Image size of job updated: 554220
	308  -  MemoryUsage of job (MB)
	314948  -  ResidentSetSize of job (KB)
...
006 (14755.000.000) 01/22 22:45:13 Image size of job updated: 554220
	308  -  MemoryUsage of job (MB)
	314952  -  ResidentSetSize of job (KB)
...
006 (14755.000.000) 01/22 23:15:16 Image size of job updated: 555720
	308  -  MemoryUsage of job (MB)
	314952  -  ResidentSetSize of job (KB)
...
006 (14755.000.000) 01/22 23:20:16 Image size of job updated: 555720
	309  -  MemoryUsage of job (MB)
	316388  -  ResidentSetSize of job (KB)
...
006 (14755.000.000) 01/23 00:00:21 Image size of job updated: 556344
	310  -  MemoryUsage of job (MB)
	316916  -  ResidentSetSize of job (KB)
...
006 (14755.000.000) 01/23 00:20:23 Image size of job updated: 557620
	310  -  MemoryUsage of job (MB)
	316916  -  ResidentSetSize of job (KB)
...
006 (14755.000.000) 01/23 00:25:23 Image size of job updated: 613728
	366  -  MemoryUsage of job (MB)
	374288  -  ResidentSetSize of job (KB)
...
