000 (14757.000.000) 01/22 19:09:28 Job submitted from host: <128.30.112.18:46685>
...
001 (14757.000.000) 01/22 19:09:45 Job executing on host: <128.30.112.194:48324>
...
006 (14757.000.000) 01/22 19:09:53 Image size of job updated: 62588
	9  -  MemoryUsage of job (MB)
	8612  -  ResidentSetSize of job (KB)
...
005 (14757.000.000) 01/22 19:10:02 Job terminated.
	(1) Normal termination (return value 1)
		Usr 0 00:00:00, Sys 0 00:00:00  -  Run Remote Usage
		Usr 0 00:00:00, Sys 0 00:00:00  -  Run Local Usage
		Usr 0 00:00:00, Sys 0 00:00:00  -  Total Remote Usage
		Usr 0 00:00:00, Sys 0 00:00:00  -  Total Local Usage
	0  -  Run Bytes Sent By Job
	0  -  Run Bytes Received By Job
	0  -  Total Bytes Sent By Job
	0  -  Total Bytes Received By Job
	Partitionable Resources :    Usage  Request          
	   Cpus                 :                 1          
	   Disk (KB)            :     2750     2750          
	   Memory (MB)          :        9        9          
...
