000 (14758.000.000) 01/22 19:09:28 Job submitted from host: <128.30.112.18:46685>
...
001 (14758.000.000) 01/22 19:09:44 Job executing on host: <128.30.66.167:50426>
...
006 (14758.000.000) 01/22 19:09:53 Image size of job updated: 2750
	3  -  MemoryUsage of job (MB)
	2236  -  ResidentSetSize of job (KB)
...
006 (14758.000.000) 01/22 19:14:54 Image size of job updated: 307864
	67  -  MemoryUsage of job (MB)
	68292  -  ResidentSetSize of job (KB)
...
006 (14758.000.000) 01/22 19:19:54 Image size of job updated: 312424
	72  -  MemoryUsage of job (MB)
	73000  -  ResidentSetSize of job (KB)
...
005 (14758.000.000) 01/22 19:22:20 Job terminated.
	(1) Normal termination (return value 0)
		Usr 0 00:12:09, Sys 0 00:00:14  -  Run Remote Usage
		Usr 0 00:00:00, Sys 0 00:00:00  -  Run Local Usage
		Usr 0 00:12:09, Sys 0 00:00:14  -  Total Remote Usage
		Usr 0 00:00:00, Sys 0 00:00:00  -  Total Local Usage
	0  -  Run Bytes Sent By Job
	0  -  Run Bytes Received By Job
	0  -  Total Bytes Sent By Job
	0  -  Total Bytes Received By Job
	Partitionable Resources :    Usage  Request          
	   Cpus                 :                 1          
	   Disk (KB)            :     2750     2750          
	   Memory (MB)          :       72       72          
...
