000 (14741.000.000) 01/22 19:09:26 Job submitted from host: <128.30.112.18:46685>
...
001 (14741.000.000) 01/22 19:09:44 Job executing on host: <128.30.66.164:41719>
...
006 (14741.000.000) 01/22 19:09:53 Image size of job updated: 300552
	60  -  MemoryUsage of job (MB)
	60788  -  ResidentSetSize of job (KB)
...
006 (14741.000.000) 01/22 19:14:54 Image size of job updated: 504812
	214  -  MemoryUsage of job (MB)
	218720  -  ResidentSetSize of job (KB)
...
006 (14741.000.000) 01/22 19:19:54 Image size of job updated: 552948
	302  -  MemoryUsage of job (MB)
	308416  -  ResidentSetSize of job (KB)
...
006 (14741.000.000) 01/22 19:24:54 Image size of job updated: 552948
	307  -  MemoryUsage of job (MB)
	313472  -  ResidentSetSize of job (KB)
...
006 (14741.000.000) 01/22 21:55:09 Image size of job updated: 554324
	307  -  MemoryUsage of job (MB)
	313472  -  ResidentSetSize of job (KB)
...
006 (14741.000.000) 01/22 22:00:09 Image size of job updated: 554324
	308  -  MemoryUsage of job (MB)
	314988  -  ResidentSetSize of job (KB)
...
006 (14741.000.000) 01/22 22:15:11 Image size of job updated: 554324
	308  -  MemoryUsage of job (MB)
	315100  -  ResidentSetSize of job (KB)
...
006 (14741.000.000) 01/22 22:30:13 Image size of job updated: 554324
	308  -  MemoryUsage of job (MB)
	315112  -  ResidentSetSize of job (KB)
...
006 (14741.000.000) 01/22 23:15:17 Image size of job updated: 555672
	308  -  MemoryUsage of job (MB)
	315112  -  ResidentSetSize of job (KB)
...
006 (14741.000.000) 01/22 23:20:17 Image size of job updated: 555672
	309  -  MemoryUsage of job (MB)
	316336  -  ResidentSetSize of job (KB)
...
006 (14741.000.000) 01/22 23:35:18 Image size of job updated: 556276
	309  -  MemoryUsage of job (MB)
	316336  -  ResidentSetSize of job (KB)
...
006 (14741.000.000) 01/22 23:55:20 Image size of job updated: 556276
	310  -  MemoryUsage of job (MB)
	316940  -  ResidentSetSize of job (KB)
...
006 (14741.000.000) 01/23 00:35:25 Image size of job updated: 558036
	312  -  MemoryUsage of job (MB)
	318700  -  ResidentSetSize of job (KB)
...
006 (14741.000.000) 01/23 01:35:31 Image size of job updated: 616492
	359  -  MemoryUsage of job (MB)
	366960  -  ResidentSetSize of job (KB)
...
006 (14741.000.000) 01/23 01:40:33 Image size of job updated: 621652
	374  -  MemoryUsage of job (MB)
	382312  -  ResidentSetSize of job (KB)
...
