000 (14742.000.000) 01/22 19:09:26 Job submitted from host: <128.30.112.18:46685>
...
001 (14742.000.000) 01/22 19:09:44 Job executing on host: <128.30.66.165:41096>
...
006 (14742.000.000) 01/22 19:09:53 Image size of job updated: 285196
	45  -  MemoryUsage of job (MB)
	45348  -  ResidentSetSize of job (KB)
...
006 (14742.000.000) 01/22 19:14:54 Image size of job updated: 504936
	181  -  MemoryUsage of job (MB)
	184456  -  ResidentSetSize of job (KB)
...
006 (14742.000.000) 01/22 19:19:55 Image size of job updated: 553068
	260  -  MemoryUsage of job (MB)
	265800  -  ResidentSetSize of job (KB)
...
006 (14742.000.000) 01/22 19:24:55 Image size of job updated: 553068
	307  -  MemoryUsage of job (MB)
	313668  -  ResidentSetSize of job (KB)
...
006 (14742.000.000) 01/22 22:15:15 Image size of job updated: 554332
	307  -  MemoryUsage of job (MB)
	313668  -  ResidentSetSize of job (KB)
...
006 (14742.000.000) 01/22 22:20:16 Image size of job updated: 554332
	308  -  MemoryUsage of job (MB)
	314860  -  ResidentSetSize of job (KB)
...
006 (14742.000.000) 01/22 22:40:18 Image size of job updated: 554332
	308  -  MemoryUsage of job (MB)
	314940  -  ResidentSetSize of job (KB)
...
006 (14742.000.000) 01/22 23:40:24 Image size of job updated: 555852
	308  -  MemoryUsage of job (MB)
	314940  -  ResidentSetSize of job (KB)
...
006 (14742.000.000) 01/22 23:50:26 Image size of job updated: 555852
	309  -  MemoryUsage of job (MB)
	316380  -  ResidentSetSize of job (KB)
...
006 (14742.000.000) 01/23 00:00:26 Image size of job updated: 556480
	309  -  MemoryUsage of job (MB)
	316380  -  ResidentSetSize of job (KB)
...
006 (14742.000.000) 01/23 00:10:26 Image size of job updated: 556480
	310  -  MemoryUsage of job (MB)
	317008  -  ResidentSetSize of job (KB)
...
006 (14742.000.000) 01/23 01:00:32 Image size of job updated: 557364
	311  -  MemoryUsage of job (MB)
	317892  -  ResidentSetSize of job (KB)
...
006 (14742.000.000) 01/23 01:15:34 Image size of job updated: 557364
	311  -  MemoryUsage of job (MB)
	317996  -  ResidentSetSize of job (KB)
...
006 (14742.000.000) 01/23 02:10:40 Image size of job updated: 558736
	311  -  MemoryUsage of job (MB)
	317996  -  ResidentSetSize of job (KB)
...
006 (14742.000.000) 01/23 02:15:40 Image size of job updated: 558736
	312  -  MemoryUsage of job (MB)
	319264  -  ResidentSetSize of job (KB)
...
