000 (14744.000.000) 01/22 19:09:27 Job submitted from host: <128.30.112.18:46685>
...
001 (14744.000.000) 01/22 19:09:44 Job executing on host: <128.30.66.167:50426>
...
006 (14744.000.000) 01/22 19:09:52 Image size of job updated: 283624
	43  -  MemoryUsage of job (MB)
	43672  -  ResidentSetSize of job (KB)
...
006 (14744.000.000) 01/22 19:14:52 Image size of job updated: 307780
	67  -  MemoryUsage of job (MB)
	68240  -  ResidentSetSize of job (KB)
...
006 (14744.000.000) 01/22 19:19:52 Image size of job updated: 310816
	70  -  MemoryUsage of job (MB)
	71408  -  ResidentSetSize of job (KB)
...
006 (14744.000.000) 01/22 19:24:53 Image size of job updated: 328900
	78  -  MemoryUsage of job (MB)
	79224  -  ResidentSetSize of job (KB)
...
005 (14744.000.000) 01/22 19:25:13 Job terminated.
	(1) Normal termination (return value 0)
		Usr 0 00:14:56, Sys 0 00:00:15  -  Run Remote Usage
		Usr 0 00:00:00, Sys 0 00:00:00  -  Run Local Usage
		Usr 0 00:14:56, Sys 0 00:00:15  -  Total Remote Usage
		Usr 0 00:00:00, Sys 0 00:00:00  -  Total Local Usage
	0  -  Run Bytes Sent By Job
	0  -  Run Bytes Received By Job
	0  -  Total Bytes Sent By Job
	0  -  Total Bytes Received By Job
	Partitionable Resources :    Usage  Request          
	   Cpus                 :                 1          
	   Disk (KB)            :     2750     2750          
	   Memory (MB)          :       78       78          
...
