000 (14746.000.000) 01/22 19:09:27 Job submitted from host: <128.30.112.18:46685>
...
001 (14746.000.000) 01/22 19:09:44 Job executing on host: <128.30.113.106:54812>
...
006 (14746.000.000) 01/22 19:09:52 Image size of job updated: 207692
	28  -  MemoryUsage of job (MB)
	28352  -  ResidentSetSize of job (KB)
...
006 (14746.000.000) 01/22 19:14:52 Image size of job updated: 238320
	53  -  MemoryUsage of job (MB)
	53728  -  ResidentSetSize of job (KB)
...
005 (14746.000.000) 01/22 19:16:44 Job terminated.
	(1) Normal termination (return value 0)
		Usr 0 00:06:46, Sys 0 00:00:01  -  Run Remote Usage
		Usr 0 00:00:00, Sys 0 00:00:00  -  Run Local Usage
		Usr 0 00:06:46, Sys 0 00:00:01  -  Total Remote Usage
		Usr 0 00:00:00, Sys 0 00:00:00  -  Total Local Usage
	0  -  Run Bytes Sent By Job
	0  -  Run Bytes Received By Job
	0  -  Total Bytes Sent By Job
	0  -  Total Bytes Received By Job
	Partitionable Resources :    Usage  Request          
	   Cpus                 :                 1          
	   Disk (KB)            :     2750     2750          
	   Memory (MB)          :       53       53          
...
