000 (14747.000.000) 01/22 19:09:27 Job submitted from host: <128.30.112.18:46685>
...
001 (14747.000.000) 01/22 19:09:44 Job executing on host: <128.30.66.167:50426>
...
006 (14747.000.000) 01/22 19:09:53 Image size of job updated: 272960
	40  -  MemoryUsage of job (MB)
	40020  -  ResidentSetSize of job (KB)
...
006 (14747.000.000) 01/22 19:14:54 Image size of job updated: 310176
	70  -  MemoryUsage of job (MB)
	70664  -  ResidentSetSize of job (KB)
...
006 (14747.000.000) 01/22 19:19:55 Image size of job updated: 313216
	73  -  MemoryUsage of job (MB)
	73832  -  ResidentSetSize of job (KB)
...
006 (14747.000.000) 01/22 19:24:55 Image size of job updated: 459320
	215  -  MemoryUsage of job (MB)
	219868  -  ResidentSetSize of job (KB)
...
006 (14747.000.000) 01/22 19:34:57 Image size of job updated: 459320
	215  -  MemoryUsage of job (MB)
	219872  -  ResidentSetSize of job (KB)
...
005 (14747.000.000) 01/22 19:41:26 Job terminated.
	(1) Normal termination (return value 0)
		Usr 0 00:29:30, Sys 0 00:01:52  -  Run Remote Usage
		Usr 0 00:00:00, Sys 0 00:00:00  -  Run Local Usage
		Usr 0 00:29:30, Sys 0 00:01:52  -  Total Remote Usage
		Usr 0 00:00:00, Sys 0 00:00:00  -  Total Local Usage
	0  -  Run Bytes Sent By Job
	0  -  Run Bytes Received By Job
	0  -  Total Bytes Sent By Job
	0  -  Total Bytes Received By Job
	Partitionable Resources :    Usage  Request          
	   Cpus                 :                 1          
	   Disk (KB)            :     2750     2750          
	   Memory (MB)          :      215      215          
...
