000 (13593.000.000) 01/20 21:51:56 Job submitted from host: <128.30.112.18:46685>
...
001 (13593.000.000) 01/20 21:52:10 Job executing on host: <128.30.66.169:43926>
...
006 (13593.000.000) 01/20 21:52:18 Image size of job updated: 287772
	47  -  MemoryUsage of job (MB)
	47976  -  ResidentSetSize of job (KB)
...
006 (13593.000.000) 01/20 21:57:18 Image size of job updated: 345952
	104  -  MemoryUsage of job (MB)
	106056  -  ResidentSetSize of job (KB)
...
006 (13593.000.000) 01/20 21:59:57 Image size of job updated: 363700
	104  -  MemoryUsage of job (MB)
	106056  -  ResidentSetSize of job (KB)
...
005 (13593.000.000) 01/20 21:59:57 Job terminated.
	(1) Normal termination (return value 0)
		Usr 0 00:07:34, Sys 0 00:00:00  -  Run Remote Usage
		Usr 0 00:00:00, Sys 0 00:00:00  -  Run Local Usage
		Usr 0 00:07:34, Sys 0 00:00:00  -  Total Remote Usage
		Usr 0 00:00:00, Sys 0 00:00:00  -  Total Local Usage
	0  -  Run Bytes Sent By Job
	0  -  Run Bytes Received By Job
	0  -  Total Bytes Sent By Job
	0  -  Total Bytes Received By Job
	Partitionable Resources :    Usage  Request          
	   Cpus                 :                 1          
	   Disk (KB)            :     2750     2750          
	   Memory (MB)          :      104      104          
...
