000 (13603.000.000) 01/20 21:51:57 Job submitted from host: <128.30.112.18:46685>
...
001 (13603.000.000) 01/20 21:52:10 Job executing on host: <128.30.112.44:49415>
...
006 (13603.000.000) 01/20 21:52:19 Image size of job updated: 2750
	3  -  MemoryUsage of job (MB)
	2292  -  ResidentSetSize of job (KB)
...
006 (13603.000.000) 01/20 21:57:20 Image size of job updated: 230160
	65  -  MemoryUsage of job (MB)
	65796  -  ResidentSetSize of job (KB)
...
006 (13603.000.000) 01/20 22:02:20 Image size of job updated: 254076
	88  -  MemoryUsage of job (MB)
	89616  -  ResidentSetSize of job (KB)
...
006 (13603.000.000) 01/20 22:07:20 Image size of job updated: 271728
	105  -  MemoryUsage of job (MB)
	107392  -  ResidentSetSize of job (KB)
...
006 (13603.000.000) 01/20 22:09:03 Image size of job updated: 277408
	105  -  MemoryUsage of job (MB)
	107392  -  ResidentSetSize of job (KB)
...
005 (13603.000.000) 01/20 22:09:03 Job terminated.
	(1) Normal termination (return value 0)
		Usr 0 00:16:32, Sys 0 00:00:00  -  Run Remote Usage
		Usr 0 00:00:00, Sys 0 00:00:00  -  Run Local Usage
		Usr 0 00:16:32, Sys 0 00:00:00  -  Total Remote Usage
		Usr 0 00:00:00, Sys 0 00:00:00  -  Total Local Usage
	0  -  Run Bytes Sent By Job
	0  -  Run Bytes Received By Job
	0  -  Total Bytes Sent By Job
	0  -  Total Bytes Received By Job
	Partitionable Resources :    Usage  Request          
	   Cpus                 :                 1          
	   Disk (KB)            :     2750     2750          
	   Memory (MB)          :      105      105          
...
