000 (13609.000.000) 01/20 21:51:57 Job submitted from host: <128.30.112.18:46685>
...
001 (13609.000.000) 01/20 21:52:11 Job executing on host: <128.30.112.186:56894>
...
006 (13609.000.000) 01/20 21:52:19 Image size of job updated: 188464
	24  -  MemoryUsage of job (MB)
	23876  -  ResidentSetSize of job (KB)
...
006 (13609.000.000) 01/20 21:57:19 Image size of job updated: 228728
	63  -  MemoryUsage of job (MB)
	64168  -  ResidentSetSize of job (KB)
...
006 (13609.000.000) 01/20 22:02:19 Image size of job updated: 251676
	86  -  MemoryUsage of job (MB)
	87204  -  ResidentSetSize of job (KB)
...
006 (13609.000.000) 01/20 22:07:11 Image size of job updated: 269484
	86  -  MemoryUsage of job (MB)
	87204  -  ResidentSetSize of job (KB)
...
005 (13609.000.000) 01/20 22:07:11 Job terminated.
	(1) Normal termination (return value 0)
		Usr 0 00:14:38, Sys 0 00:00:00  -  Run Remote Usage
		Usr 0 00:00:00, Sys 0 00:00:00  -  Run Local Usage
		Usr 0 00:14:38, Sys 0 00:00:00  -  Total Remote Usage
		Usr 0 00:00:00, Sys 0 00:00:00  -  Total Local Usage
	0  -  Run Bytes Sent By Job
	0  -  Run Bytes Received By Job
	0  -  Total Bytes Sent By Job
	0  -  Total Bytes Received By Job
	Partitionable Resources :    Usage  Request          
	   Cpus                 :                 1          
	   Disk (KB)            :     2750     2750          
	   Memory (MB)          :       86       86          
...
