000 (13597.000.000) 01/20 21:51:56 Job submitted from host: <128.30.112.18:46685>
...
001 (13597.000.000) 01/20 21:52:10 Job executing on host: <128.30.66.165:41096>
...
006 (13597.000.000) 01/20 21:52:19 Image size of job updated: 287040
	47  -  MemoryUsage of job (MB)
	47120  -  ResidentSetSize of job (KB)
...
006 (13597.000.000) 01/20 21:57:20 Image size of job updated: 344556
	103  -  MemoryUsage of job (MB)
	104672  -  ResidentSetSize of job (KB)
...
006 (13597.000.000) 01/20 22:00:15 Image size of job updated: 371816
	103  -  MemoryUsage of job (MB)
	104672  -  ResidentSetSize of job (KB)
...
005 (13597.000.000) 01/20 22:00:15 Job terminated.
	(1) Normal termination (return value 0)
		Usr 0 00:07:47, Sys 0 00:00:00  -  Run Remote Usage
		Usr 0 00:00:00, Sys 0 00:00:00  -  Run Local Usage
		Usr 0 00:07:47, Sys 0 00:00:00  -  Total Remote Usage
		Usr 0 00:00:00, Sys 0 00:00:00  -  Total Local Usage
	0  -  Run Bytes Sent By Job
	0  -  Run Bytes Received By Job
	0  -  Total Bytes Sent By Job
	0  -  Total Bytes Received By Job
	Partitionable Resources :    Usage  Request          
	   Cpus                 :                 1          
	   Disk (KB)            :     2750     2750          
	   Memory (MB)          :      103      103          
...
