============================================================
Domain:		SystemAdministrator
Dimensions:	20
|S|:		1048576
|A|:		21
|S|x|A|:		22020096
Episode Cap:	200
Gamma:		0.95
Computers:	20
Edges:		[(0, 1), (1, 2), (2, 3), (3, 4), (4, 5), (5, 6), (6, 7), (7, 8), (8, 9), (9, 10), (10, 11), (11, 12), (12, 13), (13, 14), (14, 15), (15, 16), (16, 17), (17, 18), (18, 19), (0, 19)]
Neighbors:
0 : [1, 19]
1 : [0, 2]
2 : [1, 3]
3 : [2, 4]
4 : [3, 5]
5 : [4, 6]
6 : [5, 7]
7 : [6, 8]
8 : [7, 9]
9 : [8, 10]
10 : [9, 11]
11 : [10, 12]
12 : [11, 13]
13 : [12, 14]
14 : [13, 15]
15 : [14, 16]
16 : [15, 17]
17 : [16, 18]
18 : [17, 19]
19 : [18, 0]
============================================================
Representation:		IndependentDiscretizationCompactBinary
Features per action:	21
Binary Dimensions:	[ 0  1  2  3  4  5  6  7  8  9 10 11 12 13 14 15 16 17 18 19]
============================================================
Representation:		iFDD
Features per action:	21
Initial Representation:	IndependentDiscretizationCompactBinary
Plus:			1
Sparsify:		1
Cached:			1
Online Threshold:	10.000
Batch Threshold:		1000.000
Max Batch Discovery:	100
============================================================
Agent:		RE_LSPI
Policy:		eGreedy
Max LSPI Iterations:	10
Data Size:		2500
Weight Difference tol.:	0.001
Max Representation Expansion Iterations:	20
============================================================
Experiment:		OnlineExperiment
Output:			././6-results.txt
Learning Steps:		20000
Performance Checks:	8
Log Intervals:		60(s)
Representation Expansion iteration #1
-----------------
Running LSPI:
1: L2_norm of weight difference = 572.283, Density of A: 32.93%
2: L2_norm of weight difference = 445.771, Density of A: 28.37%
3: L2_norm of weight difference = 1210.906, Density of A: 28.97%
4: L2_norm of weight difference = 1502.068, Density of A: 27.38%
5: L2_norm of weight difference = 304.732, Density of A: 28.68%
6: L2_norm of weight difference = 1551.164, Density of A: 29.12%
7: L2_norm of weight difference = 1853.740, Density of A: 27.47%
8: L2_norm of weight difference = 317.833, Density of A: 29.38%
9: L2_norm of weight difference = 933.829, Density of A: 27.76%
10: L2_norm of weight difference = 1211.005, Density of A: 28.75%
Performance Check >>> 468.500 Return, 200 Steps, 21 Features
iFDD Batch: Max Relevance = 915.938
2500 >>> E[0:00:59]-R[0:06:50]: Return=471.50, Steps=200, Features = 21
Representation Expansion iteration #1
-----------------
Running LSPI:
1: L2_norm of weight difference = 229.473, Density of A: 15.02%
2: L2_norm of weight difference = 136.380, Density of A: 15.02%
3: L2_norm of weight difference = 124.065, Density of A: 14.34%
4: L2_norm of weight difference = 146.788, Density of A: 14.03%
5: L2_norm of weight difference = 170.523, Density of A: 13.81%
6: L2_norm of weight difference = 145.075, Density of A: 13.77%
7: L2_norm of weight difference = 179.927, Density of A: 15.50%
8: L2_norm of weight difference = 209.019, Density of A: 14.45%
9: L2_norm of weight difference = 124.543, Density of A: 15.99%
10: L2_norm of weight difference = 113.613, Density of A: 14.56%
Performance Check >>> 620.000 Return, 200 Steps, 21 Features
iFDD Batch: Max Relevance = 305.916
5000: E[0:02:57]-R[0:08:52]: Return=618.25, Steps=200, Features = 21
5000 >>> E[0:02:58]-R[0:08:54]: Return=513.00, Steps=200, Features = 21
Representation Expansion iteration #1
-----------------
Running LSPI:
1: L2_norm of weight difference = 1094.228, Density of A: 11.97%
2: L2_norm of weight difference = 132.904, Density of A: 13.13%
3: L2_norm of weight difference = 178.142, Density of A: 13.06%
4: L2_norm of weight difference = 159.952, Density of A: 12.88%
5: L2_norm of weight difference = 193.485, Density of A: 13.32%
6: L2_norm of weight difference = 335.959, Density of A: 12.15%
7: L2_norm of weight difference = 318.246, Density of A: 12.93%
8: L2_norm of weight difference = 613.482, Density of A: 11.93%
9: L2_norm of weight difference = 630.037, Density of A: 12.32%
10: L2_norm of weight difference = 80.561, Density of A: 13.68%
Performance Check >>> 594.500 Return, 200 Steps, 21 Features
iFDD Batch: Max Relevance = 426.975
7500 >>> E[0:04:34]-R[0:07:36]: Return=739.00, Steps=200, Features = 21
Representation Expansion iteration #1
-----------------
Running LSPI:
1: L2_norm of weight difference = 350.004, Density of A: 14.39%
2: L2_norm of weight difference = 105.861, Density of A: 15.96%
3: L2_norm of weight difference = 117.491, Density of A: 15.30%
4: L2_norm of weight difference = 117.277, Density of A: 14.78%
5: L2_norm of weight difference = 100.226, Density of A: 15.83%
6: L2_norm of weight difference = 204.501, Density of A: 15.16%
7: L2_norm of weight difference = 231.509, Density of A: 15.45%
8: L2_norm of weight difference = 149.464, Density of A: 14.40%
9: L2_norm of weight difference = 127.853, Density of A: 14.53%
10: L2_norm of weight difference = 580.067, Density of A: 13.13%
Performance Check >>> 729.000 Return, 200 Steps, 21 Features
iFDD Batch: Max Relevance = 590.540
10000: E[0:06:10]-R[0:06:10]: Return=695.25, Steps=200, Features = 21
10000 >>> E[0:06:10]-R[0:06:10]: Return=592.75, Steps=200, Features = 21
Representation Expansion iteration #1
-----------------
Running LSPI:
1: L2_norm of weight difference = 549.922, Density of A: 11.92%
2: L2_norm of weight difference = 136.669, Density of A: 14.71%
3: L2_norm of weight difference = 96.866, Density of A: 16.38%
4: L2_norm of weight difference = 119.036, Density of A: 15.74%
5: L2_norm of weight difference = 128.555, Density of A: 15.28%
6: L2_norm of weight difference = 145.737, Density of A: 14.83%
7: L2_norm of weight difference = 154.104, Density of A: 15.54%
8: L2_norm of weight difference = 256.291, Density of A: 14.63%
9: L2_norm of weight difference = 252.658, Density of A: 15.02%
10: L2_norm of weight difference = 114.335, Density of A: 15.40%
Performance Check >>> 720.000 Return, 200 Steps, 21 Features
iFDD Batch: Max Relevance = 320.476
12500 >>> E[0:07:33]-R[0:04:32]: Return=817.00, Steps=200, Features = 21
Representation Expansion iteration #1
-----------------
Running LSPI:
1: L2_norm of weight difference = 317.105, Density of A: 14.58%
2: L2_norm of weight difference = 108.848, Density of A: 15.96%
3: L2_norm of weight difference = 122.865, Density of A: 15.96%
4: L2_norm of weight difference = 133.318, Density of A: 15.42%
5: L2_norm of weight difference = 143.571, Density of A: 15.24%
6: L2_norm of weight difference = 120.029, Density of A: 15.61%
7: L2_norm of weight difference = 113.809, Density of A: 15.76%
8: L2_norm of weight difference = 143.648, Density of A: 16.03%
9: L2_norm of weight difference = 127.596, Density of A: 14.58%
10: L2_norm of weight difference = 137.769, Density of A: 15.99%
Performance Check >>> 564.750 Return, 200 Steps, 21 Features
iFDD Batch: Max Relevance = 268.425
15000: E[0:09:34]-R[0:03:11]: Return=743.75, Steps=200, Features = 21
15000 >>> E[0:09:35]-R[0:03:12]: Return=636.00, Steps=200, Features = 21
Representation Expansion iteration #1
-----------------
Running LSPI:
1: L2_norm of weight difference = 462.613, Density of A: 14.11%
2: L2_norm of weight difference = 108.868, Density of A: 16.61%
3: L2_norm of weight difference = 154.830, Density of A: 16.92%
4: L2_norm of weight difference = 164.531, Density of A: 17.53%
5: L2_norm of weight difference = 115.308, Density of A: 16.47%
6: L2_norm of weight difference = 119.694, Density of A: 15.16%
7: L2_norm of weight difference = 356.304, Density of A: 15.84%
8: L2_norm of weight difference = 605.383, Density of A: 16.43%
9: L2_norm of weight difference = 573.743, Density of A: 15.79%
10: L2_norm of weight difference = 451.412, Density of A: 15.84%
Performance Check >>> 687.000 Return, 200 Steps, 21 Features
iFDD Batch: Max Relevance = 1405.587
New Feature 1: [13, 18], Relevance = 1405.587
New Feature 2: [13, 17], Relevance = 1071.060
New Feature 3: [9, 13], Relevance = 1070.841
New Feature 4: [17, 18], Relevance = 1054.754
New Feature 5: [4, 13], Relevance = 1034.576
New Feature 6: [13, 19], Relevance = 1007.824
Representation Expansion iteration #2
-----------------
Running LSPI:
1: L2_norm of weight difference = 340.161, Density of A: 10.44%
2: L2_norm of weight difference = 141.400, Density of A: 10.90%
3: L2_norm of weight difference = 148.902, Density of A: 10.35%
4: L2_norm of weight difference = 146.651, Density of A: 10.17%
5: L2_norm of weight difference = 133.843, Density of A: 9.07%
6: L2_norm of weight difference = 106.374, Density of A: 10.66%
7: L2_norm of weight difference = 146.645, Density of A: 10.20%
8: L2_norm of weight difference = 150.778, Density of A: 10.74%
9: L2_norm of weight difference = 118.192, Density of A: 11.00%
10: L2_norm of weight difference = 136.377, Density of A: 10.15%
Performance Check >>> 594.000 Return, 200 Steps, 27 Features
iFDD Batch: Max Relevance = 305.379
17500 >>> E[0:13:13]-R[0:01:53]: Return=626.00, Steps=200, Features = 27
Representation Expansion iteration #1
-----------------
Running LSPI:
1: L2_norm of weight difference = 448.447, Density of A: 9.04%
2: L2_norm of weight difference = 108.703, Density of A: 10.05%
3: L2_norm of weight difference = 209.147, Density of A: 10.03%
4: L2_norm of weight difference = 208.593, Density of A: 9.59%
5: L2_norm of weight difference = 628.764, Density of A: 9.75%
6: L2_norm of weight difference = 637.399, Density of A: 9.87%
7: L2_norm of weight difference = 148.543, Density of A: 10.49%
8: L2_norm of weight difference = 186.083, Density of A: 10.12%
9: L2_norm of weight difference = 176.928, Density of A: 8.82%
10: L2_norm of weight difference = 265.042, Density of A: 10.44%
Performance Check >>> 784.750 Return, 200 Steps, 27 Features
iFDD Batch: Max Relevance = 486.533
20000: E[0:15:27]-R[0:00:00]: Return=710.00, Steps=200, Features = 27
20000 >>> E[0:15:28]-R[0:00:00]: Return=660.25, Steps=200, Features = 27
============================================================
Took 0:15:28
Results	=> ././6-results.txt
Log	=> ././6-out.txt
