============================================================
Domain:		SystemAdministrator
Dimensions:	20
|S|:		1048576
|A|:		21
|S|x|A|:		22020096
Episode Cap:	200
Gamma:		0.95
Computers:	20
Edges:		[(0, 1), (1, 2), (2, 3), (3, 4), (4, 5), (5, 6), (6, 7), (7, 8), (8, 9), (9, 10), (10, 11), (11, 12), (12, 13), (13, 14), (14, 15), (15, 16), (16, 17), (17, 18), (18, 19), (0, 19)]
Neighbors:
0 : [1, 19]
1 : [0, 2]
2 : [1, 3]
3 : [2, 4]
4 : [3, 5]
5 : [4, 6]
6 : [5, 7]
7 : [6, 8]
8 : [7, 9]
9 : [8, 10]
10 : [9, 11]
11 : [10, 12]
12 : [11, 13]
13 : [12, 14]
14 : [13, 15]
15 : [14, 16]
16 : [15, 17]
17 : [16, 18]
18 : [17, 19]
19 : [18, 0]
============================================================
Representation:		IndependentDiscretizationCompactBinary
Features per action:	21
Binary Dimensions:	[ 0  1  2  3  4  5  6  7  8  9 10 11 12 13 14 15 16 17 18 19]
============================================================
Representation:		iFDD
Features per action:	21
Initial Representation:	IndependentDiscretizationCompactBinary
Plus:			1
Sparsify:		1
Cached:			1
Online Threshold:	10.000
Batch Threshold:		1000.000
Max Batch Discovery:	100
============================================================
Agent:		RE_LSPI
Policy:		eGreedy
Max LSPI Iterations:	10
Data Size:		2500
Weight Difference tol.:	0.001
Max Representation Expansion Iterations:	20
============================================================
Experiment:		OnlineExperiment
Output:			././8-results.txt
Learning Steps:		20000
Performance Checks:	8
Log Intervals:		60(s)
Representation Expansion iteration #1
-----------------
Running LSPI:
1: L2_norm of weight difference = 486.420, Density of A: 31.54%
2: L2_norm of weight difference = 372.135, Density of A: 30.29%
3: L2_norm of weight difference = 785.784, Density of A: 29.21%
4: L2_norm of weight difference = 779.141, Density of A: 30.74%
5: L2_norm of weight difference = 5392.901, Density of A: 29.21%
6: L2_norm of weight difference = 5679.695, Density of A: 30.47%
7: L2_norm of weight difference = 304.121, Density of A: 30.14%
8: L2_norm of weight difference = 2443.512, Density of A: 28.02%
9: L2_norm of weight difference = 2730.353, Density of A: 29.67%
10: L2_norm of weight difference = 303.605, Density of A: 29.90%
Performance Check >>> 1055.750 Return, 200 Steps, 21 Features
iFDD Batch: Max Relevance = 668.191
2500 >>> E[0:00:46]-R[0:05:20]: Return=925.00, Steps=200, Features = 21
Representation Expansion iteration #1
-----------------
Running LSPI:
1: L2_norm of weight difference = 557.503, Density of A: 18.27%
2: L2_norm of weight difference = 723.929, Density of A: 18.51%
3: L2_norm of weight difference = 382.737, Density of A: 13.60%
4: L2_norm of weight difference = 780.352, Density of A: 17.02%
5: L2_norm of weight difference = 849.625, Density of A: 17.08%
6: L2_norm of weight difference = 511.340, Density of A: 19.20%
7: L2_norm of weight difference = 213.913, Density of A: 19.58%
8: L2_norm of weight difference = 376.209, Density of A: 18.09%
9: L2_norm of weight difference = 390.076, Density of A: 18.06%
10: L2_norm of weight difference = 277.003, Density of A: 20.83%
Performance Check >>> 592.250 Return, 200 Steps, 21 Features
iFDD Batch: Max Relevance = 1017.401
New Feature 1: [0, 9], Relevance = 1017.401
Representation Expansion iteration #2
-----------------
Running LSPI:
1: L2_norm of weight difference = 408.696, Density of A: 16.94%
2: L2_norm of weight difference = 236.585, Density of A: 16.70%
3: L2_norm of weight difference = 248.716, Density of A: 17.13%
4: L2_norm of weight difference = 346.214, Density of A: 16.78%
5: L2_norm of weight difference = 319.063, Density of A: 15.46%
6: L2_norm of weight difference = 189.697, Density of A: 17.49%
7: L2_norm of weight difference = 233.473, Density of A: 16.93%
8: L2_norm of weight difference = 255.108, Density of A: 17.34%
9: L2_norm of weight difference = 241.150, Density of A: 15.26%
10: L2_norm of weight difference = 251.499, Density of A: 17.48%
Performance Check >>> 519.250 Return, 200 Steps, 22 Features
iFDD Batch: Max Relevance = 535.117
5000: E[0:02:13]-R[0:06:40]: Return=862.50, Steps=200, Features = 22
5000 >>> E[0:02:14]-R[0:06:41]: Return=539.75, Steps=200, Features = 22
Representation Expansion iteration #1
-----------------
Running LSPI:
1: L2_norm of weight difference = 369.090, Density of A: 12.14%
2: L2_norm of weight difference = 105.357, Density of A: 14.92%
3: L2_norm of weight difference = 109.259, Density of A: 13.53%
4: L2_norm of weight difference = 112.885, Density of A: 15.10%
5: L2_norm of weight difference = 116.397, Density of A: 13.75%
6: L2_norm of weight difference = 97.182, Density of A: 14.30%
7: L2_norm of weight difference = 274.879, Density of A: 15.86%
8: L2_norm of weight difference = 443.882, Density of A: 12.76%
9: L2_norm of weight difference = 409.527, Density of A: 15.36%
10: L2_norm of weight difference = 552.011, Density of A: 14.88%
Performance Check >>> 653.750 Return, 200 Steps, 22 Features
iFDD Batch: Max Relevance = 827.527
7500 >>> E[0:03:01]-R[0:05:02]: Return=531.50, Steps=200, Features = 22
Representation Expansion iteration #1
-----------------
Running LSPI:
1: L2_norm of weight difference = 485.223, Density of A: 14.28%
2: L2_norm of weight difference = 512.935, Density of A: 13.98%
3: L2_norm of weight difference = 115.979, Density of A: 13.66%
4: L2_norm of weight difference = 127.598, Density of A: 13.42%
5: L2_norm of weight difference = 131.982, Density of A: 14.11%
6: L2_norm of weight difference = 123.196, Density of A: 14.65%
7: L2_norm of weight difference = 175.071, Density of A: 14.75%
8: L2_norm of weight difference = 168.386, Density of A: 14.93%
9: L2_norm of weight difference = 157.093, Density of A: 14.46%
10: L2_norm of weight difference = 160.828, Density of A: 15.16%
Performance Check >>> 714.750 Return, 200 Steps, 22 Features
iFDD Batch: Max Relevance = 562.740
10000 >>> E[0:03:49]-R[0:03:49]: Return=675.00, Steps=200, Features = 22
Representation Expansion iteration #1
-----------------
Running LSPI:
1: L2_norm of weight difference = 381.957, Density of A: 13.88%
2: L2_norm of weight difference = 196.852, Density of A: 15.82%
3: L2_norm of weight difference = 558.327, Density of A: 16.56%
4: L2_norm of weight difference = 575.713, Density of A: 15.73%
5: L2_norm of weight difference = 181.215, Density of A: 15.47%
6: L2_norm of weight difference = 412.885, Density of A: 13.47%
7: L2_norm of weight difference = 421.348, Density of A: 14.64%
8: L2_norm of weight difference = 168.873, Density of A: 14.03%
9: L2_norm of weight difference = 167.136, Density of A: 15.95%
10: L2_norm of weight difference = 142.482, Density of A: 15.77%
Performance Check >>> 582.750 Return, 200 Steps, 22 Features
iFDD Batch: Max Relevance = 456.322
12500 >>> E[0:04:35]-R[0:02:45]: Return=530.75, Steps=200, Features = 22
Representation Expansion iteration #1
-----------------
Running LSPI:
1: L2_norm of weight difference = 312.125, Density of A: 11.51%
2: L2_norm of weight difference = 130.273, Density of A: 12.70%
3: L2_norm of weight difference = 119.064, Density of A: 12.75%
4: L2_norm of weight difference = 108.320, Density of A: 11.25%
5: L2_norm of weight difference = 153.304, Density of A: 11.48%
6: L2_norm of weight difference = 160.646, Density of A: 12.19%
7: L2_norm of weight difference = 245.588, Density of A: 11.57%
8: L2_norm of weight difference = 414.027, Density of A: 12.55%
9: L2_norm of weight difference = 331.914, Density of A: 11.56%
10: L2_norm of weight difference = 113.888, Density of A: 10.89%
Performance Check >>> 647.000 Return, 200 Steps, 22 Features
iFDD Batch: Max Relevance = 426.723
15000 >>> E[0:05:22]-R[0:01:47]: Return=713.25, Steps=200, Features = 22
Representation Expansion iteration #1
-----------------
Running LSPI:
1: L2_norm of weight difference = 887.154, Density of A: 13.52%
2: L2_norm of weight difference = 345.346, Density of A: 17.09%
3: L2_norm of weight difference = 499.781, Density of A: 14.87%
4: L2_norm of weight difference = 488.964, Density of A: 15.93%
5: L2_norm of weight difference = 140.373, Density of A: 15.68%
6: L2_norm of weight difference = 125.222, Density of A: 14.88%
7: L2_norm of weight difference = 200.031, Density of A: 16.12%
8: L2_norm of weight difference = 216.907, Density of A: 13.99%
9: L2_norm of weight difference = 143.674, Density of A: 15.52%
10: L2_norm of weight difference = 151.445, Density of A: 16.57%
Performance Check >>> 658.500 Return, 200 Steps, 22 Features
iFDD Batch: Max Relevance = 567.412
17500 >>> E[0:06:11]-R[0:00:53]: Return=689.50, Steps=200, Features = 22
Representation Expansion iteration #1
-----------------
Running LSPI:
1: L2_norm of weight difference = 365.254, Density of A: 14.37%
2: L2_norm of weight difference = 152.341, Density of A: 14.89%
3: L2_norm of weight difference = 158.318, Density of A: 13.94%
4: L2_norm of weight difference = 144.982, Density of A: 13.49%
5: L2_norm of weight difference = 177.620, Density of A: 15.45%
6: L2_norm of weight difference = 203.678, Density of A: 15.55%
7: L2_norm of weight difference = 216.758, Density of A: 15.10%
8: L2_norm of weight difference = 216.646, Density of A: 16.33%
9: L2_norm of weight difference = 241.703, Density of A: 15.23%
10: L2_norm of weight difference = 221.694, Density of A: 15.73%
Performance Check >>> 641.000 Return, 200 Steps, 22 Features
iFDD Batch: Max Relevance = 489.059
20000 >>> E[0:07:00]-R[0:00:00]: Return=655.75, Steps=200, Features = 22
============================================================
Took 0:07:00
Results	=> ././8-results.txt
Log	=> ././8-out.txt
