============================================================
Domain:		SystemAdministrator
Dimensions:	20
|S|:		1048576
|A|:		21
|S|x|A|:		22020096
Episode Cap:	200
Gamma:		0.95
Computers:	20
Edges:		[(0, 1), (1, 2), (2, 3), (3, 4), (4, 5), (5, 6), (6, 7), (7, 8), (8, 9), (9, 10), (10, 11), (11, 12), (12, 13), (13, 14), (14, 15), (15, 16), (16, 17), (17, 18), (18, 19), (0, 19)]
Neighbors:
0 : [1, 19]
1 : [0, 2]
2 : [1, 3]
3 : [2, 4]
4 : [3, 5]
5 : [4, 6]
6 : [5, 7]
7 : [6, 8]
8 : [7, 9]
9 : [8, 10]
10 : [9, 11]
11 : [10, 12]
12 : [11, 13]
13 : [12, 14]
14 : [13, 15]
15 : [14, 16]
16 : [15, 17]
17 : [16, 18]
18 : [17, 19]
19 : [18, 0]
============================================================
Representation:		IndependentDiscretizationCompactBinary
Features per action:	21
Binary Dimensions:	[ 0  1  2  3  4  5  6  7  8  9 10 11 12 13 14 15 16 17 18 19]
============================================================
Representation:		iFDD
Features per action:	21
Initial Representation:	IndependentDiscretizationCompactBinary
Plus:			1
Sparsify:		1
Cached:			1
Online Threshold:	10.000
Batch Threshold:		1000.000
Max Batch Discovery:	100
============================================================
Agent:		RE_LSPI
Policy:		eGreedy
Max LSPI Iterations:	10
Data Size:		2500
Weight Difference tol.:	0.001
Max Representation Expansion Iterations:	20
============================================================
Experiment:		OnlineExperiment
Output:			././9-results.txt
Learning Steps:		20000
Performance Checks:	8
Log Intervals:		60(s)
Representation Expansion iteration #1
-----------------
Running LSPI:
1: L2_norm of weight difference = 550.746, Density of A: 32.69%
2: L2_norm of weight difference = 449.023, Density of A: 27.65%
3: L2_norm of weight difference = 444.793, Density of A: 24.58%
4: L2_norm of weight difference = 812.694, Density of A: 29.97%
5: L2_norm of weight difference = 380.103, Density of A: 27.27%
6: L2_norm of weight difference = 6792.442, Density of A: 25.91%
7: L2_norm of weight difference = 6788.716, Density of A: 28.21%
8: L2_norm of weight difference = 1453.419, Density of A: 24.62%
9: L2_norm of weight difference = 1802.203, Density of A: 29.53%
10: L2_norm of weight difference = 362.860, Density of A: 27.37%
Performance Check >>> 946.000 Return, 200 Steps, 21 Features
iFDD Batch: Max Relevance = 728.153
2500 >>> E[0:00:39]-R[0:04:34]: Return=807.25, Steps=200, Features = 21
Representation Expansion iteration #1
-----------------
Running LSPI:
1: L2_norm of weight difference = 279.635, Density of A: 16.46%
2: L2_norm of weight difference = 173.268, Density of A: 18.27%
3: L2_norm of weight difference = 158.356, Density of A: 18.42%
4: L2_norm of weight difference = 188.130, Density of A: 18.50%
5: L2_norm of weight difference = 208.127, Density of A: 17.50%
6: L2_norm of weight difference = 230.665, Density of A: 19.09%
7: L2_norm of weight difference = 677.406, Density of A: 19.30%
8: L2_norm of weight difference = 723.561, Density of A: 19.47%
9: L2_norm of weight difference = 192.029, Density of A: 19.38%
10: L2_norm of weight difference = 239.774, Density of A: 19.34%
Performance Check >>> 694.750 Return, 200 Steps, 21 Features
iFDD Batch: Max Relevance = 800.903
5000: E[0:01:56]-R[0:05:49]: Return=738.50, Steps=200, Features = 21
5000 >>> E[0:01:57]-R[0:05:51]: Return=628.50, Steps=200, Features = 21
Representation Expansion iteration #1
-----------------
Running LSPI:
1: L2_norm of weight difference = 309.147, Density of A: 14.78%
2: L2_norm of weight difference = 101.866, Density of A: 17.02%
3: L2_norm of weight difference = 126.723, Density of A: 16.04%
4: L2_norm of weight difference = 115.666, Density of A: 15.41%
5: L2_norm of weight difference = 132.964, Density of A: 17.32%
6: L2_norm of weight difference = 188.471, Density of A: 14.21%
7: L2_norm of weight difference = 177.335, Density of A: 15.78%
8: L2_norm of weight difference = 144.373, Density of A: 16.19%
9: L2_norm of weight difference = 156.834, Density of A: 17.44%
10: L2_norm of weight difference = 139.260, Density of A: 16.03%
Performance Check >>> 630.000 Return, 200 Steps, 21 Features
iFDD Batch: Max Relevance = 473.040
7500 >>> E[0:03:37]-R[0:06:02]: Return=750.00, Steps=200, Features = 21
Representation Expansion iteration #1
-----------------
Running LSPI:
1: L2_norm of weight difference = 285.876, Density of A: 16.44%
2: L2_norm of weight difference = 130.458, Density of A: 15.27%
3: L2_norm of weight difference = 145.616, Density of A: 15.82%
4: L2_norm of weight difference = 160.658, Density of A: 15.53%
5: L2_norm of weight difference = 122.912, Density of A: 15.34%
6: L2_norm of weight difference = 106.398, Density of A: 17.46%
7: L2_norm of weight difference = 187.136, Density of A: 17.86%
8: L2_norm of weight difference = 208.974, Density of A: 16.80%
9: L2_norm of weight difference = 147.266, Density of A: 18.24%
10: L2_norm of weight difference = 124.432, Density of A: 16.60%
Performance Check >>> 676.500 Return, 200 Steps, 21 Features
iFDD Batch: Max Relevance = 367.540
10000: E[0:04:55]-R[0:04:55]: Return=746.75, Steps=200, Features = 21
10000 >>> E[0:04:56]-R[0:04:56]: Return=642.25, Steps=200, Features = 21
Representation Expansion iteration #1
-----------------
Running LSPI:
1: L2_norm of weight difference = 324.251, Density of A: 15.52%
2: L2_norm of weight difference = 109.886, Density of A: 16.42%
3: L2_norm of weight difference = 106.685, Density of A: 16.74%
4: L2_norm of weight difference = 105.532, Density of A: 17.62%
5: L2_norm of weight difference = 114.343, Density of A: 16.90%
6: L2_norm of weight difference = 221.526, Density of A: 15.27%
7: L2_norm of weight difference = 290.652, Density of A: 15.42%
8: L2_norm of weight difference = 293.881, Density of A: 15.06%
9: L2_norm of weight difference = 277.111, Density of A: 17.53%
10: L2_norm of weight difference = 399.517, Density of A: 16.21%
Performance Check >>> 704.000 Return, 200 Steps, 21 Features
iFDD Batch: Max Relevance = 914.829
12500 >>> E[0:06:39]-R[0:03:59]: Return=627.00, Steps=200, Features = 21
Representation Expansion iteration #1
-----------------
Running LSPI:
1: L2_norm of weight difference = 259.901, Density of A: 14.15%
2: L2_norm of weight difference = 122.282, Density of A: 15.46%
3: L2_norm of weight difference = 134.613, Density of A: 14.24%
4: L2_norm of weight difference = 138.255, Density of A: 16.19%
5: L2_norm of weight difference = 143.363, Density of A: 14.53%
6: L2_norm of weight difference = 146.902, Density of A: 14.98%
7: L2_norm of weight difference = 153.346, Density of A: 14.70%
8: L2_norm of weight difference = 146.396, Density of A: 14.62%
9: L2_norm of weight difference = 160.624, Density of A: 15.77%
10: L2_norm of weight difference = 166.688, Density of A: 15.87%
Performance Check >>> 586.250 Return, 200 Steps, 21 Features
iFDD Batch: Max Relevance = 384.478
15000: E[0:08:24]-R[0:02:48]: Return=575.75, Steps=200, Features = 21
15000 >>> E[0:08:25]-R[0:02:48]: Return=866.75, Steps=200, Features = 21
Representation Expansion iteration #1
-----------------
Running LSPI:
1: L2_norm of weight difference = 309.116, Density of A: 14.55%
2: L2_norm of weight difference = 144.198, Density of A: 19.50%
3: L2_norm of weight difference = 743.039, Density of A: 18.49%
4: L2_norm of weight difference = 760.865, Density of A: 18.01%
5: L2_norm of weight difference = 182.483, Density of A: 19.59%
6: L2_norm of weight difference = 183.354, Density of A: 17.35%
7: L2_norm of weight difference = 127.363, Density of A: 18.41%
8: L2_norm of weight difference = 197.517, Density of A: 16.54%
9: L2_norm of weight difference = 202.855, Density of A: 16.38%
10: L2_norm of weight difference = 116.048, Density of A: 18.46%
Performance Check >>> 746.000 Return, 200 Steps, 21 Features
iFDD Batch: Max Relevance = 357.528
17500 >>> E[0:10:28]-R[0:01:30]: Return=564.00, Steps=200, Features = 21
Representation Expansion iteration #1
-----------------
Running LSPI:
1: L2_norm of weight difference = 298.386, Density of A: 15.00%
2: L2_norm of weight difference = 120.005, Density of A: 15.44%
3: L2_norm of weight difference = 129.101, Density of A: 14.69%
4: L2_norm of weight difference = 129.373, Density of A: 14.55%
5: L2_norm of weight difference = 120.161, Density of A: 12.35%
6: L2_norm of weight difference = 443.288, Density of A: 15.46%
7: L2_norm of weight difference = 498.498, Density of A: 13.21%
8: L2_norm of weight difference = 625.006, Density of A: 14.45%
9: L2_norm of weight difference = 662.059, Density of A: 13.94%
10: L2_norm of weight difference = 582.488, Density of A: 14.23%
Performance Check >>> 857.250 Return, 200 Steps, 21 Features
iFDD Batch: Max Relevance = 1530.999
New Feature 1: [11, 15], Relevance = 1530.999
New Feature 2: [11, 16], Relevance = 1444.938
New Feature 3: [8, 11], Relevance = 1439.774
New Feature 4: [11, 12], Relevance = 1409.860
New Feature 5: [11, 18], Relevance = 1396.909
New Feature 6: [3, 11], Relevance = 1379.855
New Feature 7: [14, 18], Relevance = 1344.565
New Feature 8: [10, 11], Relevance = 1340.995
New Feature 9: [8, 14], Relevance = 1328.643
New Feature 10: [11, 14], Relevance = 1317.962
New Feature 11: [3, 18], Relevance = 1316.548
New Feature 12: [14, 15], Relevance = 1315.383
New Feature 13: [12, 18], Relevance = 1305.871
New Feature 14: [2, 11], Relevance = 1298.062
New Feature 15: [8, 12], Relevance = 1289.131
New Feature 16: [8, 9], Relevance = 1286.999
New Feature 17: [3, 14], Relevance = 1274.396
New Feature 18: [12, 14], Relevance = 1273.186
New Feature 19: [8, 18], Relevance = 1260.194
New Feature 20: [2, 3], Relevance = 1255.302
New Feature 21: [11, 17], Relevance = 1224.220
New Feature 22: [15, 16], Relevance = 1210.098
New Feature 23: [1, 11], Relevance = 1201.199
New Feature 24: [0, 11], Relevance = 1200.528
New Feature 25: [7, 8], Relevance = 1192.546
New Feature 26: [5, 11], Relevance = 1191.410
New Feature 27: [0, 12], Relevance = 1175.314
New Feature 28: [12, 15], Relevance = 1171.514
New Feature 29: [0, 14], Relevance = 1158.392
New Feature 30: [8, 15], Relevance = 1153.636
New Feature 31: [9, 11], Relevance = 1145.728
New Feature 32: [12, 13], Relevance = 1137.247
New Feature 33: [0, 8], Relevance = 1135.877
New Feature 34: [10, 18], Relevance = 1125.531
New Feature 35: [3, 5], Relevance = 1122.495
New Feature 36: [1, 2], Relevance = 1117.081
New Feature 37: [4, 14], Relevance = 1093.630
New Feature 38: [5, 8], Relevance = 1093.602
New Feature 39: [3, 8], Relevance = 1091.199
New Feature 40: [8, 10], Relevance = 1090.454
New Feature 41: [0, 19], Relevance = 1085.910
New Feature 42: [10, 12], Relevance = 1085.792
New Feature 43: [13, 14], Relevance = 1084.222
New Feature 44: [3, 4], Relevance = 1079.710
New Feature 45: [11, 13], Relevance = 1078.710
New Feature 46: [14, 16], Relevance = 1076.832
New Feature 47: [3, 12], Relevance = 1068.583
New Feature 48: [0, 18], Relevance = 1068.568
New Feature 49: [2, 18], Relevance = 1066.482
New Feature 50: [5, 18], Relevance = 1064.778
New Feature 51: [2, 12], Relevance = 1060.890
New Feature 52: [4, 8], Relevance = 1057.494
New Feature 53: [4, 18], Relevance = 1055.980
New Feature 54: [10, 14], Relevance = 1048.542
New Feature 55: [13, 18], Relevance = 1043.982
New Feature 56: [2, 14], Relevance = 1040.244
New Feature 57: [14, 19], Relevance = 1032.047
New Feature 58: [12, 17], Relevance = 1031.119
New Feature 59: [7, 12], Relevance = 1028.186
New Feature 60: [16, 17], Relevance = 1026.370
New Feature 61: [7, 11], Relevance = 1024.801
New Feature 62: [2, 15], Relevance = 1023.041
New Feature 63: [11, 19], Relevance = 1022.429
New Feature 64: [12, 16], Relevance = 1020.365
New Feature 65: [0, 10], Relevance = 1012.951
New Feature 66: [5, 14], Relevance = 1009.624
New Feature 67: [5, 15], Relevance = 1001.404
New Feature 68: [4, 11], Relevance = 1001.286
Representation Expansion iteration #2
-----------------
Running LSPI:
1: L2_norm of weight difference = 761.177, Density of A: 0.96%
2: L2_norm of weight difference = 177.716, Density of A: 0.99%
3: L2_norm of weight difference = 282.500, Density of A: 0.98%
4: L2_norm of weight difference = 472.012, Density of A: 0.92%
5: L2_norm of weight difference = 520.658, Density of A: 0.96%
6: L2_norm of weight difference = 518.757, Density of A: 0.90%
7: L2_norm of weight difference = 520.939, Density of A: 0.95%
8: L2_norm of weight difference = 502.653, Density of A: 0.92%
9: L2_norm of weight difference = 506.879, Density of A: 0.95%
10: L2_norm of weight difference = 527.276, Density of A: 0.93%
Performance Check >>> 722.000 Return, 200 Steps, 89 Features
iFDD Batch: Max Relevance = 768.808
20000: E[0:31:40]-R[0:00:00]: Return=840.00, Steps=200, Features = 89
20000 >>> E[0:31:41]-R[0:00:00]: Return=665.50, Steps=200, Features = 89
============================================================
Took 0:31:41
Results	=> ././9-results.txt
Log	=> ././9-out.txt
