============================================================
Domain:		PST
Dimensions:	12
|S|:		5451776
|A|:		27
|S|x|A|:		147197952
Episode Cap:	1000
Gamma:		0.9
NUM_UAV:		3
============================================================
Representation:		IndependentDiscretizationCompactBinary
Features per action:	52
Binary Dimensions:	[ 6  7  8  9 10 11]
============================================================
Representation:		iFDD
Features per action:	52
Initial Representation:	IndependentDiscretizationCompactBinary
Plus:			1
Sparsify:		1
Cached:			1
Online Threshold:	85.000
Batch Threshold:		85.000
Max Batch Discovery:	20
============================================================
Agent:		SARSA
Policy:		eGreedy
Alpha_0:		0.10
============================================================
Experiment:		OnlineExperiment
Output:			././12-results.txt
Learning Steps:		50000
Performance Checks:	10
Log Intervals:		60(s)
5000 >>> E[0:00:19]-R[0:02:47]: Return=-55.00, Steps=10, Features = 114
10000 >>> E[0:00:38]-R[0:02:32]: Return=-53.00, Steps=10, Features = 217
15000 >>> E[0:00:59]-R[0:02:18]: Return=-24.00, Steps=1000, Features = 309
20000 >>> E[0:01:20]-R[0:01:59]: Return=43.00, Steps=10, Features = 363
25000 >>> E[0:01:40]-R[0:01:40]: Return=62.00, Steps=10, Features = 414
30000 >>> E[0:02:02]-R[0:01:21]: Return=-55.00, Steps=18, Features = 474
35000 >>> E[0:02:24]-R[0:01:02]: Return=-53.00, Steps=10, Features = 535
40000 >>> E[0:02:46]-R[0:00:41]: Return=34.00, Steps=15, Features = 580
45000 >>> E[0:03:09]-R[0:00:21]: Return=-54.00, Steps=18, Features = 622
50000 >>> E[0:03:31]-R[0:00:00]: Return=-50.00, Steps=10, Features = 678
============================================================
Took 0:03:31
Results	=> ././12-results.txt
Log	=> ././12-out.txt
