000 (13530.000.000) 01/20 19:10:09 Job submitted from host: <128.30.112.18:46685>
...
001 (13530.000.000) 01/20 19:10:24 Job executing on host: <128.30.66.169:43926>
...
006 (13530.000.000) 01/20 19:10:33 Image size of job updated: 285144
	44  -  MemoryUsage of job (MB)
	45048  -  ResidentSetSize of job (KB)
...
006 (13530.000.000) 01/20 19:14:17 Image size of job updated: 334932
	44  -  MemoryUsage of job (MB)
	45048  -  ResidentSetSize of job (KB)
...
005 (13530.000.000) 01/20 19:14:17 Job terminated.
	(1) Normal termination (return value 0)
		Usr 0 00:03:44, Sys 0 00:00:00  -  Run Remote Usage
		Usr 0 00:00:00, Sys 0 00:00:00  -  Run Local Usage
		Usr 0 00:03:44, Sys 0 00:00:00  -  Total Remote Usage
		Usr 0 00:00:00, Sys 0 00:00:00  -  Total Local Usage
	0  -  Run Bytes Sent By Job
	0  -  Run Bytes Received By Job
	0  -  Total Bytes Sent By Job
	0  -  Total Bytes Received By Job
	Partitionable Resources :    Usage  Request          
	   Cpus                 :                 1          
	   Disk (KB)            :     2750     2750          
	   Memory (MB)          :       44       44          
...
