000 (13536.000.000) 01/20 19:10:09 Job submitted from host: <128.30.112.18:46685>
...
001 (13536.000.000) 01/20 19:10:25 Job executing on host: <128.30.66.166:36393>
...
006 (13536.000.000) 01/20 19:10:33 Image size of job updated: 285696
	45  -  MemoryUsage of job (MB)
	45848  -  ResidentSetSize of job (KB)
...
006 (13536.000.000) 01/20 19:13:55 Image size of job updated: 331784
	45  -  MemoryUsage of job (MB)
	45848  -  ResidentSetSize of job (KB)
...
005 (13536.000.000) 01/20 19:13:55 Job terminated.
	(1) Normal termination (return value 0)
		Usr 0 00:03:27, Sys 0 00:00:00  -  Run Remote Usage
		Usr 0 00:00:00, Sys 0 00:00:00  -  Run Local Usage
		Usr 0 00:03:27, Sys 0 00:00:00  -  Total Remote Usage
		Usr 0 00:00:00, Sys 0 00:00:00  -  Total Local Usage
	0  -  Run Bytes Sent By Job
	0  -  Run Bytes Received By Job
	0  -  Total Bytes Sent By Job
	0  -  Total Bytes Received By Job
	Partitionable Resources :    Usage  Request          
	   Cpus                 :                 1          
	   Disk (KB)            :     2750     2750          
	   Memory (MB)          :       45       45          
...
