000 (13537.000.000) 01/20 19:10:09 Job submitted from host: <128.30.112.18:46685>
...
001 (13537.000.000) 01/20 19:10:25 Job executing on host: <128.30.66.165:41096>
...
006 (13537.000.000) 01/20 19:10:33 Image size of job updated: 127616
	26  -  MemoryUsage of job (MB)
	25792  -  ResidentSetSize of job (KB)
...
006 (13537.000.000) 01/20 19:14:22 Image size of job updated: 333128
	26  -  MemoryUsage of job (MB)
	25792  -  ResidentSetSize of job (KB)
...
005 (13537.000.000) 01/20 19:14:22 Job terminated.
	(1) Normal termination (return value 0)
		Usr 0 00:03:53, Sys 0 00:00:00  -  Run Remote Usage
		Usr 0 00:00:00, Sys 0 00:00:00  -  Run Local Usage
		Usr 0 00:03:53, Sys 0 00:00:00  -  Total Remote Usage
		Usr 0 00:00:00, Sys 0 00:00:00  -  Total Local Usage
	0  -  Run Bytes Sent By Job
	0  -  Run Bytes Received By Job
	0  -  Total Bytes Sent By Job
	0  -  Total Bytes Received By Job
	Partitionable Resources :    Usage  Request          
	   Cpus                 :                 1          
	   Disk (KB)            :     2750     2750          
	   Memory (MB)          :       26       26          
...
