000 (13525.000.000) 01/20 19:10:08 Job submitted from host: <128.30.112.18:46685>
...
001 (13525.000.000) 01/20 19:10:13 Job executing on host: <128.30.66.167:50426>
...
006 (13525.000.000) 01/20 19:10:21 Image size of job updated: 287896
	47  -  MemoryUsage of job (MB)
	47964  -  ResidentSetSize of job (KB)
...
006 (13525.000.000) 01/20 19:10:23 Image size of job updated: 290844
	47  -  MemoryUsage of job (MB)
	47964  -  ResidentSetSize of job (KB)
...
005 (13525.000.000) 01/20 19:10:23 Job terminated.
	(0) Abnormal termination (signal 9)
	(0) No core file
		Usr 0 00:00:09, Sys 0 00:00:00  -  Run Remote Usage
		Usr 0 00:00:00, Sys 0 00:00:00  -  Run Local Usage
		Usr 0 00:00:09, Sys 0 00:00:00  -  Total Remote Usage
		Usr 0 00:00:00, Sys 0 00:00:00  -  Total Local Usage
	0  -  Run Bytes Sent By Job
	0  -  Run Bytes Received By Job
	0  -  Total Bytes Sent By Job
	0  -  Total Bytes Received By Job
	Partitionable Resources :    Usage  Request          
	   Cpus                 :                 1          
	   Disk (KB)            :     2750     2750          
	   Memory (MB)          :       47       47          
...
