============================================================
Domain:		SystemAdministrator
Dimensions:	20
|S|:		1048576
|A|:		21
|S|x|A|:		22020096
Episode Cap:	200
Gamma:		0.95
Computers:	20
Edges:		[(0, 15), (0, 10), (0, 7), (0, 14), (0, 12), (1, 3), (1, 15), (1, 5), (1, 17), (1, 18), (1, 10), (2, 17), (2, 15), (2, 16), (2, 4), (2, 8), (2, 7), (3, 17), (3, 16), (4, 16), (4, 5), (4, 11), (4, 13), (5, 16), (5, 15), (5, 10), (5, 12), (5, 11), (5, 13), (6, 15), (6, 10), (6, 11), (6, 12), (6, 18), (7, 17), (7, 8), (7, 9), (7, 14), (8, 10), (8, 11), (9, 10), (9, 11), (9, 13), (10, 15), (10, 16), (10, 12), (11, 16), (11, 18), (11, 14), (12, 15), (15, 17), (15, 19), (16, 19), (18, 19)]
Neighbors:
0 : [15, 10, 7, 14, 12]
1 : [3, 15, 5, 17, 18, 10]
2 : [17, 15, 16, 4, 8, 7]
3 : [1, 17, 16]
4 : [2, 16, 5, 11, 13]
5 : [1, 4, 16, 15, 10, 12, 11, 13]
6 : [15, 10, 11, 12, 18]
7 : [0, 2, 17, 8, 9, 14]
8 : [2, 7, 10, 11]
9 : [7, 10, 11, 13]
10 : [0, 1, 5, 6, 8, 9, 15, 16, 12]
11 : [4, 5, 6, 8, 9, 16, 18, 14]
12 : [0, 5, 6, 10, 15]
13 : [4, 5, 9]
14 : [0, 7, 11]
15 : [0, 1, 2, 5, 6, 10, 12, 17, 19]
16 : [2, 3, 4, 5, 10, 11, 19]
17 : [1, 2, 3, 7, 15]
18 : [1, 6, 11, 19]
19 : [15, 16, 18]
============================================================
Representation:		IndependentDiscretizationCompactBinary
Features per action:	21
Binary Dimensions:	[ 0  1  2  3  4  5  6  7  8  9 10 11 12 13 14 15 16 17 18 19]
============================================================
Representation:		iFDD
Features per action:	21
Initial Representation:	IndependentDiscretizationCompactBinary
Plus:			1
Sparsify:		1
Cached:			1
Online Threshold:	350.000
Batch Threshold:		350.000
Max Batch Discovery:	20
============================================================
Agent:		RE_LSPI
Policy:		eGreedy
Max LSPI Iterations:	10
Data Size:		2000
Weight Difference tol.:	0.001
Max Representation Expansion Iterations:	20
============================================================
Experiment:		OnlineExperiment
Output:			././5-results.txt
Learning Steps:		2000
Performance Checks:	1
Log Intervals:		60(s)
Representation Expansion iteration #1
-----------------
Running LSPI:
1: L2_norm of weight difference = 324.921, Density of A: 19.80%
2: L2_norm of weight difference = 246.925, Density of A: 19.84%
3: L2_norm of weight difference = 832.982, Density of A: 19.33%
4: L2_norm of weight difference = 828.521, Density of A: 17.36%
5: L2_norm of weight difference = 1069.081, Density of A: 18.36%
6: L2_norm of weight difference = 1077.320, Density of A: 20.50%
7: L2_norm of weight difference = 1229.188, Density of A: 19.14%
8: L2_norm of weight difference = 1227.922, Density of A: 19.57%
9: L2_norm of weight difference = 2357.327, Density of A: 18.88%
10: L2_norm of weight difference = 2368.088, Density of A: 15.81%
Performance Check >>> 389.250 Return, 200 Steps, 21 Features
iFDD Batch: Max Relevance = 5716.530
New Feature 1: [0, 19], Relevance = 5716.530
New Feature 2: [2, 19], Relevance = 5638.612
New Feature 3: [1, 3], Relevance = 5629.032
New Feature 4: [0, 15], Relevance = 5615.011
New Feature 5: [1, 6], Relevance = 5565.614
New Feature 6: [0, 9], Relevance = 5549.262
New Feature 7: [3, 19], Relevance = 5544.415
New Feature 8: [0, 8], Relevance = 5531.488
New Feature 9: [1, 7], Relevance = 5498.304
New Feature 10: [7, 19], Relevance = 5489.670
New Feature 11: [2, 6], Relevance = 5476.738
New Feature 12: [3, 11], Relevance = 5474.234
New Feature 13: [7, 8], Relevance = 5472.645
New Feature 14: [7, 10], Relevance = 5471.682
New Feature 15: [15, 19], Relevance = 5464.591
New Feature 16: [5, 6], Relevance = 5449.607
New Feature 17: [11, 15], Relevance = 5448.898
New Feature 18: [1, 10], Relevance = 5446.693
New Feature 19: [18, 19], Relevance = 5439.638
New Feature 20: [0, 7], Relevance = 5435.637
Representation Expansion iteration #2
-----------------
Running LSPI:
1: L2_norm of weight difference = 522.832, Density of A: 5.17%
2: L2_norm of weight difference = 510.762, Density of A: 5.17%
3: L2_norm of weight difference = 966.643, Density of A: 5.18%
4: L2_norm of weight difference = 864.621, Density of A: 5.18%
5: L2_norm of weight difference = 320.598, Density of A: 5.23%
6: L2_norm of weight difference = 421.863, Density of A: 5.20%
7: L2_norm of weight difference = 381.086, Density of A: 5.20%
8: L2_norm of weight difference = 489.966, Density of A: 5.13%
9: L2_norm of weight difference = 581.977, Density of A: 5.20%
10: L2_norm of weight difference = 425.306, Density of A: 5.08%
Performance Check >>> 528.000 Return, 200 Steps, 41 Features
iFDD Batch: Max Relevance = 420.855
New Feature 1: [16, 17], Relevance = 420.855
New Feature 2: [14, 16], Relevance = 415.119
New Feature 3: [14, 17], Relevance = 414.441
New Feature 4: [12, 16], Relevance = 410.419
New Feature 5: [1, 10, 17], Relevance = 403.429
New Feature 6: [9, 17], Relevance = 401.604
New Feature 7: [4, 16], Relevance = 398.561
New Feature 8: [12, 17], Relevance = 388.583
New Feature 9: [13, 17], Relevance = 387.209
New Feature 10: [9, 13], Relevance = 385.053
New Feature 11: [9, 16], Relevance = 382.037
New Feature 12: [1, 10, 14], Relevance = 381.898
New Feature 13: [4, 14], Relevance = 381.599
New Feature 14: [2, 17], Relevance = 380.608
New Feature 15: [13, 16], Relevance = 380.574
New Feature 16: [11, 15, 17], Relevance = 374.443
New Feature 17: [1, 10, 12], Relevance = 374.006
New Feature 18: [4, 17], Relevance = 372.271
New Feature 19: [12, 14], Relevance = 371.600
New Feature 20: [8, 14], Relevance = 370.364
Representation Expansion iteration #3
-----------------
Running LSPI:
1: L2_norm of weight difference = 607.375, Density of A: 2.11%
2: L2_norm of weight difference = 289.615, Density of A: 2.09%
3: L2_norm of weight difference = 302.563, Density of A: 2.13%
4: L2_norm of weight difference = 301.041, Density of A: 2.09%
5: L2_norm of weight difference = 234.241, Density of A: 2.12%
6: L2_norm of weight difference = 1438.188, Density of A: 2.11%
7: L2_norm of weight difference = 1505.913, Density of A: 2.13%
8: L2_norm of weight difference = 294.632, Density of A: 2.12%
9: L2_norm of weight difference = 350.608, Density of A: 2.12%
10: L2_norm of weight difference = 441.509, Density of A: 2.11%
Performance Check >>> 537.000 Return, 200 Steps, 61 Features
iFDD Batch: Max Relevance = 327.630
2000: E[0:08:12]-R[0:00:00]: Return=446.75, Steps=200, Features = 61
2000 >>> E[0:08:12]-R[0:00:00]: Return=440.75, Steps=200, Features = 61
============================================================
Took 0:08:12
Results	=> ././5-results.txt
Log	=> ././5-out.txt
