000 (13587.000.000) 01/20 21:51:47 Job submitted from host: <128.30.112.18:46685>
...
001 (13587.000.000) 01/20 21:52:10 Job executing on host: <128.30.112.176:37202>
...
006 (13587.000.000) 01/20 21:52:18 Image size of job updated: 2750
	3  -  MemoryUsage of job (MB)
	2292  -  ResidentSetSize of job (KB)
...
006 (13587.000.000) 01/20 21:57:18 Image size of job updated: 239956
	74  -  MemoryUsage of job (MB)
	75500  -  ResidentSetSize of job (KB)
...
006 (13587.000.000) 01/20 22:02:19 Image size of job updated: 267788
	101  -  MemoryUsage of job (MB)
	103332  -  ResidentSetSize of job (KB)
...
006 (13587.000.000) 01/20 22:07:19 Image size of job updated: 289140
	122  -  MemoryUsage of job (MB)
	124684  -  ResidentSetSize of job (KB)
...
006 (13587.000.000) 01/20 22:12:19 Image size of job updated: 303776
	137  -  MemoryUsage of job (MB)
	139320  -  ResidentSetSize of job (KB)
...
006 (13587.000.000) 01/20 22:17:20 Image size of job updated: 315532
	148  -  MemoryUsage of job (MB)
	151076  -  ResidentSetSize of job (KB)
...
006 (13587.000.000) 01/20 22:22:21 Image size of job updated: 331160
	163  -  MemoryUsage of job (MB)
	166704  -  ResidentSetSize of job (KB)
...
006 (13587.000.000) 01/20 22:25:57 Image size of job updated: 336732
	163  -  MemoryUsage of job (MB)
	166704  -  ResidentSetSize of job (KB)
...
005 (13587.000.000) 01/20 22:25:57 Job terminated.
	(1) Normal termination (return value 0)
		Usr 0 00:33:13, Sys 0 00:00:17  -  Run Remote Usage
		Usr 0 00:00:00, Sys 0 00:00:00  -  Run Local Usage
		Usr 0 00:33:13, Sys 0 00:00:17  -  Total Remote Usage
		Usr 0 00:00:00, Sys 0 00:00:00  -  Total Local Usage
	0  -  Run Bytes Sent By Job
	0  -  Run Bytes Received By Job
	0  -  Total Bytes Sent By Job
	0  -  Total Bytes Received By Job
	Partitionable Resources :    Usage  Request          
	   Cpus                 :                 1          
	   Disk (KB)            :     2750     2750          
	   Memory (MB)          :      163      163          
...
