000 (13592.000.000) 01/20 21:51:48 Job submitted from host: <128.30.112.18:46685>
...
001 (13592.000.000) 01/20 21:52:10 Job executing on host: <128.30.113.101:38623>
...
006 (13592.000.000) 01/20 21:52:18 Image size of job updated: 210760
	31  -  MemoryUsage of job (MB)
	31664  -  ResidentSetSize of job (KB)
...
006 (13592.000.000) 01/20 21:57:18 Image size of job updated: 280792
	100  -  MemoryUsage of job (MB)
	101480  -  ResidentSetSize of job (KB)
...
006 (13592.000.000) 01/20 22:02:19 Image size of job updated: 319340
	137  -  MemoryUsage of job (MB)
	140112  -  ResidentSetSize of job (KB)
...
006 (13592.000.000) 01/20 22:06:28 Image size of job updated: 342372
	137  -  MemoryUsage of job (MB)
	140112  -  ResidentSetSize of job (KB)
...
005 (13592.000.000) 01/20 22:06:28 Job terminated.
	(1) Normal termination (return value 0)
		Usr 0 00:13:59, Sys 0 00:00:02  -  Run Remote Usage
		Usr 0 00:00:00, Sys 0 00:00:00  -  Run Local Usage
		Usr 0 00:13:59, Sys 0 00:00:02  -  Total Remote Usage
		Usr 0 00:00:00, Sys 0 00:00:00  -  Total Local Usage
	0  -  Run Bytes Sent By Job
	0  -  Run Bytes Received By Job
	0  -  Total Bytes Sent By Job
	0  -  Total Bytes Received By Job
	Partitionable Resources :    Usage  Request          
	   Cpus                 :                 1          
	   Disk (KB)            :     2750     2750          
	   Memory (MB)          :      137      137          
...
