000 (13575.000.000) 01/20 21:51:46 Job submitted from host: <128.30.112.18:46685>
...
001 (13575.000.000) 01/20 21:52:09 Job executing on host: <128.30.66.165:41096>
...
006 (13575.000.000) 01/20 21:52:17 Image size of job updated: 290648
	50  -  MemoryUsage of job (MB)
	50904  -  ResidentSetSize of job (KB)
...
006 (13575.000.000) 01/20 21:57:17 Image size of job updated: 365364
	123  -  MemoryUsage of job (MB)
	125776  -  ResidentSetSize of job (KB)
...
006 (13575.000.000) 01/20 22:02:18 Image size of job updated: 409036
	166  -  MemoryUsage of job (MB)
	169272  -  ResidentSetSize of job (KB)
...
006 (13575.000.000) 01/20 22:06:18 Image size of job updated: 442444
	166  -  MemoryUsage of job (MB)
	169272  -  ResidentSetSize of job (KB)
...
005 (13575.000.000) 01/20 22:06:18 Job terminated.
	(1) Normal termination (return value 0)
		Usr 0 00:13:59, Sys 0 00:00:03  -  Run Remote Usage
		Usr 0 00:00:00, Sys 0 00:00:00  -  Run Local Usage
		Usr 0 00:13:59, Sys 0 00:00:03  -  Total Remote Usage
		Usr 0 00:00:00, Sys 0 00:00:00  -  Total Local Usage
	0  -  Run Bytes Sent By Job
	0  -  Run Bytes Received By Job
	0  -  Total Bytes Sent By Job
	0  -  Total Bytes Received By Job
	Partitionable Resources :    Usage  Request          
	   Cpus                 :                 1          
	   Disk (KB)            :     2750     2750          
	   Memory (MB)          :      166      166          
...
