000 (13577.000.000) 01/20 21:51:46 Job submitted from host: <128.30.112.18:46685>
...
001 (13577.000.000) 01/20 21:52:09 Job executing on host: <128.30.66.163:58460>
...
006 (13577.000.000) 01/20 21:52:17 Image size of job updated: 284732
	44  -  MemoryUsage of job (MB)
	45040  -  ResidentSetSize of job (KB)
...
006 (13577.000.000) 01/20 21:57:17 Image size of job updated: 363336
	121  -  MemoryUsage of job (MB)
	123580  -  ResidentSetSize of job (KB)
...
006 (13577.000.000) 01/20 22:02:19 Image size of job updated: 409820
	166  -  MemoryUsage of job (MB)
	169864  -  ResidentSetSize of job (KB)
...
006 (13577.000.000) 01/20 22:06:13 Image size of job updated: 442296
	166  -  MemoryUsage of job (MB)
	169864  -  ResidentSetSize of job (KB)
...
005 (13577.000.000) 01/20 22:06:13 Job terminated.
	(1) Normal termination (return value 0)
		Usr 0 00:13:51, Sys 0 00:00:03  -  Run Remote Usage
		Usr 0 00:00:00, Sys 0 00:00:00  -  Run Local Usage
		Usr 0 00:13:51, Sys 0 00:00:03  -  Total Remote Usage
		Usr 0 00:00:00, Sys 0 00:00:00  -  Total Local Usage
	0  -  Run Bytes Sent By Job
	0  -  Run Bytes Received By Job
	0  -  Total Bytes Sent By Job
	0  -  Total Bytes Received By Job
	Partitionable Resources :    Usage  Request          
	   Cpus                 :                 1          
	   Disk (KB)            :     2750     2750          
	   Memory (MB)          :      166      166          
...
