============================================================
Domain:		PST
Dimensions:	12
|S|:		5451776
|A|:		27
|S|x|A|:		147197952
Episode Cap:	1000
Gamma:		0.9
NUM_UAV:		3
============================================================
Representation:		IndependentDiscretizationCompactBinary
Features per action:	52
Binary Dimensions:	[ 6  7  8  9 10 11]
============================================================
Representation:		iFDD
Features per action:	52
Initial Representation:	IndependentDiscretizationCompactBinary
Plus:			1
Sparsify:		1
Cached:			1
Online Threshold:	75.000
Batch Threshold:		75.000
Max Batch Discovery:	20
============================================================
Agent:		SARSA
Policy:		eGreedy
Alpha_0:		0.10
============================================================
Experiment:		OnlineExperiment
Output:			././12-results.txt
Learning Steps:		50000
Performance Checks:	10
Log Intervals:		60(s)
5000 >>> E[0:00:21]-R[0:03:06]: Return=-58.00, Steps=13, Features = 100
10000 >>> E[0:00:43]-R[0:02:51]: Return=-10.00, Steps=10, Features = 223
15000 >>> E[0:01:06]-R[0:02:35]: Return=-30.00, Steps=10, Features = 345
20000 >>> E[0:01:30]-R[0:02:15]: Return=-51.00, Steps=10, Features = 442
25000 >>> E[0:01:55]-R[0:01:55]: Return=9.00, Steps=10, Features = 524
30000 >>> E[0:02:27]-R[0:01:38]: Return=-13.00, Steps=10, Features = 593
35000 >>> E[0:02:57]-R[0:01:16]: Return=5.00, Steps=14, Features = 660
40000 >>> E[0:03:31]-R[0:00:53]: Return=8.00, Steps=10, Features = 716
45000 >>> E[0:04:02]-R[0:00:27]: Return=-35.00, Steps=10, Features = 761
50000 >>> E[0:04:28]-R[0:00:00]: Return=-33.00, Steps=10, Features = 790
============================================================
Took 0:04:28
Results	=> ././12-results.txt
Log	=> ././12-out.txt
