============================================================
Domain:		PST
Dimensions:	12
|S|:		5451776
|A|:		27
|S|x|A|:		147197952
Episode Cap:	1000
Gamma:		0.9
NUM_UAV:		3
============================================================
Representation:		IndependentDiscretizationCompactBinary
Features per action:	52
Binary Dimensions:	[ 6  7  8  9 10 11]
============================================================
Representation:		iFDD
Features per action:	52
Initial Representation:	IndependentDiscretizationCompactBinary
Plus:			1
Sparsify:		1
Cached:			1
Online Threshold:	75.000
Batch Threshold:		75.000
Max Batch Discovery:	20
============================================================
Agent:		SARSA
Policy:		eGreedy
Alpha_0:		0.10
============================================================
Experiment:		OnlineExperiment
Output:			././14-results.txt
Learning Steps:		50000
Performance Checks:	10
Log Intervals:		60(s)
5000 >>> E[0:00:22]-R[0:03:21]: Return=0.00, Steps=1000, Features = 102
10000 >>> E[0:00:45]-R[0:02:59]: Return=0.00, Steps=1000, Features = 131
15000 >>> E[0:01:08]-R[0:02:38]: Return=0.00, Steps=1000, Features = 153
20000 >>> E[0:01:30]-R[0:02:16]: Return=0.00, Steps=1000, Features = 174
25000 >>> E[0:01:59]-R[0:01:59]: Return=0.00, Steps=1000, Features = 204
30000 >>> E[0:02:27]-R[0:01:38]: Return=0.00, Steps=1000, Features = 227
35000 >>> E[0:02:54]-R[0:01:15]: Return=0.00, Steps=1000, Features = 241
40000 >>> E[0:03:17]-R[0:00:49]: Return=0.00, Steps=1000, Features = 250
45000 >>> E[0:03:42]-R[0:00:25]: Return=0.00, Steps=1000, Features = 266
50000 >>> E[0:04:07]-R[0:00:00]: Return=0.00, Steps=1000, Features = 277
============================================================
Took 0:04:07
Results	=> ././14-results.txt
Log	=> ././14-out.txt
