============================================================
Domain:		PST
Dimensions:	12
|S|:		5451776
|A|:		27
|S|x|A|:		147197952
Episode Cap:	1000
Gamma:		0.9
NUM_UAV:		3
============================================================
Representation:		IndependentDiscretizationCompactBinary
Features per action:	52
Binary Dimensions:	[ 6  7  8  9 10 11]
============================================================
Representation:		iFDD
Features per action:	52
Initial Representation:	IndependentDiscretizationCompactBinary
Plus:			1
Sparsify:		1
Cached:			1
Online Threshold:	75.000
Batch Threshold:		75.000
Max Batch Discovery:	20
============================================================
Agent:		SARSA
Policy:		eGreedy
Alpha_0:		0.10
============================================================
Experiment:		OnlineExperiment
Output:			././17-results.txt
Learning Steps:		50000
Performance Checks:	10
Log Intervals:		60(s)
5000 >>> E[0:00:19]-R[0:02:47]: Return=-84.00, Steps=18, Features = 140
10000 >>> E[0:00:38]-R[0:02:33]: Return=-46.00, Steps=22, Features = 232
15000 >>> E[0:00:59]-R[0:02:18]: Return=0.00, Steps=1000, Features = 278
20000 >>> E[0:01:20]-R[0:02:00]: Return=0.00, Steps=1000, Features = 290
25000 >>> E[0:01:42]-R[0:01:42]: Return=0.00, Steps=1000, Features = 318
30000 >>> E[0:02:04]-R[0:01:23]: Return=0.00, Steps=1000, Features = 338
35000 >>> E[0:02:26]-R[0:01:03]: Return=0.00, Steps=1000, Features = 366
40000 >>> E[0:02:48]-R[0:00:42]: Return=0.00, Steps=1000, Features = 389
45000 >>> E[0:03:11]-R[0:00:21]: Return=0.00, Steps=1000, Features = 407
50000 >>> E[0:03:33]-R[0:00:00]: Return=-14.00, Steps=1000, Features = 431
============================================================
Took 0:03:33
Results	=> ././17-results.txt
Log	=> ././17-out.txt
