============================================================
Domain:		PST
Dimensions:	12
|S|:		5451776
|A|:		27
|S|x|A|:		147197952
Episode Cap:	1000
Gamma:		0.9
NUM_UAV:		3
============================================================
Representation:		IndependentDiscretizationCompactBinary
Features per action:	52
Binary Dimensions:	[ 6  7  8  9 10 11]
============================================================
Representation:		iFDD
Features per action:	52
Initial Representation:	IndependentDiscretizationCompactBinary
Plus:			1
Sparsify:		1
Cached:			1
Online Threshold:	75.000
Batch Threshold:		75.000
Max Batch Discovery:	20
============================================================
Agent:		SARSA
Policy:		eGreedy
Alpha_0:		0.10
============================================================
Experiment:		OnlineExperiment
Output:			././2-results.txt
Learning Steps:		50000
Performance Checks:	10
Log Intervals:		60(s)
5000 >>> E[0:00:22]-R[0:03:19]: Return=0.00, Steps=1000, Features = 110
10000 >>> E[0:00:45]-R[0:02:58]: Return=0.00, Steps=1000, Features = 138
15000 >>> E[0:01:07]-R[0:02:36]: Return=0.00, Steps=1000, Features = 159
20000 >>> E[0:01:30]-R[0:02:15]: Return=0.00, Steps=1000, Features = 171
25000 >>> E[0:01:56]-R[0:01:56]: Return=0.00, Steps=1000, Features = 189
30000 >>> E[0:02:19]-R[0:01:33]: Return=0.00, Steps=1000, Features = 195
35000 >>> E[0:02:45]-R[0:01:11]: Return=0.00, Steps=1000, Features = 205
40000 >>> E[0:03:08]-R[0:00:47]: Return=0.00, Steps=1000, Features = 214
45000 >>> E[0:03:33]-R[0:00:24]: Return=0.00, Steps=1000, Features = 214
50000 >>> E[0:03:56]-R[0:00:00]: Return=-4.00, Steps=1000, Features = 217
============================================================
Took 0:03:56
Results	=> ././2-results.txt
Log	=> ././2-out.txt
