============================================================
Domain:		PST
Dimensions:	12
|S|:		5451776
|A|:		27
|S|x|A|:		147197952
Episode Cap:	1000
Gamma:		0.9
NUM_UAV:		3
============================================================
Representation:		IndependentDiscretizationCompactBinary
Features per action:	52
Binary Dimensions:	[ 6  7  8  9 10 11]
============================================================
Representation:		iFDD
Features per action:	52
Initial Representation:	IndependentDiscretizationCompactBinary
Plus:			1
Sparsify:		1
Cached:			1
Online Threshold:	75.000
Batch Threshold:		75.000
Max Batch Discovery:	20
============================================================
Agent:		SARSA
Policy:		eGreedy
Alpha_0:		0.10
============================================================
Experiment:		OnlineExperiment
Output:			././5-results.txt
Learning Steps:		50000
Performance Checks:	10
Log Intervals:		60(s)
5000 >>> E[0:00:20]-R[0:03:01]: Return=0.00, Steps=1000, Features = 103
10000 >>> E[0:00:41]-R[0:02:43]: Return=0.00, Steps=1000, Features = 140
15000 >>> E[0:01:01]-R[0:02:23]: Return=0.00, Steps=1000, Features = 171
20000 >>> E[0:01:22]-R[0:02:03]: Return=0.00, Steps=1000, Features = 190
25000 >>> E[0:01:46]-R[0:01:46]: Return=0.00, Steps=1000, Features = 202
30000 >>> E[0:02:09]-R[0:01:26]: Return=0.00, Steps=1000, Features = 202
35000 >>> E[0:02:30]-R[0:01:04]: Return=0.00, Steps=1000, Features = 203
40000 >>> E[0:02:52]-R[0:00:43]: Return=0.00, Steps=1000, Features = 212
45000 >>> E[0:03:18]-R[0:00:22]: Return=0.00, Steps=1000, Features = 216
50000 >>> E[0:03:42]-R[0:00:00]: Return=0.00, Steps=1000, Features = 217
============================================================
Took 0:03:42
Results	=> ././5-results.txt
Log	=> ././5-out.txt
