000 (14214.000.000) 01/21 11:28:04 Job submitted from host: <128.30.112.18:46685>
...
001 (14214.000.000) 01/21 11:28:07 Job executing on host: <128.30.66.170:39331>
...
006 (14214.000.000) 01/21 11:28:15 Image size of job updated: 288040
	47  -  MemoryUsage of job (MB)
	48016  -  ResidentSetSize of job (KB)
...
006 (14214.000.000) 01/21 11:33:15 Image size of job updated: 370920
	110  -  MemoryUsage of job (MB)
	112588  -  ResidentSetSize of job (KB)
...
006 (14214.000.000) 01/21 11:38:16 Image size of job updated: 428960
	165  -  MemoryUsage of job (MB)
	168580  -  ResidentSetSize of job (KB)
...
006 (14214.000.000) 01/21 11:48:17 Image size of job updated: 516768
	223  -  MemoryUsage of job (MB)
	227392  -  ResidentSetSize of job (KB)
...
006 (14214.000.000) 01/21 12:03:18 Image size of job updated: 619876
	230  -  MemoryUsage of job (MB)
	235256  -  ResidentSetSize of job (KB)
...
006 (14214.000.000) 01/21 12:18:20 Image size of job updated: 619876
	282  -  MemoryUsage of job (MB)
	288460  -  ResidentSetSize of job (KB)
...
