000 (14223.000.000) 01/21 11:28:05 Job submitted from host: <128.30.112.18:46685>
...
001 (14223.000.000) 01/21 11:28:07 Job executing on host: <128.30.66.165:41096>
...
006 (14223.000.000) 01/21 11:28:16 Image size of job updated: 84148
	13  -  MemoryUsage of job (MB)
	12488  -  ResidentSetSize of job (KB)
...
006 (14223.000.000) 01/21 11:33:17 Image size of job updated: 365188
	111  -  MemoryUsage of job (MB)
	112648  -  ResidentSetSize of job (KB)
...
006 (14223.000.000) 01/21 11:38:17 Image size of job updated: 429020
	165  -  MemoryUsage of job (MB)
	168868  -  ResidentSetSize of job (KB)
...
006 (14223.000.000) 01/21 11:48:17 Image size of job updated: 495208
	202  -  MemoryUsage of job (MB)
	205832  -  ResidentSetSize of job (KB)
...
