000 (14224.000.000) 01/21 11:28:05 Job submitted from host: <128.30.112.18:46685>
...
001 (14224.000.000) 01/21 11:28:07 Job executing on host: <128.30.66.169:43926>
...
006 (14224.000.000) 01/21 11:28:16 Image size of job updated: 84152
	13  -  MemoryUsage of job (MB)
	12700  -  ResidentSetSize of job (KB)
...
006 (14224.000.000) 01/21 11:33:17 Image size of job updated: 370864
	110  -  MemoryUsage of job (MB)
	112536  -  ResidentSetSize of job (KB)
...
006 (14224.000.000) 01/21 11:38:17 Image size of job updated: 428908
	165  -  MemoryUsage of job (MB)
	168528  -  ResidentSetSize of job (KB)
...
005 (14224.000.000) 01/21 11:50:59 Job terminated.
	(1) Normal termination (return value 0)
		Usr 0 00:22:42, Sys 0 00:00:01  -  Run Remote Usage
		Usr 0 00:00:00, Sys 0 00:00:00  -  Run Local Usage
		Usr 0 00:22:42, Sys 0 00:00:01  -  Total Remote Usage
		Usr 0 00:00:00, Sys 0 00:00:00  -  Total Local Usage
	0  -  Run Bytes Sent By Job
	0  -  Run Bytes Received By Job
	0  -  Total Bytes Sent By Job
	0  -  Total Bytes Received By Job
	Partitionable Resources :    Usage  Request          
	   Cpus                 :                 1          
	   Disk (KB)            :     2750     2750          
	   Memory (MB)          :      165      165          
...
