000 (14229.000.000) 01/21 11:28:06 Job submitted from host: <128.30.112.18:46685>
...
001 (14229.000.000) 01/21 11:28:07 Job executing on host: <128.30.66.169:43926>
...
006 (14229.000.000) 01/21 11:28:16 Image size of job updated: 46436
	7  -  MemoryUsage of job (MB)
	6848  -  ResidentSetSize of job (KB)
...
006 (14229.000.000) 01/21 11:30:59 Image size of job updated: 315464
	7  -  MemoryUsage of job (MB)
	6848  -  ResidentSetSize of job (KB)
...
005 (14229.000.000) 01/21 11:30:59 Job terminated.
	(1) Normal termination (return value 0)
		Usr 0 00:01:57, Sys 0 00:00:47  -  Run Remote Usage
		Usr 0 00:00:00, Sys 0 00:00:00  -  Run Local Usage
		Usr 0 00:01:57, Sys 0 00:00:47  -  Total Remote Usage
		Usr 0 00:00:00, Sys 0 00:00:00  -  Total Local Usage
	0  -  Run Bytes Sent By Job
	0  -  Run Bytes Received By Job
	0  -  Total Bytes Sent By Job
	0  -  Total Bytes Received By Job
	Partitionable Resources :    Usage  Request          
	   Cpus                 :                 1          
	   Disk (KB)            :     2750     2750          
	   Memory (MB)          :        7        7          
...
