000 (14230.000.000) 01/21 11:28:07 Job submitted from host: <128.30.112.18:46685>
...
001 (14230.000.000) 01/21 11:28:08 Job executing on host: <128.30.66.169:43926>
...
006 (14230.000.000) 01/21 11:28:16 Image size of job updated: 2750
	3  -  MemoryUsage of job (MB)
	2228  -  ResidentSetSize of job (KB)
...
006 (14230.000.000) 01/21 11:33:16 Image size of job updated: 370836
	110  -  MemoryUsage of job (MB)
	112572  -  ResidentSetSize of job (KB)
...
006 (14230.000.000) 01/21 11:38:16 Image size of job updated: 428876
	165  -  MemoryUsage of job (MB)
	168712  -  ResidentSetSize of job (KB)
...
006 (14230.000.000) 01/21 11:48:18 Image size of job updated: 470068
	226  -  MemoryUsage of job (MB)
	230620  -  ResidentSetSize of job (KB)
...
