000 (14231.000.000) 01/21 11:28:07 Job submitted from host: <128.30.112.18:46685>
...
001 (14231.000.000) 01/21 11:28:28 Job executing on host: <128.30.66.170:39331>
...
006 (14231.000.000) 01/21 11:28:36 Image size of job updated: 286100
	46  -  MemoryUsage of job (MB)
	46180  -  ResidentSetSize of job (KB)
...
006 (14231.000.000) 01/21 11:33:36 Image size of job updated: 370796
	111  -  MemoryUsage of job (MB)
	113256  -  ResidentSetSize of job (KB)
...
006 (14231.000.000) 01/21 11:38:37 Image size of job updated: 416724
	151  -  MemoryUsage of job (MB)
	154032  -  ResidentSetSize of job (KB)
...
006 (14231.000.000) 01/21 11:43:37 Image size of job updated: 492332
	203  -  MemoryUsage of job (MB)
	207872  -  ResidentSetSize of job (KB)
...
006 (14231.000.000) 01/21 11:58:39 Image size of job updated: 567952
	265  -  MemoryUsage of job (MB)
	270376  -  ResidentSetSize of job (KB)
...
006 (14231.000.000) 01/21 12:23:41 Image size of job updated: 645608
	338  -  MemoryUsage of job (MB)
	345488  -  ResidentSetSize of job (KB)
...
