000 (14215.000.000) 01/21 11:28:04 Job submitted from host: <128.30.112.18:46685>
...
001 (14215.000.000) 01/21 11:28:07 Job executing on host: <128.30.66.169:43926>
...
006 (14215.000.000) 01/21 11:28:15 Image size of job updated: 285388
	45  -  MemoryUsage of job (MB)
	45656  -  ResidentSetSize of job (KB)
...
006 (14215.000.000) 01/21 11:33:15 Image size of job updated: 365128
	111  -  MemoryUsage of job (MB)
	112684  -  ResidentSetSize of job (KB)
...
006 (14215.000.000) 01/21 11:38:15 Image size of job updated: 428960
	186  -  MemoryUsage of job (MB)
	189640  -  ResidentSetSize of job (KB)
...
005 (14215.000.000) 01/21 11:50:41 Job terminated.
	(1) Normal termination (return value 0)
		Usr 0 00:21:41, Sys 0 00:00:47  -  Run Remote Usage
		Usr 0 00:00:00, Sys 0 00:00:00  -  Run Local Usage
		Usr 0 00:21:41, Sys 0 00:00:47  -  Total Remote Usage
		Usr 0 00:00:00, Sys 0 00:00:00  -  Total Local Usage
	0  -  Run Bytes Sent By Job
	0  -  Run Bytes Received By Job
	0  -  Total Bytes Sent By Job
	0  -  Total Bytes Received By Job
	Partitionable Resources :    Usage  Request          
	   Cpus                 :                 1          
	   Disk (KB)            :     2750     2750          
	   Memory (MB)          :      186      186          
...
