000 (14233.000.000) 01/21 11:28:08 Job submitted from host: <128.30.112.18:46685>
...
001 (14233.000.000) 01/21 11:28:28 Job executing on host: <128.30.66.169:43926>
...
006 (14233.000.000) 01/21 11:28:37 Image size of job updated: 2750
	3  -  MemoryUsage of job (MB)
	2244  -  ResidentSetSize of job (KB)
...
006 (14233.000.000) 01/21 11:33:38 Image size of job updated: 364984
	110  -  MemoryUsage of job (MB)
	112444  -  ResidentSetSize of job (KB)
...
006 (14233.000.000) 01/21 11:38:39 Image size of job updated: 428816
	165  -  MemoryUsage of job (MB)
	168436  -  ResidentSetSize of job (KB)
...
005 (14233.000.000) 01/21 11:48:04 Job terminated.
	(1) Normal termination (return value 0)
		Usr 0 00:19:21, Sys 0 00:00:01  -  Run Remote Usage
		Usr 0 00:00:00, Sys 0 00:00:00  -  Run Local Usage
		Usr 0 00:19:21, Sys 0 00:00:01  -  Total Remote Usage
		Usr 0 00:00:00, Sys 0 00:00:00  -  Total Local Usage
	0  -  Run Bytes Sent By Job
	0  -  Run Bytes Received By Job
	0  -  Total Bytes Sent By Job
	0  -  Total Bytes Received By Job
	Partitionable Resources :    Usage  Request          
	   Cpus                 :                 1          
	   Disk (KB)            :     2750     2750          
	   Memory (MB)          :      165      165          
...
