000 (14218.000.000) 01/21 11:28:04 Job submitted from host: <128.30.112.18:46685>
...
001 (14218.000.000) 01/21 11:28:07 Job executing on host: <128.30.66.165:41096>
...
006 (14218.000.000) 01/21 11:28:16 Image size of job updated: 90144
	15  -  MemoryUsage of job (MB)
	14432  -  ResidentSetSize of job (KB)
...
006 (14218.000.000) 01/21 11:33:17 Image size of job updated: 370948
	110  -  MemoryUsage of job (MB)
	112616  -  ResidentSetSize of job (KB)
...
006 (14218.000.000) 01/21 11:38:17 Image size of job updated: 428988
	165  -  MemoryUsage of job (MB)
	168608  -  ResidentSetSize of job (KB)
...
006 (14218.000.000) 01/21 11:48:18 Image size of job updated: 516792
	223  -  MemoryUsage of job (MB)
	227416  -  ResidentSetSize of job (KB)
...
006 (14218.000.000) 01/21 12:03:19 Image size of job updated: 619900
	338  -  MemoryUsage of job (MB)
	345420  -  ResidentSetSize of job (KB)
...
