000 (14220.000.000) 01/21 11:28:04 Job submitted from host: <128.30.112.18:46685>
...
001 (14220.000.000) 01/21 11:28:07 Job executing on host: <128.30.66.164:41719>
...
006 (14220.000.000) 01/21 11:28:16 Image size of job updated: 80332
	11  -  MemoryUsage of job (MB)
	10636  -  ResidentSetSize of job (KB)
...
006 (14220.000.000) 01/21 11:33:17 Image size of job updated: 401556
	135  -  MemoryUsage of job (MB)
	137608  -  ResidentSetSize of job (KB)
...
006 (14220.000.000) 01/21 11:38:17 Image size of job updated: 467788
	223  -  MemoryUsage of job (MB)
	228236  -  ResidentSetSize of job (KB)
...
006 (14220.000.000) 01/21 11:53:19 Image size of job updated: 567444
	265  -  MemoryUsage of job (MB)
	270684  -  ResidentSetSize of job (KB)
...
006 (14220.000.000) 01/21 12:13:21 Image size of job updated: 683640
	265  -  MemoryUsage of job (MB)
	270684  -  ResidentSetSize of job (KB)
...
006 (14220.000.000) 01/21 12:18:21 Image size of job updated: 683640
	319  -  MemoryUsage of job (MB)
	325640  -  ResidentSetSize of job (KB)
...
