000 (14221.000.000) 01/21 11:28:04 Job submitted from host: <128.30.112.18:46685>
...
001 (14221.000.000) 01/21 11:28:07 Job executing on host: <128.30.66.170:39331>
...
006 (14221.000.000) 01/21 11:28:16 Image size of job updated: 288200
	48  -  MemoryUsage of job (MB)
	48292  -  ResidentSetSize of job (KB)
...
006 (14221.000.000) 01/21 11:33:17 Image size of job updated: 365016
	110  -  MemoryUsage of job (MB)
	112480  -  ResidentSetSize of job (KB)
...
005 (14221.000.000) 01/21 11:34:38 Job terminated.
	(1) Normal termination (return value 0)
		Usr 0 00:06:23, Sys 0 00:00:01  -  Run Remote Usage
		Usr 0 00:00:00, Sys 0 00:00:00  -  Run Local Usage
		Usr 0 00:06:23, Sys 0 00:00:01  -  Total Remote Usage
		Usr 0 00:00:00, Sys 0 00:00:00  -  Total Local Usage
	0  -  Run Bytes Sent By Job
	0  -  Run Bytes Received By Job
	0  -  Total Bytes Sent By Job
	0  -  Total Bytes Received By Job
	Partitionable Resources :    Usage  Request          
	   Cpus                 :                 1          
	   Disk (KB)            :     2750     2750          
	   Memory (MB)          :      110      110          
...
