000 (14222.000.000) 01/21 11:28:05 Job submitted from host: <128.30.112.18:46685>
...
001 (14222.000.000) 01/21 11:28:07 Job executing on host: <128.30.66.166:36393>
...
006 (14222.000.000) 01/21 11:28:16 Image size of job updated: 285968
	46  -  MemoryUsage of job (MB)
	46176  -  ResidentSetSize of job (KB)
...
006 (14222.000.000) 01/21 11:33:17 Image size of job updated: 375268
	120  -  MemoryUsage of job (MB)
	122404  -  ResidentSetSize of job (KB)
...
006 (14222.000.000) 01/21 11:38:17 Image size of job updated: 444780
	179  -  MemoryUsage of job (MB)
	182900  -  ResidentSetSize of job (KB)
...
006 (14222.000.000) 01/21 11:48:18 Image size of job updated: 537712
	292  -  MemoryUsage of job (MB)
	298320  -  ResidentSetSize of job (KB)
...
