============================================================
Domain:		SystemAdministrator
Dimensions:	20
|S|:		1048576
|A|:		21
|S|x|A|:		22020096
Episode Cap:	200
Gamma:		0.95
Computers:	20
Edges:		[(0, 15), (0, 10), (0, 7), (0, 14), (0, 12), (1, 3), (1, 15), (1, 5), (1, 17), (1, 18), (1, 10), (2, 17), (2, 15), (2, 16), (2, 4), (2, 8), (2, 7), (3, 17), (3, 16), (4, 16), (4, 5), (4, 11), (4, 13), (5, 16), (5, 15), (5, 10), (5, 12), (5, 11), (5, 13), (6, 15), (6, 10), (6, 11), (6, 12), (6, 18), (7, 17), (7, 8), (7, 9), (7, 14), (8, 10), (8, 11), (9, 10), (9, 11), (9, 13), (10, 15), (10, 16), (10, 12), (11, 16), (11, 18), (11, 14), (12, 15), (15, 17), (15, 19), (16, 19), (18, 19)]
Neighbors:
0 : [15, 10, 7, 14, 12]
1 : [3, 15, 5, 17, 18, 10]
2 : [17, 15, 16, 4, 8, 7]
3 : [1, 17, 16]
4 : [2, 16, 5, 11, 13]
5 : [1, 4, 16, 15, 10, 12, 11, 13]
6 : [15, 10, 11, 12, 18]
7 : [0, 2, 17, 8, 9, 14]
8 : [2, 7, 10, 11]
9 : [7, 10, 11, 13]
10 : [0, 1, 5, 6, 8, 9, 15, 16, 12]
11 : [4, 5, 6, 8, 9, 16, 18, 14]
12 : [0, 5, 6, 10, 15]
13 : [4, 5, 9]
14 : [0, 7, 11]
15 : [0, 1, 2, 5, 6, 10, 12, 17, 19]
16 : [2, 3, 4, 5, 10, 11, 19]
17 : [1, 2, 3, 7, 15]
18 : [1, 6, 11, 19]
19 : [15, 16, 18]
============================================================
Representation:		IndependentDiscretizationCompactBinary
Features per action:	21
Binary Dimensions:	[ 0  1  2  3  4  5  6  7  8  9 10 11 12 13 14 15 16 17 18 19]
============================================================
Representation:		iFDD
Features per action:	21
Initial Representation:	IndependentDiscretizationCompactBinary
Plus:			1
Sparsify:		1
Cached:			1
Online Threshold:	325.000
Batch Threshold:		325.000
Max Batch Discovery:	20
============================================================
Agent:		RE_LSPI
Policy:		eGreedy
Max LSPI Iterations:	10
Data Size:		2000
Weight Difference tol.:	0.001
Max Representation Expansion Iterations:	20
============================================================
Experiment:		OnlineExperiment
Output:			././10-results.txt
Learning Steps:		2000
Performance Checks:	1
Log Intervals:		60(s)
Representation Expansion iteration #1
-----------------
Running LSPI:
1: L2_norm of weight difference = 297.554, Density of A: 21.66%
2: L2_norm of weight difference = 218.429, Density of A: 19.57%
3: L2_norm of weight difference = 1762.586, Density of A: 20.42%
4: L2_norm of weight difference = 1756.413, Density of A: 19.67%
5: L2_norm of weight difference = 2329.277, Density of A: 19.23%
6: L2_norm of weight difference = 2500.565, Density of A: 19.46%
7: L2_norm of weight difference = 189.329, Density of A: 19.92%
8: L2_norm of weight difference = 682.649, Density of A: 19.96%
9: L2_norm of weight difference = 869.681, Density of A: 20.32%
10: L2_norm of weight difference = 209.593, Density of A: 18.63%
Performance Check >>> 426.000 Return, 200 Steps, 21 Features
iFDD Batch: Max Relevance = 372.486
New Feature 1: [8, 14], Relevance = 372.486
New Feature 2: [14, 19], Relevance = 358.300
New Feature 3: [7, 14], Relevance = 357.693
New Feature 4: [8, 19], Relevance = 352.595
New Feature 5: [0, 14], Relevance = 351.460
New Feature 6: [8, 13], Relevance = 347.987
New Feature 7: [12, 14], Relevance = 347.880
New Feature 8: [0, 7], Relevance = 347.100
New Feature 9: [7, 8], Relevance = 344.570
New Feature 10: [10, 14], Relevance = 344.117
New Feature 11: [9, 14], Relevance = 343.195
New Feature 12: [4, 14], Relevance = 342.933
New Feature 13: [8, 9], Relevance = 342.454
New Feature 14: [7, 9], Relevance = 341.634
New Feature 15: [8, 10], Relevance = 341.188
New Feature 16: [11, 14], Relevance = 339.222
New Feature 17: [8, 12], Relevance = 337.517
New Feature 18: [14, 15], Relevance = 336.299
New Feature 19: [6, 14], Relevance = 336.177
New Feature 20: [0, 8], Relevance = 336.099
Representation Expansion iteration #2
-----------------
Running LSPI:
1: L2_norm of weight difference = 582.143, Density of A: 5.50%
2: L2_norm of weight difference = 420.152, Density of A: 5.28%
3: L2_norm of weight difference = 391.499, Density of A: 5.33%
4: L2_norm of weight difference = 470.116, Density of A: 5.43%
5: L2_norm of weight difference = 431.565, Density of A: 5.30%
6: L2_norm of weight difference = 427.080, Density of A: 5.40%
7: L2_norm of weight difference = 524.749, Density of A: 5.45%
8: L2_norm of weight difference = 885.648, Density of A: 5.54%
9: L2_norm of weight difference = 930.439, Density of A: 5.40%
10: L2_norm of weight difference = 509.021, Density of A: 5.12%
Performance Check >>> 522.000 Return, 200 Steps, 41 Features
iFDD Batch: Max Relevance = 497.137
New Feature 1: [16, 17], Relevance = 497.137
New Feature 2: [4, 19], Relevance = 488.137
New Feature 3: [1, 19], Relevance = 467.064
New Feature 4: [3, 17], Relevance = 456.259
New Feature 5: [18, 19], Relevance = 455.152
New Feature 6: [11, 19], Relevance = 448.316
New Feature 7: [10, 19], Relevance = 446.493
New Feature 8: [16, 19], Relevance = 444.674
New Feature 9: [1, 3], Relevance = 441.827
New Feature 10: [3, 16], Relevance = 441.366
New Feature 11: [1, 2], Relevance = 439.652
New Feature 12: [2, 10], Relevance = 438.304
New Feature 13: [2, 19], Relevance = 437.410
New Feature 14: [17, 19], Relevance = 437.409
New Feature 15: [1, 17], Relevance = 435.685
New Feature 16: [4, 16], Relevance = 435.588
New Feature 17: [0, 8, 12], Relevance = 435.467
New Feature 18: [2, 4], Relevance = 433.519
New Feature 19: [3, 5], Relevance = 433.086
New Feature 20: [5, 17], Relevance = 432.506
Representation Expansion iteration #3
-----------------
Running LSPI:
1: L2_norm of weight difference = 1080.540, Density of A: 2.22%
2: L2_norm of weight difference = 854.731, Density of A: 2.21%
3: L2_norm of weight difference = 349.077, Density of A: 2.23%
4: L2_norm of weight difference = 503.284, Density of A: 2.19%
5: L2_norm of weight difference = 523.573, Density of A: 2.19%
6: L2_norm of weight difference = 620.410, Density of A: 2.20%
7: L2_norm of weight difference = 659.838, Density of A: 2.18%
8: L2_norm of weight difference = 686.493, Density of A: 2.21%
9: L2_norm of weight difference = 655.324, Density of A: 2.23%
10: L2_norm of weight difference = 509.018, Density of A: 2.17%
Performance Check >>> 543.250 Return, 200 Steps, 61 Features
iFDD Batch: Max Relevance = 223.895
2000: E[0:10:27]-R[0:00:00]: Return=427.25, Steps=200, Features = 61
2000 >>> E[0:10:27]-R[0:00:00]: Return=497.25, Steps=200, Features = 61
============================================================
Took 0:10:27
Results	=> ././10-results.txt
Log	=> ././10-out.txt
