============================================================
Domain:		BlocksWorld
Dimensions:	4
|S|:		256
|A|:		16
|S|x|A|:		4096
Episode Cap:	1000
Gamma:		1
noise		0.3
blocks		4
============================================================
Representation:		IndependentDiscretizationCompactBinary
Features per action:	17
Binary Dimensions:	[]
============================================================
Representation:		iFDD
Features per action:	17
Initial Representation:	IndependentDiscretizationCompactBinary
Plus:			1
Sparsify:		0
Cached:			1
Online Threshold:	0.007
Batch Threshold:		0.007
Max Batch Discovery:	20
============================================================
Agent:		RE_LSPI
Policy:		eGreedy
Max LSPI Iterations:	10
Data Size:		5000
Weight Difference tol.:	0.001
Max Representation Expansion Iterations:	100
============================================================
Experiment:		OnlineExperiment
Output:			././18-results.txt
Learning Steps:		5000
Performance Checks:	1
Log Intervals:		60(s)
Representation Expansion iteration #1
-----------------
Running LSPI:
1: L2_norm of weight difference = 9.174, Density of A: 5.18%
2: L2_norm of weight difference = 9.941, Density of A: 5.79%
3: L2_norm of weight difference = 1.844, Density of A: 5.74%
4: L2_norm of weight difference = 1.925, Density of A: 5.47%
5: L2_norm of weight difference = 0.637, Density of A: 5.68%
6: L2_norm of weight difference = 822689349.032, Density of A: 5.42%
7: L2_norm of weight difference = 822689348.899, Density of A: 5.39%
8: L2_norm of weight difference = 0.960, Density of A: 5.29%
9: L2_norm of weight difference = 3.984, Density of A: 5.30%
10: L2_norm of weight difference = 2.753, Density of A: 5.58%
Performance Check >>> -1.000 Return, 1000 Steps, 17 Features
iFDD Batch: Max Relevance = 8.336
New Feature 17: [0, 5], Relevance = 8.336
New Feature 18: [5, 15], Relevance = 8.210
New Feature 19: [5, 9], Relevance = 7.144
New Feature 20: [0, 15], Relevance = 6.886
New Feature 21: [5, 10], Relevance = 6.496
New Feature 22: [10, 15], Relevance = 6.121
New Feature 23: [0, 9], Relevance = 5.765
New Feature 24: [0, 10], Relevance = 5.636
New Feature 25: [9, 15], Relevance = 5.255
New Feature 26: [2, 15], Relevance = 4.478
New Feature 27: [2, 10], Relevance = 4.326
New Feature 28: [2, 5], Relevance = 4.258
New Feature 29: [5, 13], Relevance = 3.761
New Feature 30: [3, 5], Relevance = 3.414
New Feature 31: [0, 12], Relevance = 3.403
New Feature 32: [5, 12], Relevance = 3.340
New Feature 33: [9, 12], Relevance = 3.293
New Feature 34: [9, 14], Relevance = 3.293
New Feature 35: [2, 9], Relevance = 3.288
New Feature 36: [0, 11], Relevance = 3.283
Representation Expansion iteration #2
-----------------
Running LSPI:
1: L2_norm of weight difference = 2.675, Density of A: 4.34%
2: L2_norm of weight difference = 0.631, Density of A: 4.25%
3: L2_norm of weight difference = 0.478, Density of A: 4.25%
4: L2_norm of weight difference = 0.671, Density of A: 4.25%
5: L2_norm of weight difference = 0.671, Density of A: 4.25%
6: L2_norm of weight difference = 0.671, Density of A: 4.25%
7: L2_norm of weight difference = 0.671, Density of A: 4.25%
8: L2_norm of weight difference = 0.671, Density of A: 4.25%
9: L2_norm of weight difference = 0.671, Density of A: 4.25%
10: L2_norm of weight difference = 0.671, Density of A: 4.25%
Performance Check >>> 0.997 Return, 4 Steps, 37 Features
iFDD Batch: Max Relevance = 0.000
5000 >>> E[0:02:38]-R[0:00:00]: Return=+1.00, Steps=3, Features = 37
============================================================
Took 0:02:38
Results	=> ././18-results.txt
Log	=> ././18-out.txt
