============================================================
Domain:		BlocksWorld
Dimensions:	4
|S|:		256
|A|:		16
|S|x|A|:		4096
Episode Cap:	1000
Gamma:		1
noise		0.3
blocks		4
============================================================
Representation:		IndependentDiscretizationCompactBinary
Features per action:	17
Binary Dimensions:	[]
============================================================
Representation:		iFDD
Features per action:	17
Initial Representation:	IndependentDiscretizationCompactBinary
Plus:			1
Sparsify:		0
Cached:			1
Online Threshold:	0.007
Batch Threshold:		0.007
Max Batch Discovery:	20
============================================================
Agent:		RE_LSPI
Policy:		eGreedy
Max LSPI Iterations:	10
Data Size:		5000
Weight Difference tol.:	0.001
Max Representation Expansion Iterations:	100
============================================================
Experiment:		OnlineExperiment
Output:			././2-results.txt
Learning Steps:		5000
Performance Checks:	1
Log Intervals:		60(s)
Representation Expansion iteration #1
-----------------
Running LSPI:
1: L2_norm of weight difference = 1.620, Density of A: 5.32%
2: L2_norm of weight difference = 0.517, Density of A: 5.55%
3: L2_norm of weight difference = 31.648, Density of A: 5.24%
4: L2_norm of weight difference = 32.369, Density of A: 5.80%
5: L2_norm of weight difference = 1.188, Density of A: 5.66%
6: L2_norm of weight difference = 1.171, Density of A: 5.51%
7: L2_norm of weight difference = 1.201, Density of A: 5.22%
8: L2_norm of weight difference = 31394.417, Density of A: 5.19%
9: L2_norm of weight difference = 66015405582.917, Density of A: 5.35%
10: L2_norm of weight difference = 66015405371.999, Density of A: 5.67%
Performance Check >>> -1.000 Return, 1000 Steps, 17 Features
iFDD Batch: Max Relevance = 1816366494.094
New Feature 17: [0, 5], Relevance = 1816366494.094
New Feature 18: [0, 10], Relevance = 1627461654.969
New Feature 19: [0, 12], Relevance = 1566083859.745
New Feature 20: [4, 9], Relevance = 1473041611.713
New Feature 21: [9, 12], Relevance = 1315242657.542
New Feature 22: [5, 10], Relevance = 1257522504.858
New Feature 23: [5, 12], Relevance = 1128867228.261
New Feature 24: [5, 9], Relevance = 1125958398.104
New Feature 25: [5, 15], Relevance = 1046898569.372
New Feature 26: [10, 15], Relevance = 971843965.127
New Feature 27: [0, 13], Relevance = 865083819.035
New Feature 28: [10, 13], Relevance = 852592317.770
New Feature 29: [0, 15], Relevance = 835737652.697
New Feature 30: [5, 13], Relevance = 714204318.130
New Feature 31: [10, 12], Relevance = 705855253.791
New Feature 32: [4, 10], Relevance = 680161663.550
New Feature 33: [4, 13], Relevance = 668320871.883
New Feature 34: [11, 12], Relevance = 667330326.586
New Feature 35: [5, 14], Relevance = 558130287.864
New Feature 36: [5, 11], Relevance = 514450228.592
Representation Expansion iteration #2
-----------------
Running LSPI:
1: L2_norm of weight difference = 1.543, Density of A: 4.19%
2: L2_norm of weight difference = 13.997, Density of A: 4.47%
3: L2_norm of weight difference = 1563226396.001, Density of A: 4.46%
4: L2_norm of weight difference = 5785513258.358, Density of A: 4.49%
5: L2_norm of weight difference = 5313151336.385, Density of A: 4.30%
6: L2_norm of weight difference = 0.715, Density of A: 4.51%
7: L2_norm of weight difference = 51650696.911, Density of A: 4.24%
8: L2_norm of weight difference = 1836368843.017, Density of A: 4.37%
9: L2_norm of weight difference = 1943661321.958, Density of A: 4.14%
10: L2_norm of weight difference = 935816442.798, Density of A: 4.16%
Performance Check >>> -1.000 Return, 1000 Steps, 37 Features
iFDD Batch: Max Relevance = 0.021
New Feature 37: [3, 5, 9], Relevance = 0.021
New Feature 38: [3, 9], Relevance = 0.020
New Feature 39: [5, 9, 15], Relevance = 0.016
New Feature 40: [9, 15], Relevance = 0.013
New Feature 41: [2, 9, 12], Relevance = 0.011
New Feature 42: [3, 5, 15], Relevance = 0.009
New Feature 43: [3, 5], Relevance = 0.008
New Feature 44: [3, 15], Relevance = 0.008
Representation Expansion iteration #3
-----------------
Running LSPI:
1: L2_norm of weight difference = 1.669, Density of A: 3.36%
2: L2_norm of weight difference = 2745575428.490, Density of A: 3.54%
3: L2_norm of weight difference = 2745575427.976, Density of A: 3.43%
4: L2_norm of weight difference = 0.490, Density of A: 3.31%
5: L2_norm of weight difference = 0.816, Density of A: 3.31%
6: L2_norm of weight difference = 0.000, Density of A: 3.31%
Performance Check >>> 0.998 Return, 3 Steps, 45 Features
iFDD Batch: Max Relevance = 0.001
5000 >>> E[0:05:08]-R[0:00:00]: Return=+1.00, Steps=3, Features = 45
============================================================
Took 0:05:08
Results	=> ././2-results.txt
Log	=> ././2-out.txt
