============================================================
Domain:		BlocksWorld
Dimensions:	4
|S|:		256
|A|:		16
|S|x|A|:		4096
Episode Cap:	1000
Gamma:		1
noise		0.3
blocks		4
============================================================
Representation:		IndependentDiscretizationCompactBinary
Features per action:	17
Binary Dimensions:	[]
============================================================
Representation:		iFDD
Features per action:	17
Initial Representation:	IndependentDiscretizationCompactBinary
Plus:			1
Sparsify:		0
Cached:			1
Online Threshold:	0.007
Batch Threshold:		0.007
Max Batch Discovery:	20
============================================================
Agent:		RE_LSPI
Policy:		eGreedy
Max LSPI Iterations:	10
Data Size:		5000
Weight Difference tol.:	0.001
Max Representation Expansion Iterations:	100
============================================================
Experiment:		OnlineExperiment
Output:			././22-results.txt
Learning Steps:		5000
Performance Checks:	1
Log Intervals:		60(s)
Representation Expansion iteration #1
-----------------
Running LSPI:
1: L2_norm of weight difference = 2.560, Density of A: 5.25%
2: L2_norm of weight difference = 0.521, Density of A: 5.41%
3: L2_norm of weight difference = 0.750, Density of A: 5.30%
4: L2_norm of weight difference = 0.784, Density of A: 5.58%
5: L2_norm of weight difference = 0.621, Density of A: 5.57%
6: L2_norm of weight difference = 0.487, Density of A: 5.62%
7: L2_norm of weight difference = 1.144, Density of A: 5.46%
8: L2_norm of weight difference = 1.795, Density of A: 5.77%
9: L2_norm of weight difference = 2.693, Density of A: 5.69%
10: L2_norm of weight difference = 2.040, Density of A: 5.78%
Performance Check >>> -1.000 Return, 1000 Steps, 17 Features
iFDD Batch: Max Relevance = 16.461
New Feature 17: [5, 15], Relevance = 16.461
New Feature 18: [0, 5], Relevance = 15.048
New Feature 19: [0, 15], Relevance = 13.406
New Feature 20: [5, 10], Relevance = 13.346
New Feature 21: [10, 15], Relevance = 12.051
New Feature 22: [0, 10], Relevance = 11.050
New Feature 23: [11, 15], Relevance = 7.344
New Feature 24: [5, 9], Relevance = 7.208
New Feature 25: [5, 11], Relevance = 7.133
New Feature 26: [0, 11], Relevance = 6.785
New Feature 27: [5, 8], Relevance = 6.592
New Feature 28: [1, 5], Relevance = 6.407
New Feature 29: [8, 15], Relevance = 6.364
New Feature 30: [0, 8], Relevance = 6.025
New Feature 31: [9, 15], Relevance = 5.899
New Feature 32: [1, 15], Relevance = 5.858
New Feature 33: [3, 5], Relevance = 5.822
New Feature 34: [3, 15], Relevance = 5.821
New Feature 35: [0, 9], Relevance = 5.569
New Feature 36: [3, 10], Relevance = 5.125
Representation Expansion iteration #2
-----------------
Running LSPI:
1: L2_norm of weight difference = 2.507, Density of A: 4.63%
2: L2_norm of weight difference = 0.612, Density of A: 4.45%
3: L2_norm of weight difference = 0.638, Density of A: 4.45%
4: L2_norm of weight difference = 0.588, Density of A: 4.43%
5: L2_norm of weight difference = 0.709, Density of A: 4.42%
6: L2_norm of weight difference = 0.000, Density of A: 4.42%
Performance Check >>> 0.997 Return, 4 Steps, 37 Features
iFDD Batch: Max Relevance = 0.000
5000 >>> E[0:02:14]-R[0:00:00]: Return=+1.00, Steps=4, Features = 37
============================================================
Took 0:02:14
Results	=> ././22-results.txt
Log	=> ././22-out.txt
