============================================================
Domain:		BlocksWorld
Dimensions:	4
|S|:		256
|A|:		16
|S|x|A|:		4096
Episode Cap:	1000
Gamma:		1
noise		0.3
blocks		4
============================================================
Representation:		IndependentDiscretizationCompactBinary
Features per action:	17
Binary Dimensions:	[]
============================================================
Representation:		iFDD
Features per action:	17
Initial Representation:	IndependentDiscretizationCompactBinary
Plus:			1
Sparsify:		0
Cached:			1
Online Threshold:	0.007
Batch Threshold:		0.007
Max Batch Discovery:	20
============================================================
Agent:		RE_LSPI
Policy:		eGreedy
Max LSPI Iterations:	10
Data Size:		5000
Weight Difference tol.:	0.001
Max Representation Expansion Iterations:	100
============================================================
Experiment:		OnlineExperiment
Output:			././23-results.txt
Learning Steps:		5000
Performance Checks:	1
Log Intervals:		60(s)
Representation Expansion iteration #1
-----------------
Running LSPI:
1: L2_norm of weight difference = 1.359, Density of A: 5.26%
2: L2_norm of weight difference = 0.675, Density of A: 5.59%
3: L2_norm of weight difference = 0.929, Density of A: 5.39%
4: L2_norm of weight difference = 5030263221.953, Density of A: 5.52%
5: L2_norm of weight difference = 5030263221.884, Density of A: 5.13%
6: L2_norm of weight difference = 0.835, Density of A: 5.17%
7: L2_norm of weight difference = 0.723, Density of A: 5.28%
8: L2_norm of weight difference = 0.613, Density of A: 5.29%
9: L2_norm of weight difference = 0.845, Density of A: 5.25%
10: L2_norm of weight difference = 0.972, Density of A: 5.19%
Performance Check >>> -1.000 Return, 1000 Steps, 17 Features
iFDD Batch: Max Relevance = 0.008
New Feature 17: [0, 4], Relevance = 0.008
New Feature 18: [4, 9], Relevance = 0.007
Representation Expansion iteration #2
-----------------
Running LSPI:
1: L2_norm of weight difference = 1.496, Density of A: 4.73%
2: L2_norm of weight difference = 0.703, Density of A: 4.43%
3: L2_norm of weight difference = 0.562, Density of A: 4.59%
4: L2_norm of weight difference = 0.667, Density of A: 4.57%
5: L2_norm of weight difference = 0.000, Density of A: 4.57%
Performance Check >>> 0.998 Return, 3 Steps, 19 Features
iFDD Batch: Max Relevance = 0.002
5000 >>> E[0:01:34]-R[0:00:00]: Return=+1.00, Steps=5, Features = 19
============================================================
Took 0:01:34
Results	=> ././23-results.txt
Log	=> ././23-out.txt
