============================================================
Domain:		BlocksWorld
Dimensions:	4
|S|:		256
|A|:		16
|S|x|A|:		4096
Episode Cap:	1000
Gamma:		1
noise		0.3
blocks		4
============================================================
Representation:		IndependentDiscretizationCompactBinary
Features per action:	17
Binary Dimensions:	[]
============================================================
Representation:		iFDD
Features per action:	17
Initial Representation:	IndependentDiscretizationCompactBinary
Plus:			1
Sparsify:		0
Cached:			1
Online Threshold:	0.007
Batch Threshold:		0.007
Max Batch Discovery:	20
============================================================
Agent:		RE_LSPI
Policy:		eGreedy
Max LSPI Iterations:	10
Data Size:		5000
Weight Difference tol.:	0.001
Max Representation Expansion Iterations:	100
============================================================
Experiment:		OnlineExperiment
Output:			././30-results.txt
Learning Steps:		5000
Performance Checks:	1
Log Intervals:		60(s)
Representation Expansion iteration #1
-----------------
Running LSPI:
1: L2_norm of weight difference = 1.904, Density of A: 5.39%
2: L2_norm of weight difference = 0.866, Density of A: 5.46%
3: L2_norm of weight difference = 0.874, Density of A: 5.75%
4: L2_norm of weight difference = 1.113, Density of A: 5.32%
5: L2_norm of weight difference = 1.113, Density of A: 5.23%
6: L2_norm of weight difference = 1.122, Density of A: 5.42%
7: L2_norm of weight difference = 0.649, Density of A: 5.32%
8: L2_norm of weight difference = 0.282, Density of A: 5.24%
9: L2_norm of weight difference = 0.369, Density of A: 5.32%
10: L2_norm of weight difference = 0.342, Density of A: 5.32%
Performance Check >>> 0.997 Return, 4 Steps, 17 Features
iFDD Batch: Max Relevance = 0.007
New Feature 17: [4, 9], Relevance = 0.007
Representation Expansion iteration #2
-----------------
Running LSPI:
1: L2_norm of weight difference = 1.877, Density of A: 4.79%
2: L2_norm of weight difference = 0.492, Density of A: 4.91%
3: L2_norm of weight difference = 0.657, Density of A: 4.76%
4: L2_norm of weight difference = 0.413, Density of A: 4.63%
5: L2_norm of weight difference = 0.493, Density of A: 4.63%
6: L2_norm of weight difference = 0.000, Density of A: 4.63%
Performance Check >>> 0.998 Return, 3 Steps, 18 Features
iFDD Batch: Max Relevance = 0.003
5000 >>> E[0:01:33]-R[0:00:00]: Return=+1.00, Steps=5, Features = 18
============================================================
Took 0:01:33
Results	=> ././30-results.txt
Log	=> ././30-out.txt
