============================================================
Domain:		PST
Dimensions:	12
|S|:		5451776
|A|:		27
|S|x|A|:		147197952
Episode Cap:	1000
Gamma:		0.9
NUM_UAV:		3
============================================================
Representation:		IndependentDiscretizationCompactBinary
Features per action:	52
Binary Dimensions:	[ 6  7  8  9 10 11]
============================================================
Representation:		iFDD
Features per action:	52
Initial Representation:	IndependentDiscretizationCompactBinary
Plus:			1
Sparsify:		1
Cached:			1
Online Threshold:	45.000
Batch Threshold:		45.000
Max Batch Discovery:	20
============================================================
Agent:		SARSA
Policy:		eGreedy
Alpha_0:		0.10
============================================================
Experiment:		OnlineExperiment
Output:			././12-results.txt
Learning Steps:		50000
Performance Checks:	10
Log Intervals:		60(s)
5000 >>> E[0:00:24]-R[0:03:33]: Return=0.00, Steps=1000, Features = 701
10000 >>> E[0:00:51]-R[0:03:23]: Return=0.00, Steps=1000, Features = 973
15000 >>> E[0:01:21]-R[0:03:08]: Return=0.00, Steps=1000, Features = 1231
20000 >>> E[0:01:51]-R[0:02:47]: Return=0.00, Steps=1000, Features = 1375
25000 >>> E[0:02:21]-R[0:02:21]: Return=0.00, Steps=1000, Features = 1451
30000 >>> E[0:02:52]-R[0:01:55]: Return=0.00, Steps=1000, Features = 1497
35000 >>> E[0:03:25]-R[0:01:28]: Return=0.00, Steps=1000, Features = 1554
40000 >>> E[0:03:58]-R[0:01:00]: Return=0.00, Steps=1000, Features = 1593
45000 >>> E[0:04:32]-R[0:00:30]: Return=0.00, Steps=1000, Features = 1620
50000 >>> E[0:05:03]-R[0:00:00]: Return=0.00, Steps=1000, Features = 1657
============================================================
Took 0:05:03
Results	=> ././12-results.txt
Log	=> ././12-out.txt
