============================================================
Domain:		PST
Dimensions:	12
|S|:		5451776
|A|:		27
|S|x|A|:		147197952
Episode Cap:	1000
Gamma:		0.9
NUM_UAV:		3
============================================================
Representation:		IndependentDiscretizationCompactBinary
Features per action:	52
Binary Dimensions:	[ 6  7  8  9 10 11]
============================================================
Representation:		iFDD
Features per action:	52
Initial Representation:	IndependentDiscretizationCompactBinary
Plus:			1
Sparsify:		1
Cached:			1
Online Threshold:	45.000
Batch Threshold:		45.000
Max Batch Discovery:	20
============================================================
Agent:		SARSA
Policy:		eGreedy
Alpha_0:		0.10
============================================================
Experiment:		OnlineExperiment
Output:			././16-results.txt
Learning Steps:		50000
Performance Checks:	10
Log Intervals:		60(s)
5000 >>> E[0:00:25]-R[0:03:44]: Return=0.00, Steps=1000, Features = 618
10000 >>> E[0:00:53]-R[0:03:32]: Return=0.00, Steps=1000, Features = 854
15000 >>> E[0:01:25]-R[0:03:17]: Return=-79.00, Steps=12, Features = 1437
20000 >>> E[0:02:09]-R[0:03:13]: Return=25.00, Steps=10, Features = 2269
25000 >>> E[0:02:55]-R[0:02:55]: Return=-12.00, Steps=10, Features = 2907
30000 >>> E[0:03:47]-R[0:02:32]: Return=-51.00, Steps=10, Features = 3369
35000 >>> E[0:04:41]-R[0:02:00]: Return=22.00, Steps=10, Features = 3833
40000 >>> E[0:05:32]-R[0:01:23]: Return=-54.00, Steps=10, Features = 4255
45000 >>> E[0:06:21]-R[0:00:42]: Return=42.00, Steps=10, Features = 4616
50000 >>> E[0:07:11]-R[0:00:00]: Return=-38.00, Steps=10, Features = 4825
============================================================
Took 0:07:11
Results	=> ././16-results.txt
Log	=> ././16-out.txt
