============================================================
Domain:		PST
Dimensions:	12
|S|:		5451776
|A|:		27
|S|x|A|:		147197952
Episode Cap:	1000
Gamma:		0.9
NUM_UAV:		3
============================================================
Representation:		IndependentDiscretizationCompactBinary
Features per action:	52
Binary Dimensions:	[ 6  7  8  9 10 11]
============================================================
Representation:		iFDD
Features per action:	52
Initial Representation:	IndependentDiscretizationCompactBinary
Plus:			1
Sparsify:		1
Cached:			1
Online Threshold:	45.000
Batch Threshold:		45.000
Max Batch Discovery:	20
============================================================
Agent:		SARSA
Policy:		eGreedy
Alpha_0:		0.10
============================================================
Experiment:		OnlineExperiment
Output:			././3-results.txt
Learning Steps:		50000
Performance Checks:	10
Log Intervals:		60(s)
5000 >>> E[0:00:25]-R[0:03:48]: Return=0.00, Steps=1000, Features = 622
10000 >>> E[0:00:52]-R[0:03:30]: Return=0.00, Steps=1000, Features = 813
15000 >>> E[0:01:28]-R[0:03:25]: Return=-106.00, Steps=29, Features = 1578
20000 >>> E[0:02:13]-R[0:03:20]: Return=-41.00, Steps=15, Features = 2141
25000 >>> E[0:03:03]-R[0:03:03]: Return=-46.00, Steps=23, Features = 2658
30000 >>> E[0:03:52]-R[0:02:35]: Return=25.00, Steps=10, Features = 3024
35000 >>> E[0:04:43]-R[0:02:01]: Return=-8.00, Steps=10, Features = 3380
40000 >>> E[0:05:36]-R[0:01:24]: Return=0.00, Steps=1000, Features = 3644
45000 >>> E[0:06:27]-R[0:00:43]: Return=0.00, Steps=1000, Features = 3817
50000 >>> E[0:07:16]-R[0:00:00]: Return=-12.00, Steps=12, Features = 3961
============================================================
Took 0:07:16
Results	=> ././3-results.txt
Log	=> ././3-out.txt
