============================================================
Domain:		PST
Dimensions:	12
|S|:		5451776
|A|:		27
|S|x|A|:		147197952
Episode Cap:	1000
Gamma:		0.9
NUM_UAV:		3
============================================================
Representation:		IndependentDiscretizationCompactBinary
Features per action:	52
Binary Dimensions:	[ 6  7  8  9 10 11]
============================================================
Representation:		iFDD
Features per action:	52
Initial Representation:	IndependentDiscretizationCompactBinary
Plus:			1
Sparsify:		1
Cached:			1
Online Threshold:	45.000
Batch Threshold:		45.000
Max Batch Discovery:	20
============================================================
Agent:		SARSA
Policy:		eGreedy
Alpha_0:		0.10
============================================================
Experiment:		OnlineExperiment
Output:			././4-results.txt
Learning Steps:		50000
Performance Checks:	10
Log Intervals:		60(s)
5000 >>> E[0:00:23]-R[0:03:25]: Return=-7.00, Steps=1000, Features = 428
10000 >>> E[0:00:47]-R[0:03:08]: Return=-72.00, Steps=12, Features = 793
15000 >>> E[0:01:19]-R[0:03:05]: Return=0.00, Steps=1000, Features = 1096
20000 >>> E[0:01:50]-R[0:02:45]: Return=-3.00, Steps=1000, Features = 1219
25000 >>> E[0:02:22]-R[0:02:22]: Return=0.00, Steps=1000, Features = 1315
30000 >>> E[0:02:54]-R[0:01:56]: Return=0.00, Steps=1000, Features = 1423
35000 >>> E[0:03:30]-R[0:01:30]: Return=0.00, Steps=1000, Features = 1522
40000 >>> E[0:04:02]-R[0:01:01]: Return=0.00, Steps=1000, Features = 1578
45000 >>> E[0:04:35]-R[0:00:31]: Return=0.00, Steps=1000, Features = 1643
50000 >>> E[0:05:07]-R[0:00:00]: Return=0.00, Steps=1000, Features = 1692
============================================================
Took 0:05:07
Results	=> ././4-results.txt
Log	=> ././4-out.txt
