============================================================
Domain:		SystemAdministrator
Dimensions:	20
|S|:		1048576
|A|:		21
|S|x|A|:		22020096
Episode Cap:	200
Gamma:		0.95
Computers:	20
Edges:		[(0, 15), (0, 10), (0, 7), (0, 14), (0, 12), (1, 3), (1, 15), (1, 5), (1, 17), (1, 18), (1, 10), (2, 17), (2, 15), (2, 16), (2, 4), (2, 8), (2, 7), (3, 17), (3, 16), (4, 16), (4, 5), (4, 11), (4, 13), (5, 16), (5, 15), (5, 10), (5, 12), (5, 11), (5, 13), (6, 15), (6, 10), (6, 11), (6, 12), (6, 18), (7, 17), (7, 8), (7, 9), (7, 14), (8, 10), (8, 11), (9, 10), (9, 11), (9, 13), (10, 15), (10, 16), (10, 12), (11, 16), (11, 18), (11, 14), (12, 15), (15, 17), (15, 19), (16, 19), (18, 19)]
Neighbors:
0 : [15, 10, 7, 14, 12]
1 : [3, 15, 5, 17, 18, 10]
2 : [17, 15, 16, 4, 8, 7]
3 : [1, 17, 16]
4 : [2, 16, 5, 11, 13]
5 : [1, 4, 16, 15, 10, 12, 11, 13]
6 : [15, 10, 11, 12, 18]
7 : [0, 2, 17, 8, 9, 14]
8 : [2, 7, 10, 11]
9 : [7, 10, 11, 13]
10 : [0, 1, 5, 6, 8, 9, 15, 16, 12]
11 : [4, 5, 6, 8, 9, 16, 18, 14]
12 : [0, 5, 6, 10, 15]
13 : [4, 5, 9]
14 : [0, 7, 11]
15 : [0, 1, 2, 5, 6, 10, 12, 17, 19]
16 : [2, 3, 4, 5, 10, 11, 19]
17 : [1, 2, 3, 7, 15]
18 : [1, 6, 11, 19]
19 : [15, 16, 18]
============================================================
Representation:		IndependentDiscretizationCompactBinary
Features per action:	21
Binary Dimensions:	[ 0  1  2  3  4  5  6  7  8  9 10 11 12 13 14 15 16 17 18 19]
============================================================
Representation:		iFDD
Features per action:	21
Initial Representation:	IndependentDiscretizationCompactBinary
Plus:			1
Sparsify:		1
Cached:			1
Online Threshold:	100.000
Batch Threshold:		400.000
Max Batch Discovery:	100
============================================================
Agent:		SARSA
Policy:		eGreedy
Alpha_0:		0.10
============================================================
Experiment:		OnlineExperiment
Output:			././2-results.txt
Learning Steps:		20000
Performance Checks:	10
Log Intervals:		60(s)
