============================================================
Domain:		PST
Dimensions:	12
|S|:		5451776
|A|:		27
|S|x|A|:		147197952
Episode Cap:	1000
Gamma:		0.9
NUM_UAV:		3
============================================================
Representation:		IndependentDiscretizationCompactBinary
Features per action:	52
Binary Dimensions:	[ 6  7  8  9 10 11]
============================================================
Representation:		iFDD
Features per action:	52
Initial Representation:	IndependentDiscretizationCompactBinary
Plus:			1
Sparsify:		1
Cached:			1
Online Threshold:	75.000
Batch Threshold:		75.000
Max Batch Discovery:	20
============================================================
Agent:		SARSA
Policy:		eGreedy
Alpha_0:		0.10
============================================================
Experiment:		OnlineExperiment
Output:			././15-results.txt
Learning Steps:		50000
Performance Checks:	10
Log Intervals:		60(s)
5000 >>> E[0:00:22]-R[0:03:17]: Return=-40.00, Steps=10, Features = 222
10000 >>> E[0:00:44]-R[0:02:56]: Return=41.00, Steps=10, Features = 394
15000 >>> E[0:01:11]-R[0:02:45]: Return=6.00, Steps=19, Features = 511
20000 >>> E[0:01:39]-R[0:02:29]: Return=5.00, Steps=10, Features = 616
25000 >>> E[0:02:08]-R[0:02:08]: Return=25.00, Steps=11, Features = 724
30000 >>> E[0:02:36]-R[0:01:44]: Return=65.00, Steps=10, Features = 816
35000 >>> E[0:03:06]-R[0:01:20]: Return=-29.00, Steps=10, Features = 884
40000 >>> E[0:03:36]-R[0:00:54]: Return=102.00, Steps=23, Features = 981
45000 >>> E[0:04:09]-R[0:00:28]: Return=63.00, Steps=11, Features = 1061
50000 >>> E[0:04:39]-R[0:00:00]: Return=-37.00, Steps=13, Features = 1113
============================================================
Took 0:04:39
Results	=> ././15-results.txt
Log	=> ././15-out.txt
