============================================================
Domain:		PST
Dimensions:	12
|S|:		5451776
|A|:		27
|S|x|A|:		147197952
Episode Cap:	1000
Gamma:		0.9
NUM_UAV:		3
============================================================
Representation:		IndependentDiscretizationCompactBinary
Features per action:	52
Binary Dimensions:	[ 6  7  8  9 10 11]
============================================================
Representation:		iFDD
Features per action:	52
Initial Representation:	IndependentDiscretizationCompactBinary
Plus:			1
Sparsify:		1
Cached:			1
Online Threshold:	75.000
Batch Threshold:		75.000
Max Batch Discovery:	20
============================================================
Agent:		SARSA
Policy:		eGreedy
Alpha_0:		0.10
============================================================
Experiment:		OnlineExperiment
Output:			././16-results.txt
Learning Steps:		50000
Performance Checks:	10
Log Intervals:		60(s)
5000 >>> E[0:00:20]-R[0:03:03]: Return=-17.00, Steps=10, Features = 228
10000 >>> E[0:00:42]-R[0:02:48]: Return=-52.00, Steps=10, Features = 368
15000 >>> E[0:01:05]-R[0:02:31]: Return=68.00, Steps=10, Features = 489
20000 >>> E[0:01:28]-R[0:02:12]: Return=67.00, Steps=20, Features = 590
25000 >>> E[0:01:53]-R[0:01:53]: Return=67.00, Steps=10, Features = 691
30000 >>> E[0:02:18]-R[0:01:32]: Return=69.00, Steps=10, Features = 776
35000 >>> E[0:02:45]-R[0:01:11]: Return=68.00, Steps=10, Features = 841
40000 >>> E[0:03:11]-R[0:00:48]: Return=48.00, Steps=10, Features = 916
45000 >>> E[0:03:39]-R[0:00:24]: Return=-11.00, Steps=10, Features = 987
50000 >>> E[0:04:05]-R[0:00:00]: Return=25.00, Steps=10, Features = 1038
============================================================
Took 0:04:05
Results	=> ././16-results.txt
Log	=> ././16-out.txt
