============================================================
Domain:		PST
Dimensions:	12
|S|:		5451776
|A|:		27
|S|x|A|:		147197952
Episode Cap:	1000
Gamma:		0.9
NUM_UAV:		3
============================================================
Representation:		IndependentDiscretizationCompactBinary
Features per action:	52
Binary Dimensions:	[ 6  7  8  9 10 11]
============================================================
Representation:		iFDD
Features per action:	52
Initial Representation:	IndependentDiscretizationCompactBinary
Plus:			1
Sparsify:		1
Cached:			1
Online Threshold:	75.000
Batch Threshold:		75.000
Max Batch Discovery:	20
============================================================
Agent:		SARSA
Policy:		eGreedy
Alpha_0:		0.10
============================================================
Experiment:		OnlineExperiment
Output:			././6-results.txt
Learning Steps:		50000
Performance Checks:	10
Log Intervals:		60(s)
5000 >>> E[0:00:26]-R[0:03:51]: Return=-35.00, Steps=10, Features = 208
10000 >>> E[0:00:52]-R[0:03:26]: Return=2.00, Steps=1000, Features = 330
15000 >>> E[0:01:16]-R[0:02:56]: Return=5.00, Steps=10, Features = 442
20000 >>> E[0:01:42]-R[0:02:33]: Return=63.00, Steps=10, Features = 536
25000 >>> E[0:02:12]-R[0:02:12]: Return=89.00, Steps=10, Features = 635
30000 >>> E[0:02:40]-R[0:01:47]: Return=46.00, Steps=11, Features = 718
35000 >>> E[0:03:07]-R[0:01:20]: Return=89.00, Steps=10, Features = 776
40000 >>> E[0:03:37]-R[0:00:54]: Return=-66.00, Steps=11, Features = 851
45000 >>> E[0:04:11]-R[0:00:28]: Return=67.00, Steps=22, Features = 921
50000 >>> E[0:04:44]-R[0:00:00]: Return=-74.00, Steps=11, Features = 985
============================================================
Took 0:04:44
Results	=> ././6-results.txt
Log	=> ././6-out.txt
