000 (13237.000.000) 01/18 14:58:29 Job submitted from host: <128.30.112.18:46685>
...
001 (13237.000.000) 01/18 14:58:33 Job executing on host: <128.30.66.164:41719>
...
006 (13237.000.000) 01/18 14:58:33 Image size of job updated: 80596
	0  -  MemoryUsage of job (MB)
	0  -  ResidentSetSize of job (KB)
...
005 (13237.000.000) 01/18 14:58:34 Job terminated.
	(1) Normal termination (return value 1)
		Usr 0 00:00:00, Sys 0 00:00:00  -  Run Remote Usage
		Usr 0 00:00:00, Sys 0 00:00:00  -  Run Local Usage
		Usr 0 00:00:00, Sys 0 00:00:00  -  Total Remote Usage
		Usr 0 00:00:00, Sys 0 00:00:00  -  Total Local Usage
	0  -  Run Bytes Sent By Job
	0  -  Run Bytes Received By Job
	0  -  Total Bytes Sent By Job
	0  -  Total Bytes Received By Job
	Partitionable Resources :    Usage  Request          
	   Cpus                 :                 1          
	   Disk (KB)            :     2750     2750          
	   Memory (MB)          :        0        0          
...
000 (13297.000.000) 01/18 15:22:28 Job submitted from host: <128.30.112.18:46685>
...
001 (13297.000.000) 01/18 15:22:41 Job executing on host: <128.30.66.165:41096>
...
006 (13297.000.000) 01/18 15:22:41 Image size of job updated: 2750
	0  -  MemoryUsage of job (MB)
	0  -  ResidentSetSize of job (KB)
...
005 (13297.000.000) 01/18 15:22:42 Job terminated.
	(1) Normal termination (return value 1)
		Usr 0 00:00:00, Sys 0 00:00:00  -  Run Remote Usage
		Usr 0 00:00:00, Sys 0 00:00:00  -  Run Local Usage
		Usr 0 00:00:00, Sys 0 00:00:00  -  Total Remote Usage
		Usr 0 00:00:00, Sys 0 00:00:00  -  Total Local Usage
	0  -  Run Bytes Sent By Job
	0  -  Run Bytes Received By Job
	0  -  Total Bytes Sent By Job
	0  -  Total Bytes Received By Job
	Partitionable Resources :    Usage  Request          
	   Cpus                 :                 1          
	   Disk (KB)            :     2750     2750          
	   Memory (MB)          :        0        0          
...
000 (13342.000.000) 01/18 15:24:28 Job submitted from host: <128.30.112.18:46685>
...
001 (13342.000.000) 01/18 15:24:48 Job executing on host: <128.30.66.165:41096>
...
006 (13342.000.000) 01/18 15:24:56 Image size of job updated: 107684
	20  -  MemoryUsage of job (MB)
	20164  -  ResidentSetSize of job (KB)
...
006 (13342.000.000) 01/18 15:29:56 Image size of job updated: 543956
	298  -  MemoryUsage of job (MB)
	304704  -  ResidentSetSize of job (KB)
...
006 (13342.000.000) 01/18 15:34:57 Image size of job updated: 549744
	298  -  MemoryUsage of job (MB)
	304704  -  ResidentSetSize of job (KB)
...
005 (13342.000.000) 01/18 15:48:39 Job terminated.
	(1) Normal termination (return value 0)
		Usr 0 00:17:39, Sys 0 00:05:55  -  Run Remote Usage
		Usr 0 00:00:00, Sys 0 00:00:00  -  Run Local Usage
		Usr 0 00:17:39, Sys 0 00:05:55  -  Total Remote Usage
		Usr 0 00:00:00, Sys 0 00:00:00  -  Total Local Usage
	0  -  Run Bytes Sent By Job
	0  -  Run Bytes Received By Job
	0  -  Total Bytes Sent By Job
	0  -  Total Bytes Received By Job
	Partitionable Resources :    Usage  Request          
	   Cpus                 :                 1          
	   Disk (KB)            :     2750     2750          
	   Memory (MB)          :      298      298          
...
