000 (13238.000.000) 01/18 14:58:29 Job submitted from host: <128.30.112.18:46685>
...
001 (13238.000.000) 01/18 14:58:33 Job executing on host: <128.30.66.169:43926>
...
006 (13238.000.000) 01/18 14:58:33 Image size of job updated: 56416
	0  -  MemoryUsage of job (MB)
	0  -  ResidentSetSize of job (KB)
...
005 (13238.000.000) 01/18 14:58:34 Job terminated.
	(1) Normal termination (return value 1)
		Usr 0 00:00:00, Sys 0 00:00:00  -  Run Remote Usage
		Usr 0 00:00:00, Sys 0 00:00:00  -  Run Local Usage
		Usr 0 00:00:00, Sys 0 00:00:00  -  Total Remote Usage
		Usr 0 00:00:00, Sys 0 00:00:00  -  Total Local Usage
	0  -  Run Bytes Sent By Job
	0  -  Run Bytes Received By Job
	0  -  Total Bytes Sent By Job
	0  -  Total Bytes Received By Job
	Partitionable Resources :    Usage  Request          
	   Cpus                 :                 1          
	   Disk (KB)            :     2750     2750          
	   Memory (MB)          :        0        0          
...
000 (13298.000.000) 01/18 15:22:28 Job submitted from host: <128.30.112.18:46685>
...
001 (13298.000.000) 01/18 15:22:41 Job executing on host: <128.30.66.169:43926>
...
006 (13298.000.000) 01/18 15:22:41 Image size of job updated: 2750
	0  -  MemoryUsage of job (MB)
	0  -  ResidentSetSize of job (KB)
...
005 (13298.000.000) 01/18 15:22:42 Job terminated.
	(1) Normal termination (return value 1)
		Usr 0 00:00:00, Sys 0 00:00:00  -  Run Remote Usage
		Usr 0 00:00:00, Sys 0 00:00:00  -  Run Local Usage
		Usr 0 00:00:00, Sys 0 00:00:00  -  Total Remote Usage
		Usr 0 00:00:00, Sys 0 00:00:00  -  Total Local Usage
	0  -  Run Bytes Sent By Job
	0  -  Run Bytes Received By Job
	0  -  Total Bytes Sent By Job
	0  -  Total Bytes Received By Job
	Partitionable Resources :    Usage  Request          
	   Cpus                 :                 1          
	   Disk (KB)            :     2750     2750          
	   Memory (MB)          :        0        0          
...
000 (13343.000.000) 01/18 15:24:28 Job submitted from host: <128.30.112.18:46685>
...
001 (13343.000.000) 01/18 15:25:27 Job executing on host: <128.30.66.165:41096>
...
006 (13343.000.000) 01/18 15:25:36 Image size of job updated: 291028
	51  -  MemoryUsage of job (MB)
	51336  -  ResidentSetSize of job (KB)
...
006 (13343.000.000) 01/18 15:30:38 Image size of job updated: 549576
	224  -  MemoryUsage of job (MB)
	229244  -  ResidentSetSize of job (KB)
...
006 (13343.000.000) 01/18 15:35:38 Image size of job updated: 549576
	230  -  MemoryUsage of job (MB)
	234652  -  ResidentSetSize of job (KB)
...
005 (13343.000.000) 01/18 15:47:43 Job terminated.
	(1) Normal termination (return value 0)
		Usr 0 00:16:57, Sys 0 00:05:00  -  Run Remote Usage
		Usr 0 00:00:00, Sys 0 00:00:00  -  Run Local Usage
		Usr 0 00:16:57, Sys 0 00:05:00  -  Total Remote Usage
		Usr 0 00:00:00, Sys 0 00:00:00  -  Total Local Usage
	0  -  Run Bytes Sent By Job
	0  -  Run Bytes Received By Job
	0  -  Total Bytes Sent By Job
	0  -  Total Bytes Received By Job
	Partitionable Resources :    Usage  Request          
	   Cpus                 :                 1          
	   Disk (KB)            :     2750     2750          
	   Memory (MB)          :      230      230          
...
