000 (13240.000.000) 01/18 14:58:29 Job submitted from host: <128.30.112.18:46685>
...
001 (13240.000.000) 01/18 14:58:33 Job executing on host: <128.30.113.110:53061>
...
006 (13240.000.000) 01/18 14:58:42 Image size of job updated: 2750
	3  -  MemoryUsage of job (MB)
	2296  -  ResidentSetSize of job (KB)
...
006 (13240.000.000) 01/18 15:00:16 Image size of job updated: 354832
	3  -  MemoryUsage of job (MB)
	2296  -  ResidentSetSize of job (KB)
...
005 (13240.000.000) 01/18 15:00:16 Job terminated.
	(1) Normal termination (return value 1)
		Usr 0 00:01:22, Sys 0 00:00:05  -  Run Remote Usage
		Usr 0 00:00:00, Sys 0 00:00:00  -  Run Local Usage
		Usr 0 00:01:22, Sys 0 00:00:05  -  Total Remote Usage
		Usr 0 00:00:00, Sys 0 00:00:00  -  Total Local Usage
	0  -  Run Bytes Sent By Job
	0  -  Run Bytes Received By Job
	0  -  Total Bytes Sent By Job
	0  -  Total Bytes Received By Job
	Partitionable Resources :    Usage  Request          
	   Cpus                 :                 1          
	   Disk (KB)            :     2750     2750          
	   Memory (MB)          :        3        3          
...
000 (13300.000.000) 01/18 15:22:28 Job submitted from host: <128.30.112.18:46685>
...
001 (13300.000.000) 01/18 15:22:41 Job executing on host: <128.30.66.167:45266>
...
006 (13300.000.000) 01/18 15:22:41 Image size of job updated: 2750
	0  -  MemoryUsage of job (MB)
	0  -  ResidentSetSize of job (KB)
...
005 (13300.000.000) 01/18 15:22:42 Job terminated.
	(1) Normal termination (return value 1)
		Usr 0 00:00:00, Sys 0 00:00:00  -  Run Remote Usage
		Usr 0 00:00:00, Sys 0 00:00:00  -  Run Local Usage
		Usr 0 00:00:00, Sys 0 00:00:00  -  Total Remote Usage
		Usr 0 00:00:00, Sys 0 00:00:00  -  Total Local Usage
	0  -  Run Bytes Sent By Job
	0  -  Run Bytes Received By Job
	0  -  Total Bytes Sent By Job
	0  -  Total Bytes Received By Job
	Partitionable Resources :    Usage  Request          
	   Cpus                 :                 1          
	   Disk (KB)            :     2750     2750          
	   Memory (MB)          :        0        0          
...
000 (13345.000.000) 01/18 15:24:28 Job submitted from host: <128.30.112.18:46685>
...
001 (13345.000.000) 01/18 15:24:48 Job executing on host: <128.30.66.166:36393>
...
006 (13345.000.000) 01/18 15:24:56 Image size of job updated: 290660
	50  -  MemoryUsage of job (MB)
	50904  -  ResidentSetSize of job (KB)
...
006 (13345.000.000) 01/18 15:29:56 Image size of job updated: 542228
	228  -  MemoryUsage of job (MB)
	233232  -  ResidentSetSize of job (KB)
...
005 (13345.000.000) 01/18 15:43:42 Job terminated.
	(1) Normal termination (return value 0)
		Usr 0 00:14:54, Sys 0 00:03:47  -  Run Remote Usage
		Usr 0 00:00:00, Sys 0 00:00:00  -  Run Local Usage
		Usr 0 00:14:54, Sys 0 00:03:47  -  Total Remote Usage
		Usr 0 00:00:00, Sys 0 00:00:00  -  Total Local Usage
	0  -  Run Bytes Sent By Job
	0  -  Run Bytes Received By Job
	0  -  Total Bytes Sent By Job
	0  -  Total Bytes Received By Job
	Partitionable Resources :    Usage  Request          
	   Cpus                 :                 1          
	   Disk (KB)            :     2750     2750          
	   Memory (MB)          :      228      228          
...
