000 (13301.000.000) 01/18 15:22:29 Job submitted from host: <128.30.112.18:46685>
...
001 (13301.000.000) 01/18 15:22:41 Job executing on host: <128.30.66.164:41719>
...
006 (13301.000.000) 01/18 15:22:41 Image size of job updated: 2750
	0  -  MemoryUsage of job (MB)
	0  -  ResidentSetSize of job (KB)
...
005 (13301.000.000) 01/18 15:22:42 Job terminated.
	(1) Normal termination (return value 1)
		Usr 0 00:00:00, Sys 0 00:00:00  -  Run Remote Usage
		Usr 0 00:00:00, Sys 0 00:00:00  -  Run Local Usage
		Usr 0 00:00:00, Sys 0 00:00:00  -  Total Remote Usage
		Usr 0 00:00:00, Sys 0 00:00:00  -  Total Local Usage
	0  -  Run Bytes Sent By Job
	0  -  Run Bytes Received By Job
	0  -  Total Bytes Sent By Job
	0  -  Total Bytes Received By Job
	Partitionable Resources :    Usage  Request          
	   Cpus                 :                 1          
	   Disk (KB)            :     2750     2750          
	   Memory (MB)          :        0        0          
...
000 (13346.000.000) 01/18 15:24:28 Job submitted from host: <128.30.112.18:46685>
...
001 (13346.000.000) 01/18 15:24:48 Job executing on host: <128.30.66.163:58460>
...
006 (13346.000.000) 01/18 15:24:57 Image size of job updated: 290672
	50  -  MemoryUsage of job (MB)
	50920  -  ResidentSetSize of job (KB)
...
006 (13346.000.000) 01/18 15:29:58 Image size of job updated: 382168
	140  -  MemoryUsage of job (MB)
	142628  -  ResidentSetSize of job (KB)
...
006 (13346.000.000) 01/18 15:34:59 Image size of job updated: 477908
	164  -  MemoryUsage of job (MB)
	166944  -  ResidentSetSize of job (KB)
...
006 (13346.000.000) 01/18 15:39:59 Image size of job updated: 587288
	340  -  MemoryUsage of job (MB)
	347992  -  ResidentSetSize of job (KB)
...
005 (13346.000.000) 01/18 16:19:08 Job terminated.
	(1) Normal termination (return value 0)
		Usr 0 00:44:12, Sys 0 00:09:46  -  Run Remote Usage
		Usr 0 00:00:00, Sys 0 00:00:00  -  Run Local Usage
		Usr 0 00:44:12, Sys 0 00:09:46  -  Total Remote Usage
		Usr 0 00:00:00, Sys 0 00:00:00  -  Total Local Usage
	0  -  Run Bytes Sent By Job
	0  -  Run Bytes Received By Job
	0  -  Total Bytes Sent By Job
	0  -  Total Bytes Received By Job
	Partitionable Resources :    Usage  Request          
	   Cpus                 :                 1          
	   Disk (KB)            :     2750     2750          
	   Memory (MB)          :      340      340          
...
