000 (13302.000.000) 01/18 15:22:29 Job submitted from host: <128.30.112.18:46685>
...
001 (13302.000.000) 01/18 15:22:41 Job executing on host: <128.30.113.110:53061>
...
006 (13302.000.000) 01/18 15:22:41 Image size of job updated: 54544
	0  -  MemoryUsage of job (MB)
	0  -  ResidentSetSize of job (KB)
...
005 (13302.000.000) 01/18 15:22:42 Job terminated.
	(1) Normal termination (return value 1)
		Usr 0 00:00:00, Sys 0 00:00:00  -  Run Remote Usage
		Usr 0 00:00:00, Sys 0 00:00:00  -  Run Local Usage
		Usr 0 00:00:00, Sys 0 00:00:00  -  Total Remote Usage
		Usr 0 00:00:00, Sys 0 00:00:00  -  Total Local Usage
	0  -  Run Bytes Sent By Job
	0  -  Run Bytes Received By Job
	0  -  Total Bytes Sent By Job
	0  -  Total Bytes Received By Job
	Partitionable Resources :    Usage  Request          
	   Cpus                 :                 1          
	   Disk (KB)            :     2750     2750          
	   Memory (MB)          :        0        0          
...
000 (13347.000.000) 01/18 15:24:28 Job submitted from host: <128.30.112.18:46685>
...
001 (13347.000.000) 01/18 15:24:48 Job executing on host: <128.30.113.110:53061>
...
006 (13347.000.000) 01/18 15:24:57 Image size of job updated: 93444
	13  -  MemoryUsage of job (MB)
	13016  -  ResidentSetSize of job (KB)
...
006 (13347.000.000) 01/18 15:26:30 Image size of job updated: 289128
	13  -  MemoryUsage of job (MB)
	13016  -  ResidentSetSize of job (KB)
...
005 (13347.000.000) 01/18 15:26:30 Job terminated.
	(1) Normal termination (return value 1)
		Usr 0 00:01:23, Sys 0 00:00:04  -  Run Remote Usage
		Usr 0 00:00:00, Sys 0 00:00:00  -  Run Local Usage
		Usr 0 00:01:23, Sys 0 00:00:04  -  Total Remote Usage
		Usr 0 00:00:00, Sys 0 00:00:00  -  Total Local Usage
	0  -  Run Bytes Sent By Job
	0  -  Run Bytes Received By Job
	0  -  Total Bytes Sent By Job
	0  -  Total Bytes Received By Job
	Partitionable Resources :    Usage  Request          
	   Cpus                 :                 1          
	   Disk (KB)            :     2750     2750          
	   Memory (MB)          :       13       13          
...
