000 (13227.000.000) 01/18 14:58:28 Job submitted from host: <128.30.112.18:46685>
...
001 (13227.000.000) 01/18 14:58:33 Job executing on host: <128.30.66.164:41719>
...
006 (13227.000.000) 01/18 14:58:33 Image size of job updated: 91280
	0  -  MemoryUsage of job (MB)
	0  -  ResidentSetSize of job (KB)
...
005 (13227.000.000) 01/18 14:58:33 Job terminated.
	(1) Normal termination (return value 1)
		Usr 0 00:00:00, Sys 0 00:00:00  -  Run Remote Usage
		Usr 0 00:00:00, Sys 0 00:00:00  -  Run Local Usage
		Usr 0 00:00:00, Sys 0 00:00:00  -  Total Remote Usage
		Usr 0 00:00:00, Sys 0 00:00:00  -  Total Local Usage
	0  -  Run Bytes Sent By Job
	0  -  Run Bytes Received By Job
	0  -  Total Bytes Sent By Job
	0  -  Total Bytes Received By Job
	Partitionable Resources :    Usage  Request          
	   Cpus                 :                 1          
	   Disk (KB)            :     2750     2750          
	   Memory (MB)          :        0        0          
...
000 (13287.000.000) 01/18 15:22:27 Job submitted from host: <128.30.112.18:46685>
...
001 (13287.000.000) 01/18 15:22:40 Job executing on host: <128.30.66.164:41719>
...
006 (13287.000.000) 01/18 15:22:41 Image size of job updated: 2750
	0  -  MemoryUsage of job (MB)
	0  -  ResidentSetSize of job (KB)
...
005 (13287.000.000) 01/18 15:22:41 Job terminated.
	(1) Normal termination (return value 1)
		Usr 0 00:00:00, Sys 0 00:00:00  -  Run Remote Usage
		Usr 0 00:00:00, Sys 0 00:00:00  -  Run Local Usage
		Usr 0 00:00:00, Sys 0 00:00:00  -  Total Remote Usage
		Usr 0 00:00:00, Sys 0 00:00:00  -  Total Local Usage
	0  -  Run Bytes Sent By Job
	0  -  Run Bytes Received By Job
	0  -  Total Bytes Sent By Job
	0  -  Total Bytes Received By Job
	Partitionable Resources :    Usage  Request          
	   Cpus                 :                 1          
	   Disk (KB)            :     2750     2750          
	   Memory (MB)          :        0        0          
...
000 (13332.000.000) 01/18 15:24:27 Job submitted from host: <128.30.112.18:46685>
...
001 (13332.000.000) 01/18 15:24:47 Job executing on host: <128.30.66.164:41719>
...
006 (13332.000.000) 01/18 15:24:56 Image size of job updated: 137160
	29  -  MemoryUsage of job (MB)
	29092  -  ResidentSetSize of job (KB)
...
006 (13332.000.000) 01/18 15:29:57 Image size of job updated: 542284
	296  -  MemoryUsage of job (MB)
	302964  -  ResidentSetSize of job (KB)
...
005 (13332.000.000) 01/18 15:52:26 Job terminated.
	(1) Normal termination (return value 0)
		Usr 0 00:21:03, Sys 0 00:06:14  -  Run Remote Usage
		Usr 0 00:00:00, Sys 0 00:00:00  -  Run Local Usage
		Usr 0 00:21:03, Sys 0 00:06:14  -  Total Remote Usage
		Usr 0 00:00:00, Sys 0 00:00:00  -  Total Local Usage
	0  -  Run Bytes Sent By Job
	0  -  Run Bytes Received By Job
	0  -  Total Bytes Sent By Job
	0  -  Total Bytes Received By Job
	Partitionable Resources :    Usage  Request          
	   Cpus                 :                 1          
	   Disk (KB)            :     2750     2750          
	   Memory (MB)          :      296      296          
...
