000 (13305.000.000) 01/18 15:22:29 Job submitted from host: <128.30.112.18:46685>
...
001 (13305.000.000) 01/18 15:22:41 Job executing on host: <128.30.66.165:41096>
...
006 (13305.000.000) 01/18 15:22:42 Image size of job updated: 2750
	0  -  MemoryUsage of job (MB)
	0  -  ResidentSetSize of job (KB)
...
005 (13305.000.000) 01/18 15:22:42 Job terminated.
	(1) Normal termination (return value 1)
		Usr 0 00:00:00, Sys 0 00:00:00  -  Run Remote Usage
		Usr 0 00:00:00, Sys 0 00:00:00  -  Run Local Usage
		Usr 0 00:00:00, Sys 0 00:00:00  -  Total Remote Usage
		Usr 0 00:00:00, Sys 0 00:00:00  -  Total Local Usage
	0  -  Run Bytes Sent By Job
	0  -  Run Bytes Received By Job
	0  -  Total Bytes Sent By Job
	0  -  Total Bytes Received By Job
	Partitionable Resources :    Usage  Request          
	   Cpus                 :                 1          
	   Disk (KB)            :     2750     2750          
	   Memory (MB)          :        0        0          
...
000 (13350.000.000) 01/18 15:24:29 Job submitted from host: <128.30.112.18:46685>
...
001 (13350.000.000) 01/18 15:24:48 Job executing on host: <128.30.66.165:41096>
...
006 (13350.000.000) 01/18 15:24:57 Image size of job updated: 107684
	20  -  MemoryUsage of job (MB)
	20168  -  ResidentSetSize of job (KB)
...
006 (13350.000.000) 01/18 15:29:58 Image size of job updated: 545176
	299  -  MemoryUsage of job (MB)
	305864  -  ResidentSetSize of job (KB)
...
005 (13350.000.000) 01/18 15:47:46 Job terminated.
	(1) Normal termination (return value 0)
		Usr 0 00:17:15, Sys 0 00:05:31  -  Run Remote Usage
		Usr 0 00:00:00, Sys 0 00:00:00  -  Run Local Usage
		Usr 0 00:17:15, Sys 0 00:05:31  -  Total Remote Usage
		Usr 0 00:00:00, Sys 0 00:00:00  -  Total Local Usage
	0  -  Run Bytes Sent By Job
	0  -  Run Bytes Received By Job
	0  -  Total Bytes Sent By Job
	0  -  Total Bytes Received By Job
	Partitionable Resources :    Usage  Request          
	   Cpus                 :                 1          
	   Disk (KB)            :     2750     2750          
	   Memory (MB)          :      299      299          
...
