000 (13308.000.000) 01/18 15:22:29 Job submitted from host: <128.30.112.18:46685>
...
001 (13308.000.000) 01/18 15:22:41 Job executing on host: <128.30.113.110:53061>
...
006 (13308.000.000) 01/18 15:22:42 Image size of job updated: 2750
	0  -  MemoryUsage of job (MB)
	0  -  ResidentSetSize of job (KB)
...
005 (13308.000.000) 01/18 15:22:42 Job terminated.
	(1) Normal termination (return value 1)
		Usr 0 00:00:00, Sys 0 00:00:00  -  Run Remote Usage
		Usr 0 00:00:00, Sys 0 00:00:00  -  Run Local Usage
		Usr 0 00:00:00, Sys 0 00:00:00  -  Total Remote Usage
		Usr 0 00:00:00, Sys 0 00:00:00  -  Total Local Usage
	0  -  Run Bytes Sent By Job
	0  -  Run Bytes Received By Job
	0  -  Total Bytes Sent By Job
	0  -  Total Bytes Received By Job
	Partitionable Resources :    Usage  Request          
	   Cpus                 :                 1          
	   Disk (KB)            :     2750     2750          
	   Memory (MB)          :        0        0          
...
000 (13353.000.000) 01/18 15:24:29 Job submitted from host: <128.30.112.18:46685>
...
001 (13353.000.000) 01/18 15:24:48 Job executing on host: <128.30.66.166:36393>
...
006 (13353.000.000) 01/18 15:24:57 Image size of job updated: 290660
	50  -  MemoryUsage of job (MB)
	50908  -  ResidentSetSize of job (KB)
...
006 (13353.000.000) 01/18 15:29:58 Image size of job updated: 460972
	146  -  MemoryUsage of job (MB)
	148908  -  ResidentSetSize of job (KB)
...
006 (13353.000.000) 01/18 15:34:59 Image size of job updated: 553004
	227  -  MemoryUsage of job (MB)
	232236  -  ResidentSetSize of job (KB)
...
006 (13353.000.000) 01/18 15:39:59 Image size of job updated: 553004
	236  -  MemoryUsage of job (MB)
	240744  -  ResidentSetSize of job (KB)
...
005 (13353.000.000) 01/18 15:46:07 Job terminated.
	(1) Normal termination (return value 0)
		Usr 0 00:17:26, Sys 0 00:03:45  -  Run Remote Usage
		Usr 0 00:00:00, Sys 0 00:00:00  -  Run Local Usage
		Usr 0 00:17:26, Sys 0 00:03:45  -  Total Remote Usage
		Usr 0 00:00:00, Sys 0 00:00:00  -  Total Local Usage
	0  -  Run Bytes Sent By Job
	0  -  Run Bytes Received By Job
	0  -  Total Bytes Sent By Job
	0  -  Total Bytes Received By Job
	Partitionable Resources :    Usage  Request          
	   Cpus                 :                 1          
	   Disk (KB)            :     2750     2750          
	   Memory (MB)          :      236      236          
...
