000 (13309.000.000) 01/18 15:22:29 Job submitted from host: <128.30.112.18:46685>
...
001 (13309.000.000) 01/18 15:22:42 Job executing on host: <128.30.66.167:45266>
...
006 (13309.000.000) 01/18 15:22:42 Image size of job updated: 43864
	0  -  MemoryUsage of job (MB)
	0  -  ResidentSetSize of job (KB)
...
005 (13309.000.000) 01/18 15:22:42 Job terminated.
	(1) Normal termination (return value 1)
		Usr 0 00:00:00, Sys 0 00:00:00  -  Run Remote Usage
		Usr 0 00:00:00, Sys 0 00:00:00  -  Run Local Usage
		Usr 0 00:00:00, Sys 0 00:00:00  -  Total Remote Usage
		Usr 0 00:00:00, Sys 0 00:00:00  -  Total Local Usage
	0  -  Run Bytes Sent By Job
	0  -  Run Bytes Received By Job
	0  -  Total Bytes Sent By Job
	0  -  Total Bytes Received By Job
	Partitionable Resources :    Usage  Request          
	   Cpus                 :                 1          
	   Disk (KB)            :     2750     2750          
	   Memory (MB)          :        0        0          
...
000 (13354.000.000) 01/18 15:24:29 Job submitted from host: <128.30.112.18:46685>
...
001 (13354.000.000) 01/18 15:24:48 Job executing on host: <128.30.66.163:58460>
...
006 (13354.000.000) 01/18 15:24:57 Image size of job updated: 290628
	50  -  MemoryUsage of job (MB)
	50912  -  ResidentSetSize of job (KB)
...
006 (13354.000.000) 01/18 15:29:58 Image size of job updated: 383388
	140  -  MemoryUsage of job (MB)
	142592  -  ResidentSetSize of job (KB)
...
006 (13354.000.000) 01/18 15:34:59 Image size of job updated: 484188
	166  -  MemoryUsage of job (MB)
	169704  -  ResidentSetSize of job (KB)
...
006 (13354.000.000) 01/18 15:39:59 Image size of job updated: 595764
	349  -  MemoryUsage of job (MB)
	356408  -  ResidentSetSize of job (KB)
...
005 (13354.000.000) 01/18 16:19:21 Job terminated.
	(1) Normal termination (return value 0)
		Usr 0 00:45:20, Sys 0 00:08:53  -  Run Remote Usage
		Usr 0 00:00:00, Sys 0 00:00:00  -  Run Local Usage
		Usr 0 00:45:20, Sys 0 00:08:53  -  Total Remote Usage
		Usr 0 00:00:00, Sys 0 00:00:00  -  Total Local Usage
	0  -  Run Bytes Sent By Job
	0  -  Run Bytes Received By Job
	0  -  Total Bytes Sent By Job
	0  -  Total Bytes Received By Job
	Partitionable Resources :    Usage  Request          
	   Cpus                 :                 1          
	   Disk (KB)            :     2750     2750          
	   Memory (MB)          :      349      349          
...
