000 (13312.000.000) 01/18 15:22:30 Job submitted from host: <128.30.112.18:46685>
...
001 (13312.000.000) 01/18 15:22:42 Job executing on host: <128.30.66.163:58460>
...
006 (13312.000.000) 01/18 15:22:42 Image size of job updated: 2750
	0  -  MemoryUsage of job (MB)
	0  -  ResidentSetSize of job (KB)
...
005 (13312.000.000) 01/18 15:22:42 Job terminated.
	(1) Normal termination (return value 1)
		Usr 0 00:00:00, Sys 0 00:00:00  -  Run Remote Usage
		Usr 0 00:00:00, Sys 0 00:00:00  -  Run Local Usage
		Usr 0 00:00:00, Sys 0 00:00:00  -  Total Remote Usage
		Usr 0 00:00:00, Sys 0 00:00:00  -  Total Local Usage
	0  -  Run Bytes Sent By Job
	0  -  Run Bytes Received By Job
	0  -  Total Bytes Sent By Job
	0  -  Total Bytes Received By Job
	Partitionable Resources :    Usage  Request          
	   Cpus                 :                 1          
	   Disk (KB)            :     2750     2750          
	   Memory (MB)          :        0        0          
...
000 (13357.000.000) 01/18 15:24:29 Job submitted from host: <128.30.112.18:46685>
...
001 (13357.000.000) 01/18 15:24:48 Job executing on host: <128.30.66.165:41096>
...
006 (13357.000.000) 01/18 15:24:57 Image size of job updated: 2750
	3  -  MemoryUsage of job (MB)
	2228  -  ResidentSetSize of job (KB)
...
006 (13357.000.000) 01/18 15:29:58 Image size of job updated: 538224
	214  -  MemoryUsage of job (MB)
	218340  -  ResidentSetSize of job (KB)
...
005 (13357.000.000) 01/18 15:44:38 Job terminated.
	(1) Normal termination (return value 0)
		Usr 0 00:15:32, Sys 0 00:04:04  -  Run Remote Usage
		Usr 0 00:00:00, Sys 0 00:00:00  -  Run Local Usage
		Usr 0 00:15:32, Sys 0 00:04:04  -  Total Remote Usage
		Usr 0 00:00:00, Sys 0 00:00:00  -  Total Local Usage
	0  -  Run Bytes Sent By Job
	0  -  Run Bytes Received By Job
	0  -  Total Bytes Sent By Job
	0  -  Total Bytes Received By Job
	Partitionable Resources :    Usage  Request          
	   Cpus                 :                 1          
	   Disk (KB)            :     2750     2750          
	   Memory (MB)          :      214      214          
...
