000 (13313.000.000) 01/18 15:22:30 Job submitted from host: <128.30.112.18:46685>
...
001 (13313.000.000) 01/18 15:22:42 Job executing on host: <128.30.66.165:41096>
...
006 (13313.000.000) 01/18 15:22:42 Image size of job updated: 2750
	0  -  MemoryUsage of job (MB)
	0  -  ResidentSetSize of job (KB)
...
005 (13313.000.000) 01/18 15:22:42 Job terminated.
	(1) Normal termination (return value 1)
		Usr 0 00:00:00, Sys 0 00:00:00  -  Run Remote Usage
		Usr 0 00:00:00, Sys 0 00:00:00  -  Run Local Usage
		Usr 0 00:00:00, Sys 0 00:00:00  -  Total Remote Usage
		Usr 0 00:00:00, Sys 0 00:00:00  -  Total Local Usage
	0  -  Run Bytes Sent By Job
	0  -  Run Bytes Received By Job
	0  -  Total Bytes Sent By Job
	0  -  Total Bytes Received By Job
	Partitionable Resources :    Usage  Request          
	   Cpus                 :                 1          
	   Disk (KB)            :     2750     2750          
	   Memory (MB)          :        0        0          
...
000 (13358.000.000) 01/18 15:24:29 Job submitted from host: <128.30.112.18:46685>
...
001 (13358.000.000) 01/18 15:25:27 Job executing on host: <128.30.113.108:51545>
...
006 (13358.000.000) 01/18 15:25:36 Image size of job updated: 185172
	21  -  MemoryUsage of job (MB)
	20500  -  ResidentSetSize of job (KB)
...
006 (13358.000.000) 01/18 15:27:39 Image size of job updated: 356380
	21  -  MemoryUsage of job (MB)
	20500  -  ResidentSetSize of job (KB)
...
005 (13358.000.000) 01/18 15:27:39 Job terminated.
	(1) Normal termination (return value 1)
		Usr 0 00:02:03, Sys 0 00:00:07  -  Run Remote Usage
		Usr 0 00:00:00, Sys 0 00:00:00  -  Run Local Usage
		Usr 0 00:02:03, Sys 0 00:00:07  -  Total Remote Usage
		Usr 0 00:00:00, Sys 0 00:00:00  -  Total Local Usage
	0  -  Run Bytes Sent By Job
	0  -  Run Bytes Received By Job
	0  -  Total Bytes Sent By Job
	0  -  Total Bytes Received By Job
	Partitionable Resources :    Usage  Request          
	   Cpus                 :                 1          
	   Disk (KB)            :     2750     2750          
	   Memory (MB)          :       21       21          
...
