000 (13228.000.000) 01/18 14:58:28 Job submitted from host: <128.30.112.18:46685>
...
001 (13228.000.000) 01/18 14:58:33 Job executing on host: <128.30.66.170:39331>
...
006 (13228.000.000) 01/18 14:58:33 Image size of job updated: 90960
	0  -  MemoryUsage of job (MB)
	0  -  ResidentSetSize of job (KB)
...
005 (13228.000.000) 01/18 14:58:33 Job terminated.
	(1) Normal termination (return value 1)
		Usr 0 00:00:00, Sys 0 00:00:00  -  Run Remote Usage
		Usr 0 00:00:00, Sys 0 00:00:00  -  Run Local Usage
		Usr 0 00:00:00, Sys 0 00:00:00  -  Total Remote Usage
		Usr 0 00:00:00, Sys 0 00:00:00  -  Total Local Usage
	0  -  Run Bytes Sent By Job
	0  -  Run Bytes Received By Job
	0  -  Total Bytes Sent By Job
	0  -  Total Bytes Received By Job
	Partitionable Resources :    Usage  Request          
	   Cpus                 :                 1          
	   Disk (KB)            :     2750     2750          
	   Memory (MB)          :        0        0          
...
000 (13288.000.000) 01/18 15:22:27 Job submitted from host: <128.30.112.18:46685>
...
001 (13288.000.000) 01/18 15:22:41 Job executing on host: <128.30.66.170:39331>
...
006 (13288.000.000) 01/18 15:22:41 Image size of job updated: 2750
	0  -  MemoryUsage of job (MB)
	0  -  ResidentSetSize of job (KB)
...
005 (13288.000.000) 01/18 15:22:41 Job terminated.
	(1) Normal termination (return value 1)
		Usr 0 00:00:00, Sys 0 00:00:00  -  Run Remote Usage
		Usr 0 00:00:00, Sys 0 00:00:00  -  Run Local Usage
		Usr 0 00:00:00, Sys 0 00:00:00  -  Total Remote Usage
		Usr 0 00:00:00, Sys 0 00:00:00  -  Total Local Usage
	0  -  Run Bytes Sent By Job
	0  -  Run Bytes Received By Job
	0  -  Total Bytes Sent By Job
	0  -  Total Bytes Received By Job
	Partitionable Resources :    Usage  Request          
	   Cpus                 :                 1          
	   Disk (KB)            :     2750     2750          
	   Memory (MB)          :        0        0          
...
000 (13333.000.000) 01/18 15:24:27 Job submitted from host: <128.30.112.18:46685>
...
001 (13333.000.000) 01/18 15:24:47 Job executing on host: <128.30.66.170:39331>
...
006 (13333.000.000) 01/18 15:24:56 Image size of job updated: 171428
	30  -  MemoryUsage of job (MB)
	30332  -  ResidentSetSize of job (KB)
...
006 (13333.000.000) 01/18 15:29:57 Image size of job updated: 545236
	222  -  MemoryUsage of job (MB)
	227204  -  ResidentSetSize of job (KB)
...
006 (13333.000.000) 01/18 15:34:57 Image size of job updated: 545236
	231  -  MemoryUsage of job (MB)
	236236  -  ResidentSetSize of job (KB)
...
005 (13333.000.000) 01/18 15:45:28 Job terminated.
	(1) Normal termination (return value 0)
		Usr 0 00:16:09, Sys 0 00:04:22  -  Run Remote Usage
		Usr 0 00:00:00, Sys 0 00:00:00  -  Run Local Usage
		Usr 0 00:16:09, Sys 0 00:04:22  -  Total Remote Usage
		Usr 0 00:00:00, Sys 0 00:00:00  -  Total Local Usage
	0  -  Run Bytes Sent By Job
	0  -  Run Bytes Received By Job
	0  -  Total Bytes Sent By Job
	0  -  Total Bytes Received By Job
	Partitionable Resources :    Usage  Request          
	   Cpus                 :                 1          
	   Disk (KB)            :     2750     2750          
	   Memory (MB)          :      231      231          
...
