000 (13229.000.000) 01/18 14:58:28 Job submitted from host: <128.30.112.18:46685>
...
001 (13229.000.000) 01/18 14:58:33 Job executing on host: <128.30.66.165:41096>
...
006 (13229.000.000) 01/18 14:58:33 Image size of job updated: 90968
	0  -  MemoryUsage of job (MB)
	0  -  ResidentSetSize of job (KB)
...
005 (13229.000.000) 01/18 14:58:33 Job terminated.
	(1) Normal termination (return value 1)
		Usr 0 00:00:00, Sys 0 00:00:00  -  Run Remote Usage
		Usr 0 00:00:00, Sys 0 00:00:00  -  Run Local Usage
		Usr 0 00:00:00, Sys 0 00:00:00  -  Total Remote Usage
		Usr 0 00:00:00, Sys 0 00:00:00  -  Total Local Usage
	0  -  Run Bytes Sent By Job
	0  -  Run Bytes Received By Job
	0  -  Total Bytes Sent By Job
	0  -  Total Bytes Received By Job
	Partitionable Resources :    Usage  Request          
	   Cpus                 :                 1          
	   Disk (KB)            :     2750     2750          
	   Memory (MB)          :        0        0          
...
000 (13289.000.000) 01/18 15:22:27 Job submitted from host: <128.30.112.18:46685>
...
001 (13289.000.000) 01/18 15:22:41 Job executing on host: <128.30.66.165:41096>
...
006 (13289.000.000) 01/18 15:22:41 Image size of job updated: 2750
	0  -  MemoryUsage of job (MB)
	0  -  ResidentSetSize of job (KB)
...
005 (13289.000.000) 01/18 15:22:42 Job terminated.
	(1) Normal termination (return value 1)
		Usr 0 00:00:00, Sys 0 00:00:00  -  Run Remote Usage
		Usr 0 00:00:00, Sys 0 00:00:00  -  Run Local Usage
		Usr 0 00:00:00, Sys 0 00:00:00  -  Total Remote Usage
		Usr 0 00:00:00, Sys 0 00:00:00  -  Total Local Usage
	0  -  Run Bytes Sent By Job
	0  -  Run Bytes Received By Job
	0  -  Total Bytes Sent By Job
	0  -  Total Bytes Received By Job
	Partitionable Resources :    Usage  Request          
	   Cpus                 :                 1          
	   Disk (KB)            :     2750     2750          
	   Memory (MB)          :        0        0          
...
000 (13334.000.000) 01/18 15:24:27 Job submitted from host: <128.30.112.18:46685>
...
001 (13334.000.000) 01/18 15:24:48 Job executing on host: <128.30.66.165:41096>
...
006 (13334.000.000) 01/18 15:24:56 Image size of job updated: 107680
	20  -  MemoryUsage of job (MB)
	20160  -  ResidentSetSize of job (KB)
...
006 (13334.000.000) 01/18 15:29:56 Image size of job updated: 542264
	296  -  MemoryUsage of job (MB)
	302944  -  ResidentSetSize of job (KB)
...
005 (13334.000.000) 01/18 15:47:08 Job terminated.
	(1) Normal termination (return value 0)
		Usr 0 00:17:11, Sys 0 00:04:54  -  Run Remote Usage
		Usr 0 00:00:00, Sys 0 00:00:00  -  Run Local Usage
		Usr 0 00:17:11, Sys 0 00:04:54  -  Total Remote Usage
		Usr 0 00:00:00, Sys 0 00:00:00  -  Total Local Usage
	0  -  Run Bytes Sent By Job
	0  -  Run Bytes Received By Job
	0  -  Total Bytes Sent By Job
	0  -  Total Bytes Received By Job
	Partitionable Resources :    Usage  Request          
	   Cpus                 :                 1          
	   Disk (KB)            :     2750     2750          
	   Memory (MB)          :      296      296          
...
