000 (13230.000.000) 01/18 14:58:28 Job submitted from host: <128.30.112.18:46685>
...
001 (13230.000.000) 01/18 14:58:33 Job executing on host: <128.30.66.169:43926>
...
006 (13230.000.000) 01/18 14:58:33 Image size of job updated: 91824
	0  -  MemoryUsage of job (MB)
	0  -  ResidentSetSize of job (KB)
...
005 (13230.000.000) 01/18 14:58:33 Job terminated.
	(1) Normal termination (return value 1)
		Usr 0 00:00:00, Sys 0 00:00:00  -  Run Remote Usage
		Usr 0 00:00:00, Sys 0 00:00:00  -  Run Local Usage
		Usr 0 00:00:00, Sys 0 00:00:00  -  Total Remote Usage
		Usr 0 00:00:00, Sys 0 00:00:00  -  Total Local Usage
	0  -  Run Bytes Sent By Job
	0  -  Run Bytes Received By Job
	0  -  Total Bytes Sent By Job
	0  -  Total Bytes Received By Job
	Partitionable Resources :    Usage  Request          
	   Cpus                 :                 1          
	   Disk (KB)            :     2750     2750          
	   Memory (MB)          :        0        0          
...
000 (13290.000.000) 01/18 15:22:28 Job submitted from host: <128.30.112.18:46685>
...
001 (13290.000.000) 01/18 15:22:41 Job executing on host: <128.30.66.169:43926>
...
006 (13290.000.000) 01/18 15:22:41 Image size of job updated: 2750
	0  -  MemoryUsage of job (MB)
	0  -  ResidentSetSize of job (KB)
...
005 (13290.000.000) 01/18 15:22:42 Job terminated.
	(1) Normal termination (return value 1)
		Usr 0 00:00:00, Sys 0 00:00:00  -  Run Remote Usage
		Usr 0 00:00:00, Sys 0 00:00:00  -  Run Local Usage
		Usr 0 00:00:00, Sys 0 00:00:00  -  Total Remote Usage
		Usr 0 00:00:00, Sys 0 00:00:00  -  Total Local Usage
	0  -  Run Bytes Sent By Job
	0  -  Run Bytes Received By Job
	0  -  Total Bytes Sent By Job
	0  -  Total Bytes Received By Job
	Partitionable Resources :    Usage  Request          
	   Cpus                 :                 1          
	   Disk (KB)            :     2750     2750          
	   Memory (MB)          :        0        0          
...
000 (13335.000.000) 01/18 15:24:27 Job submitted from host: <128.30.112.18:46685>
...
001 (13335.000.000) 01/18 15:24:48 Job executing on host: <128.30.66.169:43926>
...
006 (13335.000.000) 01/18 15:24:56 Image size of job updated: 120520
	21  -  MemoryUsage of job (MB)
	21008  -  ResidentSetSize of job (KB)
...
006 (13335.000.000) 01/18 15:29:56 Image size of job updated: 542164
	226  -  MemoryUsage of job (MB)
	230864  -  ResidentSetSize of job (KB)
...
006 (13335.000.000) 01/18 15:39:57 Image size of job updated: 542164
	228  -  MemoryUsage of job (MB)
	233168  -  ResidentSetSize of job (KB)
...
005 (13335.000.000) 01/18 15:44:43 Job terminated.
	(1) Normal termination (return value 0)
		Usr 0 00:15:36, Sys 0 00:04:02  -  Run Remote Usage
		Usr 0 00:00:00, Sys 0 00:00:00  -  Run Local Usage
		Usr 0 00:15:36, Sys 0 00:04:02  -  Total Remote Usage
		Usr 0 00:00:00, Sys 0 00:00:00  -  Total Local Usage
	0  -  Run Bytes Sent By Job
	0  -  Run Bytes Received By Job
	0  -  Total Bytes Sent By Job
	0  -  Total Bytes Received By Job
	Partitionable Resources :    Usage  Request          
	   Cpus                 :                 1          
	   Disk (KB)            :     2750     2750          
	   Memory (MB)          :      228      228          
...
