000 (13231.000.000) 01/18 14:58:29 Job submitted from host: <128.30.112.18:46685>
...
001 (13231.000.000) 01/18 14:58:33 Job executing on host: <128.30.66.166:36393>
...
006 (13231.000.000) 01/18 14:58:33 Image size of job updated: 2750
	0  -  MemoryUsage of job (MB)
	0  -  ResidentSetSize of job (KB)
...
005 (13231.000.000) 01/18 14:58:33 Job terminated.
	(1) Normal termination (return value 1)
		Usr 0 00:00:00, Sys 0 00:00:00  -  Run Remote Usage
		Usr 0 00:00:00, Sys 0 00:00:00  -  Run Local Usage
		Usr 0 00:00:00, Sys 0 00:00:00  -  Total Remote Usage
		Usr 0 00:00:00, Sys 0 00:00:00  -  Total Local Usage
	0  -  Run Bytes Sent By Job
	0  -  Run Bytes Received By Job
	0  -  Total Bytes Sent By Job
	0  -  Total Bytes Received By Job
	Partitionable Resources :    Usage  Request          
	   Cpus                 :                 1          
	   Disk (KB)            :     2750     2750          
	   Memory (MB)          :        0        0          
...
000 (13291.000.000) 01/18 15:22:28 Job submitted from host: <128.30.112.18:46685>
...
001 (13291.000.000) 01/18 15:22:41 Job executing on host: <128.30.66.166:36393>
...
006 (13291.000.000) 01/18 15:22:41 Image size of job updated: 2750
	0  -  MemoryUsage of job (MB)
	0  -  ResidentSetSize of job (KB)
...
005 (13291.000.000) 01/18 15:22:42 Job terminated.
	(1) Normal termination (return value 1)
		Usr 0 00:00:00, Sys 0 00:00:00  -  Run Remote Usage
		Usr 0 00:00:00, Sys 0 00:00:00  -  Run Local Usage
		Usr 0 00:00:00, Sys 0 00:00:00  -  Total Remote Usage
		Usr 0 00:00:00, Sys 0 00:00:00  -  Total Local Usage
	0  -  Run Bytes Sent By Job
	0  -  Run Bytes Received By Job
	0  -  Total Bytes Sent By Job
	0  -  Total Bytes Received By Job
	Partitionable Resources :    Usage  Request          
	   Cpus                 :                 1          
	   Disk (KB)            :     2750     2750          
	   Memory (MB)          :        0        0          
...
000 (13336.000.000) 01/18 15:24:27 Job submitted from host: <128.30.112.18:46685>
...
001 (13336.000.000) 01/18 15:24:48 Job executing on host: <128.30.66.166:36393>
...
006 (13336.000.000) 01/18 15:24:56 Image size of job updated: 290636
	50  -  MemoryUsage of job (MB)
	50880  -  ResidentSetSize of job (KB)
...
006 (13336.000.000) 01/18 15:29:56 Image size of job updated: 520164
	200  -  MemoryUsage of job (MB)
	204516  -  ResidentSetSize of job (KB)
...
006 (13336.000.000) 01/18 15:39:58 Image size of job updated: 520164
	206  -  MemoryUsage of job (MB)
	209924  -  ResidentSetSize of job (KB)
...
005 (13336.000.000) 01/18 15:41:17 Job terminated.
	(1) Normal termination (return value 0)
		Usr 0 00:12:56, Sys 0 00:03:16  -  Run Remote Usage
		Usr 0 00:00:00, Sys 0 00:00:00  -  Run Local Usage
		Usr 0 00:12:56, Sys 0 00:03:16  -  Total Remote Usage
		Usr 0 00:00:00, Sys 0 00:00:00  -  Total Local Usage
	0  -  Run Bytes Sent By Job
	0  -  Run Bytes Received By Job
	0  -  Total Bytes Sent By Job
	0  -  Total Bytes Received By Job
	Partitionable Resources :    Usage  Request          
	   Cpus                 :                 1          
	   Disk (KB)            :     2750     2750          
	   Memory (MB)          :      206      206          
...
