000 (13232.000.000) 01/18 14:58:29 Job submitted from host: <128.30.112.18:46685>
...
001 (13232.000.000) 01/18 14:58:33 Job executing on host: <128.30.66.164:41719>
...
006 (13232.000.000) 01/18 14:58:33 Image size of job updated: 92344
	0  -  MemoryUsage of job (MB)
	0  -  ResidentSetSize of job (KB)
...
005 (13232.000.000) 01/18 14:58:33 Job terminated.
	(1) Normal termination (return value 1)
		Usr 0 00:00:00, Sys 0 00:00:00  -  Run Remote Usage
		Usr 0 00:00:00, Sys 0 00:00:00  -  Run Local Usage
		Usr 0 00:00:00, Sys 0 00:00:00  -  Total Remote Usage
		Usr 0 00:00:00, Sys 0 00:00:00  -  Total Local Usage
	0  -  Run Bytes Sent By Job
	0  -  Run Bytes Received By Job
	0  -  Total Bytes Sent By Job
	0  -  Total Bytes Received By Job
	Partitionable Resources :    Usage  Request          
	   Cpus                 :                 1          
	   Disk (KB)            :     2750     2750          
	   Memory (MB)          :        0        0          
...
000 (13292.000.000) 01/18 15:22:28 Job submitted from host: <128.30.112.18:46685>
...
001 (13292.000.000) 01/18 15:22:41 Job executing on host: <128.30.66.163:58460>
...
006 (13292.000.000) 01/18 15:22:41 Image size of job updated: 86984
	0  -  MemoryUsage of job (MB)
	0  -  ResidentSetSize of job (KB)
...
005 (13292.000.000) 01/18 15:22:42 Job terminated.
	(1) Normal termination (return value 1)
		Usr 0 00:00:00, Sys 0 00:00:00  -  Run Remote Usage
		Usr 0 00:00:00, Sys 0 00:00:00  -  Run Local Usage
		Usr 0 00:00:00, Sys 0 00:00:00  -  Total Remote Usage
		Usr 0 00:00:00, Sys 0 00:00:00  -  Total Local Usage
	0  -  Run Bytes Sent By Job
	0  -  Run Bytes Received By Job
	0  -  Total Bytes Sent By Job
	0  -  Total Bytes Received By Job
	Partitionable Resources :    Usage  Request          
	   Cpus                 :                 1          
	   Disk (KB)            :     2750     2750          
	   Memory (MB)          :        0        0          
...
000 (13337.000.000) 01/18 15:24:27 Job submitted from host: <128.30.112.18:46685>
...
001 (13337.000.000) 01/18 15:24:48 Job executing on host: <128.30.66.163:58460>
...
006 (13337.000.000) 01/18 15:24:56 Image size of job updated: 290668
	50  -  MemoryUsage of job (MB)
	50920  -  ResidentSetSize of job (KB)
...
006 (13337.000.000) 01/18 15:29:56 Image size of job updated: 382004
	140  -  MemoryUsage of job (MB)
	142796  -  ResidentSetSize of job (KB)
...
006 (13337.000.000) 01/18 15:34:57 Image size of job updated: 543688
	230  -  MemoryUsage of job (MB)
	234760  -  ResidentSetSize of job (KB)
...
006 (13337.000.000) 01/18 16:05:00 Image size of job updated: 543688
	230  -  MemoryUsage of job (MB)
	234764  -  ResidentSetSize of job (KB)
...
005 (13337.000.000) 01/18 16:07:09 Job terminated.
	(1) Normal termination (return value 0)
		Usr 0 00:32:20, Sys 0 00:09:39  -  Run Remote Usage
		Usr 0 00:00:00, Sys 0 00:00:00  -  Run Local Usage
		Usr 0 00:32:20, Sys 0 00:09:39  -  Total Remote Usage
		Usr 0 00:00:00, Sys 0 00:00:00  -  Total Local Usage
	0  -  Run Bytes Sent By Job
	0  -  Run Bytes Received By Job
	0  -  Total Bytes Sent By Job
	0  -  Total Bytes Received By Job
	Partitionable Resources :    Usage  Request          
	   Cpus                 :                 1          
	   Disk (KB)            :     2750     2750          
	   Memory (MB)          :      230      230          
...
