000 (13234.000.000) 01/18 14:58:29 Job submitted from host: <128.30.112.18:46685>
...
001 (13234.000.000) 01/18 14:58:33 Job executing on host: <128.30.66.167:45266>
...
006 (13234.000.000) 01/18 14:58:33 Image size of job updated: 80332
	0  -  MemoryUsage of job (MB)
	0  -  ResidentSetSize of job (KB)
...
005 (13234.000.000) 01/18 14:58:33 Job terminated.
	(1) Normal termination (return value 1)
		Usr 0 00:00:00, Sys 0 00:00:00  -  Run Remote Usage
		Usr 0 00:00:00, Sys 0 00:00:00  -  Run Local Usage
		Usr 0 00:00:00, Sys 0 00:00:00  -  Total Remote Usage
		Usr 0 00:00:00, Sys 0 00:00:00  -  Total Local Usage
	0  -  Run Bytes Sent By Job
	0  -  Run Bytes Received By Job
	0  -  Total Bytes Sent By Job
	0  -  Total Bytes Received By Job
	Partitionable Resources :    Usage  Request          
	   Cpus                 :                 1          
	   Disk (KB)            :     2750     2750          
	   Memory (MB)          :        0        0          
...
000 (13294.000.000) 01/18 15:22:28 Job submitted from host: <128.30.112.18:46685>
...
001 (13294.000.000) 01/18 15:22:41 Job executing on host: <128.30.66.164:41719>
...
006 (13294.000.000) 01/18 15:22:41 Image size of job updated: 2750
	0  -  MemoryUsage of job (MB)
	0  -  ResidentSetSize of job (KB)
...
005 (13294.000.000) 01/18 15:22:42 Job terminated.
	(1) Normal termination (return value 1)
		Usr 0 00:00:00, Sys 0 00:00:00  -  Run Remote Usage
		Usr 0 00:00:00, Sys 0 00:00:00  -  Run Local Usage
		Usr 0 00:00:00, Sys 0 00:00:00  -  Total Remote Usage
		Usr 0 00:00:00, Sys 0 00:00:00  -  Total Local Usage
	0  -  Run Bytes Sent By Job
	0  -  Run Bytes Received By Job
	0  -  Total Bytes Sent By Job
	0  -  Total Bytes Received By Job
	Partitionable Resources :    Usage  Request          
	   Cpus                 :                 1          
	   Disk (KB)            :     2750     2750          
	   Memory (MB)          :        0        0          
...
000 (13339.000.000) 01/18 15:24:28 Job submitted from host: <128.30.112.18:46685>
...
001 (13339.000.000) 01/18 15:24:48 Job executing on host: <128.30.113.110:53061>
...
006 (13339.000.000) 01/18 15:24:56 Image size of job updated: 184848
	20  -  MemoryUsage of job (MB)
	20280  -  ResidentSetSize of job (KB)
...
006 (13339.000.000) 01/18 15:26:36 Image size of job updated: 289244
	20  -  MemoryUsage of job (MB)
	20280  -  ResidentSetSize of job (KB)
...
005 (13339.000.000) 01/18 15:26:36 Job terminated.
	(1) Normal termination (return value 1)
		Usr 0 00:01:38, Sys 0 00:00:05  -  Run Remote Usage
		Usr 0 00:00:00, Sys 0 00:00:00  -  Run Local Usage
		Usr 0 00:01:38, Sys 0 00:00:05  -  Total Remote Usage
		Usr 0 00:00:00, Sys 0 00:00:00  -  Total Local Usage
	0  -  Run Bytes Sent By Job
	0  -  Run Bytes Received By Job
	0  -  Total Bytes Sent By Job
	0  -  Total Bytes Received By Job
	Partitionable Resources :    Usage  Request          
	   Cpus                 :                 1          
	   Disk (KB)            :     2750     2750          
	   Memory (MB)          :       20       20          
...
