000 (14684.000.000) 01/22 00:38:33 Job submitted from host: <128.30.112.18:46685>
...
001 (14684.000.000) 01/22 00:38:45 Job executing on host: <128.30.113.106:54812>
...
006 (14684.000.000) 01/22 00:38:53 Image size of job updated: 211628
	32  -  MemoryUsage of job (MB)
	32216  -  ResidentSetSize of job (KB)
...
006 (14684.000.000) 01/22 00:43:53 Image size of job updated: 526292
	313  -  MemoryUsage of job (MB)
	319744  -  ResidentSetSize of job (KB)
...
006 (14684.000.000) 01/22 00:48:53 Image size of job updated: 542308
	355  -  MemoryUsage of job (MB)
	363340  -  ResidentSetSize of job (KB)
...
005 (14684.000.000) 01/22 01:31:27 Job terminated.
	(1) Normal termination (return value 0)
		Usr 0 00:51:22, Sys 0 00:00:59  -  Run Remote Usage
		Usr 0 00:00:00, Sys 0 00:00:00  -  Run Local Usage
		Usr 0 00:51:22, Sys 0 00:00:59  -  Total Remote Usage
		Usr 0 00:00:00, Sys 0 00:00:00  -  Total Local Usage
	0  -  Run Bytes Sent By Job
	0  -  Run Bytes Received By Job
	0  -  Total Bytes Sent By Job
	0  -  Total Bytes Received By Job
	Partitionable Resources :    Usage  Request          
	   Cpus                 :                 1          
	   Disk (KB)            :     2750     2750          
	   Memory (MB)          :      355      355          
...
