000 (14685.000.000) 01/22 00:38:33 Job submitted from host: <128.30.112.18:46685>
...
001 (14685.000.000) 01/22 00:38:45 Job executing on host: <128.30.113.106:54812>
...
006 (14685.000.000) 01/22 00:38:53 Image size of job updated: 211620
	32  -  MemoryUsage of job (MB)
	32216  -  ResidentSetSize of job (KB)
...
006 (14685.000.000) 01/22 00:43:53 Image size of job updated: 526516
	325  -  MemoryUsage of job (MB)
	331920  -  ResidentSetSize of job (KB)
...
006 (14685.000.000) 01/22 00:48:53 Image size of job updated: 542804
	356  -  MemoryUsage of job (MB)
	363992  -  ResidentSetSize of job (KB)
...
005 (14685.000.000) 01/22 01:45:11 Job terminated.
	(1) Normal termination (return value 0)
		Usr 0 00:45:00, Sys 0 00:20:49  -  Run Remote Usage
		Usr 0 00:00:00, Sys 0 00:00:00  -  Run Local Usage
		Usr 0 00:45:00, Sys 0 00:20:49  -  Total Remote Usage
		Usr 0 00:00:00, Sys 0 00:00:00  -  Total Local Usage
	0  -  Run Bytes Sent By Job
	0  -  Run Bytes Received By Job
	0  -  Total Bytes Sent By Job
	0  -  Total Bytes Received By Job
	Partitionable Resources :    Usage  Request          
	   Cpus                 :                 1          
	   Disk (KB)            :     2750     2750          
	   Memory (MB)          :      356      356          
...
