000 (14688.000.000) 01/22 00:38:33 Job submitted from host: <128.30.112.18:46685>
...
001 (14688.000.000) 01/22 00:38:45 Job executing on host: <128.30.66.165:41096>
...
006 (14688.000.000) 01/22 00:38:53 Image size of job updated: 289600
	49  -  MemoryUsage of job (MB)
	49580  -  ResidentSetSize of job (KB)
...
006 (14688.000.000) 01/22 00:43:53 Image size of job updated: 604688
	357  -  MemoryUsage of job (MB)
	364880  -  ResidentSetSize of job (KB)
...
006 (14688.000.000) 01/22 00:48:54 Image size of job updated: 621112
	373  -  MemoryUsage of job (MB)
	381664  -  ResidentSetSize of job (KB)
...
005 (14688.000.000) 01/22 01:52:38 Job terminated.
	(1) Normal termination (return value 0)
		Usr 0 01:12:38, Sys 0 00:00:49  -  Run Remote Usage
		Usr 0 00:00:00, Sys 0 00:00:00  -  Run Local Usage
		Usr 0 01:12:38, Sys 0 00:00:49  -  Total Remote Usage
		Usr 0 00:00:00, Sys 0 00:00:00  -  Total Local Usage
	0  -  Run Bytes Sent By Job
	0  -  Run Bytes Received By Job
	0  -  Total Bytes Sent By Job
	0  -  Total Bytes Received By Job
	Partitionable Resources :    Usage  Request          
	   Cpus                 :                 1          
	   Disk (KB)            :     2750     2750          
	   Memory (MB)          :      373      373          
...
