000 (14689.000.000) 01/22 00:38:33 Job submitted from host: <128.30.112.18:46685>
...
001 (14689.000.000) 01/22 00:38:45 Job executing on host: <128.30.113.106:54812>
...
006 (14689.000.000) 01/22 00:38:53 Image size of job updated: 211320
	32  -  MemoryUsage of job (MB)
	31952  -  ResidentSetSize of job (KB)
...
006 (14689.000.000) 01/22 00:43:53 Image size of job updated: 526584
	325  -  MemoryUsage of job (MB)
	332692  -  ResidentSetSize of job (KB)
...
006 (14689.000.000) 01/22 00:48:54 Image size of job updated: 542748
	342  -  MemoryUsage of job (MB)
	349940  -  ResidentSetSize of job (KB)
...
006 (14689.000.000) 01/22 00:53:55 Image size of job updated: 542748
	346  -  MemoryUsage of job (MB)
	353900  -  ResidentSetSize of job (KB)
...
006 (14689.000.000) 01/22 00:58:55 Image size of job updated: 542748
	356  -  MemoryUsage of job (MB)
	363932  -  ResidentSetSize of job (KB)
...
005 (14689.000.000) 01/22 01:44:19 Job terminated.
	(1) Normal termination (return value 0)
		Usr 0 00:44:29, Sys 0 00:20:25  -  Run Remote Usage
		Usr 0 00:00:00, Sys 0 00:00:00  -  Run Local Usage
		Usr 0 00:44:29, Sys 0 00:20:25  -  Total Remote Usage
		Usr 0 00:00:00, Sys 0 00:00:00  -  Total Local Usage
	0  -  Run Bytes Sent By Job
	0  -  Run Bytes Received By Job
	0  -  Total Bytes Sent By Job
	0  -  Total Bytes Received By Job
	Partitionable Resources :    Usage  Request          
	   Cpus                 :                 1          
	   Disk (KB)            :     2750     2750          
	   Memory (MB)          :      356      356          
...
