000 (14676.000.000) 01/22 00:38:32 Job submitted from host: <128.30.112.18:46685>
...
001 (14676.000.000) 01/22 00:38:37 Job executing on host: <128.30.66.167:50426>
...
006 (14676.000.000) 01/22 00:38:45 Image size of job updated: 293776
	53  -  MemoryUsage of job (MB)
	53916  -  ResidentSetSize of job (KB)
...
006 (14676.000.000) 01/22 00:38:46 Image size of job updated: 295004
	53  -  MemoryUsage of job (MB)
	53916  -  ResidentSetSize of job (KB)
...
005 (14676.000.000) 01/22 00:38:46 Job terminated.
	(0) Abnormal termination (signal 9)
	(0) No core file
		Usr 0 00:00:09, Sys 0 00:00:00  -  Run Remote Usage
		Usr 0 00:00:00, Sys 0 00:00:00  -  Run Local Usage
		Usr 0 00:00:09, Sys 0 00:00:00  -  Total Remote Usage
		Usr 0 00:00:00, Sys 0 00:00:00  -  Total Local Usage
	0  -  Run Bytes Sent By Job
	0  -  Run Bytes Received By Job
	0  -  Total Bytes Sent By Job
	0  -  Total Bytes Received By Job
	Partitionable Resources :    Usage  Request          
	   Cpus                 :                 1          
	   Disk (KB)            :     2750     2750          
	   Memory (MB)          :       53       53          
...
