000 (14677.000.000) 01/22 00:38:32 Job submitted from host: <128.30.112.18:46685>
...
001 (14677.000.000) 01/22 00:38:44 Job executing on host: <128.30.66.169:43926>
...
006 (14677.000.000) 01/22 00:38:53 Image size of job updated: 287808
	47  -  MemoryUsage of job (MB)
	47960  -  ResidentSetSize of job (KB)
...
006 (14677.000.000) 01/22 00:43:54 Image size of job updated: 605212
	357  -  MemoryUsage of job (MB)
	365396  -  ResidentSetSize of job (KB)
...
006 (14677.000.000) 01/22 00:48:54 Image size of job updated: 620860
	373  -  MemoryUsage of job (MB)
	381344  -  ResidentSetSize of job (KB)
...
005 (14677.000.000) 01/22 01:24:50 Job terminated.
	(1) Normal termination (return value 0)
		Usr 0 00:45:19, Sys 0 00:00:33  -  Run Remote Usage
		Usr 0 00:00:00, Sys 0 00:00:00  -  Run Local Usage
		Usr 0 00:45:19, Sys 0 00:00:33  -  Total Remote Usage
		Usr 0 00:00:00, Sys 0 00:00:00  -  Total Local Usage
	0  -  Run Bytes Sent By Job
	0  -  Run Bytes Received By Job
	0  -  Total Bytes Sent By Job
	0  -  Total Bytes Received By Job
	Partitionable Resources :    Usage  Request          
	   Cpus                 :                 1          
	   Disk (KB)            :     2750     2750          
	   Memory (MB)          :      373      373          
...
