000 (14678.000.000) 01/22 00:38:32 Job submitted from host: <128.30.112.18:46685>
...
001 (14678.000.000) 01/22 00:38:45 Job executing on host: <128.30.66.170:39331>
...
006 (14678.000.000) 01/22 00:38:53 Image size of job updated: 107292
	20  -  MemoryUsage of job (MB)
	20316  -  ResidentSetSize of job (KB)
...
006 (14678.000.000) 01/22 00:43:53 Image size of job updated: 605356
	357  -  MemoryUsage of job (MB)
	365548  -  ResidentSetSize of job (KB)
...
006 (14678.000.000) 01/22 00:48:54 Image size of job updated: 621064
	373  -  MemoryUsage of job (MB)
	381576  -  ResidentSetSize of job (KB)
...
005 (14678.000.000) 01/22 01:24:39 Job terminated.
	(1) Normal termination (return value 0)
		Usr 0 00:45:01, Sys 0 00:00:33  -  Run Remote Usage
		Usr 0 00:00:00, Sys 0 00:00:00  -  Run Local Usage
		Usr 0 00:45:01, Sys 0 00:00:33  -  Total Remote Usage
		Usr 0 00:00:00, Sys 0 00:00:00  -  Total Local Usage
	0  -  Run Bytes Sent By Job
	0  -  Run Bytes Received By Job
	0  -  Total Bytes Sent By Job
	0  -  Total Bytes Received By Job
	Partitionable Resources :    Usage  Request          
	   Cpus                 :                 1          
	   Disk (KB)            :     2750     2750          
	   Memory (MB)          :      373      373          
...
