000 (14681.000.000) 01/22 00:38:32 Job submitted from host: <128.30.112.18:46685>
...
001 (14681.000.000) 01/22 00:38:45 Job executing on host: <128.30.66.169:43926>
...
006 (14681.000.000) 01/22 00:38:53 Image size of job updated: 107680
	21  -  MemoryUsage of job (MB)
	20724  -  ResidentSetSize of job (KB)
...
006 (14681.000.000) 01/22 00:43:53 Image size of job updated: 604844
	342  -  MemoryUsage of job (MB)
	350088  -  ResidentSetSize of job (KB)
...
006 (14681.000.000) 01/22 00:48:54 Image size of job updated: 621032
	368  -  MemoryUsage of job (MB)
	376160  -  ResidentSetSize of job (KB)
...
006 (14681.000.000) 01/22 01:13:56 Image size of job updated: 621032
	373  -  MemoryUsage of job (MB)
	381552  -  ResidentSetSize of job (KB)
...
005 (14681.000.000) 01/22 01:31:37 Job terminated.
	(1) Normal termination (return value 0)
		Usr 0 00:40:21, Sys 0 00:12:14  -  Run Remote Usage
		Usr 0 00:00:00, Sys 0 00:00:00  -  Run Local Usage
		Usr 0 00:40:21, Sys 0 00:12:14  -  Total Remote Usage
		Usr 0 00:00:00, Sys 0 00:00:00  -  Total Local Usage
	0  -  Run Bytes Sent By Job
	0  -  Run Bytes Received By Job
	0  -  Total Bytes Sent By Job
	0  -  Total Bytes Received By Job
	Partitionable Resources :    Usage  Request          
	   Cpus                 :                 1          
	   Disk (KB)            :     2750     2750          
	   Memory (MB)          :      373      373          
...
