000 (13630.000.000) 01/20 21:52:51 Job submitted from host: <128.30.112.18:46685>
...
001 (13630.000.000) 01/20 21:53:11 Job executing on host: <128.30.66.165:41096>
...
006 (13630.000.000) 01/20 21:53:20 Image size of job updated: 286544
	46  -  MemoryUsage of job (MB)
	46788  -  ResidentSetSize of job (KB)
...
006 (13630.000.000) 01/20 21:56:35 Image size of job updated: 328148
	46  -  MemoryUsage of job (MB)
	46788  -  ResidentSetSize of job (KB)
...
005 (13630.000.000) 01/20 21:56:35 Job terminated.
	(1) Normal termination (return value 0)
		Usr 0 00:03:16, Sys 0 00:00:00  -  Run Remote Usage
		Usr 0 00:00:00, Sys 0 00:00:00  -  Run Local Usage
		Usr 0 00:03:16, Sys 0 00:00:00  -  Total Remote Usage
		Usr 0 00:00:00, Sys 0 00:00:00  -  Total Local Usage
	0  -  Run Bytes Sent By Job
	0  -  Run Bytes Received By Job
	0  -  Total Bytes Sent By Job
	0  -  Total Bytes Received By Job
	Partitionable Resources :    Usage  Request          
	   Cpus                 :                 1          
	   Disk (KB)            :     2750     2750          
	   Memory (MB)          :       46       46          
...
