000 (13712.000.000) 01/21 04:16:18 Job submitted from host: <128.30.112.18:46685>
...
001 (13712.000.000) 01/21 04:16:34 Job executing on host: <128.30.66.165:41096>
...
006 (13712.000.000) 01/21 04:16:43 Image size of job updated: 285376
	45  -  MemoryUsage of job (MB)
	45548  -  ResidentSetSize of job (KB)
...
006 (13712.000.000) 01/21 04:20:23 Image size of job updated: 298240
	45  -  MemoryUsage of job (MB)
	45548  -  ResidentSetSize of job (KB)
...
005 (13712.000.000) 01/21 04:20:24 Job terminated.
	(1) Normal termination (return value 0)
		Usr 0 00:03:46, Sys 0 00:00:00  -  Run Remote Usage
		Usr 0 00:00:00, Sys 0 00:00:00  -  Run Local Usage
		Usr 0 00:03:46, Sys 0 00:00:00  -  Total Remote Usage
		Usr 0 00:00:00, Sys 0 00:00:00  -  Total Local Usage
	0  -  Run Bytes Sent By Job
	0  -  Run Bytes Received By Job
	0  -  Total Bytes Sent By Job
	0  -  Total Bytes Received By Job
	Partitionable Resources :    Usage  Request          
	   Cpus                 :                 1          
	   Disk (KB)            :     2750     2750          
	   Memory (MB)          :       45       45          
...
