000 (13699.000.000) 01/21 04:16:17 Job submitted from host: <128.30.112.18:46685>
...
001 (13699.000.000) 01/21 04:16:34 Job executing on host: <128.30.66.169:43926>
...
006 (13699.000.000) 01/21 04:16:42 Image size of job updated: 286260
	46  -  MemoryUsage of job (MB)
	46376  -  ResidentSetSize of job (KB)
...
006 (13699.000.000) 01/21 04:20:38 Image size of job updated: 299912
	46  -  MemoryUsage of job (MB)
	46376  -  ResidentSetSize of job (KB)
...
005 (13699.000.000) 01/21 04:20:38 Job terminated.
	(1) Normal termination (return value 0)
		Usr 0 00:03:51, Sys 0 00:00:00  -  Run Remote Usage
		Usr 0 00:00:00, Sys 0 00:00:00  -  Run Local Usage
		Usr 0 00:03:51, Sys 0 00:00:00  -  Total Remote Usage
		Usr 0 00:00:00, Sys 0 00:00:00  -  Total Local Usage
	0  -  Run Bytes Sent By Job
	0  -  Run Bytes Received By Job
	0  -  Total Bytes Sent By Job
	0  -  Total Bytes Received By Job
	Partitionable Resources :    Usage  Request          
	   Cpus                 :                 1          
	   Disk (KB)            :     2750     2750          
	   Memory (MB)          :       46       46          
...
