000 (14208.000.000) 01/21 06:41:56 Job submitted from host: <128.30.112.18:46685>
...
001 (14208.000.000) 01/21 06:42:14 Job executing on host: <128.30.66.165:41096>
...
006 (14208.000.000) 01/21 06:42:22 Image size of job updated: 284472
	44  -  MemoryUsage of job (MB)
	44640  -  ResidentSetSize of job (KB)
...
006 (14208.000.000) 01/21 06:42:58 Image size of job updated: 299712
	44  -  MemoryUsage of job (MB)
	44640  -  ResidentSetSize of job (KB)
...
005 (14208.000.000) 01/21 06:42:59 Job terminated.
	(1) Normal termination (return value 0)
		Usr 0 00:00:42, Sys 0 00:00:00  -  Run Remote Usage
		Usr 0 00:00:00, Sys 0 00:00:00  -  Run Local Usage
		Usr 0 00:00:42, Sys 0 00:00:00  -  Total Remote Usage
		Usr 0 00:00:00, Sys 0 00:00:00  -  Total Local Usage
	0  -  Run Bytes Sent By Job
	0  -  Run Bytes Received By Job
	0  -  Total Bytes Sent By Job
	0  -  Total Bytes Received By Job
	Partitionable Resources :    Usage  Request          
	   Cpus                 :                 1          
	   Disk (KB)            :     2750     2750          
	   Memory (MB)          :       44       44          
...
