000 (14210.000.000) 01/21 06:41:57 Job submitted from host: <128.30.112.18:46685>
...
001 (14210.000.000) 01/21 06:42:16 Job executing on host: <128.30.66.166:36393>
...
006 (14210.000.000) 01/21 06:42:25 Image size of job updated: 284428
	44  -  MemoryUsage of job (MB)
	44592  -  ResidentSetSize of job (KB)
...
006 (14210.000.000) 01/21 06:42:55 Image size of job updated: 299672
	44  -  MemoryUsage of job (MB)
	44592  -  ResidentSetSize of job (KB)
...
005 (14210.000.000) 01/21 06:42:55 Job terminated.
	(1) Normal termination (return value 0)
		Usr 0 00:00:29, Sys 0 00:00:00  -  Run Remote Usage
		Usr 0 00:00:00, Sys 0 00:00:00  -  Run Local Usage
		Usr 0 00:00:29, Sys 0 00:00:00  -  Total Remote Usage
		Usr 0 00:00:00, Sys 0 00:00:00  -  Total Local Usage
	0  -  Run Bytes Sent By Job
	0  -  Run Bytes Received By Job
	0  -  Total Bytes Sent By Job
	0  -  Total Bytes Received By Job
	Partitionable Resources :    Usage  Request          
	   Cpus                 :                 1          
	   Disk (KB)            :     2750     2750          
	   Memory (MB)          :       44       44          
...
