000 (14195.000.000) 01/21 06:41:54 Job submitted from host: <128.30.112.18:46685>
...
001 (14195.000.000) 01/21 06:41:56 Job executing on host: <128.30.66.166:36393>
...
006 (14195.000.000) 01/21 06:42:05 Image size of job updated: 298152
	57  -  MemoryUsage of job (MB)
	58320  -  ResidentSetSize of job (KB)
...
006 (14195.000.000) 01/21 06:42:33 Image size of job updated: 299672
	57  -  MemoryUsage of job (MB)
	58320  -  ResidentSetSize of job (KB)
...
005 (14195.000.000) 01/21 06:42:33 Job terminated.
	(1) Normal termination (return value 0)
		Usr 0 00:00:35, Sys 0 00:00:00  -  Run Remote Usage
		Usr 0 00:00:00, Sys 0 00:00:00  -  Run Local Usage
		Usr 0 00:00:35, Sys 0 00:00:00  -  Total Remote Usage
		Usr 0 00:00:00, Sys 0 00:00:00  -  Total Local Usage
	0  -  Run Bytes Sent By Job
	0  -  Run Bytes Received By Job
	0  -  Total Bytes Sent By Job
	0  -  Total Bytes Received By Job
	Partitionable Resources :    Usage  Request          
	   Cpus                 :                 1          
	   Disk (KB)            :     2750     2750          
	   Memory (MB)          :       57       57          
...
