000 (14264.000.000) 01/21 11:56:19 Job submitted from host: <128.30.112.18:46685>
...
001 (14264.000.000) 01/21 11:56:42 Job executing on host: <128.30.66.170:39331>
...
006 (14264.000.000) 01/21 11:56:50 Image size of job updated: 287280
	47  -  MemoryUsage of job (MB)
	47236  -  ResidentSetSize of job (KB)
...
006 (14264.000.000) 01/21 11:56:51 Image size of job updated: 309260
	47  -  MemoryUsage of job (MB)
	47236  -  ResidentSetSize of job (KB)
...
005 (14264.000.000) 01/21 11:56:51 Job terminated.
	(1) Normal termination (return value 1)
		Usr 0 00:00:09, Sys 0 00:00:00  -  Run Remote Usage
		Usr 0 00:00:00, Sys 0 00:00:00  -  Run Local Usage
		Usr 0 00:00:09, Sys 0 00:00:00  -  Total Remote Usage
		Usr 0 00:00:00, Sys 0 00:00:00  -  Total Local Usage
	0  -  Run Bytes Sent By Job
	0  -  Run Bytes Received By Job
	0  -  Total Bytes Sent By Job
	0  -  Total Bytes Received By Job
	Partitionable Resources :    Usage  Request          
	   Cpus                 :                 1          
	   Disk (KB)            :     2750     2750          
	   Memory (MB)          :       47       47          
...
