000 (14261.000.000) 01/21 11:56:18 Job submitted from host: <128.30.112.18:46685>
...
001 (14261.000.000) 01/21 11:56:41 Job executing on host: <128.30.66.170:39331>
...
006 (14261.000.000) 01/21 11:56:50 Image size of job updated: 287424
	47  -  MemoryUsage of job (MB)
	47492  -  ResidentSetSize of job (KB)
...
005 (14261.000.000) 01/21 11:56:51 Job terminated.
	(1) Normal termination (return value 1)
		Usr 0 00:00:05, Sys 0 00:00:00  -  Run Remote Usage
		Usr 0 00:00:00, Sys 0 00:00:00  -  Run Local Usage
		Usr 0 00:00:05, Sys 0 00:00:00  -  Total Remote Usage
		Usr 0 00:00:00, Sys 0 00:00:00  -  Total Local Usage
	0  -  Run Bytes Sent By Job
	0  -  Run Bytes Received By Job
	0  -  Total Bytes Sent By Job
	0  -  Total Bytes Received By Job
	Partitionable Resources :    Usage  Request          
	   Cpus                 :                 1          
	   Disk (KB)            :     2750     2750          
	   Memory (MB)          :       47       47          
...
