============================================================
Domain:		PST
Dimensions:	12
|S|:		5451776
|A|:		27
|S|x|A|:		147197952
Episode Cap:	1000
Gamma:		0.9
NUM_UAV:		3
============================================================
Representation:		IndependentDiscretizationCompactBinary
Features per action:	52
Binary Dimensions:	[ 6  7  8  9 10 11]
============================================================
Representation:		iFDD
Features per action:	52
Initial Representation:	IndependentDiscretizationCompactBinary
Plus:			1
Sparsify:		1
Cached:			1
Online Threshold:	65.000
Batch Threshold:		65.000
Max Batch Discovery:	20
============================================================
Agent:		SARSA
Policy:		eGreedy
Alpha_0:		0.10
============================================================
Experiment:		OnlineExperiment
Output:			././10-results.txt
Learning Steps:		50000
Performance Checks:	10
Log Intervals:		60(s)
5000 >>> E[0:00:21]-R[0:03:10]: Return=2.00, Steps=10, Features = 311
10000 >>> E[0:00:46]-R[0:03:05]: Return=-34.00, Steps=11, Features = 563
15000 >>> E[0:01:12]-R[0:02:48]: Return=39.00, Steps=12, Features = 726
20000 >>> E[0:01:44]-R[0:02:36]: Return=-11.00, Steps=10, Features = 880
25000 >>> E[0:02:13]-R[0:02:13]: Return=64.00, Steps=10, Features = 1028
30000 >>> E[0:02:43]-R[0:01:49]: Return=89.00, Steps=10, Features = 1165
35000 >>> E[0:03:16]-R[0:01:24]: Return=-12.00, Steps=11, Features = 1279
40000 >>> E[0:03:50]-R[0:00:57]: Return=64.00, Steps=21, Features = 1384
45000 >>> E[0:04:24]-R[0:00:29]: Return=73.00, Steps=33, Features = 1484
50000 >>> E[0:04:57]-R[0:00:00]: Return=22.00, Steps=11, Features = 1586
============================================================
Took 0:04:57
Results	=> ././10-results.txt
Log	=> ././10-out.txt
