============================================================
Domain:		PST
Dimensions:	12
|S|:		5451776
|A|:		27
|S|x|A|:		147197952
Episode Cap:	1000
Gamma:		0.9
NUM_UAV:		3
============================================================
Representation:		IndependentDiscretizationCompactBinary
Features per action:	52
Binary Dimensions:	[ 6  7  8  9 10 11]
============================================================
Representation:		iFDD
Features per action:	52
Initial Representation:	IndependentDiscretizationCompactBinary
Plus:			1
Sparsify:		1
Cached:			1
Online Threshold:	65.000
Batch Threshold:		65.000
Max Batch Discovery:	20
============================================================
Agent:		SARSA
Policy:		eGreedy
Alpha_0:		0.10
============================================================
Experiment:		OnlineExperiment
Output:			././13-results.txt
Learning Steps:		50000
Performance Checks:	10
Log Intervals:		60(s)
5000 >>> E[0:00:22]-R[0:03:22]: Return=-36.00, Steps=10, Features = 354
10000 >>> E[0:00:52]-R[0:03:27]: Return=-16.00, Steps=12, Features = 608
15000 >>> E[0:01:32]-R[0:03:34]: Return=5.00, Steps=12, Features = 782
20000 >>> E[0:02:06]-R[0:03:09]: Return=61.00, Steps=10, Features = 945
25000 >>> E[0:02:39]-R[0:02:39]: Return=0.00, Steps=1000, Features = 1105
30000 >>> E[0:03:10]-R[0:02:07]: Return=-19.00, Steps=10, Features = 1257
35000 >>> E[0:03:50]-R[0:01:39]: Return=43.00, Steps=11, Features = 1372
40000 >>> E[0:04:26]-R[0:01:07]: Return=82.00, Steps=10, Features = 1487
45000 >>> E[0:05:01]-R[0:00:33]: Return=82.00, Steps=10, Features = 1600
50000 >>> E[0:05:34]-R[0:00:00]: Return=42.00, Steps=11, Features = 1693
============================================================
Took 0:05:34
Results	=> ././13-results.txt
Log	=> ././13-out.txt
