============================================================
Domain:		PST
Dimensions:	12
|S|:		5451776
|A|:		27
|S|x|A|:		147197952
Episode Cap:	1000
Gamma:		0.9
NUM_UAV:		3
============================================================
Representation:		IndependentDiscretizationCompactBinary
Features per action:	52
Binary Dimensions:	[ 6  7  8  9 10 11]
============================================================
Representation:		iFDD
Features per action:	52
Initial Representation:	IndependentDiscretizationCompactBinary
Plus:			1
Sparsify:		1
Cached:			1
Online Threshold:	65.000
Batch Threshold:		65.000
Max Batch Discovery:	20
============================================================
Agent:		SARSA
Policy:		eGreedy
Alpha_0:		0.10
============================================================
Experiment:		OnlineExperiment
Output:			././3-results.txt
Learning Steps:		50000
Performance Checks:	10
Log Intervals:		60(s)
5000 >>> E[0:00:21]-R[0:03:12]: Return=-46.00, Steps=15, Features = 333
10000 >>> E[0:00:49]-R[0:03:16]: Return=61.00, Steps=10, Features = 593
15000 >>> E[0:01:17]-R[0:03:00]: Return=61.00, Steps=10, Features = 774
20000 >>> E[0:01:48]-R[0:02:41]: Return=-34.00, Steps=10, Features = 964
25000 >>> E[0:02:21]-R[0:02:21]: Return=81.00, Steps=10, Features = 1123
30000 >>> E[0:02:53]-R[0:01:56]: Return=-16.00, Steps=10, Features = 1252
35000 >>> E[0:03:29]-R[0:01:29]: Return=-30.00, Steps=10, Features = 1377
40000 >>> E[0:04:03]-R[0:01:01]: Return=62.00, Steps=10, Features = 1510
45000 >>> E[0:04:42]-R[0:00:31]: Return=43.00, Steps=10, Features = 1642
50000 >>> E[0:05:19]-R[0:00:00]: Return=5.00, Steps=10, Features = 1771
============================================================
Took 0:05:19
Results	=> ././3-results.txt
Log	=> ././3-out.txt
