============================================================
Domain:		PST
Dimensions:	12
|S|:		5451776
|A|:		27
|S|x|A|:		147197952
Episode Cap:	1000
Gamma:		0.9
NUM_UAV:		3
============================================================
Representation:		IndependentDiscretizationCompactBinary
Features per action:	52
Binary Dimensions:	[ 6  7  8  9 10 11]
============================================================
Representation:		iFDD
Features per action:	52
Initial Representation:	IndependentDiscretizationCompactBinary
Plus:			1
Sparsify:		1
Cached:			1
Online Threshold:	65.000
Batch Threshold:		65.000
Max Batch Discovery:	20
============================================================
Agent:		SARSA
Policy:		eGreedy
Alpha_0:		0.10
============================================================
Experiment:		OnlineExperiment
Output:			././5-results.txt
Learning Steps:		50000
Performance Checks:	10
Log Intervals:		60(s)
5000 >>> E[0:00:22]-R[0:03:19]: Return=64.00, Steps=10, Features = 408
10000 >>> E[0:00:48]-R[0:03:12]: Return=63.00, Steps=10, Features = 606
15000 >>> E[0:01:14]-R[0:02:53]: Return=65.00, Steps=11, Features = 763
20000 >>> E[0:01:43]-R[0:02:34]: Return=69.00, Steps=11, Features = 903
25000 >>> E[0:02:13]-R[0:02:13]: Return=9.00, Steps=11, Features = 1014
30000 >>> E[0:02:52]-R[0:01:55]: Return=-13.00, Steps=14, Features = 1108
35000 >>> E[0:03:24]-R[0:01:27]: Return=32.00, Steps=24, Features = 1210
40000 >>> E[0:04:02]-R[0:01:01]: Return=-52.00, Steps=15, Features = 1280
45000 >>> E[0:04:40]-R[0:00:31]: Return=91.00, Steps=10, Features = 1378
50000 >>> E[0:05:14]-R[0:00:00]: Return=10.00, Steps=10, Features = 1468
============================================================
Took 0:05:14
Results	=> ././5-results.txt
Log	=> ././5-out.txt
