============================================================
Domain:		PST
Dimensions:	12
|S|:		5451776
|A|:		27
|S|x|A|:		147197952
Episode Cap:	1000
Gamma:		0.9
NUM_UAV:		3
============================================================
Representation:		IndependentDiscretizationCompactBinary
Features per action:	52
Binary Dimensions:	[ 6  7  8  9 10 11]
============================================================
Representation:		iFDD
Features per action:	52
Initial Representation:	IndependentDiscretizationCompactBinary
Plus:			1
Sparsify:		1
Cached:			1
Online Threshold:	65.000
Batch Threshold:		65.000
Max Batch Discovery:	20
============================================================
Agent:		SARSA
Policy:		eGreedy
Alpha_0:		0.10
============================================================
Experiment:		OnlineExperiment
Output:			././9-results.txt
Learning Steps:		100000
Performance Checks:	10
Log Intervals:		60(s)
10000 >>> E[0:00:40]-R[0:06:03]: Return=-79.00, Steps=20, Features = 236
20000 >>> E[0:01:23]-R[0:05:33]: Return=-68.00, Steps=12, Features = 307
30000 >>> E[0:02:08]-R[0:04:58]: Return=-40.00, Steps=21, Features = 354
40000 >>> E[0:02:54]-R[0:04:20]: Return=-74.00, Steps=24, Features = 422
50000 >>> E[0:03:40]-R[0:03:40]: Return=-73.00, Steps=25, Features = 503
60000 >>> E[0:04:28]-R[0:02:59]: Return=-16.00, Steps=10, Features = 587
70000 >>> E[0:05:18]-R[0:02:16]: Return=45.00, Steps=10, Features = 665
80000 >>> E[0:06:11]-R[0:01:33]: Return=-68.00, Steps=13, Features = 747
90000 >>> E[0:07:07]-R[0:00:47]: Return=-51.00, Steps=27, Features = 833
100000 >>> E[0:08:03]-R[0:00:00]: Return=-6.00, Steps=1000, Features = 898
============================================================
Took 0:08:03
Results	=> ././9-results.txt
Log	=> ././9-out.txt
