============================================================
Domain:		PST
Dimensions:	12
|S|:		5451776
|A|:		27
|S|x|A|:		147197952
Episode Cap:	1000
Gamma:		0.9
NUM_UAV:		3
============================================================
Representation:		IndependentDiscretizationCompactBinary
Features per action:	52
Binary Dimensions:	[ 6  7  8  9 10 11]
============================================================
Representation:		iFDD
Features per action:	52
Initial Representation:	IndependentDiscretizationCompactBinary
Plus:			1
Sparsify:		1
Cached:			1
Online Threshold:	65.000
Batch Threshold:		65.000
Max Batch Discovery:	20
============================================================
Agent:		SARSA
Policy:		eGreedy
Alpha_0:		0.10
============================================================
Experiment:		OnlineExperiment
Output:			././15-results.txt
Learning Steps:		100000
Performance Checks:	10
Log Intervals:		60(s)
10000 >>> E[0:00:39]-R[0:05:50]: Return=-77.00, Steps=10, Features = 198
20000 >>> E[0:01:21]-R[0:05:23]: Return=-17.00, Steps=1000, Features = 256
30000 >>> E[0:02:02]-R[0:04:46]: Return=-108.00, Steps=40, Features = 330
40000 >>> E[0:02:46]-R[0:04:09]: Return=91.00, Steps=28, Features = 385
50000 >>> E[0:03:31]-R[0:03:31]: Return=-82.00, Steps=17, Features = 449
60000 >>> E[0:04:18]-R[0:02:52]: Return=-47.00, Steps=1000, Features = 511
70000 >>> E[0:05:06]-R[0:02:11]: Return=-38.00, Steps=13, Features = 586
80000 >>> E[0:06:01]-R[0:01:30]: Return=49.00, Steps=1000, Features = 656
90000 >>> E[0:06:52]-R[0:00:46]: Return=-39.00, Steps=26, Features = 750
100000 >>> E[0:07:49]-R[0:00:00]: Return=-5.00, Steps=1000, Features = 883
============================================================
Took 0:07:49
Results	=> ././15-results.txt
Log	=> ././15-out.txt
