============================================================
Domain:		PST
Dimensions:	12
|S|:		5451776
|A|:		27
|S|x|A|:		147197952
Episode Cap:	1000
Gamma:		0.9
NUM_UAV:		3
============================================================
Representation:		IndependentDiscretizationCompactBinary
Features per action:	52
Binary Dimensions:	[ 6  7  8  9 10 11]
============================================================
Representation:		iFDD
Features per action:	52
Initial Representation:	IndependentDiscretizationCompactBinary
Plus:			1
Sparsify:		1
Cached:			1
Online Threshold:	22.000
Batch Threshold:		22.000
Max Batch Discovery:	20
============================================================
Agent:		SARSA
Policy:		eGreedy
Alpha_0:		0.10
============================================================
Experiment:		OnlineExperiment
Output:			././20-results.txt
Learning Steps:		50000
Performance Checks:	10
Log Intervals:		60(s)
5000 >>> E[0:00:29]-R[0:04:18]: Return=-74.00, Steps=10, Features = 1999
10000 >>> E[0:01:10]-R[0:04:39]: Return=-77.00, Steps=43, Features = 3412
15000 >>> E[0:01:58]-R[0:04:34]: Return=-75.00, Steps=10, Features = 4571
20000 >>> E[0:02:51]-R[0:04:17]: Return=15.00, Steps=1000, Features = 5576
25000 >>> E[0:03:50]-R[0:03:50]: Return=-14.00, Steps=28, Features = 6560
30000 >>> E[0:04:52]-R[0:03:14]: Return=0.00, Steps=1000, Features = 7169
35000 >>> E[0:05:56]-R[0:02:33]: Return=0.00, Steps=1000, Features = 7764
39650: E[0:06:56]-R[0:01:49]: Return=-56.00, Steps=37, Features = 8389
40000 >>> E[0:07:06]-R[0:01:46]: Return=0.00, Steps=1000, Features = 8416
44531: E[0:08:06]-R[0:01:00]: Return=-65.00, Steps=20, Features = 8962
45000 >>> E[0:08:18]-R[0:00:55]: Return=0.00, Steps=1000, Features = 9018
49399: E[0:09:18]-R[0:00:07]: Return=-69.00, Steps=29, Features = 9431
50000 >>> E[0:09:33]-R[0:00:00]: Return=0.00, Steps=1000, Features = 9473
============================================================
Took 0:09:33
Results	=> ././20-results.txt
Log	=> ././20-out.txt
