============================================================
Domain:		PST
Dimensions:	12
|S|:		5451776
|A|:		27
|S|x|A|:		147197952
Episode Cap:	1000
Gamma:		0.9
NUM_UAV:		3
============================================================
Representation:		IndependentDiscretizationCompactBinary
Features per action:	52
Binary Dimensions:	[ 6  7  8  9 10 11]
============================================================
Representation:		iFDD
Features per action:	52
Initial Representation:	IndependentDiscretizationCompactBinary
Plus:			1
Sparsify:		1
Cached:			1
Online Threshold:	22.000
Batch Threshold:		22.000
Max Batch Discovery:	20
============================================================
Agent:		SARSA
Policy:		eGreedy
Alpha_0:		0.10
============================================================
Experiment:		OnlineExperiment
Output:			././9-results.txt
Learning Steps:		50000
Performance Checks:	10
Log Intervals:		60(s)
5000 >>> E[0:00:30]-R[0:04:30]: Return=-36.00, Steps=21, Features = 2532
10000 >>> E[0:01:16]-R[0:05:04]: Return=-43.00, Steps=14, Features = 4072
15000 >>> E[0:02:02]-R[0:04:46]: Return=-37.00, Steps=11, Features = 5285
20000 >>> E[0:03:03]-R[0:04:34]: Return=21.00, Steps=12, Features = 6380
23783: E[0:04:03]-R[0:04:28]: Return=-38.00, Steps=13, Features = 7162
25000 >>> E[0:04:23]-R[0:04:23]: Return=-87.00, Steps=17, Features = 7399
28446: E[0:05:23]-R[0:04:05]: Return=-2.00, Steps=15, Features = 8062
30000 >>> E[0:05:53]-R[0:03:55]: Return=79.00, Steps=12, Features = 8339
33059: E[0:06:53]-R[0:03:32]: Return=22.00, Steps=13, Features = 8903
35000 >>> E[0:07:32]-R[0:03:14]: Return=19.00, Steps=12, Features = 9224
38071: E[0:08:32]-R[0:02:41]: Return=-4.00, Steps=14, Features = 9790
40000 >>> E[0:09:10]-R[0:02:18]: Return=19.00, Steps=12, Features = 10091
43204: E[0:10:11]-R[0:01:36]: Return=-84.00, Steps=23, Features = 10618
45000 >>> E[0:10:41]-R[0:01:11]: Return=91.00, Steps=20, Features = 10942
48688: E[0:11:41]-R[0:00:19]: Return=-61.00, Steps=38, Features = 11519
50000 >>> E[0:12:02]-R[0:00:00]: Return=-3.00, Steps=15, Features = 11690
============================================================
Took 0:12:02
Results	=> ././9-results.txt
Log	=> ././9-out.txt
