============================================================
Domain:		PST
Dimensions:	12
|S|:		5451776
|A|:		27
|S|x|A|:		147197952
Episode Cap:	1000
Gamma:		0.9
NUM_UAV:		3
============================================================
Representation:		IndependentDiscretizationCompactBinary
Features per action:	52
Binary Dimensions:	[ 6  7  8  9 10 11]
============================================================
Representation:		iFDD
Features per action:	52
Initial Representation:	IndependentDiscretizationCompactBinary
Plus:			1
Sparsify:		1
Cached:			1
Online Threshold:	85.000
Batch Threshold:		85.000
Max Batch Discovery:	20
============================================================
Agent:		SARSA
Policy:		eGreedy
Alpha_0:		0.10
============================================================
Experiment:		OnlineExperiment
Output:			././17-results.txt
Learning Steps:		50000
Performance Checks:	10
Log Intervals:		60(s)
5000 >>> E[0:00:18]-R[0:02:39]: Return=-75.00, Steps=12, Features = 87
10000 >>> E[0:00:36]-R[0:02:22]: Return=-74.00, Steps=13, Features = 94
15000 >>> E[0:00:53]-R[0:02:05]: Return=-42.00, Steps=13, Features = 107
20000 >>> E[0:01:13]-R[0:01:49]: Return=-18.00, Steps=11, Features = 114
25000 >>> E[0:01:33]-R[0:01:33]: Return=-70.00, Steps=12, Features = 129
30000 >>> E[0:01:53]-R[0:01:15]: Return=-40.00, Steps=15, Features = 130
35000 >>> E[0:02:13]-R[0:00:57]: Return=-89.00, Steps=21, Features = 142
40000 >>> E[0:02:32]-R[0:00:38]: Return=58.00, Steps=16, Features = 151
45000 >>> E[0:02:52]-R[0:00:19]: Return=46.00, Steps=24, Features = 162
50000 >>> E[0:03:11]-R[0:00:00]: Return=-80.00, Steps=43, Features = 169
============================================================
Took 0:03:11
Results	=> ././17-results.txt
Log	=> ././17-out.txt
