============================================================
Domain:		PST
Dimensions:	12
|S|:		5451776
|A|:		27
|S|x|A|:		147197952
Episode Cap:	1000
Gamma:		0.9
NUM_UAV:		3
============================================================
Representation:		IndependentDiscretizationCompactBinary
Features per action:	52
Binary Dimensions:	[ 6  7  8  9 10 11]
============================================================
Representation:		iFDD
Features per action:	52
Initial Representation:	IndependentDiscretizationCompactBinary
Plus:			1
Sparsify:		1
Cached:			1
Online Threshold:	85.000
Batch Threshold:		85.000
Max Batch Discovery:	20
============================================================
Agent:		SARSA
Policy:		eGreedy
Alpha_0:		0.10
============================================================
Experiment:		OnlineExperiment
Output:			././6-results.txt
Learning Steps:		50000
Performance Checks:	10
Log Intervals:		60(s)
5000 >>> E[0:00:21]-R[0:03:07]: Return=-66.00, Steps=10, Features = 151
10000 >>> E[0:00:43]-R[0:02:51]: Return=0.00, Steps=1000, Features = 161
15000 >>> E[0:01:05]-R[0:02:31]: Return=0.00, Steps=1000, Features = 171
20000 >>> E[0:01:28]-R[0:02:13]: Return=0.00, Steps=1000, Features = 178
25000 >>> E[0:01:51]-R[0:01:51]: Return=0.00, Steps=1000, Features = 188
30000 >>> E[0:02:15]-R[0:01:30]: Return=0.00, Steps=1000, Features = 197
35000 >>> E[0:02:38]-R[0:01:08]: Return=0.00, Steps=1000, Features = 211
40000 >>> E[0:03:01]-R[0:00:45]: Return=0.00, Steps=1000, Features = 222
45000 >>> E[0:03:26]-R[0:00:23]: Return=0.00, Steps=1000, Features = 228
50000 >>> E[0:03:48]-R[0:00:00]: Return=0.00, Steps=1000, Features = 230
============================================================
Took 0:03:48
Results	=> ././6-results.txt
Log	=> ././6-out.txt
