000 (13271.000.000) 01/18 15:00:11 Job submitted from host: <128.30.112.18:46685>
...
001 (13271.000.000) 01/18 15:00:13 Job executing on host: <128.30.66.167:45266>
...
006 (13271.000.000) 01/18 15:00:13 Image size of job updated: 91824
	0  -  MemoryUsage of job (MB)
	0  -  ResidentSetSize of job (KB)
...
005 (13271.000.000) 01/18 15:00:13 Job terminated.
	(1) Normal termination (return value 1)
		Usr 0 00:00:00, Sys 0 00:00:00  -  Run Remote Usage
		Usr 0 00:00:00, Sys 0 00:00:00  -  Run Local Usage
		Usr 0 00:00:00, Sys 0 00:00:00  -  Total Remote Usage
		Usr 0 00:00:00, Sys 0 00:00:00  -  Total Local Usage
	0  -  Run Bytes Sent By Job
	0  -  Run Bytes Received By Job
	0  -  Total Bytes Sent By Job
	0  -  Total Bytes Received By Job
	Partitionable Resources :    Usage  Request          
	   Cpus                 :                 1          
	   Disk (KB)            :     2750     2750          
	   Memory (MB)          :        0        0          
...
000 (13406.000.000) 01/18 15:26:07 Job submitted from host: <128.30.112.18:46685>
...
001 (13406.000.000) 01/18 15:26:11 Job executing on host: <128.30.108.61:46809>
...
006 (13406.000.000) 01/18 15:26:20 Image size of job updated: 120688
	15  -  MemoryUsage of job (MB)
	15044  -  ResidentSetSize of job (KB)
...
006 (13406.000.000) 01/18 15:30:44 Image size of job updated: 290772
	15  -  MemoryUsage of job (MB)
	15044  -  ResidentSetSize of job (KB)
...
005 (13406.000.000) 01/18 15:30:44 Job terminated.
	(1) Normal termination (return value 1)
		Usr 0 00:04:15, Sys 0 00:00:15  -  Run Remote Usage
		Usr 0 00:00:00, Sys 0 00:00:00  -  Run Local Usage
		Usr 0 00:04:15, Sys 0 00:00:15  -  Total Remote Usage
		Usr 0 00:00:00, Sys 0 00:00:00  -  Total Local Usage
	0  -  Run Bytes Sent By Job
	0  -  Run Bytes Received By Job
	0  -  Total Bytes Sent By Job
	0  -  Total Bytes Received By Job
	Partitionable Resources :    Usage  Request          
	   Cpus                 :                 1          
	   Disk (KB)            :     2750     2750          
	   Memory (MB)          :       15       15          
...
