000 (13281.000.000) 01/18 15:00:12 Job submitted from host: <128.30.112.18:46685>
...
001 (13281.000.000) 01/18 15:00:13 Job executing on host: <128.30.66.169:43926>
...
006 (13281.000.000) 01/18 15:00:13 Image size of job updated: 83632
	0  -  MemoryUsage of job (MB)
	0  -  ResidentSetSize of job (KB)
...
005 (13281.000.000) 01/18 15:00:13 Job terminated.
	(1) Normal termination (return value 1)
		Usr 0 00:00:00, Sys 0 00:00:00  -  Run Remote Usage
		Usr 0 00:00:00, Sys 0 00:00:00  -  Run Local Usage
		Usr 0 00:00:00, Sys 0 00:00:00  -  Total Remote Usage
		Usr 0 00:00:00, Sys 0 00:00:00  -  Total Local Usage
	0  -  Run Bytes Sent By Job
	0  -  Run Bytes Received By Job
	0  -  Total Bytes Sent By Job
	0  -  Total Bytes Received By Job
	Partitionable Resources :    Usage  Request          
	   Cpus                 :                 1          
	   Disk (KB)            :     2750     2750          
	   Memory (MB)          :        0        0          
...
000 (13416.000.000) 01/18 15:26:08 Job submitted from host: <128.30.112.18:46685>
...
001 (13416.000.000) 01/18 15:26:12 Job executing on host: <128.30.112.44:49415>
...
006 (13416.000.000) 01/18 15:26:20 Image size of job updated: 2750
	3  -  MemoryUsage of job (MB)
	2292  -  ResidentSetSize of job (KB)
...
006 (13416.000.000) 01/18 15:30:01 Image size of job updated: 289044
	3  -  MemoryUsage of job (MB)
	2292  -  ResidentSetSize of job (KB)
...
005 (13416.000.000) 01/18 15:30:01 Job terminated.
	(1) Normal termination (return value 1)
		Usr 0 00:03:08, Sys 0 00:00:27  -  Run Remote Usage
		Usr 0 00:00:00, Sys 0 00:00:00  -  Run Local Usage
		Usr 0 00:03:08, Sys 0 00:00:27  -  Total Remote Usage
		Usr 0 00:00:00, Sys 0 00:00:00  -  Total Local Usage
	0  -  Run Bytes Sent By Job
	0  -  Run Bytes Received By Job
	0  -  Total Bytes Sent By Job
	0  -  Total Bytes Received By Job
	Partitionable Resources :    Usage  Request          
	   Cpus                 :                 1          
	   Disk (KB)            :     2750     2750          
	   Memory (MB)          :        3        3          
...
