000 (13283.000.000) 01/18 15:00:12 Job submitted from host: <128.30.112.18:46685>
...
001 (13283.000.000) 01/18 15:00:13 Job executing on host: <128.30.66.167:45266>
...
006 (13283.000.000) 01/18 15:00:13 Image size of job updated: 99840
	0  -  MemoryUsage of job (MB)
	0  -  ResidentSetSize of job (KB)
...
005 (13283.000.000) 01/18 15:00:13 Job terminated.
	(1) Normal termination (return value 1)
		Usr 0 00:00:00, Sys 0 00:00:00  -  Run Remote Usage
		Usr 0 00:00:00, Sys 0 00:00:00  -  Run Local Usage
		Usr 0 00:00:00, Sys 0 00:00:00  -  Total Remote Usage
		Usr 0 00:00:00, Sys 0 00:00:00  -  Total Local Usage
	0  -  Run Bytes Sent By Job
	0  -  Run Bytes Received By Job
	0  -  Total Bytes Sent By Job
	0  -  Total Bytes Received By Job
	Partitionable Resources :    Usage  Request          
	   Cpus                 :                 1          
	   Disk (KB)            :     2750     2750          
	   Memory (MB)          :        0        0          
...
000 (13418.000.000) 01/18 15:26:08 Job submitted from host: <128.30.112.18:46685>
...
001 (13418.000.000) 01/18 15:26:12 Job executing on host: <128.30.112.35:53690>
...
006 (13418.000.000) 01/18 15:26:21 Image size of job updated: 194024
	29  -  MemoryUsage of job (MB)
	29536  -  ResidentSetSize of job (KB)
...
006 (13418.000.000) 01/18 15:30:51 Image size of job updated: 290240
	29  -  MemoryUsage of job (MB)
	29536  -  ResidentSetSize of job (KB)
...
005 (13418.000.000) 01/18 15:30:51 Job terminated.
	(1) Normal termination (return value 1)
		Usr 0 00:03:16, Sys 0 00:01:15  -  Run Remote Usage
		Usr 0 00:00:00, Sys 0 00:00:00  -  Run Local Usage
		Usr 0 00:03:16, Sys 0 00:01:15  -  Total Remote Usage
		Usr 0 00:00:00, Sys 0 00:00:00  -  Total Local Usage
	0  -  Run Bytes Sent By Job
	0  -  Run Bytes Received By Job
	0  -  Total Bytes Sent By Job
	0  -  Total Bytes Received By Job
	Partitionable Resources :    Usage  Request          
	   Cpus                 :                 1          
	   Disk (KB)            :     2750     2750          
	   Memory (MB)          :       29       29          
...
