000 (13284.000.000) 01/18 15:00:12 Job submitted from host: <128.30.112.18:46685>
...
001 (13284.000.000) 01/18 15:00:13 Job executing on host: <128.30.66.170:39331>
...
006 (13284.000.000) 01/18 15:00:13 Image size of job updated: 28220
	0  -  MemoryUsage of job (MB)
	0  -  ResidentSetSize of job (KB)
...
005 (13284.000.000) 01/18 15:00:14 Job terminated.
	(1) Normal termination (return value 1)
		Usr 0 00:00:00, Sys 0 00:00:00  -  Run Remote Usage
		Usr 0 00:00:00, Sys 0 00:00:00  -  Run Local Usage
		Usr 0 00:00:00, Sys 0 00:00:00  -  Total Remote Usage
		Usr 0 00:00:00, Sys 0 00:00:00  -  Total Local Usage
	0  -  Run Bytes Sent By Job
	0  -  Run Bytes Received By Job
	0  -  Total Bytes Sent By Job
	0  -  Total Bytes Received By Job
	Partitionable Resources :    Usage  Request          
	   Cpus                 :                 1          
	   Disk (KB)            :     2750     2750          
	   Memory (MB)          :        0        0          
...
000 (13419.000.000) 01/18 15:26:08 Job submitted from host: <128.30.112.18:46685>
...
001 (13419.000.000) 01/18 15:26:12 Job executing on host: <128.30.112.92:42635>
...
006 (13419.000.000) 01/18 15:26:21 Image size of job updated: 2750
	3  -  MemoryUsage of job (MB)
	2296  -  ResidentSetSize of job (KB)
...
006 (13419.000.000) 01/18 15:30:02 Image size of job updated: 289240
	3  -  MemoryUsage of job (MB)
	2296  -  ResidentSetSize of job (KB)
...
005 (13419.000.000) 01/18 15:30:02 Job terminated.
	(1) Normal termination (return value 1)
		Usr 0 00:03:07, Sys 0 00:00:30  -  Run Remote Usage
		Usr 0 00:00:00, Sys 0 00:00:00  -  Run Local Usage
		Usr 0 00:03:07, Sys 0 00:00:30  -  Total Remote Usage
		Usr 0 00:00:00, Sys 0 00:00:00  -  Total Local Usage
	0  -  Run Bytes Sent By Job
	0  -  Run Bytes Received By Job
	0  -  Total Bytes Sent By Job
	0  -  Total Bytes Received By Job
	Partitionable Resources :    Usage  Request          
	   Cpus                 :                 1          
	   Disk (KB)            :     2750     2750          
	   Memory (MB)          :        3        3          
...
