000 (13438.000.000) 01/20 18:41:11 Job submitted from host: <128.30.112.18:46685>
...
001 (13438.000.000) 01/20 18:41:32 Job executing on host: <128.30.66.169:43926>
...
006 (13438.000.000) 01/20 18:41:41 Image size of job updated: 291476
	51  -  MemoryUsage of job (MB)
	51660  -  ResidentSetSize of job (KB)
...
006 (13438.000.000) 01/20 18:44:22 Image size of job updated: 384232
	51  -  MemoryUsage of job (MB)
	51660  -  ResidentSetSize of job (KB)
...
005 (13438.000.000) 01/20 18:44:22 Job terminated.
	(1) Normal termination (return value 0)
		Usr 0 00:02:32, Sys 0 00:00:03  -  Run Remote Usage
		Usr 0 00:00:00, Sys 0 00:00:00  -  Run Local Usage
		Usr 0 00:02:32, Sys 0 00:00:03  -  Total Remote Usage
		Usr 0 00:00:00, Sys 0 00:00:00  -  Total Local Usage
	0  -  Run Bytes Sent By Job
	0  -  Run Bytes Received By Job
	0  -  Total Bytes Sent By Job
	0  -  Total Bytes Received By Job
	Partitionable Resources :    Usage  Request          
	   Cpus                 :                 1          
	   Disk (KB)            :     2750     2750          
	   Memory (MB)          :       51       51          
...
