000 (13439.000.000) 01/20 18:41:11 Job submitted from host: <128.30.112.18:46685>
...
001 (13439.000.000) 01/20 18:41:32 Job executing on host: <128.30.66.166:36393>
...
006 (13439.000.000) 01/20 18:41:41 Image size of job updated: 292576
	52  -  MemoryUsage of job (MB)
	52716  -  ResidentSetSize of job (KB)
...
006 (13439.000.000) 01/20 18:46:42 Image size of job updated: 562056
	315  -  MemoryUsage of job (MB)
	322488  -  ResidentSetSize of job (KB)
...
005 (13439.000.000) 01/20 19:01:40 Job terminated.
	(1) Normal termination (return value 0)
		Usr 0 00:16:45, Sys 0 00:03:04  -  Run Remote Usage
		Usr 0 00:00:00, Sys 0 00:00:00  -  Run Local Usage
		Usr 0 00:16:45, Sys 0 00:03:04  -  Total Remote Usage
		Usr 0 00:00:00, Sys 0 00:00:00  -  Total Local Usage
	0  -  Run Bytes Sent By Job
	0  -  Run Bytes Received By Job
	0  -  Total Bytes Sent By Job
	0  -  Total Bytes Received By Job
	Partitionable Resources :    Usage  Request          
	   Cpus                 :                 1          
	   Disk (KB)            :     2750     2750          
	   Memory (MB)          :      315      315          
...
