000 (13272.000.000) 01/18 15:00:11 Job submitted from host: <128.30.112.18:46685>
...
001 (13272.000.000) 01/18 15:00:13 Job executing on host: <128.30.66.164:41719>
...
006 (13272.000.000) 01/18 15:00:13 Image size of job updated: 91420
	0  -  MemoryUsage of job (MB)
	0  -  ResidentSetSize of job (KB)
...
005 (13272.000.000) 01/18 15:00:13 Job terminated.
	(1) Normal termination (return value 1)
		Usr 0 00:00:00, Sys 0 00:00:00  -  Run Remote Usage
		Usr 0 00:00:00, Sys 0 00:00:00  -  Run Local Usage
		Usr 0 00:00:00, Sys 0 00:00:00  -  Total Remote Usage
		Usr 0 00:00:00, Sys 0 00:00:00  -  Total Local Usage
	0  -  Run Bytes Sent By Job
	0  -  Run Bytes Received By Job
	0  -  Total Bytes Sent By Job
	0  -  Total Bytes Received By Job
	Partitionable Resources :    Usage  Request          
	   Cpus                 :                 1          
	   Disk (KB)            :     2750     2750          
	   Memory (MB)          :        0        0          
...
000 (13407.000.000) 01/18 15:26:07 Job submitted from host: <128.30.112.18:46685>
...
001 (13407.000.000) 01/18 15:26:11 Job executing on host: <128.30.108.61:46809>
...
006 (13407.000.000) 01/18 15:26:20 Image size of job updated: 110668
	15  -  MemoryUsage of job (MB)
	14476  -  ResidentSetSize of job (KB)
...
006 (13407.000.000) 01/18 15:30:43 Image size of job updated: 290816
	15  -  MemoryUsage of job (MB)
	14476  -  ResidentSetSize of job (KB)
...
005 (13407.000.000) 01/18 15:30:43 Job terminated.
	(1) Normal termination (return value 1)
		Usr 0 00:04:14, Sys 0 00:00:15  -  Run Remote Usage
		Usr 0 00:00:00, Sys 0 00:00:00  -  Run Local Usage
		Usr 0 00:04:14, Sys 0 00:00:15  -  Total Remote Usage
		Usr 0 00:00:00, Sys 0 00:00:00  -  Total Local Usage
	0  -  Run Bytes Sent By Job
	0  -  Run Bytes Received By Job
	0  -  Total Bytes Sent By Job
	0  -  Total Bytes Received By Job
	Partitionable Resources :    Usage  Request          
	   Cpus                 :                 1          
	   Disk (KB)            :     2750     2750          
	   Memory (MB)          :       15       15          
...
000 (13423.000.000) 01/20 18:41:09 Job submitted from host: <128.30.112.18:46685>
...
001 (13423.000.000) 01/20 18:41:11 Job executing on host: <128.30.66.169:43926>
...
006 (13423.000.000) 01/20 18:41:20 Image size of job updated: 92536
	17  -  MemoryUsage of job (MB)
	17080  -  ResidentSetSize of job (KB)
...
006 (13423.000.000) 01/20 18:44:27 Image size of job updated: 382008
	17  -  MemoryUsage of job (MB)
	17080  -  ResidentSetSize of job (KB)
...
005 (13423.000.000) 01/20 18:44:27 Job terminated.
	(1) Normal termination (return value 0)
		Usr 0 00:02:56, Sys 0 00:00:10  -  Run Remote Usage
		Usr 0 00:00:00, Sys 0 00:00:00  -  Run Local Usage
		Usr 0 00:02:56, Sys 0 00:00:10  -  Total Remote Usage
		Usr 0 00:00:00, Sys 0 00:00:00  -  Total Local Usage
	0  -  Run Bytes Sent By Job
	0  -  Run Bytes Received By Job
	0  -  Total Bytes Sent By Job
	0  -  Total Bytes Received By Job
	Partitionable Resources :    Usage  Request          
	   Cpus                 :                 1          
	   Disk (KB)            :     2750     2750          
	   Memory (MB)          :       17       17          
...
