000 (13276.000.000) 01/18 15:00:11 Job submitted from host: <128.30.112.18:46685>
...
001 (13276.000.000) 01/18 15:00:13 Job executing on host: <128.30.66.167:45266>
...
006 (13276.000.000) 01/18 15:00:13 Image size of job updated: 83576
	0  -  MemoryUsage of job (MB)
	0  -  ResidentSetSize of job (KB)
...
005 (13276.000.000) 01/18 15:00:13 Job terminated.
	(1) Normal termination (return value 1)
		Usr 0 00:00:00, Sys 0 00:00:00  -  Run Remote Usage
		Usr 0 00:00:00, Sys 0 00:00:00  -  Run Local Usage
		Usr 0 00:00:00, Sys 0 00:00:00  -  Total Remote Usage
		Usr 0 00:00:00, Sys 0 00:00:00  -  Total Local Usage
	0  -  Run Bytes Sent By Job
	0  -  Run Bytes Received By Job
	0  -  Total Bytes Sent By Job
	0  -  Total Bytes Received By Job
	Partitionable Resources :    Usage  Request          
	   Cpus                 :                 1          
	   Disk (KB)            :     2750     2750          
	   Memory (MB)          :        0        0          
...
000 (13411.000.000) 01/18 15:26:08 Job submitted from host: <128.30.112.18:46685>
...
001 (13411.000.000) 01/18 15:26:12 Job executing on host: <128.30.108.58:44982>
...
006 (13411.000.000) 01/18 15:26:20 Image size of job updated: 2750
	3  -  MemoryUsage of job (MB)
	2292  -  ResidentSetSize of job (KB)
...
006 (13411.000.000) 01/18 15:31:13 Image size of job updated: 289192
	3  -  MemoryUsage of job (MB)
	2292  -  ResidentSetSize of job (KB)
...
005 (13411.000.000) 01/18 15:31:13 Job terminated.
	(1) Normal termination (return value 1)
		Usr 0 00:04:44, Sys 0 00:00:14  -  Run Remote Usage
		Usr 0 00:00:00, Sys 0 00:00:00  -  Run Local Usage
		Usr 0 00:04:44, Sys 0 00:00:14  -  Total Remote Usage
		Usr 0 00:00:00, Sys 0 00:00:00  -  Total Local Usage
	0  -  Run Bytes Sent By Job
	0  -  Run Bytes Received By Job
	0  -  Total Bytes Sent By Job
	0  -  Total Bytes Received By Job
	Partitionable Resources :    Usage  Request          
	   Cpus                 :                 1          
	   Disk (KB)            :     2750     2750          
	   Memory (MB)          :        3        3          
...
000 (13427.000.000) 01/20 18:41:09 Job submitted from host: <128.30.112.18:46685>
...
001 (13427.000.000) 01/20 18:41:11 Job executing on host: <128.30.66.169:43926>
...
006 (13427.000.000) 01/20 18:41:20 Image size of job updated: 92540
	17  -  MemoryUsage of job (MB)
	17080  -  ResidentSetSize of job (KB)
...
006 (13427.000.000) 01/20 18:44:03 Image size of job updated: 384844
	17  -  MemoryUsage of job (MB)
	17080  -  ResidentSetSize of job (KB)
...
005 (13427.000.000) 01/20 18:44:03 Job terminated.
	(1) Normal termination (return value 0)
		Usr 0 00:02:41, Sys 0 00:00:03  -  Run Remote Usage
		Usr 0 00:00:00, Sys 0 00:00:00  -  Run Local Usage
		Usr 0 00:02:41, Sys 0 00:00:03  -  Total Remote Usage
		Usr 0 00:00:00, Sys 0 00:00:00  -  Total Local Usage
	0  -  Run Bytes Sent By Job
	0  -  Run Bytes Received By Job
	0  -  Total Bytes Sent By Job
	0  -  Total Bytes Received By Job
	Partitionable Resources :    Usage  Request          
	   Cpus                 :                 1          
	   Disk (KB)            :     2750     2750          
	   Memory (MB)          :       17       17          
...
