000 (13277.000.000) 01/18 15:00:11 Job submitted from host: <128.30.112.18:46685>
...
001 (13277.000.000) 01/18 15:00:13 Job executing on host: <128.30.66.164:41719>
...
006 (13277.000.000) 01/18 15:00:13 Image size of job updated: 91824
	0  -  MemoryUsage of job (MB)
	0  -  ResidentSetSize of job (KB)
...
005 (13277.000.000) 01/18 15:00:13 Job terminated.
	(1) Normal termination (return value 1)
		Usr 0 00:00:00, Sys 0 00:00:00  -  Run Remote Usage
		Usr 0 00:00:00, Sys 0 00:00:00  -  Run Local Usage
		Usr 0 00:00:00, Sys 0 00:00:00  -  Total Remote Usage
		Usr 0 00:00:00, Sys 0 00:00:00  -  Total Local Usage
	0  -  Run Bytes Sent By Job
	0  -  Run Bytes Received By Job
	0  -  Total Bytes Sent By Job
	0  -  Total Bytes Received By Job
	Partitionable Resources :    Usage  Request          
	   Cpus                 :                 1          
	   Disk (KB)            :     2750     2750          
	   Memory (MB)          :        0        0          
...
000 (13412.000.000) 01/18 15:26:08 Job submitted from host: <128.30.112.18:46685>
...
001 (13412.000.000) 01/18 15:26:12 Job executing on host: <128.30.108.59:58117>
...
006 (13412.000.000) 01/18 15:26:20 Image size of job updated: 194524
	29  -  MemoryUsage of job (MB)
	29528  -  ResidentSetSize of job (KB)
...
006 (13412.000.000) 01/18 15:30:41 Image size of job updated: 290760
	29  -  MemoryUsage of job (MB)
	29528  -  ResidentSetSize of job (KB)
...
005 (13412.000.000) 01/18 15:30:41 Job terminated.
	(1) Normal termination (return value 1)
		Usr 0 00:04:11, Sys 0 00:00:15  -  Run Remote Usage
		Usr 0 00:00:00, Sys 0 00:00:00  -  Run Local Usage
		Usr 0 00:04:11, Sys 0 00:00:15  -  Total Remote Usage
		Usr 0 00:00:00, Sys 0 00:00:00  -  Total Local Usage
	0  -  Run Bytes Sent By Job
	0  -  Run Bytes Received By Job
	0  -  Total Bytes Sent By Job
	0  -  Total Bytes Received By Job
	Partitionable Resources :    Usage  Request          
	   Cpus                 :                 1          
	   Disk (KB)            :     2750     2750          
	   Memory (MB)          :       29       29          
...
