000 (14839.000.000) 01/22 19:10:37 Job submitted from host: <128.30.112.18:46685>
...
001 (14839.000.000) 01/22 19:10:40 Job executing on host: <128.30.108.59:58117>
...
006 (14839.000.000) 01/22 19:10:49 Image size of job updated: 2750
	3  -  MemoryUsage of job (MB)
	2300  -  ResidentSetSize of job (KB)
...
006 (14839.000.000) 01/22 19:11:19 Image size of job updated: 210980
	3  -  MemoryUsage of job (MB)
	2300  -  ResidentSetSize of job (KB)
...
005 (14839.000.000) 01/22 19:11:19 Job terminated.
	(1) Normal termination (return value 1)
		Usr 0 00:00:25, Sys 0 00:00:03  -  Run Remote Usage
		Usr 0 00:00:00, Sys 0 00:00:00  -  Run Local Usage
		Usr 0 00:00:25, Sys 0 00:00:03  -  Total Remote Usage
		Usr 0 00:00:00, Sys 0 00:00:00  -  Total Local Usage
	0  -  Run Bytes Sent By Job
	0  -  Run Bytes Received By Job
	0  -  Total Bytes Sent By Job
	0  -  Total Bytes Received By Job
	Partitionable Resources :    Usage  Request          
	   Cpus                 :                 1          
	   Disk (KB)            :     2750     2750          
	   Memory (MB)          :        3        3          
...
