000 (14848.000.000) 01/22 19:10:38 Job submitted from host: <128.30.112.18:46685>
...
001 (14848.000.000) 01/22 19:10:53 Job executing on host: <128.30.66.165:41096>
...
006 (14848.000.000) 01/22 19:11:01 Image size of job updated: 2750
	3  -  MemoryUsage of job (MB)
	2236  -  ResidentSetSize of job (KB)
...
006 (14848.000.000) 01/22 19:16:01 Image size of job updated: 504840
	252  -  MemoryUsage of job (MB)
	257304  -  ResidentSetSize of job (KB)
...
006 (14848.000.000) 01/22 19:21:01 Image size of job updated: 511148
	266  -  MemoryUsage of job (MB)
	271716  -  ResidentSetSize of job (KB)
...
006 (14848.000.000) 01/22 19:26:02 Image size of job updated: 552976
	266  -  MemoryUsage of job (MB)
	271716  -  ResidentSetSize of job (KB)
...
006 (14848.000.000) 01/22 19:31:02 Image size of job updated: 552976
	272  -  MemoryUsage of job (MB)
	278208  -  ResidentSetSize of job (KB)
...
006 (14848.000.000) 01/22 19:36:02 Image size of job updated: 552976
	307  -  MemoryUsage of job (MB)
	313456  -  ResidentSetSize of job (KB)
...
006 (14848.000.000) 01/22 22:11:19 Image size of job updated: 554228
	307  -  MemoryUsage of job (MB)
	313456  -  ResidentSetSize of job (KB)
...
006 (14848.000.000) 01/22 22:21:20 Image size of job updated: 554440
	307  -  MemoryUsage of job (MB)
	313456  -  ResidentSetSize of job (KB)
...
006 (14848.000.000) 01/22 22:46:22 Image size of job updated: 554440
	308  -  MemoryUsage of job (MB)
	315112  -  ResidentSetSize of job (KB)
...
006 (14848.000.000) 01/22 23:31:26 Image size of job updated: 555888
	308  -  MemoryUsage of job (MB)
	315112  -  ResidentSetSize of job (KB)
...
006 (14848.000.000) 01/22 23:36:26 Image size of job updated: 555888
	310  -  MemoryUsage of job (MB)
	316560  -  ResidentSetSize of job (KB)
...
006 (14848.000.000) 01/23 00:56:35 Image size of job updated: 557424
	310  -  MemoryUsage of job (MB)
	316560  -  ResidentSetSize of job (KB)
...
006 (14848.000.000) 01/23 01:06:35 Image size of job updated: 557424
	311  -  MemoryUsage of job (MB)
	318196  -  ResidentSetSize of job (KB)
...
006 (14848.000.000) 01/23 02:11:43 Image size of job updated: 558748
	311  -  MemoryUsage of job (MB)
	318196  -  ResidentSetSize of job (KB)
...
006 (14848.000.000) 01/23 02:21:44 Image size of job updated: 558748
	312  -  MemoryUsage of job (MB)
	319420  -  ResidentSetSize of job (KB)
...
006 (14848.000.000) 01/23 03:26:51 Image size of job updated: 559764
	312  -  MemoryUsage of job (MB)
	319420  -  ResidentSetSize of job (KB)
...
