000 (14849.000.000) 01/22 19:10:38 Job submitted from host: <128.30.112.18:46685>
...
001 (14849.000.000) 01/22 19:10:53 Job executing on host: <128.30.66.167:50426>
...
006 (14849.000.000) 01/22 19:11:01 Image size of job updated: 285752
	45  -  MemoryUsage of job (MB)
	46020  -  ResidentSetSize of job (KB)
...
006 (14849.000.000) 01/22 19:16:01 Image size of job updated: 308692
	68  -  MemoryUsage of job (MB)
	69136  -  ResidentSetSize of job (KB)
...
006 (14849.000.000) 01/22 19:21:01 Image size of job updated: 335716
	95  -  MemoryUsage of job (MB)
	96312  -  ResidentSetSize of job (KB)
...
005 (14849.000.000) 01/22 19:28:49 Job terminated.
	(1) Normal termination (return value 0)
		Usr 0 00:17:44, Sys 0 00:00:02  -  Run Remote Usage
		Usr 0 00:00:00, Sys 0 00:00:00  -  Run Local Usage
		Usr 0 00:17:44, Sys 0 00:00:02  -  Total Remote Usage
		Usr 0 00:00:00, Sys 0 00:00:00  -  Total Local Usage
	0  -  Run Bytes Sent By Job
	0  -  Run Bytes Received By Job
	0  -  Total Bytes Sent By Job
	0  -  Total Bytes Received By Job
	Partitionable Resources :    Usage  Request          
	   Cpus                 :                 1          
	   Disk (KB)            :     2750     2750          
	   Memory (MB)          :       95       95          
...
