000 (14851.000.000) 01/22 19:10:38 Job submitted from host: <128.30.112.18:46685>
...
007 (14851.000.000) 01/22 19:10:52 Shadow exception!
	Can no longer talk to condor_starter <128.30.108.55:47581>
	0  -  Run Bytes Sent By Job
	0  -  Run Bytes Received By Job
...
007 (14851.000.000) 01/22 19:10:53 Shadow exception!
	Can no longer talk to condor_starter <128.30.108.55:47581>
	0  -  Run Bytes Sent By Job
	0  -  Run Bytes Received By Job
...
007 (14851.000.000) 01/22 19:10:53 Shadow exception!
	Can no longer talk to condor_starter <128.30.108.55:47581>
	0  -  Run Bytes Sent By Job
	0  -  Run Bytes Received By Job
...
007 (14851.000.000) 01/22 19:10:53 Shadow exception!
	Can no longer talk to condor_starter <128.30.108.55:47581>
	0  -  Run Bytes Sent By Job
	0  -  Run Bytes Received By Job
...
007 (14851.000.000) 01/22 19:10:53 Shadow exception!
	Can no longer talk to condor_starter <128.30.108.55:47581>
	0  -  Run Bytes Sent By Job
	0  -  Run Bytes Received By Job
...
001 (14851.000.000) 01/22 19:10:54 Job executing on host: <128.30.112.194:48324>
...
006 (14851.000.000) 01/22 19:10:55 Image size of job updated: 2750
	0  -  MemoryUsage of job (MB)
	0  -  ResidentSetSize of job (KB)
...
005 (14851.000.000) 01/22 19:10:55 Job terminated.
	(1) Normal termination (return value 1)
		Usr 0 00:00:00, Sys 0 00:00:00  -  Run Remote Usage
		Usr 0 00:00:00, Sys 0 00:00:00  -  Run Local Usage
		Usr 0 00:00:00, Sys 0 00:00:00  -  Total Remote Usage
		Usr 0 00:00:00, Sys 0 00:00:00  -  Total Local Usage
	0  -  Run Bytes Sent By Job
	0  -  Run Bytes Received By Job
	0  -  Total Bytes Sent By Job
	0  -  Total Bytes Received By Job
	Partitionable Resources :    Usage  Request          
	   Cpus                 :                 1          
	   Disk (KB)            :     2750     2750          
	   Memory (MB)          :        0        0          
...
