000 (14855.000.000) 01/22 19:10:38 Job submitted from host: <128.30.112.18:46685>
...
001 (14855.000.000) 01/22 19:10:53 Job executing on host: <128.30.66.167:50426>
...
006 (14855.000.000) 01/22 19:11:01 Image size of job updated: 285844
	45  -  MemoryUsage of job (MB)
	45992  -  ResidentSetSize of job (KB)
...
006 (14855.000.000) 01/22 19:16:01 Image size of job updated: 325460
	79  -  MemoryUsage of job (MB)
	80384  -  ResidentSetSize of job (KB)
...
006 (14855.000.000) 01/22 19:21:02 Image size of job updated: 326204
	85  -  MemoryUsage of job (MB)
	86652  -  ResidentSetSize of job (KB)
...
006 (14855.000.000) 01/22 19:31:03 Image size of job updated: 330184
	89  -  MemoryUsage of job (MB)
	90808  -  ResidentSetSize of job (KB)
...
005 (14855.000.000) 01/22 19:34:24 Job terminated.
	(1) Normal termination (return value 0)
		Usr 0 00:23:14, Sys 0 00:00:01  -  Run Remote Usage
		Usr 0 00:00:00, Sys 0 00:00:00  -  Run Local Usage
		Usr 0 00:23:14, Sys 0 00:00:01  -  Total Remote Usage
		Usr 0 00:00:00, Sys 0 00:00:00  -  Total Local Usage
	0  -  Run Bytes Sent By Job
	0  -  Run Bytes Received By Job
	0  -  Total Bytes Sent By Job
	0  -  Total Bytes Received By Job
	Partitionable Resources :    Usage  Request          
	   Cpus                 :                 1          
	   Disk (KB)            :     2750     2750          
	   Memory (MB)          :       89       89          
...
