000 (14856.000.000) 01/22 19:10:38 Job submitted from host: <128.30.112.18:46685>
...
001 (14856.000.000) 01/22 19:10:53 Job executing on host: <128.30.108.61:46809>
...
006 (14856.000.000) 01/22 19:11:01 Image size of job updated: 34500
	6  -  MemoryUsage of job (MB)
	5392  -  ResidentSetSize of job (KB)
...
006 (14856.000.000) 01/22 19:11:25 Image size of job updated: 210988
	6  -  MemoryUsage of job (MB)
	5392  -  ResidentSetSize of job (KB)
...
005 (14856.000.000) 01/22 19:11:25 Job terminated.
	(1) Normal termination (return value 1)
		Usr 0 00:00:29, Sys 0 00:00:02  -  Run Remote Usage
		Usr 0 00:00:00, Sys 0 00:00:00  -  Run Local Usage
		Usr 0 00:00:29, Sys 0 00:00:02  -  Total Remote Usage
		Usr 0 00:00:00, Sys 0 00:00:00  -  Total Local Usage
	0  -  Run Bytes Sent By Job
	0  -  Run Bytes Received By Job
	0  -  Total Bytes Sent By Job
	0  -  Total Bytes Received By Job
	Partitionable Resources :    Usage  Request          
	   Cpus                 :                 1          
	   Disk (KB)            :     2750     2750          
	   Memory (MB)          :        6        6          
...
