000 (14840.000.000) 01/22 19:10:37 Job submitted from host: <128.30.112.18:46685>
...
001 (14840.000.000) 01/22 19:10:44 Job executing on host: <128.30.108.58:44982>
...
006 (14840.000.000) 01/22 19:10:52 Image size of job updated: 202240
	37  -  MemoryUsage of job (MB)
	37744  -  ResidentSetSize of job (KB)
...
006 (14840.000.000) 01/22 19:11:20 Image size of job updated: 202324
	37  -  MemoryUsage of job (MB)
	37744  -  ResidentSetSize of job (KB)
...
005 (14840.000.000) 01/22 19:11:20 Job terminated.
	(1) Normal termination (return value 1)
		Usr 0 00:00:20, Sys 0 00:00:01  -  Run Remote Usage
		Usr 0 00:00:00, Sys 0 00:00:00  -  Run Local Usage
		Usr 0 00:00:20, Sys 0 00:00:01  -  Total Remote Usage
		Usr 0 00:00:00, Sys 0 00:00:00  -  Total Local Usage
	0  -  Run Bytes Sent By Job
	0  -  Run Bytes Received By Job
	0  -  Total Bytes Sent By Job
	0  -  Total Bytes Received By Job
	Partitionable Resources :    Usage  Request          
	   Cpus                 :                 1          
	   Disk (KB)            :     2750     2750          
	   Memory (MB)          :       37       37          
...
