000 (14858.000.000) 01/22 19:10:39 Job submitted from host: <128.30.112.18:46685>
...
001 (14858.000.000) 01/22 19:10:53 Job executing on host: <128.30.66.167:50426>
...
006 (14858.000.000) 01/22 19:11:01 Image size of job updated: 285716
	45  -  MemoryUsage of job (MB)
	45996  -  ResidentSetSize of job (KB)
...
006 (14858.000.000) 01/22 19:16:01 Image size of job updated: 307872
	67  -  MemoryUsage of job (MB)
	68444  -  ResidentSetSize of job (KB)
...
006 (14858.000.000) 01/22 19:21:02 Image size of job updated: 312436
	72  -  MemoryUsage of job (MB)
	72932  -  ResidentSetSize of job (KB)
...
005 (14858.000.000) 01/22 19:22:26 Job terminated.
	(1) Normal termination (return value 0)
		Usr 0 00:11:20, Sys 0 00:00:04  -  Run Remote Usage
		Usr 0 00:00:00, Sys 0 00:00:00  -  Run Local Usage
		Usr 0 00:11:20, Sys 0 00:00:04  -  Total Remote Usage
		Usr 0 00:00:00, Sys 0 00:00:00  -  Total Local Usage
	0  -  Run Bytes Sent By Job
	0  -  Run Bytes Received By Job
	0  -  Total Bytes Sent By Job
	0  -  Total Bytes Received By Job
	Partitionable Resources :    Usage  Request          
	   Cpus                 :                 1          
	   Disk (KB)            :     2750     2750          
	   Memory (MB)          :       72       72          
...
