000 (14841.000.000) 01/22 19:10:37 Job submitted from host: <128.30.112.18:46685>
...
001 (14841.000.000) 01/22 19:10:44 Job executing on host: <128.30.108.58:44982>
...
006 (14841.000.000) 01/22 19:10:53 Image size of job updated: 203684
	38  -  MemoryUsage of job (MB)
	38864  -  ResidentSetSize of job (KB)
...
006 (14841.000.000) 01/22 19:11:20 Image size of job updated: 210928
	38  -  MemoryUsage of job (MB)
	38864  -  ResidentSetSize of job (KB)
...
005 (14841.000.000) 01/22 19:11:20 Job terminated.
	(1) Normal termination (return value 1)
		Usr 0 00:00:34, Sys 0 00:00:01  -  Run Remote Usage
		Usr 0 00:00:00, Sys 0 00:00:00  -  Run Local Usage
		Usr 0 00:00:34, Sys 0 00:00:01  -  Total Remote Usage
		Usr 0 00:00:00, Sys 0 00:00:00  -  Total Local Usage
	0  -  Run Bytes Sent By Job
	0  -  Run Bytes Received By Job
	0  -  Total Bytes Sent By Job
	0  -  Total Bytes Received By Job
	Partitionable Resources :    Usage  Request          
	   Cpus                 :                 1          
	   Disk (KB)            :     2750     2750          
	   Memory (MB)          :       38       38          
...
