000 (14842.000.000) 01/22 19:10:37 Job submitted from host: <128.30.112.18:46685>
...
001 (14842.000.000) 01/22 19:10:47 Job executing on host: <128.30.108.58:44982>
...
006 (14842.000.000) 01/22 19:10:55 Image size of job updated: 188888
	24  -  MemoryUsage of job (MB)
	24352  -  ResidentSetSize of job (KB)
...
006 (14842.000.000) 01/22 19:11:23 Image size of job updated: 211044
	24  -  MemoryUsage of job (MB)
	24352  -  ResidentSetSize of job (KB)
...
005 (14842.000.000) 01/22 19:11:23 Job terminated.
	(1) Normal termination (return value 1)
		Usr 0 00:00:32, Sys 0 00:00:02  -  Run Remote Usage
		Usr 0 00:00:00, Sys 0 00:00:00  -  Run Local Usage
		Usr 0 00:00:32, Sys 0 00:00:02  -  Total Remote Usage
		Usr 0 00:00:00, Sys 0 00:00:00  -  Total Local Usage
	0  -  Run Bytes Sent By Job
	0  -  Run Bytes Received By Job
	0  -  Total Bytes Sent By Job
	0  -  Total Bytes Received By Job
	Partitionable Resources :    Usage  Request          
	   Cpus                 :                 1          
	   Disk (KB)            :     2750     2750          
	   Memory (MB)          :       24       24          
...
