000 (14844.000.000) 01/22 19:10:37 Job submitted from host: <128.30.112.18:46685>
...
001 (14844.000.000) 01/22 19:10:49 Job executing on host: <128.30.108.60:38441>
...
006 (14844.000.000) 01/22 19:10:57 Image size of job updated: 188228
	24  -  MemoryUsage of job (MB)
	23704  -  ResidentSetSize of job (KB)
...
006 (14844.000.000) 01/22 19:11:25 Image size of job updated: 210940
	24  -  MemoryUsage of job (MB)
	23704  -  ResidentSetSize of job (KB)
...
005 (14844.000.000) 01/22 19:11:25 Job terminated.
	(1) Normal termination (return value 1)
		Usr 0 00:00:30, Sys 0 00:00:02  -  Run Remote Usage
		Usr 0 00:00:00, Sys 0 00:00:00  -  Run Local Usage
		Usr 0 00:00:30, Sys 0 00:00:02  -  Total Remote Usage
		Usr 0 00:00:00, Sys 0 00:00:00  -  Total Local Usage
	0  -  Run Bytes Sent By Job
	0  -  Run Bytes Received By Job
	0  -  Total Bytes Sent By Job
	0  -  Total Bytes Received By Job
	Partitionable Resources :    Usage  Request          
	   Cpus                 :                 1          
	   Disk (KB)            :     2750     2750          
	   Memory (MB)          :       24       24          
...
