000 (13683.000.000) 01/21 04:16:04 Job submitted from host: <128.30.112.18:46685>
...
001 (13683.000.000) 01/21 04:16:12 Job executing on host: <128.30.66.170:39331>
...
006 (13683.000.000) 01/21 04:16:21 Image size of job updated: 108064
	21  -  MemoryUsage of job (MB)
	20884  -  ResidentSetSize of job (KB)
...
006 (13683.000.000) 01/21 04:20:11 Image size of job updated: 297344
	21  -  MemoryUsage of job (MB)
	20884  -  ResidentSetSize of job (KB)
...
005 (13683.000.000) 01/21 04:20:11 Job terminated.
	(1) Normal termination (return value 0)
		Usr 0 00:03:43, Sys 0 00:00:00  -  Run Remote Usage
		Usr 0 00:00:00, Sys 0 00:00:00  -  Run Local Usage
		Usr 0 00:03:43, Sys 0 00:00:00  -  Total Remote Usage
		Usr 0 00:00:00, Sys 0 00:00:00  -  Total Local Usage
	0  -  Run Bytes Sent By Job
	0  -  Run Bytes Received By Job
	0  -  Total Bytes Sent By Job
	0  -  Total Bytes Received By Job
	Partitionable Resources :    Usage  Request          
	   Cpus                 :                 1          
	   Disk (KB)            :     2750     2750          
	   Memory (MB)          :       21       21          
...
