000 (13688.000.000) 01/21 04:16:04 Job submitted from host: <128.30.112.18:46685>
...
001 (13688.000.000) 01/21 04:16:12 Job executing on host: <128.30.66.166:36393>
...
006 (13688.000.000) 01/21 04:16:21 Image size of job updated: 287260
	47  -  MemoryUsage of job (MB)
	47428  -  ResidentSetSize of job (KB)
...
006 (13688.000.000) 01/21 04:20:09 Image size of job updated: 298324
	47  -  MemoryUsage of job (MB)
	47428  -  ResidentSetSize of job (KB)
...
005 (13688.000.000) 01/21 04:20:09 Job terminated.
	(1) Normal termination (return value 0)
		Usr 0 00:03:52, Sys 0 00:00:00  -  Run Remote Usage
		Usr 0 00:00:00, Sys 0 00:00:00  -  Run Local Usage
		Usr 0 00:03:52, Sys 0 00:00:00  -  Total Remote Usage
		Usr 0 00:00:00, Sys 0 00:00:00  -  Total Local Usage
	0  -  Run Bytes Sent By Job
	0  -  Run Bytes Received By Job
	0  -  Total Bytes Sent By Job
	0  -  Total Bytes Received By Job
	Partitionable Resources :    Usage  Request          
	   Cpus                 :                 1          
	   Disk (KB)            :     2750     2750          
	   Memory (MB)          :       47       47          
...
