000 (13679.000.000) 01/21 04:16:03 Job submitted from host: <128.30.112.18:46685>
...
001 (13679.000.000) 01/21 04:16:12 Job executing on host: <128.30.66.167:50426>
...
006 (13679.000.000) 01/21 04:16:21 Image size of job updated: 83640
	13  -  MemoryUsage of job (MB)
	12312  -  ResidentSetSize of job (KB)
...
005 (13679.000.000) 01/21 04:16:22 Job terminated.
	(0) Abnormal termination (signal 9)
	(0) No core file
		Usr 0 00:00:00, Sys 0 00:00:00  -  Run Remote Usage
		Usr 0 00:00:00, Sys 0 00:00:00  -  Run Local Usage
		Usr 0 00:00:00, Sys 0 00:00:00  -  Total Remote Usage
		Usr 0 00:00:00, Sys 0 00:00:00  -  Total Local Usage
	0  -  Run Bytes Sent By Job
	0  -  Run Bytes Received By Job
	0  -  Total Bytes Sent By Job
	0  -  Total Bytes Received By Job
	Partitionable Resources :    Usage  Request          
	   Cpus                 :                 1          
	   Disk (KB)            :     2750     2750          
	   Memory (MB)          :       13       13          
...
