============================================================
Domain:		PST
Dimensions:	12
|S|:		5451776
|A|:		27
|S|x|A|:		147197952
Episode Cap:	1000
Gamma:		0.9
NUM_UAV:		3
============================================================
Representation:		IndependentDiscretizationCompactBinary
Features per action:	52
Binary Dimensions:	[ 6  7  8  9 10 11]
============================================================
Representation:		iFDD
Features per action:	52
Initial Representation:	IndependentDiscretizationCompactBinary
Plus:			1
Sparsify:		1
Cached:			1
Online Threshold:	45.000
Batch Threshold:		45.000
Max Batch Discovery:	20
============================================================
Agent:		SARSA
Policy:		eGreedy
Alpha_0:		0.10
============================================================
Experiment:		OnlineExperiment
Output:			././16-results.txt
Learning Steps:		50000
Performance Checks:	10
Log Intervals:		60(s)
5000 >>> E[0:00:28]-R[0:04:09]: Return=-27.00, Steps=10, Features = 1351
10000 >>> E[0:01:05]-R[0:04:20]: Return=26.00, Steps=10, Features = 2134
15000 >>> E[0:01:49]-R[0:04:14]: Return=-63.00, Steps=11, Features = 2738
20000 >>> E[0:02:36]-R[0:03:54]: Return=-66.00, Steps=19, Features = 3171
25000 >>> E[0:03:25]-R[0:03:25]: Return=87.00, Steps=10, Features = 3734
30000 >>> E[0:04:17]-R[0:02:51]: Return=-31.00, Steps=10, Features = 4190
35000 >>> E[0:05:05]-R[0:02:11]: Return=65.00, Steps=22, Features = 4612
40000 >>> E[0:05:52]-R[0:01:28]: Return=46.00, Steps=10, Features = 5015
45000 >>> E[0:06:41]-R[0:00:45]: Return=103.00, Steps=11, Features = 5457
50000 >>> E[0:07:34]-R[0:00:00]: Return=90.00, Steps=10, Features = 5841
============================================================
Took 0:07:34
Results	=> ././16-results.txt
Log	=> ././16-out.txt
