============================================================
Domain:		PST
Dimensions:	12
|S|:		5451776
|A|:		27
|S|x|A|:		147197952
Episode Cap:	1000
Gamma:		0.9
NUM_UAV:		3
============================================================
Representation:		IndependentDiscretizationCompactBinary
Features per action:	52
Binary Dimensions:	[ 6  7  8  9 10 11]
============================================================
Representation:		iFDD
Features per action:	52
Initial Representation:	IndependentDiscretizationCompactBinary
Plus:			1
Sparsify:		1
Cached:			1
Online Threshold:	45.000
Batch Threshold:		45.000
Max Batch Discovery:	20
============================================================
Agent:		SARSA
Policy:		eGreedy
Alpha_0:		0.10
============================================================
Experiment:		OnlineExperiment
Output:			././18-results.txt
Learning Steps:		50000
Performance Checks:	10
Log Intervals:		60(s)
5000 >>> E[0:00:26]-R[0:03:50]: Return=-58.00, Steps=10, Features = 1328
10000 >>> E[0:01:02]-R[0:04:09]: Return=-41.00, Steps=12, Features = 2309
15000 >>> E[0:01:42]-R[0:03:58]: Return=3.00, Steps=12, Features = 3016
20000 >>> E[0:02:27]-R[0:03:40]: Return=-37.00, Steps=12, Features = 3603
25000 >>> E[0:03:15]-R[0:03:15]: Return=22.00, Steps=12, Features = 4123
30000 >>> E[0:04:01]-R[0:02:40]: Return=65.00, Steps=10, Features = 4589
35000 >>> E[0:04:47]-R[0:02:03]: Return=-17.00, Steps=10, Features = 4964
40000 >>> E[0:05:34]-R[0:01:24]: Return=60.00, Steps=12, Features = 5393
45000 >>> E[0:06:24]-R[0:00:43]: Return=30.00, Steps=18, Features = 5781
50000 >>> E[0:07:17]-R[0:00:00]: Return=3.00, Steps=12, Features = 6152
============================================================
Took 0:07:18
Results	=> ././18-results.txt
Log	=> ././18-out.txt
