============================================================
Domain:		PST
Dimensions:	12
|S|:		5451776
|A|:		27
|S|x|A|:		147197952
Episode Cap:	1000
Gamma:		0.9
NUM_UAV:		3
============================================================
Representation:		IndependentDiscretizationCompactBinary
Features per action:	52
Binary Dimensions:	[ 6  7  8  9 10 11]
============================================================
Representation:		iFDD
Features per action:	52
Initial Representation:	IndependentDiscretizationCompactBinary
Plus:			1
Sparsify:		1
Cached:			1
Online Threshold:	45.000
Batch Threshold:		45.000
Max Batch Discovery:	20
============================================================
Agent:		SARSA
Policy:		eGreedy
Alpha_0:		0.10
============================================================
Experiment:		OnlineExperiment
Output:			././2-results.txt
Learning Steps:		50000
Performance Checks:	10
Log Intervals:		60(s)
5000 >>> E[0:00:27]-R[0:04:05]: Return=23.00, Steps=10, Features = 1473
10000 >>> E[0:01:02]-R[0:04:10]: Return=158.00, Steps=21, Features = 2276
15000 >>> E[0:01:42]-R[0:03:57]: Return=5.00, Steps=10, Features = 2907
20000 >>> E[0:02:25]-R[0:03:38]: Return=46.00, Steps=10, Features = 3456
25000 >>> E[0:03:13]-R[0:03:13]: Return=89.00, Steps=10, Features = 3959
30000 >>> E[0:04:01]-R[0:02:41]: Return=63.00, Steps=10, Features = 4342
35000 >>> E[0:04:49]-R[0:02:04]: Return=47.00, Steps=10, Features = 4741
40000 >>> E[0:05:35]-R[0:01:24]: Return=45.00, Steps=10, Features = 5094
45000 >>> E[0:06:22]-R[0:00:42]: Return=-51.00, Steps=10, Features = 5428
50000 >>> E[0:07:11]-R[0:00:00]: Return=-8.00, Steps=10, Features = 5729
============================================================
Took 0:07:11
Results	=> ././2-results.txt
Log	=> ././2-out.txt
