============================================================
Domain:		SystemAdministrator
Dimensions:	20
|S|:		1048576
|A|:		21
|S|x|A|:		22020096
Episode Cap:	200
Gamma:		0.95
Computers:	20
Edges:		[(0, 15), (0, 10), (0, 7), (0, 14), (0, 12), (1, 3), (1, 15), (1, 5), (1, 17), (1, 18), (1, 10), (2, 17), (2, 15), (2, 16), (2, 4), (2, 8), (2, 7), (3, 17), (3, 16), (4, 16), (4, 5), (4, 11), (4, 13), (5, 16), (5, 15), (5, 10), (5, 12), (5, 11), (5, 13), (6, 15), (6, 10), (6, 11), (6, 12), (6, 18), (7, 17), (7, 8), (7, 9), (7, 14), (8, 10), (8, 11), (9, 10), (9, 11), (9, 13), (10, 15), (10, 16), (10, 12), (11, 16), (11, 18), (11, 14), (12, 15), (15, 17), (15, 19), (16, 19), (18, 19)]
Neighbors:
0 : [15, 10, 7, 14, 12]
1 : [3, 15, 5, 17, 18, 10]
2 : [17, 15, 16, 4, 8, 7]
3 : [1, 17, 16]
4 : [2, 16, 5, 11, 13]
5 : [1, 4, 16, 15, 10, 12, 11, 13]
6 : [15, 10, 11, 12, 18]
7 : [0, 2, 17, 8, 9, 14]
8 : [2, 7, 10, 11]
9 : [7, 10, 11, 13]
10 : [0, 1, 5, 6, 8, 9, 15, 16, 12]
11 : [4, 5, 6, 8, 9, 16, 18, 14]
12 : [0, 5, 6, 10, 15]
13 : [4, 5, 9]
14 : [0, 7, 11]
15 : [0, 1, 2, 5, 6, 10, 12, 17, 19]
16 : [2, 3, 4, 5, 10, 11, 19]
17 : [1, 2, 3, 7, 15]
18 : [1, 6, 11, 19]
19 : [15, 16, 18]
============================================================
Representation:		IndependentDiscretizationCompactBinary
Features per action:	21
Binary Dimensions:	[ 0  1  2  3  4  5  6  7  8  9 10 11 12 13 14 15 16 17 18 19]
============================================================
Representation:		iFDD
Features per action:	21
Initial Representation:	IndependentDiscretizationCompactBinary
Plus:			1
Sparsify:		1
Cached:			1
Online Threshold:	300.000
Batch Threshold:		300.000
Max Batch Discovery:	20
============================================================
Agent:		RE_LSPI
Policy:		eGreedy
Max LSPI Iterations:	10
Data Size:		20000
Weight Difference tol.:	0.001
Max Representation Expansion Iterations:	20
============================================================
Experiment:		OnlineExperiment
Output:			././23-results.txt
Learning Steps:		20000
Performance Checks:	1
Log Intervals:		60(s)
Representation Expansion iteration #1
-----------------
Running LSPI:
1: L2_norm of weight difference = 277.034, Density of A: 56.31%
2: L2_norm of weight difference = 41.809, Density of A: 56.02%
3: L2_norm of weight difference = 1.770, Density of A: 56.37%
4: L2_norm of weight difference = 0.010, Density of A: 56.37%
5: L2_norm of weight difference = 0.000, Density of A: 56.37%
Performance Check >>> 654.000 Return, 200 Steps, 21 Features
iFDD Batch: Max Relevance = 301.269
New Feature 1: [3, 14], Relevance = 301.269
Representation Expansion iteration #2
-----------------
Running LSPI:
1: L2_norm of weight difference = 312.456, Density of A: 54.25%
2: L2_norm of weight difference = 111.779, Density of A: 56.44%
3: L2_norm of weight difference = 12.473, Density of A: 56.49%
4: L2_norm of weight difference = 0.091, Density of A: 56.39%
5: L2_norm of weight difference = 0.000, Density of A: 56.39%
Performance Check >>> 619.000 Return, 200 Steps, 22 Features
iFDD Batch: Max Relevance = 367.905
New Feature 1: [5, 12], Relevance = 367.905
New Feature 2: [2, 9], Relevance = 366.390
New Feature 3: [4, 18], Relevance = 365.852
New Feature 4: [2, 19], Relevance = 358.287
New Feature 5: [9, 18], Relevance = 357.321
New Feature 6: [0, 6], Relevance = 357.239
New Feature 7: [0, 8], Relevance = 352.915
New Feature 8: [5, 7], Relevance = 351.538
New Feature 9: [11, 17], Relevance = 347.139
New Feature 10: [13, 15], Relevance = 346.806
New Feature 11: [2, 18], Relevance = 346.164
New Feature 12: [10, 11], Relevance = 345.645
New Feature 13: [7, 19], Relevance = 344.946
New Feature 14: [4, 6], Relevance = 344.036
New Feature 15: [5, 19], Relevance = 342.715
New Feature 16: [4, 17], Relevance = 340.626
New Feature 17: [12, 16], Relevance = 340.423
New Feature 18: [2, 5], Relevance = 339.923
New Feature 19: [9, 19], Relevance = 339.914
New Feature 20: [4, 9], Relevance = 339.650
Representation Expansion iteration #3
-----------------
Running LSPI:
1: L2_norm of weight difference = 4963.106, Density of A: 20.01%
2: L2_norm of weight difference = 5900.231, Density of A: 20.08%
3: L2_norm of weight difference = 834.239, Density of A: 16.79%
4: L2_norm of weight difference = 485.749, Density of A: 18.60%
5: L2_norm of weight difference = 2273.609, Density of A: 19.65%
6: L2_norm of weight difference = 1777.284, Density of A: 16.68%
7: L2_norm of weight difference = 495.114, Density of A: 18.91%
8: L2_norm of weight difference = 2062.142, Density of A: 20.14%
9: L2_norm of weight difference = 1571.733, Density of A: 17.01%
10: L2_norm of weight difference = 509.703, Density of A: 19.11%
Performance Check >>> 738.000 Return, 200 Steps, 42 Features
iFDD Batch: Max Relevance = 220.111
20000: E[0:21:15]-R[0:00:00]: Return=454.00, Steps=200, Features = 42
20000 >>> E[0:21:15]-R[0:00:00]: Return=657.00, Steps=200, Features = 42
============================================================
Took 0:21:15
Results	=> ././23-results.txt
Log	=> ././23-out.txt
