============================================================
Domain:		SystemAdministrator
Dimensions:	20
|S|:		1048576
|A|:		21
|S|x|A|:		22020096
Episode Cap:	200
Gamma:		0.95
Computers:	20
Edges:		[(0, 15), (0, 10), (0, 7), (0, 14), (0, 12), (1, 3), (1, 15), (1, 5), (1, 17), (1, 18), (1, 10), (2, 17), (2, 15), (2, 16), (2, 4), (2, 8), (2, 7), (3, 17), (3, 16), (4, 16), (4, 5), (4, 11), (4, 13), (5, 16), (5, 15), (5, 10), (5, 12), (5, 11), (5, 13), (6, 15), (6, 10), (6, 11), (6, 12), (6, 18), (7, 17), (7, 8), (7, 9), (7, 14), (8, 10), (8, 11), (9, 10), (9, 11), (9, 13), (10, 15), (10, 16), (10, 12), (11, 16), (11, 18), (11, 14), (12, 15), (15, 17), (15, 19), (16, 19), (18, 19)]
Neighbors:
0 : [15, 10, 7, 14, 12]
1 : [3, 15, 5, 17, 18, 10]
2 : [17, 15, 16, 4, 8, 7]
3 : [1, 17, 16]
4 : [2, 16, 5, 11, 13]
5 : [1, 4, 16, 15, 10, 12, 11, 13]
6 : [15, 10, 11, 12, 18]
7 : [0, 2, 17, 8, 9, 14]
8 : [2, 7, 10, 11]
9 : [7, 10, 11, 13]
10 : [0, 1, 5, 6, 8, 9, 15, 16, 12]
11 : [4, 5, 6, 8, 9, 16, 18, 14]
12 : [0, 5, 6, 10, 15]
13 : [4, 5, 9]
14 : [0, 7, 11]
15 : [0, 1, 2, 5, 6, 10, 12, 17, 19]
16 : [2, 3, 4, 5, 10, 11, 19]
17 : [1, 2, 3, 7, 15]
18 : [1, 6, 11, 19]
19 : [15, 16, 18]
============================================================
Representation:		IndependentDiscretizationCompactBinary
Features per action:	21
Binary Dimensions:	[ 0  1  2  3  4  5  6  7  8  9 10 11 12 13 14 15 16 17 18 19]
============================================================
Representation:		iFDD
Features per action:	21
Initial Representation:	IndependentDiscretizationCompactBinary
Plus:			1
Sparsify:		1
Cached:			1
Online Threshold:	300.000
Batch Threshold:		300.000
Max Batch Discovery:	20
============================================================
Agent:		RE_LSPI
Policy:		eGreedy
Max LSPI Iterations:	10
Data Size:		20000
Weight Difference tol.:	0.001
Max Representation Expansion Iterations:	20
============================================================
Experiment:		OnlineExperiment
Output:			././4-results.txt
Learning Steps:		20000
Performance Checks:	1
Log Intervals:		60(s)
Representation Expansion iteration #1
-----------------
Running LSPI:
1: L2_norm of weight difference = 281.962, Density of A: 60.02%
2: L2_norm of weight difference = 54.893, Density of A: 58.40%
3: L2_norm of weight difference = 0.980, Density of A: 58.52%
4: L2_norm of weight difference = 0.002, Density of A: 58.54%
5: L2_norm of weight difference = 0.000, Density of A: 58.54%
Performance Check >>> 515.000 Return, 200 Steps, 21 Features
iFDD Batch: Max Relevance = 327.599
New Feature 1: [7, 12], Relevance = 327.599
New Feature 2: [14, 18], Relevance = 324.794
New Feature 3: [0, 19], Relevance = 324.703
New Feature 4: [2, 14], Relevance = 321.318
New Feature 5: [6, 13], Relevance = 319.891
New Feature 6: [14, 17], Relevance = 318.814
New Feature 7: [13, 16], Relevance = 318.451
New Feature 8: [17, 19], Relevance = 314.550
New Feature 9: [12, 16], Relevance = 312.500
New Feature 10: [0, 4], Relevance = 311.421
New Feature 11: [7, 19], Relevance = 310.941
New Feature 12: [2, 6], Relevance = 307.855
New Feature 13: [2, 19], Relevance = 307.034
New Feature 14: [9, 16], Relevance = 305.935
New Feature 15: [0, 3], Relevance = 305.105
New Feature 16: [6, 8], Relevance = 304.168
New Feature 17: [10, 13], Relevance = 303.618
New Feature 18: [9, 17], Relevance = 302.641
New Feature 19: [5, 6], Relevance = 302.541
New Feature 20: [8, 12], Relevance = 300.502
Representation Expansion iteration #2
-----------------
Running LSPI:
1: L2_norm of weight difference = 19602.644, Density of A: 21.76%
2: L2_norm of weight difference = 19487.152, Density of A: 19.24%
3: L2_norm of weight difference = 529.196, Density of A: 19.51%
4: L2_norm of weight difference = 2018.175, Density of A: 20.94%
5: L2_norm of weight difference = 1494.887, Density of A: 19.18%
6: L2_norm of weight difference = 574.093, Density of A: 19.80%
7: L2_norm of weight difference = 1858.969, Density of A: 21.16%
8: L2_norm of weight difference = 1291.035, Density of A: 19.32%
9: L2_norm of weight difference = 537.889, Density of A: 19.58%
10: L2_norm of weight difference = 1958.376, Density of A: 20.86%
Performance Check >>> 421.250 Return, 200 Steps, 41 Features
iFDD Batch: Max Relevance = 140.632
20000: E[0:22:15]-R[0:00:00]: Return=501.25, Steps=200, Features = 41
20000 >>> E[0:22:16]-R[0:00:00]: Return=364.50, Steps=200, Features = 41
============================================================
Took 0:22:16
Results	=> ././4-results.txt
Log	=> ././4-out.txt
