============================================================
Domain:		SystemAdministrator
Dimensions:	20
|S|:		1048576
|A|:		21
|S|x|A|:		22020096
Episode Cap:	200
Gamma:		0.95
Computers:	20
Edges:		[(0, 15), (0, 10), (0, 7), (0, 14), (0, 12), (1, 3), (1, 15), (1, 5), (1, 17), (1, 18), (1, 10), (2, 17), (2, 15), (2, 16), (2, 4), (2, 8), (2, 7), (3, 17), (3, 16), (4, 16), (4, 5), (4, 11), (4, 13), (5, 16), (5, 15), (5, 10), (5, 12), (5, 11), (5, 13), (6, 15), (6, 10), (6, 11), (6, 12), (6, 18), (7, 17), (7, 8), (7, 9), (7, 14), (8, 10), (8, 11), (9, 10), (9, 11), (9, 13), (10, 15), (10, 16), (10, 12), (11, 16), (11, 18), (11, 14), (12, 15), (15, 17), (15, 19), (16, 19), (18, 19)]
Neighbors:
0 : [15, 10, 7, 14, 12]
1 : [3, 15, 5, 17, 18, 10]
2 : [17, 15, 16, 4, 8, 7]
3 : [1, 17, 16]
4 : [2, 16, 5, 11, 13]
5 : [1, 4, 16, 15, 10, 12, 11, 13]
6 : [15, 10, 11, 12, 18]
7 : [0, 2, 17, 8, 9, 14]
8 : [2, 7, 10, 11]
9 : [7, 10, 11, 13]
10 : [0, 1, 5, 6, 8, 9, 15, 16, 12]
11 : [4, 5, 6, 8, 9, 16, 18, 14]
12 : [0, 5, 6, 10, 15]
13 : [4, 5, 9]
14 : [0, 7, 11]
15 : [0, 1, 2, 5, 6, 10, 12, 17, 19]
16 : [2, 3, 4, 5, 10, 11, 19]
17 : [1, 2, 3, 7, 15]
18 : [1, 6, 11, 19]
19 : [15, 16, 18]
============================================================
Representation:		IndependentDiscretizationCompactBinary
Features per action:	21
Binary Dimensions:	[ 0  1  2  3  4  5  6  7  8  9 10 11 12 13 14 15 16 17 18 19]
============================================================
Representation:		iFDD
Features per action:	21
Initial Representation:	IndependentDiscretizationCompactBinary
Plus:			1
Sparsify:		1
Cached:			1
Online Threshold:	300.000
Batch Threshold:		300.000
Max Batch Discovery:	20
============================================================
Agent:		RE_LSPI
Policy:		eGreedy
Max LSPI Iterations:	10
Data Size:		20000
Weight Difference tol.:	0.001
Max Representation Expansion Iterations:	20
============================================================
Experiment:		OnlineExperiment
Output:			././5-results.txt
Learning Steps:		20000
Performance Checks:	1
Log Intervals:		60(s)
Representation Expansion iteration #1
-----------------
Running LSPI:
1: L2_norm of weight difference = 337.312, Density of A: 57.93%
2: L2_norm of weight difference = 90.680, Density of A: 60.84%
3: L2_norm of weight difference = 1.583, Density of A: 60.86%
4: L2_norm of weight difference = 0.003, Density of A: 60.85%
5: L2_norm of weight difference = 0.000, Density of A: 60.73%
Performance Check >>> 659.000 Return, 200 Steps, 21 Features
iFDD Batch: Max Relevance = 427.145
New Feature 1: [13, 18], Relevance = 427.145
New Feature 2: [1, 11], Relevance = 421.243
New Feature 3: [6, 13], Relevance = 406.293
New Feature 4: [3, 18], Relevance = 398.356
New Feature 5: [3, 10], Relevance = 396.844
New Feature 6: [12, 14], Relevance = 394.973
New Feature 7: [12, 13], Relevance = 391.102
New Feature 8: [4, 10], Relevance = 388.180
New Feature 9: [17, 18], Relevance = 387.718
New Feature 10: [3, 5], Relevance = 385.831
New Feature 11: [3, 11], Relevance = 384.537
New Feature 12: [0, 13], Relevance = 384.516
New Feature 13: [9, 18], Relevance = 383.289
New Feature 14: [5, 14], Relevance = 381.381
New Feature 15: [1, 19], Relevance = 379.978
New Feature 16: [8, 13], Relevance = 379.782
New Feature 17: [3, 6], Relevance = 379.421
New Feature 18: [4, 12], Relevance = 375.521
New Feature 19: [6, 7], Relevance = 375.132
New Feature 20: [2, 12], Relevance = 374.885
Representation Expansion iteration #2
-----------------
Running LSPI:
1: L2_norm of weight difference = 5596.666, Density of A: 21.17%
2: L2_norm of weight difference = 5467.179, Density of A: 18.52%
3: L2_norm of weight difference = 688.724, Density of A: 20.25%
4: L2_norm of weight difference = 1770.056, Density of A: 20.16%
5: L2_norm of weight difference = 1096.334, Density of A: 18.59%
6: L2_norm of weight difference = 771.503, Density of A: 20.30%
7: L2_norm of weight difference = 1713.419, Density of A: 20.38%
8: L2_norm of weight difference = 944.462, Density of A: 18.53%
9: L2_norm of weight difference = 764.298, Density of A: 20.08%
10: L2_norm of weight difference = 1759.747, Density of A: 19.88%
Performance Check >>> 367.750 Return, 200 Steps, 41 Features
iFDD Batch: Max Relevance = 222.517
20000: E[0:19:51]-R[0:00:00]: Return=512.75, Steps=200, Features = 41
20000 >>> E[0:19:51]-R[0:00:00]: Return=331.25, Steps=200, Features = 41
============================================================
Took 0:19:51
Results	=> ././5-results.txt
Log	=> ././5-out.txt
