============================================================
Domain:		PST
Dimensions:	12
|S|:		5451776
|A|:		27
|S|x|A|:		147197952
Episode Cap:	1000
Gamma:		0.9
NUM_UAV:		3
============================================================
Representation:		IndependentDiscretizationCompactBinary
Features per action:	52
Binary Dimensions:	[ 6  7  8  9 10 11]
============================================================
Representation:		iFDD
Features per action:	52
Initial Representation:	IndependentDiscretizationCompactBinary
Plus:			1
Sparsify:		1
Cached:			1
Online Threshold:	45.000
Batch Threshold:		45.000
Max Batch Discovery:	20
============================================================
Agent:		SARSA
Policy:		eGreedy
Alpha_0:		0.10
============================================================
Experiment:		OnlineExperiment
Output:			././16-results.txt
Learning Steps:		100000
Performance Checks:	10
Log Intervals:		60(s)
7018: E[0:01:00]-R[0:13:16]: Return=-63.00, Steps=16, Features = 1121
10000 >>> E[0:01:31]-R[0:13:39]: Return=-105.00, Steps=28, Features = 1421
15257: E[0:02:31]-R[0:13:59]: Return=-53.00, Steps=10, Features = 1813
20000 >>> E[0:03:31]-R[0:14:05]: Return=-21.00, Steps=1000, Features = 2097
24884: E[0:04:31]-R[0:13:39]: Return=-58.00, Steps=11, Features = 2381
29655: E[0:05:31]-R[0:13:06]: Return=-59.00, Steps=14, Features = 2668
30000 >>> E[0:05:36]-R[0:13:05]: Return=-66.00, Steps=36, Features = 2697
34657: E[0:06:37]-R[0:12:28]: Return=-30.00, Steps=19, Features = 2948
39214: E[0:07:37]-R[0:11:48]: Return=61.00, Steps=68, Features = 3223
40000 >>> E[0:07:48]-R[0:11:42]: Return=-36.00, Steps=11, Features = 3274
44487: E[0:08:48]-R[0:10:59]: Return=-48.00, Steps=32, Features = 3484
48626: E[0:09:48]-R[0:10:21]: Return=3.00, Steps=13, Features = 3678
50000 >>> E[0:10:09]-R[0:10:09]: Return=-40.00, Steps=16, Features = 3752
54170: E[0:11:09]-R[0:09:26]: Return=20.00, Steps=33, Features = 3946
58434: E[0:12:09]-R[0:08:39]: Return=4.00, Steps=29, Features = 4133
60000 >>> E[0:12:30]-R[0:08:20]: Return=-54.00, Steps=12, Features = 4231
64673: E[0:13:30]-R[0:07:23]: Return=-46.00, Steps=53, Features = 4413
69226: E[0:14:30]-R[0:06:27]: Return=-56.00, Steps=10, Features = 4573
70000 >>> E[0:14:41]-R[0:06:17]: Return=-15.00, Steps=12, Features = 4598
74339: E[0:15:41]-R[0:05:25]: Return=35.00, Steps=22, Features = 4790
78738: E[0:16:41]-R[0:04:30]: Return=30.00, Steps=58, Features = 4967
80000 >>> E[0:16:59]-R[0:04:15]: Return=-59.00, Steps=73, Features = 5036
84446: E[0:17:59]-R[0:03:19]: Return=100.00, Steps=20, Features = 5184
88634: E[0:18:59]-R[0:02:26]: Return=-10.00, Steps=41, Features = 5364
90000 >>> E[0:19:18]-R[0:02:09]: Return=-61.00, Steps=16, Features = 5412
94197: E[0:20:18]-R[0:01:15]: Return=41.00, Steps=13, Features = 5563
98389: E[0:21:18]-R[0:00:21]: Return=-41.00, Steps=23, Features = 5707
100000 >>> E[0:21:42]-R[0:00:00]: Return=-19.00, Steps=13, Features = 5764
============================================================
Took 0:21:42
Results	=> ././16-results.txt
Log	=> ././16-out.txt
