============================================================
Domain:		PST
Dimensions:	12
|S|:		5451776
|A|:		27
|S|x|A|:		147197952
Episode Cap:	1000
Gamma:		0.9
NUM_UAV:		3
============================================================
Representation:		IndependentDiscretizationCompactBinary
Features per action:	52
Binary Dimensions:	[ 6  7  8  9 10 11]
============================================================
Representation:		iFDD
Features per action:	52
Initial Representation:	IndependentDiscretizationCompactBinary
Plus:			1
Sparsify:		1
Cached:			1
Online Threshold:	45.000
Batch Threshold:		45.000
Max Batch Discovery:	20
============================================================
Agent:		SARSA
Policy:		eGreedy
Alpha_0:		0.10
============================================================
Experiment:		OnlineExperiment
Output:			././17-results.txt
Learning Steps:		100000
Performance Checks:	10
Log Intervals:		60(s)
10000 >>> E[0:00:56]-R[0:08:26]: Return=-70.00, Steps=12, Features = 1404
17874: E[0:01:56]-R[0:08:54]: Return=-34.00, Steps=31, Features = 1896
20000 >>> E[0:02:14]-R[0:08:54]: Return=-113.00, Steps=33, Features = 2007
27654: E[0:03:14]-R[0:08:27]: Return=-60.00, Steps=14, Features = 2453
30000 >>> E[0:03:33]-R[0:08:16]: Return=-60.00, Steps=13, Features = 2535
36639: E[0:04:33]-R[0:07:52]: Return=20.00, Steps=14, Features = 2884
40000 >>> E[0:05:05]-R[0:07:37]: Return=-74.00, Steps=34, Features = 3039
46628: E[0:06:05]-R[0:06:58]: Return=-111.00, Steps=43, Features = 3368
50000 >>> E[0:06:37]-R[0:06:37]: Return=-36.00, Steps=13, Features = 3529
55877: E[0:07:37]-R[0:06:01]: Return=-54.00, Steps=12, Features = 3800
60000 >>> E[0:08:19]-R[0:05:33]: Return=-6.00, Steps=21, Features = 3948
66464: E[0:09:19]-R[0:04:42]: Return=-71.00, Steps=10, Features = 4227
70000 >>> E[0:09:51]-R[0:04:13]: Return=58.00, Steps=25, Features = 4349
76730: E[0:10:51]-R[0:03:17]: Return=-36.00, Steps=26, Features = 4550
80000 >>> E[0:11:21]-R[0:02:50]: Return=-75.00, Steps=12, Features = 4654
86606: E[0:12:21]-R[0:01:55]: Return=-67.00, Steps=19, Features = 4857
90000 >>> E[0:12:52]-R[0:01:26]: Return=6.00, Steps=10, Features = 4956
96342: E[0:13:52]-R[0:00:32]: Return=-74.00, Steps=12, Features = 5163
100000 >>> E[0:14:27]-R[0:00:00]: Return=44.00, Steps=14, Features = 5307
============================================================
Took 0:14:27
Results	=> ././17-results.txt
Log	=> ././17-out.txt
