000 (13704.000.000) 01/21 04:16:17 Job submitted from host: <128.30.112.18:46685>
...
001 (13704.000.000) 01/21 04:16:33 Job executing on host: <128.30.113.101:38623>
...
006 (13704.000.000) 01/21 04:16:42 Image size of job updated: 207604
	28  -  MemoryUsage of job (MB)
	28260  -  ResidentSetSize of job (KB)
...
006 (13704.000.000) 01/21 04:20:05 Image size of job updated: 243156
	28  -  MemoryUsage of job (MB)
	28260  -  ResidentSetSize of job (KB)
...
005 (13704.000.000) 01/21 04:20:05 Job terminated.
	(1) Normal termination (return value 0)
		Usr 0 00:03:19, Sys 0 00:00:00  -  Run Remote Usage
		Usr 0 00:00:00, Sys 0 00:00:00  -  Run Local Usage
		Usr 0 00:03:19, Sys 0 00:00:00  -  Total Remote Usage
		Usr 0 00:00:00, Sys 0 00:00:00  -  Total Local Usage
	0  -  Run Bytes Sent By Job
	0  -  Run Bytes Received By Job
	0  -  Total Bytes Sent By Job
	0  -  Total Bytes Received By Job
	Partitionable Resources :    Usage  Request          
	   Cpus                 :                 1          
	   Disk (KB)            :     2750     2750          
	   Memory (MB)          :       28       28          
...
