000 (13701.000.000) 01/21 04:16:17 Job submitted from host: <128.30.112.18:46685>
...
001 (13701.000.000) 01/21 04:16:34 Job executing on host: <128.30.66.164:41719>
...
006 (13701.000.000) 01/21 04:16:42 Image size of job updated: 287656
	47  -  MemoryUsage of job (MB)
	47744  -  ResidentSetSize of job (KB)
...
006 (13701.000.000) 01/21 04:19:57 Image size of job updated: 296620
	47  -  MemoryUsage of job (MB)
	47744  -  ResidentSetSize of job (KB)
...
005 (13701.000.000) 01/21 04:19:57 Job terminated.
	(1) Normal termination (return value 0)
		Usr 0 00:03:20, Sys 0 00:00:00  -  Run Remote Usage
		Usr 0 00:00:00, Sys 0 00:00:00  -  Run Local Usage
		Usr 0 00:03:20, Sys 0 00:00:00  -  Total Remote Usage
		Usr 0 00:00:00, Sys 0 00:00:00  -  Total Local Usage
	0  -  Run Bytes Sent By Job
	0  -  Run Bytes Received By Job
	0  -  Total Bytes Sent By Job
	0  -  Total Bytes Received By Job
	Partitionable Resources :    Usage  Request          
	   Cpus                 :                 1          
	   Disk (KB)            :     2750     2750          
	   Memory (MB)          :       47       47          
...
