000 (13499.000.000) 01/20 19:09:43 Job submitted from host: <128.30.112.18:46685>
...
001 (13499.000.000) 01/20 19:10:03 Job executing on host: <128.30.66.165:41096>
...
006 (13499.000.000) 01/20 19:10:11 Image size of job updated: 288608
	48  -  MemoryUsage of job (MB)
	48532  -  ResidentSetSize of job (KB)
...
006 (13499.000.000) 01/20 19:15:11 Image size of job updated: 418140
	175  -  MemoryUsage of job (MB)
	178212  -  ResidentSetSize of job (KB)
...
006 (13499.000.000) 01/20 19:20:12 Image size of job updated: 474196
	228  -  MemoryUsage of job (MB)
	232520  -  ResidentSetSize of job (KB)
...
006 (13499.000.000) 01/20 19:20:34 Image size of job updated: 480324
	228  -  MemoryUsage of job (MB)
	232520  -  ResidentSetSize of job (KB)
...
005 (13499.000.000) 01/20 19:20:34 Job terminated.
	(1) Normal termination (return value 0)
		Usr 0 00:10:10, Sys 0 00:00:07  -  Run Remote Usage
		Usr 0 00:00:00, Sys 0 00:00:00  -  Run Local Usage
		Usr 0 00:10:10, Sys 0 00:00:07  -  Total Remote Usage
		Usr 0 00:00:00, Sys 0 00:00:00  -  Total Local Usage
	0  -  Run Bytes Sent By Job
	0  -  Run Bytes Received By Job
	0  -  Total Bytes Sent By Job
	0  -  Total Bytes Received By Job
	Partitionable Resources :    Usage  Request          
	   Cpus                 :                 1          
	   Disk (KB)            :     2750     2750          
	   Memory (MB)          :      228      228          
...
