000 (13502.000.000) 01/20 19:09:44 Job submitted from host: <128.30.112.18:46685>
...
001 (13502.000.000) 01/20 19:10:03 Job executing on host: <128.30.66.169:43926>
...
006 (13502.000.000) 01/20 19:10:12 Image size of job updated: 297692
	57  -  MemoryUsage of job (MB)
	57728  -  ResidentSetSize of job (KB)
...
006 (13502.000.000) 01/20 19:15:13 Image size of job updated: 423008
	180  -  MemoryUsage of job (MB)
	183420  -  ResidentSetSize of job (KB)
...
006 (13502.000.000) 01/20 19:19:28 Image size of job updated: 472708
	180  -  MemoryUsage of job (MB)
	183420  -  ResidentSetSize of job (KB)
...
005 (13502.000.000) 01/20 19:19:28 Job terminated.
	(1) Normal termination (return value 0)
		Usr 0 00:09:12, Sys 0 00:00:06  -  Run Remote Usage
		Usr 0 00:00:00, Sys 0 00:00:00  -  Run Local Usage
		Usr 0 00:09:12, Sys 0 00:00:06  -  Total Remote Usage
		Usr 0 00:00:00, Sys 0 00:00:00  -  Total Local Usage
	0  -  Run Bytes Sent By Job
	0  -  Run Bytes Received By Job
	0  -  Total Bytes Sent By Job
	0  -  Total Bytes Received By Job
	Partitionable Resources :    Usage  Request          
	   Cpus                 :                 1          
	   Disk (KB)            :     2750     2750          
	   Memory (MB)          :      180      180          
...
