000 (13494.000.000) 01/20 19:09:43 Job submitted from host: <128.30.112.18:46685>
...
001 (13494.000.000) 01/20 19:10:03 Job executing on host: <128.30.66.169:43926>
...
006 (13494.000.000) 01/20 19:10:11 Image size of job updated: 300352
	60  -  MemoryUsage of job (MB)
	60628  -  ResidentSetSize of job (KB)
...
006 (13494.000.000) 01/20 19:15:11 Image size of job updated: 417044
	174  -  MemoryUsage of job (MB)
	177292  -  ResidentSetSize of job (KB)
...
006 (13494.000.000) 01/20 19:19:07 Image size of job updated: 469576
	174  -  MemoryUsage of job (MB)
	177292  -  ResidentSetSize of job (KB)
...
005 (13494.000.000) 01/20 19:19:07 Job terminated.
	(1) Normal termination (return value 0)
		Usr 0 00:08:43, Sys 0 00:00:05  -  Run Remote Usage
		Usr 0 00:00:00, Sys 0 00:00:00  -  Run Local Usage
		Usr 0 00:08:43, Sys 0 00:00:05  -  Total Remote Usage
		Usr 0 00:00:00, Sys 0 00:00:00  -  Total Local Usage
	0  -  Run Bytes Sent By Job
	0  -  Run Bytes Received By Job
	0  -  Total Bytes Sent By Job
	0  -  Total Bytes Received By Job
	Partitionable Resources :    Usage  Request          
	   Cpus                 :                 1          
	   Disk (KB)            :     2750     2750          
	   Memory (MB)          :      174      174          
...
