000 (440013.000.000) 02/04 18:25:18 Job submitted from host: <128.30.112.26:56169>
...
001 (440013.000.000) 02/05 01:26:53 Job executing on host: <128.30.113.71:37774>
...
006 (440013.000.000) 02/05 01:27:01 Image size of job updated: 271184
	52  -  MemoryUsage of job (MB)
	52904  -  ResidentSetSize of job (KB)
...
006 (440013.000.000) 02/05 01:29:00 Image size of job updated: 271700
	52  -  MemoryUsage of job (MB)
	52904  -  ResidentSetSize of job (KB)
...
005 (440013.000.000) 02/05 01:29:00 Job terminated.
	(1) Normal termination (return value 0)
		Usr 0 00:01:51, Sys 0 00:00:00  -  Run Remote Usage
		Usr 0 00:00:00, Sys 0 00:00:00  -  Run Local Usage
		Usr 0 00:01:51, Sys 0 00:00:00  -  Total Remote Usage
		Usr 0 00:00:00, Sys 0 00:00:00  -  Total Local Usage
	0  -  Run Bytes Sent By Job
	0  -  Run Bytes Received By Job
	0  -  Total Bytes Sent By Job
	0  -  Total Bytes Received By Job
	Partitionable Resources :    Usage  Request          
	   Cpus                 :                 1          
	   Disk (KB)            :     2750     2750          
	   Memory (MB)          :       52       52          
...
