000 (440017.000.000) 02/04 18:25:19 Job submitted from host: <128.30.112.26:56169>
...
001 (440017.000.000) 02/05 01:35:25 Job executing on host: <128.30.113.71:37774>
...
006 (440017.000.000) 02/05 01:35:33 Image size of job updated: 257728
	39  -  MemoryUsage of job (MB)
	39480  -  ResidentSetSize of job (KB)
...
006 (440017.000.000) 02/05 01:37:28 Image size of job updated: 271684
	39  -  MemoryUsage of job (MB)
	39480  -  ResidentSetSize of job (KB)
...
005 (440017.000.000) 02/05 01:37:28 Job terminated.
	(1) Normal termination (return value 0)
		Usr 0 00:01:50, Sys 0 00:00:00  -  Run Remote Usage
		Usr 0 00:00:00, Sys 0 00:00:00  -  Run Local Usage
		Usr 0 00:01:50, Sys 0 00:00:00  -  Total Remote Usage
		Usr 0 00:00:00, Sys 0 00:00:00  -  Total Local Usage
	0  -  Run Bytes Sent By Job
	0  -  Run Bytes Received By Job
	0  -  Total Bytes Sent By Job
	0  -  Total Bytes Received By Job
	Partitionable Resources :    Usage  Request          
	   Cpus                 :                 1          
	   Disk (KB)            :     2750     2750          
	   Memory (MB)          :       39       39          
...
