000 (440018.000.000) 02/04 18:25:19 Job submitted from host: <128.30.112.26:56169>
...
001 (440018.000.000) 02/05 01:37:28 Job executing on host: <128.30.113.71:37774>
...
006 (440018.000.000) 02/05 01:37:36 Image size of job updated: 257736
	39  -  MemoryUsage of job (MB)
	39488  -  ResidentSetSize of job (KB)
...
006 (440018.000.000) 02/05 01:39:19 Image size of job updated: 271692
	39  -  MemoryUsage of job (MB)
	39488  -  ResidentSetSize of job (KB)
...
005 (440018.000.000) 02/05 01:39:19 Job terminated.
	(1) Normal termination (return value 0)
		Usr 0 00:01:46, Sys 0 00:00:00  -  Run Remote Usage
		Usr 0 00:00:00, Sys 0 00:00:00  -  Run Local Usage
		Usr 0 00:01:46, Sys 0 00:00:00  -  Total Remote Usage
		Usr 0 00:00:00, Sys 0 00:00:00  -  Total Local Usage
	0  -  Run Bytes Sent By Job
	0  -  Run Bytes Received By Job
	0  -  Total Bytes Sent By Job
	0  -  Total Bytes Received By Job
	Partitionable Resources :    Usage  Request          
	   Cpus                 :                 1          
	   Disk (KB)            :     2750     2750          
	   Memory (MB)          :       39       39          
...
