000 (439537.000.000) 02/01 13:22:06 Job submitted from host: <128.30.112.26:58460>
...
001 (439537.000.000) 02/01 13:22:27 Job executing on host: <128.30.113.108:51545>
...
006 (439537.000.000) 02/01 13:22:28 Image size of job updated: 75504
	0  -  MemoryUsage of job (MB)
	0  -  ResidentSetSize of job (KB)
...
005 (439537.000.000) 02/01 13:22:28 Job terminated.
	(1) Normal termination (return value 1)
		Usr 0 00:00:00, Sys 0 00:00:00  -  Run Remote Usage
		Usr 0 00:00:00, Sys 0 00:00:00  -  Run Local Usage
		Usr 0 00:00:00, Sys 0 00:00:00  -  Total Remote Usage
		Usr 0 00:00:00, Sys 0 00:00:00  -  Total Local Usage
	0  -  Run Bytes Sent By Job
	0  -  Run Bytes Received By Job
	0  -  Total Bytes Sent By Job
	0  -  Total Bytes Received By Job
	Partitionable Resources :    Usage  Request          
	   Cpus                 :                 1          
	   Disk (KB)            :     2750     2750          
	   Memory (MB)          :        0        0          
...
000 (439548.000.000) 02/01 14:16:51 Job submitted from host: <128.30.112.26:58460>
...
001 (439548.000.000) 02/01 14:17:55 Job executing on host: <128.30.113.105:38521>
...
006 (439548.000.000) 02/01 14:18:03 Image size of job updated: 2750
	3  -  MemoryUsage of job (MB)
	2216  -  ResidentSetSize of job (KB)
...
006 (439548.000.000) 02/01 14:20:37 Image size of job updated: 253372
	3  -  MemoryUsage of job (MB)
	2216  -  ResidentSetSize of job (KB)
...
005 (439548.000.000) 02/01 14:20:37 Job terminated.
	(1) Normal termination (return value 0)
		Usr 0 00:02:28, Sys 0 00:00:00  -  Run Remote Usage
		Usr 0 00:00:00, Sys 0 00:00:00  -  Run Local Usage
		Usr 0 00:02:28, Sys 0 00:00:00  -  Total Remote Usage
		Usr 0 00:00:00, Sys 0 00:00:00  -  Total Local Usage
	0  -  Run Bytes Sent By Job
	0  -  Run Bytes Received By Job
	0  -  Total Bytes Sent By Job
	0  -  Total Bytes Received By Job
	Partitionable Resources :    Usage  Request          
	   Cpus                 :                 1          
	   Disk (KB)            :     2750     2750          
	   Memory (MB)          :        3        3          
...
