000 (439520.000.000) 02/01 13:22:04 Job submitted from host: <128.30.112.26:58460>
...
001 (439520.000.000) 02/01 13:22:06 Job executing on host: <128.30.113.105:38521>
...
006 (439520.000.000) 02/01 13:22:15 Image size of job updated: 203660
	24  -  MemoryUsage of job (MB)
	24320  -  ResidentSetSize of job (KB)
...
006 (439520.000.000) 02/01 13:25:30 Image size of job updated: 253372
	24  -  MemoryUsage of job (MB)
	24320  -  ResidentSetSize of job (KB)
...
005 (439520.000.000) 02/01 13:25:30 Job terminated.
	(1) Normal termination (return value 0)
		Usr 0 00:03:14, Sys 0 00:00:00  -  Run Remote Usage
		Usr 0 00:00:00, Sys 0 00:00:00  -  Run Local Usage
		Usr 0 00:03:14, Sys 0 00:00:00  -  Total Remote Usage
		Usr 0 00:00:00, Sys 0 00:00:00  -  Total Local Usage
	0  -  Run Bytes Sent By Job
	0  -  Run Bytes Received By Job
	0  -  Total Bytes Sent By Job
	0  -  Total Bytes Received By Job
	Partitionable Resources :    Usage  Request          
	   Cpus                 :                 1          
	   Disk (KB)            :     2750     2750          
	   Memory (MB)          :       24       24          
...
