000 (13544.000.000) 01/20 19:10:22 Job submitted from host: <128.30.112.18:46685>
...
001 (13544.000.000) 01/20 19:10:25 Job executing on host: <128.30.66.165:41096>
...
006 (13544.000.000) 01/20 19:10:33 Image size of job updated: 2750
	3  -  MemoryUsage of job (MB)
	2220  -  ResidentSetSize of job (KB)
...
006 (13544.000.000) 01/20 19:14:03 Image size of job updated: 330796
	3  -  MemoryUsage of job (MB)
	2220  -  ResidentSetSize of job (KB)
...
005 (13544.000.000) 01/20 19:14:03 Job terminated.
	(1) Normal termination (return value 0)
		Usr 0 00:03:23, Sys 0 00:00:00  -  Run Remote Usage
		Usr 0 00:00:00, Sys 0 00:00:00  -  Run Local Usage
		Usr 0 00:03:23, Sys 0 00:00:00  -  Total Remote Usage
		Usr 0 00:00:00, Sys 0 00:00:00  -  Total Local Usage
	0  -  Run Bytes Sent By Job
	0  -  Run Bytes Received By Job
	0  -  Total Bytes Sent By Job
	0  -  Total Bytes Received By Job
	Partitionable Resources :    Usage  Request          
	   Cpus                 :                 1          
	   Disk (KB)            :     2750     2750          
	   Memory (MB)          :        3        3          
...
