000 (13552.000.000) 01/20 19:10:24 Job submitted from host: <128.30.112.18:46685>
...
001 (13552.000.000) 01/20 19:10:33 Job executing on host: <128.30.66.167:50426>
...
006 (13552.000.000) 01/20 19:10:41 Image size of job updated: 99840
	5  -  MemoryUsage of job (MB)
	4416  -  ResidentSetSize of job (KB)
...
005 (13552.000.000) 01/20 19:10:43 Job terminated.
	(0) Abnormal termination (signal 9)
	(0) No core file
		Usr 0 00:00:00, Sys 0 00:00:00  -  Run Remote Usage
		Usr 0 00:00:00, Sys 0 00:00:00  -  Run Local Usage
		Usr 0 00:00:00, Sys 0 00:00:00  -  Total Remote Usage
		Usr 0 00:00:00, Sys 0 00:00:00  -  Total Local Usage
	0  -  Run Bytes Sent By Job
	0  -  Run Bytes Received By Job
	0  -  Total Bytes Sent By Job
	0  -  Total Bytes Received By Job
	Partitionable Resources :    Usage  Request          
	   Cpus                 :                 1          
	   Disk (KB)            :     2750     2750          
	   Memory (MB)          :        5        5          
...
