000 (13541.000.000) 01/20 19:10:22 Job submitted from host: <128.30.112.18:46685>
...
001 (13541.000.000) 01/20 19:10:25 Job executing on host: <128.30.66.170:39331>
...
006 (13541.000.000) 01/20 19:10:33 Image size of job updated: 284780
	44  -  MemoryUsage of job (MB)
	45040  -  ResidentSetSize of job (KB)
...
006 (13541.000.000) 01/20 19:15:33 Image size of job updated: 326000
	84  -  MemoryUsage of job (MB)
	85892  -  ResidentSetSize of job (KB)
...
006 (13541.000.000) 01/20 19:16:18 Image size of job updated: 328612
	84  -  MemoryUsage of job (MB)
	85892  -  ResidentSetSize of job (KB)
...
005 (13541.000.000) 01/20 19:16:18 Job terminated.
	(1) Normal termination (return value 0)
		Usr 0 00:05:46, Sys 0 00:00:00  -  Run Remote Usage
		Usr 0 00:00:00, Sys 0 00:00:00  -  Run Local Usage
		Usr 0 00:05:46, Sys 0 00:00:00  -  Total Remote Usage
		Usr 0 00:00:00, Sys 0 00:00:00  -  Total Local Usage
	0  -  Run Bytes Sent By Job
	0  -  Run Bytes Received By Job
	0  -  Total Bytes Sent By Job
	0  -  Total Bytes Received By Job
	Partitionable Resources :    Usage  Request          
	   Cpus                 :                 1          
	   Disk (KB)            :     2750     2750          
	   Memory (MB)          :       84       84          
...
