000 (14819.000.000) 01/22 19:10:23 Job submitted from host: <128.30.112.18:46685>
...
001 (14819.000.000) 01/22 19:10:29 Job executing on host: <128.30.66.167:50426>
...
006 (14819.000.000) 01/22 19:10:38 Image size of job updated: 273084
	40  -  MemoryUsage of job (MB)
	40276  -  ResidentSetSize of job (KB)
...
006 (14819.000.000) 01/22 19:15:39 Image size of job updated: 308776
	68  -  MemoryUsage of job (MB)
	69392  -  ResidentSetSize of job (KB)
...
006 (14819.000.000) 01/22 19:20:39 Image size of job updated: 310548
	70  -  MemoryUsage of job (MB)
	71240  -  ResidentSetSize of job (KB)
...
006 (14819.000.000) 01/22 19:24:04 Image size of job updated: 313336
	70  -  MemoryUsage of job (MB)
	71240  -  ResidentSetSize of job (KB)
...
005 (14819.000.000) 01/22 19:24:04 Job terminated.
	(1) Normal termination (return value 0)
		Usr 0 00:13:24, Sys 0 00:00:01  -  Run Remote Usage
		Usr 0 00:00:00, Sys 0 00:00:00  -  Run Local Usage
		Usr 0 00:13:24, Sys 0 00:00:01  -  Total Remote Usage
		Usr 0 00:00:00, Sys 0 00:00:00  -  Total Local Usage
	0  -  Run Bytes Sent By Job
	0  -  Run Bytes Received By Job
	0  -  Total Bytes Sent By Job
	0  -  Total Bytes Received By Job
	Partitionable Resources :    Usage  Request          
	   Cpus                 :                 1          
	   Disk (KB)            :     2750     2750          
	   Memory (MB)          :       70       70          
...
