000 (14828.000.000) 01/22 19:10:24 Job submitted from host: <128.30.112.18:46685>
...
001 (14828.000.000) 01/22 19:10:30 Job executing on host: <128.30.66.165:41096>
...
006 (14828.000.000) 01/22 19:10:39 Image size of job updated: 285048
	45  -  MemoryUsage of job (MB)
	45168  -  ResidentSetSize of job (KB)
...
006 (14828.000.000) 01/22 19:15:40 Image size of job updated: 504832
	161  -  MemoryUsage of job (MB)
	164644  -  ResidentSetSize of job (KB)
...
006 (14828.000.000) 01/22 19:20:41 Image size of job updated: 552968
	257  -  MemoryUsage of job (MB)
	263140  -  ResidentSetSize of job (KB)
...
006 (14828.000.000) 01/22 19:25:41 Image size of job updated: 552968
	307  -  MemoryUsage of job (MB)
	313584  -  ResidentSetSize of job (KB)
...
006 (14828.000.000) 01/22 22:16:00 Image size of job updated: 554340
	307  -  MemoryUsage of job (MB)
	313584  -  ResidentSetSize of job (KB)
...
006 (14828.000.000) 01/22 22:26:00 Image size of job updated: 554340
	308  -  MemoryUsage of job (MB)
	314948  -  ResidentSetSize of job (KB)
...
006 (14828.000.000) 01/22 23:21:07 Image size of job updated: 554340
	308  -  MemoryUsage of job (MB)
	314956  -  ResidentSetSize of job (KB)
...
006 (14828.000.000) 01/22 23:31:08 Image size of job updated: 555856
	308  -  MemoryUsage of job (MB)
	314956  -  ResidentSetSize of job (KB)
...
006 (14828.000.000) 01/23 00:06:11 Image size of job updated: 555856
	309  -  MemoryUsage of job (MB)
	316392  -  ResidentSetSize of job (KB)
...
006 (14828.000.000) 01/23 00:56:16 Image size of job updated: 557392
	311  -  MemoryUsage of job (MB)
	317928  -  ResidentSetSize of job (KB)
...
006 (14828.000.000) 01/23 01:16:17 Image size of job updated: 557392
	311  -  MemoryUsage of job (MB)
	318048  -  ResidentSetSize of job (KB)
...
006 (14828.000.000) 01/23 02:06:23 Image size of job updated: 558736
	311  -  MemoryUsage of job (MB)
	318048  -  ResidentSetSize of job (KB)
...
006 (14828.000.000) 01/23 02:11:23 Image size of job updated: 558736
	312  -  MemoryUsage of job (MB)
	319272  -  ResidentSetSize of job (KB)
...
006 (14828.000.000) 01/23 03:21:30 Image size of job updated: 559772
	312  -  MemoryUsage of job (MB)
	319272  -  ResidentSetSize of job (KB)
...
006 (14828.000.000) 01/23 03:26:30 Image size of job updated: 559772
	313  -  MemoryUsage of job (MB)
	320312  -  ResidentSetSize of job (KB)
...
