000 (14830.000.000) 01/22 19:10:24 Job submitted from host: <128.30.112.18:46685>
...
001 (14830.000.000) 01/22 19:10:30 Job executing on host: <128.30.108.56:54286>
...
006 (14830.000.000) 01/22 19:10:38 Image size of job updated: 169512
	18  -  MemoryUsage of job (MB)
	18000  -  ResidentSetSize of job (KB)
...
006 (14830.000.000) 01/22 19:11:10 Image size of job updated: 211004
	18  -  MemoryUsage of job (MB)
	18000  -  ResidentSetSize of job (KB)
...
005 (14830.000.000) 01/22 19:11:10 Job terminated.
	(1) Normal termination (return value 1)
		Usr 0 00:00:24, Sys 0 00:00:02  -  Run Remote Usage
		Usr 0 00:00:00, Sys 0 00:00:00  -  Run Local Usage
		Usr 0 00:00:24, Sys 0 00:00:02  -  Total Remote Usage
		Usr 0 00:00:00, Sys 0 00:00:00  -  Total Local Usage
	0  -  Run Bytes Sent By Job
	0  -  Run Bytes Received By Job
	0  -  Total Bytes Sent By Job
	0  -  Total Bytes Received By Job
	Partitionable Resources :    Usage  Request          
	   Cpus                 :                 1          
	   Disk (KB)            :     2750     2750          
	   Memory (MB)          :       18       18          
...
