000 (14834.000.000) 01/22 19:10:24 Job submitted from host: <128.30.112.18:46685>
...
001 (14834.000.000) 01/22 19:10:30 Job executing on host: <128.30.66.166:36393>
...
006 (14834.000.000) 01/22 19:10:39 Image size of job updated: 2750
	3  -  MemoryUsage of job (MB)
	2244  -  ResidentSetSize of job (KB)
...
006 (14834.000.000) 01/22 19:15:41 Image size of job updated: 504812
	220  -  MemoryUsage of job (MB)
	225012  -  ResidentSetSize of job (KB)
...
006 (14834.000.000) 01/22 19:20:41 Image size of job updated: 511116
	266  -  MemoryUsage of job (MB)
	271596  -  ResidentSetSize of job (KB)
...
006 (14834.000.000) 01/22 19:25:41 Image size of job updated: 552944
	266  -  MemoryUsage of job (MB)
	271596  -  ResidentSetSize of job (KB)
...
006 (14834.000.000) 01/22 19:35:43 Image size of job updated: 552944
	307  -  MemoryUsage of job (MB)
	313544  -  ResidentSetSize of job (KB)
...
006 (14834.000.000) 01/22 22:00:58 Image size of job updated: 554172
	307  -  MemoryUsage of job (MB)
	313544  -  ResidentSetSize of job (KB)
...
006 (14834.000.000) 01/22 22:15:59 Image size of job updated: 554360
	307  -  MemoryUsage of job (MB)
	313544  -  ResidentSetSize of job (KB)
...
006 (14834.000.000) 01/22 22:21:00 Image size of job updated: 554360
	308  -  MemoryUsage of job (MB)
	314896  -  ResidentSetSize of job (KB)
...
006 (14834.000.000) 01/22 22:51:04 Image size of job updated: 554360
	308  -  MemoryUsage of job (MB)
	314916  -  ResidentSetSize of job (KB)
...
006 (14834.000.000) 01/22 23:21:07 Image size of job updated: 555852
	308  -  MemoryUsage of job (MB)
	314916  -  ResidentSetSize of job (KB)
...
006 (14834.000.000) 01/22 23:31:09 Image size of job updated: 555852
	309  -  MemoryUsage of job (MB)
	316388  -  ResidentSetSize of job (KB)
...
006 (14834.000.000) 01/23 00:46:16 Image size of job updated: 558216
	309  -  MemoryUsage of job (MB)
	316388  -  ResidentSetSize of job (KB)
...
006 (14834.000.000) 01/23 01:16:19 Image size of job updated: 558216
	312  -  MemoryUsage of job (MB)
	318752  -  ResidentSetSize of job (KB)
...
