000 (14821.000.000) 01/22 19:10:23 Job submitted from host: <128.30.112.18:46685>
...
001 (14821.000.000) 01/22 19:10:30 Job executing on host: <128.30.66.166:36393>
...
006 (14821.000.000) 01/22 19:10:38 Image size of job updated: 90964
	15  -  MemoryUsage of job (MB)
	15240  -  ResidentSetSize of job (KB)
...
006 (14821.000.000) 01/22 19:15:38 Image size of job updated: 504776
	169  -  MemoryUsage of job (MB)
	172668  -  ResidentSetSize of job (KB)
...
006 (14821.000.000) 01/22 19:20:39 Image size of job updated: 511080
	266  -  MemoryUsage of job (MB)
	271500  -  ResidentSetSize of job (KB)
...
006 (14821.000.000) 01/22 19:25:40 Image size of job updated: 552908
	266  -  MemoryUsage of job (MB)
	271500  -  ResidentSetSize of job (KB)
...
006 (14821.000.000) 01/22 19:30:40 Image size of job updated: 552908
	305  -  MemoryUsage of job (MB)
	311548  -  ResidentSetSize of job (KB)
...
006 (14821.000.000) 01/22 19:35:41 Image size of job updated: 552908
	307  -  MemoryUsage of job (MB)
	313500  -  ResidentSetSize of job (KB)
...
006 (14821.000.000) 01/22 22:00:58 Image size of job updated: 554456
	307  -  MemoryUsage of job (MB)
	313500  -  ResidentSetSize of job (KB)
...
006 (14821.000.000) 01/22 22:10:59 Image size of job updated: 554456
	308  -  MemoryUsage of job (MB)
	315048  -  ResidentSetSize of job (KB)
...
006 (14821.000.000) 01/22 22:41:02 Image size of job updated: 554456
	308  -  MemoryUsage of job (MB)
	315056  -  ResidentSetSize of job (KB)
...
006 (14821.000.000) 01/22 23:06:05 Image size of job updated: 554456
	308  -  MemoryUsage of job (MB)
	315060  -  ResidentSetSize of job (KB)
...
006 (14821.000.000) 01/22 23:21:07 Image size of job updated: 555948
	308  -  MemoryUsage of job (MB)
	315060  -  ResidentSetSize of job (KB)
...
006 (14821.000.000) 01/22 23:46:10 Image size of job updated: 555948
	310  -  MemoryUsage of job (MB)
	316476  -  ResidentSetSize of job (KB)
...
006 (14821.000.000) 01/23 00:46:16 Image size of job updated: 557024
	310  -  MemoryUsage of job (MB)
	316476  -  ResidentSetSize of job (KB)
...
006 (14821.000.000) 01/23 00:51:17 Image size of job updated: 557024
	311  -  MemoryUsage of job (MB)
	317552  -  ResidentSetSize of job (KB)
...
006 (14821.000.000) 01/23 01:01:18 Image size of job updated: 557024
	311  -  MemoryUsage of job (MB)
	317652  -  ResidentSetSize of job (KB)
...
006 (14821.000.000) 01/23 02:16:27 Image size of job updated: 558692
	311  -  MemoryUsage of job (MB)
	317652  -  ResidentSetSize of job (KB)
...
006 (14821.000.000) 01/23 02:21:27 Image size of job updated: 558692
	312  -  MemoryUsage of job (MB)
	319220  -  ResidentSetSize of job (KB)
...
