000 (14824.000.000) 01/22 19:10:23 Job submitted from host: <128.30.112.18:46685>
...
001 (14824.000.000) 01/22 19:10:29 Job executing on host: <128.30.108.62:37495>
...
006 (14824.000.000) 01/22 19:10:38 Image size of job updated: 75664
	9  -  MemoryUsage of job (MB)
	9060  -  ResidentSetSize of job (KB)
...
006 (14824.000.000) 01/22 19:11:06 Image size of job updated: 210948
	9  -  MemoryUsage of job (MB)
	9060  -  ResidentSetSize of job (KB)
...
005 (14824.000.000) 01/22 19:11:06 Job terminated.
	(1) Normal termination (return value 1)
		Usr 0 00:00:28, Sys 0 00:00:01  -  Run Remote Usage
		Usr 0 00:00:00, Sys 0 00:00:00  -  Run Local Usage
		Usr 0 00:00:28, Sys 0 00:00:01  -  Total Remote Usage
		Usr 0 00:00:00, Sys 0 00:00:00  -  Total Local Usage
	0  -  Run Bytes Sent By Job
	0  -  Run Bytes Received By Job
	0  -  Total Bytes Sent By Job
	0  -  Total Bytes Received By Job
	Partitionable Resources :    Usage  Request          
	   Cpus                 :                 1          
	   Disk (KB)            :     2750     2750          
	   Memory (MB)          :        9        9          
...
