000 (14825.000.000) 01/22 19:10:23 Job submitted from host: <128.30.112.18:46685>
...
001 (14825.000.000) 01/22 19:10:30 Job executing on host: <128.30.66.167:50426>
...
006 (14825.000.000) 01/22 19:10:38 Image size of job updated: 240344
	38  -  MemoryUsage of job (MB)
	38608  -  ResidentSetSize of job (KB)
...
006 (14825.000.000) 01/22 19:15:38 Image size of job updated: 505336
	173  -  MemoryUsage of job (MB)
	176976  -  ResidentSetSize of job (KB)
...
006 (14825.000.000) 01/22 19:20:38 Image size of job updated: 553472
	214  -  MemoryUsage of job (MB)
	218880  -  ResidentSetSize of job (KB)
...
006 (14825.000.000) 01/22 19:25:40 Image size of job updated: 553472
	256  -  MemoryUsage of job (MB)
	262064  -  ResidentSetSize of job (KB)
...
006 (14825.000.000) 01/22 19:30:40 Image size of job updated: 553472
	307  -  MemoryUsage of job (MB)
	314092  -  ResidentSetSize of job (KB)
...
006 (14825.000.000) 01/22 20:00:43 Image size of job updated: 553472
	307  -  MemoryUsage of job (MB)
	314140  -  ResidentSetSize of job (KB)
...
006 (14825.000.000) 01/22 20:50:47 Image size of job updated: 554784
	308  -  MemoryUsage of job (MB)
	315392  -  ResidentSetSize of job (KB)
...
006 (14825.000.000) 01/22 21:30:50 Image size of job updated: 556432
	308  -  MemoryUsage of job (MB)
	315392  -  ResidentSetSize of job (KB)
...
006 (14825.000.000) 01/22 21:40:52 Image size of job updated: 556432
	310  -  MemoryUsage of job (MB)
	316968  -  ResidentSetSize of job (KB)
...
006 (14825.000.000) 01/22 22:10:54 Image size of job updated: 557940
	310  -  MemoryUsage of job (MB)
	316968  -  ResidentSetSize of job (KB)
...
006 (14825.000.000) 01/22 22:20:54 Image size of job updated: 557940
	312  -  MemoryUsage of job (MB)
	318476  -  ResidentSetSize of job (KB)
...
006 (14825.000.000) 01/22 22:25:55 Image size of job updated: 558564
	312  -  MemoryUsage of job (MB)
	318476  -  ResidentSetSize of job (KB)
...
006 (14825.000.000) 01/22 22:50:57 Image size of job updated: 559296
	312  -  MemoryUsage of job (MB)
	318476  -  ResidentSetSize of job (KB)
...
006 (14825.000.000) 01/22 23:00:58 Image size of job updated: 559296
	313  -  MemoryUsage of job (MB)
	319960  -  ResidentSetSize of job (KB)
...
006 (14825.000.000) 01/22 23:05:59 Image size of job updated: 559436
	313  -  MemoryUsage of job (MB)
	319960  -  ResidentSetSize of job (KB)
...
005 (14825.000.000) 01/22 23:17:49 Job terminated.
	(0) Abnormal termination (signal 9)
	(0) No core file
		Usr 0 02:51:55, Sys 0 01:14:31  -  Run Remote Usage
		Usr 0 00:00:00, Sys 0 00:00:00  -  Run Local Usage
		Usr 0 02:51:55, Sys 0 01:14:31  -  Total Remote Usage
		Usr 0 00:00:00, Sys 0 00:00:00  -  Total Local Usage
	0  -  Run Bytes Sent By Job
	0  -  Run Bytes Received By Job
	0  -  Total Bytes Sent By Job
	0  -  Total Bytes Received By Job
	Partitionable Resources :    Usage  Request          
	   Cpus                 :                 1          
	   Disk (KB)            :     2750     2750          
	   Memory (MB)          :      313      313          
...
