000 (14826.000.000) 01/22 19:10:23 Job submitted from host: <128.30.112.18:46685>
...
001 (14826.000.000) 01/22 19:10:30 Job executing on host: <128.30.66.166:36393>
...
006 (14826.000.000) 01/22 19:10:39 Image size of job updated: 51512
	8  -  MemoryUsage of job (MB)
	7596  -  ResidentSetSize of job (KB)
...
006 (14826.000.000) 01/22 19:15:40 Image size of job updated: 306904
	66  -  MemoryUsage of job (MB)
	67584  -  ResidentSetSize of job (KB)
...
006 (14826.000.000) 01/22 19:20:41 Image size of job updated: 310016
	69  -  MemoryUsage of job (MB)
	70488  -  ResidentSetSize of job (KB)
...
006 (14826.000.000) 01/22 19:25:41 Image size of job updated: 311536
	71  -  MemoryUsage of job (MB)
	72072  -  ResidentSetSize of job (KB)
...
006 (14826.000.000) 01/22 19:27:46 Image size of job updated: 313056
	71  -  MemoryUsage of job (MB)
	72072  -  ResidentSetSize of job (KB)
...
005 (14826.000.000) 01/22 19:27:46 Job terminated.
	(1) Normal termination (return value 0)
		Usr 0 00:16:54, Sys 0 00:00:03  -  Run Remote Usage
		Usr 0 00:00:00, Sys 0 00:00:00  -  Run Local Usage
		Usr 0 00:16:54, Sys 0 00:00:03  -  Total Remote Usage
		Usr 0 00:00:00, Sys 0 00:00:00  -  Total Local Usage
	0  -  Run Bytes Sent By Job
	0  -  Run Bytes Received By Job
	0  -  Total Bytes Sent By Job
	0  -  Total Bytes Received By Job
	Partitionable Resources :    Usage  Request          
	   Cpus                 :                 1          
	   Disk (KB)            :     2750     2750          
	   Memory (MB)          :       71       71          
...
