000 (14827.000.000) 01/22 19:10:23 Job submitted from host: <128.30.112.18:46685>
...
001 (14827.000.000) 01/22 19:10:30 Job executing on host: <128.30.66.164:41719>
...
006 (14827.000.000) 01/22 19:10:39 Image size of job updated: 285736
	45  -  MemoryUsage of job (MB)
	45700  -  ResidentSetSize of job (KB)
...
006 (14827.000.000) 01/22 19:15:40 Image size of job updated: 306740
	66  -  MemoryUsage of job (MB)
	67152  -  ResidentSetSize of job (KB)
...
006 (14827.000.000) 01/22 19:20:41 Image size of job updated: 309776
	69  -  MemoryUsage of job (MB)
	70320  -  ResidentSetSize of job (KB)
...
006 (14827.000.000) 01/22 19:25:41 Image size of job updated: 312816
	72  -  MemoryUsage of job (MB)
	73480  -  ResidentSetSize of job (KB)
...
006 (14827.000.000) 01/22 19:30:41 Image size of job updated: 339424
	89  -  MemoryUsage of job (MB)
	91076  -  ResidentSetSize of job (KB)
...
006 (14827.000.000) 01/22 19:35:42 Image size of job updated: 347676
	93  -  MemoryUsage of job (MB)
	94816  -  ResidentSetSize of job (KB)
...
005 (14827.000.000) 01/22 19:38:57 Job terminated.
	(1) Normal termination (return value 0)
		Usr 0 00:28:01, Sys 0 00:00:01  -  Run Remote Usage
		Usr 0 00:00:00, Sys 0 00:00:00  -  Run Local Usage
		Usr 0 00:28:01, Sys 0 00:00:01  -  Total Remote Usage
		Usr 0 00:00:00, Sys 0 00:00:00  -  Total Local Usage
	0  -  Run Bytes Sent By Job
	0  -  Run Bytes Received By Job
	0  -  Total Bytes Sent By Job
	0  -  Total Bytes Received By Job
	Partitionable Resources :    Usage  Request          
	   Cpus                 :                 1          
	   Disk (KB)            :     2750     2750          
	   Memory (MB)          :       93       93          
...
