000 (13513.000.000) 01/20 19:09:57 Job submitted from host: <128.30.112.18:46685>
...
001 (13513.000.000) 01/20 19:10:03 Job executing on host: <128.30.66.164:41719>
...
006 (13513.000.000) 01/20 19:10:12 Image size of job updated: 293664
	53  -  MemoryUsage of job (MB)
	53816  -  ResidentSetSize of job (KB)
...
006 (13513.000.000) 01/20 19:15:13 Image size of job updated: 374096
	132  -  MemoryUsage of job (MB)
	134192  -  ResidentSetSize of job (KB)
...
006 (13513.000.000) 01/20 19:17:19 Image size of job updated: 397408
	132  -  MemoryUsage of job (MB)
	134192  -  ResidentSetSize of job (KB)
...
005 (13513.000.000) 01/20 19:17:19 Job terminated.
	(1) Normal termination (return value 0)
		Usr 0 00:07:04, Sys 0 00:00:02  -  Run Remote Usage
		Usr 0 00:00:00, Sys 0 00:00:00  -  Run Local Usage
		Usr 0 00:07:04, Sys 0 00:00:02  -  Total Remote Usage
		Usr 0 00:00:00, Sys 0 00:00:00  -  Total Local Usage
	0  -  Run Bytes Sent By Job
	0  -  Run Bytes Received By Job
	0  -  Total Bytes Sent By Job
	0  -  Total Bytes Received By Job
	Partitionable Resources :    Usage  Request          
	   Cpus                 :                 1          
	   Disk (KB)            :     2750     2750          
	   Memory (MB)          :      132      132          
...
