000 (13514.000.000) 01/20 19:09:57 Job submitted from host: <128.30.112.18:46685>
...
001 (13514.000.000) 01/20 19:10:03 Job executing on host: <128.30.66.170:39331>
...
006 (13514.000.000) 01/20 19:10:12 Image size of job updated: 290136
	50  -  MemoryUsage of job (MB)
	50332  -  ResidentSetSize of job (KB)
...
006 (13514.000.000) 01/20 19:15:13 Image size of job updated: 351844
	110  -  MemoryUsage of job (MB)
	111948  -  ResidentSetSize of job (KB)
...
006 (13514.000.000) 01/20 19:20:13 Image size of job updated: 389544
	146  -  MemoryUsage of job (MB)
	149056  -  ResidentSetSize of job (KB)
...
005 (13514.000.000) 01/20 19:20:17 Job terminated.
	(1) Normal termination (return value 0)
		Usr 0 00:10:05, Sys 0 00:00:00  -  Run Remote Usage
		Usr 0 00:00:00, Sys 0 00:00:00  -  Run Local Usage
		Usr 0 00:10:05, Sys 0 00:00:00  -  Total Remote Usage
		Usr 0 00:00:00, Sys 0 00:00:00  -  Total Local Usage
	0  -  Run Bytes Sent By Job
	0  -  Run Bytes Received By Job
	0  -  Total Bytes Sent By Job
	0  -  Total Bytes Received By Job
	Partitionable Resources :    Usage  Request          
	   Cpus                 :                 1          
	   Disk (KB)            :     2750     2750          
	   Memory (MB)          :      146      146          
...
