000 (13519.000.000) 01/20 19:09:58 Job submitted from host: <128.30.112.18:46685>
...
001 (13519.000.000) 01/20 19:10:03 Job executing on host: <128.30.66.165:41096>
...
006 (13519.000.000) 01/20 19:10:12 Image size of job updated: 285740
	45  -  MemoryUsage of job (MB)
	45896  -  ResidentSetSize of job (KB)
...
006 (13519.000.000) 01/20 19:15:13 Image size of job updated: 365412
	123  -  MemoryUsage of job (MB)
	125644  -  ResidentSetSize of job (KB)
...
006 (13519.000.000) 01/20 19:17:20 Image size of job updated: 380564
	123  -  MemoryUsage of job (MB)
	125644  -  ResidentSetSize of job (KB)
...
005 (13519.000.000) 01/20 19:17:20 Job terminated.
	(1) Normal termination (return value 0)
		Usr 0 00:07:14, Sys 0 00:00:00  -  Run Remote Usage
		Usr 0 00:00:00, Sys 0 00:00:00  -  Run Local Usage
		Usr 0 00:07:14, Sys 0 00:00:00  -  Total Remote Usage
		Usr 0 00:00:00, Sys 0 00:00:00  -  Total Local Usage
	0  -  Run Bytes Sent By Job
	0  -  Run Bytes Received By Job
	0  -  Total Bytes Sent By Job
	0  -  Total Bytes Received By Job
	Partitionable Resources :    Usage  Request          
	   Cpus                 :                 1          
	   Disk (KB)            :     2750     2750          
	   Memory (MB)          :      123      123          
...
