000 (13520.000.000) 01/20 19:09:58 Job submitted from host: <128.30.112.18:46685>
...
001 (13520.000.000) 01/20 19:10:03 Job executing on host: <128.30.66.164:41719>
...
006 (13520.000.000) 01/20 19:10:12 Image size of job updated: 293208
	53  -  MemoryUsage of job (MB)
	53552  -  ResidentSetSize of job (KB)
...
006 (13520.000.000) 01/20 19:15:13 Image size of job updated: 371520
	129  -  MemoryUsage of job (MB)
	131780  -  ResidentSetSize of job (KB)
...
006 (13520.000.000) 01/20 19:16:05 Image size of job updated: 376544
	129  -  MemoryUsage of job (MB)
	131780  -  ResidentSetSize of job (KB)
...
005 (13520.000.000) 01/20 19:16:05 Job terminated.
	(1) Normal termination (return value 0)
		Usr 0 00:05:50, Sys 0 00:00:00  -  Run Remote Usage
		Usr 0 00:00:00, Sys 0 00:00:00  -  Run Local Usage
		Usr 0 00:05:50, Sys 0 00:00:00  -  Total Remote Usage
		Usr 0 00:00:00, Sys 0 00:00:00  -  Total Local Usage
	0  -  Run Bytes Sent By Job
	0  -  Run Bytes Received By Job
	0  -  Total Bytes Sent By Job
	0  -  Total Bytes Received By Job
	Partitionable Resources :    Usage  Request          
	   Cpus                 :                 1          
	   Disk (KB)            :     2750     2750          
	   Memory (MB)          :      129      129          
...
