000 (13522.000.000) 01/20 19:09:58 Job submitted from host: <128.30.112.18:46685>
...
001 (13522.000.000) 01/20 19:10:03 Job executing on host: <128.30.113.105:42991>
...
006 (13522.000.000) 01/20 19:10:13 Image size of job updated: 213976
	35  -  MemoryUsage of job (MB)
	34840  -  ResidentSetSize of job (KB)
...
006 (13522.000.000) 01/20 19:15:13 Image size of job updated: 286772
	105  -  MemoryUsage of job (MB)
	107520  -  ResidentSetSize of job (KB)
...
006 (13522.000.000) 01/20 19:15:52 Image size of job updated: 289384
	105  -  MemoryUsage of job (MB)
	107520  -  ResidentSetSize of job (KB)
...
005 (13522.000.000) 01/20 19:15:52 Job terminated.
	(1) Normal termination (return value 0)
		Usr 0 00:05:44, Sys 0 00:00:00  -  Run Remote Usage
		Usr 0 00:00:00, Sys 0 00:00:00  -  Run Local Usage
		Usr 0 00:05:44, Sys 0 00:00:00  -  Total Remote Usage
		Usr 0 00:00:00, Sys 0 00:00:00  -  Total Local Usage
	0  -  Run Bytes Sent By Job
	0  -  Run Bytes Received By Job
	0  -  Total Bytes Sent By Job
	0  -  Total Bytes Received By Job
	Partitionable Resources :    Usage  Request          
	   Cpus                 :                 1          
	   Disk (KB)            :     2750     2750          
	   Memory (MB)          :      105      105          
...
