000 (13508.000.000) 01/20 19:09:57 Job submitted from host: <128.30.112.18:46685>
...
001 (13508.000.000) 01/20 19:10:03 Job executing on host: <128.30.66.167:50426>
...
006 (13508.000.000) 01/20 19:10:12 Image size of job updated: 83640
	13  -  MemoryUsage of job (MB)
	12316  -  ResidentSetSize of job (KB)
...
006 (13508.000.000) 01/20 19:10:13 Image size of job updated: 294080
	13  -  MemoryUsage of job (MB)
	12316  -  ResidentSetSize of job (KB)
...
005 (13508.000.000) 01/20 19:10:13 Job terminated.
	(0) Abnormal termination (signal 9)
	(0) No core file
		Usr 0 00:00:09, Sys 0 00:00:00  -  Run Remote Usage
		Usr 0 00:00:00, Sys 0 00:00:00  -  Run Local Usage
		Usr 0 00:00:09, Sys 0 00:00:00  -  Total Remote Usage
		Usr 0 00:00:00, Sys 0 00:00:00  -  Total Local Usage
	0  -  Run Bytes Sent By Job
	0  -  Run Bytes Received By Job
	0  -  Total Bytes Sent By Job
	0  -  Total Bytes Received By Job
	Partitionable Resources :    Usage  Request          
	   Cpus                 :                 1          
	   Disk (KB)            :     2750     2750          
	   Memory (MB)          :       13       13          
...
