000 (13509.000.000) 01/20 19:09:57 Job submitted from host: <128.30.112.18:46685>
...
001 (13509.000.000) 01/20 19:10:03 Job executing on host: <128.30.66.169:43926>
...
006 (13509.000.000) 01/20 19:10:12 Image size of job updated: 293200
	52  -  MemoryUsage of job (MB)
	53236  -  ResidentSetSize of job (KB)
...
006 (13509.000.000) 01/20 19:15:13 Image size of job updated: 366804
	124  -  MemoryUsage of job (MB)
	126864  -  ResidentSetSize of job (KB)
...
006 (13509.000.000) 01/20 19:16:29 Image size of job updated: 376532
	124  -  MemoryUsage of job (MB)
	126864  -  ResidentSetSize of job (KB)
...
005 (13509.000.000) 01/20 19:16:29 Job terminated.
	(1) Normal termination (return value 0)
		Usr 0 00:06:19, Sys 0 00:00:00  -  Run Remote Usage
		Usr 0 00:00:00, Sys 0 00:00:00  -  Run Local Usage
		Usr 0 00:06:19, Sys 0 00:00:00  -  Total Remote Usage
		Usr 0 00:00:00, Sys 0 00:00:00  -  Total Local Usage
	0  -  Run Bytes Sent By Job
	0  -  Run Bytes Received By Job
	0  -  Total Bytes Sent By Job
	0  -  Total Bytes Received By Job
	Partitionable Resources :    Usage  Request          
	   Cpus                 :                 1          
	   Disk (KB)            :     2750     2750          
	   Memory (MB)          :      124      124          
...
