000 (13510.000.000) 01/20 19:09:57 Job submitted from host: <128.30.112.18:46685>
...
001 (13510.000.000) 01/20 19:10:03 Job executing on host: <128.30.66.163:58460>
...
006 (13510.000.000) 01/20 19:10:12 Image size of job updated: 288852
	48  -  MemoryUsage of job (MB)
	49020  -  ResidentSetSize of job (KB)
...
006 (13510.000.000) 01/20 19:15:13 Image size of job updated: 341316
	100  -  MemoryUsage of job (MB)
	101392  -  ResidentSetSize of job (KB)
...
006 (13510.000.000) 01/20 19:20:13 Image size of job updated: 375460
	133  -  MemoryUsage of job (MB)
	135656  -  ResidentSetSize of job (KB)
...
006 (13510.000.000) 01/20 19:21:21 Image size of job updated: 380328
	133  -  MemoryUsage of job (MB)
	135656  -  ResidentSetSize of job (KB)
...
005 (13510.000.000) 01/20 19:21:21 Job terminated.
	(1) Normal termination (return value 0)
		Usr 0 00:11:05, Sys 0 00:00:01  -  Run Remote Usage
		Usr 0 00:00:00, Sys 0 00:00:00  -  Run Local Usage
		Usr 0 00:11:05, Sys 0 00:00:01  -  Total Remote Usage
		Usr 0 00:00:00, Sys 0 00:00:00  -  Total Local Usage
	0  -  Run Bytes Sent By Job
	0  -  Run Bytes Received By Job
	0  -  Total Bytes Sent By Job
	0  -  Total Bytes Received By Job
	Partitionable Resources :    Usage  Request          
	   Cpus                 :                 1          
	   Disk (KB)            :     2750     2750          
	   Memory (MB)          :      133      133          
...
