============================================================
Domain:		SystemAdministrator
Dimensions:	20
|S|:		1048576
|A|:		21
|S|x|A|:		22020096
Episode Cap:	200
Gamma:		0.95
Computers:	20
Edges:		[(0, 1), (1, 2), (2, 3), (3, 4), (4, 5), (5, 6), (6, 7), (7, 8), (8, 9), (9, 10), (10, 11), (11, 12), (12, 13), (13, 14), (14, 15), (15, 16), (16, 17), (17, 18), (18, 19), (0, 19)]
Neighbors:
0 : [1, 19]
1 : [0, 2]
2 : [1, 3]
3 : [2, 4]
4 : [3, 5]
5 : [4, 6]
6 : [5, 7]
7 : [6, 8]
8 : [7, 9]
9 : [8, 10]
10 : [9, 11]
11 : [10, 12]
12 : [11, 13]
13 : [12, 14]
14 : [13, 15]
15 : [14, 16]
16 : [15, 17]
17 : [16, 18]
18 : [17, 19]
19 : [18, 0]
============================================================
Representation:		IndependentDiscretizationCompactBinary
Features per action:	21
Binary Dimensions:	[ 0  1  2  3  4  5  6  7  8  9 10 11 12 13 14 15 16 17 18 19]
============================================================
Representation:		iFDD
Features per action:	21
Initial Representation:	IndependentDiscretizationCompactBinary
Plus:			1
Sparsify:		1
Cached:			1
Online Threshold:	10.000
Batch Threshold:		1500.000
Max Batch Discovery:	100
============================================================
Agent:		RE_LSPI
Policy:		eGreedy
Max LSPI Iterations:	10
Data Size:		2500
Weight Difference tol.:	0.001
Max Representation Expansion Iterations:	20
============================================================
Experiment:		OnlineExperiment
Output:			././1-results.txt
Learning Steps:		20000
Performance Checks:	8
Log Intervals:		60(s)
Representation Expansion iteration #1
-----------------
Running LSPI:
1: L2_norm of weight difference = 569.630, Density of A: 31.60%
2: L2_norm of weight difference = 459.714, Density of A: 28.24%
3: L2_norm of weight difference = 851.569, Density of A: 28.27%
4: L2_norm of weight difference = 852.951, Density of A: 29.35%
5: L2_norm of weight difference = 870.904, Density of A: 28.93%
6: L2_norm of weight difference = 868.868, Density of A: 28.82%
7: L2_norm of weight difference = 754.111, Density of A: 29.24%
8: L2_norm of weight difference = 756.035, Density of A: 29.40%
9: L2_norm of weight difference = 671.294, Density of A: 30.25%
10: L2_norm of weight difference = 673.552, Density of A: 29.01%
Performance Check >>> 884.500 Return, 200 Steps, 21 Features
iFDD Batch: Max Relevance = 1369.202
2500 >>> E[0:01:29]-R[0:10:24]: Return=889.25, Steps=200, Features = 21
Representation Expansion iteration #1
-----------------
Running LSPI:
1: L2_norm of weight difference = 322.899, Density of A: 20.63%
2: L2_norm of weight difference = 299.114, Density of A: 18.19%
3: L2_norm of weight difference = 232.279, Density of A: 18.89%
4: L2_norm of weight difference = 205.703, Density of A: 22.14%
5: L2_norm of weight difference = 226.196, Density of A: 20.72%
6: L2_norm of weight difference = 356.967, Density of A: 21.17%
7: L2_norm of weight difference = 328.290, Density of A: 20.87%
8: L2_norm of weight difference = 223.087, Density of A: 19.36%
9: L2_norm of weight difference = 240.682, Density of A: 19.83%
10: L2_norm of weight difference = 156.266, Density of A: 20.99%
Performance Check >>> 761.750 Return, 200 Steps, 21 Features
iFDD Batch: Max Relevance = 575.932
5000: E[0:03:17]-R[0:09:52]: Return=1027.75, Steps=200, Features = 21
5000 >>> E[0:03:18]-R[0:09:53]: Return=598.00, Steps=200, Features = 21
Representation Expansion iteration #1
-----------------
Running LSPI:
1: L2_norm of weight difference = 339.173, Density of A: 13.52%
2: L2_norm of weight difference = 162.557, Density of A: 14.49%
3: L2_norm of weight difference = 120.853, Density of A: 13.35%
4: L2_norm of weight difference = 143.947, Density of A: 15.32%
5: L2_norm of weight difference = 167.336, Density of A: 15.39%
6: L2_norm of weight difference = 140.137, Density of A: 14.98%
7: L2_norm of weight difference = 159.633, Density of A: 14.83%
8: L2_norm of weight difference = 153.510, Density of A: 14.47%
9: L2_norm of weight difference = 163.774, Density of A: 15.34%
10: L2_norm of weight difference = 185.192, Density of A: 15.00%
Performance Check >>> 631.250 Return, 200 Steps, 21 Features
iFDD Batch: Max Relevance = 617.280
7500 >>> E[0:04:30]-R[0:07:30]: Return=578.75, Steps=200, Features = 21
Representation Expansion iteration #1
-----------------
Running LSPI:
1: L2_norm of weight difference = 352.826, Density of A: 12.61%
2: L2_norm of weight difference = 156.186, Density of A: 12.77%
3: L2_norm of weight difference = 168.352, Density of A: 13.12%
4: L2_norm of weight difference = 114.688, Density of A: 14.16%
5: L2_norm of weight difference = 102.472, Density of A: 13.98%
6: L2_norm of weight difference = 95.621, Density of A: 13.40%
7: L2_norm of weight difference = 118.026, Density of A: 14.10%
8: L2_norm of weight difference = 154.122, Density of A: 12.87%
9: L2_norm of weight difference = 139.651, Density of A: 12.67%
10: L2_norm of weight difference = 95.260, Density of A: 13.88%
Performance Check >>> 623.000 Return, 200 Steps, 21 Features
iFDD Batch: Max Relevance = 286.671
10000: E[0:06:25]-R[0:06:25]: Return=660.75, Steps=200, Features = 21
10000 >>> E[0:06:26]-R[0:06:26]: Return=784.00, Steps=200, Features = 21
Representation Expansion iteration #1
-----------------
Running LSPI:
1: L2_norm of weight difference = 361.604, Density of A: 16.81%
2: L2_norm of weight difference = 107.091, Density of A: 17.04%
3: L2_norm of weight difference = 122.889, Density of A: 17.09%
4: L2_norm of weight difference = 144.130, Density of A: 16.26%
5: L2_norm of weight difference = 145.837, Density of A: 16.02%
6: L2_norm of weight difference = 131.567, Density of A: 15.06%
7: L2_norm of weight difference = 127.070, Density of A: 17.18%
8: L2_norm of weight difference = 115.355, Density of A: 16.14%
9: L2_norm of weight difference = 143.715, Density of A: 16.53%
10: L2_norm of weight difference = 153.159, Density of A: 18.18%
Performance Check >>> 711.250 Return, 200 Steps, 21 Features
iFDD Batch: Max Relevance = 481.360
12500 >>> E[0:08:36]-R[0:05:10]: Return=493.50, Steps=200, Features = 21
Representation Expansion iteration #1
-----------------
Running LSPI:
1: L2_norm of weight difference = 444.836, Density of A: 11.06%
2: L2_norm of weight difference = 194.200, Density of A: 12.85%
3: L2_norm of weight difference = 214.394, Density of A: 12.83%
4: L2_norm of weight difference = 127.914, Density of A: 13.71%
5: L2_norm of weight difference = 398.495, Density of A: 13.68%
6: L2_norm of weight difference = 573.984, Density of A: 10.14%
7: L2_norm of weight difference = 535.070, Density of A: 13.53%
8: L2_norm of weight difference = 146.128, Density of A: 12.70%
9: L2_norm of weight difference = 166.311, Density of A: 13.02%
10: L2_norm of weight difference = 106.904, Density of A: 13.49%
Performance Check >>> 600.500 Return, 200 Steps, 21 Features
iFDD Batch: Max Relevance = 433.256
15000: E[0:10:01]-R[0:03:20]: Return=645.00, Steps=200, Features = 21
15000 >>> E[0:10:01]-R[0:03:20]: Return=594.75, Steps=200, Features = 21
Representation Expansion iteration #1
-----------------
Running LSPI:
1: L2_norm of weight difference = 450.409, Density of A: 15.45%
2: L2_norm of weight difference = 153.024, Density of A: 15.52%
3: L2_norm of weight difference = 101.916, Density of A: 15.78%
4: L2_norm of weight difference = 276.590, Density of A: 14.19%
5: L2_norm of weight difference = 285.354, Density of A: 15.16%
6: L2_norm of weight difference = 91.515, Density of A: 15.97%
7: L2_norm of weight difference = 131.925, Density of A: 14.72%
8: L2_norm of weight difference = 147.101, Density of A: 14.55%
9: L2_norm of weight difference = 130.689, Density of A: 13.73%
10: L2_norm of weight difference = 111.206, Density of A: 14.78%
Performance Check >>> 572.000 Return, 200 Steps, 21 Features
iFDD Batch: Max Relevance = 399.487
17500 >>> E[0:11:52]-R[0:01:42]: Return=639.00, Steps=200, Features = 21
Representation Expansion iteration #1
-----------------
Running LSPI:
1: L2_norm of weight difference = 282.933, Density of A: 15.51%
2: L2_norm of weight difference = 101.978, Density of A: 15.44%
3: L2_norm of weight difference = 159.798, Density of A: 16.62%
4: L2_norm of weight difference = 164.835, Density of A: 15.36%
5: L2_norm of weight difference = 129.086, Density of A: 15.81%
6: L2_norm of weight difference = 330.871, Density of A: 14.51%
7: L2_norm of weight difference = 331.642, Density of A: 16.83%
8: L2_norm of weight difference = 127.631, Density of A: 17.95%
9: L2_norm of weight difference = 132.713, Density of A: 16.59%
10: L2_norm of weight difference = 178.230, Density of A: 18.12%
Performance Check >>> 776.750 Return, 200 Steps, 21 Features
iFDD Batch: Max Relevance = 501.093
20000: E[0:13:32]-R[0:00:00]: Return=807.75, Steps=200, Features = 21
20000 >>> E[0:13:33]-R[0:00:00]: Return=845.25, Steps=200, Features = 21
============================================================
Took 0:13:33
Results	=> ././1-results.txt
Log	=> ././1-out.txt
