============================================================
Domain:		SystemAdministrator
Dimensions:	20
|S|:		1048576
|A|:		21
|S|x|A|:		22020096
Episode Cap:	200
Gamma:		0.95
Computers:	20
Edges:		[(0, 1), (1, 2), (2, 3), (3, 4), (4, 5), (5, 6), (6, 7), (7, 8), (8, 9), (9, 10), (10, 11), (11, 12), (12, 13), (13, 14), (14, 15), (15, 16), (16, 17), (17, 18), (18, 19), (0, 19)]
Neighbors:
0 : [1, 19]
1 : [0, 2]
2 : [1, 3]
3 : [2, 4]
4 : [3, 5]
5 : [4, 6]
6 : [5, 7]
7 : [6, 8]
8 : [7, 9]
9 : [8, 10]
10 : [9, 11]
11 : [10, 12]
12 : [11, 13]
13 : [12, 14]
14 : [13, 15]
15 : [14, 16]
16 : [15, 17]
17 : [16, 18]
18 : [17, 19]
19 : [18, 0]
============================================================
Representation:		IndependentDiscretizationCompactBinary
Features per action:	21
Binary Dimensions:	[ 0  1  2  3  4  5  6  7  8  9 10 11 12 13 14 15 16 17 18 19]
============================================================
Representation:		iFDD
Features per action:	21
Initial Representation:	IndependentDiscretizationCompactBinary
Plus:			1
Sparsify:		1
Cached:			1
Online Threshold:	10.000
Batch Threshold:		1500.000
Max Batch Discovery:	100
============================================================
Agent:		RE_LSPI
Policy:		eGreedy
Max LSPI Iterations:	10
Data Size:		2500
Weight Difference tol.:	0.001
Max Representation Expansion Iterations:	20
============================================================
Experiment:		OnlineExperiment
Output:			././8-results.txt
Learning Steps:		20000
Performance Checks:	8
Log Intervals:		60(s)
Representation Expansion iteration #1
-----------------
Running LSPI:
1: L2_norm of weight difference = 486.420, Density of A: 31.54%
2: L2_norm of weight difference = 372.135, Density of A: 30.29%
3: L2_norm of weight difference = 785.784, Density of A: 29.21%
4: L2_norm of weight difference = 779.141, Density of A: 30.74%
5: L2_norm of weight difference = 5392.901, Density of A: 29.21%
6: L2_norm of weight difference = 5679.695, Density of A: 30.47%
7: L2_norm of weight difference = 304.121, Density of A: 30.14%
8: L2_norm of weight difference = 2443.512, Density of A: 28.02%
9: L2_norm of weight difference = 2730.353, Density of A: 29.67%
10: L2_norm of weight difference = 303.605, Density of A: 29.90%
Performance Check >>> 1055.750 Return, 200 Steps, 21 Features
iFDD Batch: Max Relevance = 668.191
2500 >>> E[0:02:05]-R[0:14:34]: Return=925.00, Steps=200, Features = 21
Representation Expansion iteration #1
-----------------
Running LSPI:
1: L2_norm of weight difference = 557.503, Density of A: 18.27%
2: L2_norm of weight difference = 723.929, Density of A: 18.51%
3: L2_norm of weight difference = 382.737, Density of A: 13.60%
4: L2_norm of weight difference = 780.352, Density of A: 17.02%
5: L2_norm of weight difference = 849.625, Density of A: 17.08%
6: L2_norm of weight difference = 511.340, Density of A: 19.20%
7: L2_norm of weight difference = 213.913, Density of A: 19.58%
8: L2_norm of weight difference = 376.209, Density of A: 18.09%
9: L2_norm of weight difference = 390.076, Density of A: 18.06%
10: L2_norm of weight difference = 277.003, Density of A: 20.83%
Performance Check >>> 592.250 Return, 200 Steps, 21 Features
iFDD Batch: Max Relevance = 1017.401
5000: E[0:03:54]-R[0:11:42]: Return=862.50, Steps=200, Features = 21
5000 >>> E[0:03:55]-R[0:11:45]: Return=658.00, Steps=200, Features = 21
Representation Expansion iteration #1
-----------------
Running LSPI:
1: L2_norm of weight difference = 444.944, Density of A: 13.35%
2: L2_norm of weight difference = 193.980, Density of A: 14.69%
3: L2_norm of weight difference = 141.429, Density of A: 14.91%
4: L2_norm of weight difference = 155.458, Density of A: 14.65%
5: L2_norm of weight difference = 130.133, Density of A: 15.83%
6: L2_norm of weight difference = 173.522, Density of A: 15.43%
7: L2_norm of weight difference = 183.798, Density of A: 15.40%
8: L2_norm of weight difference = 231.704, Density of A: 15.38%
9: L2_norm of weight difference = 240.846, Density of A: 14.40%
10: L2_norm of weight difference = 92.073, Density of A: 15.30%
Performance Check >>> 695.000 Return, 200 Steps, 21 Features
iFDD Batch: Max Relevance = 337.699
7500 >>> E[0:05:54]-R[0:09:49]: Return=702.00, Steps=200, Features = 21
Representation Expansion iteration #1
-----------------
Running LSPI:
1: L2_norm of weight difference = 293.149, Density of A: 18.10%
2: L2_norm of weight difference = 163.731, Density of A: 18.95%
3: L2_norm of weight difference = 860.716, Density of A: 16.68%
4: L2_norm of weight difference = 849.778, Density of A: 17.24%
5: L2_norm of weight difference = 180.283, Density of A: 18.35%
6: L2_norm of weight difference = 154.005, Density of A: 15.74%
7: L2_norm of weight difference = 165.362, Density of A: 19.70%
8: L2_norm of weight difference = 190.858, Density of A: 17.05%
9: L2_norm of weight difference = 140.020, Density of A: 16.80%
10: L2_norm of weight difference = 191.942, Density of A: 17.13%
Performance Check >>> 571.500 Return, 200 Steps, 21 Features
iFDD Batch: Max Relevance = 392.123
10000: E[0:07:53]-R[0:07:53]: Return=805.75, Steps=200, Features = 21
10000 >>> E[0:07:54]-R[0:07:54]: Return=625.25, Steps=200, Features = 21
Representation Expansion iteration #1
-----------------
Running LSPI:
1: L2_norm of weight difference = 312.593, Density of A: 14.48%
2: L2_norm of weight difference = 96.640, Density of A: 14.95%
3: L2_norm of weight difference = 130.075, Density of A: 15.06%
4: L2_norm of weight difference = 124.888, Density of A: 15.19%
5: L2_norm of weight difference = 136.533, Density of A: 15.12%
6: L2_norm of weight difference = 140.857, Density of A: 14.30%
7: L2_norm of weight difference = 128.834, Density of A: 15.44%
8: L2_norm of weight difference = 127.861, Density of A: 14.93%
9: L2_norm of weight difference = 119.425, Density of A: 15.44%
10: L2_norm of weight difference = 132.576, Density of A: 15.09%
Performance Check >>> 570.000 Return, 200 Steps, 21 Features
iFDD Batch: Max Relevance = 378.588
12500 >>> E[0:10:01]-R[0:06:00]: Return=703.00, Steps=200, Features = 21
Representation Expansion iteration #1
-----------------
Running LSPI:
1: L2_norm of weight difference = 350.992, Density of A: 15.41%
2: L2_norm of weight difference = 120.373, Density of A: 14.28%
3: L2_norm of weight difference = 134.226, Density of A: 15.75%
4: L2_norm of weight difference = 134.322, Density of A: 18.05%
5: L2_norm of weight difference = 132.440, Density of A: 16.22%
6: L2_norm of weight difference = 107.915, Density of A: 17.26%
7: L2_norm of weight difference = 149.939, Density of A: 17.95%
8: L2_norm of weight difference = 145.084, Density of A: 15.94%
9: L2_norm of weight difference = 105.985, Density of A: 16.01%
10: L2_norm of weight difference = 176.137, Density of A: 15.33%
Performance Check >>> 732.500 Return, 200 Steps, 21 Features
iFDD Batch: Max Relevance = 393.310
15000: E[0:12:18]-R[0:04:06]: Return=687.75, Steps=200, Features = 21
15000 >>> E[0:12:19]-R[0:04:06]: Return=568.50, Steps=200, Features = 21
Representation Expansion iteration #1
-----------------
Running LSPI:
1: L2_norm of weight difference = 352.221, Density of A: 14.31%
2: L2_norm of weight difference = 162.507, Density of A: 13.57%
3: L2_norm of weight difference = 192.114, Density of A: 14.53%
4: L2_norm of weight difference = 574.086, Density of A: 13.26%
5: L2_norm of weight difference = 581.401, Density of A: 12.83%
6: L2_norm of weight difference = 235.039, Density of A: 14.78%
7: L2_norm of weight difference = 413.142, Density of A: 15.97%
8: L2_norm of weight difference = 439.875, Density of A: 15.05%
9: L2_norm of weight difference = 151.466, Density of A: 15.44%
10: L2_norm of weight difference = 141.308, Density of A: 14.95%
Performance Check >>> 574.000 Return, 200 Steps, 21 Features
iFDD Batch: Max Relevance = 340.295
17500 >>> E[0:14:45]-R[0:02:06]: Return=538.00, Steps=200, Features = 21
Representation Expansion iteration #1
-----------------
Running LSPI:
1: L2_norm of weight difference = 277.280, Density of A: 12.77%
2: L2_norm of weight difference = 108.614, Density of A: 14.10%
3: L2_norm of weight difference = 118.427, Density of A: 15.08%
4: L2_norm of weight difference = 122.903, Density of A: 14.09%
5: L2_norm of weight difference = 116.606, Density of A: 15.04%
6: L2_norm of weight difference = 93.973, Density of A: 14.86%
7: L2_norm of weight difference = 80.848, Density of A: 14.36%
8: L2_norm of weight difference = 134.911, Density of A: 15.12%
9: L2_norm of weight difference = 176.322, Density of A: 13.14%
10: L2_norm of weight difference = 166.622, Density of A: 14.20%
Performance Check >>> 832.750 Return, 200 Steps, 21 Features
iFDD Batch: Max Relevance = 442.327
20000: E[0:17:14]-R[0:00:00]: Return=640.75, Steps=200, Features = 21
20000 >>> E[0:17:14]-R[0:00:00]: Return=703.75, Steps=200, Features = 21
============================================================
Took 0:17:14
Results	=> ././8-results.txt
Log	=> ././8-out.txt
