============================================================
Domain:		PST
Dimensions:	12
|S|:		5451776
|A|:		27
|S|x|A|:		147197952
Episode Cap:	1000
Gamma:		0.9
NUM_UAV:		3
============================================================
Representation:		IndependentDiscretizationCompactBinary
Features per action:	52
Binary Dimensions:	[ 6  7  8  9 10 11]
============================================================
Representation:		iFDD
Features per action:	52
Initial Representation:	IndependentDiscretizationCompactBinary
Plus:			1
Sparsify:		1
Cached:			1
Online Threshold:	85.000
Batch Threshold:		85.000
Max Batch Discovery:	20
============================================================
Agent:		SARSA
Policy:		eGreedy
Alpha_0:		0.10
============================================================
Experiment:		OnlineExperiment
Output:			././14-results.txt
Learning Steps:		50000
Performance Checks:	10
Log Intervals:		60(s)
5000 >>> E[0:00:20]-R[0:02:57]: Return=83.00, Steps=10, Features = 182
10000 >>> E[0:00:40]-R[0:02:39]: Return=4.00, Steps=22, Features = 288
15000 >>> E[0:01:01]-R[0:02:21]: Return=81.00, Steps=10, Features = 372
20000 >>> E[0:01:22]-R[0:02:03]: Return=173.00, Steps=22, Features = 464
25000 >>> E[0:01:44]-R[0:01:44]: Return=-36.00, Steps=10, Features = 530
30000 >>> E[0:02:07]-R[0:01:25]: Return=44.00, Steps=10, Features = 605
35000 >>> E[0:02:31]-R[0:01:05]: Return=-15.00, Steps=11, Features = 660
40000 >>> E[0:02:55]-R[0:00:44]: Return=61.00, Steps=10, Features = 711
45000 >>> E[0:03:20]-R[0:00:22]: Return=82.00, Steps=10, Features = 774
50000 >>> E[0:03:45]-R[0:00:00]: Return=81.00, Steps=10, Features = 819
============================================================
Took 0:03:45
Results	=> ././14-results.txt
Log	=> ././14-out.txt
