============================================================
Domain:		PST
Dimensions:	12
|S|:		5451776
|A|:		27
|S|x|A|:		147197952
Episode Cap:	1000
Gamma:		0.9
NUM_UAV:		3
============================================================
Representation:		IndependentDiscretizationCompactBinary
Features per action:	52
Binary Dimensions:	[ 6  7  8  9 10 11]
============================================================
Representation:		iFDD
Features per action:	52
Initial Representation:	IndependentDiscretizationCompactBinary
Plus:			1
Sparsify:		1
Cached:			1
Online Threshold:	85.000
Batch Threshold:		85.000
Max Batch Discovery:	20
============================================================
Agent:		SARSA
Policy:		eGreedy
Alpha_0:		0.10
============================================================
Experiment:		OnlineExperiment
Output:			././15-results.txt
Learning Steps:		50000
Performance Checks:	10
Log Intervals:		60(s)
5000 >>> E[0:00:22]-R[0:03:19]: Return=9.00, Steps=10, Features = 201
10000 >>> E[0:00:44]-R[0:02:56]: Return=27.00, Steps=10, Features = 301
15000 >>> E[0:01:07]-R[0:02:35]: Return=-31.00, Steps=10, Features = 361
20000 >>> E[0:01:29]-R[0:02:14]: Return=84.00, Steps=10, Features = 413
25000 >>> E[0:01:52]-R[0:01:52]: Return=66.00, Steps=10, Features = 467
30000 >>> E[0:02:22]-R[0:01:35]: Return=-8.00, Steps=1000, Features = 522
35000 >>> E[0:02:50]-R[0:01:13]: Return=64.00, Steps=1000, Features = 569
40000 >>> E[0:03:15]-R[0:00:49]: Return=84.00, Steps=26, Features = 605
45000 >>> E[0:03:42]-R[0:00:25]: Return=44.00, Steps=10, Features = 645
50000 >>> E[0:04:08]-R[0:00:00]: Return=12.00, Steps=10, Features = 679
============================================================
Took 0:04:08
Results	=> ././15-results.txt
Log	=> ././15-out.txt
