============================================================
Domain:		PST
Dimensions:	12
|S|:		5451776
|A|:		27
|S|x|A|:		147197952
Episode Cap:	1000
Gamma:		0.9
NUM_UAV:		3
============================================================
Representation:		IndependentDiscretizationCompactBinary
Features per action:	52
Binary Dimensions:	[ 6  7  8  9 10 11]
============================================================
Representation:		iFDD
Features per action:	52
Initial Representation:	IndependentDiscretizationCompactBinary
Plus:			1
Sparsify:		1
Cached:			1
Online Threshold:	85.000
Batch Threshold:		85.000
Max Batch Discovery:	20
============================================================
Agent:		SARSA
Policy:		eGreedy
Alpha_0:		0.10
============================================================
Experiment:		OnlineExperiment
Output:			././17-results.txt
Learning Steps:		50000
Performance Checks:	10
Log Intervals:		60(s)
5000 >>> E[0:00:21]-R[0:03:05]: Return=-57.00, Steps=10, Features = 203
10000 >>> E[0:00:41]-R[0:02:45]: Return=44.00, Steps=10, Features = 298
15000 >>> E[0:01:03]-R[0:02:26]: Return=-20.00, Steps=12, Features = 385
20000 >>> E[0:01:24]-R[0:02:07]: Return=88.00, Steps=10, Features = 442
25000 >>> E[0:01:47]-R[0:01:47]: Return=23.00, Steps=10, Features = 493
30000 >>> E[0:02:10]-R[0:01:27]: Return=19.00, Steps=15, Features = 550
35000 >>> E[0:02:35]-R[0:01:07]: Return=43.00, Steps=12, Features = 606
40000 >>> E[0:03:00]-R[0:00:45]: Return=71.00, Steps=10, Features = 660
45000 >>> E[0:03:24]-R[0:00:23]: Return=-22.00, Steps=15, Features = 710
50000 >>> E[0:03:49]-R[0:00:00]: Return=-64.00, Steps=10, Features = 743
============================================================
Took 0:03:49
Results	=> ././17-results.txt
Log	=> ././17-out.txt
