============================================================
Domain:		PST
Dimensions:	12
|S|:		5451776
|A|:		27
|S|x|A|:		147197952
Episode Cap:	1000
Gamma:		0.9
NUM_UAV:		3
============================================================
Representation:		IndependentDiscretizationCompactBinary
Features per action:	52
Binary Dimensions:	[ 6  7  8  9 10 11]
============================================================
Representation:		iFDD
Features per action:	52
Initial Representation:	IndependentDiscretizationCompactBinary
Plus:			1
Sparsify:		1
Cached:			1
Online Threshold:	85.000
Batch Threshold:		85.000
Max Batch Discovery:	20
============================================================
Agent:		SARSA
Policy:		eGreedy
Alpha_0:		0.10
============================================================
Experiment:		OnlineExperiment
Output:			././20-results.txt
Learning Steps:		50000
Performance Checks:	10
Log Intervals:		60(s)
5000 >>> E[0:00:28]-R[0:04:09]: Return=-34.00, Steps=13, Features = 227
10000 >>> E[0:00:52]-R[0:03:30]: Return=-70.00, Steps=10, Features = 337
15000 >>> E[0:01:18]-R[0:03:02]: Return=66.00, Steps=10, Features = 420
20000 >>> E[0:01:41]-R[0:02:32]: Return=22.00, Steps=10, Features = 497
25000 >>> E[0:02:08]-R[0:02:08]: Return=66.00, Steps=10, Features = 542
30000 >>> E[0:02:37]-R[0:01:45]: Return=-52.00, Steps=10, Features = 616
35000 >>> E[0:03:03]-R[0:01:19]: Return=-14.00, Steps=10, Features = 675
40000 >>> E[0:03:33]-R[0:00:53]: Return=68.00, Steps=10, Features = 719
45000 >>> E[0:04:02]-R[0:00:27]: Return=82.00, Steps=10, Features = 760
50000 >>> E[0:04:29]-R[0:00:00]: Return=4.00, Steps=12, Features = 792
============================================================
Took 0:04:29
Results	=> ././20-results.txt
Log	=> ././20-out.txt
