============================================================
Domain:		PST
Dimensions:	12
|S|:		5451776
|A|:		27
|S|x|A|:		147197952
Episode Cap:	1000
Gamma:		0.9
NUM_UAV:		3
============================================================
Representation:		IndependentDiscretizationCompactBinary
Features per action:	52
Binary Dimensions:	[ 6  7  8  9 10 11]
============================================================
Representation:		iFDD
Features per action:	52
Initial Representation:	IndependentDiscretizationCompactBinary
Plus:			1
Sparsify:		1
Cached:			1
Online Threshold:	85.000
Batch Threshold:		85.000
Max Batch Discovery:	20
============================================================
Agent:		SARSA
Policy:		eGreedy
Alpha_0:		0.10
============================================================
Experiment:		OnlineExperiment
Output:			././8-results.txt
Learning Steps:		50000
Performance Checks:	10
Log Intervals:		60(s)
5000 >>> E[0:00:25]-R[0:03:46]: Return=-10.00, Steps=1000, Features = 211
10000 >>> E[0:00:48]-R[0:03:11]: Return=6.00, Steps=10, Features = 319
15000 >>> E[0:01:12]-R[0:02:49]: Return=15.00, Steps=16, Features = 397
20000 >>> E[0:01:38]-R[0:02:28]: Return=-49.00, Steps=10, Features = 457
25000 >>> E[0:02:04]-R[0:02:04]: Return=43.00, Steps=10, Features = 528
30000 >>> E[0:02:30]-R[0:01:40]: Return=65.00, Steps=10, Features = 589
35000 >>> E[0:02:57]-R[0:01:16]: Return=83.00, Steps=10, Features = 650
40000 >>> E[0:03:26]-R[0:00:52]: Return=23.00, Steps=12, Features = 702
45000 >>> E[0:03:54]-R[0:00:26]: Return=-37.00, Steps=11, Features = 759
50000 >>> E[0:04:21]-R[0:00:00]: Return=85.00, Steps=10, Features = 795
============================================================
Took 0:04:21
Results	=> ././8-results.txt
Log	=> ././8-out.txt
