============================================================
Domain:		PST
Dimensions:	12
|S|:		5451776
|A|:		27
|S|x|A|:		147197952
Episode Cap:	1000
Gamma:		0.9
NUM_UAV:		3
============================================================
Representation:		IndependentDiscretizationCompactBinary
Features per action:	52
Binary Dimensions:	[ 6  7  8  9 10 11]
============================================================
Representation:		iFDD
Features per action:	52
Initial Representation:	IndependentDiscretizationCompactBinary
Plus:			1
Sparsify:		1
Cached:			1
Online Threshold:	85.000
Batch Threshold:		85.000
Max Batch Discovery:	20
============================================================
Agent:		SARSA
Policy:		eGreedy
Alpha_0:		0.10
============================================================
Experiment:		OnlineExperiment
Output:			././9-results.txt
Learning Steps:		50000
Performance Checks:	10
Log Intervals:		60(s)
5000 >>> E[0:00:22]-R[0:03:14]: Return=-19.00, Steps=14, Features = 191
10000 >>> E[0:00:45]-R[0:02:58]: Return=-16.00, Steps=10, Features = 284
15000 >>> E[0:01:09]-R[0:02:42]: Return=-2.00, Steps=1000, Features = 376
20000 >>> E[0:01:34]-R[0:02:20]: Return=28.00, Steps=10, Features = 444
25000 >>> E[0:01:58]-R[0:01:58]: Return=23.00, Steps=10, Features = 511
30000 >>> E[0:02:24]-R[0:01:36]: Return=82.00, Steps=10, Features = 583
35000 >>> E[0:02:50]-R[0:01:13]: Return=20.00, Steps=14, Features = 632
40000 >>> E[0:03:17]-R[0:00:49]: Return=24.00, Steps=10, Features = 682
45000 >>> E[0:03:44]-R[0:00:25]: Return=-1.00, Steps=16, Features = 716
50000 >>> E[0:04:11]-R[0:00:00]: Return=62.00, Steps=11, Features = 747
============================================================
Took 0:04:11
Results	=> ././9-results.txt
Log	=> ././9-out.txt
