============================================================
Domain:		PST
Dimensions:	12
|S|:		5451776
|A|:		27
|S|x|A|:		147197952
Episode Cap:	1000
Gamma:		0.9
NUM_UAV:		3
============================================================
Representation:		IndependentDiscretizationCompactBinary
Features per action:	52
Binary Dimensions:	[ 6  7  8  9 10 11]
============================================================
Representation:		iFDD
Features per action:	52
Initial Representation:	IndependentDiscretizationCompactBinary
Plus:			1
Sparsify:		1
Cached:			1
Online Threshold:	300.000
Batch Threshold:		300.000
Max Batch Discovery:	20
============================================================
Agent:		RE_LSPI
Policy:		eGreedy
Max LSPI Iterations:	10
Data Size:		20000
Weight Difference tol.:	0.001
Max Representation Expansion Iterations:	20
============================================================
Experiment:		OnlineExperiment
Output:			././13-results.txt
Learning Steps:		20000
Performance Checks:	1
Log Intervals:		60(s)
Representation Expansion iteration #1
-----------------
Running LSPI:
1: L2_norm of weight difference = 166.343, Density of A: 19.98%
2: L2_norm of weight difference = 117.375, Density of A: 22.74%
3: L2_norm of weight difference = 61.184, Density of A: 21.47%
4: L2_norm of weight difference = 66.848, Density of A: 21.43%
5: L2_norm of weight difference = 80.499, Density of A: 21.42%
6: L2_norm of weight difference = 69.285, Density of A: 21.42%
7: L2_norm of weight difference = 0.000, Density of A: 21.42%
Performance Check >>> -754.000 Return, 1000 Steps, 52 Features
iFDD Batch: Max Relevance = 280.214
20000 >>> E[1:02:48]-R[0:00:00]: Return=-668.00, Steps=1000, Features = 52
============================================================
Took 1:02:48
Results	=> ././13-results.txt
Log	=> ././13-out.txt
