============================================================
Domain:		PST
Dimensions:	12
|S|:		5451776
|A|:		27
|S|x|A|:		147197952
Episode Cap:	1000
Gamma:		0.9
NUM_UAV:		3
============================================================
Representation:		IndependentDiscretizationCompactBinary
Features per action:	52
Binary Dimensions:	[ 6  7  8  9 10 11]
============================================================
Representation:		iFDD
Features per action:	52
Initial Representation:	IndependentDiscretizationCompactBinary
Plus:			1
Sparsify:		1
Cached:			1
Online Threshold:	300.000
Batch Threshold:		300.000
Max Batch Discovery:	20
============================================================
Agent:		RE_LSPI
Policy:		eGreedy
Max LSPI Iterations:	10
Data Size:		20000
Weight Difference tol.:	0.001
Max Representation Expansion Iterations:	20
============================================================
Experiment:		OnlineExperiment
Output:			././4-results.txt
Learning Steps:		20000
Performance Checks:	1
Log Intervals:		60(s)
Representation Expansion iteration #1
-----------------
Running LSPI:
1: L2_norm of weight difference = 171.200, Density of A: 20.42%
2: L2_norm of weight difference = 153.749, Density of A: 22.82%
3: L2_norm of weight difference = 115.711, Density of A: 21.78%
4: L2_norm of weight difference = 53.213, Density of A: 21.83%
5: L2_norm of weight difference = 81.505, Density of A: 21.83%
6: L2_norm of weight difference = 85.016, Density of A: 21.83%
7: L2_norm of weight difference = 0.000, Density of A: 21.83%
Performance Check >>> -97.000 Return, 1000 Steps, 52 Features
iFDD Batch: Max Relevance = 273.229
20000 >>> E[1:12:10]-R[0:00:00]: Return=-183.00, Steps=1000, Features = 52
============================================================
Took 1:12:10
Results	=> ././4-results.txt
Log	=> ././4-out.txt
