000 (13632.000.000) 01/20 21:52:51 Job submitted from host: <128.30.112.18:46685>
...
001 (13632.000.000) 01/20 21:53:11 Job executing on host: <128.30.66.163:58460>
...
006 (13632.000.000) 01/20 21:53:20 Image size of job updated: 2750
	3  -  MemoryUsage of job (MB)
	2236  -  ResidentSetSize of job (KB)
...
006 (13632.000.000) 01/20 21:56:48 Image size of job updated: 328180
	3  -  MemoryUsage of job (MB)
	2236  -  ResidentSetSize of job (KB)
...
005 (13632.000.000) 01/20 21:56:48 Job terminated.
	(1) Normal termination (return value 0)
		Usr 0 00:03:22, Sys 0 00:00:00  -  Run Remote Usage
		Usr 0 00:00:00, Sys 0 00:00:00  -  Run Local Usage
		Usr 0 00:03:22, Sys 0 00:00:00  -  Total Remote Usage
		Usr 0 00:00:00, Sys 0 00:00:00  -  Total Local Usage
	0  -  Run Bytes Sent By Job
	0  -  Run Bytes Received By Job
	0  -  Total Bytes Sent By Job
	0  -  Total Bytes Received By Job
	Partitionable Resources :    Usage  Request          
	   Cpus                 :                 1          
	   Disk (KB)            :     2750     2750          
	   Memory (MB)          :        3        3          
...
