000 (14770.000.000) 01/22 19:09:45 Job submitted from host: <128.30.112.18:46685>
...
001 (14770.000.000) 01/22 19:10:06 Job executing on host: <128.30.108.60:38441>
...
006 (14770.000.000) 01/22 19:10:14 Image size of job updated: 186456
	22  -  MemoryUsage of job (MB)
	21860  -  ResidentSetSize of job (KB)
...
006 (14770.000.000) 01/22 19:10:50 Image size of job updated: 211004
	22  -  MemoryUsage of job (MB)
	21860  -  ResidentSetSize of job (KB)
...
005 (14770.000.000) 01/22 19:10:50 Job terminated.
	(1) Normal termination (return value 1)
		Usr 0 00:00:36, Sys 0 00:00:06  -  Run Remote Usage
		Usr 0 00:00:00, Sys 0 00:00:00  -  Run Local Usage
		Usr 0 00:00:36, Sys 0 00:00:06  -  Total Remote Usage
		Usr 0 00:00:00, Sys 0 00:00:00  -  Total Local Usage
	0  -  Run Bytes Sent By Job
	0  -  Run Bytes Received By Job
	0  -  Total Bytes Sent By Job
	0  -  Total Bytes Received By Job
	Partitionable Resources :    Usage  Request          
	   Cpus                 :                 1          
	   Disk (KB)            :     2750     2750          
	   Memory (MB)          :       22       22          
...
