000 (14771.000.000) 01/22 19:09:45 Job submitted from host: <128.30.112.18:46685>
...
001 (14771.000.000) 01/22 19:10:07 Job executing on host: <128.30.66.167:50426>
...
006 (14771.000.000) 01/22 19:10:15 Image size of job updated: 286412
	46  -  MemoryUsage of job (MB)
	46396  -  ResidentSetSize of job (KB)
...
006 (14771.000.000) 01/22 19:15:15 Image size of job updated: 505272
	204  -  MemoryUsage of job (MB)
	208636  -  ResidentSetSize of job (KB)
...
006 (14771.000.000) 01/22 19:20:15 Image size of job updated: 553404
	225  -  MemoryUsage of job (MB)
	230096  -  ResidentSetSize of job (KB)
...
006 (14771.000.000) 01/22 19:25:16 Image size of job updated: 553404
	296  -  MemoryUsage of job (MB)
	302696  -  ResidentSetSize of job (KB)
...
006 (14771.000.000) 01/22 19:50:19 Image size of job updated: 553404
	307  -  MemoryUsage of job (MB)
	313936  -  ResidentSetSize of job (KB)
...
006 (14771.000.000) 01/22 20:50:25 Image size of job updated: 554560
	307  -  MemoryUsage of job (MB)
	313936  -  ResidentSetSize of job (KB)
...
006 (14771.000.000) 01/22 20:55:26 Image size of job updated: 554560
	308  -  MemoryUsage of job (MB)
	315288  -  ResidentSetSize of job (KB)
...
006 (14771.000.000) 01/22 21:10:27 Image size of job updated: 554560
	308  -  MemoryUsage of job (MB)
	315292  -  ResidentSetSize of job (KB)
...
006 (14771.000.000) 01/22 21:30:29 Image size of job updated: 555904
	308  -  MemoryUsage of job (MB)
	315292  -  ResidentSetSize of job (KB)
...
006 (14771.000.000) 01/22 21:40:29 Image size of job updated: 556588
	310  -  MemoryUsage of job (MB)
	317104  -  ResidentSetSize of job (KB)
...
006 (14771.000.000) 01/22 21:50:31 Image size of job updated: 556588
	310  -  MemoryUsage of job (MB)
	317260  -  ResidentSetSize of job (KB)
...
006 (14771.000.000) 01/22 22:05:31 Image size of job updated: 558268
	310  -  MemoryUsage of job (MB)
	317260  -  ResidentSetSize of job (KB)
...
006 (14771.000.000) 01/22 22:30:34 Image size of job updated: 558268
	312  -  MemoryUsage of job (MB)
	318940  -  ResidentSetSize of job (KB)
...
006 (14771.000.000) 01/22 22:45:35 Image size of job updated: 615696
	368  -  MemoryUsage of job (MB)
	376216  -  ResidentSetSize of job (KB)
...
005 (14771.000.000) 01/22 23:17:49 Job terminated.
	(0) Abnormal termination (signal 9)
	(0) No core file
		Usr 0 02:50:38, Sys 0 01:16:09  -  Run Remote Usage
		Usr 0 00:00:00, Sys 0 00:00:00  -  Run Local Usage
		Usr 0 02:50:38, Sys 0 01:16:09  -  Total Remote Usage
		Usr 0 00:00:00, Sys 0 00:00:00  -  Total Local Usage
	0  -  Run Bytes Sent By Job
	0  -  Run Bytes Received By Job
	0  -  Total Bytes Sent By Job
	0  -  Total Bytes Received By Job
	Partitionable Resources :    Usage  Request          
	   Cpus                 :                 1          
	   Disk (KB)            :     2750     2750          
	   Memory (MB)          :      368      368          
...
