000 (14772.000.000) 01/22 19:09:45 Job submitted from host: <128.30.112.18:46685>
...
001 (14772.000.000) 01/22 19:10:06 Job executing on host: <128.30.108.60:38441>
...
006 (14772.000.000) 01/22 19:10:15 Image size of job updated: 93444
	13  -  MemoryUsage of job (MB)
	12984  -  ResidentSetSize of job (KB)
...
006 (14772.000.000) 01/22 19:10:50 Image size of job updated: 276484
	13  -  MemoryUsage of job (MB)
	12984  -  ResidentSetSize of job (KB)
...
005 (14772.000.000) 01/22 19:10:50 Job terminated.
	(1) Normal termination (return value 1)
		Usr 0 00:00:41, Sys 0 00:00:02  -  Run Remote Usage
		Usr 0 00:00:00, Sys 0 00:00:00  -  Run Local Usage
		Usr 0 00:00:41, Sys 0 00:00:02  -  Total Remote Usage
		Usr 0 00:00:00, Sys 0 00:00:00  -  Total Local Usage
	0  -  Run Bytes Sent By Job
	0  -  Run Bytes Received By Job
	0  -  Total Bytes Sent By Job
	0  -  Total Bytes Received By Job
	Partitionable Resources :    Usage  Request          
	   Cpus                 :                 1          
	   Disk (KB)            :     2750     2750          
	   Memory (MB)          :       13       13          
...
