000 (14773.000.000) 01/22 19:09:45 Job submitted from host: <128.30.112.18:46685>
...
001 (14773.000.000) 01/22 19:10:07 Job executing on host: <128.30.66.170:39331>
...
006 (14773.000.000) 01/22 19:10:15 Image size of job updated: 285548
	45  -  MemoryUsage of job (MB)
	45824  -  ResidentSetSize of job (KB)
...
006 (14773.000.000) 01/22 19:15:15 Image size of job updated: 504760
	161  -  MemoryUsage of job (MB)
	164672  -  ResidentSetSize of job (KB)
...
006 (14773.000.000) 01/22 19:20:15 Image size of job updated: 552892
	261  -  MemoryUsage of job (MB)
	266944  -  ResidentSetSize of job (KB)
...
006 (14773.000.000) 01/22 19:30:17 Image size of job updated: 552892
	307  -  MemoryUsage of job (MB)
	313424  -  ResidentSetSize of job (KB)
...
006 (14773.000.000) 01/22 21:40:29 Image size of job updated: 554124
	307  -  MemoryUsage of job (MB)
	313424  -  ResidentSetSize of job (KB)
...
006 (14773.000.000) 01/22 21:55:30 Image size of job updated: 554124
	308  -  MemoryUsage of job (MB)
	314852  -  ResidentSetSize of job (KB)
...
006 (14773.000.000) 01/22 22:15:32 Image size of job updated: 554124
	308  -  MemoryUsage of job (MB)
	314880  -  ResidentSetSize of job (KB)
...
006 (14773.000.000) 01/22 22:20:33 Image size of job updated: 554124
	308  -  MemoryUsage of job (MB)
	314888  -  ResidentSetSize of job (KB)
...
006 (14773.000.000) 01/22 22:50:36 Image size of job updated: 555528
	308  -  MemoryUsage of job (MB)
	314888  -  ResidentSetSize of job (KB)
...
006 (14773.000.000) 01/22 23:05:38 Image size of job updated: 555528
	309  -  MemoryUsage of job (MB)
	316200  -  ResidentSetSize of job (KB)
...
006 (14773.000.000) 01/22 23:55:42 Image size of job updated: 738156
	323  -  MemoryUsage of job (MB)
	330720  -  ResidentSetSize of job (KB)
...
006 (14773.000.000) 01/23 00:00:42 Image size of job updated: 749676
	499  -  MemoryUsage of job (MB)
	510268  -  ResidentSetSize of job (KB)
...
