000 (14774.000.000) 01/22 19:09:45 Job submitted from host: <128.30.112.18:46685>
...
001 (14774.000.000) 01/22 19:10:07 Job executing on host: <128.30.66.166:36393>
...
006 (14774.000.000) 01/22 19:10:16 Image size of job updated: 286108
	46  -  MemoryUsage of job (MB)
	46200  -  ResidentSetSize of job (KB)
...
006 (14774.000.000) 01/22 19:15:17 Image size of job updated: 504824
	164  -  MemoryUsage of job (MB)
	167832  -  ResidentSetSize of job (KB)
...
006 (14774.000.000) 01/22 19:20:18 Image size of job updated: 511128
	266  -  MemoryUsage of job (MB)
	271680  -  ResidentSetSize of job (KB)
...
006 (14774.000.000) 01/22 19:25:18 Image size of job updated: 552956
	307  -  MemoryUsage of job (MB)
	313552  -  ResidentSetSize of job (KB)
...
006 (14774.000.000) 01/22 21:55:34 Image size of job updated: 554320
	307  -  MemoryUsage of job (MB)
	313552  -  ResidentSetSize of job (KB)
...
006 (14774.000.000) 01/22 22:10:35 Image size of job updated: 554320
	308  -  MemoryUsage of job (MB)
	314896  -  ResidentSetSize of job (KB)
...
006 (14774.000.000) 01/22 22:45:39 Image size of job updated: 554320
	308  -  MemoryUsage of job (MB)
	314920  -  ResidentSetSize of job (KB)
...
006 (14774.000.000) 01/22 23:05:41 Image size of job updated: 653184
	333  -  MemoryUsage of job (MB)
	340672  -  ResidentSetSize of job (KB)
...
006 (14774.000.000) 01/22 23:10:41 Image size of job updated: 660384
	412  -  MemoryUsage of job (MB)
	420944  -  ResidentSetSize of job (KB)
...
