000 (14775.000.000) 01/22 19:09:45 Job submitted from host: <128.30.112.18:46685>
...
001 (14775.000.000) 01/22 19:10:07 Job executing on host: <128.30.66.165:41096>
...
006 (14775.000.000) 01/22 19:10:15 Image size of job updated: 181000
	33  -  MemoryUsage of job (MB)
	33612  -  ResidentSetSize of job (KB)
...
006 (14775.000.000) 01/22 19:15:15 Image size of job updated: 504852
	217  -  MemoryUsage of job (MB)
	221940  -  ResidentSetSize of job (KB)
...
006 (14775.000.000) 01/22 19:20:16 Image size of job updated: 511160
	266  -  MemoryUsage of job (MB)
	271700  -  ResidentSetSize of job (KB)
...
006 (14775.000.000) 01/22 19:25:17 Image size of job updated: 552988
	270  -  MemoryUsage of job (MB)
	275616  -  ResidentSetSize of job (KB)
...
006 (14775.000.000) 01/22 19:35:17 Image size of job updated: 552988
	307  -  MemoryUsage of job (MB)
	313440  -  ResidentSetSize of job (KB)
...
006 (14775.000.000) 01/22 22:20:35 Image size of job updated: 554088
	307  -  MemoryUsage of job (MB)
	313440  -  ResidentSetSize of job (KB)
...
006 (14775.000.000) 01/22 22:30:36 Image size of job updated: 554088
	308  -  MemoryUsage of job (MB)
	314776  -  ResidentSetSize of job (KB)
...
006 (14775.000.000) 01/22 22:45:37 Image size of job updated: 554088
	308  -  MemoryUsage of job (MB)
	314780  -  ResidentSetSize of job (KB)
...
006 (14775.000.000) 01/22 23:35:43 Image size of job updated: 633872
	367  -  MemoryUsage of job (MB)
	375096  -  ResidentSetSize of job (KB)
...
006 (14775.000.000) 01/22 23:40:44 Image size of job updated: 640228
	367  -  MemoryUsage of job (MB)
	375096  -  ResidentSetSize of job (KB)
...
