000 (14777.000.000) 01/22 19:09:46 Job submitted from host: <128.30.112.18:46685>
...
001 (14777.000.000) 01/22 19:10:07 Job executing on host: <128.30.108.58:44982>
...
006 (14777.000.000) 01/22 19:10:15 Image size of job updated: 84760
	13  -  MemoryUsage of job (MB)
	12368  -  ResidentSetSize of job (KB)
...
006 (14777.000.000) 01/22 19:10:47 Image size of job updated: 211004
	13  -  MemoryUsage of job (MB)
	12368  -  ResidentSetSize of job (KB)
...
005 (14777.000.000) 01/22 19:10:47 Job terminated.
	(1) Normal termination (return value 1)
		Usr 0 00:00:31, Sys 0 00:00:05  -  Run Remote Usage
		Usr 0 00:00:00, Sys 0 00:00:00  -  Run Local Usage
		Usr 0 00:00:31, Sys 0 00:00:05  -  Total Remote Usage
		Usr 0 00:00:00, Sys 0 00:00:00  -  Total Local Usage
	0  -  Run Bytes Sent By Job
	0  -  Run Bytes Received By Job
	0  -  Total Bytes Sent By Job
	0  -  Total Bytes Received By Job
	Partitionable Resources :    Usage  Request          
	   Cpus                 :                 1          
	   Disk (KB)            :     2750     2750          
	   Memory (MB)          :       13       13          
...
