000 (14762.000.000) 01/22 19:09:44 Job submitted from host: <128.30.112.18:46685>
...
001 (14762.000.000) 01/22 19:10:06 Job executing on host: <128.30.66.170:39331>
...
006 (14762.000.000) 01/22 19:10:14 Image size of job updated: 285708
	45  -  MemoryUsage of job (MB)
	45652  -  ResidentSetSize of job (KB)
...
006 (14762.000.000) 01/22 19:15:14 Image size of job updated: 504884
	175  -  MemoryUsage of job (MB)
	178928  -  ResidentSetSize of job (KB)
...
006 (14762.000.000) 01/22 19:20:15 Image size of job updated: 553020
	232  -  MemoryUsage of job (MB)
	237176  -  ResidentSetSize of job (KB)
...
006 (14762.000.000) 01/22 19:25:16 Image size of job updated: 553020
	307  -  MemoryUsage of job (MB)
	313620  -  ResidentSetSize of job (KB)
...
006 (14762.000.000) 01/22 21:50:31 Image size of job updated: 553880
	308  -  MemoryUsage of job (MB)
	314416  -  ResidentSetSize of job (KB)
...
006 (14762.000.000) 01/22 22:05:31 Image size of job updated: 554488
	308  -  MemoryUsage of job (MB)
	314416  -  ResidentSetSize of job (KB)
...
006 (14762.000.000) 01/22 22:10:32 Image size of job updated: 554488
	308  -  MemoryUsage of job (MB)
	315024  -  ResidentSetSize of job (KB)
...
006 (14762.000.000) 01/22 22:20:33 Image size of job updated: 554488
	308  -  MemoryUsage of job (MB)
	315032  -  ResidentSetSize of job (KB)
...
006 (14762.000.000) 01/22 22:55:37 Image size of job updated: 556072
	308  -  MemoryUsage of job (MB)
	315032  -  ResidentSetSize of job (KB)
...
006 (14762.000.000) 01/22 23:05:39 Image size of job updated: 556072
	310  -  MemoryUsage of job (MB)
	316608  -  ResidentSetSize of job (KB)
...
006 (14762.000.000) 01/23 00:00:44 Image size of job updated: 557320
	310  -  MemoryUsage of job (MB)
	316608  -  ResidentSetSize of job (KB)
...
006 (14762.000.000) 01/23 00:05:45 Image size of job updated: 557320
	311  -  MemoryUsage of job (MB)
	317856  -  ResidentSetSize of job (KB)
...
006 (14762.000.000) 01/23 00:25:48 Image size of job updated: 557320
	311  -  MemoryUsage of job (MB)
	317960  -  ResidentSetSize of job (KB)
...
006 (14762.000.000) 01/23 01:05:52 Image size of job updated: 751260
	420  -  MemoryUsage of job (MB)
	429784  -  ResidentSetSize of job (KB)
...
006 (14762.000.000) 01/23 01:10:52 Image size of job updated: 751260
	490  -  MemoryUsage of job (MB)
	501580  -  ResidentSetSize of job (KB)
...
006 (14762.000.000) 01/23 01:15:53 Image size of job updated: 762692
	511  -  MemoryUsage of job (MB)
	523200  -  ResidentSetSize of job (KB)
...
