000 (14763.000.000) 01/22 19:09:45 Job submitted from host: <128.30.112.18:46685>
...
001 (14763.000.000) 01/22 19:10:06 Job executing on host: <128.30.66.166:36393>
...
006 (14763.000.000) 01/22 19:10:14 Image size of job updated: 300568
	60  -  MemoryUsage of job (MB)
	60592  -  ResidentSetSize of job (KB)
...
006 (14763.000.000) 01/22 19:15:14 Image size of job updated: 503992
	200  -  MemoryUsage of job (MB)
	203840  -  ResidentSetSize of job (KB)
...
006 (14763.000.000) 01/22 19:20:15 Image size of job updated: 510948
	266  -  MemoryUsage of job (MB)
	271592  -  ResidentSetSize of job (KB)
...
006 (14763.000.000) 01/22 19:25:16 Image size of job updated: 552776
	288  -  MemoryUsage of job (MB)
	294180  -  ResidentSetSize of job (KB)
...
006 (14763.000.000) 01/22 19:35:17 Image size of job updated: 552776
	306  -  MemoryUsage of job (MB)
	313308  -  ResidentSetSize of job (KB)
...
006 (14763.000.000) 01/22 22:00:32 Image size of job updated: 553964
	306  -  MemoryUsage of job (MB)
	313308  -  ResidentSetSize of job (KB)
...
006 (14763.000.000) 01/22 22:20:33 Image size of job updated: 553964
	308  -  MemoryUsage of job (MB)
	314756  -  ResidentSetSize of job (KB)
...
006 (14763.000.000) 01/22 23:20:39 Image size of job updated: 555312
	309  -  MemoryUsage of job (MB)
	315984  -  ResidentSetSize of job (KB)
...
006 (14763.000.000) 01/23 00:35:46 Image size of job updated: 557676
	309  -  MemoryUsage of job (MB)
	315984  -  ResidentSetSize of job (KB)
...
006 (14763.000.000) 01/23 00:40:47 Image size of job updated: 557676
	311  -  MemoryUsage of job (MB)
	318348  -  ResidentSetSize of job (KB)
...
006 (14763.000.000) 01/23 02:05:56 Image size of job updated: 558320
	311  -  MemoryUsage of job (MB)
	318348  -  ResidentSetSize of job (KB)
...
006 (14763.000.000) 01/23 02:15:56 Image size of job updated: 558320
	312  -  MemoryUsage of job (MB)
	319028  -  ResidentSetSize of job (KB)
...
006 (14763.000.000) 01/23 02:30:58 Image size of job updated: 558320
	312  -  MemoryUsage of job (MB)
	319032  -  ResidentSetSize of job (KB)
...
006 (14763.000.000) 01/23 02:56:01 Image size of job updated: 558320
	312  -  MemoryUsage of job (MB)
	319048  -  ResidentSetSize of job (KB)
...
006 (14763.000.000) 01/23 03:21:04 Image size of job updated: 558320
	312  -  MemoryUsage of job (MB)
	319064  -  ResidentSetSize of job (KB)
...
006 (14763.000.000) 01/23 03:26:04 Image size of job updated: 783320
	397  -  MemoryUsage of job (MB)
	406012  -  ResidentSetSize of job (KB)
...
006 (14763.000.000) 01/23 03:36:06 Image size of job updated: 783320
	520  -  MemoryUsage of job (MB)
	531464  -  ResidentSetSize of job (KB)
...
006 (14763.000.000) 01/23 03:41:06 Image size of job updated: 796264
	544  -  MemoryUsage of job (MB)
	556824  -  ResidentSetSize of job (KB)
...
