000 (14764.000.000) 01/22 19:09:45 Job submitted from host: <128.30.112.18:46685>
...
001 (14764.000.000) 01/22 19:10:07 Job executing on host: <128.30.66.164:41719>
...
006 (14764.000.000) 01/22 19:10:15 Image size of job updated: 272856
	39  -  MemoryUsage of job (MB)
	39908  -  ResidentSetSize of job (KB)
...
006 (14764.000.000) 01/22 19:15:15 Image size of job updated: 505504
	248  -  MemoryUsage of job (MB)
	253572  -  ResidentSetSize of job (KB)
...
006 (14764.000.000) 01/22 19:20:15 Image size of job updated: 553636
	248  -  MemoryUsage of job (MB)
	253572  -  ResidentSetSize of job (KB)
...
006 (14764.000.000) 01/22 19:25:16 Image size of job updated: 553636
	277  -  MemoryUsage of job (MB)
	282684  -  ResidentSetSize of job (KB)
...
006 (14764.000.000) 01/22 19:30:16 Image size of job updated: 553636
	286  -  MemoryUsage of job (MB)
	292192  -  ResidentSetSize of job (KB)
...
006 (14764.000.000) 01/22 19:40:17 Image size of job updated: 553636
	307  -  MemoryUsage of job (MB)
	314168  -  ResidentSetSize of job (KB)
...
006 (14764.000.000) 01/22 20:35:23 Image size of job updated: 717836
	313  -  MemoryUsage of job (MB)
	320060  -  ResidentSetSize of job (KB)
...
006 (14764.000.000) 01/22 20:40:23 Image size of job updated: 717836
	351  -  MemoryUsage of job (MB)
	359192  -  ResidentSetSize of job (KB)
...
006 (14764.000.000) 01/22 20:45:23 Image size of job updated: 726588
	476  -  MemoryUsage of job (MB)
	487260  -  ResidentSetSize of job (KB)
...
006 (14764.000.000) 01/22 23:05:39 Image size of job updated: 790412
	476  -  MemoryUsage of job (MB)
	487260  -  ResidentSetSize of job (KB)
...
006 (14764.000.000) 01/22 23:10:39 Image size of job updated: 797380
	545  -  MemoryUsage of job (MB)
	557888  -  ResidentSetSize of job (KB)
...
