000 (14765.000.000) 01/22 19:09:45 Job submitted from host: <128.30.112.18:46685>
...
001 (14765.000.000) 01/22 19:10:06 Job executing on host: <128.30.66.165:41096>
...
006 (14765.000.000) 01/22 19:10:15 Image size of job updated: 285220
	45  -  MemoryUsage of job (MB)
	45368  -  ResidentSetSize of job (KB)
...
006 (14765.000.000) 01/22 19:15:16 Image size of job updated: 504096
	177  -  MemoryUsage of job (MB)
	181108  -  ResidentSetSize of job (KB)
...
006 (14765.000.000) 01/22 19:20:17 Image size of job updated: 552920
	231  -  MemoryUsage of job (MB)
	235992  -  ResidentSetSize of job (KB)
...
006 (14765.000.000) 01/22 19:25:17 Image size of job updated: 552920
	307  -  MemoryUsage of job (MB)
	313424  -  ResidentSetSize of job (KB)
...
006 (14765.000.000) 01/22 20:50:26 Image size of job updated: 553072
	307  -  MemoryUsage of job (MB)
	313424  -  ResidentSetSize of job (KB)
...
006 (14765.000.000) 01/22 21:00:27 Image size of job updated: 553072
	307  -  MemoryUsage of job (MB)
	313740  -  ResidentSetSize of job (KB)
...
006 (14765.000.000) 01/22 21:15:28 Image size of job updated: 553072
	307  -  MemoryUsage of job (MB)
	313744  -  ResidentSetSize of job (KB)
...
006 (14765.000.000) 01/22 22:15:35 Image size of job updated: 554180
	307  -  MemoryUsage of job (MB)
	313744  -  ResidentSetSize of job (KB)
...
006 (14765.000.000) 01/22 22:25:36 Image size of job updated: 554180
	308  -  MemoryUsage of job (MB)
	314924  -  ResidentSetSize of job (KB)
...
006 (14765.000.000) 01/22 22:45:38 Image size of job updated: 554180
	308  -  MemoryUsage of job (MB)
	314944  -  ResidentSetSize of job (KB)
...
006 (14765.000.000) 01/22 23:30:42 Image size of job updated: 555552
	308  -  MemoryUsage of job (MB)
	314944  -  ResidentSetSize of job (KB)
...
006 (14765.000.000) 01/22 23:35:42 Image size of job updated: 556368
	308  -  MemoryUsage of job (MB)
	314944  -  ResidentSetSize of job (KB)
...
006 (14765.000.000) 01/22 23:40:43 Image size of job updated: 556368
	310  -  MemoryUsage of job (MB)
	317040  -  ResidentSetSize of job (KB)
...
006 (14765.000.000) 01/23 00:35:48 Image size of job updated: 617816
	323  -  MemoryUsage of job (MB)
	330500  -  ResidentSetSize of job (KB)
...
006 (14765.000.000) 01/23 00:40:49 Image size of job updated: 623032
	375  -  MemoryUsage of job (MB)
	383508  -  ResidentSetSize of job (KB)
...
