000 (14766.000.000) 01/22 19:09:45 Job submitted from host: <128.30.112.18:46685>
...
001 (14766.000.000) 01/22 19:10:06 Job executing on host: <128.30.66.163:58460>
...
006 (14766.000.000) 01/22 19:10:15 Image size of job updated: 282956
	42  -  MemoryUsage of job (MB)
	42828  -  ResidentSetSize of job (KB)
...
006 (14766.000.000) 01/22 19:15:16 Image size of job updated: 340932
	98  -  MemoryUsage of job (MB)
	100204  -  ResidentSetSize of job (KB)
...
006 (14766.000.000) 01/22 19:20:16 Image size of job updated: 619820
	314  -  MemoryUsage of job (MB)
	320628  -  ResidentSetSize of job (KB)
...
006 (14766.000.000) 01/22 19:25:16 Image size of job updated: 619820
	372  -  MemoryUsage of job (MB)
	380412  -  ResidentSetSize of job (KB)
...
006 (14766.000.000) 01/22 19:30:17 Image size of job updated: 650940
	372  -  MemoryUsage of job (MB)
	380412  -  ResidentSetSize of job (KB)
...
006 (14766.000.000) 01/22 19:40:18 Image size of job updated: 660120
	411  -  MemoryUsage of job (MB)
	420600  -  ResidentSetSize of job (KB)
...
006 (14766.000.000) 01/22 19:50:20 Image size of job updated: 660120
	411  -  MemoryUsage of job (MB)
	420684  -  ResidentSetSize of job (KB)
...
006 (14766.000.000) 01/22 21:20:28 Image size of job updated: 812172
	522  -  MemoryUsage of job (MB)
	534336  -  ResidentSetSize of job (KB)
...
006 (14766.000.000) 01/22 21:30:29 Image size of job updated: 822264
	570  -  MemoryUsage of job (MB)
	582880  -  ResidentSetSize of job (KB)
...
