000 (14767.000.000) 01/22 19:09:45 Job submitted from host: <128.30.112.18:46685>
...
001 (14767.000.000) 01/22 19:10:05 Job executing on host: <128.30.66.167:50426>
...
006 (14767.000.000) 01/22 19:10:14 Image size of job updated: 300760
	60  -  MemoryUsage of job (MB)
	61008  -  ResidentSetSize of job (KB)
...
006 (14767.000.000) 01/22 19:15:15 Image size of job updated: 505296
	228  -  MemoryUsage of job (MB)
	232560  -  ResidentSetSize of job (KB)
...
006 (14767.000.000) 01/22 19:20:15 Image size of job updated: 553428
	287  -  MemoryUsage of job (MB)
	293744  -  ResidentSetSize of job (KB)
...
006 (14767.000.000) 01/22 19:25:15 Image size of job updated: 553428
	293  -  MemoryUsage of job (MB)
	299888  -  ResidentSetSize of job (KB)
...
006 (14767.000.000) 01/22 19:30:16 Image size of job updated: 553428
	304  -  MemoryUsage of job (MB)
	310856  -  ResidentSetSize of job (KB)
...
006 (14767.000.000) 01/22 19:45:17 Image size of job updated: 553428
	307  -  MemoryUsage of job (MB)
	314128  -  ResidentSetSize of job (KB)
...
006 (14767.000.000) 01/22 20:45:24 Image size of job updated: 554792
	307  -  MemoryUsage of job (MB)
	314128  -  ResidentSetSize of job (KB)
...
006 (14767.000.000) 01/22 21:05:25 Image size of job updated: 554792
	308  -  MemoryUsage of job (MB)
	315392  -  ResidentSetSize of job (KB)
...
006 (14767.000.000) 01/22 21:20:26 Image size of job updated: 575448
	311  -  MemoryUsage of job (MB)
	317816  -  ResidentSetSize of job (KB)
...
006 (14767.000.000) 01/22 21:25:26 Image size of job updated: 640764
	311  -  MemoryUsage of job (MB)
	317816  -  ResidentSetSize of job (KB)
...
006 (14767.000.000) 01/22 21:40:28 Image size of job updated: 640764
	353  -  MemoryUsage of job (MB)
	360460  -  ResidentSetSize of job (KB)
...
005 (14767.000.000) 01/22 23:17:49 Job terminated.
	(0) Abnormal termination (signal 9)
	(0) No core file
		Usr 0 02:53:12, Sys 0 01:13:37  -  Run Remote Usage
		Usr 0 00:00:00, Sys 0 00:00:00  -  Run Local Usage
		Usr 0 02:53:12, Sys 0 01:13:37  -  Total Remote Usage
		Usr 0 00:00:00, Sys 0 00:00:00  -  Total Local Usage
	0  -  Run Bytes Sent By Job
	0  -  Run Bytes Received By Job
	0  -  Total Bytes Sent By Job
	0  -  Total Bytes Received By Job
	Partitionable Resources :    Usage  Request          
	   Cpus                 :                 1          
	   Disk (KB)            :     2750     2750          
	   Memory (MB)          :      353      353          
...
