============================================================
Domain:		PST
Dimensions:	12
|S|:		5451776
|A|:		27
|S|x|A|:		147197952
Episode Cap:	1000
Gamma:		0.9
NUM_UAV:		3
============================================================
Representation:		IndependentDiscretizationCompactBinary
Features per action:	52
Binary Dimensions:	[ 6  7  8  9 10 11]
============================================================
Representation:		iFDD
Features per action:	52
Initial Representation:	IndependentDiscretizationCompactBinary
Plus:			1
Sparsify:		1
Cached:			1
Online Threshold:	22.000
Batch Threshold:		22.000
Max Batch Discovery:	20
============================================================
Agent:		SARSA
Policy:		eGreedy
Alpha_0:		0.10
============================================================
Experiment:		OnlineExperiment
Output:			././14-results.txt
Learning Steps:		50000
Performance Checks:	10
Log Intervals:		60(s)
5000 >>> E[0:00:29]-R[0:04:19]: Return=-51.00, Steps=10, Features = 1999
10000 >>> E[0:01:10]-R[0:04:42]: Return=-77.00, Steps=12, Features = 3365
15000 >>> E[0:01:59]-R[0:04:38]: Return=-121.00, Steps=50, Features = 4445
20000 >>> E[0:02:48]-R[0:04:13]: Return=-58.00, Steps=13, Features = 5317
25000 >>> E[0:03:43]-R[0:03:43]: Return=12.00, Steps=37, Features = 6227
29643: E[0:04:43]-R[0:03:15]: Return=-76.00, Steps=10, Features = 7073
30000 >>> E[0:04:48]-R[0:03:12]: Return=-49.00, Steps=10, Features = 7111
34452: E[0:05:48]-R[0:02:37]: Return=-37.00, Steps=12, Features = 7832
35000 >>> E[0:05:56]-R[0:02:33]: Return=-22.00, Steps=23, Features = 7933
39105: E[0:06:56]-R[0:01:56]: Return=-69.00, Steps=11, Features = 8639
40000 >>> E[0:07:09]-R[0:01:47]: Return=28.00, Steps=10, Features = 8817
44164: E[0:08:09]-R[0:01:05]: Return=-81.00, Steps=17, Features = 9411
45000 >>> E[0:08:22]-R[0:00:56]: Return=-10.00, Steps=18, Features = 9549
48823: E[0:09:23]-R[0:00:14]: Return=-75.00, Steps=12, Features = 10107
50000 >>> E[0:09:48]-R[0:00:00]: Return=0.00, Steps=1000, Features = 10279
============================================================
Took 0:09:48
Results	=> ././14-results.txt
Log	=> ././14-out.txt
