============================================================
Domain:		PST
Dimensions:	12
|S|:		5451776
|A|:		27
|S|x|A|:		147197952
Episode Cap:	1000
Gamma:		0.9
NUM_UAV:		3
============================================================
Representation:		IndependentDiscretizationCompactBinary
Features per action:	52
Binary Dimensions:	[ 6  7  8  9 10 11]
============================================================
Representation:		iFDD
Features per action:	52
Initial Representation:	IndependentDiscretizationCompactBinary
Plus:			1
Sparsify:		1
Cached:			1
Online Threshold:	22.000
Batch Threshold:		22.000
Max Batch Discovery:	20
============================================================
Agent:		SARSA
Policy:		eGreedy
Alpha_0:		0.10
============================================================
Experiment:		OnlineExperiment
Output:			././16-results.txt
Learning Steps:		50000
Performance Checks:	10
Log Intervals:		60(s)
5000 >>> E[0:00:31]-R[0:04:41]: Return=-76.00, Steps=11, Features = 1930
10000 >>> E[0:01:16]-R[0:05:04]: Return=-78.00, Steps=14, Features = 3008
15000 >>> E[0:02:07]-R[0:04:57]: Return=-58.00, Steps=14, Features = 3791
20000 >>> E[0:03:01]-R[0:04:32]: Return=-69.00, Steps=11, Features = 4461
25000 >>> E[0:03:51]-R[0:03:51]: Return=-80.00, Steps=17, Features = 5107
30000 >>> E[0:04:45]-R[0:03:10]: Return=-45.00, Steps=17, Features = 5662
35000 >>> E[0:05:43]-R[0:02:27]: Return=-29.00, Steps=10, Features = 6266
39211: E[0:06:43]-R[0:01:51]: Return=-80.00, Steps=27, Features = 6727
40000 >>> E[0:06:55]-R[0:01:44]: Return=-50.00, Steps=21, Features = 6804
44375: E[0:07:56]-R[0:01:00]: Return=-107.00, Steps=76, Features = 7254
45000 >>> E[0:08:04]-R[0:00:54]: Return=-73.00, Steps=28, Features = 7316
49294: E[0:09:05]-R[0:00:08]: Return=-134.00, Steps=106, Features = 7739
50000 >>> E[0:09:15]-R[0:00:00]: Return=-53.00, Steps=10, Features = 7795
============================================================
Took 0:09:15
Results	=> ././16-results.txt
Log	=> ././16-out.txt
