============================================================
Domain:		PST
Dimensions:	12
|S|:		5451776
|A|:		27
|S|x|A|:		147197952
Episode Cap:	1000
Gamma:		0.9
NUM_UAV:		3
============================================================
Representation:		IndependentDiscretizationCompactBinary
Features per action:	52
Binary Dimensions:	[ 6  7  8  9 10 11]
============================================================
Representation:		iFDD
Features per action:	52
Initial Representation:	IndependentDiscretizationCompactBinary
Plus:			1
Sparsify:		1
Cached:			1
Online Threshold:	22.000
Batch Threshold:		22.000
Max Batch Discovery:	20
============================================================
Agent:		SARSA
Policy:		eGreedy
Alpha_0:		0.10
============================================================
Experiment:		OnlineExperiment
Output:			././8-results.txt
Learning Steps:		50000
Performance Checks:	10
Log Intervals:		60(s)
5000 >>> E[0:00:29]-R[0:04:25]: Return=-50.00, Steps=11, Features = 2147
10000 >>> E[0:01:11]-R[0:04:43]: Return=-40.00, Steps=13, Features = 3365
15000 >>> E[0:01:59]-R[0:04:37]: Return=-85.00, Steps=41, Features = 4366
20000 >>> E[0:02:45]-R[0:04:08]: Return=-113.00, Steps=68, Features = 5205
25000 >>> E[0:03:37]-R[0:03:37]: Return=-82.00, Steps=20, Features = 6080
29724: E[0:04:37]-R[0:03:09]: Return=-24.00, Steps=17, Features = 6883
30000 >>> E[0:04:41]-R[0:03:07]: Return=-63.00, Steps=10, Features = 6911
34567: E[0:05:41]-R[0:02:32]: Return=-28.00, Steps=39, Features = 7541
35000 >>> E[0:05:51]-R[0:02:31]: Return=0.00, Steps=1000, Features = 7577
39372: E[0:06:51]-R[0:01:51]: Return=-42.00, Steps=19, Features = 8130
40000 >>> E[0:07:06]-R[0:01:46]: Return=0.00, Steps=1000, Features = 8205
44230: E[0:08:06]-R[0:01:03]: Return=-118.00, Steps=59, Features = 8793
45000 >>> E[0:08:23]-R[0:00:56]: Return=0.00, Steps=1000, Features = 8872
49012: E[0:09:24]-R[0:00:11]: Return=-53.00, Steps=24, Features = 9319
50000 >>> E[0:09:39]-R[0:00:00]: Return=-44.00, Steps=18, Features = 9447
============================================================
Took 0:09:39
Results	=> ././8-results.txt
Log	=> ././8-out.txt
