============================================================
Domain:		SystemAdministrator
Dimensions:	20
|S|:		1048576
|A|:		21
|S|x|A|:		22020096
Episode Cap:	200
Gamma:		0.95
Computers:	20
Edges:		[(0, 1), (1, 2), (2, 3), (3, 4), (4, 5), (5, 6), (6, 7), (7, 8), (8, 9), (9, 10), (10, 11), (11, 12), (12, 13), (13, 14), (14, 15), (15, 16), (16, 17), (17, 18), (18, 19), (0, 19)]
Neighbors:
0 : [1, 19]
1 : [0, 2]
2 : [1, 3]
3 : [2, 4]
4 : [3, 5]
5 : [4, 6]
6 : [5, 7]
7 : [6, 8]
8 : [7, 9]
9 : [8, 10]
10 : [9, 11]
11 : [10, 12]
12 : [11, 13]
13 : [12, 14]
14 : [13, 15]
15 : [14, 16]
16 : [15, 17]
17 : [16, 18]
18 : [17, 19]
19 : [18, 0]
============================================================
Representation:		IndependentDiscretizationCompactBinary
Features per action:	21
Binary Dimensions:	[ 0  1  2  3  4  5  6  7  8  9 10 11 12 13 14 15 16 17 18 19]
============================================================
Representation:		iFDD
Features per action:	21
Initial Representation:	IndependentDiscretizationCompactBinary
Plus:			1
Sparsify:		1
Cached:			1
Online Threshold:	325.000
Batch Threshold:		325.000
Max Batch Discovery:	20
============================================================
Agent:		RE_LSPI
Policy:		eGreedy
Max LSPI Iterations:	10
Data Size:		5000
Weight Difference tol.:	0.001
Max Representation Expansion Iterations:	20
============================================================
Experiment:		OnlineExperiment
Output:			././11-results.txt
Learning Steps:		5000
Performance Checks:	1
Log Intervals:		60(s)
Representation Expansion iteration #1
-----------------
Running LSPI:
1: L2_norm of weight difference = 966.905, Density of A: 38.78%
2: L2_norm of weight difference = 864.769, Density of A: 33.48%
3: L2_norm of weight difference = 3170.299, Density of A: 37.04%
4: L2_norm of weight difference = 3725.450, Density of A: 40.07%
5: L2_norm of weight difference = 560.947, Density of A: 33.40%
6: L2_norm of weight difference = 2065.257, Density of A: 35.94%
7: L2_norm of weight difference = 2659.629, Density of A: 36.75%
8: L2_norm of weight difference = 599.423, Density of A: 33.51%
9: L2_norm of weight difference = 3104.139, Density of A: 36.29%
10: L2_norm of weight difference = 3689.588, Density of A: 38.43%
Performance Check >>> 480.000 Return, 200 Steps, 21 Features
iFDD Batch: Max Relevance = 1243.302
New Feature 1: [9, 10], Relevance = 1243.302
New Feature 2: [10, 11], Relevance = 1176.150
New Feature 3: [2, 3], Relevance = 1169.729
New Feature 4: [5, 6], Relevance = 1116.118
New Feature 5: [3, 4], Relevance = 1067.813
New Feature 6: [11, 12], Relevance = 1053.098
New Feature 7: [6, 7], Relevance = 979.863
New Feature 8: [8, 9], Relevance = 970.787
New Feature 9: [13, 14], Relevance = 934.792
New Feature 10: [10, 12], Relevance = 920.897
New Feature 11: [5, 10], Relevance = 894.009
New Feature 12: [12, 13], Relevance = 890.782
New Feature 13: [5, 9], Relevance = 865.637
New Feature 14: [0, 19], Relevance = 864.099
New Feature 15: [7, 8], Relevance = 834.957
New Feature 16: [4, 5], Relevance = 742.145
New Feature 17: [18, 19], Relevance = 716.850
New Feature 18: [0, 1], Relevance = 697.658
New Feature 19: [6, 10], Relevance = 671.735
New Feature 20: [16, 17], Relevance = 647.123
Representation Expansion iteration #2
-----------------
Running LSPI:
1: L2_norm of weight difference = 962.632, Density of A: 11.71%
2: L2_norm of weight difference = 794.565, Density of A: 11.55%
3: L2_norm of weight difference = 3973.200, Density of A: 11.49%
4: L2_norm of weight difference = 3905.441, Density of A: 11.38%
5: L2_norm of weight difference = 16470.296, Density of A: 11.50%
6: L2_norm of weight difference = 16467.477, Density of A: 11.63%
7: L2_norm of weight difference = 8590.937, Density of A: 11.53%
8: L2_norm of weight difference = 8610.470, Density of A: 11.48%
9: L2_norm of weight difference = 9507.167, Density of A: 11.33%
10: L2_norm of weight difference = 10021.470, Density of A: 11.78%
Performance Check >>> 708.000 Return, 200 Steps, 41 Features
iFDD Batch: Max Relevance = 3216.435
New Feature 1: [15, 16], Relevance = 3216.435
New Feature 2: [14, 15], Relevance = 2906.107
New Feature 3: [12, 13, 14], Relevance = 2673.256
New Feature 4: [0, 16], Relevance = 2619.797
New Feature 5: [0, 1, 2], Relevance = 2527.665
New Feature 6: [2, 15], Relevance = 2433.241
New Feature 7: [11, 15], Relevance = 2407.876
New Feature 8: [0, 11], Relevance = 2296.130
New Feature 9: [17, 18], Relevance = 2280.583
New Feature 10: [11, 14], Relevance = 2271.018
New Feature 11: [6, 15], Relevance = 2245.748
New Feature 12: [6, 7, 8, 10], Relevance = 2147.955
New Feature 13: [2, 11], Relevance = 2135.620
New Feature 14: [2, 14], Relevance = 2125.971
New Feature 15: [7, 8, 15], Relevance = 2112.360
New Feature 16: [15, 18], Relevance = 2108.577
New Feature 17: [1, 18], Relevance = 2106.492
New Feature 18: [0, 15], Relevance = 2101.700
New Feature 19: [4, 5, 6], Relevance = 2094.539
New Feature 20: [0, 1, 11], Relevance = 2080.078
Representation Expansion iteration #3
-----------------
Running LSPI:
1: L2_norm of weight difference = 973.872, Density of A: 5.45%
2: L2_norm of weight difference = 744.180, Density of A: 5.30%
3: L2_norm of weight difference = 1569.835, Density of A: 5.25%
4: L2_norm of weight difference = 1481.559, Density of A: 5.25%
5: L2_norm of weight difference = 1091.482, Density of A: 5.35%
6: L2_norm of weight difference = 1254.975, Density of A: 5.30%
7: L2_norm of weight difference = 893.451, Density of A: 5.37%
8: L2_norm of weight difference = 1684.813, Density of A: 5.39%
9: L2_norm of weight difference = 1396.823, Density of A: 5.37%
10: L2_norm of weight difference = 1170.400, Density of A: 5.33%
Performance Check >>> 686.500 Return, 200 Steps, 61 Features
iFDD Batch: Max Relevance = 273.812
5000: E[0:22:51]-R[0:00:00]: Return=782.00, Steps=200, Features = 61
5000 >>> E[0:22:52]-R[0:00:00]: Return=685.75, Steps=200, Features = 61
============================================================
Took 0:22:52
Results	=> ././11-results.txt
Log	=> ././11-out.txt
