============================================================
Domain:		SystemAdministrator
Dimensions:	20
|S|:		1048576
|A|:		21
|S|x|A|:		22020096
Episode Cap:	200
Gamma:		0.95
Computers:	20
Edges:		[(0, 1), (1, 2), (2, 3), (3, 4), (4, 5), (5, 6), (6, 7), (7, 8), (8, 9), (9, 10), (10, 11), (11, 12), (12, 13), (13, 14), (14, 15), (15, 16), (16, 17), (17, 18), (18, 19), (0, 19)]
Neighbors:
0 : [1, 19]
1 : [0, 2]
2 : [1, 3]
3 : [2, 4]
4 : [3, 5]
5 : [4, 6]
6 : [5, 7]
7 : [6, 8]
8 : [7, 9]
9 : [8, 10]
10 : [9, 11]
11 : [10, 12]
12 : [11, 13]
13 : [12, 14]
14 : [13, 15]
15 : [14, 16]
16 : [15, 17]
17 : [16, 18]
18 : [17, 19]
19 : [18, 0]
============================================================
Representation:		IndependentDiscretizationCompactBinary
Features per action:	21
Binary Dimensions:	[ 0  1  2  3  4  5  6  7  8  9 10 11 12 13 14 15 16 17 18 19]
============================================================
Representation:		iFDD
Features per action:	21
Initial Representation:	IndependentDiscretizationCompactBinary
Plus:			1
Sparsify:		1
Cached:			1
Online Threshold:	325.000
Batch Threshold:		325.000
Max Batch Discovery:	20
============================================================
Agent:		RE_LSPI
Policy:		eGreedy
Max LSPI Iterations:	10
Data Size:		5000
Weight Difference tol.:	0.001
Max Representation Expansion Iterations:	20
============================================================
Experiment:		OnlineExperiment
Output:			././13-results.txt
Learning Steps:		5000
Performance Checks:	1
Log Intervals:		60(s)
Representation Expansion iteration #1
-----------------
Running LSPI:
1: L2_norm of weight difference = 1131.069, Density of A: 42.01%
2: L2_norm of weight difference = 1027.976, Density of A: 34.73%
3: L2_norm of weight difference = 1889.947, Density of A: 34.80%
4: L2_norm of weight difference = 2504.598, Density of A: 38.88%
5: L2_norm of weight difference = 619.739, Density of A: 33.95%
6: L2_norm of weight difference = 1963.561, Density of A: 35.31%
7: L2_norm of weight difference = 2582.952, Density of A: 40.19%
8: L2_norm of weight difference = 621.445, Density of A: 33.93%
9: L2_norm of weight difference = 2330.537, Density of A: 35.19%
10: L2_norm of weight difference = 2940.123, Density of A: 40.41%
Performance Check >>> 523.500 Return, 200 Steps, 21 Features
iFDD Batch: Max Relevance = 821.674
New Feature 1: [13, 14], Relevance = 821.674
New Feature 2: [7, 8], Relevance = 747.334
New Feature 3: [15, 16], Relevance = 724.901
New Feature 4: [11, 12], Relevance = 691.082
New Feature 5: [14, 15], Relevance = 663.928
New Feature 6: [12, 13], Relevance = 661.247
New Feature 7: [10, 11], Relevance = 609.896
New Feature 8: [16, 17], Relevance = 601.089
New Feature 9: [18, 19], Relevance = 575.266
New Feature 10: [6, 7], Relevance = 545.773
New Feature 11: [3, 4], Relevance = 526.035
New Feature 12: [2, 3], Relevance = 516.953
New Feature 13: [1, 2], Relevance = 512.135
New Feature 14: [8, 9], Relevance = 482.429
New Feature 15: [9, 10], Relevance = 481.886
New Feature 16: [4, 5], Relevance = 448.260
New Feature 17: [5, 6], Relevance = 443.448
New Feature 18: [0, 1], Relevance = 442.603
New Feature 19: [17, 18], Relevance = 442.443
New Feature 20: [13, 15], Relevance = 418.382
Representation Expansion iteration #2
-----------------
Running LSPI:
1: L2_norm of weight difference = 1142.619, Density of A: 12.44%
2: L2_norm of weight difference = 950.265, Density of A: 12.04%
3: L2_norm of weight difference = 5113.828, Density of A: 12.31%
4: L2_norm of weight difference = 5080.929, Density of A: 11.95%
5: L2_norm of weight difference = 16435.416, Density of A: 11.74%
6: L2_norm of weight difference = 16874.007, Density of A: 12.21%
7: L2_norm of weight difference = 579.228, Density of A: 12.09%
8: L2_norm of weight difference = 4514.059, Density of A: 12.01%
9: L2_norm of weight difference = 4456.048, Density of A: 11.88%
10: L2_norm of weight difference = 7480.014, Density of A: 12.24%
Performance Check >>> 455.750 Return, 200 Steps, 41 Features
iFDD Batch: Max Relevance = 210.534
5000: E[0:06:38]-R[0:00:00]: Return=833.75, Steps=200, Features = 41
5000 >>> E[0:06:39]-R[0:00:00]: Return=626.75, Steps=200, Features = 41
============================================================
Took 0:06:39
Results	=> ././13-results.txt
Log	=> ././13-out.txt
