============================================================
Domain:		SystemAdministrator
Dimensions:	20
|S|:		1048576
|A|:		21
|S|x|A|:		22020096
Episode Cap:	200
Gamma:		0.95
Computers:	20
Edges:		[(0, 1), (1, 2), (2, 3), (3, 4), (4, 5), (5, 6), (6, 7), (7, 8), (8, 9), (9, 10), (10, 11), (11, 12), (12, 13), (13, 14), (14, 15), (15, 16), (16, 17), (17, 18), (18, 19), (0, 19)]
Neighbors:
0 : [1, 19]
1 : [0, 2]
2 : [1, 3]
3 : [2, 4]
4 : [3, 5]
5 : [4, 6]
6 : [5, 7]
7 : [6, 8]
8 : [7, 9]
9 : [8, 10]
10 : [9, 11]
11 : [10, 12]
12 : [11, 13]
13 : [12, 14]
14 : [13, 15]
15 : [14, 16]
16 : [15, 17]
17 : [16, 18]
18 : [17, 19]
19 : [18, 0]
============================================================
Representation:		IndependentDiscretizationCompactBinary
Features per action:	21
Binary Dimensions:	[ 0  1  2  3  4  5  6  7  8  9 10 11 12 13 14 15 16 17 18 19]
============================================================
Representation:		iFDD
Features per action:	21
Initial Representation:	IndependentDiscretizationCompactBinary
Plus:			1
Sparsify:		1
Cached:			1
Online Threshold:	325.000
Batch Threshold:		325.000
Max Batch Discovery:	20
============================================================
Agent:		RE_LSPI
Policy:		eGreedy
Max LSPI Iterations:	10
Data Size:		5000
Weight Difference tol.:	0.001
Max Representation Expansion Iterations:	20
============================================================
Experiment:		OnlineExperiment
Output:			././19-results.txt
Learning Steps:		5000
Performance Checks:	1
Log Intervals:		60(s)
Representation Expansion iteration #1
-----------------
Running LSPI:
1: L2_norm of weight difference = 843.592, Density of A: 41.18%
2: L2_norm of weight difference = 742.714, Density of A: 38.97%
3: L2_norm of weight difference = 1481.121, Density of A: 38.57%
4: L2_norm of weight difference = 1480.771, Density of A: 38.78%
5: L2_norm of weight difference = 1712.609, Density of A: 38.52%
6: L2_norm of weight difference = 1712.141, Density of A: 39.42%
7: L2_norm of weight difference = 1456.596, Density of A: 38.72%
8: L2_norm of weight difference = 1456.902, Density of A: 39.36%
9: L2_norm of weight difference = 1451.964, Density of A: 39.74%
10: L2_norm of weight difference = 1452.002, Density of A: 38.96%
Performance Check >>> 1034.500 Return, 200 Steps, 21 Features
iFDD Batch: Max Relevance = 3565.105
New Feature 1: [8, 9], Relevance = 3565.105
New Feature 2: [0, 8], Relevance = 3465.801
New Feature 3: [7, 8], Relevance = 3399.818
New Feature 4: [8, 15], Relevance = 3396.755
New Feature 5: [0, 1], Relevance = 3371.482
New Feature 6: [8, 17], Relevance = 3371.138
New Feature 7: [2, 3], Relevance = 3369.072
New Feature 8: [1, 8], Relevance = 3366.274
New Feature 9: [8, 16], Relevance = 3355.000
New Feature 10: [8, 10], Relevance = 3343.038
New Feature 11: [9, 10], Relevance = 3342.866
New Feature 12: [15, 16], Relevance = 3340.185
New Feature 13: [5, 14], Relevance = 3323.563
New Feature 14: [1, 9], Relevance = 3323.330
New Feature 15: [8, 14], Relevance = 3323.322
New Feature 16: [14, 15], Relevance = 3312.236
New Feature 17: [4, 14], Relevance = 3311.048
New Feature 18: [16, 17], Relevance = 3310.713
New Feature 19: [12, 14], Relevance = 3307.368
New Feature 20: [2, 8], Relevance = 3300.513
Representation Expansion iteration #2
-----------------
Running LSPI:
1: L2_norm of weight difference = 1197.399, Density of A: 12.61%
2: L2_norm of weight difference = 918.419, Density of A: 12.38%
3: L2_norm of weight difference = 4200.683, Density of A: 12.82%
4: L2_norm of weight difference = 4161.446, Density of A: 12.35%
5: L2_norm of weight difference = 6958.615, Density of A: 12.61%
6: L2_norm of weight difference = 6959.190, Density of A: 12.41%
7: L2_norm of weight difference = 6537.252, Density of A: 12.86%
8: L2_norm of weight difference = 7011.113, Density of A: 12.29%
9: L2_norm of weight difference = 615.969, Density of A: 12.31%
10: L2_norm of weight difference = 5142.475, Density of A: 12.52%
Performance Check >>> 497.000 Return, 200 Steps, 41 Features
iFDD Batch: Max Relevance = 302.879
5000: E[0:06:49]-R[0:00:00]: Return=957.25, Steps=200, Features = 41
5000 >>> E[0:06:50]-R[0:00:00]: Return=614.25, Steps=200, Features = 41
============================================================
Took 0:06:50
Results	=> ././19-results.txt
Log	=> ././19-out.txt
