============================================================
Domain:		SystemAdministrator
Dimensions:	20
|S|:		1048576
|A|:		21
|S|x|A|:		22020096
Episode Cap:	200
Gamma:		0.95
Computers:	20
Edges:		[(0, 1), (1, 2), (2, 3), (3, 4), (4, 5), (5, 6), (6, 7), (7, 8), (8, 9), (9, 10), (10, 11), (11, 12), (12, 13), (13, 14), (14, 15), (15, 16), (16, 17), (17, 18), (18, 19), (0, 19)]
Neighbors:
0 : [1, 19]
1 : [0, 2]
2 : [1, 3]
3 : [2, 4]
4 : [3, 5]
5 : [4, 6]
6 : [5, 7]
7 : [6, 8]
8 : [7, 9]
9 : [8, 10]
10 : [9, 11]
11 : [10, 12]
12 : [11, 13]
13 : [12, 14]
14 : [13, 15]
15 : [14, 16]
16 : [15, 17]
17 : [16, 18]
18 : [17, 19]
19 : [18, 0]
============================================================
Representation:		IndependentDiscretizationCompactBinary
Features per action:	21
Binary Dimensions:	[ 0  1  2  3  4  5  6  7  8  9 10 11 12 13 14 15 16 17 18 19]
============================================================
Representation:		iFDD
Features per action:	21
Initial Representation:	IndependentDiscretizationCompactBinary
Plus:			1
Sparsify:		1
Cached:			1
Online Threshold:	325.000
Batch Threshold:		325.000
Max Batch Discovery:	20
============================================================
Agent:		RE_LSPI
Policy:		eGreedy
Max LSPI Iterations:	10
Data Size:		5000
Weight Difference tol.:	0.001
Max Representation Expansion Iterations:	20
============================================================
Experiment:		OnlineExperiment
Output:			././8-results.txt
Learning Steps:		5000
Performance Checks:	1
Log Intervals:		60(s)
Representation Expansion iteration #1
-----------------
Running LSPI:
1: L2_norm of weight difference = 935.736, Density of A: 43.28%
2: L2_norm of weight difference = 829.513, Density of A: 33.72%
3: L2_norm of weight difference = 23053.433, Density of A: 37.45%
4: L2_norm of weight difference = 23590.685, Density of A: 37.78%
5: L2_norm of weight difference = 543.392, Density of A: 32.73%
6: L2_norm of weight difference = 8151.983, Density of A: 37.00%
7: L2_norm of weight difference = 8690.499, Density of A: 38.13%
8: L2_norm of weight difference = 543.094, Density of A: 32.99%
9: L2_norm of weight difference = 16417.705, Density of A: 36.75%
10: L2_norm of weight difference = 16958.688, Density of A: 37.52%
Performance Check >>> 353.750 Return, 200 Steps, 21 Features
iFDD Batch: Max Relevance = 8670.888
New Feature 1: [4, 5], Relevance = 8670.888
New Feature 2: [5, 6], Relevance = 7781.483
New Feature 3: [7, 8], Relevance = 7179.533
New Feature 4: [10, 11], Relevance = 6552.736
New Feature 5: [3, 4], Relevance = 6503.437
New Feature 6: [3, 5], Relevance = 6382.404
New Feature 7: [1, 2], Relevance = 6184.878
New Feature 8: [5, 7], Relevance = 6155.928
New Feature 9: [4, 7], Relevance = 6093.689
New Feature 10: [9, 10], Relevance = 5942.541
New Feature 11: [8, 9], Relevance = 5800.770
New Feature 12: [6, 7], Relevance = 5529.121
New Feature 13: [2, 3], Relevance = 4974.920
New Feature 14: [11, 12], Relevance = 4815.079
New Feature 15: [9, 11], Relevance = 4664.119
New Feature 16: [13, 14], Relevance = 4653.019
New Feature 17: [4, 8], Relevance = 4516.919
New Feature 18: [5, 11], Relevance = 4450.211
New Feature 19: [0, 19], Relevance = 4351.135
New Feature 20: [5, 8], Relevance = 4331.852
Representation Expansion iteration #2
-----------------
Running LSPI:
1: L2_norm of weight difference = 1188.379, Density of A: 12.94%
2: L2_norm of weight difference = 935.079, Density of A: 12.24%
3: L2_norm of weight difference = 3222.647, Density of A: 12.34%
4: L2_norm of weight difference = 3693.750, Density of A: 12.40%
5: L2_norm of weight difference = 564.352, Density of A: 12.26%
6: L2_norm of weight difference = 1124.378, Density of A: 12.49%
7: L2_norm of weight difference = 1160.147, Density of A: 12.19%
8: L2_norm of weight difference = 4521.113, Density of A: 12.36%
9: L2_norm of weight difference = 4323.535, Density of A: 12.01%
10: L2_norm of weight difference = 1510.479, Density of A: 12.37%
Performance Check >>> 987.500 Return, 200 Steps, 41 Features
iFDD Batch: Max Relevance = 265.665
5000: E[0:06:30]-R[0:00:00]: Return=948.00, Steps=200, Features = 41
5000 >>> E[0:06:30]-R[0:00:00]: Return=971.25, Steps=200, Features = 41
============================================================
Took 0:06:30
Results	=> ././8-results.txt
Log	=> ././8-out.txt
