000 (13256.000.000) 01/18 14:59:05 Job submitted from host: <128.30.112.18:46685>
...
001 (13256.000.000) 01/18 14:59:15 Job executing on host: <128.30.66.167:45266>
...
006 (13256.000.000) 01/18 14:59:16 Image size of job updated: 91420
	0  -  MemoryUsage of job (MB)
	0  -  ResidentSetSize of job (KB)
...
005 (13256.000.000) 01/18 14:59:16 Job terminated.
	(1) Normal termination (return value 1)
		Usr 0 00:00:00, Sys 0 00:00:00  -  Run Remote Usage
		Usr 0 00:00:00, Sys 0 00:00:00  -  Run Local Usage
		Usr 0 00:00:00, Sys 0 00:00:00  -  Total Remote Usage
		Usr 0 00:00:00, Sys 0 00:00:00  -  Total Local Usage
	0  -  Run Bytes Sent By Job
	0  -  Run Bytes Received By Job
	0  -  Total Bytes Sent By Job
	0  -  Total Bytes Received By Job
	Partitionable Resources :    Usage  Request          
	   Cpus                 :                 1          
	   Disk (KB)            :     2750     2750          
	   Memory (MB)          :        0        0          
...
000 (13391.000.000) 01/18 15:25:52 Job submitted from host: <128.30.112.18:46685>
...
001 (13391.000.000) 01/18 15:26:11 Job executing on host: <128.30.66.163:58460>
...
006 (13391.000.000) 01/18 15:26:19 Image size of job updated: 2750
	3  -  MemoryUsage of job (MB)
	2236  -  ResidentSetSize of job (KB)
...
006 (13391.000.000) 01/18 15:31:19 Image size of job updated: 381964
	140  -  MemoryUsage of job (MB)
	142556  -  ResidentSetSize of job (KB)
...
006 (13391.000.000) 01/18 15:33:26 Image size of job updated: 383480
	140  -  MemoryUsage of job (MB)
	142556  -  ResidentSetSize of job (KB)
...
005 (13391.000.000) 01/18 15:33:26 Job terminated.
	(1) Normal termination (return value 0)
		Usr 0 00:07:04, Sys 0 00:00:06  -  Run Remote Usage
		Usr 0 00:00:00, Sys 0 00:00:00  -  Run Local Usage
		Usr 0 00:07:04, Sys 0 00:00:06  -  Total Remote Usage
		Usr 0 00:00:00, Sys 0 00:00:00  -  Total Local Usage
	0  -  Run Bytes Sent By Job
	0  -  Run Bytes Received By Job
	0  -  Total Bytes Sent By Job
	0  -  Total Bytes Received By Job
	Partitionable Resources :    Usage  Request          
	   Cpus                 :                 1          
	   Disk (KB)            :     2750     2750          
	   Memory (MB)          :      140      140          
...
000 (13442.000.000) 01/20 18:42:16 Job submitted from host: <128.30.112.18:46685>
...
001 (13442.000.000) 01/20 18:42:19 Job executing on host: <128.30.66.164:41719>
...
006 (13442.000.000) 01/20 18:42:27 Image size of job updated: 292128
	51  -  MemoryUsage of job (MB)
	52220  -  ResidentSetSize of job (KB)
...
006 (13442.000.000) 01/20 18:45:02 Image size of job updated: 381992
	51  -  MemoryUsage of job (MB)
	52220  -  ResidentSetSize of job (KB)
...
005 (13442.000.000) 01/20 18:45:03 Job terminated.
	(1) Normal termination (return value 0)
		Usr 0 00:02:38, Sys 0 00:00:04  -  Run Remote Usage
		Usr 0 00:00:00, Sys 0 00:00:00  -  Run Local Usage
		Usr 0 00:02:38, Sys 0 00:00:04  -  Total Remote Usage
		Usr 0 00:00:00, Sys 0 00:00:00  -  Total Local Usage
	0  -  Run Bytes Sent By Job
	0  -  Run Bytes Received By Job
	0  -  Total Bytes Sent By Job
	0  -  Total Bytes Received By Job
	Partitionable Resources :    Usage  Request          
	   Cpus                 :                 1          
	   Disk (KB)            :     2750     2750          
	   Memory (MB)          :       51       51          
...
