000 (13266.000.000) 01/18 14:59:06 Job submitted from host: <128.30.112.18:46685>
...
001 (13266.000.000) 01/18 14:59:16 Job executing on host: <128.30.66.167:45266>
...
006 (13266.000.000) 01/18 14:59:16 Image size of job updated: 37572
	0  -  MemoryUsage of job (MB)
	0  -  ResidentSetSize of job (KB)
...
005 (13266.000.000) 01/18 14:59:16 Job terminated.
	(1) Normal termination (return value 1)
		Usr 0 00:00:00, Sys 0 00:00:00  -  Run Remote Usage
		Usr 0 00:00:00, Sys 0 00:00:00  -  Run Local Usage
		Usr 0 00:00:00, Sys 0 00:00:00  -  Total Remote Usage
		Usr 0 00:00:00, Sys 0 00:00:00  -  Total Local Usage
	0  -  Run Bytes Sent By Job
	0  -  Run Bytes Received By Job
	0  -  Total Bytes Sent By Job
	0  -  Total Bytes Received By Job
	Partitionable Resources :    Usage  Request          
	   Cpus                 :                 1          
	   Disk (KB)            :     2750     2750          
	   Memory (MB)          :        0        0          
...
000 (13401.000.000) 01/18 15:25:53 Job submitted from host: <128.30.112.18:46685>
...
001 (13401.000.000) 01/18 15:26:11 Job executing on host: <128.30.108.55:47581>
...
006 (13401.000.000) 01/18 15:26:20 Image size of job updated: 49416
	7  -  MemoryUsage of job (MB)
	6264  -  ResidentSetSize of job (KB)
...
006 (13401.000.000) 01/18 15:31:09 Image size of job updated: 289056
	7  -  MemoryUsage of job (MB)
	6264  -  ResidentSetSize of job (KB)
...
005 (13401.000.000) 01/18 15:31:09 Job terminated.
	(1) Normal termination (return value 1)
		Usr 0 00:04:03, Sys 0 00:00:43  -  Run Remote Usage
		Usr 0 00:00:00, Sys 0 00:00:00  -  Run Local Usage
		Usr 0 00:04:03, Sys 0 00:00:43  -  Total Remote Usage
		Usr 0 00:00:00, Sys 0 00:00:00  -  Total Local Usage
	0  -  Run Bytes Sent By Job
	0  -  Run Bytes Received By Job
	0  -  Total Bytes Sent By Job
	0  -  Total Bytes Received By Job
	Partitionable Resources :    Usage  Request          
	   Cpus                 :                 1          
	   Disk (KB)            :     2750     2750          
	   Memory (MB)          :        7        7          
...
000 (13452.000.000) 01/20 18:42:17 Job submitted from host: <128.30.112.18:46685>
...
001 (13452.000.000) 01/20 18:42:19 Job executing on host: <128.30.66.164:41719>
...
006 (13452.000.000) 01/20 18:42:28 Image size of job updated: 292036
	52  -  MemoryUsage of job (MB)
	52236  -  ResidentSetSize of job (KB)
...
006 (13452.000.000) 01/20 18:45:02 Image size of job updated: 384488
	52  -  MemoryUsage of job (MB)
	52236  -  ResidentSetSize of job (KB)
...
005 (13452.000.000) 01/20 18:45:02 Job terminated.
	(1) Normal termination (return value 0)
		Usr 0 00:02:30, Sys 0 00:00:04  -  Run Remote Usage
		Usr 0 00:00:00, Sys 0 00:00:00  -  Run Local Usage
		Usr 0 00:02:30, Sys 0 00:00:04  -  Total Remote Usage
		Usr 0 00:00:00, Sys 0 00:00:00  -  Total Local Usage
	0  -  Run Bytes Sent By Job
	0  -  Run Bytes Received By Job
	0  -  Total Bytes Sent By Job
	0  -  Total Bytes Received By Job
	Partitionable Resources :    Usage  Request          
	   Cpus                 :                 1          
	   Disk (KB)            :     2750     2750          
	   Memory (MB)          :       52       52          
...
