000 (13267.000.000) 01/18 14:59:06 Job submitted from host: <128.30.112.18:46685>
...
001 (13267.000.000) 01/18 14:59:16 Job executing on host: <128.30.66.165:41096>
...
006 (13267.000.000) 01/18 14:59:16 Image size of job updated: 89640
	0  -  MemoryUsage of job (MB)
	0  -  ResidentSetSize of job (KB)
...
005 (13267.000.000) 01/18 14:59:16 Job terminated.
	(1) Normal termination (return value 1)
		Usr 0 00:00:00, Sys 0 00:00:00  -  Run Remote Usage
		Usr 0 00:00:00, Sys 0 00:00:00  -  Run Local Usage
		Usr 0 00:00:00, Sys 0 00:00:00  -  Total Remote Usage
		Usr 0 00:00:00, Sys 0 00:00:00  -  Total Local Usage
	0  -  Run Bytes Sent By Job
	0  -  Run Bytes Received By Job
	0  -  Total Bytes Sent By Job
	0  -  Total Bytes Received By Job
	Partitionable Resources :    Usage  Request          
	   Cpus                 :                 1          
	   Disk (KB)            :     2750     2750          
	   Memory (MB)          :        0        0          
...
000 (13402.000.000) 01/18 15:25:53 Job submitted from host: <128.30.112.18:46685>
...
001 (13402.000.000) 01/18 15:26:11 Job executing on host: <128.30.108.55:47581>
...
006 (13402.000.000) 01/18 15:26:20 Image size of job updated: 49412
	7  -  MemoryUsage of job (MB)
	6260  -  ResidentSetSize of job (KB)
...
006 (13402.000.000) 01/18 15:30:56 Image size of job updated: 289440
	7  -  MemoryUsage of job (MB)
	6260  -  ResidentSetSize of job (KB)
...
005 (13402.000.000) 01/18 15:30:56 Job terminated.
	(1) Normal termination (return value 1)
		Usr 0 00:04:06, Sys 0 00:00:22  -  Run Remote Usage
		Usr 0 00:00:00, Sys 0 00:00:00  -  Run Local Usage
		Usr 0 00:04:06, Sys 0 00:00:22  -  Total Remote Usage
		Usr 0 00:00:00, Sys 0 00:00:00  -  Total Local Usage
	0  -  Run Bytes Sent By Job
	0  -  Run Bytes Received By Job
	0  -  Total Bytes Sent By Job
	0  -  Total Bytes Received By Job
	Partitionable Resources :    Usage  Request          
	   Cpus                 :                 1          
	   Disk (KB)            :     2750     2750          
	   Memory (MB)          :        7        7          
...
000 (13453.000.000) 01/20 18:42:17 Job submitted from host: <128.30.112.18:46685>
...
001 (13453.000.000) 01/20 18:42:19 Job executing on host: <128.30.66.165:41096>
...
006 (13453.000.000) 01/20 18:42:28 Image size of job updated: 2750
	3  -  MemoryUsage of job (MB)
	2228  -  ResidentSetSize of job (KB)
...
006 (13453.000.000) 01/20 18:45:18 Image size of job updated: 382192
	3  -  MemoryUsage of job (MB)
	2228  -  ResidentSetSize of job (KB)
...
005 (13453.000.000) 01/20 18:45:18 Job terminated.
	(1) Normal termination (return value 0)
		Usr 0 00:02:51, Sys 0 00:00:04  -  Run Remote Usage
		Usr 0 00:00:00, Sys 0 00:00:00  -  Run Local Usage
		Usr 0 00:02:51, Sys 0 00:00:04  -  Total Remote Usage
		Usr 0 00:00:00, Sys 0 00:00:00  -  Total Local Usage
	0  -  Run Bytes Sent By Job
	0  -  Run Bytes Received By Job
	0  -  Total Bytes Sent By Job
	0  -  Total Bytes Received By Job
	Partitionable Resources :    Usage  Request          
	   Cpus                 :                 1          
	   Disk (KB)            :     2750     2750          
	   Memory (MB)          :        3        3          
...
