000 (13268.000.000) 01/18 14:59:06 Job submitted from host: <128.30.112.18:46685>
...
001 (13268.000.000) 01/18 14:59:16 Job executing on host: <128.30.66.169:43926>
...
006 (13268.000.000) 01/18 14:59:16 Image size of job updated: 60492
	0  -  MemoryUsage of job (MB)
	0  -  ResidentSetSize of job (KB)
...
005 (13268.000.000) 01/18 14:59:16 Job terminated.
	(1) Normal termination (return value 1)
		Usr 0 00:00:00, Sys 0 00:00:00  -  Run Remote Usage
		Usr 0 00:00:00, Sys 0 00:00:00  -  Run Local Usage
		Usr 0 00:00:00, Sys 0 00:00:00  -  Total Remote Usage
		Usr 0 00:00:00, Sys 0 00:00:00  -  Total Local Usage
	0  -  Run Bytes Sent By Job
	0  -  Run Bytes Received By Job
	0  -  Total Bytes Sent By Job
	0  -  Total Bytes Received By Job
	Partitionable Resources :    Usage  Request          
	   Cpus                 :                 1          
	   Disk (KB)            :     2750     2750          
	   Memory (MB)          :        0        0          
...
000 (13403.000.000) 01/18 15:25:53 Job submitted from host: <128.30.112.18:46685>
...
001 (13403.000.000) 01/18 15:26:12 Job executing on host: <128.30.108.55:47581>
...
006 (13403.000.000) 01/18 15:26:20 Image size of job updated: 2750
	3  -  MemoryUsage of job (MB)
	2296  -  ResidentSetSize of job (KB)
...
006 (13403.000.000) 01/18 15:31:01 Image size of job updated: 289352
	3  -  MemoryUsage of job (MB)
	2296  -  ResidentSetSize of job (KB)
...
005 (13403.000.000) 01/18 15:31:01 Job terminated.
	(1) Normal termination (return value 1)
		Usr 0 00:04:26, Sys 0 00:00:16  -  Run Remote Usage
		Usr 0 00:00:00, Sys 0 00:00:00  -  Run Local Usage
		Usr 0 00:04:26, Sys 0 00:00:16  -  Total Remote Usage
		Usr 0 00:00:00, Sys 0 00:00:00  -  Total Local Usage
	0  -  Run Bytes Sent By Job
	0  -  Run Bytes Received By Job
	0  -  Total Bytes Sent By Job
	0  -  Total Bytes Received By Job
	Partitionable Resources :    Usage  Request          
	   Cpus                 :                 1          
	   Disk (KB)            :     2750     2750          
	   Memory (MB)          :        3        3          
...
000 (13454.000.000) 01/20 18:42:17 Job submitted from host: <128.30.112.18:46685>
...
001 (13454.000.000) 01/20 18:42:19 Job executing on host: <128.30.66.163:58460>
...
006 (13454.000.000) 01/20 18:42:28 Image size of job updated: 89268
	14  -  MemoryUsage of job (MB)
	13348  -  ResidentSetSize of job (KB)
...
006 (13454.000.000) 01/20 18:47:29 Image size of job updated: 461172
	217  -  MemoryUsage of job (MB)
	221572  -  ResidentSetSize of job (KB)
...
006 (13454.000.000) 01/20 18:52:30 Image size of job updated: 553204
	307  -  MemoryUsage of job (MB)
	313716  -  ResidentSetSize of job (KB)
...
005 (13454.000.000) 01/20 19:15:33 Job terminated.
	(1) Normal termination (return value 0)
		Usr 0 00:26:21, Sys 0 00:06:41  -  Run Remote Usage
		Usr 0 00:00:00, Sys 0 00:00:00  -  Run Local Usage
		Usr 0 00:26:21, Sys 0 00:06:41  -  Total Remote Usage
		Usr 0 00:00:00, Sys 0 00:00:00  -  Total Local Usage
	0  -  Run Bytes Sent By Job
	0  -  Run Bytes Received By Job
	0  -  Total Bytes Sent By Job
	0  -  Total Bytes Received By Job
	Partitionable Resources :    Usage  Request          
	   Cpus                 :                 1          
	   Disk (KB)            :     2750     2750          
	   Memory (MB)          :      307      307          
...
