000 (13269.000.000) 01/18 14:59:06 Job submitted from host: <128.30.112.18:46685>
...
001 (13269.000.000) 01/18 14:59:16 Job executing on host: <128.30.113.110:53061>
...
006 (13269.000.000) 01/18 14:59:24 Image size of job updated: 2750
	3  -  MemoryUsage of job (MB)
	2296  -  ResidentSetSize of job (KB)
...
006 (13269.000.000) 01/18 15:00:57 Image size of job updated: 354756
	3  -  MemoryUsage of job (MB)
	2296  -  ResidentSetSize of job (KB)
...
005 (13269.000.000) 01/18 15:00:57 Job terminated.
	(1) Normal termination (return value 1)
		Usr 0 00:01:25, Sys 0 00:00:04  -  Run Remote Usage
		Usr 0 00:00:00, Sys 0 00:00:00  -  Run Local Usage
		Usr 0 00:01:25, Sys 0 00:00:04  -  Total Remote Usage
		Usr 0 00:00:00, Sys 0 00:00:00  -  Total Local Usage
	0  -  Run Bytes Sent By Job
	0  -  Run Bytes Received By Job
	0  -  Total Bytes Sent By Job
	0  -  Total Bytes Received By Job
	Partitionable Resources :    Usage  Request          
	   Cpus                 :                 1          
	   Disk (KB)            :     2750     2750          
	   Memory (MB)          :        3        3          
...
000 (13404.000.000) 01/18 15:25:53 Job submitted from host: <128.30.112.18:46685>
...
001 (13404.000.000) 01/18 15:26:12 Job executing on host: <128.30.108.61:46809>
...
006 (13404.000.000) 01/18 15:26:20 Image size of job updated: 2750
	3  -  MemoryUsage of job (MB)
	2292  -  ResidentSetSize of job (KB)
...
006 (13404.000.000) 01/18 15:30:42 Image size of job updated: 290760
	3  -  MemoryUsage of job (MB)
	2292  -  ResidentSetSize of job (KB)
...
005 (13404.000.000) 01/18 15:30:42 Job terminated.
	(1) Normal termination (return value 1)
		Usr 0 00:04:13, Sys 0 00:00:16  -  Run Remote Usage
		Usr 0 00:00:00, Sys 0 00:00:00  -  Run Local Usage
		Usr 0 00:04:13, Sys 0 00:00:16  -  Total Remote Usage
		Usr 0 00:00:00, Sys 0 00:00:00  -  Total Local Usage
	0  -  Run Bytes Sent By Job
	0  -  Run Bytes Received By Job
	0  -  Total Bytes Sent By Job
	0  -  Total Bytes Received By Job
	Partitionable Resources :    Usage  Request          
	   Cpus                 :                 1          
	   Disk (KB)            :     2750     2750          
	   Memory (MB)          :        3        3          
...
000 (13455.000.000) 01/20 18:42:18 Job submitted from host: <128.30.112.18:46685>
...
001 (13455.000.000) 01/20 18:42:19 Job executing on host: <128.30.66.170:39331>
...
006 (13455.000.000) 01/20 18:42:28 Image size of job updated: 2750
	3  -  MemoryUsage of job (MB)
	2236  -  ResidentSetSize of job (KB)
...
006 (13455.000.000) 01/20 18:47:30 Image size of job updated: 461060
	146  -  MemoryUsage of job (MB)
	148876  -  ResidentSetSize of job (KB)
...
006 (13455.000.000) 01/20 18:52:30 Image size of job updated: 553092
	237  -  MemoryUsage of job (MB)
	242528  -  ResidentSetSize of job (KB)
...
005 (13455.000.000) 01/20 19:12:58 Job terminated.
	(1) Normal termination (return value 0)
		Usr 0 00:23:36, Sys 0 00:06:46  -  Run Remote Usage
		Usr 0 00:00:00, Sys 0 00:00:00  -  Run Local Usage
		Usr 0 00:23:36, Sys 0 00:06:46  -  Total Remote Usage
		Usr 0 00:00:00, Sys 0 00:00:00  -  Total Local Usage
	0  -  Run Bytes Sent By Job
	0  -  Run Bytes Received By Job
	0  -  Total Bytes Sent By Job
	0  -  Total Bytes Received By Job
	Partitionable Resources :    Usage  Request          
	   Cpus                 :                 1          
	   Disk (KB)            :     2750     2750          
	   Memory (MB)          :      237      237          
...
