000 (13270.000.000) 01/18 14:59:06 Job submitted from host: <128.30.112.18:46685>
...
001 (13270.000.000) 01/18 14:59:16 Job executing on host: <128.30.66.163:58460>
...
006 (13270.000.000) 01/18 14:59:16 Image size of job updated: 89304
	0  -  MemoryUsage of job (MB)
	0  -  ResidentSetSize of job (KB)
...
005 (13270.000.000) 01/18 14:59:16 Job terminated.
	(1) Normal termination (return value 1)
		Usr 0 00:00:00, Sys 0 00:00:00  -  Run Remote Usage
		Usr 0 00:00:00, Sys 0 00:00:00  -  Run Local Usage
		Usr 0 00:00:00, Sys 0 00:00:00  -  Total Remote Usage
		Usr 0 00:00:00, Sys 0 00:00:00  -  Total Local Usage
	0  -  Run Bytes Sent By Job
	0  -  Run Bytes Received By Job
	0  -  Total Bytes Sent By Job
	0  -  Total Bytes Received By Job
	Partitionable Resources :    Usage  Request          
	   Cpus                 :                 1          
	   Disk (KB)            :     2750     2750          
	   Memory (MB)          :        0        0          
...
000 (13405.000.000) 01/18 15:25:53 Job submitted from host: <128.30.112.18:46685>
...
001 (13405.000.000) 01/18 15:26:12 Job executing on host: <128.30.108.61:46809>
...
006 (13405.000.000) 01/18 15:26:20 Image size of job updated: 83904
	12  -  MemoryUsage of job (MB)
	11380  -  ResidentSetSize of job (KB)
...
006 (13405.000.000) 01/18 15:30:41 Image size of job updated: 289308
	12  -  MemoryUsage of job (MB)
	11380  -  ResidentSetSize of job (KB)
...
005 (13405.000.000) 01/18 15:30:41 Job terminated.
	(1) Normal termination (return value 1)
		Usr 0 00:03:58, Sys 0 00:00:15  -  Run Remote Usage
		Usr 0 00:00:00, Sys 0 00:00:00  -  Run Local Usage
		Usr 0 00:03:58, Sys 0 00:00:15  -  Total Remote Usage
		Usr 0 00:00:00, Sys 0 00:00:00  -  Total Local Usage
	0  -  Run Bytes Sent By Job
	0  -  Run Bytes Received By Job
	0  -  Total Bytes Sent By Job
	0  -  Total Bytes Received By Job
	Partitionable Resources :    Usage  Request          
	   Cpus                 :                 1          
	   Disk (KB)            :     2750     2750          
	   Memory (MB)          :       12       12          
...
