000 (13257.000.000) 01/18 14:59:05 Job submitted from host: <128.30.112.18:46685>
...
001 (13257.000.000) 01/18 14:59:15 Job executing on host: <128.30.66.164:41719>
...
006 (13257.000.000) 01/18 14:59:16 Image size of job updated: 91964
	0  -  MemoryUsage of job (MB)
	0  -  ResidentSetSize of job (KB)
...
005 (13257.000.000) 01/18 14:59:16 Job terminated.
	(1) Normal termination (return value 1)
		Usr 0 00:00:00, Sys 0 00:00:00  -  Run Remote Usage
		Usr 0 00:00:00, Sys 0 00:00:00  -  Run Local Usage
		Usr 0 00:00:00, Sys 0 00:00:00  -  Total Remote Usage
		Usr 0 00:00:00, Sys 0 00:00:00  -  Total Local Usage
	0  -  Run Bytes Sent By Job
	0  -  Run Bytes Received By Job
	0  -  Total Bytes Sent By Job
	0  -  Total Bytes Received By Job
	Partitionable Resources :    Usage  Request          
	   Cpus                 :                 1          
	   Disk (KB)            :     2750     2750          
	   Memory (MB)          :        0        0          
...
000 (13392.000.000) 01/18 15:25:52 Job submitted from host: <128.30.112.18:46685>
...
001 (13392.000.000) 01/18 15:26:10 Job executing on host: <128.30.108.56:54286>
...
006 (13392.000.000) 01/18 15:26:19 Image size of job updated: 195076
	30  -  MemoryUsage of job (MB)
	30544  -  ResidentSetSize of job (KB)
...
006 (13392.000.000) 01/18 15:30:39 Image size of job updated: 290808
	30  -  MemoryUsage of job (MB)
	30544  -  ResidentSetSize of job (KB)
...
005 (13392.000.000) 01/18 15:30:39 Job terminated.
	(1) Normal termination (return value 1)
		Usr 0 00:04:13, Sys 0 00:00:15  -  Run Remote Usage
		Usr 0 00:00:00, Sys 0 00:00:00  -  Run Local Usage
		Usr 0 00:04:13, Sys 0 00:00:15  -  Total Remote Usage
		Usr 0 00:00:00, Sys 0 00:00:00  -  Total Local Usage
	0  -  Run Bytes Sent By Job
	0  -  Run Bytes Received By Job
	0  -  Total Bytes Sent By Job
	0  -  Total Bytes Received By Job
	Partitionable Resources :    Usage  Request          
	   Cpus                 :                 1          
	   Disk (KB)            :     2750     2750          
	   Memory (MB)          :       30       30          
...
