000 (13259.000.000) 01/18 14:59:05 Job submitted from host: <128.30.112.18:46685>
...
001 (13259.000.000) 01/18 14:59:16 Job executing on host: <128.30.66.165:41096>
...
006 (13259.000.000) 01/18 14:59:16 Image size of job updated: 90964
	0  -  MemoryUsage of job (MB)
	0  -  ResidentSetSize of job (KB)
...
005 (13259.000.000) 01/18 14:59:16 Job terminated.
	(1) Normal termination (return value 1)
		Usr 0 00:00:00, Sys 0 00:00:00  -  Run Remote Usage
		Usr 0 00:00:00, Sys 0 00:00:00  -  Run Local Usage
		Usr 0 00:00:00, Sys 0 00:00:00  -  Total Remote Usage
		Usr 0 00:00:00, Sys 0 00:00:00  -  Total Local Usage
	0  -  Run Bytes Sent By Job
	0  -  Run Bytes Received By Job
	0  -  Total Bytes Sent By Job
	0  -  Total Bytes Received By Job
	Partitionable Resources :    Usage  Request          
	   Cpus                 :                 1          
	   Disk (KB)            :     2750     2750          
	   Memory (MB)          :        0        0          
...
000 (13394.000.000) 01/18 15:25:52 Job submitted from host: <128.30.112.18:46685>
...
001 (13394.000.000) 01/18 15:26:11 Job executing on host: <128.30.108.60:38441>
...
006 (13394.000.000) 01/18 15:26:20 Image size of job updated: 104672
	14  -  MemoryUsage of job (MB)
	13612  -  ResidentSetSize of job (KB)
...
006 (13394.000.000) 01/18 15:30:43 Image size of job updated: 290776
	14  -  MemoryUsage of job (MB)
	13612  -  ResidentSetSize of job (KB)
...
005 (13394.000.000) 01/18 15:30:43 Job terminated.
	(1) Normal termination (return value 1)
		Usr 0 00:04:14, Sys 0 00:00:15  -  Run Remote Usage
		Usr 0 00:00:00, Sys 0 00:00:00  -  Run Local Usage
		Usr 0 00:04:14, Sys 0 00:00:15  -  Total Remote Usage
		Usr 0 00:00:00, Sys 0 00:00:00  -  Total Local Usage
	0  -  Run Bytes Sent By Job
	0  -  Run Bytes Received By Job
	0  -  Total Bytes Sent By Job
	0  -  Total Bytes Received By Job
	Partitionable Resources :    Usage  Request          
	   Cpus                 :                 1          
	   Disk (KB)            :     2750     2750          
	   Memory (MB)          :       14       14          
...
000 (13445.000.000) 01/20 18:42:17 Job submitted from host: <128.30.112.18:46685>
...
001 (13445.000.000) 01/20 18:42:19 Job executing on host: <128.30.66.164:41719>
...
006 (13445.000.000) 01/20 18:42:27 Image size of job updated: 292176
	52  -  MemoryUsage of job (MB)
	52484  -  ResidentSetSize of job (KB)
...
006 (13445.000.000) 01/20 18:45:03 Image size of job updated: 382152
	52  -  MemoryUsage of job (MB)
	52484  -  ResidentSetSize of job (KB)
...
005 (13445.000.000) 01/20 18:45:03 Job terminated.
	(1) Normal termination (return value 0)
		Usr 0 00:02:39, Sys 0 00:00:04  -  Run Remote Usage
		Usr 0 00:00:00, Sys 0 00:00:00  -  Run Local Usage
		Usr 0 00:02:39, Sys 0 00:00:04  -  Total Remote Usage
		Usr 0 00:00:00, Sys 0 00:00:00  -  Total Local Usage
	0  -  Run Bytes Sent By Job
	0  -  Run Bytes Received By Job
	0  -  Total Bytes Sent By Job
	0  -  Total Bytes Received By Job
	Partitionable Resources :    Usage  Request          
	   Cpus                 :                 1          
	   Disk (KB)            :     2750     2750          
	   Memory (MB)          :       52       52          
...
