000 (13261.000.000) 01/18 14:59:05 Job submitted from host: <128.30.112.18:46685>
...
001 (13261.000.000) 01/18 14:59:16 Job executing on host: <128.30.66.166:36393>
...
006 (13261.000.000) 01/18 14:59:16 Image size of job updated: 2750
	0  -  MemoryUsage of job (MB)
	0  -  ResidentSetSize of job (KB)
...
005 (13261.000.000) 01/18 14:59:16 Job terminated.
	(1) Normal termination (return value 1)
		Usr 0 00:00:00, Sys 0 00:00:00  -  Run Remote Usage
		Usr 0 00:00:00, Sys 0 00:00:00  -  Run Local Usage
		Usr 0 00:00:00, Sys 0 00:00:00  -  Total Remote Usage
		Usr 0 00:00:00, Sys 0 00:00:00  -  Total Local Usage
	0  -  Run Bytes Sent By Job
	0  -  Run Bytes Received By Job
	0  -  Total Bytes Sent By Job
	0  -  Total Bytes Received By Job
	Partitionable Resources :    Usage  Request          
	   Cpus                 :                 1          
	   Disk (KB)            :     2750     2750          
	   Memory (MB)          :        0        0          
...
000 (13396.000.000) 01/18 15:25:52 Job submitted from host: <128.30.112.18:46685>
...
001 (13396.000.000) 01/18 15:26:11 Job executing on host: <128.30.108.60:38441>
...
006 (13396.000.000) 01/18 15:26:20 Image size of job updated: 84208
	12  -  MemoryUsage of job (MB)
	11800  -  ResidentSetSize of job (KB)
...
006 (13396.000.000) 01/18 15:30:42 Image size of job updated: 290708
	12  -  MemoryUsage of job (MB)
	11800  -  ResidentSetSize of job (KB)
...
005 (13396.000.000) 01/18 15:30:42 Job terminated.
	(1) Normal termination (return value 1)
		Usr 0 00:04:12, Sys 0 00:00:16  -  Run Remote Usage
		Usr 0 00:00:00, Sys 0 00:00:00  -  Run Local Usage
		Usr 0 00:04:12, Sys 0 00:00:16  -  Total Remote Usage
		Usr 0 00:00:00, Sys 0 00:00:00  -  Total Local Usage
	0  -  Run Bytes Sent By Job
	0  -  Run Bytes Received By Job
	0  -  Total Bytes Sent By Job
	0  -  Total Bytes Received By Job
	Partitionable Resources :    Usage  Request          
	   Cpus                 :                 1          
	   Disk (KB)            :     2750     2750          
	   Memory (MB)          :       12       12          
...
