000 (13262.000.000) 01/18 14:59:05 Job submitted from host: <128.30.112.18:46685>
...
001 (13262.000.000) 01/18 14:59:16 Job executing on host: <128.30.66.167:45266>
...
006 (13262.000.000) 01/18 14:59:16 Image size of job updated: 84184
	0  -  MemoryUsage of job (MB)
	0  -  ResidentSetSize of job (KB)
...
005 (13262.000.000) 01/18 14:59:16 Job terminated.
	(1) Normal termination (return value 1)
		Usr 0 00:00:00, Sys 0 00:00:00  -  Run Remote Usage
		Usr 0 00:00:00, Sys 0 00:00:00  -  Run Local Usage
		Usr 0 00:00:00, Sys 0 00:00:00  -  Total Remote Usage
		Usr 0 00:00:00, Sys 0 00:00:00  -  Total Local Usage
	0  -  Run Bytes Sent By Job
	0  -  Run Bytes Received By Job
	0  -  Total Bytes Sent By Job
	0  -  Total Bytes Received By Job
	Partitionable Resources :    Usage  Request          
	   Cpus                 :                 1          
	   Disk (KB)            :     2750     2750          
	   Memory (MB)          :        0        0          
...
000 (13397.000.000) 01/18 15:25:52 Job submitted from host: <128.30.112.18:46685>
...
001 (13397.000.000) 01/18 15:26:11 Job executing on host: <128.30.108.60:38441>
...
006 (13397.000.000) 01/18 15:26:20 Image size of job updated: 2750
	3  -  MemoryUsage of job (MB)
	2296  -  ResidentSetSize of job (KB)
...
006 (13397.000.000) 01/18 15:30:40 Image size of job updated: 289256
	3  -  MemoryUsage of job (MB)
	2296  -  ResidentSetSize of job (KB)
...
005 (13397.000.000) 01/18 15:30:40 Job terminated.
	(1) Normal termination (return value 1)
		Usr 0 00:03:56, Sys 0 00:00:16  -  Run Remote Usage
		Usr 0 00:00:00, Sys 0 00:00:00  -  Run Local Usage
		Usr 0 00:03:56, Sys 0 00:00:16  -  Total Remote Usage
		Usr 0 00:00:00, Sys 0 00:00:00  -  Total Local Usage
	0  -  Run Bytes Sent By Job
	0  -  Run Bytes Received By Job
	0  -  Total Bytes Sent By Job
	0  -  Total Bytes Received By Job
	Partitionable Resources :    Usage  Request          
	   Cpus                 :                 1          
	   Disk (KB)            :     2750     2750          
	   Memory (MB)          :        3        3          
...
000 (13448.000.000) 01/20 18:42:17 Job submitted from host: <128.30.112.18:46685>
...
001 (13448.000.000) 01/20 18:42:19 Job executing on host: <128.30.66.164:41719>
...
006 (13448.000.000) 01/20 18:42:27 Image size of job updated: 292176
	52  -  MemoryUsage of job (MB)
	52236  -  ResidentSetSize of job (KB)
...
006 (13448.000.000) 01/20 18:45:04 Image size of job updated: 384400
	52  -  MemoryUsage of job (MB)
	52236  -  ResidentSetSize of job (KB)
...
005 (13448.000.000) 01/20 18:45:04 Job terminated.
	(1) Normal termination (return value 0)
		Usr 0 00:02:38, Sys 0 00:00:04  -  Run Remote Usage
		Usr 0 00:00:00, Sys 0 00:00:00  -  Run Local Usage
		Usr 0 00:02:38, Sys 0 00:00:04  -  Total Remote Usage
		Usr 0 00:00:00, Sys 0 00:00:00  -  Total Local Usage
	0  -  Run Bytes Sent By Job
	0  -  Run Bytes Received By Job
	0  -  Total Bytes Sent By Job
	0  -  Total Bytes Received By Job
	Partitionable Resources :    Usage  Request          
	   Cpus                 :                 1          
	   Disk (KB)            :     2750     2750          
	   Memory (MB)          :       52       52          
...
