000 (13263.000.000) 01/18 14:59:05 Job submitted from host: <128.30.112.18:46685>
...
001 (13263.000.000) 01/18 14:59:16 Job executing on host: <128.30.66.163:58460>
...
006 (13263.000.000) 01/18 14:59:16 Image size of job updated: 86332
	0  -  MemoryUsage of job (MB)
	0  -  ResidentSetSize of job (KB)
...
005 (13263.000.000) 01/18 14:59:16 Job terminated.
	(1) Normal termination (return value 1)
		Usr 0 00:00:00, Sys 0 00:00:00  -  Run Remote Usage
		Usr 0 00:00:00, Sys 0 00:00:00  -  Run Local Usage
		Usr 0 00:00:00, Sys 0 00:00:00  -  Total Remote Usage
		Usr 0 00:00:00, Sys 0 00:00:00  -  Total Local Usage
	0  -  Run Bytes Sent By Job
	0  -  Run Bytes Received By Job
	0  -  Total Bytes Sent By Job
	0  -  Total Bytes Received By Job
	Partitionable Resources :    Usage  Request          
	   Cpus                 :                 1          
	   Disk (KB)            :     2750     2750          
	   Memory (MB)          :        0        0          
...
000 (13398.000.000) 01/18 15:25:53 Job submitted from host: <128.30.112.18:46685>
...
001 (13398.000.000) 01/18 15:26:11 Job executing on host: <128.30.112.22:37669>
...
006 (13398.000.000) 01/18 15:26:20 Image size of job updated: 2750
	3  -  MemoryUsage of job (MB)
	2268  -  ResidentSetSize of job (KB)
...
006 (13398.000.000) 01/18 15:30:57 Image size of job updated: 290804
	3  -  MemoryUsage of job (MB)
	2268  -  ResidentSetSize of job (KB)
...
005 (13398.000.000) 01/18 15:30:57 Job terminated.
	(1) Normal termination (return value 1)
		Usr 0 00:04:00, Sys 0 00:00:39  -  Run Remote Usage
		Usr 0 00:00:00, Sys 0 00:00:00  -  Run Local Usage
		Usr 0 00:04:00, Sys 0 00:00:39  -  Total Remote Usage
		Usr 0 00:00:00, Sys 0 00:00:00  -  Total Local Usage
	0  -  Run Bytes Sent By Job
	0  -  Run Bytes Received By Job
	0  -  Total Bytes Sent By Job
	0  -  Total Bytes Received By Job
	Partitionable Resources :    Usage  Request          
	   Cpus                 :                 1          
	   Disk (KB)            :     2750     2750          
	   Memory (MB)          :        3        3          
...
000 (13449.000.000) 01/20 18:42:17 Job submitted from host: <128.30.112.18:46685>
...
001 (13449.000.000) 01/20 18:42:19 Job executing on host: <128.30.66.170:39331>
...
006 (13449.000.000) 01/20 18:42:28 Image size of job updated: 89260
	14  -  MemoryUsage of job (MB)
	13612  -  ResidentSetSize of job (KB)
...
006 (13449.000.000) 01/20 18:47:22 Image size of job updated: 382000
	14  -  MemoryUsage of job (MB)
	13612  -  ResidentSetSize of job (KB)
...
005 (13449.000.000) 01/20 18:47:22 Job terminated.
	(1) Normal termination (return value 0)
		Usr 0 00:04:37, Sys 0 00:00:23  -  Run Remote Usage
		Usr 0 00:00:00, Sys 0 00:00:00  -  Run Local Usage
		Usr 0 00:04:37, Sys 0 00:00:23  -  Total Remote Usage
		Usr 0 00:00:00, Sys 0 00:00:00  -  Total Local Usage
	0  -  Run Bytes Sent By Job
	0  -  Run Bytes Received By Job
	0  -  Total Bytes Sent By Job
	0  -  Total Bytes Received By Job
	Partitionable Resources :    Usage  Request          
	   Cpus                 :                 1          
	   Disk (KB)            :     2750     2750          
	   Memory (MB)          :       14       14          
...
