000 (13264.000.000) 01/18 14:59:05 Job submitted from host: <128.30.112.18:46685>
...
001 (13264.000.000) 01/18 14:59:16 Job executing on host: <128.30.66.164:41719>
...
006 (13264.000.000) 01/18 14:59:16 Image size of job updated: 2750
	0  -  MemoryUsage of job (MB)
	0  -  ResidentSetSize of job (KB)
...
005 (13264.000.000) 01/18 14:59:16 Job terminated.
	(1) Normal termination (return value 1)
		Usr 0 00:00:00, Sys 0 00:00:00  -  Run Remote Usage
		Usr 0 00:00:00, Sys 0 00:00:00  -  Run Local Usage
		Usr 0 00:00:00, Sys 0 00:00:00  -  Total Remote Usage
		Usr 0 00:00:00, Sys 0 00:00:00  -  Total Local Usage
	0  -  Run Bytes Sent By Job
	0  -  Run Bytes Received By Job
	0  -  Total Bytes Sent By Job
	0  -  Total Bytes Received By Job
	Partitionable Resources :    Usage  Request          
	   Cpus                 :                 1          
	   Disk (KB)            :     2750     2750          
	   Memory (MB)          :        0        0          
...
000 (13399.000.000) 01/18 15:25:53 Job submitted from host: <128.30.112.18:46685>
...
001 (13399.000.000) 01/18 15:26:11 Job executing on host: <128.30.112.26:57195>
...
006 (13399.000.000) 01/18 15:26:20 Image size of job updated: 2750
	3  -  MemoryUsage of job (MB)
	2272  -  ResidentSetSize of job (KB)
...
006 (13399.000.000) 01/18 15:31:16 Image size of job updated: 289240
	3  -  MemoryUsage of job (MB)
	2272  -  ResidentSetSize of job (KB)
...
005 (13399.000.000) 01/18 15:31:16 Job terminated.
	(1) Normal termination (return value 1)
		Usr 0 00:04:17, Sys 0 00:00:38  -  Run Remote Usage
		Usr 0 00:00:00, Sys 0 00:00:00  -  Run Local Usage
		Usr 0 00:04:17, Sys 0 00:00:38  -  Total Remote Usage
		Usr 0 00:00:00, Sys 0 00:00:00  -  Total Local Usage
	0  -  Run Bytes Sent By Job
	0  -  Run Bytes Received By Job
	0  -  Total Bytes Sent By Job
	0  -  Total Bytes Received By Job
	Partitionable Resources :    Usage  Request          
	   Cpus                 :                 1          
	   Disk (KB)            :     2750     2750          
	   Memory (MB)          :        3        3          
...
