000 (14779.000.000) 01/22 19:09:54 Job submitted from host: <128.30.112.18:46685>
...
001 (14779.000.000) 01/22 19:10:07 Job executing on host: <128.30.66.167:50426>
...
006 (14779.000.000) 01/22 19:10:15 Image size of job updated: 286132
	46  -  MemoryUsage of job (MB)
	46248  -  ResidentSetSize of job (KB)
...
006 (14779.000.000) 01/22 19:15:15 Image size of job updated: 504412
	208  -  MemoryUsage of job (MB)
	212140  -  ResidentSetSize of job (KB)
...
006 (14779.000.000) 01/22 19:20:16 Image size of job updated: 553188
	295  -  MemoryUsage of job (MB)
	301216  -  ResidentSetSize of job (KB)
...
006 (14779.000.000) 01/22 19:40:18 Image size of job updated: 553188
	307  -  MemoryUsage of job (MB)
	313720  -  ResidentSetSize of job (KB)
...
006 (14779.000.000) 01/22 20:45:24 Image size of job updated: 554560
	308  -  MemoryUsage of job (MB)
	315232  -  ResidentSetSize of job (KB)
...
006 (14779.000.000) 01/22 20:55:26 Image size of job updated: 554560
	308  -  MemoryUsage of job (MB)
	315332  -  ResidentSetSize of job (KB)
...
006 (14779.000.000) 01/22 21:25:29 Image size of job updated: 556004
	310  -  MemoryUsage of job (MB)
	316676  -  ResidentSetSize of job (KB)
...
006 (14779.000.000) 01/22 22:05:33 Image size of job updated: 558368
	312  -  MemoryUsage of job (MB)
	319040  -  ResidentSetSize of job (KB)
...
006 (14779.000.000) 01/22 22:45:37 Image size of job updated: 559040
	313  -  MemoryUsage of job (MB)
	319712  -  ResidentSetSize of job (KB)
...
005 (14779.000.000) 01/22 23:17:49 Job terminated.
	(0) Abnormal termination (signal 9)
	(0) No core file
		Usr 0 02:50:06, Sys 0 01:16:41  -  Run Remote Usage
		Usr 0 00:00:00, Sys 0 00:00:00  -  Run Local Usage
		Usr 0 02:50:06, Sys 0 01:16:41  -  Total Remote Usage
		Usr 0 00:00:00, Sys 0 00:00:00  -  Total Local Usage
	0  -  Run Bytes Sent By Job
	0  -  Run Bytes Received By Job
	0  -  Total Bytes Sent By Job
	0  -  Total Bytes Received By Job
	Partitionable Resources :    Usage  Request          
	   Cpus                 :                 1          
	   Disk (KB)            :     2750     2750          
	   Memory (MB)          :      313      313          
...
