000 (14789.000.000) 01/22 19:09:55 Job submitted from host: <128.30.112.18:46685>
...
001 (14789.000.000) 01/22 19:10:07 Job executing on host: <128.30.66.165:41096>
...
006 (14789.000.000) 01/22 19:10:16 Image size of job updated: 54356
	8  -  MemoryUsage of job (MB)
	8172  -  ResidentSetSize of job (KB)
...
006 (14789.000.000) 01/22 19:15:17 Image size of job updated: 504016
	231  -  MemoryUsage of job (MB)
	236508  -  ResidentSetSize of job (KB)
...
006 (14789.000.000) 01/22 19:20:17 Image size of job updated: 552800
	280  -  MemoryUsage of job (MB)
	285940  -  ResidentSetSize of job (KB)
...
006 (14789.000.000) 01/22 19:25:17 Image size of job updated: 552800
	306  -  MemoryUsage of job (MB)
	313260  -  ResidentSetSize of job (KB)
...
006 (14789.000.000) 01/22 19:45:19 Image size of job updated: 552800
	306  -  MemoryUsage of job (MB)
	313344  -  ResidentSetSize of job (KB)
...
006 (14789.000.000) 01/22 22:15:36 Image size of job updated: 554240
	306  -  MemoryUsage of job (MB)
	313344  -  ResidentSetSize of job (KB)
...
006 (14789.000.000) 01/22 22:20:36 Image size of job updated: 554240
	308  -  MemoryUsage of job (MB)
	314912  -  ResidentSetSize of job (KB)
...
006 (14789.000.000) 01/22 22:35:38 Image size of job updated: 554240
	308  -  MemoryUsage of job (MB)
	314992  -  ResidentSetSize of job (KB)
...
006 (14789.000.000) 01/22 23:35:45 Image size of job updated: 555568
	308  -  MemoryUsage of job (MB)
	314992  -  ResidentSetSize of job (KB)
...
006 (14789.000.000) 01/22 23:40:46 Image size of job updated: 556228
	310  -  MemoryUsage of job (MB)
	316768  -  ResidentSetSize of job (KB)
...
006 (14789.000.000) 01/22 23:55:47 Image size of job updated: 556228
	310  -  MemoryUsage of job (MB)
	316900  -  ResidentSetSize of job (KB)
...
006 (14789.000.000) 01/23 00:10:48 Image size of job updated: 556228
	310  -  MemoryUsage of job (MB)
	316904  -  ResidentSetSize of job (KB)
...
006 (14789.000.000) 01/23 00:55:53 Image size of job updated: 557932
	310  -  MemoryUsage of job (MB)
	316904  -  ResidentSetSize of job (KB)
...
006 (14789.000.000) 01/23 01:00:53 Image size of job updated: 557932
	312  -  MemoryUsage of job (MB)
	318604  -  ResidentSetSize of job (KB)
...
006 (14789.000.000) 01/23 02:11:02 Image size of job updated: 558792
	312  -  MemoryUsage of job (MB)
	318604  -  ResidentSetSize of job (KB)
...
006 (14789.000.000) 01/23 02:16:02 Image size of job updated: 558792
	312  -  MemoryUsage of job (MB)
	319464  -  ResidentSetSize of job (KB)
...
006 (14789.000.000) 01/23 02:31:04 Image size of job updated: 558792
	313  -  MemoryUsage of job (MB)
	319520  -  ResidentSetSize of job (KB)
...
006 (14789.000.000) 01/23 03:26:10 Image size of job updated: 559792
	313  -  MemoryUsage of job (MB)
	320468  -  ResidentSetSize of job (KB)
...
006 (14789.000.000) 01/23 03:31:11 Image size of job updated: 559792
	314  -  MemoryUsage of job (MB)
	320552  -  ResidentSetSize of job (KB)
...
