000 (14792.000.000) 01/22 19:09:55 Job submitted from host: <128.30.112.18:46685>
...
001 (14792.000.000) 01/22 19:10:07 Job executing on host: <128.30.66.170:39331>
...
006 (14792.000.000) 01/22 19:10:16 Image size of job updated: 285252
	45  -  MemoryUsage of job (MB)
	45380  -  ResidentSetSize of job (KB)
...
006 (14792.000.000) 01/22 19:15:17 Image size of job updated: 504812
	221  -  MemoryUsage of job (MB)
	226184  -  ResidentSetSize of job (KB)
...
006 (14792.000.000) 01/22 19:20:17 Image size of job updated: 552944
	254  -  MemoryUsage of job (MB)
	259088  -  ResidentSetSize of job (KB)
...
006 (14792.000.000) 01/22 19:25:17 Image size of job updated: 552944
	307  -  MemoryUsage of job (MB)
	313600  -  ResidentSetSize of job (KB)
...
006 (14792.000.000) 01/22 21:45:32 Image size of job updated: 554452
	307  -  MemoryUsage of job (MB)
	313600  -  ResidentSetSize of job (KB)
...
006 (14792.000.000) 01/22 22:05:34 Image size of job updated: 554452
	308  -  MemoryUsage of job (MB)
	315060  -  ResidentSetSize of job (KB)
...
006 (14792.000.000) 01/22 22:55:40 Image size of job updated: 555904
	308  -  MemoryUsage of job (MB)
	315060  -  ResidentSetSize of job (KB)
...
006 (14792.000.000) 01/22 23:05:41 Image size of job updated: 555904
	310  -  MemoryUsage of job (MB)
	316428  -  ResidentSetSize of job (KB)
...
006 (14792.000.000) 01/23 00:05:47 Image size of job updated: 557100
	310  -  MemoryUsage of job (MB)
	316428  -  ResidentSetSize of job (KB)
...
006 (14792.000.000) 01/23 00:25:50 Image size of job updated: 557100
	311  -  MemoryUsage of job (MB)
	317700  -  ResidentSetSize of job (KB)
...
006 (14792.000.000) 01/23 01:10:54 Image size of job updated: 558704
	311  -  MemoryUsage of job (MB)
	317700  -  ResidentSetSize of job (KB)
...
006 (14792.000.000) 01/23 01:20:56 Image size of job updated: 559324
	311  -  MemoryUsage of job (MB)
	317700  -  ResidentSetSize of job (KB)
...
006 (14792.000.000) 01/23 01:25:56 Image size of job updated: 559324
	313  -  MemoryUsage of job (MB)
	319848  -  ResidentSetSize of job (KB)
...
006 (14792.000.000) 01/23 02:06:00 Image size of job updated: 559324
	313  -  MemoryUsage of job (MB)
	319852  -  ResidentSetSize of job (KB)
...
006 (14792.000.000) 01/23 02:31:03 Image size of job updated: 559788
	313  -  MemoryUsage of job (MB)
	319852  -  ResidentSetSize of job (KB)
...
006 (14792.000.000) 01/23 02:36:03 Image size of job updated: 559788
	313  -  MemoryUsage of job (MB)
	320380  -  ResidentSetSize of job (KB)
...
006 (14792.000.000) 01/23 03:26:09 Image size of job updated: 559788
	313  -  MemoryUsage of job (MB)
	320392  -  ResidentSetSize of job (KB)
...
006 (14792.000.000) 01/23 03:36:10 Image size of job updated: 561420
	315  -  MemoryUsage of job (MB)
	321948  -  ResidentSetSize of job (KB)
...
