000 (14793.000.000) 01/22 19:09:55 Job submitted from host: <128.30.112.18:46685>
...
001 (14793.000.000) 01/22 19:10:07 Job executing on host: <128.30.66.163:58460>
...
006 (14793.000.000) 01/22 19:10:16 Image size of job updated: 2750
	3  -  MemoryUsage of job (MB)
	2244  -  ResidentSetSize of job (KB)
...
006 (14793.000.000) 01/22 19:15:17 Image size of job updated: 504744
	225  -  MemoryUsage of job (MB)
	229956  -  ResidentSetSize of job (KB)
...
006 (14793.000.000) 01/22 19:20:17 Image size of job updated: 552876
	275  -  MemoryUsage of job (MB)
	281528  -  ResidentSetSize of job (KB)
...
006 (14793.000.000) 01/22 19:35:19 Image size of job updated: 552876
	307  -  MemoryUsage of job (MB)
	313472  -  ResidentSetSize of job (KB)
...
006 (14793.000.000) 01/22 21:30:31 Image size of job updated: 554092
	308  -  MemoryUsage of job (MB)
	314624  -  ResidentSetSize of job (KB)
...
006 (14793.000.000) 01/22 21:50:33 Image size of job updated: 554092
	308  -  MemoryUsage of job (MB)
	314740  -  ResidentSetSize of job (KB)
...
006 (14793.000.000) 01/22 21:55:33 Image size of job updated: 554224
	308  -  MemoryUsage of job (MB)
	314740  -  ResidentSetSize of job (KB)
...
006 (14793.000.000) 01/22 22:30:37 Image size of job updated: 555548
	308  -  MemoryUsage of job (MB)
	314740  -  ResidentSetSize of job (KB)
...
006 (14793.000.000) 01/22 22:35:37 Image size of job updated: 556152
	308  -  MemoryUsage of job (MB)
	314740  -  ResidentSetSize of job (KB)
...
006 (14793.000.000) 01/22 22:40:37 Image size of job updated: 556152
	310  -  MemoryUsage of job (MB)
	316684  -  ResidentSetSize of job (KB)
...
006 (14793.000.000) 01/22 23:25:42 Image size of job updated: 561632
	314  -  MemoryUsage of job (MB)
	321216  -  ResidentSetSize of job (KB)
...
006 (14793.000.000) 01/22 23:30:42 Image size of job updated: 619720
	314  -  MemoryUsage of job (MB)
	321216  -  ResidentSetSize of job (KB)
...
006 (14793.000.000) 01/22 23:40:44 Image size of job updated: 619720
	326  -  MemoryUsage of job (MB)
	333232  -  ResidentSetSize of job (KB)
...
006 (14793.000.000) 01/23 02:05:58 Image size of job updated: 619720
	326  -  MemoryUsage of job (MB)
	333236  -  ResidentSetSize of job (KB)
...
