000 (14794.000.000) 01/22 19:09:56 Job submitted from host: <128.30.112.18:46685>
...
001 (14794.000.000) 01/22 19:10:07 Job executing on host: <128.30.66.166:36393>
...
006 (14794.000.000) 01/22 19:10:16 Image size of job updated: 285972
	45  -  MemoryUsage of job (MB)
	45920  -  ResidentSetSize of job (KB)
...
006 (14794.000.000) 01/22 19:15:17 Image size of job updated: 504812
	248  -  MemoryUsage of job (MB)
	253796  -  ResidentSetSize of job (KB)
...
006 (14794.000.000) 01/22 19:20:17 Image size of job updated: 552948
	260  -  MemoryUsage of job (MB)
	265676  -  ResidentSetSize of job (KB)
...
006 (14794.000.000) 01/22 19:25:17 Image size of job updated: 552948
	307  -  MemoryUsage of job (MB)
	313476  -  ResidentSetSize of job (KB)
...
006 (14794.000.000) 01/22 22:05:33 Image size of job updated: 554236
	307  -  MemoryUsage of job (MB)
	313476  -  ResidentSetSize of job (KB)
...
006 (14794.000.000) 01/22 22:10:34 Image size of job updated: 554236
	308  -  MemoryUsage of job (MB)
	314904  -  ResidentSetSize of job (KB)
...
006 (14794.000.000) 01/22 22:25:36 Image size of job updated: 554236
	308  -  MemoryUsage of job (MB)
	314956  -  ResidentSetSize of job (KB)
...
006 (14794.000.000) 01/22 22:35:37 Image size of job updated: 554236
	308  -  MemoryUsage of job (MB)
	314976  -  ResidentSetSize of job (KB)
...
006 (14794.000.000) 01/22 22:50:38 Image size of job updated: 554236
	308  -  MemoryUsage of job (MB)
	315008  -  ResidentSetSize of job (KB)
...
006 (14794.000.000) 01/22 23:30:42 Image size of job updated: 555936
	310  -  MemoryUsage of job (MB)
	316604  -  ResidentSetSize of job (KB)
...
006 (14794.000.000) 01/23 00:55:52 Image size of job updated: 558280
	310  -  MemoryUsage of job (MB)
	316604  -  ResidentSetSize of job (KB)
...
006 (14794.000.000) 01/23 01:10:54 Image size of job updated: 558280
	312  -  MemoryUsage of job (MB)
	318948  -  ResidentSetSize of job (KB)
...
