000 (14795.000.000) 01/22 19:09:56 Job submitted from host: <128.30.112.18:46685>
...
001 (14795.000.000) 01/22 19:10:07 Job executing on host: <128.30.66.165:41096>
...
006 (14795.000.000) 01/22 19:10:16 Image size of job updated: 2750
	3  -  MemoryUsage of job (MB)
	2236  -  ResidentSetSize of job (KB)
...
006 (14795.000.000) 01/22 19:15:17 Image size of job updated: 504008
	203  -  MemoryUsage of job (MB)
	207512  -  ResidentSetSize of job (KB)
...
006 (14795.000.000) 01/22 19:20:17 Image size of job updated: 552772
	296  -  MemoryUsage of job (MB)
	302852  -  ResidentSetSize of job (KB)
...
006 (14795.000.000) 01/22 19:25:17 Image size of job updated: 552772
	306  -  MemoryUsage of job (MB)
	313304  -  ResidentSetSize of job (KB)
...
006 (14795.000.000) 01/22 22:20:35 Image size of job updated: 554084
	306  -  MemoryUsage of job (MB)
	313304  -  ResidentSetSize of job (KB)
...
006 (14795.000.000) 01/22 22:30:37 Image size of job updated: 554084
	308  -  MemoryUsage of job (MB)
	314836  -  ResidentSetSize of job (KB)
...
006 (14795.000.000) 01/22 23:40:45 Image size of job updated: 555456
	308  -  MemoryUsage of job (MB)
	314836  -  ResidentSetSize of job (KB)
...
006 (14795.000.000) 01/22 23:45:45 Image size of job updated: 556084
	308  -  MemoryUsage of job (MB)
	314836  -  ResidentSetSize of job (KB)
...
006 (14795.000.000) 01/22 23:55:47 Image size of job updated: 556084
	310  -  MemoryUsage of job (MB)
	316748  -  ResidentSetSize of job (KB)
...
006 (14795.000.000) 01/23 00:50:53 Image size of job updated: 614540
	310  -  MemoryUsage of job (MB)
	316748  -  ResidentSetSize of job (KB)
...
006 (14795.000.000) 01/23 00:55:53 Image size of job updated: 619796
	310  -  MemoryUsage of job (MB)
	316748  -  ResidentSetSize of job (KB)
...
006 (14795.000.000) 01/23 01:10:55 Image size of job updated: 619796
	326  -  MemoryUsage of job (MB)
	333108  -  ResidentSetSize of job (KB)
...
006 (14795.000.000) 01/23 02:21:02 Image size of job updated: 619796
	326  -  MemoryUsage of job (MB)
	333304  -  ResidentSetSize of job (KB)
...
