000 (14797.000.000) 01/22 19:09:56 Job submitted from host: <128.30.112.18:46685>
...
001 (14797.000.000) 01/22 19:10:07 Job executing on host: <128.30.66.164:41719>
...
006 (14797.000.000) 01/22 19:10:16 Image size of job updated: 2750
	3  -  MemoryUsage of job (MB)
	2240  -  ResidentSetSize of job (KB)
...
006 (14797.000.000) 01/22 19:15:17 Image size of job updated: 504060
	240  -  MemoryUsage of job (MB)
	245240  -  ResidentSetSize of job (KB)
...
006 (14797.000.000) 01/22 19:20:17 Image size of job updated: 511044
	266  -  MemoryUsage of job (MB)
	271648  -  ResidentSetSize of job (KB)
...
006 (14797.000.000) 01/22 19:25:17 Image size of job updated: 552872
	306  -  MemoryUsage of job (MB)
	313252  -  ResidentSetSize of job (KB)
...
006 (14797.000.000) 01/22 19:35:19 Image size of job updated: 552872
	307  -  MemoryUsage of job (MB)
	313420  -  ResidentSetSize of job (KB)
...
006 (14797.000.000) 01/22 19:50:21 Image size of job updated: 552872
	307  -  MemoryUsage of job (MB)
	313468  -  ResidentSetSize of job (KB)
...
006 (14797.000.000) 01/22 21:45:32 Image size of job updated: 611108
	317  -  MemoryUsage of job (MB)
	324456  -  ResidentSetSize of job (KB)
...
006 (14797.000.000) 01/22 21:50:33 Image size of job updated: 616268
	317  -  MemoryUsage of job (MB)
	324456  -  ResidentSetSize of job (KB)
...
006 (14797.000.000) 01/22 21:55:33 Image size of job updated: 616268
	320  -  MemoryUsage of job (MB)
	327340  -  ResidentSetSize of job (KB)
...
006 (14797.000.000) 01/22 22:10:34 Image size of job updated: 616268
	322  -  MemoryUsage of job (MB)
	329588  -  ResidentSetSize of job (KB)
...
006 (14797.000.000) 01/22 23:20:42 Image size of job updated: 616268
	323  -  MemoryUsage of job (MB)
	329784  -  ResidentSetSize of job (KB)
...
006 (14797.000.000) 01/23 01:50:58 Image size of job updated: 616268
	323  -  MemoryUsage of job (MB)
	330208  -  ResidentSetSize of job (KB)
...
006 (14797.000.000) 01/23 03:21:09 Image size of job updated: 616268
	324  -  MemoryUsage of job (MB)
	330848  -  ResidentSetSize of job (KB)
...
