000 (14798.000.000) 01/22 19:09:56 Job submitted from host: <128.30.112.18:46685>
...
001 (14798.000.000) 01/22 19:10:07 Job executing on host: <128.30.108.59:58117>
...
006 (14798.000.000) 01/22 19:10:16 Image size of job updated: 188568
	24  -  MemoryUsage of job (MB)
	23920  -  ResidentSetSize of job (KB)
...
006 (14798.000.000) 01/22 19:10:40 Image size of job updated: 210912
	24  -  MemoryUsage of job (MB)
	23920  -  ResidentSetSize of job (KB)
...
005 (14798.000.000) 01/22 19:10:40 Job terminated.
	(1) Normal termination (return value 1)
		Usr 0 00:00:28, Sys 0 00:00:02  -  Run Remote Usage
		Usr 0 00:00:00, Sys 0 00:00:00  -  Run Local Usage
		Usr 0 00:00:28, Sys 0 00:00:02  -  Total Remote Usage
		Usr 0 00:00:00, Sys 0 00:00:00  -  Total Local Usage
	0  -  Run Bytes Sent By Job
	0  -  Run Bytes Received By Job
	0  -  Total Bytes Sent By Job
	0  -  Total Bytes Received By Job
	Partitionable Resources :    Usage  Request          
	   Cpus                 :                 1          
	   Disk (KB)            :     2750     2750          
	   Memory (MB)          :       24       24          
...
