000 (14781.000.000) 01/22 19:09:54 Job submitted from host: <128.30.112.18:46685>
...
001 (14781.000.000) 01/22 19:10:07 Job executing on host: <128.30.66.170:39331>
...
006 (14781.000.000) 01/22 19:10:16 Image size of job updated: 285256
	45  -  MemoryUsage of job (MB)
	45380  -  ResidentSetSize of job (KB)
...
006 (14781.000.000) 01/22 19:15:17 Image size of job updated: 503936
	237  -  MemoryUsage of job (MB)
	241696  -  ResidentSetSize of job (KB)
...
006 (14781.000.000) 01/22 19:20:17 Image size of job updated: 510876
	265  -  MemoryUsage of job (MB)
	271312  -  ResidentSetSize of job (KB)
...
006 (14781.000.000) 01/22 19:25:17 Image size of job updated: 552704
	265  -  MemoryUsage of job (MB)
	271312  -  ResidentSetSize of job (KB)
...
006 (14781.000.000) 01/22 19:45:19 Image size of job updated: 552704
	307  -  MemoryUsage of job (MB)
	313364  -  ResidentSetSize of job (KB)
...
006 (14781.000.000) 01/22 20:30:24 Image size of job updated: 623232
	345  -  MemoryUsage of job (MB)
	353196  -  ResidentSetSize of job (KB)
...
006 (14781.000.000) 01/22 20:35:24 Image size of job updated: 627248
	345  -  MemoryUsage of job (MB)
	353196  -  ResidentSetSize of job (KB)
...
