000 (14782.000.000) 01/22 19:09:55 Job submitted from host: <128.30.112.18:46685>
...
001 (14782.000.000) 01/22 19:10:07 Job executing on host: <128.30.66.165:41096>
...
006 (14782.000.000) 01/22 19:10:16 Image size of job updated: 89788
	14  -  MemoryUsage of job (MB)
	13988  -  ResidentSetSize of job (KB)
...
006 (14782.000.000) 01/22 19:15:17 Image size of job updated: 504936
	210  -  MemoryUsage of job (MB)
	214576  -  ResidentSetSize of job (KB)
...
006 (14782.000.000) 01/22 19:20:18 Image size of job updated: 553068
	215  -  MemoryUsage of job (MB)
	219204  -  ResidentSetSize of job (KB)
...
006 (14782.000.000) 01/22 19:25:18 Image size of job updated: 553068
	307  -  MemoryUsage of job (MB)
	313548  -  ResidentSetSize of job (KB)
...
006 (14782.000.000) 01/22 22:20:36 Image size of job updated: 553932
	307  -  MemoryUsage of job (MB)
	313548  -  ResidentSetSize of job (KB)
...
006 (14782.000.000) 01/22 22:25:36 Image size of job updated: 554536
	307  -  MemoryUsage of job (MB)
	313548  -  ResidentSetSize of job (KB)
...
006 (14782.000.000) 01/22 22:35:38 Image size of job updated: 554536
	308  -  MemoryUsage of job (MB)
	315216  -  ResidentSetSize of job (KB)
...
006 (14782.000.000) 01/22 23:35:44 Image size of job updated: 555604
	308  -  MemoryUsage of job (MB)
	315216  -  ResidentSetSize of job (KB)
...
006 (14782.000.000) 01/22 23:55:46 Image size of job updated: 555604
	309  -  MemoryUsage of job (MB)
	316276  -  ResidentSetSize of job (KB)
...
006 (14782.000.000) 01/23 00:25:49 Image size of job updated: 556240
	310  -  MemoryUsage of job (MB)
	316804  -  ResidentSetSize of job (KB)
...
006 (14782.000.000) 01/23 00:55:53 Image size of job updated: 557380
	310  -  MemoryUsage of job (MB)
	316804  -  ResidentSetSize of job (KB)
...
006 (14782.000.000) 01/23 01:00:53 Image size of job updated: 557380
	311  -  MemoryUsage of job (MB)
	317872  -  ResidentSetSize of job (KB)
...
006 (14782.000.000) 01/23 01:05:53 Image size of job updated: 557380
	311  -  MemoryUsage of job (MB)
	318136  -  ResidentSetSize of job (KB)
...
006 (14782.000.000) 01/23 02:05:59 Image size of job updated: 630968
	314  -  MemoryUsage of job (MB)
	321116  -  ResidentSetSize of job (KB)
...
006 (14782.000.000) 01/23 02:10:59 Image size of job updated: 637060
	345  -  MemoryUsage of job (MB)
	352716  -  ResidentSetSize of job (KB)
...
006 (14782.000.000) 01/23 02:21:00 Image size of job updated: 637060
	346  -  MemoryUsage of job (MB)
	354128  -  ResidentSetSize of job (KB)
...
006 (14782.000.000) 01/23 02:36:01 Image size of job updated: 637060
	347  -  MemoryUsage of job (MB)
	354920  -  ResidentSetSize of job (KB)
...
006 (14782.000.000) 01/23 03:26:07 Image size of job updated: 637060
	347  -  MemoryUsage of job (MB)
	354924  -  ResidentSetSize of job (KB)
...
