000 (14786.000.000) 01/22 19:09:55 Job submitted from host: <128.30.112.18:46685>
...
001 (14786.000.000) 01/22 19:10:07 Job executing on host: <128.30.66.164:41719>
...
006 (14786.000.000) 01/22 19:10:16 Image size of job updated: 44468
	7  -  MemoryUsage of job (MB)
	7160  -  ResidentSetSize of job (KB)
...
006 (14786.000.000) 01/22 19:15:17 Image size of job updated: 327356
	86  -  MemoryUsage of job (MB)
	87856  -  ResidentSetSize of job (KB)
...
006 (14786.000.000) 01/22 19:35:19 Image size of job updated: 383992
	142  -  MemoryUsage of job (MB)
	144596  -  ResidentSetSize of job (KB)
...
006 (14786.000.000) 01/22 19:45:19 Image size of job updated: 383992
	142  -  MemoryUsage of job (MB)
	144636  -  ResidentSetSize of job (KB)
...
005 (14786.000.000) 01/22 20:10:59 Job terminated.
	(1) Normal termination (return value 0)
		Usr 0 00:59:41, Sys 0 00:00:39  -  Run Remote Usage
		Usr 0 00:00:00, Sys 0 00:00:00  -  Run Local Usage
		Usr 0 00:59:41, Sys 0 00:00:39  -  Total Remote Usage
		Usr 0 00:00:00, Sys 0 00:00:00  -  Total Local Usage
	0  -  Run Bytes Sent By Job
	0  -  Run Bytes Received By Job
	0  -  Total Bytes Sent By Job
	0  -  Total Bytes Received By Job
	Partitionable Resources :    Usage  Request          
	   Cpus                 :                 1          
	   Disk (KB)            :     2750     2750          
	   Memory (MB)          :      142      142          
...
