============================================================
Domain:		PST
Dimensions:	12
|S|:		5451776
|A|:		27
|S|x|A|:		147197952
Episode Cap:	1000
Gamma:		0.9
NUM_UAV:		3
============================================================
Representation:		IndependentDiscretizationCompactBinary
Features per action:	52
Binary Dimensions:	[ 6  7  8  9 10 11]
============================================================
Agent:		SARSA
Policy:		eGreedy
Alpha_0:		0.10
============================================================
Experiment:		OnlineExperiment
Output:			././9-results.txt
Learning Steps:		50000
Performance Checks:	10
Log Intervals:		60(s)
5000 >>> E[0:00:17]-R[0:02:30]: Return=-18.00, Steps=1000, Features = 52
10000 >>> E[0:00:32]-R[0:02:08]: Return=-73.00, Steps=10, Features = 52
15000 >>> E[0:00:48]-R[0:01:51]: Return=-68.00, Steps=11, Features = 52
20000 >>> E[0:01:03]-R[0:01:35]: Return=-80.00, Steps=70, Features = 52
25000 >>> E[0:01:19]-R[0:01:19]: Return=-76.00, Steps=19, Features = 52
30000 >>> E[0:01:34]-R[0:01:03]: Return=-73.00, Steps=10, Features = 52
35000 >>> E[0:01:50]-R[0:00:47]: Return=-134.00, Steps=113, Features = 52
40000 >>> E[0:02:05]-R[0:00:31]: Return=-73.00, Steps=21, Features = 52
45000 >>> E[0:02:23]-R[0:00:16]: Return=0.00, Steps=1000, Features = 52
50000 >>> E[0:02:39]-R[0:00:00]: Return=-17.00, Steps=1000, Features = 52
============================================================
Took 0:02:39
Results	=> ././9-results.txt
Log	=> ././9-out.txt
