000 (13487.000.000) 01/20 19:09:27 Job submitted from host: <128.30.112.18:46685>
...
001 (13487.000.000) 01/20 19:09:40 Job executing on host: <128.30.66.164:41719>
...
006 (13487.000.000) 01/20 19:09:49 Image size of job updated: 286840
	46  -  MemoryUsage of job (MB)
	46952  -  ResidentSetSize of job (KB)
...
006 (13487.000.000) 01/20 19:14:50 Image size of job updated: 419636
	176  -  MemoryUsage of job (MB)
	179904  -  ResidentSetSize of job (KB)
...
006 (13487.000.000) 01/20 19:19:19 Image size of job updated: 460188
	176  -  MemoryUsage of job (MB)
	179904  -  ResidentSetSize of job (KB)
...
005 (13487.000.000) 01/20 19:19:19 Job terminated.
	(1) Normal termination (return value 0)
		Usr 0 00:09:22, Sys 0 00:00:06  -  Run Remote Usage
		Usr 0 00:00:00, Sys 0 00:00:00  -  Run Local Usage
		Usr 0 00:09:22, Sys 0 00:00:06  -  Total Remote Usage
		Usr 0 00:00:00, Sys 0 00:00:00  -  Total Local Usage
	0  -  Run Bytes Sent By Job
	0  -  Run Bytes Received By Job
	0  -  Total Bytes Sent By Job
	0  -  Total Bytes Received By Job
	Partitionable Resources :    Usage  Request          
	   Cpus                 :                 1          
	   Disk (KB)            :     2750     2750          
	   Memory (MB)          :      176      176          
...
