============================================================
Domain:		PST
Dimensions:	12
|S|:		5451776
|A|:		27
|S|x|A|:		147197952
Episode Cap:	1000
Gamma:		0.9
NUM_UAV:		3
============================================================
Representation:		IndependentDiscretizationCompactBinary
Features per action:	52
Binary Dimensions:	[ 6  7  8  9 10 11]
============================================================
Representation:		iFDD
Features per action:	52
Initial Representation:	IndependentDiscretizationCompactBinary
Plus:			1
Sparsify:		1
Cached:			1
Online Threshold:	45.000
Batch Threshold:		45.000
Max Batch Discovery:	20
============================================================
Agent:		SARSA
Policy:		eGreedy
Alpha_0:		0.10
============================================================
Experiment:		OnlineExperiment
Output:			././2-results.txt
Learning Steps:		100000
Performance Checks:	10
Log Intervals:		60(s)
10000 >>> E[0:00:53]-R[0:07:55]: Return=20.00, Steps=11, Features = 1391
18481: E[0:01:53]-R[0:08:18]: Return=-35.00, Steps=10, Features = 2096
20000 >>> E[0:02:05]-R[0:08:19]: Return=-38.00, Steps=20, Features = 2230
27300: E[0:03:05]-R[0:08:12]: Return=-55.00, Steps=57, Features = 2777
30000 >>> E[0:03:28]-R[0:08:06]: Return=-61.00, Steps=15, Features = 2933
36992: E[0:04:28]-R[0:07:37]: Return=22.00, Steps=11, Features = 3302
40000 >>> E[0:04:56]-R[0:07:23]: Return=126.00, Steps=28, Features = 3438
46328: E[0:05:56]-R[0:06:52]: Return=-17.00, Steps=10, Features = 3730
50000 >>> E[0:06:34]-R[0:06:34]: Return=-33.00, Steps=10, Features = 3906
56263: E[0:07:34]-R[0:05:53]: Return=-86.00, Steps=16, Features = 4183
60000 >>> E[0:08:07]-R[0:05:25]: Return=-56.00, Steps=12, Features = 4402
66745: E[0:09:07]-R[0:04:33]: Return=48.00, Steps=10, Features = 4721
70000 >>> E[0:09:37]-R[0:04:07]: Return=-30.00, Steps=10, Features = 4844
76600: E[0:10:37]-R[0:03:15]: Return=23.00, Steps=15, Features = 5132
80000 >>> E[0:11:08]-R[0:02:47]: Return=45.00, Steps=10, Features = 5295
86230: E[0:12:08]-R[0:01:56]: Return=86.00, Steps=12, Features = 5569
90000 >>> E[0:12:44]-R[0:01:25]: Return=-38.00, Steps=11, Features = 5719
96328: E[0:13:44]-R[0:00:31]: Return=55.00, Steps=14, Features = 5972
100000 >>> E[0:14:21]-R[0:00:00]: Return=9.00, Steps=10, Features = 6109
============================================================
Took 0:14:21
Results	=> ././2-results.txt
Log	=> ././2-out.txt
