000 (14655.000.000) 01/22 00:38:20 Job submitted from host: <128.30.112.18:46685>
...
001 (14655.000.000) 01/22 00:38:22 Job executing on host: <128.30.66.165:41096>
...
006 (14655.000.000) 01/22 00:38:31 Image size of job updated: 287576
	45  -  MemoryUsage of job (MB)
	45896  -  ResidentSetSize of job (KB)
...
006 (14655.000.000) 01/22 00:43:31 Image size of job updated: 604528
	357  -  MemoryUsage of job (MB)
	364736  -  ResidentSetSize of job (KB)
...
006 (14655.000.000) 01/22 00:48:31 Image size of job updated: 605348
	357  -  MemoryUsage of job (MB)
	365268  -  ResidentSetSize of job (KB)
...
006 (14655.000.000) 01/22 00:53:32 Image size of job updated: 620772
	369  -  MemoryUsage of job (MB)
	377404  -  ResidentSetSize of job (KB)
...
006 (14655.000.000) 01/22 01:03:33 Image size of job updated: 620772
	373  -  MemoryUsage of job (MB)
	381500  -  ResidentSetSize of job (KB)
...
