000 (14665.000.000) 01/22 00:38:21 Job submitted from host: <128.30.112.18:46685>
...
001 (14665.000.000) 01/22 00:38:23 Job executing on host: <128.30.66.163:58460>
...
006 (14665.000.000) 01/22 00:38:31 Image size of job updated: 288456
	48  -  MemoryUsage of job (MB)
	48484  -  ResidentSetSize of job (KB)
...
006 (14665.000.000) 01/22 00:43:31 Image size of job updated: 604704
	355  -  MemoryUsage of job (MB)
	363056  -  ResidentSetSize of job (KB)
...
006 (14665.000.000) 01/22 00:48:32 Image size of job updated: 621096
	360  -  MemoryUsage of job (MB)
	368492  -  ResidentSetSize of job (KB)
...
006 (14665.000.000) 01/22 00:53:32 Image size of job updated: 621096
	373  -  MemoryUsage of job (MB)
	381836  -  ResidentSetSize of job (KB)
...
006 (14665.000.000) 01/22 02:03:39 Image size of job updated: 861884
	608  -  MemoryUsage of job (MB)
	622440  -  ResidentSetSize of job (KB)
...
