000 (14667.000.000) 01/22 00:38:21 Job submitted from host: <128.30.112.18:46685>
...
001 (14667.000.000) 01/22 00:38:23 Job executing on host: <128.30.66.165:41096>
...
006 (14667.000.000) 01/22 00:38:31 Image size of job updated: 2750
	3  -  MemoryUsage of job (MB)
	2224  -  ResidentSetSize of job (KB)
...
006 (14667.000.000) 01/22 00:43:31 Image size of job updated: 604360
	342  -  MemoryUsage of job (MB)
	349356  -  ResidentSetSize of job (KB)
...
006 (14667.000.000) 01/22 00:48:32 Image size of job updated: 605592
	358  -  MemoryUsage of job (MB)
	365976  -  ResidentSetSize of job (KB)
...
006 (14667.000.000) 01/22 00:53:32 Image size of job updated: 620992
	373  -  MemoryUsage of job (MB)
	381632  -  ResidentSetSize of job (KB)
...
005 (14667.000.000) 01/22 01:41:11 Job terminated.
	(1) Normal termination (return value 0)
		Usr 0 01:01:30, Sys 0 00:00:51  -  Run Remote Usage
		Usr 0 00:00:00, Sys 0 00:00:00  -  Run Local Usage
		Usr 0 01:01:30, Sys 0 00:00:51  -  Total Remote Usage
		Usr 0 00:00:00, Sys 0 00:00:00  -  Total Local Usage
	0  -  Run Bytes Sent By Job
	0  -  Run Bytes Received By Job
	0  -  Total Bytes Sent By Job
	0  -  Total Bytes Received By Job
	Partitionable Resources :    Usage  Request          
	   Cpus                 :                 1          
	   Disk (KB)            :     2750     2750          
	   Memory (MB)          :      373      373          
...
