000 (14668.000.000) 01/22 00:38:21 Job submitted from host: <128.30.112.18:46685>
...
001 (14668.000.000) 01/22 00:38:23 Job executing on host: <128.30.66.164:41719>
...
006 (14668.000.000) 01/22 00:38:31 Image size of job updated: 290380
	50  -  MemoryUsage of job (MB)
	50652  -  ResidentSetSize of job (KB)
...
006 (14668.000.000) 01/22 00:43:31 Image size of job updated: 604780
	340  -  MemoryUsage of job (MB)
	347784  -  ResidentSetSize of job (KB)
...
006 (14668.000.000) 01/22 00:48:32 Image size of job updated: 621192
	373  -  MemoryUsage of job (MB)
	381676  -  ResidentSetSize of job (KB)
...
006 (14668.000.000) 01/22 01:38:37 Image size of job updated: 854864
	601  -  MemoryUsage of job (MB)
	615420  -  ResidentSetSize of job (KB)
...
006 (14668.000.000) 01/22 01:43:38 Image size of job updated: 870864
	601  -  MemoryUsage of job (MB)
	615420  -  ResidentSetSize of job (KB)
...
