000 (14657.000.000) 01/22 00:38:20 Job submitted from host: <128.30.112.18:46685>
...
001 (14657.000.000) 01/22 00:38:23 Job executing on host: <128.30.66.165:41096>
...
006 (14657.000.000) 01/22 00:38:31 Image size of job updated: 205828
	35  -  MemoryUsage of job (MB)
	35436  -  ResidentSetSize of job (KB)
...
006 (14657.000.000) 01/22 00:43:31 Image size of job updated: 604648
	357  -  MemoryUsage of job (MB)
	364828  -  ResidentSetSize of job (KB)
...
006 (14657.000.000) 01/22 00:48:32 Image size of job updated: 605660
	358  -  MemoryUsage of job (MB)
	365900  -  ResidentSetSize of job (KB)
...
006 (14657.000.000) 01/22 00:53:33 Image size of job updated: 621060
	373  -  MemoryUsage of job (MB)
	381544  -  ResidentSetSize of job (KB)
...
005 (14657.000.000) 01/22 01:57:29 Job terminated.
	(1) Normal termination (return value 0)
		Usr 0 01:17:35, Sys 0 00:00:58  -  Run Remote Usage
		Usr 0 00:00:00, Sys 0 00:00:00  -  Run Local Usage
		Usr 0 01:17:35, Sys 0 00:00:58  -  Total Remote Usage
		Usr 0 00:00:00, Sys 0 00:00:00  -  Total Local Usage
	0  -  Run Bytes Sent By Job
	0  -  Run Bytes Received By Job
	0  -  Total Bytes Sent By Job
	0  -  Total Bytes Received By Job
	Partitionable Resources :    Usage  Request          
	   Cpus                 :                 1          
	   Disk (KB)            :     2750     2750          
	   Memory (MB)          :      373      373          
...
