000 (14658.000.000) 01/22 00:38:20 Job submitted from host: <128.30.112.18:46685>
...
001 (14658.000.000) 01/22 00:38:23 Job executing on host: <128.30.66.163:58460>
...
006 (14658.000.000) 01/22 00:38:31 Image size of job updated: 288468
	48  -  MemoryUsage of job (MB)
	48484  -  ResidentSetSize of job (KB)
...
006 (14658.000.000) 01/22 00:43:31 Image size of job updated: 604488
	327  -  MemoryUsage of job (MB)
	334200  -  ResidentSetSize of job (KB)
...
006 (14658.000.000) 01/22 00:48:32 Image size of job updated: 605508
	358  -  MemoryUsage of job (MB)
	365944  -  ResidentSetSize of job (KB)
...
006 (14658.000.000) 01/22 00:53:33 Image size of job updated: 620908
	373  -  MemoryUsage of job (MB)
	381392  -  ResidentSetSize of job (KB)
...
005 (14658.000.000) 01/22 01:50:33 Job terminated.
	(1) Normal termination (return value 0)
		Usr 0 01:10:57, Sys 0 00:00:49  -  Run Remote Usage
		Usr 0 00:00:00, Sys 0 00:00:00  -  Run Local Usage
		Usr 0 01:10:57, Sys 0 00:00:49  -  Total Remote Usage
		Usr 0 00:00:00, Sys 0 00:00:00  -  Total Local Usage
	0  -  Run Bytes Sent By Job
	0  -  Run Bytes Received By Job
	0  -  Total Bytes Sent By Job
	0  -  Total Bytes Received By Job
	Partitionable Resources :    Usage  Request          
	   Cpus                 :                 1          
	   Disk (KB)            :     2750     2750          
	   Memory (MB)          :      373      373          
...
