000 (14659.000.000) 01/22 00:38:20 Job submitted from host: <128.30.112.18:46685>
...
001 (14659.000.000) 01/22 00:38:23 Job executing on host: <128.30.66.165:41096>
...
006 (14659.000.000) 01/22 00:38:31 Image size of job updated: 99840
	17  -  MemoryUsage of job (MB)
	16404  -  ResidentSetSize of job (KB)
...
006 (14659.000.000) 01/22 00:43:31 Image size of job updated: 604460
	342  -  MemoryUsage of job (MB)
	349340  -  ResidentSetSize of job (KB)
...
006 (14659.000.000) 01/22 00:48:32 Image size of job updated: 605392
	342  -  MemoryUsage of job (MB)
	349340  -  ResidentSetSize of job (KB)
...
006 (14659.000.000) 01/22 00:53:33 Image size of job updated: 620976
	373  -  MemoryUsage of job (MB)
	381456  -  ResidentSetSize of job (KB)
...
006 (14659.000.000) 01/22 01:58:40 Image size of job updated: 854644
	601  -  MemoryUsage of job (MB)
	615196  -  ResidentSetSize of job (KB)
...
006 (14659.000.000) 01/22 02:03:40 Image size of job updated: 870644
	601  -  MemoryUsage of job (MB)
	615196  -  ResidentSetSize of job (KB)
...
