000 (14662.000.000) 01/22 00:38:21 Job submitted from host: <128.30.112.18:46685>
...
001 (14662.000.000) 01/22 00:38:23 Job executing on host: <128.30.66.164:41719>
...
006 (14662.000.000) 01/22 00:38:31 Image size of job updated: 290704
	50  -  MemoryUsage of job (MB)
	50640  -  ResidentSetSize of job (KB)
...
006 (14662.000.000) 01/22 00:43:31 Image size of job updated: 604696
	357  -  MemoryUsage of job (MB)
	364616  -  ResidentSetSize of job (KB)
...
006 (14662.000.000) 01/22 00:48:32 Image size of job updated: 620924
	363  -  MemoryUsage of job (MB)
	370968  -  ResidentSetSize of job (KB)
...
006 (14662.000.000) 01/22 00:53:33 Image size of job updated: 620924
	373  -  MemoryUsage of job (MB)
	381444  -  ResidentSetSize of job (KB)
...
005 (14662.000.000) 01/22 01:52:51 Job terminated.
	(1) Normal termination (return value 0)
		Usr 0 00:57:26, Sys 0 00:16:33  -  Run Remote Usage
		Usr 0 00:00:00, Sys 0 00:00:00  -  Run Local Usage
		Usr 0 00:57:26, Sys 0 00:16:33  -  Total Remote Usage
		Usr 0 00:00:00, Sys 0 00:00:00  -  Total Local Usage
	0  -  Run Bytes Sent By Job
	0  -  Run Bytes Received By Job
	0  -  Total Bytes Sent By Job
	0  -  Total Bytes Received By Job
	Partitionable Resources :    Usage  Request          
	   Cpus                 :                 1          
	   Disk (KB)            :     2750     2750          
	   Memory (MB)          :      373      373          
...
