000 (14663.000.000) 01/22 00:38:21 Job submitted from host: <128.30.112.18:46685>
...
001 (14663.000.000) 01/22 00:38:23 Job executing on host: <128.30.66.165:41096>
...
006 (14663.000.000) 01/22 00:38:31 Image size of job updated: 91424
	16  -  MemoryUsage of job (MB)
	15880  -  ResidentSetSize of job (KB)
...
006 (14663.000.000) 01/22 00:43:31 Image size of job updated: 604492
	342  -  MemoryUsage of job (MB)
	349280  -  ResidentSetSize of job (KB)
...
006 (14663.000.000) 01/22 00:48:32 Image size of job updated: 621056
	373  -  MemoryUsage of job (MB)
	381604  -  ResidentSetSize of job (KB)
...
005 (14663.000.000) 01/22 01:51:43 Job terminated.
	(1) Normal termination (return value 0)
		Usr 0 01:11:53, Sys 0 00:00:56  -  Run Remote Usage
		Usr 0 00:00:00, Sys 0 00:00:00  -  Run Local Usage
		Usr 0 01:11:53, Sys 0 00:00:56  -  Total Remote Usage
		Usr 0 00:00:00, Sys 0 00:00:00  -  Total Local Usage
	0  -  Run Bytes Sent By Job
	0  -  Run Bytes Received By Job
	0  -  Total Bytes Sent By Job
	0  -  Total Bytes Received By Job
	Partitionable Resources :    Usage  Request          
	   Cpus                 :                 1          
	   Disk (KB)            :     2750     2750          
	   Memory (MB)          :      373      373          
...
