============================================================
Domain:		BlocksWorld
Dimensions:	4
|S|:		256
|A|:		16
|S|x|A|:		4096
Episode Cap:	1000
Gamma:		1
noise		0.3
blocks		4
============================================================
Representation:		IndependentDiscretization
Features per action:	16
============================================================
Agent:		RE_LSPI
Policy:		eGreedy
Max LSPI Iterations:	10
Data Size:		5000
Weight Difference tol.:	0.001
Max Representation Expansion Iterations:	100
============================================================
Experiment:		OnlineExperiment
Output:			././1-results.txt
Learning Steps:		5000
Performance Checks:	1
Log Intervals:		60(s)
Representation Expansion iteration #1
-----------------
Running LSPI:
1: L2_norm of weight difference = 3.201, Density of A: 6.04%
2: L2_norm of weight difference = 0.874, Density of A: 6.40%
3: L2_norm of weight difference = 0.972, Density of A: 6.29%
4: L2_norm of weight difference = 1.329, Density of A: 6.06%
5: L2_norm of weight difference = 5.425, Density of A: 6.34%
6: L2_norm of weight difference = 5.421, Density of A: 6.50%
7: L2_norm of weight difference = 0.681, Density of A: 6.05%
8: L2_norm of weight difference = 0.911, Density of A: 5.94%
9: L2_norm of weight difference = 1.043, Density of A: 5.92%
10: L2_norm of weight difference = 0.556, Density of A: 5.97%
Performance Check >>> -1.000 Return, 1000 Steps, 16 Features
5000 >>> E[0:02:02]-R[0:00:00]: Return=-1.00, Steps=1000, Features = 16
============================================================
Took 0:02:02
Results	=> ././1-results.txt
Log	=> ././1-out.txt
