============================================================
Domain:		BlocksWorld
Dimensions:	4
|S|:		256
|A|:		16
|S|x|A|:		4096
Episode Cap:	1000
Gamma:		1
noise		0.3
blocks		4
============================================================
Representation:		IndependentDiscretization
Features per action:	16
============================================================
Agent:		RE_LSPI
Policy:		eGreedy
Max LSPI Iterations:	10
Data Size:		5000
Weight Difference tol.:	0.001
Max Representation Expansion Iterations:	100
============================================================
Experiment:		OnlineExperiment
Output:			././10-results.txt
Learning Steps:		5000
Performance Checks:	1
Log Intervals:		60(s)
Representation Expansion iteration #1
-----------------
Running LSPI:
1: L2_norm of weight difference = 2.209, Density of A: 6.06%
2: L2_norm of weight difference = 0.381, Density of A: 6.31%
3: L2_norm of weight difference = 1.869, Density of A: 6.07%
4: L2_norm of weight difference = 1.519, Density of A: 6.41%
5: L2_norm of weight difference = 2.133, Density of A: 6.22%
6: L2_norm of weight difference = 3.349, Density of A: 6.27%
7: L2_norm of weight difference = 3.445, Density of A: 6.59%
8: L2_norm of weight difference = 15.046, Density of A: 6.15%
9: L2_norm of weight difference = 10.652, Density of A: 6.30%
10: L2_norm of weight difference = 3.077, Density of A: 6.15%
Performance Check >>> -1.000 Return, 1000 Steps, 16 Features
5000 >>> E[0:02:09]-R[0:00:00]: Return=-1.00, Steps=1000, Features = 16
============================================================
Took 0:02:09
Results	=> ././10-results.txt
Log	=> ././10-out.txt
