============================================================
Domain:		BlocksWorld
Dimensions:	4
|S|:		256
|A|:		16
|S|x|A|:		4096
Episode Cap:	1000
Gamma:		1
noise		0.3
blocks		4
============================================================
Representation:		IndependentDiscretization
Features per action:	16
============================================================
Agent:		RE_LSPI
Policy:		eGreedy
Max LSPI Iterations:	10
Data Size:		5000
Weight Difference tol.:	0.001
Max Representation Expansion Iterations:	100
============================================================
Experiment:		OnlineExperiment
Output:			././14-results.txt
Learning Steps:		5000
Performance Checks:	1
Log Intervals:		60(s)
Representation Expansion iteration #1
-----------------
Running LSPI:
1: L2_norm of weight difference = 2.091, Density of A: 6.00%
2: L2_norm of weight difference = 0.941, Density of A: 6.23%
3: L2_norm of weight difference = 5.984, Density of A: 6.36%
4: L2_norm of weight difference = 17.458, Density of A: 6.58%
5: L2_norm of weight difference = 12.692, Density of A: 6.26%
6: L2_norm of weight difference = 0.495, Density of A: 6.07%
7: L2_norm of weight difference = 0.855, Density of A: 5.84%
8: L2_norm of weight difference = 4.609, Density of A: 6.23%
9: L2_norm of weight difference = 4.896, Density of A: 6.40%
10: L2_norm of weight difference = 21208646644.934, Density of A: 6.37%
Performance Check >>> -1.000 Return, 1000 Steps, 16 Features
5000 >>> E[0:02:08]-R[0:00:00]: Return=-1.00, Steps=1000, Features = 16
============================================================
Took 0:02:08
Results	=> ././14-results.txt
Log	=> ././14-out.txt
