============================================================
Domain:		BlocksWorld
Dimensions:	4
|S|:		256
|A|:		16
|S|x|A|:		4096
Episode Cap:	1000
Gamma:		1
noise		0.3
blocks		4
============================================================
Representation:		IndependentDiscretization
Features per action:	16
============================================================
Agent:		RE_LSPI
Policy:		eGreedy
Max LSPI Iterations:	10
Data Size:		5000
Weight Difference tol.:	0.001
Max Representation Expansion Iterations:	100
============================================================
Experiment:		OnlineExperiment
Output:			././2-results.txt
Learning Steps:		5000
Performance Checks:	1
Log Intervals:		60(s)
Representation Expansion iteration #1
-----------------
Running LSPI:
1: L2_norm of weight difference = 1.737, Density of A: 6.01%
2: L2_norm of weight difference = 0.285, Density of A: 6.27%
3: L2_norm of weight difference = 31.617, Density of A: 5.92%
4: L2_norm of weight difference = 32.336, Density of A: 6.55%
5: L2_norm of weight difference = 0.961, Density of A: 6.39%
6: L2_norm of weight difference = 1.012, Density of A: 6.22%
7: L2_norm of weight difference = 1.136, Density of A: 5.90%
8: L2_norm of weight difference = 30644.636, Density of A: 5.85%
9: L2_norm of weight difference = 43786715284.825, Density of A: 6.04%
10: L2_norm of weight difference = 43786717685.159, Density of A: 6.42%
Performance Check >>> -1.000 Return, 1000 Steps, 16 Features
5000 >>> E[0:02:05]-R[0:00:00]: Return=-1.00, Steps=1000, Features = 16
============================================================
Took 0:02:05
Results	=> ././2-results.txt
Log	=> ././2-out.txt
