============================================================
Domain:		BlocksWorld
Dimensions:	4
|S|:		256
|A|:		16
|S|x|A|:		4096
Episode Cap:	1000
Gamma:		1
noise		0.3
blocks		4
============================================================
Representation:		IndependentDiscretization
Features per action:	16
============================================================
Agent:		RE_LSPI
Policy:		eGreedy
Max LSPI Iterations:	10
Data Size:		5000
Weight Difference tol.:	0.001
Max Representation Expansion Iterations:	100
============================================================
Experiment:		OnlineExperiment
Output:			././25-results.txt
Learning Steps:		5000
Performance Checks:	1
Log Intervals:		60(s)
Representation Expansion iteration #1
-----------------
Running LSPI:
1: L2_norm of weight difference = 5.248, Density of A: 6.12%
2: L2_norm of weight difference = 0.380, Density of A: 6.01%
3: L2_norm of weight difference = 0.646, Density of A: 5.90%
4: L2_norm of weight difference = 0.668, Density of A: 5.96%
5: L2_norm of weight difference = 0.796, Density of A: 6.10%
6: L2_norm of weight difference = 0.593, Density of A: 6.26%
7: L2_norm of weight difference = 0.467, Density of A: 5.90%
8: L2_norm of weight difference = 0.426, Density of A: 5.96%
9: L2_norm of weight difference = 0.796, Density of A: 6.10%
10: L2_norm of weight difference = 0.593, Density of A: 6.26%
Performance Check >>> -1.000 Return, 1000 Steps, 16 Features
5000 >>> E[0:02:03]-R[0:00:00]: Return=-1.00, Steps=1000, Features = 16
============================================================
Took 0:02:03
Results	=> ././25-results.txt
Log	=> ././25-out.txt
