============================================================
Domain:		BlocksWorld
Dimensions:	4
|S|:		256
|A|:		16
|S|x|A|:		4096
Episode Cap:	1000
Gamma:		1
noise		0.3
blocks		4
============================================================
Representation:		IndependentDiscretization
Features per action:	16
============================================================
Agent:		RE_LSPI
Policy:		eGreedy
Max LSPI Iterations:	10
Data Size:		5000
Weight Difference tol.:	0.001
Max Representation Expansion Iterations:	100
============================================================
Experiment:		OnlineExperiment
Output:			././26-results.txt
Learning Steps:		5000
Performance Checks:	1
Log Intervals:		60(s)
Representation Expansion iteration #1
-----------------
Running LSPI:
1: L2_norm of weight difference = 1.745, Density of A: 5.96%
2: L2_norm of weight difference = 1.037, Density of A: 6.17%
3: L2_norm of weight difference = 0.640, Density of A: 6.04%
4: L2_norm of weight difference = 0.212, Density of A: 5.99%
5: L2_norm of weight difference = 0.761, Density of A: 5.96%
6: L2_norm of weight difference = 0.000, Density of A: 5.96%
Performance Check >>> 0.995 Return, 6 Steps, 16 Features
5000 >>> E[0:01:22]-R[0:00:00]: Return=+0.99, Steps=7, Features = 16
============================================================
Took 0:01:22
Results	=> ././26-results.txt
Log	=> ././26-out.txt
