============================================================
Domain:		BlocksWorld
Dimensions:	4
|S|:		256
|A|:		16
|S|x|A|:		4096
Episode Cap:	1000
Gamma:		1
noise		0.3
blocks		4
============================================================
Representation:		IndependentDiscretization
Features per action:	16
============================================================
Agent:		RE_LSPI
Policy:		eGreedy
Max LSPI Iterations:	10
Data Size:		5000
Weight Difference tol.:	0.001
Max Representation Expansion Iterations:	100
============================================================
Experiment:		OnlineExperiment
Output:			././28-results.txt
Learning Steps:		5000
Performance Checks:	1
Log Intervals:		60(s)
Representation Expansion iteration #1
-----------------
Running LSPI:
1: L2_norm of weight difference = 2.242, Density of A: 6.15%
2: L2_norm of weight difference = 0.420, Density of A: 6.40%
3: L2_norm of weight difference = 0.646, Density of A: 6.11%
4: L2_norm of weight difference = 5.369, Density of A: 6.32%
5: L2_norm of weight difference = 3.357, Density of A: 6.66%
6: L2_norm of weight difference = 10190693717.987, Density of A: 6.21%
7: L2_norm of weight difference = 10190693717.577, Density of A: 6.46%
8: L2_norm of weight difference = 0.923, Density of A: 6.40%
9: L2_norm of weight difference = 0.620, Density of A: 6.04%
10: L2_norm of weight difference = 0.584, Density of A: 5.86%
Performance Check >>> 0.997 Return, 4 Steps, 16 Features
5000 >>> E[0:02:09]-R[0:00:00]: Return=+1.00, Steps=4, Features = 16
============================================================
Took 0:02:09
Results	=> ././28-results.txt
Log	=> ././28-out.txt
