============================================================
Domain:		BlocksWorld
Dimensions:	4
|S|:		256
|A|:		16
|S|x|A|:		4096
Episode Cap:	1000
Gamma:		1
noise		0.3
blocks		4
============================================================
Representation:		IndependentDiscretization
Features per action:	16
============================================================
Agent:		RE_LSPI
Policy:		eGreedy
Max LSPI Iterations:	10
Data Size:		5000
Weight Difference tol.:	0.001
Max Representation Expansion Iterations:	100
============================================================
Experiment:		OnlineExperiment
Output:			././3-results.txt
Learning Steps:		5000
Performance Checks:	1
Log Intervals:		60(s)
Representation Expansion iteration #1
-----------------
Running LSPI:
1: L2_norm of weight difference = 2.116, Density of A: 6.15%
2: L2_norm of weight difference = 0.708, Density of A: 6.29%
3: L2_norm of weight difference = 1.500, Density of A: 6.21%
4: L2_norm of weight difference = 1.706, Density of A: 5.97%
5: L2_norm of weight difference = 0.377, Density of A: 6.16%
6: L2_norm of weight difference = 0.911, Density of A: 6.56%
7: L2_norm of weight difference = 15094820417.935, Density of A: 6.13%
8: L2_norm of weight difference = 15094820417.805, Density of A: 6.20%
9: L2_norm of weight difference = 1.639, Density of A: 6.30%
10: L2_norm of weight difference = 10.253, Density of A: 6.44%
Performance Check >>> -1.000 Return, 1000 Steps, 16 Features
5000 >>> E[0:02:03]-R[0:00:00]: Return=-1.00, Steps=1000, Features = 16
============================================================
Took 0:02:03
Results	=> ././3-results.txt
Log	=> ././3-out.txt
