============================================================
Domain:		BlocksWorld
Dimensions:	4
|S|:		256
|A|:		16
|S|x|A|:		4096
Episode Cap:	1000
Gamma:		1
noise		0.3
blocks		4
============================================================
Representation:		IndependentDiscretization
Features per action:	16
============================================================
Agent:		RE_LSPI
Policy:		eGreedy
Max LSPI Iterations:	10
Data Size:		5000
Weight Difference tol.:	0.001
Max Representation Expansion Iterations:	100
============================================================
Experiment:		OnlineExperiment
Output:			././7-results.txt
Learning Steps:		5000
Performance Checks:	1
Log Intervals:		60(s)
Representation Expansion iteration #1
-----------------
Running LSPI:
1: L2_norm of weight difference = 4.257, Density of A: 6.15%
2: L2_norm of weight difference = 2.848, Density of A: 6.19%
3: L2_norm of weight difference = 0.476, Density of A: 6.29%
4: L2_norm of weight difference = 0.306, Density of A: 5.98%
5: L2_norm of weight difference = 1.117, Density of A: 5.91%
6: L2_norm of weight difference = 1.101, Density of A: 6.23%
7: L2_norm of weight difference = 0.449, Density of A: 6.48%
8: L2_norm of weight difference = 0.652, Density of A: 6.04%
9: L2_norm of weight difference = 0.785, Density of A: 6.11%
10: L2_norm of weight difference = 0.979, Density of A: 6.47%
Performance Check >>> -1.000 Return, 1000 Steps, 16 Features
5000 >>> E[0:02:01]-R[0:00:00]: Return=-1.00, Steps=1000, Features = 16
============================================================
Took 0:02:01
Results	=> ././7-results.txt
Log	=> ././7-out.txt
