000 (439571.000.000) 02/03 16:36:23 Job submitted from host: <128.30.112.26:56169>
...
001 (439571.000.000) 02/03 16:36:32 Job executing on host: <128.30.113.105:38521>
...
006 (439571.000.000) 02/03 16:36:41 Image size of job updated: 2750
	3  -  MemoryUsage of job (MB)
	2212  -  ResidentSetSize of job (KB)
...
006 (439571.000.000) 02/03 16:38:24 Image size of job updated: 233736
	3  -  MemoryUsage of job (MB)
	2212  -  ResidentSetSize of job (KB)
...
005 (439571.000.000) 02/03 16:38:24 Job terminated.
	(1) Normal termination (return value 0)
		Usr 0 00:01:13, Sys 0 00:00:00  -  Run Remote Usage
		Usr 0 00:00:00, Sys 0 00:00:00  -  Run Local Usage
		Usr 0 00:01:13, Sys 0 00:00:00  -  Total Remote Usage
		Usr 0 00:00:00, Sys 0 00:00:00  -  Total Local Usage
	0  -  Run Bytes Sent By Job
	0  -  Run Bytes Received By Job
	0  -  Total Bytes Sent By Job
	0  -  Total Bytes Received By Job
	Partitionable Resources :    Usage  Request          
	   Cpus                 :                 1          
	   Disk (KB)            :     2750     2750          
	   Memory (MB)          :        3        3          
...
000 (439965.000.000) 02/04 18:23:36 Job submitted from host: <128.30.112.26:56169>
...
001 (439965.000.000) 02/04 21:42:59 Job executing on host: <128.30.113.71:37774>
...
006 (439965.000.000) 02/04 21:43:08 Image size of job updated: 2750
	3  -  MemoryUsage of job (MB)
	2264  -  ResidentSetSize of job (KB)
...
006 (439965.000.000) 02/04 21:46:27 Image size of job updated: 284436
	3  -  MemoryUsage of job (MB)
	2264  -  ResidentSetSize of job (KB)
...
005 (439965.000.000) 02/04 21:46:27 Job terminated.
	(1) Normal termination (return value 0)
		Usr 0 00:03:10, Sys 0 00:00:00  -  Run Remote Usage
		Usr 0 00:00:00, Sys 0 00:00:00  -  Run Local Usage
		Usr 0 00:03:10, Sys 0 00:00:00  -  Total Remote Usage
		Usr 0 00:00:00, Sys 0 00:00:00  -  Total Local Usage
	0  -  Run Bytes Sent By Job
	0  -  Run Bytes Received By Job
	0  -  Total Bytes Sent By Job
	0  -  Total Bytes Received By Job
	Partitionable Resources :    Usage  Request          
	   Cpus                 :                 1          
	   Disk (KB)            :     2750     2750          
	   Memory (MB)          :        3        3          
...
