000 (439580.000.000) 02/03 16:36:40 Job submitted from host: <128.30.112.26:56169>
...
001 (439580.000.000) 02/03 16:37:02 Job executing on host: <128.30.113.108:51545>
...
006 (439580.000.000) 02/03 16:37:06 Image size of job updated: 100996
	0  -  MemoryUsage of job (MB)
	0  -  ResidentSetSize of job (KB)
...
005 (439580.000.000) 02/03 16:37:07 Job terminated.
	(1) Normal termination (return value 1)
		Usr 0 00:00:00, Sys 0 00:00:00  -  Run Remote Usage
		Usr 0 00:00:00, Sys 0 00:00:00  -  Run Local Usage
		Usr 0 00:00:00, Sys 0 00:00:00  -  Total Remote Usage
		Usr 0 00:00:00, Sys 0 00:00:00  -  Total Local Usage
	0  -  Run Bytes Sent By Job
	0  -  Run Bytes Received By Job
	0  -  Total Bytes Sent By Job
	0  -  Total Bytes Received By Job
	Partitionable Resources :    Usage  Request          
	   Cpus                 :                 1          
	   Disk (KB)            :     2750     2750          
	   Memory (MB)          :        0        0          
...
000 (439602.000.000) 02/03 17:28:13 Job submitted from host: <128.30.112.26:56169>
...
001 (439602.000.000) 02/03 17:28:15 Job executing on host: <128.30.113.104:60605>
...
006 (439602.000.000) 02/03 17:28:23 Image size of job updated: 2750
	3  -  MemoryUsage of job (MB)
	2216  -  ResidentSetSize of job (KB)
...
006 (439602.000.000) 02/03 17:31:29 Image size of job updated: 244148
	3  -  MemoryUsage of job (MB)
	2216  -  ResidentSetSize of job (KB)
...
005 (439602.000.000) 02/03 17:31:29 Job terminated.
	(1) Normal termination (return value 0)
		Usr 0 00:03:04, Sys 0 00:00:00  -  Run Remote Usage
		Usr 0 00:00:00, Sys 0 00:00:00  -  Run Local Usage
		Usr 0 00:03:04, Sys 0 00:00:00  -  Total Remote Usage
		Usr 0 00:00:00, Sys 0 00:00:00  -  Total Local Usage
	0  -  Run Bytes Sent By Job
	0  -  Run Bytes Received By Job
	0  -  Total Bytes Sent By Job
	0  -  Total Bytes Received By Job
	Partitionable Resources :    Usage  Request          
	   Cpus                 :                 1          
	   Disk (KB)            :     2750     2750          
	   Memory (MB)          :        3        3          
...
000 (439974.000.000) 02/04 18:23:38 Job submitted from host: <128.30.112.26:56169>
...
001 (439974.000.000) 02/04 22:43:07 Job executing on host: <128.30.113.71:37774>
...
006 (439974.000.000) 02/04 22:43:15 Image size of job updated: 2750
	3  -  MemoryUsage of job (MB)
	2260  -  ResidentSetSize of job (KB)
...
006 (439974.000.000) 02/04 22:48:15 Image size of job updated: 303284
	77  -  MemoryUsage of job (MB)
	77972  -  ResidentSetSize of job (KB)
...
005 (439974.000.000) 02/04 22:53:01 Job terminated.
	(1) Normal termination (return value 0)
		Usr 0 00:09:37, Sys 0 00:00:00  -  Run Remote Usage
		Usr 0 00:00:00, Sys 0 00:00:00  -  Run Local Usage
		Usr 0 00:09:37, Sys 0 00:00:00  -  Total Remote Usage
		Usr 0 00:00:00, Sys 0 00:00:00  -  Total Local Usage
	0  -  Run Bytes Sent By Job
	0  -  Run Bytes Received By Job
	0  -  Total Bytes Sent By Job
	0  -  Total Bytes Received By Job
	Partitionable Resources :    Usage  Request          
	   Cpus                 :                 1          
	   Disk (KB)            :     2750     2750          
	   Memory (MB)          :       77       77          
...
