000 (439583.000.000) 02/03 16:36:45 Job submitted from host: <128.30.112.26:56169>
...
001 (439583.000.000) 02/03 16:36:56 Job executing on host: <128.30.113.104:60605>
...
006 (439583.000.000) 02/03 16:37:05 Image size of job updated: 37996
	6  -  MemoryUsage of job (MB)
	5632  -  ResidentSetSize of job (KB)
...
006 (439583.000.000) 02/03 16:37:45 Image size of job updated: 220864
	6  -  MemoryUsage of job (MB)
	5632  -  ResidentSetSize of job (KB)
...
005 (439583.000.000) 02/03 16:37:45 Job terminated.
	(1) Normal termination (return value 0)
		Usr 0 00:00:41, Sys 0 00:00:00  -  Run Remote Usage
		Usr 0 00:00:00, Sys 0 00:00:00  -  Run Local Usage
		Usr 0 00:00:41, Sys 0 00:00:00  -  Total Remote Usage
		Usr 0 00:00:00, Sys 0 00:00:00  -  Total Local Usage
	0  -  Run Bytes Sent By Job
	0  -  Run Bytes Received By Job
	0  -  Total Bytes Sent By Job
	0  -  Total Bytes Received By Job
	Partitionable Resources :    Usage  Request          
	   Cpus                 :                 1          
	   Disk (KB)            :     2750     2750          
	   Memory (MB)          :        6        6          
...
000 (439977.000.000) 02/04 18:23:38 Job submitted from host: <128.30.112.26:56169>
...
001 (439977.000.000) 02/04 22:59:31 Job executing on host: <128.30.113.71:37774>
...
006 (439977.000.000) 02/04 22:59:40 Image size of job updated: 257748
	39  -  MemoryUsage of job (MB)
	39544  -  ResidentSetSize of job (KB)
...
006 (439977.000.000) 02/04 23:01:16 Image size of job updated: 271720
	39  -  MemoryUsage of job (MB)
	39544  -  ResidentSetSize of job (KB)
...
005 (439977.000.000) 02/04 23:01:16 Job terminated.
	(1) Normal termination (return value 0)
		Usr 0 00:01:31, Sys 0 00:00:00  -  Run Remote Usage
		Usr 0 00:00:00, Sys 0 00:00:00  -  Run Local Usage
		Usr 0 00:01:31, Sys 0 00:00:00  -  Total Remote Usage
		Usr 0 00:00:00, Sys 0 00:00:00  -  Total Local Usage
	0  -  Run Bytes Sent By Job
	0  -  Run Bytes Received By Job
	0  -  Total Bytes Sent By Job
	0  -  Total Bytes Received By Job
	Partitionable Resources :    Usage  Request          
	   Cpus                 :                 1          
	   Disk (KB)            :     2750     2750          
	   Memory (MB)          :       39       39          
...
