000 (439584.000.000) 02/03 16:36:46 Job submitted from host: <128.30.112.26:56169>
...
001 (439584.000.000) 02/03 16:37:02 Job executing on host: <128.30.113.108:51545>
...
006 (439584.000.000) 02/03 16:37:06 Image size of job updated: 2750
	0  -  MemoryUsage of job (MB)
	0  -  ResidentSetSize of job (KB)
...
005 (439584.000.000) 02/03 16:37:07 Job terminated.
	(1) Normal termination (return value 1)
		Usr 0 00:00:00, Sys 0 00:00:00  -  Run Remote Usage
		Usr 0 00:00:00, Sys 0 00:00:00  -  Run Local Usage
		Usr 0 00:00:00, Sys 0 00:00:00  -  Total Remote Usage
		Usr 0 00:00:00, Sys 0 00:00:00  -  Total Local Usage
	0  -  Run Bytes Sent By Job
	0  -  Run Bytes Received By Job
	0  -  Total Bytes Sent By Job
	0  -  Total Bytes Received By Job
	Partitionable Resources :    Usage  Request          
	   Cpus                 :                 1          
	   Disk (KB)            :     2750     2750          
	   Memory (MB)          :        0        0          
...
000 (439603.000.000) 02/03 17:28:13 Job submitted from host: <128.30.112.26:56169>
...
001 (439603.000.000) 02/03 17:28:15 Job executing on host: <128.30.113.101:38623>
...
006 (439603.000.000) 02/03 17:28:23 Image size of job updated: 2750
	3  -  MemoryUsage of job (MB)
	2216  -  ResidentSetSize of job (KB)
...
006 (439603.000.000) 02/03 17:30:07 Image size of job updated: 253380
	3  -  MemoryUsage of job (MB)
	2216  -  ResidentSetSize of job (KB)
...
005 (439603.000.000) 02/03 17:30:07 Job terminated.
	(1) Normal termination (return value 0)
		Usr 0 00:01:36, Sys 0 00:00:00  -  Run Remote Usage
		Usr 0 00:00:00, Sys 0 00:00:00  -  Run Local Usage
		Usr 0 00:01:36, Sys 0 00:00:00  -  Total Remote Usage
		Usr 0 00:00:00, Sys 0 00:00:00  -  Total Local Usage
	0  -  Run Bytes Sent By Job
	0  -  Run Bytes Received By Job
	0  -  Total Bytes Sent By Job
	0  -  Total Bytes Received By Job
	Partitionable Resources :    Usage  Request          
	   Cpus                 :                 1          
	   Disk (KB)            :     2750     2750          
	   Memory (MB)          :        3        3          
...
000 (439978.000.000) 02/04 18:23:38 Job submitted from host: <128.30.112.26:56169>
...
001 (439978.000.000) 02/04 23:01:17 Job executing on host: <128.30.113.71:37774>
...
006 (439978.000.000) 02/04 23:01:25 Image size of job updated: 257752
	39  -  MemoryUsage of job (MB)
	39532  -  ResidentSetSize of job (KB)
...
006 (439978.000.000) 02/04 23:06:25 Image size of job updated: 303284
	77  -  MemoryUsage of job (MB)
	77972  -  ResidentSetSize of job (KB)
...
005 (439978.000.000) 02/04 23:06:29 Job terminated.
	(1) Normal termination (return value 0)
		Usr 0 00:04:59, Sys 0 00:00:00  -  Run Remote Usage
		Usr 0 00:00:00, Sys 0 00:00:00  -  Run Local Usage
		Usr 0 00:04:59, Sys 0 00:00:00  -  Total Remote Usage
		Usr 0 00:00:00, Sys 0 00:00:00  -  Total Local Usage
	0  -  Run Bytes Sent By Job
	0  -  Run Bytes Received By Job
	0  -  Total Bytes Sent By Job
	0  -  Total Bytes Received By Job
	Partitionable Resources :    Usage  Request          
	   Cpus                 :                 1          
	   Disk (KB)            :     2750     2750          
	   Memory (MB)          :       77       77          
...
