000 (439585.000.000) 02/03 16:36:48 Job submitted from host: <128.30.112.26:56169>
...
001 (439585.000.000) 02/03 16:36:58 Job executing on host: <128.30.113.101:38623>
...
006 (439585.000.000) 02/03 16:37:07 Image size of job updated: 205304
	26  -  MemoryUsage of job (MB)
	25872  -  ResidentSetSize of job (KB)
...
006 (439585.000.000) 02/03 16:38:17 Image size of job updated: 233760
	26  -  MemoryUsage of job (MB)
	25872  -  ResidentSetSize of job (KB)
...
005 (439585.000.000) 02/03 16:38:17 Job terminated.
	(1) Normal termination (return value 0)
		Usr 0 00:00:59, Sys 0 00:00:00  -  Run Remote Usage
		Usr 0 00:00:00, Sys 0 00:00:00  -  Run Local Usage
		Usr 0 00:00:59, Sys 0 00:00:00  -  Total Remote Usage
		Usr 0 00:00:00, Sys 0 00:00:00  -  Total Local Usage
	0  -  Run Bytes Sent By Job
	0  -  Run Bytes Received By Job
	0  -  Total Bytes Sent By Job
	0  -  Total Bytes Received By Job
	Partitionable Resources :    Usage  Request          
	   Cpus                 :                 1          
	   Disk (KB)            :     2750     2750          
	   Memory (MB)          :       26       26          
...
000 (439979.000.000) 02/04 18:23:39 Job submitted from host: <128.30.112.26:56169>
...
001 (439979.000.000) 02/04 23:06:29 Job executing on host: <128.30.113.71:37774>
...
006 (439979.000.000) 02/04 23:06:38 Image size of job updated: 257752
	39  -  MemoryUsage of job (MB)
	39552  -  ResidentSetSize of job (KB)
...
006 (439979.000.000) 02/04 23:09:20 Image size of job updated: 283876
	39  -  MemoryUsage of job (MB)
	39552  -  ResidentSetSize of job (KB)
...
005 (439979.000.000) 02/04 23:09:20 Job terminated.
	(1) Normal termination (return value 0)
		Usr 0 00:02:47, Sys 0 00:00:00  -  Run Remote Usage
		Usr 0 00:00:00, Sys 0 00:00:00  -  Run Local Usage
		Usr 0 00:02:47, Sys 0 00:00:00  -  Total Remote Usage
		Usr 0 00:00:00, Sys 0 00:00:00  -  Total Local Usage
	0  -  Run Bytes Sent By Job
	0  -  Run Bytes Received By Job
	0  -  Total Bytes Sent By Job
	0  -  Total Bytes Received By Job
	Partitionable Resources :    Usage  Request          
	   Cpus                 :                 1          
	   Disk (KB)            :     2750     2750          
	   Memory (MB)          :       39       39          
...
