000 (439586.000.000) 02/03 16:36:50 Job submitted from host: <128.30.112.26:56169>
...
001 (439586.000.000) 02/03 16:36:56 Job executing on host: <128.30.113.105:38521>
...
006 (439586.000.000) 02/03 16:37:05 Image size of job updated: 205328
	26  -  MemoryUsage of job (MB)
	25824  -  ResidentSetSize of job (KB)
...
006 (439586.000.000) 02/03 16:38:25 Image size of job updated: 233736
	26  -  MemoryUsage of job (MB)
	25824  -  ResidentSetSize of job (KB)
...
005 (439586.000.000) 02/03 16:38:25 Job terminated.
	(1) Normal termination (return value 0)
		Usr 0 00:01:25, Sys 0 00:00:00  -  Run Remote Usage
		Usr 0 00:00:00, Sys 0 00:00:00  -  Run Local Usage
		Usr 0 00:01:25, Sys 0 00:00:00  -  Total Remote Usage
		Usr 0 00:00:00, Sys 0 00:00:00  -  Total Local Usage
	0  -  Run Bytes Sent By Job
	0  -  Run Bytes Received By Job
	0  -  Total Bytes Sent By Job
	0  -  Total Bytes Received By Job
	Partitionable Resources :    Usage  Request          
	   Cpus                 :                 1          
	   Disk (KB)            :     2750     2750          
	   Memory (MB)          :       26       26          
...
000 (439980.000.000) 02/04 18:23:39 Job submitted from host: <128.30.112.26:56169>
...
001 (439980.000.000) 02/04 23:09:21 Job executing on host: <128.30.113.71:37774>
...
006 (439980.000.000) 02/04 23:09:30 Image size of job updated: 2750
	3  -  MemoryUsage of job (MB)
	2264  -  ResidentSetSize of job (KB)
...
006 (439980.000.000) 02/04 23:14:31 Image size of job updated: 303288
	77  -  MemoryUsage of job (MB)
	77972  -  ResidentSetSize of job (KB)
...
006 (439980.000.000) 02/04 23:19:32 Image size of job updated: 345364
	106  -  MemoryUsage of job (MB)
	108208  -  ResidentSetSize of job (KB)
...
006 (439980.000.000) 02/04 23:34:34 Image size of job updated: 374448
	120  -  MemoryUsage of job (MB)
	122192  -  ResidentSetSize of job (KB)
...
005 (439980.000.000) 02/04 23:47:21 Job terminated.
	(1) Normal termination (return value 0)
		Usr 0 00:37:50, Sys 0 00:00:00  -  Run Remote Usage
		Usr 0 00:00:00, Sys 0 00:00:00  -  Run Local Usage
		Usr 0 00:37:50, Sys 0 00:00:00  -  Total Remote Usage
		Usr 0 00:00:00, Sys 0 00:00:00  -  Total Local Usage
	0  -  Run Bytes Sent By Job
	0  -  Run Bytes Received By Job
	0  -  Total Bytes Sent By Job
	0  -  Total Bytes Received By Job
	Partitionable Resources :    Usage  Request          
	   Cpus                 :                 1          
	   Disk (KB)            :     2750     2750          
	   Memory (MB)          :      120      120          
...
