000 (439588.000.000) 02/03 16:36:54 Job submitted from host: <128.30.112.26:56169>
...
001 (439588.000.000) 02/03 16:36:56 Job executing on host: <128.30.113.105:38521>
...
006 (439588.000.000) 02/03 16:37:05 Image size of job updated: 205328
	26  -  MemoryUsage of job (MB)
	25824  -  ResidentSetSize of job (KB)
...
006 (439588.000.000) 02/03 16:40:30 Image size of job updated: 253376
	26  -  MemoryUsage of job (MB)
	25824  -  ResidentSetSize of job (KB)
...
005 (439588.000.000) 02/03 16:40:30 Job terminated.
	(1) Normal termination (return value 0)
		Usr 0 00:03:27, Sys 0 00:00:00  -  Run Remote Usage
		Usr 0 00:00:00, Sys 0 00:00:00  -  Run Local Usage
		Usr 0 00:03:27, Sys 0 00:00:00  -  Total Remote Usage
		Usr 0 00:00:00, Sys 0 00:00:00  -  Total Local Usage
	0  -  Run Bytes Sent By Job
	0  -  Run Bytes Received By Job
	0  -  Total Bytes Sent By Job
	0  -  Total Bytes Received By Job
	Partitionable Resources :    Usage  Request          
	   Cpus                 :                 1          
	   Disk (KB)            :     2750     2750          
	   Memory (MB)          :       26       26          
...
000 (439982.000.000) 02/04 18:23:39 Job submitted from host: <128.30.112.26:56169>
...
001 (439982.000.000) 02/04 23:50:27 Job executing on host: <128.30.113.71:37774>
...
006 (439982.000.000) 02/04 23:50:36 Image size of job updated: 271216
	52  -  MemoryUsage of job (MB)
	52964  -  ResidentSetSize of job (KB)
...
006 (439982.000.000) 02/04 23:55:36 Image size of job updated: 303280
	77  -  MemoryUsage of job (MB)
	77968  -  ResidentSetSize of job (KB)
...
005 (439982.000.000) 02/04 23:56:04 Job terminated.
	(1) Normal termination (return value 0)
		Usr 0 00:05:21, Sys 0 00:00:00  -  Run Remote Usage
		Usr 0 00:00:00, Sys 0 00:00:00  -  Run Local Usage
		Usr 0 00:05:21, Sys 0 00:00:00  -  Total Remote Usage
		Usr 0 00:00:00, Sys 0 00:00:00  -  Total Local Usage
	0  -  Run Bytes Sent By Job
	0  -  Run Bytes Received By Job
	0  -  Total Bytes Sent By Job
	0  -  Total Bytes Received By Job
	Partitionable Resources :    Usage  Request          
	   Cpus                 :                 1          
	   Disk (KB)            :     2750     2750          
	   Memory (MB)          :       77       77          
...
