000 (439589.000.000) 02/03 16:36:56 Job submitted from host: <128.30.112.26:56169>
...
001 (439589.000.000) 02/03 16:37:09 Job executing on host: <128.30.113.108:51545>
...
006 (439589.000.000) 02/03 16:37:10 Image size of job updated: 57232
	0  -  MemoryUsage of job (MB)
	0  -  ResidentSetSize of job (KB)
...
005 (439589.000.000) 02/03 16:37:10 Job terminated.
	(1) Normal termination (return value 1)
		Usr 0 00:00:00, Sys 0 00:00:00  -  Run Remote Usage
		Usr 0 00:00:00, Sys 0 00:00:00  -  Run Local Usage
		Usr 0 00:00:00, Sys 0 00:00:00  -  Total Remote Usage
		Usr 0 00:00:00, Sys 0 00:00:00  -  Total Local Usage
	0  -  Run Bytes Sent By Job
	0  -  Run Bytes Received By Job
	0  -  Total Bytes Sent By Job
	0  -  Total Bytes Received By Job
	Partitionable Resources :    Usage  Request          
	   Cpus                 :                 1          
	   Disk (KB)            :     2750     2750          
	   Memory (MB)          :        0        0          
...
000 (439604.000.000) 02/03 17:28:14 Job submitted from host: <128.30.112.26:56169>
...
001 (439604.000.000) 02/03 17:28:15 Job executing on host: <128.30.113.105:38521>
...
006 (439604.000.000) 02/03 17:28:23 Image size of job updated: 99840
	3  -  MemoryUsage of job (MB)
	2228  -  ResidentSetSize of job (KB)
...
006 (439604.000.000) 02/03 17:30:16 Image size of job updated: 253376
	3  -  MemoryUsage of job (MB)
	2228  -  ResidentSetSize of job (KB)
...
005 (439604.000.000) 02/03 17:30:16 Job terminated.
	(1) Normal termination (return value 0)
		Usr 0 00:01:48, Sys 0 00:00:00  -  Run Remote Usage
		Usr 0 00:00:00, Sys 0 00:00:00  -  Run Local Usage
		Usr 0 00:01:48, Sys 0 00:00:00  -  Total Remote Usage
		Usr 0 00:00:00, Sys 0 00:00:00  -  Total Local Usage
	0  -  Run Bytes Sent By Job
	0  -  Run Bytes Received By Job
	0  -  Total Bytes Sent By Job
	0  -  Total Bytes Received By Job
	Partitionable Resources :    Usage  Request          
	   Cpus                 :                 1          
	   Disk (KB)            :     2750     2750          
	   Memory (MB)          :        3        3          
...
