000 (439572.000.000) 02/03 16:36:25 Job submitted from host: <128.30.112.26:56169>
...
001 (439572.000.000) 02/03 16:36:32 Job executing on host: <128.30.113.104:60605>
...
006 (439572.000.000) 02/03 16:36:41 Image size of job updated: 203792
	24  -  MemoryUsage of job (MB)
	24440  -  ResidentSetSize of job (KB)
...
006 (439572.000.000) 02/03 16:41:42 Image size of job updated: 281300
	79  -  MemoryUsage of job (MB)
	80876  -  ResidentSetSize of job (KB)
...
005 (439572.000.000) 02/03 16:43:12 Job terminated.
	(1) Normal termination (return value 0)
		Usr 0 00:06:10, Sys 0 00:00:00  -  Run Remote Usage
		Usr 0 00:00:00, Sys 0 00:00:00  -  Run Local Usage
		Usr 0 00:06:10, Sys 0 00:00:00  -  Total Remote Usage
		Usr 0 00:00:00, Sys 0 00:00:00  -  Total Local Usage
	0  -  Run Bytes Sent By Job
	0  -  Run Bytes Received By Job
	0  -  Total Bytes Sent By Job
	0  -  Total Bytes Received By Job
	Partitionable Resources :    Usage  Request          
	   Cpus                 :                 1          
	   Disk (KB)            :     2750     2750          
	   Memory (MB)          :       79       79          
...
000 (439966.000.000) 02/04 18:23:36 Job submitted from host: <128.30.112.26:56169>
...
001 (439966.000.000) 02/04 21:46:27 Job executing on host: <128.30.113.71:37774>
...
006 (439966.000.000) 02/04 21:46:35 Image size of job updated: 257748
	39  -  MemoryUsage of job (MB)
	39544  -  ResidentSetSize of job (KB)
...
006 (439966.000.000) 02/04 21:51:35 Image size of job updated: 303280
	77  -  MemoryUsage of job (MB)
	77968  -  ResidentSetSize of job (KB)
...
006 (439966.000.000) 02/04 21:56:36 Image size of job updated: 346692
	126  -  MemoryUsage of job (MB)
	128808  -  ResidentSetSize of job (KB)
...
005 (439966.000.000) 02/04 22:01:58 Job terminated.
	(1) Normal termination (return value 0)
		Usr 0 00:15:12, Sys 0 00:00:00  -  Run Remote Usage
		Usr 0 00:00:00, Sys 0 00:00:00  -  Run Local Usage
		Usr 0 00:15:12, Sys 0 00:00:00  -  Total Remote Usage
		Usr 0 00:00:00, Sys 0 00:00:00  -  Total Local Usage
	0  -  Run Bytes Sent By Job
	0  -  Run Bytes Received By Job
	0  -  Total Bytes Sent By Job
	0  -  Total Bytes Received By Job
	Partitionable Resources :    Usage  Request          
	   Cpus                 :                 1          
	   Disk (KB)            :     2750     2750          
	   Memory (MB)          :      126      126          
...
