000 (439590.000.000) 02/03 16:36:57 Job submitted from host: <128.30.112.26:56169>
...
001 (439590.000.000) 02/03 16:37:09 Job executing on host: <128.30.113.108:51545>
...
006 (439590.000.000) 02/03 16:37:10 Image size of job updated: 39212
	0  -  MemoryUsage of job (MB)
	0  -  ResidentSetSize of job (KB)
...
005 (439590.000.000) 02/03 16:37:10 Job terminated.
	(1) Normal termination (return value 1)
		Usr 0 00:00:00, Sys 0 00:00:00  -  Run Remote Usage
		Usr 0 00:00:00, Sys 0 00:00:00  -  Run Local Usage
		Usr 0 00:00:00, Sys 0 00:00:00  -  Total Remote Usage
		Usr 0 00:00:00, Sys 0 00:00:00  -  Total Local Usage
	0  -  Run Bytes Sent By Job
	0  -  Run Bytes Received By Job
	0  -  Total Bytes Sent By Job
	0  -  Total Bytes Received By Job
	Partitionable Resources :    Usage  Request          
	   Cpus                 :                 1          
	   Disk (KB)            :     2750     2750          
	   Memory (MB)          :        0        0          
...
000 (439605.000.000) 02/03 17:28:14 Job submitted from host: <128.30.112.26:56169>
...
001 (439605.000.000) 02/03 17:28:15 Job executing on host: <128.30.113.105:38521>
...
006 (439605.000.000) 02/03 17:28:23 Image size of job updated: 99840
	3  -  MemoryUsage of job (MB)
	2224  -  ResidentSetSize of job (KB)
...
006 (439605.000.000) 02/03 17:31:27 Image size of job updated: 253368
	3  -  MemoryUsage of job (MB)
	2224  -  ResidentSetSize of job (KB)
...
005 (439605.000.000) 02/03 17:31:27 Job terminated.
	(1) Normal termination (return value 0)
		Usr 0 00:02:48, Sys 0 00:00:00  -  Run Remote Usage
		Usr 0 00:00:00, Sys 0 00:00:00  -  Run Local Usage
		Usr 0 00:02:48, Sys 0 00:00:00  -  Total Remote Usage
		Usr 0 00:00:00, Sys 0 00:00:00  -  Total Local Usage
	0  -  Run Bytes Sent By Job
	0  -  Run Bytes Received By Job
	0  -  Total Bytes Sent By Job
	0  -  Total Bytes Received By Job
	Partitionable Resources :    Usage  Request          
	   Cpus                 :                 1          
	   Disk (KB)            :     2750     2750          
	   Memory (MB)          :        3        3          
...
000 (439984.000.000) 02/04 18:23:39 Job submitted from host: <128.30.112.26:56169>
...
001 (439984.000.000) 02/05 00:04:46 Job executing on host: <128.30.113.71:37774>
...
006 (439984.000.000) 02/05 00:04:55 Image size of job updated: 257752
	39  -  MemoryUsage of job (MB)
	39552  -  ResidentSetSize of job (KB)
...
006 (439984.000.000) 02/05 00:07:51 Image size of job updated: 283876
	39  -  MemoryUsage of job (MB)
	39552  -  ResidentSetSize of job (KB)
...
005 (439984.000.000) 02/05 00:07:51 Job terminated.
	(1) Normal termination (return value 0)
		Usr 0 00:03:03, Sys 0 00:00:00  -  Run Remote Usage
		Usr 0 00:00:00, Sys 0 00:00:00  -  Run Local Usage
		Usr 0 00:03:03, Sys 0 00:00:00  -  Total Remote Usage
		Usr 0 00:00:00, Sys 0 00:00:00  -  Total Local Usage
	0  -  Run Bytes Sent By Job
	0  -  Run Bytes Received By Job
	0  -  Total Bytes Sent By Job
	0  -  Total Bytes Received By Job
	Partitionable Resources :    Usage  Request          
	   Cpus                 :                 1          
	   Disk (KB)            :     2750     2750          
	   Memory (MB)          :       39       39          
...
