000 (439592.000.000) 02/03 16:37:01 Job submitted from host: <128.30.112.26:56169>
...
001 (439592.000.000) 02/03 16:37:12 Job executing on host: <128.30.113.108:51545>
...
006 (439592.000.000) 02/03 16:37:13 Image size of job updated: 54504
	0  -  MemoryUsage of job (MB)
	0  -  ResidentSetSize of job (KB)
...
005 (439592.000.000) 02/03 16:37:13 Job terminated.
	(1) Normal termination (return value 1)
		Usr 0 00:00:00, Sys 0 00:00:00  -  Run Remote Usage
		Usr 0 00:00:00, Sys 0 00:00:00  -  Run Local Usage
		Usr 0 00:00:00, Sys 0 00:00:00  -  Total Remote Usage
		Usr 0 00:00:00, Sys 0 00:00:00  -  Total Local Usage
	0  -  Run Bytes Sent By Job
	0  -  Run Bytes Received By Job
	0  -  Total Bytes Sent By Job
	0  -  Total Bytes Received By Job
	Partitionable Resources :    Usage  Request          
	   Cpus                 :                 1          
	   Disk (KB)            :     2750     2750          
	   Memory (MB)          :        0        0          
...
000 (439607.000.000) 02/03 17:28:15 Job submitted from host: <128.30.112.26:56169>
...
001 (439607.000.000) 02/03 17:28:36 Job executing on host: <128.30.113.104:60605>
...
006 (439607.000.000) 02/03 17:28:44 Image size of job updated: 219132
	40  -  MemoryUsage of job (MB)
	40056  -  ResidentSetSize of job (KB)
...
006 (439607.000.000) 02/03 17:31:06 Image size of job updated: 253368
	40  -  MemoryUsage of job (MB)
	40056  -  ResidentSetSize of job (KB)
...
005 (439607.000.000) 02/03 17:31:06 Job terminated.
	(1) Normal termination (return value 0)
		Usr 0 00:02:21, Sys 0 00:00:00  -  Run Remote Usage
		Usr 0 00:00:00, Sys 0 00:00:00  -  Run Local Usage
		Usr 0 00:02:21, Sys 0 00:00:00  -  Total Remote Usage
		Usr 0 00:00:00, Sys 0 00:00:00  -  Total Local Usage
	0  -  Run Bytes Sent By Job
	0  -  Run Bytes Received By Job
	0  -  Total Bytes Sent By Job
	0  -  Total Bytes Received By Job
	Partitionable Resources :    Usage  Request          
	   Cpus                 :                 1          
	   Disk (KB)            :     2750     2750          
	   Memory (MB)          :       40       40          
...
000 (439986.000.000) 02/04 18:23:39 Job submitted from host: <128.30.112.26:56169>
...
001 (439986.000.000) 02/05 00:14:10 Job executing on host: <128.30.113.71:37774>
...
006 (439986.000.000) 02/05 00:14:18 Image size of job updated: 2750
	3  -  MemoryUsage of job (MB)
	2264  -  ResidentSetSize of job (KB)
...
006 (439986.000.000) 02/05 00:19:18 Image size of job updated: 303284
	77  -  MemoryUsage of job (MB)
	77972  -  ResidentSetSize of job (KB)
...
005 (439986.000.000) 02/05 00:20:00 Job terminated.
	(1) Normal termination (return value 0)
		Usr 0 00:05:40, Sys 0 00:00:00  -  Run Remote Usage
		Usr 0 00:00:00, Sys 0 00:00:00  -  Run Local Usage
		Usr 0 00:05:40, Sys 0 00:00:00  -  Total Remote Usage
		Usr 0 00:00:00, Sys 0 00:00:00  -  Total Local Usage
	0  -  Run Bytes Sent By Job
	0  -  Run Bytes Received By Job
	0  -  Total Bytes Sent By Job
	0  -  Total Bytes Received By Job
	Partitionable Resources :    Usage  Request          
	   Cpus                 :                 1          
	   Disk (KB)            :     2750     2750          
	   Memory (MB)          :       77       77          
...
