000 (439593.000.000) 02/03 16:37:02 Job submitted from host: <128.30.112.26:56169>
...
001 (439593.000.000) 02/03 16:37:12 Job executing on host: <128.30.113.108:51545>
...
006 (439593.000.000) 02/03 16:37:13 Image size of job updated: 100996
	0  -  MemoryUsage of job (MB)
	0  -  ResidentSetSize of job (KB)
...
005 (439593.000.000) 02/03 16:37:13 Job terminated.
	(1) Normal termination (return value 1)
		Usr 0 00:00:00, Sys 0 00:00:00  -  Run Remote Usage
		Usr 0 00:00:00, Sys 0 00:00:00  -  Run Local Usage
		Usr 0 00:00:00, Sys 0 00:00:00  -  Total Remote Usage
		Usr 0 00:00:00, Sys 0 00:00:00  -  Total Local Usage
	0  -  Run Bytes Sent By Job
	0  -  Run Bytes Received By Job
	0  -  Total Bytes Sent By Job
	0  -  Total Bytes Received By Job
	Partitionable Resources :    Usage  Request          
	   Cpus                 :                 1          
	   Disk (KB)            :     2750     2750          
	   Memory (MB)          :        0        0          
...
000 (439608.000.000) 02/03 17:28:15 Job submitted from host: <128.30.112.26:56169>
...
001 (439608.000.000) 02/03 17:28:36 Job executing on host: <128.30.113.101:38623>
...
006 (439608.000.000) 02/03 17:28:45 Image size of job updated: 219736
	40  -  MemoryUsage of job (MB)
	40312  -  ResidentSetSize of job (KB)
...
006 (439608.000.000) 02/03 17:29:54 Image size of job updated: 236580
	40  -  MemoryUsage of job (MB)
	40312  -  ResidentSetSize of job (KB)
...
005 (439608.000.000) 02/03 17:29:54 Job terminated.
	(1) Normal termination (return value 0)
		Usr 0 00:01:07, Sys 0 00:00:00  -  Run Remote Usage
		Usr 0 00:00:00, Sys 0 00:00:00  -  Run Local Usage
		Usr 0 00:01:07, Sys 0 00:00:00  -  Total Remote Usage
		Usr 0 00:00:00, Sys 0 00:00:00  -  Total Local Usage
	0  -  Run Bytes Sent By Job
	0  -  Run Bytes Received By Job
	0  -  Total Bytes Sent By Job
	0  -  Total Bytes Received By Job
	Partitionable Resources :    Usage  Request          
	   Cpus                 :                 1          
	   Disk (KB)            :     2750     2750          
	   Memory (MB)          :       40       40          
...
