000 (439594.000.000) 02/03 16:37:04 Job submitted from host: <128.30.112.26:56169>
...
001 (439594.000.000) 02/03 16:37:12 Job executing on host: <128.30.113.108:51545>
...
006 (439594.000.000) 02/03 16:37:13 Image size of job updated: 2750
	0  -  MemoryUsage of job (MB)
	0  -  ResidentSetSize of job (KB)
...
005 (439594.000.000) 02/03 16:37:13 Job terminated.
	(1) Normal termination (return value 1)
		Usr 0 00:00:00, Sys 0 00:00:00  -  Run Remote Usage
		Usr 0 00:00:00, Sys 0 00:00:00  -  Run Local Usage
		Usr 0 00:00:00, Sys 0 00:00:00  -  Total Remote Usage
		Usr 0 00:00:00, Sys 0 00:00:00  -  Total Local Usage
	0  -  Run Bytes Sent By Job
	0  -  Run Bytes Received By Job
	0  -  Total Bytes Sent By Job
	0  -  Total Bytes Received By Job
	Partitionable Resources :    Usage  Request          
	   Cpus                 :                 1          
	   Disk (KB)            :     2750     2750          
	   Memory (MB)          :        0        0          
...
000 (439609.000.000) 02/03 17:28:15 Job submitted from host: <128.30.112.26:56169>
...
001 (439609.000.000) 02/03 17:28:40 Job executing on host: <128.30.113.108:51545>
...
006 (439609.000.000) 02/03 17:28:42 Image size of job updated: 100996
	0  -  MemoryUsage of job (MB)
	0  -  ResidentSetSize of job (KB)
...
005 (439609.000.000) 02/03 17:28:42 Job terminated.
	(1) Normal termination (return value 1)
		Usr 0 00:00:00, Sys 0 00:00:00  -  Run Remote Usage
		Usr 0 00:00:00, Sys 0 00:00:00  -  Run Local Usage
		Usr 0 00:00:00, Sys 0 00:00:00  -  Total Remote Usage
		Usr 0 00:00:00, Sys 0 00:00:00  -  Total Local Usage
	0  -  Run Bytes Sent By Job
	0  -  Run Bytes Received By Job
	0  -  Total Bytes Sent By Job
	0  -  Total Bytes Received By Job
	Partitionable Resources :    Usage  Request          
	   Cpus                 :                 1          
	   Disk (KB)            :     2750     2750          
	   Memory (MB)          :        0        0          
...
000 (439616.000.000) 02/03 17:35:25 Job submitted from host: <128.30.112.26:56169>
...
001 (439616.000.000) 02/03 17:35:27 Job executing on host: <128.30.113.105:38521>
...
006 (439616.000.000) 02/03 17:35:35 Image size of job updated: 2750
	3  -  MemoryUsage of job (MB)
	2212  -  ResidentSetSize of job (KB)
...
006 (439616.000.000) 02/03 17:36:17 Image size of job updated: 220872
	3  -  MemoryUsage of job (MB)
	2212  -  ResidentSetSize of job (KB)
...
005 (439616.000.000) 02/03 17:36:17 Job terminated.
	(1) Normal termination (return value 0)
		Usr 0 00:00:43, Sys 0 00:00:00  -  Run Remote Usage
		Usr 0 00:00:00, Sys 0 00:00:00  -  Run Local Usage
		Usr 0 00:00:43, Sys 0 00:00:00  -  Total Remote Usage
		Usr 0 00:00:00, Sys 0 00:00:00  -  Total Local Usage
	0  -  Run Bytes Sent By Job
	0  -  Run Bytes Received By Job
	0  -  Total Bytes Sent By Job
	0  -  Total Bytes Received By Job
	Partitionable Resources :    Usage  Request          
	   Cpus                 :                 1          
	   Disk (KB)            :     2750     2750          
	   Memory (MB)          :        3        3          
...
