000 (439597.000.000) 02/03 16:37:09 Job submitted from host: <128.30.112.26:56169>
...
001 (439597.000.000) 02/03 16:37:13 Job executing on host: <128.30.113.108:51545>
...
006 (439597.000.000) 02/03 16:37:14 Image size of job updated: 2750
	0  -  MemoryUsage of job (MB)
	0  -  ResidentSetSize of job (KB)
...
005 (439597.000.000) 02/03 16:37:14 Job terminated.
	(1) Normal termination (return value 1)
		Usr 0 00:00:00, Sys 0 00:00:00  -  Run Remote Usage
		Usr 0 00:00:00, Sys 0 00:00:00  -  Run Local Usage
		Usr 0 00:00:00, Sys 0 00:00:00  -  Total Remote Usage
		Usr 0 00:00:00, Sys 0 00:00:00  -  Total Local Usage
	0  -  Run Bytes Sent By Job
	0  -  Run Bytes Received By Job
	0  -  Total Bytes Sent By Job
	0  -  Total Bytes Received By Job
	Partitionable Resources :    Usage  Request          
	   Cpus                 :                 1          
	   Disk (KB)            :     2750     2750          
	   Memory (MB)          :        0        0          
...
000 (439612.000.000) 02/03 17:28:16 Job submitted from host: <128.30.112.26:56169>
...
001 (439612.000.000) 02/03 17:28:36 Job executing on host: <128.30.113.105:38521>
...
006 (439612.000.000) 02/03 17:28:45 Image size of job updated: 220284
	40  -  MemoryUsage of job (MB)
	40844  -  ResidentSetSize of job (KB)
...
006 (439612.000.000) 02/03 17:30:04 Image size of job updated: 221772
	40  -  MemoryUsage of job (MB)
	40844  -  ResidentSetSize of job (KB)
...
005 (439612.000.000) 02/03 17:30:04 Job terminated.
	(1) Normal termination (return value 0)
		Usr 0 00:01:19, Sys 0 00:00:00  -  Run Remote Usage
		Usr 0 00:00:00, Sys 0 00:00:00  -  Run Local Usage
		Usr 0 00:01:19, Sys 0 00:00:00  -  Total Remote Usage
		Usr 0 00:00:00, Sys 0 00:00:00  -  Total Local Usage
	0  -  Run Bytes Sent By Job
	0  -  Run Bytes Received By Job
	0  -  Total Bytes Sent By Job
	0  -  Total Bytes Received By Job
	Partitionable Resources :    Usage  Request          
	   Cpus                 :                 1          
	   Disk (KB)            :     2750     2750          
	   Memory (MB)          :       40       40          
...
000 (439991.000.000) 02/04 18:23:40 Job submitted from host: <128.30.112.26:56169>
...
001 (439991.000.000) 02/05 00:32:40 Job executing on host: <128.30.113.71:37774>
...
006 (439991.000.000) 02/05 00:32:48 Image size of job updated: 2750
	3  -  MemoryUsage of job (MB)
	2260  -  ResidentSetSize of job (KB)
...
006 (439991.000.000) 02/05 00:36:06 Image size of job updated: 287608
	3  -  MemoryUsage of job (MB)
	2260  -  ResidentSetSize of job (KB)
...
005 (439991.000.000) 02/05 00:36:06 Job terminated.
	(1) Normal termination (return value 0)
		Usr 0 00:03:13, Sys 0 00:00:00  -  Run Remote Usage
		Usr 0 00:00:00, Sys 0 00:00:00  -  Run Local Usage
		Usr 0 00:03:13, Sys 0 00:00:00  -  Total Remote Usage
		Usr 0 00:00:00, Sys 0 00:00:00  -  Total Local Usage
	0  -  Run Bytes Sent By Job
	0  -  Run Bytes Received By Job
	0  -  Total Bytes Sent By Job
	0  -  Total Bytes Received By Job
	Partitionable Resources :    Usage  Request          
	   Cpus                 :                 1          
	   Disk (KB)            :     2750     2750          
	   Memory (MB)          :        3        3          
...
