000 (439573.000.000) 02/03 16:36:27 Job submitted from host: <128.30.112.26:56169>
...
001 (439573.000.000) 02/03 16:36:52 Job executing on host: <128.30.113.105:38521>
...
006 (439573.000.000) 02/03 16:37:01 Image size of job updated: 205328
	26  -  MemoryUsage of job (MB)
	25820  -  ResidentSetSize of job (KB)
...
006 (439573.000.000) 02/03 16:40:10 Image size of job updated: 256112
	26  -  MemoryUsage of job (MB)
	25820  -  ResidentSetSize of job (KB)
...
005 (439573.000.000) 02/03 16:40:10 Job terminated.
	(1) Normal termination (return value 0)
		Usr 0 00:02:57, Sys 0 00:00:00  -  Run Remote Usage
		Usr 0 00:00:00, Sys 0 00:00:00  -  Run Local Usage
		Usr 0 00:02:57, Sys 0 00:00:00  -  Total Remote Usage
		Usr 0 00:00:00, Sys 0 00:00:00  -  Total Local Usage
	0  -  Run Bytes Sent By Job
	0  -  Run Bytes Received By Job
	0  -  Total Bytes Sent By Job
	0  -  Total Bytes Received By Job
	Partitionable Resources :    Usage  Request          
	   Cpus                 :                 1          
	   Disk (KB)            :     2750     2750          
	   Memory (MB)          :       26       26          
...
000 (439967.000.000) 02/04 18:23:36 Job submitted from host: <128.30.112.26:56169>
...
001 (439967.000.000) 02/04 22:01:59 Job executing on host: <128.30.113.71:37774>
...
006 (439967.000.000) 02/04 22:02:07 Image size of job updated: 2750
	3  -  MemoryUsage of job (MB)
	2260  -  ResidentSetSize of job (KB)
...
006 (439967.000.000) 02/04 22:06:54 Image size of job updated: 303284
	3  -  MemoryUsage of job (MB)
	2260  -  ResidentSetSize of job (KB)
...
005 (439967.000.000) 02/04 22:06:54 Job terminated.
	(1) Normal termination (return value 0)
		Usr 0 00:04:43, Sys 0 00:00:00  -  Run Remote Usage
		Usr 0 00:00:00, Sys 0 00:00:00  -  Run Local Usage
		Usr 0 00:04:43, Sys 0 00:00:00  -  Total Remote Usage
		Usr 0 00:00:00, Sys 0 00:00:00  -  Total Local Usage
	0  -  Run Bytes Sent By Job
	0  -  Run Bytes Received By Job
	0  -  Total Bytes Sent By Job
	0  -  Total Bytes Received By Job
	Partitionable Resources :    Usage  Request          
	   Cpus                 :                 1          
	   Disk (KB)            :     2750     2750          
	   Memory (MB)          :        3        3          
...
