000 (439600.000.000) 02/03 16:37:13 Job submitted from host: <128.30.112.26:56169>
...
001 (439600.000.000) 02/03 16:37:15 Job executing on host: <128.30.113.108:51545>
...
006 (439600.000.000) 02/03 16:37:15 Image size of job updated: 2750
	0  -  MemoryUsage of job (MB)
	0  -  ResidentSetSize of job (KB)
...
005 (439600.000.000) 02/03 16:37:15 Job terminated.
	(1) Normal termination (return value 1)
		Usr 0 00:00:00, Sys 0 00:00:00  -  Run Remote Usage
		Usr 0 00:00:00, Sys 0 00:00:00  -  Run Local Usage
		Usr 0 00:00:00, Sys 0 00:00:00  -  Total Remote Usage
		Usr 0 00:00:00, Sys 0 00:00:00  -  Total Local Usage
	0  -  Run Bytes Sent By Job
	0  -  Run Bytes Received By Job
	0  -  Total Bytes Sent By Job
	0  -  Total Bytes Received By Job
	Partitionable Resources :    Usage  Request          
	   Cpus                 :                 1          
	   Disk (KB)            :     2750     2750          
	   Memory (MB)          :        0        0          
...
000 (439615.000.000) 02/03 17:28:17 Job submitted from host: <128.30.112.26:56169>
...
001 (439615.000.000) 02/03 17:28:40 Job executing on host: <128.30.113.108:51545>
...
006 (439615.000.000) 02/03 17:28:42 Image size of job updated: 100996
	0  -  MemoryUsage of job (MB)
	0  -  ResidentSetSize of job (KB)
...
005 (439615.000.000) 02/03 17:28:42 Job terminated.
	(1) Normal termination (return value 1)
		Usr 0 00:00:00, Sys 0 00:00:00  -  Run Remote Usage
		Usr 0 00:00:00, Sys 0 00:00:00  -  Run Local Usage
		Usr 0 00:00:00, Sys 0 00:00:00  -  Total Remote Usage
		Usr 0 00:00:00, Sys 0 00:00:00  -  Total Local Usage
	0  -  Run Bytes Sent By Job
	0  -  Run Bytes Received By Job
	0  -  Total Bytes Sent By Job
	0  -  Total Bytes Received By Job
	Partitionable Resources :    Usage  Request          
	   Cpus                 :                 1          
	   Disk (KB)            :     2750     2750          
	   Memory (MB)          :        0        0          
...
000 (439618.000.000) 02/03 17:35:26 Job submitted from host: <128.30.112.26:56169>
...
001 (439618.000.000) 02/03 17:35:27 Job executing on host: <128.30.113.101:38623>
...
006 (439618.000.000) 02/03 17:35:35 Image size of job updated: 205860
	26  -  MemoryUsage of job (MB)
	26532  -  ResidentSetSize of job (KB)
...
006 (439618.000.000) 02/03 17:36:51 Image size of job updated: 221780
	26  -  MemoryUsage of job (MB)
	26532  -  ResidentSetSize of job (KB)
...
005 (439618.000.000) 02/03 17:36:51 Job terminated.
	(1) Normal termination (return value 0)
		Usr 0 00:01:15, Sys 0 00:00:00  -  Run Remote Usage
		Usr 0 00:00:00, Sys 0 00:00:00  -  Run Local Usage
		Usr 0 00:01:15, Sys 0 00:00:00  -  Total Remote Usage
		Usr 0 00:00:00, Sys 0 00:00:00  -  Total Local Usage
	0  -  Run Bytes Sent By Job
	0  -  Run Bytes Received By Job
	0  -  Total Bytes Sent By Job
	0  -  Total Bytes Received By Job
	Partitionable Resources :    Usage  Request          
	   Cpus                 :                 1          
	   Disk (KB)            :     2750     2750          
	   Memory (MB)          :       26       26          
...
000 (439994.000.000) 02/04 18:23:40 Job submitted from host: <128.30.112.26:56169>
...
001 (439994.000.000) 02/05 00:46:37 Job executing on host: <128.30.113.71:37774>
...
006 (439994.000.000) 02/05 00:46:45 Image size of job updated: 257752
	39  -  MemoryUsage of job (MB)
	39552  -  ResidentSetSize of job (KB)
...
006 (439994.000.000) 02/05 00:50:07 Image size of job updated: 283876
	39  -  MemoryUsage of job (MB)
	39552  -  ResidentSetSize of job (KB)
...
005 (439994.000.000) 02/05 00:50:18 Job terminated.
	(1) Normal termination (return value 0)
		Usr 0 00:03:13, Sys 0 00:00:00  -  Run Remote Usage
		Usr 0 00:00:00, Sys 0 00:00:00  -  Run Local Usage
		Usr 0 00:03:13, Sys 0 00:00:00  -  Total Remote Usage
		Usr 0 00:00:00, Sys 0 00:00:00  -  Total Local Usage
	0  -  Run Bytes Sent By Job
	0  -  Run Bytes Received By Job
	0  -  Total Bytes Sent By Job
	0  -  Total Bytes Received By Job
	Partitionable Resources :    Usage  Request          
	   Cpus                 :                 1          
	   Disk (KB)            :     2750     2750          
	   Memory (MB)          :       39       39          
...
