000 (439575.000.000) 02/03 16:36:31 Job submitted from host: <128.30.112.26:56169>
...
001 (439575.000.000) 02/03 16:36:58 Job executing on host: <128.30.113.101:38623>
...
006 (439575.000.000) 02/03 16:37:07 Image size of job updated: 205300
	26  -  MemoryUsage of job (MB)
	25864  -  ResidentSetSize of job (KB)
...
006 (439575.000.000) 02/03 16:38:19 Image size of job updated: 221792
	26  -  MemoryUsage of job (MB)
	25864  -  ResidentSetSize of job (KB)
...
005 (439575.000.000) 02/03 16:38:19 Job terminated.
	(1) Normal termination (return value 0)
		Usr 0 00:01:09, Sys 0 00:00:00  -  Run Remote Usage
		Usr 0 00:00:00, Sys 0 00:00:00  -  Run Local Usage
		Usr 0 00:01:09, Sys 0 00:00:00  -  Total Remote Usage
		Usr 0 00:00:00, Sys 0 00:00:00  -  Total Local Usage
	0  -  Run Bytes Sent By Job
	0  -  Run Bytes Received By Job
	0  -  Total Bytes Sent By Job
	0  -  Total Bytes Received By Job
	Partitionable Resources :    Usage  Request          
	   Cpus                 :                 1          
	   Disk (KB)            :     2750     2750          
	   Memory (MB)          :       26       26          
...
000 (439969.000.000) 02/04 18:23:36 Job submitted from host: <128.30.112.26:56169>
...
001 (439969.000.000) 02/04 22:15:33 Job executing on host: <128.30.113.71:37774>
...
006 (439969.000.000) 02/04 22:15:41 Image size of job updated: 2750
	3  -  MemoryUsage of job (MB)
	2264  -  ResidentSetSize of job (KB)
...
006 (439969.000.000) 02/04 22:18:26 Image size of job updated: 283872
	3  -  MemoryUsage of job (MB)
	2264  -  ResidentSetSize of job (KB)
...
005 (439969.000.000) 02/04 22:18:26 Job terminated.
	(1) Normal termination (return value 0)
		Usr 0 00:02:42, Sys 0 00:00:00  -  Run Remote Usage
		Usr 0 00:00:00, Sys 0 00:00:00  -  Run Local Usage
		Usr 0 00:02:42, Sys 0 00:00:00  -  Total Remote Usage
		Usr 0 00:00:00, Sys 0 00:00:00  -  Total Local Usage
	0  -  Run Bytes Sent By Job
	0  -  Run Bytes Received By Job
	0  -  Total Bytes Sent By Job
	0  -  Total Bytes Received By Job
	Partitionable Resources :    Usage  Request          
	   Cpus                 :                 1          
	   Disk (KB)            :     2750     2750          
	   Memory (MB)          :        3        3          
...
