000 (439576.000.000) 02/03 16:36:33 Job submitted from host: <128.30.112.26:56169>
...
001 (439576.000.000) 02/03 16:36:53 Job executing on host: <128.30.113.105:38521>
...
006 (439576.000.000) 02/03 16:37:01 Image size of job updated: 205324
	26  -  MemoryUsage of job (MB)
	25820  -  ResidentSetSize of job (KB)
...
006 (439576.000.000) 02/03 16:40:15 Image size of job updated: 253372
	26  -  MemoryUsage of job (MB)
	25820  -  ResidentSetSize of job (KB)
...
005 (439576.000.000) 02/03 16:40:15 Job terminated.
	(1) Normal termination (return value 0)
		Usr 0 00:03:13, Sys 0 00:00:00  -  Run Remote Usage
		Usr 0 00:00:00, Sys 0 00:00:00  -  Run Local Usage
		Usr 0 00:03:13, Sys 0 00:00:00  -  Total Remote Usage
		Usr 0 00:00:00, Sys 0 00:00:00  -  Total Local Usage
	0  -  Run Bytes Sent By Job
	0  -  Run Bytes Received By Job
	0  -  Total Bytes Sent By Job
	0  -  Total Bytes Received By Job
	Partitionable Resources :    Usage  Request          
	   Cpus                 :                 1          
	   Disk (KB)            :     2750     2750          
	   Memory (MB)          :       26       26          
...
000 (439970.000.000) 02/04 18:23:37 Job submitted from host: <128.30.112.26:56169>
...
001 (439970.000.000) 02/04 22:18:27 Job executing on host: <128.30.113.71:37774>
...
006 (439970.000.000) 02/04 22:18:35 Image size of job updated: 257748
	39  -  MemoryUsage of job (MB)
	39544  -  ResidentSetSize of job (KB)
...
006 (439970.000.000) 02/04 22:23:35 Image size of job updated: 303280
	77  -  MemoryUsage of job (MB)
	77968  -  ResidentSetSize of job (KB)
...
005 (439970.000.000) 02/04 22:26:52 Job terminated.
	(1) Normal termination (return value 0)
		Usr 0 00:08:18, Sys 0 00:00:00  -  Run Remote Usage
		Usr 0 00:00:00, Sys 0 00:00:00  -  Run Local Usage
		Usr 0 00:08:18, Sys 0 00:00:00  -  Total Remote Usage
		Usr 0 00:00:00, Sys 0 00:00:00  -  Total Local Usage
	0  -  Run Bytes Sent By Job
	0  -  Run Bytes Received By Job
	0  -  Total Bytes Sent By Job
	0  -  Total Bytes Received By Job
	Partitionable Resources :    Usage  Request          
	   Cpus                 :                 1          
	   Disk (KB)            :     2750     2750          
	   Memory (MB)          :       77       77          
...
