000 (439579.000.000) 02/03 16:36:38 Job submitted from host: <128.30.112.26:56169>
...
001 (439579.000.000) 02/03 16:36:54 Job executing on host: <128.30.113.105:38521>
...
006 (439579.000.000) 02/03 16:37:03 Image size of job updated: 205328
	26  -  MemoryUsage of job (MB)
	25820  -  ResidentSetSize of job (KB)
...
006 (439579.000.000) 02/03 16:39:13 Image size of job updated: 253372
	26  -  MemoryUsage of job (MB)
	25820  -  ResidentSetSize of job (KB)
...
005 (439579.000.000) 02/03 16:39:13 Job terminated.
	(1) Normal termination (return value 0)
		Usr 0 00:02:12, Sys 0 00:00:00  -  Run Remote Usage
		Usr 0 00:00:00, Sys 0 00:00:00  -  Run Local Usage
		Usr 0 00:02:12, Sys 0 00:00:00  -  Total Remote Usage
		Usr 0 00:00:00, Sys 0 00:00:00  -  Total Local Usage
	0  -  Run Bytes Sent By Job
	0  -  Run Bytes Received By Job
	0  -  Total Bytes Sent By Job
	0  -  Total Bytes Received By Job
	Partitionable Resources :    Usage  Request          
	   Cpus                 :                 1          
	   Disk (KB)            :     2750     2750          
	   Memory (MB)          :       26       26          
...
