000 (13733.000.000) 01/21 04:33:42 Job submitted from host: <128.30.112.18:46685>
...
001 (13733.000.000) 01/21 04:33:49 Job executing on host: <128.30.113.104:34762>
...
006 (13733.000.000) 01/21 04:33:58 Image size of job updated: 207440
	28  -  MemoryUsage of job (MB)
	28244  -  ResidentSetSize of job (KB)
...
006 (13733.000.000) 01/21 04:38:11 Image size of job updated: 253404
	28  -  MemoryUsage of job (MB)
	28244  -  ResidentSetSize of job (KB)
...
005 (13733.000.000) 01/21 04:38:11 Job terminated.
	(1) Normal termination (return value 0)
		Usr 0 00:04:14, Sys 0 00:00:00  -  Run Remote Usage
		Usr 0 00:00:00, Sys 0 00:00:00  -  Run Local Usage
		Usr 0 00:04:14, Sys 0 00:00:00  -  Total Remote Usage
		Usr 0 00:00:00, Sys 0 00:00:00  -  Total Local Usage
	0  -  Run Bytes Sent By Job
	0  -  Run Bytes Received By Job
	0  -  Total Bytes Sent By Job
	0  -  Total Bytes Received By Job
	Partitionable Resources :    Usage  Request          
	   Cpus                 :                 1          
	   Disk (KB)            :     2750     2750          
	   Memory (MB)          :       28       28          
...
