000 (13739.000.000) 01/21 04:33:43 Job submitted from host: <128.30.112.18:46685>
...
001 (13739.000.000) 01/21 04:33:50 Job executing on host: <128.30.66.164:41719>
...
006 (13739.000.000) 01/21 04:33:58 Image size of job updated: 94968
	17  -  MemoryUsage of job (MB)
	17392  -  ResidentSetSize of job (KB)
...
006 (13739.000.000) 01/21 04:38:16 Image size of job updated: 337272
	17  -  MemoryUsage of job (MB)
	17392  -  ResidentSetSize of job (KB)
...
005 (13739.000.000) 01/21 04:38:16 Job terminated.
	(1) Normal termination (return value 0)
		Usr 0 00:04:15, Sys 0 00:00:00  -  Run Remote Usage
		Usr 0 00:00:00, Sys 0 00:00:00  -  Run Local Usage
		Usr 0 00:04:15, Sys 0 00:00:00  -  Total Remote Usage
		Usr 0 00:00:00, Sys 0 00:00:00  -  Total Local Usage
	0  -  Run Bytes Sent By Job
	0  -  Run Bytes Received By Job
	0  -  Total Bytes Sent By Job
	0  -  Total Bytes Received By Job
	Partitionable Resources :    Usage  Request          
	   Cpus                 :                 1          
	   Disk (KB)            :     2750     2750          
	   Memory (MB)          :       17       17          
...
