000 (13765.000.000) 01/21 04:33:55 Job submitted from host: <128.30.112.18:46685>
...
001 (13765.000.000) 01/21 04:34:12 Job executing on host: <128.30.66.163:58460>
...
006 (13765.000.000) 01/21 04:34:21 Image size of job updated: 288564
	48  -  MemoryUsage of job (MB)
	48672  -  ResidentSetSize of job (KB)
...
006 (13765.000.000) 01/21 04:39:15 Image size of job updated: 333676
	48  -  MemoryUsage of job (MB)
	48672  -  ResidentSetSize of job (KB)
...
005 (13765.000.000) 01/21 04:39:15 Job terminated.
	(1) Normal termination (return value 0)
		Usr 0 00:04:52, Sys 0 00:00:00  -  Run Remote Usage
		Usr 0 00:00:00, Sys 0 00:00:00  -  Run Local Usage
		Usr 0 00:04:52, Sys 0 00:00:00  -  Total Remote Usage
		Usr 0 00:00:00, Sys 0 00:00:00  -  Total Local Usage
	0  -  Run Bytes Sent By Job
	0  -  Run Bytes Received By Job
	0  -  Total Bytes Sent By Job
	0  -  Total Bytes Received By Job
	Partitionable Resources :    Usage  Request          
	   Cpus                 :                 1          
	   Disk (KB)            :     2750     2750          
	   Memory (MB)          :       48       48          
...
