000 (13754.000.000) 01/21 04:33:54 Job submitted from host: <128.30.112.18:46685>
...
001 (13754.000.000) 01/21 04:34:11 Job executing on host: <128.30.66.169:43926>
...
006 (13754.000.000) 01/21 04:34:20 Image size of job updated: 286300
	46  -  MemoryUsage of job (MB)
	46364  -  ResidentSetSize of job (KB)
...
006 (13754.000.000) 01/21 04:38:59 Image size of job updated: 327956
	46  -  MemoryUsage of job (MB)
	46364  -  ResidentSetSize of job (KB)
...
005 (13754.000.000) 01/21 04:38:59 Job terminated.
	(1) Normal termination (return value 0)
		Usr 0 00:04:44, Sys 0 00:00:00  -  Run Remote Usage
		Usr 0 00:00:00, Sys 0 00:00:00  -  Run Local Usage
		Usr 0 00:04:44, Sys 0 00:00:00  -  Total Remote Usage
		Usr 0 00:00:00, Sys 0 00:00:00  -  Total Local Usage
	0  -  Run Bytes Sent By Job
	0  -  Run Bytes Received By Job
	0  -  Total Bytes Sent By Job
	0  -  Total Bytes Received By Job
	Partitionable Resources :    Usage  Request          
	   Cpus                 :                 1          
	   Disk (KB)            :     2750     2750          
	   Memory (MB)          :       46       46          
...
