000 (13759.000.000) 01/21 04:33:54 Job submitted from host: <128.30.112.18:46685>
...
001 (13759.000.000) 01/21 04:34:11 Job executing on host: <128.30.113.104:34762>
...
006 (13759.000.000) 01/21 04:34:19 Image size of job updated: 2750
	3  -  MemoryUsage of job (MB)
	2228  -  ResidentSetSize of job (KB)
...
006 (13759.000.000) 01/21 04:38:18 Image size of job updated: 251516
	3  -  MemoryUsage of job (MB)
	2228  -  ResidentSetSize of job (KB)
...
005 (13759.000.000) 01/21 04:38:18 Job terminated.
	(1) Normal termination (return value 0)
		Usr 0 00:04:03, Sys 0 00:00:00  -  Run Remote Usage
		Usr 0 00:00:00, Sys 0 00:00:00  -  Run Local Usage
		Usr 0 00:04:03, Sys 0 00:00:00  -  Total Remote Usage
		Usr 0 00:00:00, Sys 0 00:00:00  -  Total Local Usage
	0  -  Run Bytes Sent By Job
	0  -  Run Bytes Received By Job
	0  -  Total Bytes Sent By Job
	0  -  Total Bytes Received By Job
	Partitionable Resources :    Usage  Request          
	   Cpus                 :                 1          
	   Disk (KB)            :     2750     2750          
	   Memory (MB)          :        3        3          
...
