000 (17978.000.000) 01/30 17:34:16 Job submitted from host: <128.30.112.18:46685>
...
001 (17978.000.000) 01/30 17:34:26 Job executing on host: <128.30.108.58:44982>
...
006 (17978.000.000) 01/30 17:34:27 Image size of job updated: 2750
	0  -  MemoryUsage of job (MB)
	0  -  ResidentSetSize of job (KB)
...
005 (17978.000.000) 01/30 17:34:27 Job terminated.
	(1) Normal termination (return value 0)
		Usr 0 00:00:00, Sys 0 00:00:00  -  Run Remote Usage
		Usr 0 00:00:00, Sys 0 00:00:00  -  Run Local Usage
		Usr 0 00:00:00, Sys 0 00:00:00  -  Total Remote Usage
		Usr 0 00:00:00, Sys 0 00:00:00  -  Total Local Usage
	0  -  Run Bytes Sent By Job
	0  -  Run Bytes Received By Job
	0  -  Total Bytes Sent By Job
	0  -  Total Bytes Received By Job
	Partitionable Resources :    Usage  Request          
	   Cpus                 :                 1          
	   Disk (KB)            :     2750     2750          
	   Memory (MB)          :        0        0          
...
000 (18658.000.000) 01/31 03:40:26 Job submitted from host: <128.30.112.18:46685>
...
001 (18658.000.000) 01/31 03:40:34 Job executing on host: <128.30.113.70:43643>
...
006 (18658.000.000) 01/31 03:40:34 Image size of job updated: 2750
	0  -  MemoryUsage of job (MB)
	0  -  ResidentSetSize of job (KB)
...
005 (18658.000.000) 01/31 03:40:34 Job terminated.
	(1) Normal termination (return value 0)
		Usr 0 00:00:00, Sys 0 00:00:00  -  Run Remote Usage
		Usr 0 00:00:00, Sys 0 00:00:00  -  Run Local Usage
		Usr 0 00:00:00, Sys 0 00:00:00  -  Total Remote Usage
		Usr 0 00:00:00, Sys 0 00:00:00  -  Total Local Usage
	0  -  Run Bytes Sent By Job
	0  -  Run Bytes Received By Job
	0  -  Total Bytes Sent By Job
	0  -  Total Bytes Received By Job
	Partitionable Resources :    Usage  Request          
	   Cpus                 :                 1          
	   Disk (KB)            :     2750     2750          
	   Memory (MB)          :        0        0          
...
000 (113588.000.000) 02/04 15:06:27 Job submitted from host: <128.30.112.22:46741>
...
009 (113588.000.000) 02/04 15:33:15 Job was aborted by the user.
	via condor_rm (by user rhklein)
...
