000 (17706.000.000) 01/30 17:29:06 Job submitted from host: <128.30.112.18:46685>
...
001 (17706.000.000) 01/30 17:29:07 Job executing on host: <128.30.113.104:34762>
...
006 (17706.000.000) 01/30 17:29:07 Image size of job updated: 90428
	0  -  MemoryUsage of job (MB)
	0  -  ResidentSetSize of job (KB)
...
005 (17706.000.000) 01/30 17:29:07 Job terminated.
	(1) Normal termination (return value 0)
		Usr 0 00:00:00, Sys 0 00:00:00  -  Run Remote Usage
		Usr 0 00:00:00, Sys 0 00:00:00  -  Run Local Usage
		Usr 0 00:00:00, Sys 0 00:00:00  -  Total Remote Usage
		Usr 0 00:00:00, Sys 0 00:00:00  -  Total Local Usage
	0  -  Run Bytes Sent By Job
	0  -  Run Bytes Received By Job
	0  -  Total Bytes Sent By Job
	0  -  Total Bytes Received By Job
	Partitionable Resources :    Usage  Request          
	   Cpus                 :                 1          
	   Disk (KB)            :     2750     2750          
	   Memory (MB)          :        0        0          
...
000 (17866.000.000) 01/30 17:34:05 Job submitted from host: <128.30.112.18:46685>
...
001 (17866.000.000) 01/30 17:34:07 Job executing on host: <128.30.108.55:59222>
...
006 (17866.000.000) 01/30 17:34:07 Image size of job updated: 2750
	0  -  MemoryUsage of job (MB)
	0  -  ResidentSetSize of job (KB)
...
005 (17866.000.000) 01/30 17:34:07 Job terminated.
	(1) Normal termination (return value 0)
		Usr 0 00:00:00, Sys 0 00:00:00  -  Run Remote Usage
		Usr 0 00:00:00, Sys 0 00:00:00  -  Run Local Usage
		Usr 0 00:00:00, Sys 0 00:00:00  -  Total Remote Usage
		Usr 0 00:00:00, Sys 0 00:00:00  -  Total Local Usage
	0  -  Run Bytes Sent By Job
	0  -  Run Bytes Received By Job
	0  -  Total Bytes Sent By Job
	0  -  Total Bytes Received By Job
	Partitionable Resources :    Usage  Request          
	   Cpus                 :                 1          
	   Disk (KB)            :     2750     2750          
	   Memory (MB)          :        0        0          
...
000 (18546.000.000) 01/31 03:40:10 Job submitted from host: <128.30.112.18:46685>
...
001 (18546.000.000) 01/31 03:40:11 Job executing on host: <128.30.113.74:32841>
...
006 (18546.000.000) 01/31 03:40:11 Image size of job updated: 80764
	0  -  MemoryUsage of job (MB)
	0  -  ResidentSetSize of job (KB)
...
005 (18546.000.000) 01/31 03:40:11 Job terminated.
	(1) Normal termination (return value 0)
		Usr 0 00:00:00, Sys 0 00:00:00  -  Run Remote Usage
		Usr 0 00:00:00, Sys 0 00:00:00  -  Run Local Usage
		Usr 0 00:00:00, Sys 0 00:00:00  -  Total Remote Usage
		Usr 0 00:00:00, Sys 0 00:00:00  -  Total Local Usage
	0  -  Run Bytes Sent By Job
	0  -  Run Bytes Received By Job
	0  -  Total Bytes Sent By Job
	0  -  Total Bytes Received By Job
	Partitionable Resources :    Usage  Request          
	   Cpus                 :                 1          
	   Disk (KB)            :     2750     2750          
	   Memory (MB)          :        0        0          
...
000 (113476.000.000) 02/04 15:06:03 Job submitted from host: <128.30.112.22:46741>
...
009 (113476.000.000) 02/04 15:33:30 Job was aborted by the user.
	via condor_rm (by user rhklein)
...
000 (113676.000.000) 02/04 15:33:56 Job submitted from host: <128.30.112.22:46741>
...
001 (113676.000.000) 02/04 15:33:57 Job executing on host: <128.30.113.78:57023>
...
006 (113676.000.000) 02/04 15:33:57 Image size of job updated: 81900
	0  -  MemoryUsage of job (MB)
	0  -  ResidentSetSize of job (KB)
...
005 (113676.000.000) 02/04 15:33:57 Job terminated.
	(1) Normal termination (return value 0)
		Usr 0 00:00:00, Sys 0 00:00:00  -  Run Remote Usage
		Usr 0 00:00:00, Sys 0 00:00:00  -  Run Local Usage
		Usr 0 00:00:00, Sys 0 00:00:00  -  Total Remote Usage
		Usr 0 00:00:00, Sys 0 00:00:00  -  Total Local Usage
	0  -  Run Bytes Sent By Job
	0  -  Run Bytes Received By Job
	0  -  Total Bytes Sent By Job
	0  -  Total Bytes Received By Job
	Partitionable Resources :    Usage  Request          
	   Cpus                 :                 1          
	   Disk (KB)            :     2750     2750          
	   Memory (MB)          :        0        0          
...
