000 (18012.000.000) 01/30 17:34:20 Job submitted from host: <128.30.112.18:46685>
...
001 (18012.000.000) 01/30 17:34:30 Job executing on host: <128.30.113.72:45353>
...
006 (18012.000.000) 01/30 17:34:30 Image size of job updated: 2750
	0  -  MemoryUsage of job (MB)
	0  -  ResidentSetSize of job (KB)
...
005 (18012.000.000) 01/30 17:34:31 Job terminated.
	(1) Normal termination (return value 0)
		Usr 0 00:00:00, Sys 0 00:00:00  -  Run Remote Usage
		Usr 0 00:00:00, Sys 0 00:00:00  -  Run Local Usage
		Usr 0 00:00:00, Sys 0 00:00:00  -  Total Remote Usage
		Usr 0 00:00:00, Sys 0 00:00:00  -  Total Local Usage
	0  -  Run Bytes Sent By Job
	0  -  Run Bytes Received By Job
	0  -  Total Bytes Sent By Job
	0  -  Total Bytes Received By Job
	Partitionable Resources :    Usage  Request          
	   Cpus                 :                 1          
	   Disk (KB)            :     2750     2750          
	   Memory (MB)          :        0        0          
...
000 (18692.000.000) 01/31 03:40:37 Job submitted from host: <128.30.112.18:46685>
...
001 (18692.000.000) 01/31 03:40:37 Job executing on host: <128.30.113.80:48391>
...
006 (18692.000.000) 01/31 03:40:37 Image size of job updated: 2750
	0  -  MemoryUsage of job (MB)
	0  -  ResidentSetSize of job (KB)
...
005 (18692.000.000) 01/31 03:40:37 Job terminated.
	(1) Normal termination (return value 0)
		Usr 0 00:00:00, Sys 0 00:00:00  -  Run Remote Usage
		Usr 0 00:00:00, Sys 0 00:00:00  -  Run Local Usage
		Usr 0 00:00:00, Sys 0 00:00:00  -  Total Remote Usage
		Usr 0 00:00:00, Sys 0 00:00:00  -  Total Local Usage
	0  -  Run Bytes Sent By Job
	0  -  Run Bytes Received By Job
	0  -  Total Bytes Sent By Job
	0  -  Total Bytes Received By Job
	Partitionable Resources :    Usage  Request          
	   Cpus                 :                 1          
	   Disk (KB)            :     2750     2750          
	   Memory (MB)          :        0        0          
...
000 (113622.000.000) 02/04 15:06:33 Job submitted from host: <128.30.112.22:46741>
...
009 (113622.000.000) 02/04 15:33:16 Job was aborted by the user.
	via condor_rm (by user rhklein)
...
