000 (18025.000.000) 01/30 17:34:21 Job submitted from host: <128.30.112.18:46685>
...
001 (18025.000.000) 01/30 17:34:31 Job executing on host: <128.30.113.78:57023>
...
006 (18025.000.000) 01/30 17:34:32 Image size of job updated: 2750
	0  -  MemoryUsage of job (MB)
	0  -  ResidentSetSize of job (KB)
...
005 (18025.000.000) 01/30 17:34:32 Job terminated.
	(1) Normal termination (return value 0)
		Usr 0 00:00:00, Sys 0 00:00:00  -  Run Remote Usage
		Usr 0 00:00:00, Sys 0 00:00:00  -  Run Local Usage
		Usr 0 00:00:00, Sys 0 00:00:00  -  Total Remote Usage
		Usr 0 00:00:00, Sys 0 00:00:00  -  Total Local Usage
	0  -  Run Bytes Sent By Job
	0  -  Run Bytes Received By Job
	0  -  Total Bytes Sent By Job
	0  -  Total Bytes Received By Job
	Partitionable Resources :    Usage  Request          
	   Cpus                 :                 1          
	   Disk (KB)            :     2750     2750          
	   Memory (MB)          :        0        0          
...
000 (18705.000.000) 01/31 03:40:38 Job submitted from host: <128.30.112.18:46685>
...
001 (18705.000.000) 01/31 03:40:42 Job executing on host: <128.30.113.80:48391>
...
006 (18705.000.000) 01/31 03:40:42 Image size of job updated: 2750
	0  -  MemoryUsage of job (MB)
	0  -  ResidentSetSize of job (KB)
...
005 (18705.000.000) 01/31 03:40:42 Job terminated.
	(1) Normal termination (return value 0)
		Usr 0 00:00:00, Sys 0 00:00:00  -  Run Remote Usage
		Usr 0 00:00:00, Sys 0 00:00:00  -  Run Local Usage
		Usr 0 00:00:00, Sys 0 00:00:00  -  Total Remote Usage
		Usr 0 00:00:00, Sys 0 00:00:00  -  Total Local Usage
	0  -  Run Bytes Sent By Job
	0  -  Run Bytes Received By Job
	0  -  Total Bytes Sent By Job
	0  -  Total Bytes Received By Job
	Partitionable Resources :    Usage  Request          
	   Cpus                 :                 1          
	   Disk (KB)            :     2750     2750          
	   Memory (MB)          :        0        0          
...
000 (113635.000.000) 02/04 15:06:34 Job submitted from host: <128.30.112.22:46741>
...
009 (113635.000.000) 02/04 15:33:28 Job was aborted by the user.
	via condor_rm (by user rhklein)
...
