000 (18029.000.000) 01/30 17:34:21 Job submitted from host: <128.30.112.18:46685>
...
001 (18029.000.000) 01/30 17:34:30 Job executing on host: <128.30.108.55:59222>
...
006 (18029.000.000) 01/30 17:34:31 Image size of job updated: 84680
	0  -  MemoryUsage of job (MB)
	0  -  ResidentSetSize of job (KB)
...
005 (18029.000.000) 01/30 17:34:31 Job terminated.
	(1) Normal termination (return value 0)
		Usr 0 00:00:00, Sys 0 00:00:00  -  Run Remote Usage
		Usr 0 00:00:00, Sys 0 00:00:00  -  Run Local Usage
		Usr 0 00:00:00, Sys 0 00:00:00  -  Total Remote Usage
		Usr 0 00:00:00, Sys 0 00:00:00  -  Total Local Usage
	0  -  Run Bytes Sent By Job
	0  -  Run Bytes Received By Job
	0  -  Total Bytes Sent By Job
	0  -  Total Bytes Received By Job
	Partitionable Resources :    Usage  Request          
	   Cpus                 :                 1          
	   Disk (KB)            :     2750     2750          
	   Memory (MB)          :        0        0          
...
000 (18709.000.000) 01/31 03:40:39 Job submitted from host: <128.30.112.18:46685>
...
001 (18709.000.000) 01/31 03:40:43 Job executing on host: <128.30.113.80:48391>
...
006 (18709.000.000) 01/31 03:40:43 Image size of job updated: 2750
	0  -  MemoryUsage of job (MB)
	0  -  ResidentSetSize of job (KB)
...
005 (18709.000.000) 01/31 03:40:43 Job terminated.
	(1) Normal termination (return value 0)
		Usr 0 00:00:00, Sys 0 00:00:00  -  Run Remote Usage
		Usr 0 00:00:00, Sys 0 00:00:00  -  Run Local Usage
		Usr 0 00:00:00, Sys 0 00:00:00  -  Total Remote Usage
		Usr 0 00:00:00, Sys 0 00:00:00  -  Total Local Usage
	0  -  Run Bytes Sent By Job
	0  -  Run Bytes Received By Job
	0  -  Total Bytes Sent By Job
	0  -  Total Bytes Received By Job
	Partitionable Resources :    Usage  Request          
	   Cpus                 :                 1          
	   Disk (KB)            :     2750     2750          
	   Memory (MB)          :        0        0          
...
000 (113639.000.000) 02/04 15:06:36 Job submitted from host: <128.30.112.22:46741>
...
009 (113639.000.000) 02/04 15:33:32 Job was aborted by the user.
	via condor_rm (by user rhklein)
...
