000 (17739.000.000) 01/30 17:29:11 Job submitted from host: <128.30.112.18:46685>
...
001 (17739.000.000) 01/30 17:29:13 Job executing on host: <128.30.108.58:44982>
...
006 (17739.000.000) 01/30 17:29:14 Image size of job updated: 84684
	0  -  MemoryUsage of job (MB)
	0  -  ResidentSetSize of job (KB)
...
005 (17739.000.000) 01/30 17:29:14 Job terminated.
	(1) Normal termination (return value 0)
		Usr 0 00:00:00, Sys 0 00:00:00  -  Run Remote Usage
		Usr 0 00:00:00, Sys 0 00:00:00  -  Run Local Usage
		Usr 0 00:00:00, Sys 0 00:00:00  -  Total Remote Usage
		Usr 0 00:00:00, Sys 0 00:00:00  -  Total Local Usage
	0  -  Run Bytes Sent By Job
	0  -  Run Bytes Received By Job
	0  -  Total Bytes Sent By Job
	0  -  Total Bytes Received By Job
	Partitionable Resources :    Usage  Request          
	   Cpus                 :                 1          
	   Disk (KB)            :     2750     2750          
	   Memory (MB)          :        0        0          
...
000 (17899.000.000) 01/30 17:34:09 Job submitted from host: <128.30.112.18:46685>
...
001 (17899.000.000) 01/30 17:34:11 Job executing on host: <128.30.113.104:34762>
...
006 (17899.000.000) 01/30 17:34:12 Image size of job updated: 2750
	0  -  MemoryUsage of job (MB)
	0  -  ResidentSetSize of job (KB)
...
005 (17899.000.000) 01/30 17:34:12 Job terminated.
	(1) Normal termination (return value 0)
		Usr 0 00:00:00, Sys 0 00:00:00  -  Run Remote Usage
		Usr 0 00:00:00, Sys 0 00:00:00  -  Run Local Usage
		Usr 0 00:00:00, Sys 0 00:00:00  -  Total Remote Usage
		Usr 0 00:00:00, Sys 0 00:00:00  -  Total Local Usage
	0  -  Run Bytes Sent By Job
	0  -  Run Bytes Received By Job
	0  -  Total Bytes Sent By Job
	0  -  Total Bytes Received By Job
	Partitionable Resources :    Usage  Request          
	   Cpus                 :                 1          
	   Disk (KB)            :     2750     2750          
	   Memory (MB)          :        0        0          
...
000 (18579.000.000) 01/31 03:40:16 Job submitted from host: <128.30.112.18:46685>
...
001 (18579.000.000) 01/31 03:40:22 Job executing on host: <128.30.113.74:32841>
...
006 (18579.000.000) 01/31 03:40:22 Image size of job updated: 2750
	0  -  MemoryUsage of job (MB)
	0  -  ResidentSetSize of job (KB)
...
005 (18579.000.000) 01/31 03:40:22 Job terminated.
	(1) Normal termination (return value 0)
		Usr 0 00:00:00, Sys 0 00:00:00  -  Run Remote Usage
		Usr 0 00:00:00, Sys 0 00:00:00  -  Run Local Usage
		Usr 0 00:00:00, Sys 0 00:00:00  -  Total Remote Usage
		Usr 0 00:00:00, Sys 0 00:00:00  -  Total Local Usage
	0  -  Run Bytes Sent By Job
	0  -  Run Bytes Received By Job
	0  -  Total Bytes Sent By Job
	0  -  Total Bytes Received By Job
	Partitionable Resources :    Usage  Request          
	   Cpus                 :                 1          
	   Disk (KB)            :     2750     2750          
	   Memory (MB)          :        0        0          
...
000 (113509.000.000) 02/04 15:06:09 Job submitted from host: <128.30.112.22:46741>
...
009 (113509.000.000) 02/04 15:33:16 Job was aborted by the user.
	via condor_rm (by user rhklein)
...
000 (113709.000.000) 02/04 15:34:05 Job submitted from host: <128.30.112.22:46741>
...
001 (113709.000.000) 02/04 15:34:16 Job executing on host: <128.30.113.78:57023>
...
006 (113709.000.000) 02/04 15:34:16 Image size of job updated: 81832
	0  -  MemoryUsage of job (MB)
	0  -  ResidentSetSize of job (KB)
...
005 (113709.000.000) 02/04 15:34:16 Job terminated.
	(1) Normal termination (return value 0)
		Usr 0 00:00:00, Sys 0 00:00:00  -  Run Remote Usage
		Usr 0 00:00:00, Sys 0 00:00:00  -  Run Local Usage
		Usr 0 00:00:00, Sys 0 00:00:00  -  Total Remote Usage
		Usr 0 00:00:00, Sys 0 00:00:00  -  Total Local Usage
	0  -  Run Bytes Sent By Job
	0  -  Run Bytes Received By Job
	0  -  Total Bytes Sent By Job
	0  -  Total Bytes Received By Job
	Partitionable Resources :    Usage  Request          
	   Cpus                 :                 1          
	   Disk (KB)            :     2750     2750          
	   Memory (MB)          :        0        0          
...
