000 (13571.000.000) 01/20 19:54:15 Job submitted from host: <128.30.112.18:46685>
...
001 (13571.000.000) 01/20 19:54:36 Job executing on host: <128.30.66.169:43926>
...
006 (13571.000.000) 01/20 19:54:44 Image size of job updated: 283876
	43  -  MemoryUsage of job (MB)
	43988  -  ResidentSetSize of job (KB)
...
005 (13571.000.000) 01/20 19:57:09 Job terminated.
	(1) Normal termination (return value 0)
		Usr 0 00:02:31, Sys 0 00:00:00  -  Run Remote Usage
		Usr 0 00:00:00, Sys 0 00:00:00  -  Run Local Usage
		Usr 0 00:02:31, Sys 0 00:00:00  -  Total Remote Usage
		Usr 0 00:00:00, Sys 0 00:00:00  -  Total Local Usage
	0  -  Run Bytes Sent By Job
	0  -  Run Bytes Received By Job
	0  -  Total Bytes Sent By Job
	0  -  Total Bytes Received By Job
	Partitionable Resources :    Usage  Request          
	   Cpus                 :                 1          
	   Disk (KB)            :     2750     2750          
	   Memory (MB)          :       43       43          
...
