000 (13554.000.000) 01/20 19:54:12 Job submitted from host: <128.30.112.18:46685>
...
001 (13554.000.000) 01/20 19:54:14 Job executing on host: <128.30.66.169:43926>
...
006 (13554.000.000) 01/20 19:54:23 Image size of job updated: 107704
	21  -  MemoryUsage of job (MB)
	20888  -  ResidentSetSize of job (KB)
...
006 (13554.000.000) 01/20 19:56:51 Image size of job updated: 283880
	21  -  MemoryUsage of job (MB)
	20888  -  ResidentSetSize of job (KB)
...
005 (13554.000.000) 01/20 19:56:51 Job terminated.
	(1) Normal termination (return value 0)
		Usr 0 00:02:24, Sys 0 00:00:00  -  Run Remote Usage
		Usr 0 00:00:00, Sys 0 00:00:00  -  Run Local Usage
		Usr 0 00:02:24, Sys 0 00:00:00  -  Total Remote Usage
		Usr 0 00:00:00, Sys 0 00:00:00  -  Total Local Usage
	0  -  Run Bytes Sent By Job
	0  -  Run Bytes Received By Job
	0  -  Total Bytes Sent By Job
	0  -  Total Bytes Received By Job
	Partitionable Resources :    Usage  Request          
	   Cpus                 :                 1          
	   Disk (KB)            :     2750     2750          
	   Memory (MB)          :       21       21          
...
