000 (13556.000.000) 01/20 19:54:13 Job submitted from host: <128.30.112.18:46685>
...
001 (13556.000.000) 01/20 19:54:14 Job executing on host: <128.30.66.166:36393>
...
006 (13556.000.000) 01/20 19:54:24 Image size of job updated: 84244
	13  -  MemoryUsage of job (MB)
	12572  -  ResidentSetSize of job (KB)
...
006 (13556.000.000) 01/20 19:56:48 Image size of job updated: 283876
	13  -  MemoryUsage of job (MB)
	12572  -  ResidentSetSize of job (KB)
...
005 (13556.000.000) 01/20 19:56:48 Job terminated.
	(1) Normal termination (return value 0)
		Usr 0 00:02:28, Sys 0 00:00:00  -  Run Remote Usage
		Usr 0 00:00:00, Sys 0 00:00:00  -  Run Local Usage
		Usr 0 00:02:28, Sys 0 00:00:00  -  Total Remote Usage
		Usr 0 00:00:00, Sys 0 00:00:00  -  Total Local Usage
	0  -  Run Bytes Sent By Job
	0  -  Run Bytes Received By Job
	0  -  Total Bytes Sent By Job
	0  -  Total Bytes Received By Job
	Partitionable Resources :    Usage  Request          
	   Cpus                 :                 1          
	   Disk (KB)            :     2750     2750          
	   Memory (MB)          :       13       13          
...
