000 (14094.000.000) 01/21 06:21:02 Job submitted from host: <128.30.112.18:46685>
...
001 (14094.000.000) 01/21 06:21:05 Job executing on host: <128.30.66.170:39331>
...
006 (14094.000.000) 01/21 06:21:13 Image size of job updated: 294052
	53  -  MemoryUsage of job (MB)
	54216  -  ResidentSetSize of job (KB)
...
005 (14094.000.000) 01/21 06:21:26 Job terminated.
	(1) Normal termination (return value 0)
		Usr 0 00:00:17, Sys 0 00:00:00  -  Run Remote Usage
		Usr 0 00:00:00, Sys 0 00:00:00  -  Run Local Usage
		Usr 0 00:00:17, Sys 0 00:00:00  -  Total Remote Usage
		Usr 0 00:00:00, Sys 0 00:00:00  -  Total Local Usage
	0  -  Run Bytes Sent By Job
	0  -  Run Bytes Received By Job
	0  -  Total Bytes Sent By Job
	0  -  Total Bytes Received By Job
	Partitionable Resources :    Usage  Request          
	   Cpus                 :                 1          
	   Disk (KB)            :     2750     2750          
	   Memory (MB)          :       53       53          
...
