000 (14103.000.000) 01/21 06:21:03 Job submitted from host: <128.30.112.18:46685>
...
001 (14103.000.000) 01/21 06:21:05 Job executing on host: <128.30.66.167:50426>
...
006 (14103.000.000) 01/21 06:21:14 Image size of job updated: 135800
	28  -  MemoryUsage of job (MB)
	27660  -  ResidentSetSize of job (KB)
...
005 (14103.000.000) 01/21 06:21:15 Job terminated.
	(0) Abnormal termination (signal 9)
	(0) No core file
		Usr 0 00:00:00, Sys 0 00:00:00  -  Run Remote Usage
		Usr 0 00:00:00, Sys 0 00:00:00  -  Run Local Usage
		Usr 0 00:00:00, Sys 0 00:00:00  -  Total Remote Usage
		Usr 0 00:00:00, Sys 0 00:00:00  -  Total Local Usage
	0  -  Run Bytes Sent By Job
	0  -  Run Bytes Received By Job
	0  -  Total Bytes Sent By Job
	0  -  Total Bytes Received By Job
	Partitionable Resources :    Usage  Request          
	   Cpus                 :                 1          
	   Disk (KB)            :     2750     2750          
	   Memory (MB)          :       28       28          
...
