000 (14111.000.000) 01/21 06:21:05 Job submitted from host: <128.30.112.18:46685>
...
001 (14111.000.000) 01/21 06:21:15 Job executing on host: <128.30.66.167:50426>
...
006 (14111.000.000) 01/21 06:21:24 Image size of job updated: 293044
	52  -  MemoryUsage of job (MB)
	53156  -  ResidentSetSize of job (KB)
...
005 (14111.000.000) 01/21 06:21:25 Job terminated.
	(0) Abnormal termination (signal 9)
	(0) No core file
		Usr 0 00:00:03, Sys 0 00:00:00  -  Run Remote Usage
		Usr 0 00:00:00, Sys 0 00:00:00  -  Run Local Usage
		Usr 0 00:00:03, Sys 0 00:00:00  -  Total Remote Usage
		Usr 0 00:00:00, Sys 0 00:00:00  -  Total Local Usage
	0  -  Run Bytes Sent By Job
	0  -  Run Bytes Received By Job
	0  -  Total Bytes Sent By Job
	0  -  Total Bytes Received By Job
	Partitionable Resources :    Usage  Request          
	   Cpus                 :                 1          
	   Disk (KB)            :     2750     2750          
	   Memory (MB)          :       52       52          
...
