000 (14096.000.000) 01/21 06:21:03 Job submitted from host: <128.30.112.18:46685>
...
001 (14096.000.000) 01/21 06:21:05 Job executing on host: <128.30.66.169:43926>
...
006 (14096.000.000) 01/21 06:21:13 Image size of job updated: 293052
	53  -  MemoryUsage of job (MB)
	53268  -  ResidentSetSize of job (KB)
...
006 (14096.000.000) 01/21 06:21:55 Image size of job updated: 296088
	53  -  MemoryUsage of job (MB)
	53268  -  ResidentSetSize of job (KB)
...
005 (14096.000.000) 01/21 06:21:55 Job terminated.
	(1) Normal termination (return value 0)
		Usr 0 00:00:36, Sys 0 00:00:00  -  Run Remote Usage
		Usr 0 00:00:00, Sys 0 00:00:00  -  Run Local Usage
		Usr 0 00:00:36, Sys 0 00:00:00  -  Total Remote Usage
		Usr 0 00:00:00, Sys 0 00:00:00  -  Total Local Usage
	0  -  Run Bytes Sent By Job
	0  -  Run Bytes Received By Job
	0  -  Total Bytes Sent By Job
	0  -  Total Bytes Received By Job
	Partitionable Resources :    Usage  Request          
	   Cpus                 :                 1          
	   Disk (KB)            :     2750     2750          
	   Memory (MB)          :       53       53          
...
