000 (14098.000.000) 01/21 06:21:03 Job submitted from host: <128.30.112.18:46685>
...
001 (14098.000.000) 01/21 06:21:05 Job executing on host: <128.30.66.164:41719>
...
006 (14098.000.000) 01/21 06:21:13 Image size of job updated: 295604
	55  -  MemoryUsage of job (MB)
	55924  -  ResidentSetSize of job (KB)
...
005 (14098.000.000) 01/21 06:21:26 Job terminated.
	(1) Normal termination (return value 0)
		Usr 0 00:00:16, Sys 0 00:00:00  -  Run Remote Usage
		Usr 0 00:00:00, Sys 0 00:00:00  -  Run Local Usage
		Usr 0 00:00:16, Sys 0 00:00:00  -  Total Remote Usage
		Usr 0 00:00:00, Sys 0 00:00:00  -  Total Local Usage
	0  -  Run Bytes Sent By Job
	0  -  Run Bytes Received By Job
	0  -  Total Bytes Sent By Job
	0  -  Total Bytes Received By Job
	Partitionable Resources :    Usage  Request          
	   Cpus                 :                 1          
	   Disk (KB)            :     2750     2750          
	   Memory (MB)          :       55       55          
...
