============================================================
Domain:		SystemAdministrator
Dimensions:	20
|S|:		1048576
|A|:		21
|S|x|A|:		22020096
Episode Cap:	200
Gamma:		0.95
Computers:	20
Edges:		[(0, 15), (0, 10), (0, 7), (0, 14), (0, 12), (1, 3), (1, 15), (1, 5), (1, 17), (1, 18), (1, 10), (2, 17), (2, 15), (2, 16), (2, 4), (2, 8), (2, 7), (3, 17), (3, 16), (4, 16), (4, 5), (4, 11), (4, 13), (5, 16), (5, 15), (5, 10), (5, 12), (5, 11), (5, 13), (6, 15), (6, 10), (6, 11), (6, 12), (6, 18), (7, 17), (7, 8), (7, 9), (7, 14), (8, 10), (8, 11), (9, 10), (9, 11), (9, 13), (10, 15), (10, 16), (10, 12), (11, 16), (11, 18), (11, 14), (12, 15), (15, 17), (15, 19), (16, 19), (18, 19)]
Neighbors:
0 : [15, 10, 7, 14, 12]
1 : [3, 15, 5, 17, 18, 10]
2 : [17, 15, 16, 4, 8, 7]
3 : [1, 17, 16]
4 : [2, 16, 5, 11, 13]
5 : [1, 4, 16, 15, 10, 12, 11, 13]
6 : [15, 10, 11, 12, 18]
7 : [0, 2, 17, 8, 9, 14]
8 : [2, 7, 10, 11]
9 : [7, 10, 11, 13]
10 : [0, 1, 5, 6, 8, 9, 15, 16, 12]
11 : [4, 5, 6, 8, 9, 16, 18, 14]
12 : [0, 5, 6, 10, 15]
13 : [4, 5, 9]
14 : [0, 7, 11]
15 : [0, 1, 2, 5, 6, 10, 12, 17, 19]
16 : [2, 3, 4, 5, 10, 11, 19]
17 : [1, 2, 3, 7, 15]
18 : [1, 6, 11, 19]
19 : [15, 16, 18]
============================================================
Representation:		IndependentDiscretizationCompactBinary
Features per action:	21
Binary Dimensions:	[ 0  1  2  3  4  5  6  7  8  9 10 11 12 13 14 15 16 17 18 19]
============================================================
Representation:		iFDD
Features per action:	21
Initial Representation:	IndependentDiscretizationCompactBinary
Plus:			1
Sparsify:		1
Cached:			1
Online Threshold:	350.000
Batch Threshold:		350.000
Max Batch Discovery:	20
============================================================
Agent:		RE_LSPI
Policy:		eGreedy
Max LSPI Iterations:	10
Data Size:		1000
Weight Difference tol.:	0.001
Max Representation Expansion Iterations:	20
============================================================
Experiment:		OnlineExperiment
Output:			././18-results.txt
Learning Steps:		1000
Performance Checks:	1
Log Intervals:		60(s)
Representation Expansion iteration #1
-----------------
Running LSPI:
1: L2_norm of weight difference = 5646.522, Density of A: 14.80%
2: L2_norm of weight difference = 5667.037, Density of A: 13.17%
3: L2_norm of weight difference = 388.482, Density of A: 13.68%
4: L2_norm of weight difference = 322.832, Density of A: 13.98%
5: L2_norm of weight difference = 372.584, Density of A: 15.13%
6: L2_norm of weight difference = 312.088, Density of A: 14.18%
7: L2_norm of weight difference = 287.345, Density of A: 13.51%
8: L2_norm of weight difference = 692.578, Density of A: 14.59%
9: L2_norm of weight difference = 4680.662, Density of A: 15.38%
10: L2_norm of weight difference = 4748.461, Density of A: 14.10%
Performance Check >>> 535.750 Return, 200 Steps, 21 Features
iFDD Batch: Max Relevance = 9423.572
New Feature 1: [1, 18], Relevance = 9423.572
New Feature 2: [1, 3], Relevance = 9398.902
New Feature 3: [1, 6], Relevance = 8892.072
New Feature 4: [3, 18], Relevance = 8677.228
New Feature 5: [1, 17], Relevance = 8532.360
New Feature 6: [10, 18], Relevance = 8433.912
New Feature 7: [1, 7], Relevance = 8412.519
New Feature 8: [1, 19], Relevance = 8362.303
New Feature 9: [1, 10], Relevance = 8344.688
New Feature 10: [3, 6], Relevance = 8339.104
New Feature 11: [17, 18], Relevance = 8219.768
New Feature 12: [1, 8], Relevance = 8175.281
New Feature 13: [1, 5], Relevance = 8099.040
New Feature 14: [17, 19], Relevance = 8087.521
New Feature 15: [18, 19], Relevance = 8068.849
New Feature 16: [6, 18], Relevance = 8010.905
New Feature 17: [13, 17], Relevance = 8001.958
New Feature 18: [8, 10], Relevance = 7969.959
New Feature 19: [3, 4], Relevance = 7959.285
New Feature 20: [5, 10], Relevance = 7886.742
Representation Expansion iteration #2
-----------------
Running LSPI:
1: L2_norm of weight difference = 1385.948, Density of A: 3.50%
2: L2_norm of weight difference = 1378.645, Density of A: 3.44%
3: L2_norm of weight difference = 329.711, Density of A: 3.41%
4: L2_norm of weight difference = 277.151, Density of A: 3.54%
5: L2_norm of weight difference = 208.891, Density of A: 3.44%
6: L2_norm of weight difference = 202.474, Density of A: 3.53%
7: L2_norm of weight difference = 1169.886, Density of A: 3.47%
8: L2_norm of weight difference = 1534.237, Density of A: 3.53%
9: L2_norm of weight difference = 1530.499, Density of A: 3.51%
10: L2_norm of weight difference = 1297.611, Density of A: 3.49%
Performance Check >>> 402.500 Return, 200 Steps, 41 Features
iFDD Batch: Max Relevance = 1059.322
New Feature 1: [2, 7], Relevance = 1059.322
New Feature 2: [2, 14], Relevance = 1031.907
New Feature 3: [7, 14], Relevance = 965.563
New Feature 4: [11, 14], Relevance = 914.238
New Feature 5: [2, 15], Relevance = 907.920
New Feature 6: [2, 16], Relevance = 904.248
New Feature 7: [12, 14], Relevance = 880.846
New Feature 8: [7, 12], Relevance = 863.504
New Feature 9: [0, 2], Relevance = 847.437
New Feature 10: [7, 11], Relevance = 846.450
New Feature 11: [11, 12], Relevance = 841.966
New Feature 12: [0, 14], Relevance = 835.668
New Feature 13: [2, 11], Relevance = 831.122
New Feature 14: [0, 16], Relevance = 824.829
New Feature 15: [14, 15], Relevance = 820.377
New Feature 16: [7, 16], Relevance = 819.877
New Feature 17: [14, 16], Relevance = 802.132
New Feature 18: [11, 16], Relevance = 800.094
New Feature 19: [11, 15], Relevance = 793.215
New Feature 20: [7, 15], Relevance = 786.578
Representation Expansion iteration #3
-----------------
Running LSPI:
1: L2_norm of weight difference = 1126.544, Density of A: 1.32%
2: L2_norm of weight difference = 137.081, Density of A: 1.32%
3: L2_norm of weight difference = 230.161, Density of A: 1.32%
4: L2_norm of weight difference = 247.012, Density of A: 1.34%
5: L2_norm of weight difference = 362.991, Density of A: 1.33%
6: L2_norm of weight difference = 457.808, Density of A: 1.32%
7: L2_norm of weight difference = 979.901, Density of A: 1.33%
8: L2_norm of weight difference = 1214.750, Density of A: 1.31%
9: L2_norm of weight difference = 1169.130, Density of A: 1.31%
10: L2_norm of weight difference = 1185.542, Density of A: 1.32%
Performance Check >>> 457.750 Return, 200 Steps, 61 Features
iFDD Batch: Max Relevance = 508.271
New Feature 1: [2, 3, 4], Relevance = 508.271
New Feature 2: [7, 15, 17, 19], Relevance = 501.348
New Feature 3: [3, 4, 7, 15], Relevance = 490.722
New Feature 4: [0, 3, 4, 14], Relevance = 485.380
New Feature 5: [1, 5, 8, 10], Relevance = 480.032
New Feature 6: [0, 2, 14], Relevance = 474.961
New Feature 7: [1, 2, 8], Relevance = 473.807
New Feature 8: [3, 4, 6, 18], Relevance = 473.637
New Feature 9: [9, 12], Relevance = 469.025
New Feature 10: [2, 5, 10], Relevance = 462.317
New Feature 11: [2, 9], Relevance = 462.239
New Feature 12: [0, 7, 14, 15], Relevance = 461.867
New Feature 13: [2, 11, 16], Relevance = 461.104
New Feature 14: [2, 7, 15], Relevance = 459.894
New Feature 15: [5, 10, 12], Relevance = 459.023
New Feature 16: [5, 6, 10, 18], Relevance = 457.254
New Feature 17: [0, 6, 14, 18], Relevance = 455.759
New Feature 18: [0, 9, 14], Relevance = 452.071
New Feature 19: [4, 9], Relevance = 451.444
New Feature 20: [2, 6, 18], Relevance = 449.197
Representation Expansion iteration #4
-----------------
Running LSPI:
1: L2_norm of weight difference = 1310.044, Density of A: 0.62%
2: L2_norm of weight difference = 588.439, Density of A: 0.61%
3: L2_norm of weight difference = 711.102, Density of A: 0.62%
4: L2_norm of weight difference = 728.296, Density of A: 0.61%
5: L2_norm of weight difference = 702.582, Density of A: 0.61%
6: L2_norm of weight difference = 657.489, Density of A: 0.62%
7: L2_norm of weight difference = 663.522, Density of A: 0.62%
8: L2_norm of weight difference = 738.081, Density of A: 0.61%
9: L2_norm of weight difference = 768.265, Density of A: 0.62%
10: L2_norm of weight difference = 785.609, Density of A: 0.62%
Performance Check >>> 459.750 Return, 200 Steps, 81 Features
iFDD Batch: Max Relevance = 286.734
1000: E[0:09:33]-R[0:00:00]: Return=652.75, Steps=200, Features = 81
1000 >>> E[0:09:33]-R[0:00:00]: Return=470.75, Steps=200, Features = 81
============================================================
Took 0:09:33
Results	=> ././18-results.txt
Log	=> ././18-out.txt
