============================================================
Domain:		SystemAdministrator
Dimensions:	20
|S|:		1048576
|A|:		21
|S|x|A|:		22020096
Episode Cap:	200
Gamma:		0.95
Computers:	20
Edges:		[(0, 15), (0, 10), (0, 7), (0, 14), (0, 12), (1, 3), (1, 15), (1, 5), (1, 17), (1, 18), (1, 10), (2, 17), (2, 15), (2, 16), (2, 4), (2, 8), (2, 7), (3, 17), (3, 16), (4, 16), (4, 5), (4, 11), (4, 13), (5, 16), (5, 15), (5, 10), (5, 12), (5, 11), (5, 13), (6, 15), (6, 10), (6, 11), (6, 12), (6, 18), (7, 17), (7, 8), (7, 9), (7, 14), (8, 10), (8, 11), (9, 10), (9, 11), (9, 13), (10, 15), (10, 16), (10, 12), (11, 16), (11, 18), (11, 14), (12, 15), (15, 17), (15, 19), (16, 19), (18, 19)]
Neighbors:
0 : [15, 10, 7, 14, 12]
1 : [3, 15, 5, 17, 18, 10]
2 : [17, 15, 16, 4, 8, 7]
3 : [1, 17, 16]
4 : [2, 16, 5, 11, 13]
5 : [1, 4, 16, 15, 10, 12, 11, 13]
6 : [15, 10, 11, 12, 18]
7 : [0, 2, 17, 8, 9, 14]
8 : [2, 7, 10, 11]
9 : [7, 10, 11, 13]
10 : [0, 1, 5, 6, 8, 9, 15, 16, 12]
11 : [4, 5, 6, 8, 9, 16, 18, 14]
12 : [0, 5, 6, 10, 15]
13 : [4, 5, 9]
14 : [0, 7, 11]
15 : [0, 1, 2, 5, 6, 10, 12, 17, 19]
16 : [2, 3, 4, 5, 10, 11, 19]
17 : [1, 2, 3, 7, 15]
18 : [1, 6, 11, 19]
19 : [15, 16, 18]
============================================================
Representation:		IndependentDiscretizationCompactBinary
Features per action:	21
Binary Dimensions:	[ 0  1  2  3  4  5  6  7  8  9 10 11 12 13 14 15 16 17 18 19]
============================================================
Representation:		iFDD
Features per action:	21
Initial Representation:	IndependentDiscretizationCompactBinary
Plus:			1
Sparsify:		1
Cached:			1
Online Threshold:	350.000
Batch Threshold:		350.000
Max Batch Discovery:	20
============================================================
Agent:		RE_LSPI
Policy:		eGreedy
Max LSPI Iterations:	10
Data Size:		1000
Weight Difference tol.:	0.001
Max Representation Expansion Iterations:	20
============================================================
Experiment:		OnlineExperiment
Output:			././2-results.txt
Learning Steps:		1000
Performance Checks:	1
Log Intervals:		60(s)
Representation Expansion iteration #1
-----------------
Running LSPI:
1: L2_norm of weight difference = 217.680, Density of A: 12.76%
2: L2_norm of weight difference = 247.553, Density of A: 13.25%
3: L2_norm of weight difference = 446.234, Density of A: 13.07%
4: L2_norm of weight difference = 366.749, Density of A: 12.85%
5: L2_norm of weight difference = 552.260, Density of A: 12.96%
6: L2_norm of weight difference = 748.083, Density of A: 12.87%
7: L2_norm of weight difference = 520.253, Density of A: 12.71%
8: L2_norm of weight difference = 466.655, Density of A: 13.82%
9: L2_norm of weight difference = 536.879, Density of A: 13.70%
10: L2_norm of weight difference = 974.377, Density of A: 13.68%
Performance Check >>> 389.000 Return, 200 Steps, 21 Features
iFDD Batch: Max Relevance = 385.601
New Feature 1: [4, 8], Relevance = 385.601
New Feature 2: [4, 13], Relevance = 381.647
New Feature 3: [1, 19], Relevance = 381.127
New Feature 4: [8, 17], Relevance = 380.101
New Feature 5: [4, 14], Relevance = 379.966
New Feature 6: [0, 13], Relevance = 376.909
New Feature 7: [4, 17], Relevance = 373.890
New Feature 8: [12, 15], Relevance = 373.589
New Feature 9: [17, 19], Relevance = 369.678
New Feature 10: [0, 14], Relevance = 367.559
New Feature 11: [3, 17], Relevance = 366.646
New Feature 12: [13, 15], Relevance = 365.404
New Feature 13: [0, 17], Relevance = 365.363
New Feature 14: [0, 8], Relevance = 364.081
New Feature 15: [2, 13], Relevance = 363.589
New Feature 16: [0, 2], Relevance = 363.527
New Feature 17: [1, 17], Relevance = 363.448
New Feature 18: [3, 4], Relevance = 362.494
New Feature 19: [9, 12], Relevance = 361.163
New Feature 20: [15, 17], Relevance = 360.212
Representation Expansion iteration #2
-----------------
Running LSPI:
1: L2_norm of weight difference = 548.733, Density of A: 3.05%
2: L2_norm of weight difference = 175.832, Density of A: 3.05%
3: L2_norm of weight difference = 188.931, Density of A: 3.10%
4: L2_norm of weight difference = 193.222, Density of A: 3.07%
5: L2_norm of weight difference = 225.224, Density of A: 3.12%
6: L2_norm of weight difference = 241.666, Density of A: 3.12%
7: L2_norm of weight difference = 218.064, Density of A: 3.13%
8: L2_norm of weight difference = 492.558, Density of A: 3.10%
9: L2_norm of weight difference = 537.308, Density of A: 3.10%
10: L2_norm of weight difference = 459.976, Density of A: 3.03%
Performance Check >>> 423.500 Return, 200 Steps, 41 Features
iFDD Batch: Max Relevance = 266.361
1000: E[0:01:32]-R[0:00:00]: Return=499.50, Steps=200, Features = 41
1000 >>> E[0:01:32]-R[0:00:00]: Return=548.75, Steps=200, Features = 41
============================================================
Took 0:01:32
Results	=> ././2-results.txt
Log	=> ././2-out.txt
