============================================================
Domain:		SystemAdministrator
Dimensions:	20
|S|:		1048576
|A|:		21
|S|x|A|:		22020096
Episode Cap:	200
Gamma:		0.95
Computers:	20
Edges:		[(0, 15), (0, 10), (0, 7), (0, 14), (0, 12), (1, 3), (1, 15), (1, 5), (1, 17), (1, 18), (1, 10), (2, 17), (2, 15), (2, 16), (2, 4), (2, 8), (2, 7), (3, 17), (3, 16), (4, 16), (4, 5), (4, 11), (4, 13), (5, 16), (5, 15), (5, 10), (5, 12), (5, 11), (5, 13), (6, 15), (6, 10), (6, 11), (6, 12), (6, 18), (7, 17), (7, 8), (7, 9), (7, 14), (8, 10), (8, 11), (9, 10), (9, 11), (9, 13), (10, 15), (10, 16), (10, 12), (11, 16), (11, 18), (11, 14), (12, 15), (15, 17), (15, 19), (16, 19), (18, 19)]
Neighbors:
0 : [15, 10, 7, 14, 12]
1 : [3, 15, 5, 17, 18, 10]
2 : [17, 15, 16, 4, 8, 7]
3 : [1, 17, 16]
4 : [2, 16, 5, 11, 13]
5 : [1, 4, 16, 15, 10, 12, 11, 13]
6 : [15, 10, 11, 12, 18]
7 : [0, 2, 17, 8, 9, 14]
8 : [2, 7, 10, 11]
9 : [7, 10, 11, 13]
10 : [0, 1, 5, 6, 8, 9, 15, 16, 12]
11 : [4, 5, 6, 8, 9, 16, 18, 14]
12 : [0, 5, 6, 10, 15]
13 : [4, 5, 9]
14 : [0, 7, 11]
15 : [0, 1, 2, 5, 6, 10, 12, 17, 19]
16 : [2, 3, 4, 5, 10, 11, 19]
17 : [1, 2, 3, 7, 15]
18 : [1, 6, 11, 19]
19 : [15, 16, 18]
============================================================
Representation:		IndependentDiscretizationCompactBinary
Features per action:	21
Binary Dimensions:	[ 0  1  2  3  4  5  6  7  8  9 10 11 12 13 14 15 16 17 18 19]
============================================================
Representation:		iFDD
Features per action:	21
Initial Representation:	IndependentDiscretizationCompactBinary
Plus:			1
Sparsify:		1
Cached:			1
Online Threshold:	350.000
Batch Threshold:		350.000
Max Batch Discovery:	20
============================================================
Agent:		RE_LSPI
Policy:		eGreedy
Max LSPI Iterations:	10
Data Size:		1000
Weight Difference tol.:	0.001
Max Representation Expansion Iterations:	20
============================================================
Experiment:		OnlineExperiment
Output:			././3-results.txt
Learning Steps:		1000
Performance Checks:	1
Log Intervals:		60(s)
Representation Expansion iteration #1
-----------------
Running LSPI:
1: L2_norm of weight difference = 905.900, Density of A: 15.10%
2: L2_norm of weight difference = 986.087, Density of A: 14.08%
3: L2_norm of weight difference = 426.098, Density of A: 14.18%
4: L2_norm of weight difference = 471.583, Density of A: 14.32%
5: L2_norm of weight difference = 3032.204, Density of A: 14.14%
6: L2_norm of weight difference = 2979.956, Density of A: 14.55%
7: L2_norm of weight difference = 828.252, Density of A: 13.93%
8: L2_norm of weight difference = 2935.728, Density of A: 14.75%
9: L2_norm of weight difference = 2636.993, Density of A: 13.88%
10: L2_norm of weight difference = 1008.925, Density of A: 12.78%
Performance Check >>> 432.000 Return, 200 Steps, 21 Features
iFDD Batch: Max Relevance = 1667.490
New Feature 1: [0, 19], Relevance = 1667.490
New Feature 2: [0, 16], Relevance = 1632.806
New Feature 3: [0, 1], Relevance = 1564.171
New Feature 4: [3, 16], Relevance = 1560.402
New Feature 5: [0, 11], Relevance = 1537.697
New Feature 6: [11, 16], Relevance = 1526.436
New Feature 7: [0, 12], Relevance = 1521.494
New Feature 8: [0, 3], Relevance = 1508.097
New Feature 9: [0, 6], Relevance = 1506.428
New Feature 10: [15, 16], Relevance = 1496.021
New Feature 11: [18, 19], Relevance = 1483.798
New Feature 12: [3, 19], Relevance = 1480.248
New Feature 13: [1, 16], Relevance = 1478.579
New Feature 14: [0, 14], Relevance = 1477.341
New Feature 15: [13, 16], Relevance = 1477.159
New Feature 16: [15, 19], Relevance = 1469.369
New Feature 17: [16, 19], Relevance = 1463.722
New Feature 18: [1, 19], Relevance = 1459.906
New Feature 19: [6, 18], Relevance = 1457.344
New Feature 20: [6, 16], Relevance = 1454.091
Representation Expansion iteration #2
-----------------
Running LSPI:
1: L2_norm of weight difference = 584.064, Density of A: 3.58%
2: L2_norm of weight difference = 419.562, Density of A: 3.53%
3: L2_norm of weight difference = 246.260, Density of A: 3.51%
4: L2_norm of weight difference = 286.838, Density of A: 3.51%
5: L2_norm of weight difference = 280.652, Density of A: 3.54%
6: L2_norm of weight difference = 204.187, Density of A: 3.32%
7: L2_norm of weight difference = 299.862, Density of A: 3.25%
8: L2_norm of weight difference = 512.701, Density of A: 3.36%
9: L2_norm of weight difference = 771.788, Density of A: 3.47%
10: L2_norm of weight difference = 725.203, Density of A: 3.36%
Performance Check >>> 533.000 Return, 200 Steps, 41 Features
iFDD Batch: Max Relevance = 604.890
New Feature 1: [2, 7], Relevance = 604.890
New Feature 2: [4, 7], Relevance = 600.495
New Feature 3: [15, 17], Relevance = 591.119
New Feature 4: [17, 18], Relevance = 590.879
New Feature 5: [2, 8], Relevance = 586.401
New Feature 6: [4, 15], Relevance = 584.917
New Feature 7: [2, 15], Relevance = 584.410
New Feature 8: [7, 8], Relevance = 582.192
New Feature 9: [7, 15], Relevance = 576.661
New Feature 10: [2, 4], Relevance = 573.734
New Feature 11: [4, 8], Relevance = 572.007
New Feature 12: [2, 11], Relevance = 564.282
New Feature 13: [7, 17], Relevance = 561.112
New Feature 14: [8, 15], Relevance = 560.212
New Feature 15: [2, 18], Relevance = 554.168
New Feature 16: [2, 17], Relevance = 552.926
New Feature 17: [15, 18], Relevance = 551.499
New Feature 18: [4, 17], Relevance = 548.412
New Feature 19: [6, 7, 16], Relevance = 542.414
New Feature 20: [8, 17], Relevance = 540.198
Representation Expansion iteration #3
-----------------
Running LSPI:
1: L2_norm of weight difference = 1043.171, Density of A: 1.28%
2: L2_norm of weight difference = 213.101, Density of A: 1.29%
3: L2_norm of weight difference = 239.476, Density of A: 1.27%
4: L2_norm of weight difference = 190.907, Density of A: 1.29%
5: L2_norm of weight difference = 241.869, Density of A: 1.26%
6: L2_norm of weight difference = 520.015, Density of A: 1.27%
7: L2_norm of weight difference = 523.072, Density of A: 1.28%
8: L2_norm of weight difference = 497.015, Density of A: 1.30%
9: L2_norm of weight difference = 506.756, Density of A: 1.29%
10: L2_norm of weight difference = 900.915, Density of A: 1.28%
Performance Check >>> 535.750 Return, 200 Steps, 61 Features
iFDD Batch: Max Relevance = 214.875
1000: E[0:11:29]-R[0:00:00]: Return=545.00, Steps=200, Features = 61
1000 >>> E[0:11:30]-R[0:00:00]: Return=377.00, Steps=200, Features = 61
============================================================
Took 0:11:30
Results	=> ././3-results.txt
Log	=> ././3-out.txt
