============================================================
Domain:		SystemAdministrator
Dimensions:	20
|S|:		1048576
|A|:		21
|S|x|A|:		22020096
Episode Cap:	200
Gamma:		0.95
Computers:	20
Edges:		[(0, 15), (0, 10), (0, 7), (0, 14), (0, 12), (1, 3), (1, 15), (1, 5), (1, 17), (1, 18), (1, 10), (2, 17), (2, 15), (2, 16), (2, 4), (2, 8), (2, 7), (3, 17), (3, 16), (4, 16), (4, 5), (4, 11), (4, 13), (5, 16), (5, 15), (5, 10), (5, 12), (5, 11), (5, 13), (6, 15), (6, 10), (6, 11), (6, 12), (6, 18), (7, 17), (7, 8), (7, 9), (7, 14), (8, 10), (8, 11), (9, 10), (9, 11), (9, 13), (10, 15), (10, 16), (10, 12), (11, 16), (11, 18), (11, 14), (12, 15), (15, 17), (15, 19), (16, 19), (18, 19)]
Neighbors:
0 : [15, 10, 7, 14, 12]
1 : [3, 15, 5, 17, 18, 10]
2 : [17, 15, 16, 4, 8, 7]
3 : [1, 17, 16]
4 : [2, 16, 5, 11, 13]
5 : [1, 4, 16, 15, 10, 12, 11, 13]
6 : [15, 10, 11, 12, 18]
7 : [0, 2, 17, 8, 9, 14]
8 : [2, 7, 10, 11]
9 : [7, 10, 11, 13]
10 : [0, 1, 5, 6, 8, 9, 15, 16, 12]
11 : [4, 5, 6, 8, 9, 16, 18, 14]
12 : [0, 5, 6, 10, 15]
13 : [4, 5, 9]
14 : [0, 7, 11]
15 : [0, 1, 2, 5, 6, 10, 12, 17, 19]
16 : [2, 3, 4, 5, 10, 11, 19]
17 : [1, 2, 3, 7, 15]
18 : [1, 6, 11, 19]
19 : [15, 16, 18]
============================================================
Representation:		IndependentDiscretizationCompactBinary
Features per action:	21
Binary Dimensions:	[ 0  1  2  3  4  5  6  7  8  9 10 11 12 13 14 15 16 17 18 19]
============================================================
Representation:		iFDD
Features per action:	21
Initial Representation:	IndependentDiscretizationCompactBinary
Plus:			1
Sparsify:		1
Cached:			1
Online Threshold:	350.000
Batch Threshold:		350.000
Max Batch Discovery:	20
============================================================
Agent:		RE_LSPI
Policy:		eGreedy
Max LSPI Iterations:	10
Data Size:		1000
Weight Difference tol.:	0.001
Max Representation Expansion Iterations:	20
============================================================
Experiment:		OnlineExperiment
Output:			././9-results.txt
Learning Steps:		1000
Performance Checks:	1
Log Intervals:		60(s)
Representation Expansion iteration #1
-----------------
Running LSPI:
1: L2_norm of weight difference = 462.599, Density of A: 13.91%
2: L2_norm of weight difference = 574.220, Density of A: 14.08%
3: L2_norm of weight difference = 406.749, Density of A: 12.76%
4: L2_norm of weight difference = 446.574, Density of A: 13.96%
5: L2_norm of weight difference = 1492.017, Density of A: 14.27%
6: L2_norm of weight difference = 1855.683, Density of A: 13.18%
7: L2_norm of weight difference = 996.650, Density of A: 13.51%
8: L2_norm of weight difference = 209.627, Density of A: 13.82%
9: L2_norm of weight difference = 487.233, Density of A: 14.52%
10: L2_norm of weight difference = 537.589, Density of A: 14.07%
Performance Check >>> 494.250 Return, 200 Steps, 21 Features
iFDD Batch: Max Relevance = 928.690
New Feature 1: [2, 3], Relevance = 928.690
New Feature 2: [3, 13], Relevance = 912.591
New Feature 3: [12, 15], Relevance = 894.712
New Feature 4: [2, 17], Relevance = 894.368
New Feature 5: [6, 12], Relevance = 892.703
New Feature 6: [0, 12], Relevance = 891.864
New Feature 7: [3, 12], Relevance = 887.785
New Feature 8: [6, 8], Relevance = 887.108
New Feature 9: [0, 13], Relevance = 885.608
New Feature 10: [0, 14], Relevance = 880.405
New Feature 11: [9, 13], Relevance = 880.202
New Feature 12: [7, 13], Relevance = 879.212
New Feature 13: [10, 12], Relevance = 877.627
New Feature 14: [7, 17], Relevance = 876.749
New Feature 15: [13, 15], Relevance = 875.015
New Feature 16: [3, 17], Relevance = 874.724
New Feature 17: [5, 13], Relevance = 874.664
New Feature 18: [3, 14], Relevance = 864.739
New Feature 19: [2, 7], Relevance = 862.636
New Feature 20: [8, 15], Relevance = 860.042
Representation Expansion iteration #2
-----------------
Running LSPI:
1: L2_norm of weight difference = 593.418, Density of A: 3.29%
2: L2_norm of weight difference = 233.804, Density of A: 3.40%
3: L2_norm of weight difference = 274.927, Density of A: 3.33%
4: L2_norm of weight difference = 247.397, Density of A: 3.30%
5: L2_norm of weight difference = 238.072, Density of A: 3.30%
6: L2_norm of weight difference = 227.396, Density of A: 3.34%
7: L2_norm of weight difference = 932.656, Density of A: 3.29%
8: L2_norm of weight difference = 1488.406, Density of A: 3.22%
9: L2_norm of weight difference = 1283.982, Density of A: 3.31%
10: L2_norm of weight difference = 254.153, Density of A: 3.35%
Performance Check >>> 532.250 Return, 200 Steps, 41 Features
iFDD Batch: Max Relevance = 199.115
1000: E[0:01:55]-R[0:00:00]: Return=546.25, Steps=200, Features = 41
1000 >>> E[0:01:56]-R[0:00:00]: Return=557.75, Steps=200, Features = 41
============================================================
Took 0:01:56
Results	=> ././9-results.txt
Log	=> ././9-out.txt
