============================================================
Domain:		PST
Dimensions:	12
|S|:		5451776
|A|:		27
|S|x|A|:		147197952
Episode Cap:	1000
Gamma:		0.9
NUM_UAV:		3
============================================================
Representation:		IndependentDiscretizationCompactBinary
Features per action:	52
Binary Dimensions:	[ 6  7  8  9 10 11]
============================================================
Representation:		iFDD
Features per action:	52
Initial Representation:	IndependentDiscretizationCompactBinary
Plus:			1
Sparsify:		1
Cached:			1
Online Threshold:	65.000
Batch Threshold:		65.000
Max Batch Discovery:	20
============================================================
Agent:		SARSA
Policy:		eGreedy
Alpha_0:		0.10
============================================================
Experiment:		OnlineExperiment
Output:			././11-results.txt
Learning Steps:		50000
Performance Checks:	10
Log Intervals:		60(s)
5000 >>> E[0:00:21]-R[0:03:08]: Return=-37.00, Steps=10, Features = 222
10000 >>> E[0:00:43]-R[0:02:51]: Return=-75.00, Steps=20, Features = 288
15000 >>> E[0:01:06]-R[0:02:33]: Return=-44.00, Steps=19, Features = 322
20000 >>> E[0:01:30]-R[0:02:15]: Return=-37.00, Steps=10, Features = 351
25000 >>> E[0:01:54]-R[0:01:54]: Return=-83.00, Steps=26, Features = 377
30000 >>> E[0:02:20]-R[0:01:33]: Return=-65.00, Steps=51, Features = 416
35000 >>> E[0:02:45]-R[0:01:11]: Return=-55.00, Steps=12, Features = 451
40000 >>> E[0:03:13]-R[0:00:48]: Return=0.00, Steps=1000, Features = 497
45000 >>> E[0:03:42]-R[0:00:25]: Return=0.00, Steps=1000, Features = 558
50000 >>> E[0:04:09]-R[0:00:00]: Return=-1.00, Steps=13, Features = 592
============================================================
Took 0:04:09
Results	=> ././11-results.txt
Log	=> ././11-out.txt
