============================================================
Domain:		PST
Dimensions:	12
|S|:		5451776
|A|:		27
|S|x|A|:		147197952
Episode Cap:	1000
Gamma:		0.9
NUM_UAV:		3
============================================================
Representation:		IndependentDiscretizationCompactBinary
Features per action:	52
Binary Dimensions:	[ 6  7  8  9 10 11]
============================================================
Representation:		iFDD
Features per action:	52
Initial Representation:	IndependentDiscretizationCompactBinary
Plus:			1
Sparsify:		1
Cached:			1
Online Threshold:	65.000
Batch Threshold:		65.000
Max Batch Discovery:	20
============================================================
Agent:		SARSA
Policy:		eGreedy
Alpha_0:		0.10
============================================================
Experiment:		OnlineExperiment
Output:			././14-results.txt
Learning Steps:		50000
Performance Checks:	10
Log Intervals:		60(s)
5000 >>> E[0:00:19]-R[0:02:54]: Return=57.00, Steps=15, Features = 164
10000 >>> E[0:00:40]-R[0:02:38]: Return=-36.00, Steps=10, Features = 209
15000 >>> E[0:01:00]-R[0:02:20]: Return=-63.00, Steps=10, Features = 249
20000 >>> E[0:01:21]-R[0:02:01]: Return=-35.00, Steps=10, Features = 293
25000 >>> E[0:01:44]-R[0:01:44]: Return=-45.00, Steps=1000, Features = 334
30000 >>> E[0:02:06]-R[0:01:24]: Return=-16.00, Steps=10, Features = 373
35000 >>> E[0:02:28]-R[0:01:03]: Return=-31.00, Steps=10, Features = 422
40000 >>> E[0:02:51]-R[0:00:43]: Return=10.00, Steps=19, Features = 456
45000 >>> E[0:03:15]-R[0:00:22]: Return=80.00, Steps=13, Features = 513
50000 >>> E[0:03:39]-R[0:00:00]: Return=9.00, Steps=10, Features = 580
============================================================
Took 0:03:39
Results	=> ././14-results.txt
Log	=> ././14-out.txt
