000 (14243.000.000) 01/21 11:28:52 Job submitted from host: <128.30.112.18:46685>
...
001 (14243.000.000) 01/21 11:28:55 Job executing on host: <128.30.66.164:41719>
...
006 (14243.000.000) 01/21 11:29:04 Image size of job updated: 309000
	68  -  MemoryUsage of job (MB)
	69108  -  ResidentSetSize of job (KB)
...
006 (14243.000.000) 01/21 11:30:08 Image size of job updated: 312036
	68  -  MemoryUsage of job (MB)
	69108  -  ResidentSetSize of job (KB)
...
005 (14243.000.000) 01/21 11:30:08 Job terminated.
	(1) Normal termination (return value 0)
		Usr 0 00:01:07, Sys 0 00:00:00  -  Run Remote Usage
		Usr 0 00:00:00, Sys 0 00:00:00  -  Run Local Usage
		Usr 0 00:01:07, Sys 0 00:00:00  -  Total Remote Usage
		Usr 0 00:00:00, Sys 0 00:00:00  -  Total Local Usage
	0  -  Run Bytes Sent By Job
	0  -  Run Bytes Received By Job
	0  -  Total Bytes Sent By Job
	0  -  Total Bytes Received By Job
	Partitionable Resources :    Usage  Request          
	   Cpus                 :                 1          
	   Disk (KB)            :     2750     2750          
	   Memory (MB)          :       68       68          
...
