000 (14245.000.000) 01/21 11:28:53 Job submitted from host: <128.30.112.18:46685>
...
001 (14245.000.000) 01/21 11:28:55 Job executing on host: <128.30.66.170:39331>
...
006 (14245.000.000) 01/21 11:29:04 Image size of job updated: 285448
	45  -  MemoryUsage of job (MB)
	45380  -  ResidentSetSize of job (KB)
...
006 (14245.000.000) 01/21 11:30:46 Image size of job updated: 313512
	45  -  MemoryUsage of job (MB)
	45380  -  ResidentSetSize of job (KB)
...
005 (14245.000.000) 01/21 11:30:46 Job terminated.
	(1) Normal termination (return value 0)
		Usr 0 00:01:48, Sys 0 00:00:01  -  Run Remote Usage
		Usr 0 00:00:00, Sys 0 00:00:00  -  Run Local Usage
		Usr 0 00:01:48, Sys 0 00:00:01  -  Total Remote Usage
		Usr 0 00:00:00, Sys 0 00:00:00  -  Total Local Usage
	0  -  Run Bytes Sent By Job
	0  -  Run Bytes Received By Job
	0  -  Total Bytes Sent By Job
	0  -  Total Bytes Received By Job
	Partitionable Resources :    Usage  Request          
	   Cpus                 :                 1          
	   Disk (KB)            :     2750     2750          
	   Memory (MB)          :       45       45          
...
