000 (14253.000.000) 01/21 11:28:55 Job submitted from host: <128.30.112.18:46685>
...
001 (14253.000.000) 01/21 11:29:16 Job executing on host: <128.30.66.165:41096>
...
006 (14253.000.000) 01/21 11:29:24 Image size of job updated: 285412
	45  -  MemoryUsage of job (MB)
	45428  -  ResidentSetSize of job (KB)
...
006 (14253.000.000) 01/21 11:30:47 Image size of job updated: 313560
	45  -  MemoryUsage of job (MB)
	45428  -  ResidentSetSize of job (KB)
...
005 (14253.000.000) 01/21 11:30:47 Job terminated.
	(1) Normal termination (return value 0)
		Usr 0 00:01:14, Sys 0 00:00:01  -  Run Remote Usage
		Usr 0 00:00:00, Sys 0 00:00:00  -  Run Local Usage
		Usr 0 00:01:14, Sys 0 00:00:01  -  Total Remote Usage
		Usr 0 00:00:00, Sys 0 00:00:00  -  Total Local Usage
	0  -  Run Bytes Sent By Job
	0  -  Run Bytes Received By Job
	0  -  Total Bytes Sent By Job
	0  -  Total Bytes Received By Job
	Partitionable Resources :    Usage  Request          
	   Cpus                 :                 1          
	   Disk (KB)            :     2750     2750          
	   Memory (MB)          :       45       45          
...
