000 (13775.000.000) 01/21 04:34:04 Job submitted from host: <128.30.112.18:46685>
...
001 (13775.000.000) 01/21 04:34:13 Job executing on host: <128.30.66.169:43926>
...
006 (13775.000.000) 01/21 04:34:21 Image size of job updated: 123224
	24  -  MemoryUsage of job (MB)
	23560  -  ResidentSetSize of job (KB)
...
006 (13775.000.000) 01/21 04:38:29 Image size of job updated: 321076
	24  -  MemoryUsage of job (MB)
	23560  -  ResidentSetSize of job (KB)
...
005 (13775.000.000) 01/21 04:38:29 Job terminated.
	(1) Normal termination (return value 0)
		Usr 0 00:04:12, Sys 0 00:00:00  -  Run Remote Usage
		Usr 0 00:00:00, Sys 0 00:00:00  -  Run Local Usage
		Usr 0 00:04:12, Sys 0 00:00:00  -  Total Remote Usage
		Usr 0 00:00:00, Sys 0 00:00:00  -  Total Local Usage
	0  -  Run Bytes Sent By Job
	0  -  Run Bytes Received By Job
	0  -  Total Bytes Sent By Job
	0  -  Total Bytes Received By Job
	Partitionable Resources :    Usage  Request          
	   Cpus                 :                 1          
	   Disk (KB)            :     2750     2750          
	   Memory (MB)          :       24       24          
...
