============================================================
Domain:		PST
Dimensions:	12
|S|:		5451776
|A|:		27
|S|x|A|:		147197952
Episode Cap:	1000
Gamma:		0.9
NUM_UAV:		3
============================================================
Representation:		IndependentDiscretizationCompactBinary
Features per action:	52
Binary Dimensions:	[ 6  7  8  9 10 11]
============================================================
Representation:		iFDD
Features per action:	52
Initial Representation:	IndependentDiscretizationCompactBinary
Plus:			1
Sparsify:		1
Cached:			1
Online Threshold:	75.000
Batch Threshold:		75.000
Max Batch Discovery:	20
============================================================
Agent:		SARSA
Policy:		eGreedy
Alpha_0:		0.10
============================================================
Experiment:		OnlineExperiment
Output:			././1-results.txt
Learning Steps:		50000
Performance Checks:	10
Log Intervals:		60(s)
5000 >>> E[0:00:22]-R[0:03:16]: Return=0.00, Steps=1000, Features = 116
10000 >>> E[0:00:44]-R[0:02:57]: Return=0.00, Steps=1000, Features = 135
15000 >>> E[0:01:06]-R[0:02:35]: Return=0.00, Steps=1000, Features = 149
20000 >>> E[0:01:29]-R[0:02:14]: Return=0.00, Steps=1000, Features = 157
25000 >>> E[0:01:57]-R[0:01:57]: Return=0.00, Steps=1000, Features = 170
30000 >>> E[0:02:20]-R[0:01:33]: Return=0.00, Steps=1000, Features = 173
35000 >>> E[0:02:42]-R[0:01:09]: Return=0.00, Steps=1000, Features = 175
40000 >>> E[0:03:08]-R[0:00:47]: Return=0.00, Steps=1000, Features = 177
45000 >>> E[0:03:36]-R[0:00:24]: Return=0.00, Steps=1000, Features = 179
50000 >>> E[0:04:05]-R[0:00:00]: Return=0.00, Steps=1000, Features = 181
============================================================
Took 0:04:05
Results	=> ././1-results.txt
Log	=> ././1-out.txt
