============================================================
Domain:		PST
Dimensions:	12
|S|:		5451776
|A|:		27
|S|x|A|:		147197952
Episode Cap:	1000
Gamma:		0.9
NUM_UAV:		3
============================================================
Representation:		IndependentDiscretizationCompactBinary
Features per action:	52
Binary Dimensions:	[ 6  7  8  9 10 11]
============================================================
Representation:		iFDD
Features per action:	52
Initial Representation:	IndependentDiscretizationCompactBinary
Plus:			1
Sparsify:		1
Cached:			1
Online Threshold:	75.000
Batch Threshold:		75.000
Max Batch Discovery:	20
============================================================
Agent:		SARSA
Policy:		eGreedy
Alpha_0:		0.10
============================================================
Experiment:		OnlineExperiment
Output:			././19-results.txt
Learning Steps:		50000
Performance Checks:	10
Log Intervals:		60(s)
5000 >>> E[0:00:22]-R[0:03:19]: Return=0.00, Steps=1000, Features = 102
10000 >>> E[0:00:45]-R[0:03:02]: Return=0.00, Steps=1000, Features = 128
15000 >>> E[0:01:10]-R[0:02:43]: Return=0.00, Steps=1000, Features = 146
20000 >>> E[0:01:32]-R[0:02:18]: Return=0.00, Steps=1000, Features = 158
25000 >>> E[0:01:56]-R[0:01:56]: Return=0.00, Steps=1000, Features = 178
30000 >>> E[0:02:23]-R[0:01:36]: Return=0.00, Steps=1000, Features = 196
35000 >>> E[0:02:46]-R[0:01:11]: Return=0.00, Steps=1000, Features = 202
40000 >>> E[0:03:14]-R[0:00:49]: Return=0.00, Steps=1000, Features = 215
45000 >>> E[0:03:37]-R[0:00:24]: Return=0.00, Steps=1000, Features = 227
50000 >>> E[0:03:59]-R[0:00:00]: Return=0.00, Steps=1000, Features = 244
============================================================
Took 0:03:59
Results	=> ././19-results.txt
Log	=> ././19-out.txt
