============================================================
Domain:		PST
Dimensions:	12
|S|:		5451776
|A|:		27
|S|x|A|:		147197952
Episode Cap:	1000
Gamma:		0.9
NUM_UAV:		3
============================================================
Representation:		IndependentDiscretizationCompactBinary
Features per action:	52
Binary Dimensions:	[ 6  7  8  9 10 11]
============================================================
Representation:		iFDD
Features per action:	52
Initial Representation:	IndependentDiscretizationCompactBinary
Plus:			1
Sparsify:		1
Cached:			1
Online Threshold:	75.000
Batch Threshold:		75.000
Max Batch Discovery:	20
============================================================
Agent:		SARSA
Policy:		eGreedy
Alpha_0:		0.10
============================================================
Experiment:		OnlineExperiment
Output:			././4-results.txt
Learning Steps:		50000
Performance Checks:	10
Log Intervals:		60(s)
5000 >>> E[0:00:21]-R[0:03:13]: Return=0.00, Steps=1000, Features = 108
10000 >>> E[0:00:43]-R[0:02:54]: Return=-67.00, Steps=10, Features = 159
15000 >>> E[0:01:06]-R[0:02:34]: Return=0.00, Steps=1000, Features = 183
20000 >>> E[0:01:29]-R[0:02:13]: Return=0.00, Steps=1000, Features = 208
25000 >>> E[0:01:51]-R[0:01:51]: Return=0.00, Steps=1000, Features = 216
30000 >>> E[0:02:15]-R[0:01:30]: Return=0.00, Steps=1000, Features = 231
35000 >>> E[0:02:39]-R[0:01:08]: Return=0.00, Steps=1000, Features = 239
40000 >>> E[0:03:02]-R[0:00:45]: Return=0.00, Steps=1000, Features = 252
45000 >>> E[0:03:25]-R[0:00:23]: Return=0.00, Steps=1000, Features = 261
50000 >>> E[0:03:48]-R[0:00:00]: Return=0.00, Steps=1000, Features = 270
============================================================
Took 0:03:48
Results	=> ././4-results.txt
Log	=> ././4-out.txt
