============================================================
Domain:		PST
Dimensions:	12
|S|:		5451776
|A|:		27
|S|x|A|:		147197952
Episode Cap:	1000
Gamma:		0.9
NUM_UAV:		3
============================================================
Representation:		IndependentDiscretizationCompactBinary
Features per action:	52
Binary Dimensions:	[ 6  7  8  9 10 11]
============================================================
Representation:		iFDD
Features per action:	52
Initial Representation:	IndependentDiscretizationCompactBinary
Plus:			1
Sparsify:		1
Cached:			1
Online Threshold:	75.000
Batch Threshold:		75.000
Max Batch Discovery:	20
============================================================
Agent:		SARSA
Policy:		eGreedy
Alpha_0:		0.10
============================================================
Experiment:		OnlineExperiment
Output:			././6-results.txt
Learning Steps:		50000
Performance Checks:	10
Log Intervals:		60(s)
5000 >>> E[0:00:22]-R[0:03:18]: Return=0.00, Steps=1000, Features = 82
10000 >>> E[0:00:44]-R[0:02:54]: Return=0.00, Steps=1000, Features = 104
15000 >>> E[0:01:06]-R[0:02:34]: Return=0.00, Steps=1000, Features = 145
20000 >>> E[0:01:28]-R[0:02:12]: Return=0.00, Steps=1000, Features = 153
25000 >>> E[0:01:51]-R[0:01:51]: Return=0.00, Steps=1000, Features = 155
30000 >>> E[0:02:13]-R[0:01:28]: Return=0.00, Steps=1000, Features = 170
35000 >>> E[0:02:35]-R[0:01:06]: Return=0.00, Steps=1000, Features = 175
40000 >>> E[0:03:03]-R[0:00:46]: Return=0.00, Steps=1000, Features = 188
45000 >>> E[0:03:30]-R[0:00:23]: Return=0.00, Steps=1000, Features = 192
50000 >>> E[0:03:58]-R[0:00:00]: Return=0.00, Steps=1000, Features = 210
============================================================
Took 0:03:58
Results	=> ././6-results.txt
Log	=> ././6-out.txt
