============================================================
Domain:		PST
Dimensions:	12
|S|:		5451776
|A|:		27
|S|x|A|:		147197952
Episode Cap:	1000
Gamma:		0.9
NUM_UAV:		3
============================================================
Representation:		IndependentDiscretizationCompactBinary
Features per action:	52
Binary Dimensions:	[ 6  7  8  9 10 11]
============================================================
Representation:		iFDD
Features per action:	52
Initial Representation:	IndependentDiscretizationCompactBinary
Plus:			1
Sparsify:		1
Cached:			1
Online Threshold:	75.000
Batch Threshold:		75.000
Max Batch Discovery:	20
============================================================
Agent:		SARSA
Policy:		eGreedy
Alpha_0:		0.10
============================================================
Experiment:		OnlineExperiment
Output:			././7-results.txt
Learning Steps:		50000
Performance Checks:	10
Log Intervals:		60(s)
5000 >>> E[0:00:20]-R[0:02:58]: Return=-51.00, Steps=10, Features = 105
10000 >>> E[0:00:40]-R[0:02:39]: Return=-66.00, Steps=11, Features = 125
15000 >>> E[0:01:00]-R[0:02:20]: Return=7.00, Steps=29, Features = 143
20000 >>> E[0:01:21]-R[0:02:01]: Return=-70.00, Steps=11, Features = 154
25000 >>> E[0:01:41]-R[0:01:41]: Return=-68.00, Steps=12, Features = 175
30000 >>> E[0:02:02]-R[0:01:21]: Return=-66.00, Steps=10, Features = 194
35000 >>> E[0:02:23]-R[0:01:01]: Return=-71.00, Steps=21, Features = 211
40000 >>> E[0:02:45]-R[0:00:41]: Return=98.00, Steps=13, Features = 224
45000 >>> E[0:03:06]-R[0:00:21]: Return=42.00, Steps=10, Features = 234
50000 >>> E[0:03:28]-R[0:00:00]: Return=-125.00, Steps=46, Features = 248
============================================================
Took 0:03:28
Results	=> ././7-results.txt
Log	=> ././7-out.txt
