============================================================
Domain:		PST
Dimensions:	12
|S|:		5451776
|A|:		27
|S|x|A|:		147197952
Episode Cap:	1000
Gamma:		0.9
NUM_UAV:		3
============================================================
Representation:		IndependentDiscretizationCompactBinary
Features per action:	52
Binary Dimensions:	[ 6  7  8  9 10 11]
============================================================
Representation:		iFDD
Features per action:	52
Initial Representation:	IndependentDiscretizationCompactBinary
Plus:			1
Sparsify:		1
Cached:			1
Online Threshold:	75.000
Batch Threshold:		75.000
Max Batch Discovery:	20
============================================================
Agent:		SARSA
Policy:		eGreedy
Alpha_0:		0.10
============================================================
Experiment:		OnlineExperiment
Output:			././8-results.txt
Learning Steps:		50000
Performance Checks:	10
Log Intervals:		60(s)
5000 >>> E[0:00:21]-R[0:03:09]: Return=0.00, Steps=1000, Features = 131
10000 >>> E[0:00:42]-R[0:02:47]: Return=0.00, Steps=1000, Features = 149
15000 >>> E[0:01:03]-R[0:02:26]: Return=0.00, Steps=1000, Features = 162
20000 >>> E[0:01:24]-R[0:02:05]: Return=0.00, Steps=1000, Features = 168
25000 >>> E[0:01:44]-R[0:01:44]: Return=0.00, Steps=1000, Features = 177
30000 >>> E[0:02:05]-R[0:01:23]: Return=0.00, Steps=1000, Features = 180
35000 >>> E[0:02:26]-R[0:01:03]: Return=0.00, Steps=1000, Features = 180
40000 >>> E[0:02:47]-R[0:00:42]: Return=0.00, Steps=1000, Features = 184
45000 >>> E[0:03:08]-R[0:00:21]: Return=0.00, Steps=1000, Features = 184
50000 >>> E[0:03:28]-R[0:00:00]: Return=0.00, Steps=1000, Features = 185
============================================================
Took 0:03:28
Results	=> ././8-results.txt
Log	=> ././8-out.txt
