============================================================
Domain:		PST
Dimensions:	12
|S|:		5451776
|A|:		27
|S|x|A|:		147197952
Episode Cap:	1000
Gamma:		0.9
NUM_UAV:		3
============================================================
Representation:		IndependentDiscretizationCompactBinary
Features per action:	52
Binary Dimensions:	[ 6  7  8  9 10 11]
============================================================
Representation:		iFDD
Features per action:	52
Initial Representation:	IndependentDiscretizationCompactBinary
Plus:			1
Sparsify:		1
Cached:			1
Online Threshold:	75.000
Batch Threshold:		75.000
Max Batch Discovery:	20
============================================================
Agent:		SARSA
Policy:		eGreedy
Alpha_0:		0.10
============================================================
Experiment:		OnlineExperiment
Output:			././9-results.txt
Learning Steps:		50000
Performance Checks:	10
Log Intervals:		60(s)
5000 >>> E[0:00:22]-R[0:03:18]: Return=0.00, Steps=1000, Features = 128
10000 >>> E[0:00:45]-R[0:03:02]: Return=0.00, Steps=1000, Features = 195
15000 >>> E[0:01:08]-R[0:02:40]: Return=0.00, Steps=1000, Features = 212
20000 >>> E[0:01:32]-R[0:02:18]: Return=0.00, Steps=1000, Features = 225
25000 >>> E[0:01:57]-R[0:01:57]: Return=0.00, Steps=1000, Features = 232
30000 >>> E[0:02:22]-R[0:01:34]: Return=0.00, Steps=1000, Features = 244
35000 >>> E[0:02:45]-R[0:01:11]: Return=0.00, Steps=1000, Features = 252
40000 >>> E[0:03:09]-R[0:00:47]: Return=0.00, Steps=1000, Features = 268
45000 >>> E[0:03:32]-R[0:00:24]: Return=0.00, Steps=1000, Features = 281
50000 >>> E[0:03:56]-R[0:00:00]: Return=0.00, Steps=1000, Features = 290
============================================================
Took 0:03:56
Results	=> ././9-results.txt
Log	=> ././9-out.txt
