000 (13793.000.000) 01/21 04:58:40 Job submitted from host: <128.30.112.18:46685>
...
001 (13793.000.000) 01/21 04:58:46 Job executing on host: <128.30.66.170:39331>
...
006 (13793.000.000) 01/21 04:58:54 Image size of job updated: 37996
	6  -  MemoryUsage of job (MB)
	5628  -  ResidentSetSize of job (KB)
...
006 (13793.000.000) 01/21 04:59:29 Image size of job updated: 27538828
	6  -  MemoryUsage of job (MB)
	5628  -  ResidentSetSize of job (KB)
...
005 (13793.000.000) 01/21 04:59:29 Job terminated.
	(1) Normal termination (return value 1)
		Usr 0 00:00:34, Sys 0 00:00:07  -  Run Remote Usage
		Usr 0 00:00:00, Sys 0 00:00:00  -  Run Local Usage
		Usr 0 00:00:34, Sys 0 00:00:07  -  Total Remote Usage
		Usr 0 00:00:00, Sys 0 00:00:00  -  Total Local Usage
	0  -  Run Bytes Sent By Job
	0  -  Run Bytes Received By Job
	0  -  Total Bytes Sent By Job
	0  -  Total Bytes Received By Job
	Partitionable Resources :    Usage  Request          
	   Cpus                 :                 1          
	   Disk (KB)            :     2750     2750          
	   Memory (MB)          :        6        6          
...
000 (13874.000.000) 01/21 05:02:27 Job submitted from host: <128.30.112.18:46685>
...
001 (13874.000.000) 01/21 05:02:27 Job executing on host: <128.30.66.164:41719>
...
006 (13874.000.000) 01/21 05:02:36 Image size of job updated: 304780
	64  -  MemoryUsage of job (MB)
	64900  -  ResidentSetSize of job (KB)
...
006 (13874.000.000) 01/21 05:07:37 Image size of job updated: 24160244
	3082  -  MemoryUsage of job (MB)
	3155164  -  ResidentSetSize of job (KB)
...
006 (13874.000.000) 01/21 05:12:38 Image size of job updated: 24160244
	7997  -  MemoryUsage of job (MB)
	8188324  -  ResidentSetSize of job (KB)
...
006 (13874.000.000) 01/21 05:18:01 Image size of job updated: 24160244
	10291  -  MemoryUsage of job (MB)
	10537088  -  ResidentSetSize of job (KB)
...
006 (13874.000.000) 01/21 05:20:01 Image size of job updated: 25075312
	10291  -  MemoryUsage of job (MB)
	10537088  -  ResidentSetSize of job (KB)
...
005 (13874.000.000) 01/21 05:20:01 Job terminated.
	(1) Normal termination (return value 1)
		Usr 0 00:02:53, Sys 0 00:07:11  -  Run Remote Usage
		Usr 0 00:00:00, Sys 0 00:00:00  -  Run Local Usage
		Usr 0 00:02:53, Sys 0 00:07:11  -  Total Remote Usage
		Usr 0 00:00:00, Sys 0 00:00:00  -  Total Local Usage
	0  -  Run Bytes Sent By Job
	0  -  Run Bytes Received By Job
	0  -  Total Bytes Sent By Job
	0  -  Total Bytes Received By Job
	Partitionable Resources :    Usage  Request          
	   Cpus                 :                 1          
	   Disk (KB)            :     2750     2750          
	   Memory (MB)          :    10291    10291          
...
000 (14014.000.000) 01/21 05:40:52 Job submitted from host: <128.30.112.18:46685>
...
001 (14014.000.000) 01/21 05:40:54 Job executing on host: <128.30.66.170:39331>
...
006 (14014.000.000) 01/21 05:41:03 Image size of job updated: 256620
	39  -  MemoryUsage of job (MB)
	38972  -  ResidentSetSize of job (KB)
...
006 (14014.000.000) 01/21 05:45:38 Image size of job updated: 1222708
	39  -  MemoryUsage of job (MB)
	38972  -  ResidentSetSize of job (KB)
...
005 (14014.000.000) 01/21 05:45:40 Job terminated.
	(1) Normal termination (return value 1)
		Usr 0 00:03:10, Sys 0 00:00:04  -  Run Remote Usage
		Usr 0 00:00:00, Sys 0 00:00:00  -  Run Local Usage
		Usr 0 00:03:10, Sys 0 00:00:04  -  Total Remote Usage
		Usr 0 00:00:00, Sys 0 00:00:00  -  Total Local Usage
	0  -  Run Bytes Sent By Job
	0  -  Run Bytes Received By Job
	0  -  Total Bytes Sent By Job
	0  -  Total Bytes Received By Job
	Partitionable Resources :    Usage  Request          
	   Cpus                 :                 1          
	   Disk (KB)            :     2750     2750          
	   Memory (MB)          :       39       39          
...
