000 (13802.000.000) 01/21 04:58:41 Job submitted from host: <128.30.112.18:46685>
...
001 (13802.000.000) 01/21 04:58:46 Job executing on host: <128.30.66.170:39331>
...
006 (13802.000.000) 01/21 04:58:54 Image size of job updated: 2750
	3  -  MemoryUsage of job (MB)
	2224  -  ResidentSetSize of job (KB)
...
006 (13802.000.000) 01/21 05:00:33 Image size of job updated: 55758556
	3  -  MemoryUsage of job (MB)
	2224  -  ResidentSetSize of job (KB)
...
004 (13802.000.000) 01/21 05:00:33 Job was evicted.
	(0) Job was not checkpointed.
		Usr 0 00:00:40, Sys 0 00:00:34  -  Run Remote Usage
		Usr 0 00:00:00, Sys 0 00:00:00  -  Run Local Usage
	0  -  Run Bytes Sent By Job
	0  -  Run Bytes Received By Job
	Partitionable Resources :    Usage  Request          
	   Cpus                 :                 1          
	   Disk (KB)            :     2750     2750          
	   Memory (MB)          :        3        3          
...
009 (13802.000.000) 01/21 05:00:33 Job was aborted by the user.
	via condor_rm (by user rhklein)
...
000 (13883.000.000) 01/21 05:02:27 Job submitted from host: <128.30.112.18:46685>
...
001 (13883.000.000) 01/21 05:02:29 Job executing on host: <128.30.66.165:41096>
...
006 (13883.000.000) 01/21 05:02:37 Image size of job updated: 2750
	3  -  MemoryUsage of job (MB)
	2232  -  ResidentSetSize of job (KB)
...
006 (13883.000.000) 01/21 05:07:37 Image size of job updated: 23406968
	1784  -  MemoryUsage of job (MB)
	1826648  -  ResidentSetSize of job (KB)
...
005 (13883.000.000) 01/21 05:13:03 Job terminated.
	(0) Abnormal termination (signal 9)
	(0) No core file
		Usr 0 00:03:09, Sys 0 00:01:42  -  Run Remote Usage
		Usr 0 00:00:00, Sys 0 00:00:00  -  Run Local Usage
		Usr 0 00:03:09, Sys 0 00:01:42  -  Total Remote Usage
		Usr 0 00:00:00, Sys 0 00:00:00  -  Total Local Usage
	0  -  Run Bytes Sent By Job
	0  -  Run Bytes Received By Job
	0  -  Total Bytes Sent By Job
	0  -  Total Bytes Received By Job
	Partitionable Resources :    Usage  Request          
	   Cpus                 :                 1          
	   Disk (KB)            :     2750     2750          
	   Memory (MB)          :     1784     1784          
...
000 (14023.000.000) 01/21 05:40:53 Job submitted from host: <128.30.112.18:46685>
...
001 (14023.000.000) 01/21 05:40:55 Job executing on host: <128.30.66.165:41096>
...
006 (14023.000.000) 01/21 05:41:03 Image size of job updated: 297708
	57  -  MemoryUsage of job (MB)
	57776  -  ResidentSetSize of job (KB)
...
006 (14023.000.000) 01/21 05:44:25 Image size of job updated: 369388
	57  -  MemoryUsage of job (MB)
	57776  -  ResidentSetSize of job (KB)
...
005 (14023.000.000) 01/21 05:44:25 Job terminated.
	(1) Normal termination (return value 1)
		Usr 0 00:03:19, Sys 0 00:00:02  -  Run Remote Usage
		Usr 0 00:00:00, Sys 0 00:00:00  -  Run Local Usage
		Usr 0 00:03:19, Sys 0 00:00:02  -  Total Remote Usage
		Usr 0 00:00:00, Sys 0 00:00:00  -  Total Local Usage
	0  -  Run Bytes Sent By Job
	0  -  Run Bytes Received By Job
	0  -  Total Bytes Sent By Job
	0  -  Total Bytes Received By Job
	Partitionable Resources :    Usage  Request          
	   Cpus                 :                 1          
	   Disk (KB)            :     2750     2750          
	   Memory (MB)          :       57       57          
...
