000 (13803.000.000) 01/21 04:58:41 Job submitted from host: <128.30.112.18:46685>
...
001 (13803.000.000) 01/21 04:58:46 Job executing on host: <128.30.66.163:58460>
...
006 (13803.000.000) 01/21 04:58:54 Image size of job updated: 294064
	53  -  MemoryUsage of job (MB)
	54200  -  ResidentSetSize of job (KB)
...
006 (13803.000.000) 01/21 05:00:32 Image size of job updated: 50848352
	53  -  MemoryUsage of job (MB)
	54200  -  ResidentSetSize of job (KB)
...
004 (13803.000.000) 01/21 05:00:32 Job was evicted.
	(0) Job was not checkpointed.
		Usr 0 00:00:39, Sys 0 00:00:27  -  Run Remote Usage
		Usr 0 00:00:00, Sys 0 00:00:00  -  Run Local Usage
	0  -  Run Bytes Sent By Job
	0  -  Run Bytes Received By Job
	Partitionable Resources :    Usage  Request          
	   Cpus                 :                 1          
	   Disk (KB)            :     2750     2750          
	   Memory (MB)          :       53       53          
...
009 (13803.000.000) 01/21 05:00:32 Job was aborted by the user.
	via condor_rm (by user rhklein)
...
000 (13884.000.000) 01/21 05:02:28 Job submitted from host: <128.30.112.18:46685>
...
001 (13884.000.000) 01/21 05:02:29 Job executing on host: <128.30.66.170:39331>
...
006 (13884.000.000) 01/21 05:02:38 Image size of job updated: 283056
	43  -  MemoryUsage of job (MB)
	43036  -  ResidentSetSize of job (KB)
...
006 (13884.000.000) 01/21 05:06:29 Image size of job updated: 25001196
	43  -  MemoryUsage of job (MB)
	43036  -  ResidentSetSize of job (KB)
...
005 (13884.000.000) 01/21 05:06:29 Job terminated.
	(1) Normal termination (return value 1)
		Usr 0 00:03:07, Sys 0 00:00:11  -  Run Remote Usage
		Usr 0 00:00:00, Sys 0 00:00:00  -  Run Local Usage
		Usr 0 00:03:07, Sys 0 00:00:11  -  Total Remote Usage
		Usr 0 00:00:00, Sys 0 00:00:00  -  Total Local Usage
	0  -  Run Bytes Sent By Job
	0  -  Run Bytes Received By Job
	0  -  Total Bytes Sent By Job
	0  -  Total Bytes Received By Job
	Partitionable Resources :    Usage  Request          
	   Cpus                 :                 1          
	   Disk (KB)            :     2750     2750          
	   Memory (MB)          :       43       43          
...
000 (14024.000.000) 01/21 05:40:53 Job submitted from host: <128.30.112.18:46685>
...
001 (14024.000.000) 01/21 05:40:55 Job executing on host: <128.30.66.164:41719>
...
006 (14024.000.000) 01/21 05:41:03 Image size of job updated: 99840
	3  -  MemoryUsage of job (MB)
	2224  -  ResidentSetSize of job (KB)
...
006 (14024.000.000) 01/21 05:45:20 Image size of job updated: 1225960
	3  -  MemoryUsage of job (MB)
	2224  -  ResidentSetSize of job (KB)
...
005 (14024.000.000) 01/21 05:45:20 Job terminated.
	(1) Normal termination (return value 1)
		Usr 0 00:02:59, Sys 0 00:01:23  -  Run Remote Usage
		Usr 0 00:00:00, Sys 0 00:00:00  -  Run Local Usage
		Usr 0 00:02:59, Sys 0 00:01:23  -  Total Remote Usage
		Usr 0 00:00:00, Sys 0 00:00:00  -  Total Local Usage
	0  -  Run Bytes Sent By Job
	0  -  Run Bytes Received By Job
	0  -  Total Bytes Sent By Job
	0  -  Total Bytes Received By Job
	Partitionable Resources :    Usage  Request          
	   Cpus                 :                 1          
	   Disk (KB)            :     2750     2750          
	   Memory (MB)          :        3        3          
...
