000 (13804.000.000) 01/21 04:58:41 Job submitted from host: <128.30.112.18:46685>
...
001 (13804.000.000) 01/21 04:58:46 Job executing on host: <128.30.66.169:43926>
...
006 (13804.000.000) 01/21 04:58:54 Image size of job updated: 2750
	3  -  MemoryUsage of job (MB)
	2220  -  ResidentSetSize of job (KB)
...
006 (13804.000.000) 01/21 05:00:36 Image size of job updated: 32401804
	3  -  MemoryUsage of job (MB)
	2220  -  ResidentSetSize of job (KB)
...
004 (13804.000.000) 01/21 05:00:36 Job was evicted.
	(0) Job was not checkpointed.
		Usr 0 00:00:34, Sys 0 00:00:40  -  Run Remote Usage
		Usr 0 00:00:00, Sys 0 00:00:00  -  Run Local Usage
	0  -  Run Bytes Sent By Job
	0  -  Run Bytes Received By Job
	Partitionable Resources :    Usage  Request          
	   Cpus                 :                 1          
	   Disk (KB)            :     2750     2750          
	   Memory (MB)          :        3        3          
...
009 (13804.000.000) 01/21 05:00:37 Job was aborted by the user.
	via condor_rm (by user rhklein)
...
000 (13885.000.000) 01/21 05:02:28 Job submitted from host: <128.30.112.18:46685>
...
001 (13885.000.000) 01/21 05:02:29 Job executing on host: <128.30.66.163:58460>
...
006 (13885.000.000) 01/21 05:02:38 Image size of job updated: 299428
	59  -  MemoryUsage of job (MB)
	59568  -  ResidentSetSize of job (KB)
...
006 (13885.000.000) 01/21 05:06:05 Image size of job updated: 25346712
	59  -  MemoryUsage of job (MB)
	59568  -  ResidentSetSize of job (KB)
...
005 (13885.000.000) 01/21 05:06:05 Job terminated.
	(1) Normal termination (return value 1)
		Usr 0 00:03:18, Sys 0 00:00:11  -  Run Remote Usage
		Usr 0 00:00:00, Sys 0 00:00:00  -  Run Local Usage
		Usr 0 00:03:18, Sys 0 00:00:11  -  Total Remote Usage
		Usr 0 00:00:00, Sys 0 00:00:00  -  Total Local Usage
	0  -  Run Bytes Sent By Job
	0  -  Run Bytes Received By Job
	0  -  Total Bytes Sent By Job
	0  -  Total Bytes Received By Job
	Partitionable Resources :    Usage  Request          
	   Cpus                 :                 1          
	   Disk (KB)            :     2750     2750          
	   Memory (MB)          :       59       59          
...
000 (14025.000.000) 01/21 05:40:53 Job submitted from host: <128.30.112.18:46685>
...
001 (14025.000.000) 01/21 05:40:55 Job executing on host: <128.30.66.169:43926>
...
006 (14025.000.000) 01/21 05:41:03 Image size of job updated: 294116
	54  -  MemoryUsage of job (MB)
	54288  -  ResidentSetSize of job (KB)
...
006 (14025.000.000) 01/21 05:46:03 Image size of job updated: 360492
	118  -  MemoryUsage of job (MB)
	120740  -  ResidentSetSize of job (KB)
...
006 (14025.000.000) 01/21 05:49:26 Image size of job updated: 374988
	118  -  MemoryUsage of job (MB)
	120740  -  ResidentSetSize of job (KB)
...
005 (14025.000.000) 01/21 05:49:27 Job terminated.
	(1) Normal termination (return value 1)
		Usr 0 00:08:16, Sys 0 00:00:05  -  Run Remote Usage
		Usr 0 00:00:00, Sys 0 00:00:00  -  Run Local Usage
		Usr 0 00:08:16, Sys 0 00:00:05  -  Total Remote Usage
		Usr 0 00:00:00, Sys 0 00:00:00  -  Total Local Usage
	0  -  Run Bytes Sent By Job
	0  -  Run Bytes Received By Job
	0  -  Total Bytes Sent By Job
	0  -  Total Bytes Received By Job
	Partitionable Resources :    Usage  Request          
	   Cpus                 :                 1          
	   Disk (KB)            :     2750     2750          
	   Memory (MB)          :      118      118          
...
