000 (13500.000.000) 01/20 19:09:43 Job submitted from host: <128.30.112.18:46685>
...
001 (13500.000.000) 01/20 19:10:03 Job executing on host: <128.30.66.164:41719>
...
006 (13500.000.000) 01/20 19:10:11 Image size of job updated: 301840
	61  -  MemoryUsage of job (MB)
	61996  -  ResidentSetSize of job (KB)
...
006 (13500.000.000) 01/20 19:15:11 Image size of job updated: 425740
	182  -  MemoryUsage of job (MB)
	185992  -  ResidentSetSize of job (KB)
...
006 (13500.000.000) 01/20 19:18:38 Image size of job updated: 456912
	182  -  MemoryUsage of job (MB)
	185992  -  ResidentSetSize of job (KB)
...
005 (13500.000.000) 01/20 19:18:38 Job terminated.
	(1) Normal termination (return value 0)
		Usr 0 00:08:17, Sys 0 00:00:04  -  Run Remote Usage
		Usr 0 00:00:00, Sys 0 00:00:00  -  Run Local Usage
		Usr 0 00:08:17, Sys 0 00:00:04  -  Total Remote Usage
		Usr 0 00:00:00, Sys 0 00:00:00  -  Total Local Usage
	0  -  Run Bytes Sent By Job
	0  -  Run Bytes Received By Job
	0  -  Total Bytes Sent By Job
	0  -  Total Bytes Received By Job
	Partitionable Resources :    Usage  Request          
	   Cpus                 :                 1          
	   Disk (KB)            :     2750     2750          
	   Memory (MB)          :      182      182          
...
