000 (13806.000.000) 01/21 04:58:42 Job submitted from host: <128.30.112.18:46685>
...
001 (13806.000.000) 01/21 04:58:46 Job executing on host: <128.30.66.166:36393>
...
006 (13806.000.000) 01/21 04:58:54 Image size of job updated: 2750
	3  -  MemoryUsage of job (MB)
	2220  -  ResidentSetSize of job (KB)
...
006 (13806.000.000) 01/21 05:00:33 Image size of job updated: 35676604
	3  -  MemoryUsage of job (MB)
	2220  -  ResidentSetSize of job (KB)
...
004 (13806.000.000) 01/21 05:00:33 Job was evicted.
	(0) Job was not checkpointed.
		Usr 0 00:00:36, Sys 0 00:00:39  -  Run Remote Usage
		Usr 0 00:00:00, Sys 0 00:00:00  -  Run Local Usage
	0  -  Run Bytes Sent By Job
	0  -  Run Bytes Received By Job
	Partitionable Resources :    Usage  Request          
	   Cpus                 :                 1          
	   Disk (KB)            :     2750     2750          
	   Memory (MB)          :        3        3          
...
009 (13806.000.000) 01/21 05:00:33 Job was aborted by the user.
	via condor_rm (by user rhklein)
...
000 (13887.000.000) 01/21 05:02:28 Job submitted from host: <128.30.112.18:46685>
...
001 (13887.000.000) 01/21 05:02:29 Job executing on host: <128.30.66.170:39331>
...
006 (13887.000.000) 01/21 05:02:38 Image size of job updated: 283060
	43  -  MemoryUsage of job (MB)
	43040  -  ResidentSetSize of job (KB)
...
006 (13887.000.000) 01/21 05:05:28 Image size of job updated: 362828
	43  -  MemoryUsage of job (MB)
	43040  -  ResidentSetSize of job (KB)
...
005 (13887.000.000) 01/21 05:05:28 Job terminated.
	(1) Normal termination (return value 1)
		Usr 0 00:02:43, Sys 0 00:00:01  -  Run Remote Usage
		Usr 0 00:00:00, Sys 0 00:00:00  -  Run Local Usage
		Usr 0 00:02:43, Sys 0 00:00:01  -  Total Remote Usage
		Usr 0 00:00:00, Sys 0 00:00:00  -  Total Local Usage
	0  -  Run Bytes Sent By Job
	0  -  Run Bytes Received By Job
	0  -  Total Bytes Sent By Job
	0  -  Total Bytes Received By Job
	Partitionable Resources :    Usage  Request          
	   Cpus                 :                 1          
	   Disk (KB)            :     2750     2750          
	   Memory (MB)          :       43       43          
...
000 (14027.000.000) 01/21 05:40:53 Job submitted from host: <128.30.112.18:46685>
...
001 (14027.000.000) 01/21 05:40:55 Job executing on host: <128.30.66.166:36393>
...
006 (14027.000.000) 01/21 05:41:03 Image size of job updated: 292888
	52  -  MemoryUsage of job (MB)
	52968  -  ResidentSetSize of job (KB)
...
006 (14027.000.000) 01/21 05:44:40 Image size of job updated: 363328
	52  -  MemoryUsage of job (MB)
	52968  -  ResidentSetSize of job (KB)
...
005 (14027.000.000) 01/21 05:44:40 Job terminated.
	(1) Normal termination (return value 1)
		Usr 0 00:03:35, Sys 0 00:00:02  -  Run Remote Usage
		Usr 0 00:00:00, Sys 0 00:00:00  -  Run Local Usage
		Usr 0 00:03:35, Sys 0 00:00:02  -  Total Remote Usage
		Usr 0 00:00:00, Sys 0 00:00:00  -  Total Local Usage
	0  -  Run Bytes Sent By Job
	0  -  Run Bytes Received By Job
	0  -  Total Bytes Sent By Job
	0  -  Total Bytes Received By Job
	Partitionable Resources :    Usage  Request          
	   Cpus                 :                 1          
	   Disk (KB)            :     2750     2750          
	   Memory (MB)          :       52       52          
...
