000 (13807.000.000) 01/21 04:58:42 Job submitted from host: <128.30.112.18:46685>
...
001 (13807.000.000) 01/21 04:59:04 Job executing on host: <128.30.66.170:39331>
...
006 (13807.000.000) 01/21 04:59:13 Image size of job updated: 287512
	47  -  MemoryUsage of job (MB)
	47688  -  ResidentSetSize of job (KB)
...
006 (13807.000.000) 01/21 05:00:34 Image size of job updated: 21970512
	47  -  MemoryUsage of job (MB)
	47688  -  ResidentSetSize of job (KB)
...
004 (13807.000.000) 01/21 05:00:34 Job was evicted.
	(0) Job was not checkpointed.
		Usr 0 00:00:32, Sys 0 00:00:27  -  Run Remote Usage
		Usr 0 00:00:00, Sys 0 00:00:00  -  Run Local Usage
	0  -  Run Bytes Sent By Job
	0  -  Run Bytes Received By Job
	Partitionable Resources :    Usage  Request          
	   Cpus                 :                 1          
	   Disk (KB)            :     2750     2750          
	   Memory (MB)          :       47       47          
...
009 (13807.000.000) 01/21 05:00:34 Job was aborted by the user.
	via condor_rm (by user rhklein)
...
000 (13888.000.000) 01/21 05:02:28 Job submitted from host: <128.30.112.18:46685>
...
001 (13888.000.000) 01/21 05:02:50 Job executing on host: <128.30.66.170:39331>
...
006 (13888.000.000) 01/21 05:02:59 Image size of job updated: 291424
	51  -  MemoryUsage of job (MB)
	51644  -  ResidentSetSize of job (KB)
...
006 (13888.000.000) 01/21 05:06:17 Image size of job updated: 374092
	51  -  MemoryUsage of job (MB)
	51644  -  ResidentSetSize of job (KB)
...
005 (13888.000.000) 01/21 05:06:26 Job terminated.
	(1) Normal termination (return value 1)
		Usr 0 00:03:04, Sys 0 00:00:01  -  Run Remote Usage
		Usr 0 00:00:00, Sys 0 00:00:00  -  Run Local Usage
		Usr 0 00:03:04, Sys 0 00:00:01  -  Total Remote Usage
		Usr 0 00:00:00, Sys 0 00:00:00  -  Total Local Usage
	0  -  Run Bytes Sent By Job
	0  -  Run Bytes Received By Job
	0  -  Total Bytes Sent By Job
	0  -  Total Bytes Received By Job
	Partitionable Resources :    Usage  Request          
	   Cpus                 :                 1          
	   Disk (KB)            :     2750     2750          
	   Memory (MB)          :       51       51          
...
000 (14028.000.000) 01/21 05:40:53 Job submitted from host: <128.30.112.18:46685>
...
001 (14028.000.000) 01/21 05:41:00 Job executing on host: <128.30.66.167:50426>
...
006 (14028.000.000) 01/21 05:41:08 Image size of job updated: 2750
	3  -  MemoryUsage of job (MB)
	2224  -  ResidentSetSize of job (KB)
...
006 (14028.000.000) 01/21 05:41:09 Image size of job updated: 303132
	3  -  MemoryUsage of job (MB)
	2224  -  ResidentSetSize of job (KB)
...
005 (14028.000.000) 01/21 05:41:09 Job terminated.
	(0) Abnormal termination (signal 9)
	(0) No core file
		Usr 0 00:00:08, Sys 0 00:00:00  -  Run Remote Usage
		Usr 0 00:00:00, Sys 0 00:00:00  -  Run Local Usage
		Usr 0 00:00:08, Sys 0 00:00:00  -  Total Remote Usage
		Usr 0 00:00:00, Sys 0 00:00:00  -  Total Local Usage
	0  -  Run Bytes Sent By Job
	0  -  Run Bytes Received By Job
	0  -  Total Bytes Sent By Job
	0  -  Total Bytes Received By Job
	Partitionable Resources :    Usage  Request          
	   Cpus                 :                 1          
	   Disk (KB)            :     2750     2750          
	   Memory (MB)          :        3        3          
...
