000 (13809.000.000) 01/21 04:58:45 Job submitted from host: <128.30.112.18:46685>
...
001 (13809.000.000) 01/21 04:59:06 Job executing on host: <128.30.66.166:36393>
...
006 (13809.000.000) 01/21 04:59:14 Image size of job updated: 296100
	55  -  MemoryUsage of job (MB)
	56140  -  ResidentSetSize of job (KB)
...
006 (13809.000.000) 01/21 04:59:40 Image size of job updated: 2438800
	55  -  MemoryUsage of job (MB)
	56140  -  ResidentSetSize of job (KB)
...
005 (13809.000.000) 01/21 04:59:40 Job terminated.
	(1) Normal termination (return value 1)
		Usr 0 00:00:32, Sys 0 00:00:00  -  Run Remote Usage
		Usr 0 00:00:00, Sys 0 00:00:00  -  Run Local Usage
		Usr 0 00:00:32, Sys 0 00:00:00  -  Total Remote Usage
		Usr 0 00:00:00, Sys 0 00:00:00  -  Total Local Usage
	0  -  Run Bytes Sent By Job
	0  -  Run Bytes Received By Job
	0  -  Total Bytes Sent By Job
	0  -  Total Bytes Received By Job
	Partitionable Resources :    Usage  Request          
	   Cpus                 :                 1          
	   Disk (KB)            :     2750     2750          
	   Memory (MB)          :       55       55          
...
000 (13890.000.000) 01/21 05:02:29 Job submitted from host: <128.30.112.18:46685>
...
001 (13890.000.000) 01/21 05:02:50 Job executing on host: <128.30.66.166:36393>
...
006 (13890.000.000) 01/21 05:02:59 Image size of job updated: 300500
	60  -  MemoryUsage of job (MB)
	60628  -  ResidentSetSize of job (KB)
...
006 (13890.000.000) 01/21 05:05:55 Image size of job updated: 22813496
	60  -  MemoryUsage of job (MB)
	60628  -  ResidentSetSize of job (KB)
...
005 (13890.000.000) 01/21 05:05:55 Job terminated.
	(1) Normal termination (return value 1)
		Usr 0 00:02:54, Sys 0 00:00:03  -  Run Remote Usage
		Usr 0 00:00:00, Sys 0 00:00:00  -  Run Local Usage
		Usr 0 00:02:54, Sys 0 00:00:03  -  Total Remote Usage
		Usr 0 00:00:00, Sys 0 00:00:00  -  Total Local Usage
	0  -  Run Bytes Sent By Job
	0  -  Run Bytes Received By Job
	0  -  Total Bytes Sent By Job
	0  -  Total Bytes Received By Job
	Partitionable Resources :    Usage  Request          
	   Cpus                 :                 1          
	   Disk (KB)            :     2750     2750          
	   Memory (MB)          :       60       60          
...
000 (14030.000.000) 01/21 05:40:54 Job submitted from host: <128.30.112.18:46685>
...
001 (14030.000.000) 01/21 05:41:16 Job executing on host: <128.30.66.170:39331>
...
006 (14030.000.000) 01/21 05:41:25 Image size of job updated: 295804
	55  -  MemoryUsage of job (MB)
	56136  -  ResidentSetSize of job (KB)
...
006 (14030.000.000) 01/21 05:45:03 Image size of job updated: 369396
	55  -  MemoryUsage of job (MB)
	56136  -  ResidentSetSize of job (KB)
...
005 (14030.000.000) 01/21 05:45:03 Job terminated.
	(1) Normal termination (return value 1)
		Usr 0 00:02:55, Sys 0 00:00:01  -  Run Remote Usage
		Usr 0 00:00:00, Sys 0 00:00:00  -  Run Local Usage
		Usr 0 00:02:55, Sys 0 00:00:01  -  Total Remote Usage
		Usr 0 00:00:00, Sys 0 00:00:00  -  Total Local Usage
	0  -  Run Bytes Sent By Job
	0  -  Run Bytes Received By Job
	0  -  Total Bytes Sent By Job
	0  -  Total Bytes Received By Job
	Partitionable Resources :    Usage  Request          
	   Cpus                 :                 1          
	   Disk (KB)            :     2750     2750          
	   Memory (MB)          :       55       55          
...
