000 (13811.000.000) 01/21 04:58:46 Job submitted from host: <128.30.112.18:46685>
...
001 (13811.000.000) 01/21 04:59:06 Job executing on host: <128.30.66.164:41719>
...
006 (13811.000.000) 01/21 04:59:14 Image size of job updated: 282956
	42  -  MemoryUsage of job (MB)
	42852  -  ResidentSetSize of job (KB)
...
006 (13811.000.000) 01/21 05:00:31 Image size of job updated: 2792036
	42  -  MemoryUsage of job (MB)
	42852  -  ResidentSetSize of job (KB)
...
004 (13811.000.000) 01/21 05:00:31 Job was evicted.
	(0) Job was not checkpointed.
		Usr 0 00:00:34, Sys 0 00:00:08  -  Run Remote Usage
		Usr 0 00:00:00, Sys 0 00:00:00  -  Run Local Usage
	0  -  Run Bytes Sent By Job
	0  -  Run Bytes Received By Job
	Partitionable Resources :    Usage  Request          
	   Cpus                 :                 1          
	   Disk (KB)            :     2750     2750          
	   Memory (MB)          :       42       42          
...
009 (13811.000.000) 01/21 05:00:31 Job was aborted by the user.
	via condor_rm (by user rhklein)
...
000 (13892.000.000) 01/21 05:02:29 Job submitted from host: <128.30.112.18:46685>
...
001 (13892.000.000) 01/21 05:02:51 Job executing on host: <128.30.66.164:41719>
...
006 (13892.000.000) 01/21 05:02:59 Image size of job updated: 292908
	52  -  MemoryUsage of job (MB)
	53024  -  ResidentSetSize of job (KB)
...
006 (13892.000.000) 01/21 05:07:59 Image size of job updated: 23864244
	4230  -  MemoryUsage of job (MB)
	4330964  -  ResidentSetSize of job (KB)
...
005 (13892.000.000) 01/21 05:12:20 Job terminated.
	(0) Abnormal termination (signal 9)
	(0) No core file
		Usr 0 00:02:50, Sys 0 00:02:52  -  Run Remote Usage
		Usr 0 00:00:00, Sys 0 00:00:00  -  Run Local Usage
		Usr 0 00:02:50, Sys 0 00:02:52  -  Total Remote Usage
		Usr 0 00:00:00, Sys 0 00:00:00  -  Total Local Usage
	0  -  Run Bytes Sent By Job
	0  -  Run Bytes Received By Job
	0  -  Total Bytes Sent By Job
	0  -  Total Bytes Received By Job
	Partitionable Resources :    Usage  Request          
	   Cpus                 :                 1          
	   Disk (KB)            :     2750     2750          
	   Memory (MB)          :     4230     4230          
...
000 (14032.000.000) 01/21 05:40:55 Job submitted from host: <128.30.112.18:46685>
...
001 (14032.000.000) 01/21 05:41:16 Job executing on host: <128.30.66.169:43926>
...
006 (14032.000.000) 01/21 05:41:25 Image size of job updated: 91912
	17  -  MemoryUsage of job (MB)
	16408  -  ResidentSetSize of job (KB)
...
006 (14032.000.000) 01/21 05:46:25 Image size of job updated: 357816
	116  -  MemoryUsage of job (MB)
	118228  -  ResidentSetSize of job (KB)
...
006 (14032.000.000) 01/21 05:50:23 Image size of job updated: 376584
	116  -  MemoryUsage of job (MB)
	118228  -  ResidentSetSize of job (KB)
...
005 (14032.000.000) 01/21 05:50:23 Job terminated.
	(1) Normal termination (return value 1)
		Usr 0 00:08:55, Sys 0 00:00:04  -  Run Remote Usage
		Usr 0 00:00:00, Sys 0 00:00:00  -  Run Local Usage
		Usr 0 00:08:55, Sys 0 00:00:04  -  Total Remote Usage
		Usr 0 00:00:00, Sys 0 00:00:00  -  Total Local Usage
	0  -  Run Bytes Sent By Job
	0  -  Run Bytes Received By Job
	0  -  Total Bytes Sent By Job
	0  -  Total Bytes Received By Job
	Partitionable Resources :    Usage  Request          
	   Cpus                 :                 1          
	   Disk (KB)            :     2750     2750          
	   Memory (MB)          :      116      116          
...
