000 (13812.000.000) 01/21 04:58:46 Job submitted from host: <128.30.112.18:46685>
...
001 (13812.000.000) 01/21 04:59:06 Job executing on host: <128.30.66.163:58460>
...
006 (13812.000.000) 01/21 04:59:14 Image size of job updated: 281640
	41  -  MemoryUsage of job (MB)
	41684  -  ResidentSetSize of job (KB)
...
006 (13812.000.000) 01/21 04:59:55 Image size of job updated: 2500064
	41  -  MemoryUsage of job (MB)
	41684  -  ResidentSetSize of job (KB)
...
005 (13812.000.000) 01/21 04:59:55 Job terminated.
	(1) Normal termination (return value 1)
		Usr 0 00:00:33, Sys 0 00:00:06  -  Run Remote Usage
		Usr 0 00:00:00, Sys 0 00:00:00  -  Run Local Usage
		Usr 0 00:00:33, Sys 0 00:00:06  -  Total Remote Usage
		Usr 0 00:00:00, Sys 0 00:00:00  -  Total Local Usage
	0  -  Run Bytes Sent By Job
	0  -  Run Bytes Received By Job
	0  -  Total Bytes Sent By Job
	0  -  Total Bytes Received By Job
	Partitionable Resources :    Usage  Request          
	   Cpus                 :                 1          
	   Disk (KB)            :     2750     2750          
	   Memory (MB)          :       41       41          
...
000 (13893.000.000) 01/21 05:02:29 Job submitted from host: <128.30.112.18:46685>
...
001 (13893.000.000) 01/21 05:02:51 Job executing on host: <128.30.66.170:39331>
...
006 (13893.000.000) 01/21 05:02:59 Image size of job updated: 290220
	50  -  MemoryUsage of job (MB)
	50328  -  ResidentSetSize of job (KB)
...
006 (13893.000.000) 01/21 05:06:17 Image size of job updated: 376860
	50  -  MemoryUsage of job (MB)
	50328  -  ResidentSetSize of job (KB)
...
005 (13893.000.000) 01/21 05:06:26 Job terminated.
	(1) Normal termination (return value 1)
		Usr 0 00:03:02, Sys 0 00:00:01  -  Run Remote Usage
		Usr 0 00:00:00, Sys 0 00:00:00  -  Run Local Usage
		Usr 0 00:03:02, Sys 0 00:00:01  -  Total Remote Usage
		Usr 0 00:00:00, Sys 0 00:00:00  -  Total Local Usage
	0  -  Run Bytes Sent By Job
	0  -  Run Bytes Received By Job
	0  -  Total Bytes Sent By Job
	0  -  Total Bytes Received By Job
	Partitionable Resources :    Usage  Request          
	   Cpus                 :                 1          
	   Disk (KB)            :     2750     2750          
	   Memory (MB)          :       50       50          
...
000 (14033.000.000) 01/21 05:40:55 Job submitted from host: <128.30.112.18:46685>
...
001 (14033.000.000) 01/21 05:41:16 Job executing on host: <128.30.66.165:41096>
...
006 (14033.000.000) 01/21 05:41:25 Image size of job updated: 205836
	35  -  MemoryUsage of job (MB)
	35696  -  ResidentSetSize of job (KB)
...
006 (14033.000.000) 01/21 05:45:39 Image size of job updated: 1195276
	35  -  MemoryUsage of job (MB)
	35696  -  ResidentSetSize of job (KB)
...
005 (14033.000.000) 01/21 05:45:40 Job terminated.
	(1) Normal termination (return value 1)
		Usr 0 00:04:10, Sys 0 00:00:04  -  Run Remote Usage
		Usr 0 00:00:00, Sys 0 00:00:00  -  Run Local Usage
		Usr 0 00:04:10, Sys 0 00:00:04  -  Total Remote Usage
		Usr 0 00:00:00, Sys 0 00:00:00  -  Total Local Usage
	0  -  Run Bytes Sent By Job
	0  -  Run Bytes Received By Job
	0  -  Total Bytes Sent By Job
	0  -  Total Bytes Received By Job
	Partitionable Resources :    Usage  Request          
	   Cpus                 :                 1          
	   Disk (KB)            :     2750     2750          
	   Memory (MB)          :       35       35          
...
