000 (13795.000.000) 01/21 04:58:41 Job submitted from host: <128.30.112.18:46685>
...
001 (13795.000.000) 01/21 04:58:46 Job executing on host: <128.30.66.166:36393>
...
006 (13795.000.000) 01/21 04:58:54 Image size of job updated: 54120
	8  -  MemoryUsage of job (MB)
	7852  -  ResidentSetSize of job (KB)
...
006 (13795.000.000) 01/21 04:59:39 Image size of job updated: 19890164
	8  -  MemoryUsage of job (MB)
	7852  -  ResidentSetSize of job (KB)
...
005 (13795.000.000) 01/21 04:59:39 Job terminated.
	(1) Normal termination (return value 1)
		Usr 0 00:00:30, Sys 0 00:00:11  -  Run Remote Usage
		Usr 0 00:00:00, Sys 0 00:00:00  -  Run Local Usage
		Usr 0 00:00:30, Sys 0 00:00:11  -  Total Remote Usage
		Usr 0 00:00:00, Sys 0 00:00:00  -  Total Local Usage
	0  -  Run Bytes Sent By Job
	0  -  Run Bytes Received By Job
	0  -  Total Bytes Sent By Job
	0  -  Total Bytes Received By Job
	Partitionable Resources :    Usage  Request          
	   Cpus                 :                 1          
	   Disk (KB)            :     2750     2750          
	   Memory (MB)          :        8        8          
...
000 (13876.000.000) 01/21 05:02:27 Job submitted from host: <128.30.112.18:46685>
...
001 (13876.000.000) 01/21 05:02:29 Job executing on host: <128.30.66.169:43926>
...
006 (13876.000.000) 01/21 05:02:38 Image size of job updated: 283064
	43  -  MemoryUsage of job (MB)
	43128  -  ResidentSetSize of job (KB)
...
006 (13876.000.000) 01/21 05:06:38 Image size of job updated: 23638776
	43  -  MemoryUsage of job (MB)
	43128  -  ResidentSetSize of job (KB)
...
005 (13876.000.000) 01/21 05:06:43 Job terminated.
	(1) Normal termination (return value 1)
		Usr 0 00:02:54, Sys 0 00:00:10  -  Run Remote Usage
		Usr 0 00:00:00, Sys 0 00:00:00  -  Run Local Usage
		Usr 0 00:02:54, Sys 0 00:00:10  -  Total Remote Usage
		Usr 0 00:00:00, Sys 0 00:00:00  -  Total Local Usage
	0  -  Run Bytes Sent By Job
	0  -  Run Bytes Received By Job
	0  -  Total Bytes Sent By Job
	0  -  Total Bytes Received By Job
	Partitionable Resources :    Usage  Request          
	   Cpus                 :                 1          
	   Disk (KB)            :     2750     2750          
	   Memory (MB)          :       43       43          
...
000 (14016.000.000) 01/21 05:40:52 Job submitted from host: <128.30.112.18:46685>
...
001 (14016.000.000) 01/21 05:40:55 Job executing on host: <128.30.66.169:43926>
...
006 (14016.000.000) 01/21 05:41:03 Image size of job updated: 290584
	50  -  MemoryUsage of job (MB)
	50864  -  ResidentSetSize of job (KB)
...
006 (14016.000.000) 01/21 05:46:03 Image size of job updated: 361632
	120  -  MemoryUsage of job (MB)
	122044  -  ResidentSetSize of job (KB)
...
006 (14016.000.000) 01/21 05:49:18 Image size of job updated: 1242612
	120  -  MemoryUsage of job (MB)
	122044  -  ResidentSetSize of job (KB)
...
005 (14016.000.000) 01/21 05:49:19 Job terminated.
	(1) Normal termination (return value 1)
		Usr 0 00:08:16, Sys 0 00:00:04  -  Run Remote Usage
		Usr 0 00:00:00, Sys 0 00:00:00  -  Run Local Usage
		Usr 0 00:08:16, Sys 0 00:00:04  -  Total Remote Usage
		Usr 0 00:00:00, Sys 0 00:00:00  -  Total Local Usage
	0  -  Run Bytes Sent By Job
	0  -  Run Bytes Received By Job
	0  -  Total Bytes Sent By Job
	0  -  Total Bytes Received By Job
	Partitionable Resources :    Usage  Request          
	   Cpus                 :                 1          
	   Disk (KB)            :     2750     2750          
	   Memory (MB)          :      120      120          
...
