000 (13796.000.000) 01/21 04:58:41 Job submitted from host: <128.30.112.18:46685>
...
001 (13796.000.000) 01/21 04:58:46 Job executing on host: <128.30.66.165:41096>
...
006 (13796.000.000) 01/21 04:58:54 Image size of job updated: 99840
	3  -  MemoryUsage of job (MB)
	2224  -  ResidentSetSize of job (KB)
...
006 (13796.000.000) 01/21 05:00:32 Image size of job updated: 17809820
	3  -  MemoryUsage of job (MB)
	2224  -  ResidentSetSize of job (KB)
...
004 (13796.000.000) 01/21 05:00:32 Job was evicted.
	(0) Job was not checkpointed.
		Usr 0 00:00:23, Sys 0 00:00:23  -  Run Remote Usage
		Usr 0 00:00:00, Sys 0 00:00:00  -  Run Local Usage
	0  -  Run Bytes Sent By Job
	0  -  Run Bytes Received By Job
	Partitionable Resources :    Usage  Request          
	   Cpus                 :                 1          
	   Disk (KB)            :     2750     2750          
	   Memory (MB)          :        3        3          
...
009 (13796.000.000) 01/21 05:00:32 Job was aborted by the user.
	via condor_rm (by user rhklein)
...
000 (13877.000.000) 01/21 05:02:27 Job submitted from host: <128.30.112.18:46685>
...
001 (13877.000.000) 01/21 05:02:29 Job executing on host: <128.30.66.166:36393>
...
006 (13877.000.000) 01/21 05:02:38 Image size of job updated: 2750
	3  -  MemoryUsage of job (MB)
	2228  -  ResidentSetSize of job (KB)
...
006 (13877.000.000) 01/21 05:05:33 Image size of job updated: 22033024
	3  -  MemoryUsage of job (MB)
	2228  -  ResidentSetSize of job (KB)
...
005 (13877.000.000) 01/21 05:05:33 Job terminated.
	(1) Normal termination (return value 1)
		Usr 0 00:02:53, Sys 0 00:00:05  -  Run Remote Usage
		Usr 0 00:00:00, Sys 0 00:00:00  -  Run Local Usage
		Usr 0 00:02:53, Sys 0 00:00:05  -  Total Remote Usage
		Usr 0 00:00:00, Sys 0 00:00:00  -  Total Local Usage
	0  -  Run Bytes Sent By Job
	0  -  Run Bytes Received By Job
	0  -  Total Bytes Sent By Job
	0  -  Total Bytes Received By Job
	Partitionable Resources :    Usage  Request          
	   Cpus                 :                 1          
	   Disk (KB)            :     2750     2750          
	   Memory (MB)          :        3        3          
...
000 (14017.000.000) 01/21 05:40:52 Job submitted from host: <128.30.112.18:46685>
...
001 (14017.000.000) 01/21 05:40:54 Job executing on host: <128.30.66.165:41096>
...
006 (14017.000.000) 01/21 05:41:03 Image size of job updated: 297896
	57  -  MemoryUsage of job (MB)
	58036  -  ResidentSetSize of job (KB)
...
006 (14017.000.000) 01/21 05:45:22 Image size of job updated: 1213464
	57  -  MemoryUsage of job (MB)
	58036  -  ResidentSetSize of job (KB)
...
005 (14017.000.000) 01/21 05:45:22 Job terminated.
	(1) Normal termination (return value 1)
		Usr 0 00:03:45, Sys 0 00:00:29  -  Run Remote Usage
		Usr 0 00:00:00, Sys 0 00:00:00  -  Run Local Usage
		Usr 0 00:03:45, Sys 0 00:00:29  -  Total Remote Usage
		Usr 0 00:00:00, Sys 0 00:00:00  -  Total Local Usage
	0  -  Run Bytes Sent By Job
	0  -  Run Bytes Received By Job
	0  -  Total Bytes Sent By Job
	0  -  Total Bytes Received By Job
	Partitionable Resources :    Usage  Request          
	   Cpus                 :                 1          
	   Disk (KB)            :     2750     2750          
	   Memory (MB)          :       57       57          
...
