000 (13797.000.000) 01/21 04:58:41 Job submitted from host: <128.30.112.18:46685>
...
001 (13797.000.000) 01/21 04:58:46 Job executing on host: <128.30.66.170:39331>
...
006 (13797.000.000) 01/21 04:58:54 Image size of job updated: 99840
	6  -  MemoryUsage of job (MB)
	5624  -  ResidentSetSize of job (KB)
...
006 (13797.000.000) 01/21 04:59:27 Image size of job updated: 314448
	6  -  MemoryUsage of job (MB)
	5624  -  ResidentSetSize of job (KB)
...
005 (13797.000.000) 01/21 04:59:27 Job terminated.
	(1) Normal termination (return value 1)
		Usr 0 00:00:26, Sys 0 00:00:00  -  Run Remote Usage
		Usr 0 00:00:00, Sys 0 00:00:00  -  Run Local Usage
		Usr 0 00:00:26, Sys 0 00:00:00  -  Total Remote Usage
		Usr 0 00:00:00, Sys 0 00:00:00  -  Total Local Usage
	0  -  Run Bytes Sent By Job
	0  -  Run Bytes Received By Job
	0  -  Total Bytes Sent By Job
	0  -  Total Bytes Received By Job
	Partitionable Resources :    Usage  Request          
	   Cpus                 :                 1          
	   Disk (KB)            :     2750     2750          
	   Memory (MB)          :        6        6          
...
000 (13878.000.000) 01/21 05:02:27 Job submitted from host: <128.30.112.18:46685>
...
001 (13878.000.000) 01/21 05:02:29 Job executing on host: <128.30.66.165:41096>
...
006 (13878.000.000) 01/21 05:02:37 Image size of job updated: 84140
	13  -  MemoryUsage of job (MB)
	12712  -  ResidentSetSize of job (KB)
...
006 (13878.000.000) 01/21 05:07:37 Image size of job updated: 19922552
	2489  -  MemoryUsage of job (MB)
	2548292  -  ResidentSetSize of job (KB)
...
006 (13878.000.000) 01/21 05:12:43 Image size of job updated: 19922552
	13585  -  MemoryUsage of job (MB)
	13910968  -  ResidentSetSize of job (KB)
...
005 (13878.000.000) 01/21 05:13:03 Job terminated.
	(1) Normal termination (return value 1)
		Usr 0 00:02:44, Sys 0 00:01:54  -  Run Remote Usage
		Usr 0 00:00:00, Sys 0 00:00:00  -  Run Local Usage
		Usr 0 00:02:44, Sys 0 00:01:54  -  Total Remote Usage
		Usr 0 00:00:00, Sys 0 00:00:00  -  Total Local Usage
	0  -  Run Bytes Sent By Job
	0  -  Run Bytes Received By Job
	0  -  Total Bytes Sent By Job
	0  -  Total Bytes Received By Job
	Partitionable Resources :    Usage  Request          
	   Cpus                 :                 1          
	   Disk (KB)            :     2750     2750          
	   Memory (MB)          :    13585    13585          
...
000 (14018.000.000) 01/21 05:40:52 Job submitted from host: <128.30.112.18:46685>
...
001 (14018.000.000) 01/21 05:40:54 Job executing on host: <128.30.66.170:39331>
...
006 (14018.000.000) 01/21 05:41:03 Image size of job updated: 124668
	25  -  MemoryUsage of job (MB)
	24896  -  ResidentSetSize of job (KB)
...
006 (14018.000.000) 01/21 05:43:50 Image size of job updated: 361880
	25  -  MemoryUsage of job (MB)
	24896  -  ResidentSetSize of job (KB)
...
005 (14018.000.000) 01/21 05:43:50 Job terminated.
	(1) Normal termination (return value 1)
		Usr 0 00:02:40, Sys 0 00:00:01  -  Run Remote Usage
		Usr 0 00:00:00, Sys 0 00:00:00  -  Run Local Usage
		Usr 0 00:02:40, Sys 0 00:00:01  -  Total Remote Usage
		Usr 0 00:00:00, Sys 0 00:00:00  -  Total Local Usage
	0  -  Run Bytes Sent By Job
	0  -  Run Bytes Received By Job
	0  -  Total Bytes Sent By Job
	0  -  Total Bytes Received By Job
	Partitionable Resources :    Usage  Request          
	   Cpus                 :                 1          
	   Disk (KB)            :     2750     2750          
	   Memory (MB)          :       25       25          
...
