000 (13798.000.000) 01/21 04:58:41 Job submitted from host: <128.30.112.18:46685>
...
001 (13798.000.000) 01/21 04:58:46 Job executing on host: <128.30.66.169:43926>
...
006 (13798.000.000) 01/21 04:58:54 Image size of job updated: 54204
	8  -  MemoryUsage of job (MB)
	8120  -  ResidentSetSize of job (KB)
...
006 (13798.000.000) 01/21 05:00:35 Image size of job updated: 41830936
	8  -  MemoryUsage of job (MB)
	8120  -  ResidentSetSize of job (KB)
...
004 (13798.000.000) 01/21 05:00:35 Job was evicted.
	(0) Job was not checkpointed.
		Usr 0 00:00:31, Sys 0 00:00:40  -  Run Remote Usage
		Usr 0 00:00:00, Sys 0 00:00:00  -  Run Local Usage
	0  -  Run Bytes Sent By Job
	0  -  Run Bytes Received By Job
	Partitionable Resources :    Usage  Request          
	   Cpus                 :                 1          
	   Disk (KB)            :     2750     2750          
	   Memory (MB)          :        8        8          
...
009 (13798.000.000) 01/21 05:00:36 Job was aborted by the user.
	via condor_rm (by user rhklein)
...
000 (13879.000.000) 01/21 05:02:27 Job submitted from host: <128.30.112.18:46685>
...
001 (13879.000.000) 01/21 05:02:29 Job executing on host: <128.30.66.170:39331>
...
006 (13879.000.000) 01/21 05:02:38 Image size of job updated: 283060
	43  -  MemoryUsage of job (MB)
	43040  -  ResidentSetSize of job (KB)
...
006 (13879.000.000) 01/21 05:06:23 Image size of job updated: 22784856
	43  -  MemoryUsage of job (MB)
	43040  -  ResidentSetSize of job (KB)
...
005 (13879.000.000) 01/21 05:06:26 Job terminated.
	(0) Abnormal termination (signal 9)
	(0) No core file
		Usr 0 00:03:01, Sys 0 00:00:11  -  Run Remote Usage
		Usr 0 00:00:00, Sys 0 00:00:00  -  Run Local Usage
		Usr 0 00:03:01, Sys 0 00:00:11  -  Total Remote Usage
		Usr 0 00:00:00, Sys 0 00:00:00  -  Total Local Usage
	0  -  Run Bytes Sent By Job
	0  -  Run Bytes Received By Job
	0  -  Total Bytes Sent By Job
	0  -  Total Bytes Received By Job
	Partitionable Resources :    Usage  Request          
	   Cpus                 :                 1          
	   Disk (KB)            :     2750     2750          
	   Memory (MB)          :       43       43          
...
000 (14019.000.000) 01/21 05:40:52 Job submitted from host: <128.30.112.18:46685>
...
001 (14019.000.000) 01/21 05:40:55 Job executing on host: <128.30.66.164:41719>
...
006 (14019.000.000) 01/21 05:41:03 Image size of job updated: 2750
	3  -  MemoryUsage of job (MB)
	2224  -  ResidentSetSize of job (KB)
...
006 (14019.000.000) 01/21 05:45:19 Image size of job updated: 1166984
	3  -  MemoryUsage of job (MB)
	2224  -  ResidentSetSize of job (KB)
...
005 (14019.000.000) 01/21 05:45:19 Job terminated.
	(1) Normal termination (return value 1)
		Usr 0 00:02:49, Sys 0 00:01:18  -  Run Remote Usage
		Usr 0 00:00:00, Sys 0 00:00:00  -  Run Local Usage
		Usr 0 00:02:49, Sys 0 00:01:18  -  Total Remote Usage
		Usr 0 00:00:00, Sys 0 00:00:00  -  Total Local Usage
	0  -  Run Bytes Sent By Job
	0  -  Run Bytes Received By Job
	0  -  Total Bytes Sent By Job
	0  -  Total Bytes Received By Job
	Partitionable Resources :    Usage  Request          
	   Cpus                 :                 1          
	   Disk (KB)            :     2750     2750          
	   Memory (MB)          :        3        3          
...
