000 (13799.000.000) 01/21 04:58:41 Job submitted from host: <128.30.112.18:46685>
...
001 (13799.000.000) 01/21 04:58:46 Job executing on host: <128.30.66.166:36393>
...
006 (13799.000.000) 01/21 04:58:54 Image size of job updated: 99840
	8  -  MemoryUsage of job (MB)
	7848  -  ResidentSetSize of job (KB)
...
006 (13799.000.000) 01/21 04:59:56 Image size of job updated: 22734148
	8  -  MemoryUsage of job (MB)
	7848  -  ResidentSetSize of job (KB)
...
005 (13799.000.000) 01/21 04:59:56 Job terminated.
	(1) Normal termination (return value 1)
		Usr 0 00:00:33, Sys 0 00:00:22  -  Run Remote Usage
		Usr 0 00:00:00, Sys 0 00:00:00  -  Run Local Usage
		Usr 0 00:00:33, Sys 0 00:00:22  -  Total Remote Usage
		Usr 0 00:00:00, Sys 0 00:00:00  -  Total Local Usage
	0  -  Run Bytes Sent By Job
	0  -  Run Bytes Received By Job
	0  -  Total Bytes Sent By Job
	0  -  Total Bytes Received By Job
	Partitionable Resources :    Usage  Request          
	   Cpus                 :                 1          
	   Disk (KB)            :     2750     2750          
	   Memory (MB)          :        8        8          
...
000 (13880.000.000) 01/21 05:02:27 Job submitted from host: <128.30.112.18:46685>
...
001 (13880.000.000) 01/21 05:02:29 Job executing on host: <128.30.66.169:43926>
...
006 (13880.000.000) 01/21 05:02:38 Image size of job updated: 283056
	43  -  MemoryUsage of job (MB)
	43116  -  ResidentSetSize of job (KB)
...
006 (13880.000.000) 01/21 05:06:48 Image size of job updated: 22525084
	43  -  MemoryUsage of job (MB)
	43116  -  ResidentSetSize of job (KB)
...
005 (13880.000.000) 01/21 05:06:48 Job terminated.
	(1) Normal termination (return value 1)
		Usr 0 00:02:59, Sys 0 00:00:12  -  Run Remote Usage
		Usr 0 00:00:00, Sys 0 00:00:00  -  Run Local Usage
		Usr 0 00:02:59, Sys 0 00:00:12  -  Total Remote Usage
		Usr 0 00:00:00, Sys 0 00:00:00  -  Total Local Usage
	0  -  Run Bytes Sent By Job
	0  -  Run Bytes Received By Job
	0  -  Total Bytes Sent By Job
	0  -  Total Bytes Received By Job
	Partitionable Resources :    Usage  Request          
	   Cpus                 :                 1          
	   Disk (KB)            :     2750     2750          
	   Memory (MB)          :       43       43          
...
000 (14020.000.000) 01/21 05:40:52 Job submitted from host: <128.30.112.18:46685>
...
001 (14020.000.000) 01/21 05:40:54 Job executing on host: <128.30.66.166:36393>
...
006 (14020.000.000) 01/21 05:41:03 Image size of job updated: 300164
	59  -  MemoryUsage of job (MB)
	60356  -  ResidentSetSize of job (KB)
...
006 (14020.000.000) 01/21 05:44:47 Image size of job updated: 372736
	59  -  MemoryUsage of job (MB)
	60356  -  ResidentSetSize of job (KB)
...
005 (14020.000.000) 01/21 05:44:47 Job terminated.
	(1) Normal termination (return value 1)
		Usr 0 00:03:43, Sys 0 00:00:01  -  Run Remote Usage
		Usr 0 00:00:00, Sys 0 00:00:00  -  Run Local Usage
		Usr 0 00:03:43, Sys 0 00:00:01  -  Total Remote Usage
		Usr 0 00:00:00, Sys 0 00:00:00  -  Total Local Usage
	0  -  Run Bytes Sent By Job
	0  -  Run Bytes Received By Job
	0  -  Total Bytes Sent By Job
	0  -  Total Bytes Received By Job
	Partitionable Resources :    Usage  Request          
	   Cpus                 :                 1          
	   Disk (KB)            :     2750     2750          
	   Memory (MB)          :       59       59          
...
