000 (13800.000.000) 01/21 04:58:41 Job submitted from host: <128.30.112.18:46685>
...
001 (13800.000.000) 01/21 04:58:46 Job executing on host: <128.30.66.164:41719>
...
006 (13800.000.000) 01/21 04:58:55 Image size of job updated: 295608
	55  -  MemoryUsage of job (MB)
	55844  -  ResidentSetSize of job (KB)
...
006 (13800.000.000) 01/21 05:00:31 Image size of job updated: 2722868
	55  -  MemoryUsage of job (MB)
	55844  -  ResidentSetSize of job (KB)
...
004 (13800.000.000) 01/21 05:00:31 Job was evicted.
	(0) Job was not checkpointed.
		Usr 0 00:00:31, Sys 0 00:00:16  -  Run Remote Usage
		Usr 0 00:00:00, Sys 0 00:00:00  -  Run Local Usage
	0  -  Run Bytes Sent By Job
	0  -  Run Bytes Received By Job
	Partitionable Resources :    Usage  Request          
	   Cpus                 :                 1          
	   Disk (KB)            :     2750     2750          
	   Memory (MB)          :       55       55          
...
009 (13800.000.000) 01/21 05:00:31 Job was aborted by the user.
	via condor_rm (by user rhklein)
...
000 (13881.000.000) 01/21 05:02:27 Job submitted from host: <128.30.112.18:46685>
...
001 (13881.000.000) 01/21 05:02:29 Job executing on host: <128.30.66.166:36393>
...
006 (13881.000.000) 01/21 05:02:38 Image size of job updated: 27624
	3  -  MemoryUsage of job (MB)
	2496  -  ResidentSetSize of job (KB)
...
006 (13881.000.000) 01/21 05:05:45 Image size of job updated: 24355332
	3  -  MemoryUsage of job (MB)
	2496  -  ResidentSetSize of job (KB)
...
005 (13881.000.000) 01/21 05:05:45 Job terminated.
	(1) Normal termination (return value 1)
		Usr 0 00:03:05, Sys 0 00:00:05  -  Run Remote Usage
		Usr 0 00:00:00, Sys 0 00:00:00  -  Run Local Usage
		Usr 0 00:03:05, Sys 0 00:00:05  -  Total Remote Usage
		Usr 0 00:00:00, Sys 0 00:00:00  -  Total Local Usage
	0  -  Run Bytes Sent By Job
	0  -  Run Bytes Received By Job
	0  -  Total Bytes Sent By Job
	0  -  Total Bytes Received By Job
	Partitionable Resources :    Usage  Request          
	   Cpus                 :                 1          
	   Disk (KB)            :     2750     2750          
	   Memory (MB)          :        3        3          
...
000 (14021.000.000) 01/21 05:40:52 Job submitted from host: <128.30.112.18:46685>
...
001 (14021.000.000) 01/21 05:40:55 Job executing on host: <128.30.66.163:58460>
...
006 (14021.000.000) 01/21 05:41:03 Image size of job updated: 2750
	3  -  MemoryUsage of job (MB)
	2236  -  ResidentSetSize of job (KB)
...
006 (14021.000.000) 01/21 05:45:33 Image size of job updated: 1237068
	3  -  MemoryUsage of job (MB)
	2236  -  ResidentSetSize of job (KB)
...
005 (14021.000.000) 01/21 05:45:33 Job terminated.
	(1) Normal termination (return value 1)
		Usr 0 00:03:35, Sys 0 00:00:12  -  Run Remote Usage
		Usr 0 00:00:00, Sys 0 00:00:00  -  Run Local Usage
		Usr 0 00:03:35, Sys 0 00:00:12  -  Total Remote Usage
		Usr 0 00:00:00, Sys 0 00:00:00  -  Total Local Usage
	0  -  Run Bytes Sent By Job
	0  -  Run Bytes Received By Job
	0  -  Total Bytes Sent By Job
	0  -  Total Bytes Received By Job
	Partitionable Resources :    Usage  Request          
	   Cpus                 :                 1          
	   Disk (KB)            :     2750     2750          
	   Memory (MB)          :        3        3          
...
