000 (13801.000.000) 01/21 04:58:41 Job submitted from host: <128.30.112.18:46685>
...
001 (13801.000.000) 01/21 04:58:46 Job executing on host: <128.30.66.165:41096>
...
006 (13801.000.000) 01/21 04:58:54 Image size of job updated: 2750
	3  -  MemoryUsage of job (MB)
	2220  -  ResidentSetSize of job (KB)
...
006 (13801.000.000) 01/21 05:00:32 Image size of job updated: 22236892
	3  -  MemoryUsage of job (MB)
	2220  -  ResidentSetSize of job (KB)
...
004 (13801.000.000) 01/21 05:00:32 Job was evicted.
	(0) Job was not checkpointed.
		Usr 0 00:00:24, Sys 0 00:00:22  -  Run Remote Usage
		Usr 0 00:00:00, Sys 0 00:00:00  -  Run Local Usage
	0  -  Run Bytes Sent By Job
	0  -  Run Bytes Received By Job
	Partitionable Resources :    Usage  Request          
	   Cpus                 :                 1          
	   Disk (KB)            :     2750     2750          
	   Memory (MB)          :        3        3          
...
009 (13801.000.000) 01/21 05:00:32 Job was aborted by the user.
	via condor_rm (by user rhklein)
...
000 (13882.000.000) 01/21 05:02:27 Job submitted from host: <128.30.112.18:46685>
...
001 (13882.000.000) 01/21 05:02:29 Job executing on host: <128.30.66.164:41719>
...
006 (13882.000.000) 01/21 05:02:37 Image size of job updated: 297524
	57  -  MemoryUsage of job (MB)
	57772  -  ResidentSetSize of job (KB)
...
006 (13882.000.000) 01/21 05:07:37 Image size of job updated: 23395344
	2471  -  MemoryUsage of job (MB)
	2530184  -  ResidentSetSize of job (KB)
...
006 (13882.000.000) 01/21 05:12:38 Image size of job updated: 23395344
	7276  -  MemoryUsage of job (MB)
	7449864  -  ResidentSetSize of job (KB)
...
006 (13882.000.000) 01/21 05:18:01 Image size of job updated: 23395344
	9225  -  MemoryUsage of job (MB)
	9446220  -  ResidentSetSize of job (KB)
...
006 (13882.000.000) 01/21 05:20:10 Image size of job updated: 24283068
	9225  -  MemoryUsage of job (MB)
	9446220  -  ResidentSetSize of job (KB)
...
005 (13882.000.000) 01/21 05:20:11 Job terminated.
	(1) Normal termination (return value 1)
		Usr 0 00:02:46, Sys 0 00:07:15  -  Run Remote Usage
		Usr 0 00:00:00, Sys 0 00:00:00  -  Run Local Usage
		Usr 0 00:02:46, Sys 0 00:07:15  -  Total Remote Usage
		Usr 0 00:00:00, Sys 0 00:00:00  -  Total Local Usage
	0  -  Run Bytes Sent By Job
	0  -  Run Bytes Received By Job
	0  -  Total Bytes Sent By Job
	0  -  Total Bytes Received By Job
	Partitionable Resources :    Usage  Request          
	   Cpus                 :                 1          
	   Disk (KB)            :     2750     2750          
	   Memory (MB)          :     9225     9225          
...
000 (14022.000.000) 01/21 05:40:53 Job submitted from host: <128.30.112.18:46685>
...
001 (14022.000.000) 01/21 05:40:54 Job executing on host: <128.30.66.170:39331>
...
006 (14022.000.000) 01/21 05:41:03 Image size of job updated: 2750
	3  -  MemoryUsage of job (MB)
	2232  -  ResidentSetSize of job (KB)
...
006 (14022.000.000) 01/21 05:45:38 Image size of job updated: 23393148
	3  -  MemoryUsage of job (MB)
	2232  -  ResidentSetSize of job (KB)
...
005 (14022.000.000) 01/21 05:45:40 Job terminated.
	(1) Normal termination (return value 1)
		Usr 0 00:02:58, Sys 0 00:00:09  -  Run Remote Usage
		Usr 0 00:00:00, Sys 0 00:00:00  -  Run Local Usage
		Usr 0 00:02:58, Sys 0 00:00:09  -  Total Remote Usage
		Usr 0 00:00:00, Sys 0 00:00:00  -  Total Local Usage
	0  -  Run Bytes Sent By Job
	0  -  Run Bytes Received By Job
	0  -  Total Bytes Sent By Job
	0  -  Total Bytes Received By Job
	Partitionable Resources :    Usage  Request          
	   Cpus                 :                 1          
	   Disk (KB)            :     2750     2750          
	   Memory (MB)          :        3        3          
...
