============================================================
Domain:		PST
Dimensions:	12
|S|:		5451776
|A|:		27
|S|x|A|:		147197952
Episode Cap:	1000
Gamma:		0.9
NUM_UAV:		3
============================================================
Representation:		IndependentDiscretizationCompactBinary
Features per action:	52
Binary Dimensions:	[ 6  7  8  9 10 11]
============================================================
Representation:		iFDD
Features per action:	52
Initial Representation:	IndependentDiscretizationCompactBinary
Plus:			1
Sparsify:		1
Cached:			1
Online Threshold:	65.000
Batch Threshold:		65.000
Max Batch Discovery:	20
============================================================
Agent:		SARSA
Policy:		eGreedy
Alpha_0:		0.10
============================================================
Experiment:		OnlineExperiment
Output:			././16-results.txt
Learning Steps:		50000
Performance Checks:	10
Log Intervals:		60(s)
5000 >>> E[0:00:22]-R[0:03:21]: Return=24.00, Steps=11, Features = 381
10000 >>> E[0:00:48]-R[0:03:12]: Return=-73.00, Steps=10, Features = 600
15000 >>> E[0:01:16]-R[0:02:57]: Return=19.00, Steps=23, Features = 760
20000 >>> E[0:01:44]-R[0:02:36]: Return=67.00, Steps=10, Features = 910
25000 >>> E[0:02:14]-R[0:02:14]: Return=-71.00, Steps=10, Features = 1036
30000 >>> E[0:02:45]-R[0:01:50]: Return=-54.00, Steps=10, Features = 1166
35000 >>> E[0:03:18]-R[0:01:25]: Return=4.00, Steps=11, Features = 1269
40000 >>> E[0:03:52]-R[0:00:58]: Return=7.00, Steps=19, Features = 1371
45000 >>> E[0:04:28]-R[0:00:30]: Return=-30.00, Steps=10, Features = 1459
50000 >>> E[0:05:02]-R[0:00:00]: Return=67.00, Steps=10, Features = 1557
============================================================
Took 0:05:02
Results	=> ././16-results.txt
Log	=> ././16-out.txt
