============================================================
Domain:		PST
Dimensions:	12
|S|:		5451776
|A|:		27
|S|x|A|:		147197952
Episode Cap:	1000
Gamma:		0.9
NUM_UAV:		3
============================================================
Representation:		IndependentDiscretizationCompactBinary
Features per action:	52
Binary Dimensions:	[ 6  7  8  9 10 11]
============================================================
Representation:		iFDD
Features per action:	52
Initial Representation:	IndependentDiscretizationCompactBinary
Plus:			1
Sparsify:		1
Cached:			1
Online Threshold:	65.000
Batch Threshold:		65.000
Max Batch Discovery:	20
============================================================
Agent:		SARSA
Policy:		eGreedy
Alpha_0:		0.10
============================================================
Experiment:		OnlineExperiment
Output:			././2-results.txt
Learning Steps:		50000
Performance Checks:	10
Log Intervals:		60(s)
5000 >>> E[0:00:23]-R[0:03:27]: Return=-38.00, Steps=10, Features = 438
10000 >>> E[0:00:48]-R[0:03:14]: Return=42.00, Steps=10, Features = 663
15000 >>> E[0:01:16]-R[0:02:58]: Return=-51.00, Steps=11, Features = 852
20000 >>> E[0:01:46]-R[0:02:39]: Return=68.00, Steps=10, Features = 989
25000 >>> E[0:02:17]-R[0:02:17]: Return=27.00, Steps=10, Features = 1124
30000 >>> E[0:02:48]-R[0:01:52]: Return=45.00, Steps=10, Features = 1248
35000 >>> E[0:03:21]-R[0:01:26]: Return=-33.00, Steps=10, Features = 1380
40000 >>> E[0:03:54]-R[0:00:59]: Return=-51.00, Steps=11, Features = 1466
45000 >>> E[0:04:33]-R[0:00:30]: Return=-11.00, Steps=10, Features = 1593
50000 >>> E[0:05:08]-R[0:00:00]: Return=88.00, Steps=10, Features = 1681
============================================================
Took 0:05:08
Results	=> ././2-results.txt
Log	=> ././2-out.txt
