============================================================
Domain:		PST
Dimensions:	12
|S|:		5451776
|A|:		27
|S|x|A|:		147197952
Episode Cap:	1000
Gamma:		0.9
NUM_UAV:		3
============================================================
Representation:		IndependentDiscretizationCompactBinary
Features per action:	52
Binary Dimensions:	[ 6  7  8  9 10 11]
============================================================
Representation:		iFDD
Features per action:	52
Initial Representation:	IndependentDiscretizationCompactBinary
Plus:			1
Sparsify:		1
Cached:			1
Online Threshold:	65.000
Batch Threshold:		65.000
Max Batch Discovery:	20
============================================================
Agent:		SARSA
Policy:		eGreedy
Alpha_0:		0.10
============================================================
Experiment:		OnlineExperiment
Output:			././20-results.txt
Learning Steps:		50000
Performance Checks:	10
Log Intervals:		60(s)
5000 >>> E[0:00:21]-R[0:03:11]: Return=-30.00, Steps=10, Features = 339
10000 >>> E[0:00:48]-R[0:03:11]: Return=-10.00, Steps=10, Features = 526
15000 >>> E[0:01:14]-R[0:02:53]: Return=-9.00, Steps=10, Features = 673
20000 >>> E[0:01:40]-R[0:02:30]: Return=29.00, Steps=10, Features = 770
25000 >>> E[0:02:17]-R[0:02:17]: Return=10.00, Steps=10, Features = 885
30000 >>> E[0:02:54]-R[0:01:56]: Return=-63.00, Steps=15, Features = 981
35000 >>> E[0:03:24]-R[0:01:27]: Return=45.00, Steps=13, Features = 1082
40000 >>> E[0:03:55]-R[0:00:59]: Return=-20.00, Steps=14, Features = 1176
45000 >>> E[0:04:29]-R[0:00:30]: Return=63.00, Steps=13, Features = 1278
50000 >>> E[0:05:03]-R[0:00:00]: Return=50.00, Steps=10, Features = 1361
============================================================
Took 0:05:03
Results	=> ././20-results.txt
Log	=> ././20-out.txt
