Traceback (most recent call last):
  File "main.py", line 130, in <module>
    main(int(sys.argv[1]),sys.argv[2], int(sys.argv[3]), int(sys.argv[4]))
  File "main.py", line 116, in main
    experiment.run()
  File "/data/scratch/rhklein/RL-Python/Experiments/OnlineExperiment.py", line 71, in run
    self.agent.learn(s,a,r,ns,na,terminal)            
  File "/data/scratch/rhklein/RL-Python/Agents/RE_LSPI_SARSA.py", line 16, in learn
    self.RE_LSPI.representationExpansionLSPI()
  File "/data/scratch/rhklein/RL-Python/Agents/RE_LSPI.py", line 26, in representationExpansionLSPI
    A,b, all_phi_s, all_phi_s_a, all_phi_ns = self.LSTD()
  File "/data/scratch/rhklein/RL-Python/Agents/LSPI.py", line 113, in LSTD
    A                   = A + outer(phi_s_a,d) 
  File "/usr/lib/python2.7/dist-packages/scipy/sparse/base.py", line 217, in __add__
    return self.tocsr().__add__(other)
  File "/usr/lib/python2.7/dist-packages/scipy/sparse/compressed.py", line 182, in __add__
    return self.todense() + other
  File "/usr/lib/python2.7/dist-packages/scipy/sparse/base.py", line 458, in todense
    return np.asmatrix(self.toarray())
  File "/usr/lib/python2.7/dist-packages/scipy/sparse/compressed.py", line 550, in toarray
    return self.tocoo(copy=False).toarray()
  File "/usr/lib/python2.7/dist-packages/scipy/sparse/coo.py", line 219, in toarray
    B = np.zeros(self.shape, dtype=self.dtype)
MemoryError
