============================================================
Domain:		PST
Dimensions:	12
|S|:		5451776
|A|:		27
|S|x|A|:		147197952
Episode Cap:	1000
Gamma:		0.9
NUM_UAV:		3
============================================================
Representation:		IndependentDiscretizationCompactBinary
Features per action:	52
Binary Dimensions:	[ 6  7  8  9 10 11]
============================================================
Representation:		iFDD
Features per action:	52
Initial Representation:	IndependentDiscretizationCompactBinary
Plus:			1
Sparsify:		1
Cached:			1
Online Threshold:	45.000
Batch Threshold:		45.000
Max Batch Discovery:	20
============================================================
Agent:		SARSA
Policy:		eGreedy
Alpha_0:		0.10
============================================================
Experiment:		OnlineExperiment
Output:			././10-results.txt
Learning Steps:		100000
Performance Checks:	10
Log Intervals:		60(s)
10000 >>> E[0:00:54]-R[0:08:09]: Return=-65.00, Steps=14, Features = 1269
18406: E[0:01:54]-R[0:08:27]: Return=2.00, Steps=11, Features = 1717
20000 >>> E[0:02:06]-R[0:08:25]: Return=-54.00, Steps=11, Features = 1783
27686: E[0:03:06]-R[0:08:07]: Return=28.00, Steps=11, Features = 2278
30000 >>> E[0:03:24]-R[0:07:57]: Return=1.00, Steps=11, Features = 2424
37051: E[0:04:25]-R[0:07:29]: Return=-56.00, Steps=33, Features = 2865
40000 >>> E[0:04:50]-R[0:07:15]: Return=0.00, Steps=14, Features = 3027
46826: E[0:05:50]-R[0:06:37]: Return=66.00, Steps=31, Features = 3346
50000 >>> E[0:06:19]-R[0:06:19]: Return=-27.00, Steps=21, Features = 3502
56111: E[0:07:19]-R[0:05:43]: Return=-33.00, Steps=44, Features = 3770
60000 >>> E[0:08:01]-R[0:05:21]: Return=-67.00, Steps=17, Features = 3928
66208: E[0:09:01]-R[0:04:36]: Return=11.00, Steps=35, Features = 4203
70000 >>> E[0:09:35]-R[0:04:06]: Return=51.00, Steps=32, Features = 4346
76844: E[0:10:35]-R[0:03:11]: Return=-46.00, Steps=19, Features = 4616
80000 >>> E[0:11:03]-R[0:02:46]: Return=9.00, Steps=12, Features = 4726
86388: E[0:12:03]-R[0:01:54]: Return=-106.00, Steps=46, Features = 4983
90000 >>> E[0:12:36]-R[0:01:24]: Return=-50.00, Steps=10, Features = 5103
96323: E[0:13:36]-R[0:00:31]: Return=-1.00, Steps=12, Features = 5359
100000 >>> E[0:14:13]-R[0:00:00]: Return=-36.00, Steps=12, Features = 5532
============================================================
Took 0:14:13
Results	=> ././10-results.txt
Log	=> ././10-out.txt
