000 (13833.000.000) 01/21 04:59:07 Job submitted from host: <128.30.112.18:46685>
...
001 (13833.000.000) 01/21 04:59:27 Job executing on host: <128.30.66.170:39331>
...
006 (13833.000.000) 01/21 04:59:35 Image size of job updated: 289728
	49  -  MemoryUsage of job (MB)
	49804  -  ResidentSetSize of job (KB)
...
006 (13833.000.000) 01/21 05:00:35 Image size of job updated: 12395644
	49  -  MemoryUsage of job (MB)
	49804  -  ResidentSetSize of job (KB)
...
004 (13833.000.000) 01/21 05:00:35 Job was evicted.
	(0) Job was not checkpointed.
		Usr 0 00:00:30, Sys 0 00:00:09  -  Run Remote Usage
		Usr 0 00:00:00, Sys 0 00:00:00  -  Run Local Usage
	0  -  Run Bytes Sent By Job
	0  -  Run Bytes Received By Job
	Partitionable Resources :    Usage  Request          
	   Cpus                 :                 1          
	   Disk (KB)            :     2750     2750          
	   Memory (MB)          :       49       49          
...
009 (13833.000.000) 01/21 05:00:35 Job was aborted by the user.
	via condor_rm (by user rhklein)
...
000 (13914.000.000) 01/21 05:02:48 Job submitted from host: <128.30.112.18:46685>
...
001 (13914.000.000) 01/21 05:02:52 Job executing on host: <128.30.113.104:34762>
...
006 (13914.000.000) 01/21 05:03:01 Image size of job updated: 38232
	6  -  MemoryUsage of job (MB)
	6020  -  ResidentSetSize of job (KB)
...
001 (13914.000.000) 01/21 05:24:53 Job executing on host: <128.30.66.170:39331>
...
006 (13914.000.000) 01/21 05:27:27 Image size of job updated: 335244
	8  -  MemoryUsage of job (MB)
	7500  -  ResidentSetSize of job (KB)
...
005 (13914.000.000) 01/21 05:27:27 Job terminated.
	(1) Normal termination (return value 1)
		Usr 0 00:02:26, Sys 0 00:00:00  -  Run Remote Usage
		Usr 0 00:00:00, Sys 0 00:00:00  -  Run Local Usage
		Usr 0 00:02:26, Sys 0 00:00:00  -  Total Remote Usage
		Usr 0 00:00:00, Sys 0 00:00:00  -  Total Local Usage
	0  -  Run Bytes Sent By Job
	0  -  Run Bytes Received By Job
	0  -  Total Bytes Sent By Job
	0  -  Total Bytes Received By Job
	Partitionable Resources :    Usage  Request          
	   Cpus                 :                 1          
	   Disk (KB)            :     2750     2750          
	   Memory (MB)          :        8        8          
...
000 (14054.000.000) 01/21 05:41:18 Job submitted from host: <128.30.112.18:46685>
...
001 (14054.000.000) 01/21 05:41:20 Job executing on host: <128.30.66.167:50426>
...
006 (14054.000.000) 01/21 05:41:28 Image size of job updated: 295560
	55  -  MemoryUsage of job (MB)
	55616  -  ResidentSetSize of job (KB)
...
005 (14054.000.000) 01/21 05:41:30 Job terminated.
	(0) Abnormal termination (signal 9)
	(0) No core file
		Usr 0 00:00:05, Sys 0 00:00:00  -  Run Remote Usage
		Usr 0 00:00:00, Sys 0 00:00:00  -  Run Local Usage
		Usr 0 00:00:05, Sys 0 00:00:00  -  Total Remote Usage
		Usr 0 00:00:00, Sys 0 00:00:00  -  Total Local Usage
	0  -  Run Bytes Sent By Job
	0  -  Run Bytes Received By Job
	0  -  Total Bytes Sent By Job
	0  -  Total Bytes Received By Job
	Partitionable Resources :    Usage  Request          
	   Cpus                 :                 1          
	   Disk (KB)            :     2750     2750          
	   Memory (MB)          :       55       55          
...
