000 (13843.000.000) 01/21 04:59:08 Job submitted from host: <128.30.112.18:46685>
...
001 (13843.000.000) 01/21 04:59:28 Job executing on host: <128.30.66.170:39331>
...
006 (13843.000.000) 01/21 04:59:37 Image size of job updated: 286860
	46  -  MemoryUsage of job (MB)
	46900  -  ResidentSetSize of job (KB)
...
006 (13843.000.000) 01/21 05:00:35 Image size of job updated: 13599828
	46  -  MemoryUsage of job (MB)
	46900  -  ResidentSetSize of job (KB)
...
004 (13843.000.000) 01/21 05:00:35 Job was evicted.
	(0) Job was not checkpointed.
		Usr 0 00:00:26, Sys 0 00:00:11  -  Run Remote Usage
		Usr 0 00:00:00, Sys 0 00:00:00  -  Run Local Usage
	0  -  Run Bytes Sent By Job
	0  -  Run Bytes Received By Job
	Partitionable Resources :    Usage  Request          
	   Cpus                 :                 1          
	   Disk (KB)            :     2750     2750          
	   Memory (MB)          :       46       46          
...
009 (13843.000.000) 01/21 05:00:35 Job was aborted by the user.
	via condor_rm (by user rhklein)
...
000 (13924.000.000) 01/21 05:02:49 Job submitted from host: <128.30.112.18:46685>
...
001 (13924.000.000) 01/21 05:02:52 Job executing on host: <128.30.66.163:58460>
...
006 (13924.000.000) 01/21 05:03:01 Image size of job updated: 2750
	3  -  MemoryUsage of job (MB)
	2228  -  ResidentSetSize of job (KB)
...
006 (13924.000.000) 01/21 05:05:36 Image size of job updated: 341712
	3  -  MemoryUsage of job (MB)
	2228  -  ResidentSetSize of job (KB)
...
005 (13924.000.000) 01/21 05:05:36 Job terminated.
	(1) Normal termination (return value 1)
		Usr 0 00:02:28, Sys 0 00:00:00  -  Run Remote Usage
		Usr 0 00:00:00, Sys 0 00:00:00  -  Run Local Usage
		Usr 0 00:02:28, Sys 0 00:00:00  -  Total Remote Usage
		Usr 0 00:00:00, Sys 0 00:00:00  -  Total Local Usage
	0  -  Run Bytes Sent By Job
	0  -  Run Bytes Received By Job
	0  -  Total Bytes Sent By Job
	0  -  Total Bytes Received By Job
	Partitionable Resources :    Usage  Request          
	   Cpus                 :                 1          
	   Disk (KB)            :     2750     2750          
	   Memory (MB)          :        3        3          
...
000 (14064.000.000) 01/21 05:41:19 Job submitted from host: <128.30.112.18:46685>
...
001 (14064.000.000) 01/21 05:41:38 Job executing on host: <128.30.66.169:43926>
...
006 (14064.000.000) 01/21 05:41:47 Image size of job updated: 290624
	50  -  MemoryUsage of job (MB)
	50856  -  ResidentSetSize of job (KB)
...
006 (14064.000.000) 01/21 05:46:48 Image size of job updated: 333844
	92  -  MemoryUsage of job (MB)
	93412  -  ResidentSetSize of job (KB)
...
006 (14064.000.000) 01/21 05:48:20 Image size of job updated: 339760
	92  -  MemoryUsage of job (MB)
	93412  -  ResidentSetSize of job (KB)
...
005 (14064.000.000) 01/21 05:48:20 Job terminated.
	(1) Normal termination (return value 1)
		Usr 0 00:06:35, Sys 0 00:00:02  -  Run Remote Usage
		Usr 0 00:00:00, Sys 0 00:00:00  -  Run Local Usage
		Usr 0 00:06:35, Sys 0 00:00:02  -  Total Remote Usage
		Usr 0 00:00:00, Sys 0 00:00:00  -  Total Local Usage
	0  -  Run Bytes Sent By Job
	0  -  Run Bytes Received By Job
	0  -  Total Bytes Sent By Job
	0  -  Total Bytes Received By Job
	Partitionable Resources :    Usage  Request          
	   Cpus                 :                 1          
	   Disk (KB)            :     2750     2750          
	   Memory (MB)          :       92       92          
...
