000 (13844.000.000) 01/21 04:59:08 Job submitted from host: <128.30.112.18:46685>
...
001 (13844.000.000) 01/21 04:59:29 Job executing on host: <128.30.66.169:43926>
...
006 (13844.000.000) 01/21 04:59:37 Image size of job updated: 272804
	40  -  MemoryUsage of job (MB)
	40072  -  ResidentSetSize of job (KB)
...
006 (13844.000.000) 01/21 05:00:36 Image size of job updated: 1888468
	40  -  MemoryUsage of job (MB)
	40072  -  ResidentSetSize of job (KB)
...
004 (13844.000.000) 01/21 05:00:36 Job was evicted.
	(0) Job was not checkpointed.
		Usr 0 00:00:34, Sys 0 00:00:03  -  Run Remote Usage
		Usr 0 00:00:00, Sys 0 00:00:00  -  Run Local Usage
	0  -  Run Bytes Sent By Job
	0  -  Run Bytes Received By Job
	Partitionable Resources :    Usage  Request          
	   Cpus                 :                 1          
	   Disk (KB)            :     2750     2750          
	   Memory (MB)          :       40       40          
...
009 (13844.000.000) 01/21 05:00:36 Job was aborted by the user.
	via condor_rm (by user rhklein)
...
000 (13925.000.000) 01/21 05:02:49 Job submitted from host: <128.30.112.18:46685>
...
001 (13925.000.000) 01/21 05:02:53 Job executing on host: <128.30.66.164:41719>
...
006 (13925.000.000) 01/21 05:03:01 Image size of job updated: 2750
	3  -  MemoryUsage of job (MB)
	2220  -  ResidentSetSize of job (KB)
...
006 (13925.000.000) 01/21 05:08:01 Image size of job updated: 15577388
	2882  -  MemoryUsage of job (MB)
	2950244  -  ResidentSetSize of job (KB)
...
006 (13925.000.000) 01/21 05:13:01 Image size of job updated: 15577388
	10026  -  MemoryUsage of job (MB)
	10266572  -  ResidentSetSize of job (KB)
...
005 (13925.000.000) 01/21 05:18:19 Job terminated.
	(1) Normal termination (return value 1)
		Usr 0 00:02:30, Sys 0 00:06:01  -  Run Remote Usage
		Usr 0 00:00:00, Sys 0 00:00:00  -  Run Local Usage
		Usr 0 00:02:30, Sys 0 00:06:01  -  Total Remote Usage
		Usr 0 00:00:00, Sys 0 00:00:00  -  Total Local Usage
	0  -  Run Bytes Sent By Job
	0  -  Run Bytes Received By Job
	0  -  Total Bytes Sent By Job
	0  -  Total Bytes Received By Job
	Partitionable Resources :    Usage  Request          
	   Cpus                 :                 1          
	   Disk (KB)            :     2750     2750          
	   Memory (MB)          :    10026    10026          
...
000 (14065.000.000) 01/21 05:41:19 Job submitted from host: <128.30.112.18:46685>
...
001 (14065.000.000) 01/21 05:41:38 Job executing on host: <128.30.66.165:41096>
...
006 (14065.000.000) 01/21 05:41:46 Image size of job updated: 295128
	55  -  MemoryUsage of job (MB)
	55396  -  ResidentSetSize of job (KB)
...
006 (14065.000.000) 01/21 05:45:21 Image size of job updated: 891972
	55  -  MemoryUsage of job (MB)
	55396  -  ResidentSetSize of job (KB)
...
005 (14065.000.000) 01/21 05:45:21 Job terminated.
	(1) Normal termination (return value 1)
		Usr 0 00:03:14, Sys 0 00:00:18  -  Run Remote Usage
		Usr 0 00:00:00, Sys 0 00:00:00  -  Run Local Usage
		Usr 0 00:03:14, Sys 0 00:00:18  -  Total Remote Usage
		Usr 0 00:00:00, Sys 0 00:00:00  -  Total Local Usage
	0  -  Run Bytes Sent By Job
	0  -  Run Bytes Received By Job
	0  -  Total Bytes Sent By Job
	0  -  Total Bytes Received By Job
	Partitionable Resources :    Usage  Request          
	   Cpus                 :                 1          
	   Disk (KB)            :     2750     2750          
	   Memory (MB)          :       55       55          
...
