000 (13845.000.000) 01/21 04:59:08 Job submitted from host: <128.30.112.18:46685>
...
001 (13845.000.000) 01/21 04:59:28 Job executing on host: <128.30.66.166:36393>
...
006 (13845.000.000) 01/21 04:59:37 Image size of job updated: 286504
	46  -  MemoryUsage of job (MB)
	46576  -  ResidentSetSize of job (KB)
...
006 (13845.000.000) 01/21 05:00:07 Image size of job updated: 13070760
	46  -  MemoryUsage of job (MB)
	46576  -  ResidentSetSize of job (KB)
...
005 (13845.000.000) 01/21 05:00:07 Job terminated.
	(1) Normal termination (return value 1)
		Usr 0 00:00:30, Sys 0 00:00:06  -  Run Remote Usage
		Usr 0 00:00:00, Sys 0 00:00:00  -  Run Local Usage
		Usr 0 00:00:30, Sys 0 00:00:06  -  Total Remote Usage
		Usr 0 00:00:00, Sys 0 00:00:00  -  Total Local Usage
	0  -  Run Bytes Sent By Job
	0  -  Run Bytes Received By Job
	0  -  Total Bytes Sent By Job
	0  -  Total Bytes Received By Job
	Partitionable Resources :    Usage  Request          
	   Cpus                 :                 1          
	   Disk (KB)            :     2750     2750          
	   Memory (MB)          :       46       46          
...
000 (13926.000.000) 01/21 05:02:49 Job submitted from host: <128.30.112.18:46685>
...
001 (13926.000.000) 01/21 05:02:52 Job executing on host: <128.30.113.104:34762>
...
006 (13926.000.000) 01/21 05:03:01 Image size of job updated: 2750
	3  -  MemoryUsage of job (MB)
	2220  -  ResidentSetSize of job (KB)
...
001 (13926.000.000) 01/21 05:23:34 Job executing on host: <128.30.66.166:36393>
...
006 (13926.000.000) 01/21 05:23:42 Image size of job updated: 293116
	52  -  MemoryUsage of job (MB)
	53232  -  ResidentSetSize of job (KB)
...
006 (13926.000.000) 01/21 05:26:24 Image size of job updated: 342520
	52  -  MemoryUsage of job (MB)
	53232  -  ResidentSetSize of job (KB)
...
005 (13926.000.000) 01/21 05:26:24 Job terminated.
	(1) Normal termination (return value 1)
		Usr 0 00:02:42, Sys 0 00:00:00  -  Run Remote Usage
		Usr 0 00:00:00, Sys 0 00:00:00  -  Run Local Usage
		Usr 0 00:02:42, Sys 0 00:00:00  -  Total Remote Usage
		Usr 0 00:00:00, Sys 0 00:00:00  -  Total Local Usage
	0  -  Run Bytes Sent By Job
	0  -  Run Bytes Received By Job
	0  -  Total Bytes Sent By Job
	0  -  Total Bytes Received By Job
	Partitionable Resources :    Usage  Request          
	   Cpus                 :                 1          
	   Disk (KB)            :     2750     2750          
	   Memory (MB)          :       52       52          
...
000 (14066.000.000) 01/21 05:41:19 Job submitted from host: <128.30.112.18:46685>
...
001 (14066.000.000) 01/21 05:41:38 Job executing on host: <128.30.66.164:41719>
...
006 (14066.000.000) 01/21 05:41:46 Image size of job updated: 289520
	49  -  MemoryUsage of job (MB)
	49588  -  ResidentSetSize of job (KB)
...
006 (14066.000.000) 01/21 05:46:46 Image size of job updated: 15243668
	10936  -  MemoryUsage of job (MB)
	11198260  -  ResidentSetSize of job (KB)
...
005 (14066.000.000) 01/21 05:49:30 Job terminated.
	(1) Normal termination (return value 1)
		Usr 0 00:02:25, Sys 0 00:05:14  -  Run Remote Usage
		Usr 0 00:00:00, Sys 0 00:00:00  -  Run Local Usage
		Usr 0 00:02:25, Sys 0 00:05:14  -  Total Remote Usage
		Usr 0 00:00:00, Sys 0 00:00:00  -  Total Local Usage
	0  -  Run Bytes Sent By Job
	0  -  Run Bytes Received By Job
	0  -  Total Bytes Sent By Job
	0  -  Total Bytes Received By Job
	Partitionable Resources :    Usage  Request          
	   Cpus                 :                 1          
	   Disk (KB)            :     2750     2750          
	   Memory (MB)          :    10936    10936          
...
