000 (13846.000.000) 01/21 04:59:08 Job submitted from host: <128.30.112.18:46685>
...
001 (13846.000.000) 01/21 04:59:29 Job executing on host: <128.30.66.164:41719>
...
006 (13846.000.000) 01/21 04:59:37 Image size of job updated: 292320
	52  -  MemoryUsage of job (MB)
	52352  -  ResidentSetSize of job (KB)
...
006 (13846.000.000) 01/21 05:00:31 Image size of job updated: 1908300
	52  -  MemoryUsage of job (MB)
	52352  -  ResidentSetSize of job (KB)
...
004 (13846.000.000) 01/21 05:00:31 Job was evicted.
	(0) Job was not checkpointed.
		Usr 0 00:00:36, Sys 0 00:00:04  -  Run Remote Usage
		Usr 0 00:00:00, Sys 0 00:00:00  -  Run Local Usage
	0  -  Run Bytes Sent By Job
	0  -  Run Bytes Received By Job
	Partitionable Resources :    Usage  Request          
	   Cpus                 :                 1          
	   Disk (KB)            :     2750     2750          
	   Memory (MB)          :       52       52          
...
009 (13846.000.000) 01/21 05:00:31 Job was aborted by the user.
	via condor_rm (by user rhklein)
...
000 (13927.000.000) 01/21 05:02:49 Job submitted from host: <128.30.112.18:46685>
...
001 (13927.000.000) 01/21 05:02:52 Job executing on host: <128.30.66.167:50426>
...
006 (13927.000.000) 01/21 05:02:54 Image size of job updated: 291544
	0  -  MemoryUsage of job (MB)
	0  -  ResidentSetSize of job (KB)
...
005 (13927.000.000) 01/21 05:02:54 Job terminated.
	(0) Abnormal termination (signal 9)
	(0) No core file
		Usr 0 00:00:01, Sys 0 00:00:00  -  Run Remote Usage
		Usr 0 00:00:00, Sys 0 00:00:00  -  Run Local Usage
		Usr 0 00:00:01, Sys 0 00:00:00  -  Total Remote Usage
		Usr 0 00:00:00, Sys 0 00:00:00  -  Total Local Usage
	0  -  Run Bytes Sent By Job
	0  -  Run Bytes Received By Job
	0  -  Total Bytes Sent By Job
	0  -  Total Bytes Received By Job
	Partitionable Resources :    Usage  Request          
	   Cpus                 :                 1          
	   Disk (KB)            :     2750     2750          
	   Memory (MB)          :        0        0          
...
000 (14067.000.000) 01/21 05:41:20 Job submitted from host: <128.30.112.18:46685>
...
001 (14067.000.000) 01/21 05:41:38 Job executing on host: <128.30.66.163:58460>
...
006 (14067.000.000) 01/21 05:41:46 Image size of job updated: 287812
	47  -  MemoryUsage of job (MB)
	47952  -  ResidentSetSize of job (KB)
...
006 (14067.000.000) 01/21 05:45:22 Image size of job updated: 946184
	47  -  MemoryUsage of job (MB)
	47952  -  ResidentSetSize of job (KB)
...
005 (14067.000.000) 01/21 05:45:22 Job terminated.
	(1) Normal termination (return value 1)
		Usr 0 00:02:56, Sys 0 00:00:08  -  Run Remote Usage
		Usr 0 00:00:00, Sys 0 00:00:00  -  Run Local Usage
		Usr 0 00:02:56, Sys 0 00:00:08  -  Total Remote Usage
		Usr 0 00:00:00, Sys 0 00:00:00  -  Total Local Usage
	0  -  Run Bytes Sent By Job
	0  -  Run Bytes Received By Job
	0  -  Total Bytes Sent By Job
	0  -  Total Bytes Received By Job
	Partitionable Resources :    Usage  Request          
	   Cpus                 :                 1          
	   Disk (KB)            :     2750     2750          
	   Memory (MB)          :       47       47          
...
