000 (13847.000.000) 01/21 04:59:08 Job submitted from host: <128.30.112.18:46685>
...
001 (13847.000.000) 01/21 04:59:29 Job executing on host: <128.30.66.163:58460>
...
006 (13847.000.000) 01/21 04:59:37 Image size of job updated: 293072
	52  -  MemoryUsage of job (MB)
	53144  -  ResidentSetSize of job (KB)
...
006 (13847.000.000) 01/21 05:00:32 Image size of job updated: 1868176
	52  -  MemoryUsage of job (MB)
	53144  -  ResidentSetSize of job (KB)
...
004 (13847.000.000) 01/21 05:00:32 Job was evicted.
	(0) Job was not checkpointed.
		Usr 0 00:00:33, Sys 0 00:00:04  -  Run Remote Usage
		Usr 0 00:00:00, Sys 0 00:00:00  -  Run Local Usage
	0  -  Run Bytes Sent By Job
	0  -  Run Bytes Received By Job
	Partitionable Resources :    Usage  Request          
	   Cpus                 :                 1          
	   Disk (KB)            :     2750     2750          
	   Memory (MB)          :       52       52          
...
009 (13847.000.000) 01/21 05:00:32 Job was aborted by the user.
	via condor_rm (by user rhklein)
...
000 (13928.000.000) 01/21 05:02:50 Job submitted from host: <128.30.112.18:46685>
...
001 (13928.000.000) 01/21 05:02:52 Job executing on host: <128.30.66.170:39331>
...
006 (13928.000.000) 01/21 05:03:02 Image size of job updated: 296748
	56  -  MemoryUsage of job (MB)
	56928  -  ResidentSetSize of job (KB)
...
006 (13928.000.000) 01/21 05:06:25 Image size of job updated: 14542804
	56  -  MemoryUsage of job (MB)
	56928  -  ResidentSetSize of job (KB)
...
005 (13928.000.000) 01/21 05:06:26 Job terminated.
	(1) Normal termination (return value 1)
		Usr 0 00:02:47, Sys 0 00:00:08  -  Run Remote Usage
		Usr 0 00:00:00, Sys 0 00:00:00  -  Run Local Usage
		Usr 0 00:02:47, Sys 0 00:00:08  -  Total Remote Usage
		Usr 0 00:00:00, Sys 0 00:00:00  -  Total Local Usage
	0  -  Run Bytes Sent By Job
	0  -  Run Bytes Received By Job
	0  -  Total Bytes Sent By Job
	0  -  Total Bytes Received By Job
	Partitionable Resources :    Usage  Request          
	   Cpus                 :                 1          
	   Disk (KB)            :     2750     2750          
	   Memory (MB)          :       56       56          
...
000 (14068.000.000) 01/21 05:41:20 Job submitted from host: <128.30.112.18:46685>
...
001 (14068.000.000) 01/21 05:41:37 Job executing on host: <128.30.66.167:50426>
...
006 (14068.000.000) 01/21 05:41:40 Image size of job updated: 292404
	0  -  MemoryUsage of job (MB)
	0  -  ResidentSetSize of job (KB)
...
005 (14068.000.000) 01/21 05:41:40 Job terminated.
	(0) Abnormal termination (signal 9)
	(0) No core file
		Usr 0 00:00:02, Sys 0 00:00:00  -  Run Remote Usage
		Usr 0 00:00:00, Sys 0 00:00:00  -  Run Local Usage
		Usr 0 00:00:02, Sys 0 00:00:00  -  Total Remote Usage
		Usr 0 00:00:00, Sys 0 00:00:00  -  Total Local Usage
	0  -  Run Bytes Sent By Job
	0  -  Run Bytes Received By Job
	0  -  Total Bytes Sent By Job
	0  -  Total Bytes Received By Job
	Partitionable Resources :    Usage  Request          
	   Cpus                 :                 1          
	   Disk (KB)            :     2750     2750          
	   Memory (MB)          :        0        0          
...
