000 (13849.000.000) 01/21 04:59:09 Job submitted from host: <128.30.112.18:46685>
...
001 (13849.000.000) 01/21 04:59:29 Job executing on host: <128.30.113.101:38623>
...
006 (13849.000.000) 01/21 04:59:37 Image size of job updated: 208056
	28  -  MemoryUsage of job (MB)
	28540  -  ResidentSetSize of job (KB)
...
006 (13849.000.000) 01/21 05:00:37 Image size of job updated: 26608568
	28  -  MemoryUsage of job (MB)
	28540  -  ResidentSetSize of job (KB)
...
004 (13849.000.000) 01/21 05:00:37 Job was evicted.
	(0) Job was not checkpointed.
		Usr 0 00:00:31, Sys 0 00:00:12  -  Run Remote Usage
		Usr 0 00:00:00, Sys 0 00:00:00  -  Run Local Usage
	0  -  Run Bytes Sent By Job
	0  -  Run Bytes Received By Job
	Partitionable Resources :    Usage  Request          
	   Cpus                 :                 1          
	   Disk (KB)            :     2750     2750          
	   Memory (MB)          :       28       28          
...
009 (13849.000.000) 01/21 05:00:37 Job was aborted by the user.
	via condor_rm (by user rhklein)
...
000 (13930.000.000) 01/21 05:02:52 Job submitted from host: <128.30.112.18:46685>
...
001 (13930.000.000) 01/21 05:02:54 Job executing on host: <128.30.66.167:50426>
...
006 (13930.000.000) 01/21 05:03:03 Image size of job updated: 111176
	22  -  MemoryUsage of job (MB)
	22328  -  ResidentSetSize of job (KB)
...
006 (13930.000.000) 01/21 05:03:04 Image size of job updated: 296328
	22  -  MemoryUsage of job (MB)
	22328  -  ResidentSetSize of job (KB)
...
005 (13930.000.000) 01/21 05:03:04 Job terminated.
	(0) Abnormal termination (signal 9)
	(0) No core file
		Usr 0 00:00:09, Sys 0 00:00:00  -  Run Remote Usage
		Usr 0 00:00:00, Sys 0 00:00:00  -  Run Local Usage
		Usr 0 00:00:09, Sys 0 00:00:00  -  Total Remote Usage
		Usr 0 00:00:00, Sys 0 00:00:00  -  Total Local Usage
	0  -  Run Bytes Sent By Job
	0  -  Run Bytes Received By Job
	0  -  Total Bytes Sent By Job
	0  -  Total Bytes Received By Job
	Partitionable Resources :    Usage  Request          
	   Cpus                 :                 1          
	   Disk (KB)            :     2750     2750          
	   Memory (MB)          :       22       22          
...
000 (14070.000.000) 01/21 05:41:20 Job submitted from host: <128.30.112.18:46685>
...
001 (14070.000.000) 01/21 05:41:38 Job executing on host: <128.30.113.104:34762>
...
006 (14070.000.000) 01/21 05:41:46 Image size of job updated: 215016
	36  -  MemoryUsage of job (MB)
	35896  -  ResidentSetSize of job (KB)
...
006 (14070.000.000) 01/21 05:46:47 Image size of job updated: 15500576
	747  -  MemoryUsage of job (MB)
	764376  -  ResidentSetSize of job (KB)
...
006 (14070.000.000) 01/21 05:51:47 Image size of job updated: 15500576
	2456  -  MemoryUsage of job (MB)
	2513968  -  ResidentSetSize of job (KB)
...
006 (14070.000.000) 01/21 05:56:47 Image size of job updated: 15500576
	5009  -  MemoryUsage of job (MB)
	5129152  -  ResidentSetSize of job (KB)
...
006 (14070.000.000) 01/21 06:01:48 Image size of job updated: 15500576
	6416  -  MemoryUsage of job (MB)
	6569248  -  ResidentSetSize of job (KB)
...
006 (14070.000.000) 01/21 06:06:49 Image size of job updated: 15500576
	7273  -  MemoryUsage of job (MB)
	7447520  -  ResidentSetSize of job (KB)
...
006 (14070.000.000) 01/21 06:11:49 Image size of job updated: 15500576
	7384  -  MemoryUsage of job (MB)
	7561008  -  ResidentSetSize of job (KB)
...
006 (14070.000.000) 01/21 06:16:50 Image size of job updated: 15500576
	7512  -  MemoryUsage of job (MB)
	7692000  -  ResidentSetSize of job (KB)
...
006 (14070.000.000) 01/21 06:26:50 Image size of job updated: 16044952
	10058  -  MemoryUsage of job (MB)
	10298568  -  ResidentSetSize of job (KB)
...
006 (14070.000.000) 01/21 06:27:10 Image size of job updated: 16111224
	10058  -  MemoryUsage of job (MB)
	10298568  -  ResidentSetSize of job (KB)
...
005 (14070.000.000) 01/21 06:27:10 Job terminated.
	(1) Normal termination (return value 1)
		Usr 0 00:02:53, Sys 0 00:02:11  -  Run Remote Usage
		Usr 0 00:00:00, Sys 0 00:00:00  -  Run Local Usage
		Usr 0 00:02:53, Sys 0 00:02:11  -  Total Remote Usage
		Usr 0 00:00:00, Sys 0 00:00:00  -  Total Local Usage
	0  -  Run Bytes Sent By Job
	0  -  Run Bytes Received By Job
	0  -  Total Bytes Sent By Job
	0  -  Total Bytes Received By Job
	Partitionable Resources :    Usage  Request          
	   Cpus                 :                 1          
	   Disk (KB)            :     2750     2750          
	   Memory (MB)          :    10058    10058          
...
