000 (13850.000.000) 01/21 04:59:09 Job submitted from host: <128.30.112.18:46685>
...
001 (13850.000.000) 01/21 04:59:29 Job executing on host: <128.30.66.165:41096>
...
006 (13850.000.000) 01/21 04:59:37 Image size of job updated: 205836
	35  -  MemoryUsage of job (MB)
	35696  -  ResidentSetSize of job (KB)
...
006 (13850.000.000) 01/21 05:00:32 Image size of job updated: 1758096
	35  -  MemoryUsage of job (MB)
	35696  -  ResidentSetSize of job (KB)
...
004 (13850.000.000) 01/21 05:00:32 Job was evicted.
	(0) Job was not checkpointed.
		Usr 0 00:00:36, Sys 0 00:00:07  -  Run Remote Usage
		Usr 0 00:00:00, Sys 0 00:00:00  -  Run Local Usage
	0  -  Run Bytes Sent By Job
	0  -  Run Bytes Received By Job
	Partitionable Resources :    Usage  Request          
	   Cpus                 :                 1          
	   Disk (KB)            :     2750     2750          
	   Memory (MB)          :       35       35          
...
009 (13850.000.000) 01/21 05:00:32 Job was aborted by the user.
	via condor_rm (by user rhklein)
...
000 (13931.000.000) 01/21 05:02:52 Job submitted from host: <128.30.112.18:46685>
...
001 (13931.000.000) 01/21 05:02:54 Job executing on host: <128.30.66.167:50426>
...
006 (13931.000.000) 01/21 05:03:03 Image size of job updated: 108652
	22  -  MemoryUsage of job (MB)
	21780  -  ResidentSetSize of job (KB)
...
006 (13931.000.000) 01/21 05:03:04 Image size of job updated: 299524
	22  -  MemoryUsage of job (MB)
	21780  -  ResidentSetSize of job (KB)
...
005 (13931.000.000) 01/21 05:03:04 Job terminated.
	(0) Abnormal termination (signal 9)
	(0) No core file
		Usr 0 00:00:09, Sys 0 00:00:00  -  Run Remote Usage
		Usr 0 00:00:00, Sys 0 00:00:00  -  Run Local Usage
		Usr 0 00:00:09, Sys 0 00:00:00  -  Total Remote Usage
		Usr 0 00:00:00, Sys 0 00:00:00  -  Total Local Usage
	0  -  Run Bytes Sent By Job
	0  -  Run Bytes Received By Job
	0  -  Total Bytes Sent By Job
	0  -  Total Bytes Received By Job
	Partitionable Resources :    Usage  Request          
	   Cpus                 :                 1          
	   Disk (KB)            :     2750     2750          
	   Memory (MB)          :       22       22          
...
000 (14071.000.000) 01/21 05:41:20 Job submitted from host: <128.30.112.18:46685>
...
001 (14071.000.000) 01/21 05:41:38 Job executing on host: <128.30.113.104:34762>
...
006 (14071.000.000) 01/21 05:41:47 Image size of job updated: 219068
	39  -  MemoryUsage of job (MB)
	39844  -  ResidentSetSize of job (KB)
...
006 (14071.000.000) 01/21 05:46:50 Image size of job updated: 15501612
	898  -  MemoryUsage of job (MB)
	919052  -  ResidentSetSize of job (KB)
...
006 (14071.000.000) 01/21 05:51:49 Image size of job updated: 15501612
	2643  -  MemoryUsage of job (MB)
	2706352  -  ResidentSetSize of job (KB)
...
006 (14071.000.000) 01/21 05:56:49 Image size of job updated: 15501612
	5216  -  MemoryUsage of job (MB)
	5341092  -  ResidentSetSize of job (KB)
...
006 (14071.000.000) 01/21 06:01:49 Image size of job updated: 15501612
	6361  -  MemoryUsage of job (MB)
	6513380  -  ResidentSetSize of job (KB)
...
006 (14071.000.000) 01/21 06:06:50 Image size of job updated: 15501612
	7283  -  MemoryUsage of job (MB)
	7457156  -  ResidentSetSize of job (KB)
...
006 (14071.000.000) 01/21 06:11:51 Image size of job updated: 15501612
	7430  -  MemoryUsage of job (MB)
	7607612  -  ResidentSetSize of job (KB)
...
006 (14071.000.000) 01/21 06:16:51 Image size of job updated: 15501612
	7592  -  MemoryUsage of job (MB)
	7773804  -  ResidentSetSize of job (KB)
...
006 (14071.000.000) 01/21 06:26:52 Image size of job updated: 16111368
	9950  -  MemoryUsage of job (MB)
	10188720  -  ResidentSetSize of job (KB)
...
005 (14071.000.000) 01/21 06:27:02 Job terminated.
	(1) Normal termination (return value 1)
		Usr 0 00:02:52, Sys 0 00:02:12  -  Run Remote Usage
		Usr 0 00:00:00, Sys 0 00:00:00  -  Run Local Usage
		Usr 0 00:02:52, Sys 0 00:02:12  -  Total Remote Usage
		Usr 0 00:00:00, Sys 0 00:00:00  -  Total Local Usage
	0  -  Run Bytes Sent By Job
	0  -  Run Bytes Received By Job
	0  -  Total Bytes Sent By Job
	0  -  Total Bytes Received By Job
	Partitionable Resources :    Usage  Request          
	   Cpus                 :                 1          
	   Disk (KB)            :     2750     2750          
	   Memory (MB)          :     9950     9950          
...
