000 (13851.000.000) 01/21 04:59:09 Job submitted from host: <128.30.112.18:46685>
...
001 (13851.000.000) 01/21 04:59:29 Job executing on host: <128.30.66.170:39331>
...
006 (13851.000.000) 01/21 04:59:37 Image size of job updated: 284900
	45  -  MemoryUsage of job (MB)
	45144  -  ResidentSetSize of job (KB)
...
006 (13851.000.000) 01/21 05:00:35 Image size of job updated: 13276204
	45  -  MemoryUsage of job (MB)
	45144  -  ResidentSetSize of job (KB)
...
004 (13851.000.000) 01/21 05:00:35 Job was evicted.
	(0) Job was not checkpointed.
		Usr 0 00:00:30, Sys 0 00:00:08  -  Run Remote Usage
		Usr 0 00:00:00, Sys 0 00:00:00  -  Run Local Usage
	0  -  Run Bytes Sent By Job
	0  -  Run Bytes Received By Job
	Partitionable Resources :    Usage  Request          
	   Cpus                 :                 1          
	   Disk (KB)            :     2750     2750          
	   Memory (MB)          :       45       45          
...
009 (13851.000.000) 01/21 05:00:36 Job was aborted by the user.
	via condor_rm (by user rhklein)
...
000 (13932.000.000) 01/21 05:02:52 Job submitted from host: <128.30.112.18:46685>
...
001 (13932.000.000) 01/21 05:02:54 Job executing on host: <128.30.66.167:50426>
...
006 (13932.000.000) 01/21 05:03:03 Image size of job updated: 37788
	5  -  MemoryUsage of job (MB)
	5024  -  ResidentSetSize of job (KB)
...
006 (13932.000.000) 01/21 05:03:04 Image size of job updated: 298908
	5  -  MemoryUsage of job (MB)
	5024  -  ResidentSetSize of job (KB)
...
005 (13932.000.000) 01/21 05:03:04 Job terminated.
	(0) Abnormal termination (signal 9)
	(0) No core file
		Usr 0 00:00:09, Sys 0 00:00:00  -  Run Remote Usage
		Usr 0 00:00:00, Sys 0 00:00:00  -  Run Local Usage
		Usr 0 00:00:09, Sys 0 00:00:00  -  Total Remote Usage
		Usr 0 00:00:00, Sys 0 00:00:00  -  Total Local Usage
	0  -  Run Bytes Sent By Job
	0  -  Run Bytes Received By Job
	0  -  Total Bytes Sent By Job
	0  -  Total Bytes Received By Job
	Partitionable Resources :    Usage  Request          
	   Cpus                 :                 1          
	   Disk (KB)            :     2750     2750          
	   Memory (MB)          :        5        5          
...
000 (14072.000.000) 01/21 05:41:20 Job submitted from host: <128.30.112.18:46685>
...
001 (14072.000.000) 01/21 05:41:38 Job executing on host: <128.30.66.170:39331>
...
006 (14072.000.000) 01/21 05:41:46 Image size of job updated: 288852
	48  -  MemoryUsage of job (MB)
	49016  -  ResidentSetSize of job (KB)
...
006 (14072.000.000) 01/21 05:45:38 Image size of job updated: 884556
	48  -  MemoryUsage of job (MB)
	49016  -  ResidentSetSize of job (KB)
...
005 (14072.000.000) 01/21 05:45:40 Job terminated.
	(1) Normal termination (return value 1)
		Usr 0 00:02:46, Sys 0 00:00:02  -  Run Remote Usage
		Usr 0 00:00:00, Sys 0 00:00:00  -  Run Local Usage
		Usr 0 00:02:46, Sys 0 00:00:02  -  Total Remote Usage
		Usr 0 00:00:00, Sys 0 00:00:00  -  Total Local Usage
	0  -  Run Bytes Sent By Job
	0  -  Run Bytes Received By Job
	0  -  Total Bytes Sent By Job
	0  -  Total Bytes Received By Job
	Partitionable Resources :    Usage  Request          
	   Cpus                 :                 1          
	   Disk (KB)            :     2750     2750          
	   Memory (MB)          :       48       48          
...
