000 (13834.000.000) 01/21 04:59:07 Job submitted from host: <128.30.112.18:46685>
...
001 (13834.000.000) 01/21 04:59:28 Job executing on host: <128.30.66.170:39331>
...
006 (13834.000.000) 01/21 04:59:36 Image size of job updated: 287936
	48  -  MemoryUsage of job (MB)
	48216  -  ResidentSetSize of job (KB)
...
006 (13834.000.000) 01/21 05:00:35 Image size of job updated: 14261988
	48  -  MemoryUsage of job (MB)
	48216  -  ResidentSetSize of job (KB)
...
004 (13834.000.000) 01/21 05:00:35 Job was evicted.
	(0) Job was not checkpointed.
		Usr 0 00:00:31, Sys 0 00:00:07  -  Run Remote Usage
		Usr 0 00:00:00, Sys 0 00:00:00  -  Run Local Usage
	0  -  Run Bytes Sent By Job
	0  -  Run Bytes Received By Job
	Partitionable Resources :    Usage  Request          
	   Cpus                 :                 1          
	   Disk (KB)            :     2750     2750          
	   Memory (MB)          :       48       48          
...
009 (13834.000.000) 01/21 05:00:35 Job was aborted by the user.
	via condor_rm (by user rhklein)
...
000 (13915.000.000) 01/21 05:02:48 Job submitted from host: <128.30.112.18:46685>
...
001 (13915.000.000) 01/21 05:02:52 Job executing on host: <128.30.66.167:50426>
...
006 (13915.000.000) 01/21 05:02:54 Image size of job updated: 292420
	0  -  MemoryUsage of job (MB)
	0  -  ResidentSetSize of job (KB)
...
005 (13915.000.000) 01/21 05:02:54 Job terminated.
	(0) Abnormal termination (signal 9)
	(0) No core file
		Usr 0 00:00:01, Sys 0 00:00:00  -  Run Remote Usage
		Usr 0 00:00:00, Sys 0 00:00:00  -  Run Local Usage
		Usr 0 00:00:01, Sys 0 00:00:00  -  Total Remote Usage
		Usr 0 00:00:00, Sys 0 00:00:00  -  Total Local Usage
	0  -  Run Bytes Sent By Job
	0  -  Run Bytes Received By Job
	0  -  Total Bytes Sent By Job
	0  -  Total Bytes Received By Job
	Partitionable Resources :    Usage  Request          
	   Cpus                 :                 1          
	   Disk (KB)            :     2750     2750          
	   Memory (MB)          :        0        0          
...
000 (14055.000.000) 01/21 05:41:18 Job submitted from host: <128.30.112.18:46685>
...
001 (14055.000.000) 01/21 05:41:20 Job executing on host: <128.30.66.167:50426>
...
006 (14055.000.000) 01/21 05:41:28 Image size of job updated: 296240
	56  -  MemoryUsage of job (MB)
	56408  -  ResidentSetSize of job (KB)
...
006 (14055.000.000) 01/21 05:41:30 Image size of job updated: 300136
	56  -  MemoryUsage of job (MB)
	56408  -  ResidentSetSize of job (KB)
...
005 (14055.000.000) 01/21 05:41:30 Job terminated.
	(0) Abnormal termination (signal 9)
	(0) No core file
		Usr 0 00:00:09, Sys 0 00:00:00  -  Run Remote Usage
		Usr 0 00:00:00, Sys 0 00:00:00  -  Run Local Usage
		Usr 0 00:00:09, Sys 0 00:00:00  -  Total Remote Usage
		Usr 0 00:00:00, Sys 0 00:00:00  -  Total Local Usage
	0  -  Run Bytes Sent By Job
	0  -  Run Bytes Received By Job
	0  -  Total Bytes Sent By Job
	0  -  Total Bytes Received By Job
	Partitionable Resources :    Usage  Request          
	   Cpus                 :                 1          
	   Disk (KB)            :     2750     2750          
	   Memory (MB)          :       56       56          
...
