000 (13852.000.000) 01/21 04:59:09 Job submitted from host: <128.30.112.18:46685>
...
001 (13852.000.000) 01/21 04:59:29 Job executing on host: <128.30.66.166:36393>
...
006 (13852.000.000) 01/21 04:59:37 Image size of job updated: 246648
	38  -  MemoryUsage of job (MB)
	38336  -  ResidentSetSize of job (KB)
...
006 (13852.000.000) 01/21 05:00:06 Image size of job updated: 303088
	38  -  MemoryUsage of job (MB)
	38336  -  ResidentSetSize of job (KB)
...
005 (13852.000.000) 01/21 05:00:06 Job terminated.
	(1) Normal termination (return value 1)
		Usr 0 00:00:27, Sys 0 00:00:00  -  Run Remote Usage
		Usr 0 00:00:00, Sys 0 00:00:00  -  Run Local Usage
		Usr 0 00:00:27, Sys 0 00:00:00  -  Total Remote Usage
		Usr 0 00:00:00, Sys 0 00:00:00  -  Total Local Usage
	0  -  Run Bytes Sent By Job
	0  -  Run Bytes Received By Job
	0  -  Total Bytes Sent By Job
	0  -  Total Bytes Received By Job
	Partitionable Resources :    Usage  Request          
	   Cpus                 :                 1          
	   Disk (KB)            :     2750     2750          
	   Memory (MB)          :       38       38          
...
000 (13933.000.000) 01/21 05:02:52 Job submitted from host: <128.30.112.18:46685>
...
001 (13933.000.000) 01/21 05:02:54 Job executing on host: <128.30.66.167:50426>
...
006 (13933.000.000) 01/21 05:03:04 Image size of job updated: 2750
	3  -  MemoryUsage of job (MB)
	2220  -  ResidentSetSize of job (KB)
...
006 (13933.000.000) 01/21 05:03:04 Image size of job updated: 298144
	3  -  MemoryUsage of job (MB)
	2220  -  ResidentSetSize of job (KB)
...
005 (13933.000.000) 01/21 05:03:05 Job terminated.
	(0) Abnormal termination (signal 9)
	(0) No core file
		Usr 0 00:00:09, Sys 0 00:00:00  -  Run Remote Usage
		Usr 0 00:00:00, Sys 0 00:00:00  -  Run Local Usage
		Usr 0 00:00:09, Sys 0 00:00:00  -  Total Remote Usage
		Usr 0 00:00:00, Sys 0 00:00:00  -  Total Local Usage
	0  -  Run Bytes Sent By Job
	0  -  Run Bytes Received By Job
	0  -  Total Bytes Sent By Job
	0  -  Total Bytes Received By Job
	Partitionable Resources :    Usage  Request          
	   Cpus                 :                 1          
	   Disk (KB)            :     2750     2750          
	   Memory (MB)          :        3        3          
...
000 (14073.000.000) 01/21 05:41:20 Job submitted from host: <128.30.112.18:46685>
...
001 (14073.000.000) 01/21 05:41:38 Job executing on host: <128.30.66.167:50426>
...
006 (14073.000.000) 01/21 05:41:40 Image size of job updated: 290172
	0  -  MemoryUsage of job (MB)
	0  -  ResidentSetSize of job (KB)
...
005 (14073.000.000) 01/21 05:41:40 Job terminated.
	(0) Abnormal termination (signal 9)
	(0) No core file
		Usr 0 00:00:01, Sys 0 00:00:00  -  Run Remote Usage
		Usr 0 00:00:00, Sys 0 00:00:00  -  Run Local Usage
		Usr 0 00:00:01, Sys 0 00:00:00  -  Total Remote Usage
		Usr 0 00:00:00, Sys 0 00:00:00  -  Total Local Usage
	0  -  Run Bytes Sent By Job
	0  -  Run Bytes Received By Job
	0  -  Total Bytes Sent By Job
	0  -  Total Bytes Received By Job
	Partitionable Resources :    Usage  Request          
	   Cpus                 :                 1          
	   Disk (KB)            :     2750     2750          
	   Memory (MB)          :        0        0          
...
