000 (13635.000.000) 01/21 04:15:27 Job submitted from host: <128.30.112.18:46685>
...
001 (13635.000.000) 01/21 04:15:29 Job executing on host: <128.30.66.169:43926>
...
006 (13635.000.000) 01/21 04:15:38 Image size of job updated: 180960
	33  -  MemoryUsage of job (MB)
	33540  -  ResidentSetSize of job (KB)
...
006 (13635.000.000) 01/21 04:20:39 Image size of job updated: 337368
	95  -  MemoryUsage of job (MB)
	96736  -  ResidentSetSize of job (KB)
...
006 (13635.000.000) 01/21 04:22:46 Image size of job updated: 345180
	95  -  MemoryUsage of job (MB)
	96736  -  ResidentSetSize of job (KB)
...
005 (13635.000.000) 01/21 04:22:46 Job terminated.
	(1) Normal termination (return value 0)
		Usr 0 00:07:06, Sys 0 00:00:01  -  Run Remote Usage
		Usr 0 00:00:00, Sys 0 00:00:00  -  Run Local Usage
		Usr 0 00:07:06, Sys 0 00:00:01  -  Total Remote Usage
		Usr 0 00:00:00, Sys 0 00:00:00  -  Total Local Usage
	0  -  Run Bytes Sent By Job
	0  -  Run Bytes Received By Job
	0  -  Total Bytes Sent By Job
	0  -  Total Bytes Received By Job
	Partitionable Resources :    Usage  Request          
	   Cpus                 :                 1          
	   Disk (KB)            :     2750     2750          
	   Memory (MB)          :       95       95          
...
