000 (13637.000.000) 01/21 04:15:27 Job submitted from host: <128.30.112.18:46685>
...
001 (13637.000.000) 01/21 04:15:29 Job executing on host: <128.30.66.170:39331>
...
006 (13637.000.000) 01/21 04:15:38 Image size of job updated: 92344
	17  -  MemoryUsage of job (MB)
	17004  -  ResidentSetSize of job (KB)
...
006 (13637.000.000) 01/21 04:20:39 Image size of job updated: 321840
	79  -  MemoryUsage of job (MB)
	80612  -  ResidentSetSize of job (KB)
...
006 (13637.000.000) 01/21 04:21:09 Image size of job updated: 324460
	79  -  MemoryUsage of job (MB)
	80612  -  ResidentSetSize of job (KB)
...
005 (13637.000.000) 01/21 04:21:09 Job terminated.
	(1) Normal termination (return value 0)
		Usr 0 00:05:33, Sys 0 00:00:00  -  Run Remote Usage
		Usr 0 00:00:00, Sys 0 00:00:00  -  Run Local Usage
		Usr 0 00:05:33, Sys 0 00:00:00  -  Total Remote Usage
		Usr 0 00:00:00, Sys 0 00:00:00  -  Total Local Usage
	0  -  Run Bytes Sent By Job
	0  -  Run Bytes Received By Job
	0  -  Total Bytes Sent By Job
	0  -  Total Bytes Received By Job
	Partitionable Resources :    Usage  Request          
	   Cpus                 :                 1          
	   Disk (KB)            :     2750     2750          
	   Memory (MB)          :       79       79          
...
