000 (13838.000.000) 01/21 04:59:08 Job submitted from host: <128.30.112.18:46685>
...
001 (13838.000.000) 01/21 04:59:28 Job executing on host: <128.30.66.164:41719>
...
006 (13838.000.000) 01/21 04:59:37 Image size of job updated: 292492
	52  -  MemoryUsage of job (MB)
	52672  -  ResidentSetSize of job (KB)
...
006 (13838.000.000) 01/21 05:00:31 Image size of job updated: 1657352
	52  -  MemoryUsage of job (MB)
	52672  -  ResidentSetSize of job (KB)
...
004 (13838.000.000) 01/21 05:00:31 Job was evicted.
	(0) Job was not checkpointed.
		Usr 0 00:00:34, Sys 0 00:00:05  -  Run Remote Usage
		Usr 0 00:00:00, Sys 0 00:00:00  -  Run Local Usage
	0  -  Run Bytes Sent By Job
	0  -  Run Bytes Received By Job
	Partitionable Resources :    Usage  Request          
	   Cpus                 :                 1          
	   Disk (KB)            :     2750     2750          
	   Memory (MB)          :       52       52          
...
009 (13838.000.000) 01/21 05:00:31 Job was aborted by the user.
	via condor_rm (by user rhklein)
...
000 (13919.000.000) 01/21 05:02:48 Job submitted from host: <128.30.112.18:46685>
...
001 (13919.000.000) 01/21 05:02:52 Job executing on host: <128.30.66.170:39331>
...
006 (13919.000.000) 01/21 05:03:01 Image size of job updated: 288580
	48  -  MemoryUsage of job (MB)
	48748  -  ResidentSetSize of job (KB)
...
006 (13919.000.000) 01/21 05:05:29 Image size of job updated: 12259232
	48  -  MemoryUsage of job (MB)
	48748  -  ResidentSetSize of job (KB)
...
005 (13919.000.000) 01/21 05:05:29 Job terminated.
	(1) Normal termination (return value 1)
		Usr 0 00:02:32, Sys 0 00:00:02  -  Run Remote Usage
		Usr 0 00:00:00, Sys 0 00:00:00  -  Run Local Usage
		Usr 0 00:02:32, Sys 0 00:00:02  -  Total Remote Usage
		Usr 0 00:00:00, Sys 0 00:00:00  -  Total Local Usage
	0  -  Run Bytes Sent By Job
	0  -  Run Bytes Received By Job
	0  -  Total Bytes Sent By Job
	0  -  Total Bytes Received By Job
	Partitionable Resources :    Usage  Request          
	   Cpus                 :                 1          
	   Disk (KB)            :     2750     2750          
	   Memory (MB)          :       48       48          
...
000 (14059.000.000) 01/21 05:41:19 Job submitted from host: <128.30.112.18:46685>
...
001 (14059.000.000) 01/21 05:41:30 Job executing on host: <128.30.66.167:50426>
...
006 (14059.000.000) 01/21 05:41:38 Image size of job updated: 297568
	57  -  MemoryUsage of job (MB)
	57728  -  ResidentSetSize of job (KB)
...
006 (14059.000.000) 01/21 05:41:40 Image size of job updated: 298728
	57  -  MemoryUsage of job (MB)
	57728  -  ResidentSetSize of job (KB)
...
005 (14059.000.000) 01/21 05:41:40 Job terminated.
	(0) Abnormal termination (signal 9)
	(0) No core file
		Usr 0 00:00:09, Sys 0 00:00:00  -  Run Remote Usage
		Usr 0 00:00:00, Sys 0 00:00:00  -  Run Local Usage
		Usr 0 00:00:09, Sys 0 00:00:00  -  Total Remote Usage
		Usr 0 00:00:00, Sys 0 00:00:00  -  Total Local Usage
	0  -  Run Bytes Sent By Job
	0  -  Run Bytes Received By Job
	0  -  Total Bytes Sent By Job
	0  -  Total Bytes Received By Job
	Partitionable Resources :    Usage  Request          
	   Cpus                 :                 1          
	   Disk (KB)            :     2750     2750          
	   Memory (MB)          :       57       57          
...
