000 (440058.000.000) 02/04 18:37:24 Job submitted from host: <128.30.112.26:56169>
...
001 (440058.000.000) 02/05 02:03:22 Job executing on host: <128.30.113.71:37774>
...
006 (440058.000.000) 02/05 02:03:30 Image size of job updated: 2750
	3  -  MemoryUsage of job (MB)
	2260  -  ResidentSetSize of job (KB)
...
006 (440058.000.000) 02/05 02:03:40 Image size of job updated: 273952
	3  -  MemoryUsage of job (MB)
	2260  -  ResidentSetSize of job (KB)
...
005 (440058.000.000) 02/05 02:03:40 Job terminated.
	(1) Normal termination (return value 0)
		Usr 0 00:00:08, Sys 0 00:00:00  -  Run Remote Usage
		Usr 0 00:00:00, Sys 0 00:00:00  -  Run Local Usage
		Usr 0 00:00:08, Sys 0 00:00:00  -  Total Remote Usage
		Usr 0 00:00:00, Sys 0 00:00:00  -  Total Local Usage
	0  -  Run Bytes Sent By Job
	0  -  Run Bytes Received By Job
	0  -  Total Bytes Sent By Job
	0  -  Total Bytes Received By Job
	Partitionable Resources :    Usage  Request          
	   Cpus                 :                 1          
	   Disk (KB)            :     2750     2750          
	   Memory (MB)          :        3        3          
...
