000 (440062.000.000) 02/04 18:37:25 Job submitted from host: <128.30.112.26:56169>
...
001 (440062.000.000) 02/05 02:04:34 Job executing on host: <128.30.113.71:37774>
...
006 (440062.000.000) 02/05 02:04:42 Image size of job updated: 2750
	3  -  MemoryUsage of job (MB)
	2264  -  ResidentSetSize of job (KB)
...
006 (440062.000.000) 02/05 02:04:54 Image size of job updated: 274172
	3  -  MemoryUsage of job (MB)
	2264  -  ResidentSetSize of job (KB)
...
005 (440062.000.000) 02/05 02:04:54 Job terminated.
	(1) Normal termination (return value 0)
		Usr 0 00:00:11, Sys 0 00:00:00  -  Run Remote Usage
		Usr 0 00:00:00, Sys 0 00:00:00  -  Run Local Usage
		Usr 0 00:00:11, Sys 0 00:00:00  -  Total Remote Usage
		Usr 0 00:00:00, Sys 0 00:00:00  -  Total Local Usage
	0  -  Run Bytes Sent By Job
	0  -  Run Bytes Received By Job
	0  -  Total Bytes Sent By Job
	0  -  Total Bytes Received By Job
	Partitionable Resources :    Usage  Request          
	   Cpus                 :                 1          
	   Disk (KB)            :     2750     2750          
	   Memory (MB)          :        3        3          
...
