000 (13503.000.000) 01/20 19:09:44 Job submitted from host: <128.30.112.18:46685>
...
001 (13503.000.000) 01/20 19:10:03 Job executing on host: <128.30.66.166:36393>
...
006 (13503.000.000) 01/20 19:10:12 Image size of job updated: 301244
	60  -  MemoryUsage of job (MB)
	61420  -  ResidentSetSize of job (KB)
...
006 (13503.000.000) 01/20 19:15:13 Image size of job updated: 419496
	176  -  MemoryUsage of job (MB)
	179568  -  ResidentSetSize of job (KB)
...
006 (13503.000.000) 01/20 19:19:04 Image size of job updated: 464028
	176  -  MemoryUsage of job (MB)
	179568  -  ResidentSetSize of job (KB)
...
005 (13503.000.000) 01/20 19:19:04 Job terminated.
	(1) Normal termination (return value 0)
		Usr 0 00:08:43, Sys 0 00:00:06  -  Run Remote Usage
		Usr 0 00:00:00, Sys 0 00:00:00  -  Run Local Usage
		Usr 0 00:08:43, Sys 0 00:00:06  -  Total Remote Usage
		Usr 0 00:00:00, Sys 0 00:00:00  -  Total Local Usage
	0  -  Run Bytes Sent By Job
	0  -  Run Bytes Received By Job
	0  -  Total Bytes Sent By Job
	0  -  Total Bytes Received By Job
	Partitionable Resources :    Usage  Request          
	   Cpus                 :                 1          
	   Disk (KB)            :     2750     2750          
	   Memory (MB)          :      176      176          
...
