000 (13505.000.000) 01/20 19:09:44 Job submitted from host: <128.30.112.18:46685>
...
001 (13505.000.000) 01/20 19:10:03 Job executing on host: <128.30.66.164:41719>
...
006 (13505.000.000) 01/20 19:10:12 Image size of job updated: 300952
	60  -  MemoryUsage of job (MB)
	61204  -  ResidentSetSize of job (KB)
...
006 (13505.000.000) 01/20 19:15:13 Image size of job updated: 428376
	185  -  MemoryUsage of job (MB)
	188788  -  ResidentSetSize of job (KB)
...
006 (13505.000.000) 01/20 19:19:35 Image size of job updated: 482568
	185  -  MemoryUsage of job (MB)
	188788  -  ResidentSetSize of job (KB)
...
005 (13505.000.000) 01/20 19:19:35 Job terminated.
	(1) Normal termination (return value 0)
		Usr 0 00:09:13, Sys 0 00:00:07  -  Run Remote Usage
		Usr 0 00:00:00, Sys 0 00:00:00  -  Run Local Usage
		Usr 0 00:09:13, Sys 0 00:00:07  -  Total Remote Usage
		Usr 0 00:00:00, Sys 0 00:00:00  -  Total Local Usage
	0  -  Run Bytes Sent By Job
	0  -  Run Bytes Received By Job
	0  -  Total Bytes Sent By Job
	0  -  Total Bytes Received By Job
	Partitionable Resources :    Usage  Request          
	   Cpus                 :                 1          
	   Disk (KB)            :     2750     2750          
	   Memory (MB)          :      185      185          
...
