000 (13493.000.000) 01/20 19:09:43 Job submitted from host: <128.30.112.18:46685>
...
001 (13493.000.000) 01/20 19:10:02 Job executing on host: <128.30.66.165:41096>
...
006 (13493.000.000) 01/20 19:10:11 Image size of job updated: 289140
	49  -  MemoryUsage of job (MB)
	49324  -  ResidentSetSize of job (KB)
...
006 (13493.000.000) 01/20 19:15:12 Image size of job updated: 419488
	172  -  MemoryUsage of job (MB)
	175692  -  ResidentSetSize of job (KB)
...
006 (13493.000.000) 01/20 19:20:12 Image size of job updated: 471440
	227  -  MemoryUsage of job (MB)
	231692  -  ResidentSetSize of job (KB)
...
006 (13493.000.000) 01/20 19:20:51 Image size of job updated: 480212
	227  -  MemoryUsage of job (MB)
	231692  -  ResidentSetSize of job (KB)
...
005 (13493.000.000) 01/20 19:20:51 Job terminated.
	(1) Normal termination (return value 0)
		Usr 0 00:10:35, Sys 0 00:00:10  -  Run Remote Usage
		Usr 0 00:00:00, Sys 0 00:00:00  -  Run Local Usage
		Usr 0 00:10:35, Sys 0 00:00:10  -  Total Remote Usage
		Usr 0 00:00:00, Sys 0 00:00:00  -  Total Local Usage
	0  -  Run Bytes Sent By Job
	0  -  Run Bytes Received By Job
	0  -  Total Bytes Sent By Job
	0  -  Total Bytes Received By Job
	Partitionable Resources :    Usage  Request          
	   Cpus                 :                 1          
	   Disk (KB)            :     2750     2750          
	   Memory (MB)          :      227      227          
...
