000 (13495.000.000) 01/20 19:09:43 Job submitted from host: <128.30.112.18:46685>
...
001 (13495.000.000) 01/20 19:10:02 Job executing on host: <128.30.66.164:41719>
...
006 (13495.000.000) 01/20 19:10:11 Image size of job updated: 301152
	60  -  MemoryUsage of job (MB)
	61204  -  ResidentSetSize of job (KB)
...
006 (13495.000.000) 01/20 19:15:12 Image size of job updated: 418832
	170  -  MemoryUsage of job (MB)
	173940  -  ResidentSetSize of job (KB)
...
006 (13495.000.000) 01/20 19:20:12 Image size of job updated: 472096
	227  -  MemoryUsage of job (MB)
	232356  -  ResidentSetSize of job (KB)
...
005 (13495.000.000) 01/20 19:20:19 Job terminated.
	(1) Normal termination (return value 0)
		Usr 0 00:09:59, Sys 0 00:00:07  -  Run Remote Usage
		Usr 0 00:00:00, Sys 0 00:00:00  -  Run Local Usage
		Usr 0 00:09:59, Sys 0 00:00:07  -  Total Remote Usage
		Usr 0 00:00:00, Sys 0 00:00:00  -  Total Local Usage
	0  -  Run Bytes Sent By Job
	0  -  Run Bytes Received By Job
	0  -  Total Bytes Sent By Job
	0  -  Total Bytes Received By Job
	Partitionable Resources :    Usage  Request          
	   Cpus                 :                 1          
	   Disk (KB)            :     2750     2750          
	   Memory (MB)          :      227      227          
...
