000 (13605.000.000) 01/20 21:51:57 Job submitted from host: <128.30.112.18:46685>
...
001 (13605.000.000) 01/20 21:52:10 Job executing on host: <128.30.66.164:41719>
...
006 (13605.000.000) 01/20 21:52:19 Image size of job updated: 289508
	49  -  MemoryUsage of job (MB)
	49600  -  ResidentSetSize of job (KB)
...
006 (13605.000.000) 01/20 21:57:20 Image size of job updated: 348652
	107  -  MemoryUsage of job (MB)
	108736  -  ResidentSetSize of job (KB)
...
006 (13605.000.000) 01/20 21:59:49 Image size of job updated: 361820
	107  -  MemoryUsage of job (MB)
	108736  -  ResidentSetSize of job (KB)
...
005 (13605.000.000) 01/20 21:59:49 Job terminated.
	(1) Normal termination (return value 0)
		Usr 0 00:07:31, Sys 0 00:00:00  -  Run Remote Usage
		Usr 0 00:00:00, Sys 0 00:00:00  -  Run Local Usage
		Usr 0 00:07:31, Sys 0 00:00:00  -  Total Remote Usage
		Usr 0 00:00:00, Sys 0 00:00:00  -  Total Local Usage
	0  -  Run Bytes Sent By Job
	0  -  Run Bytes Received By Job
	0  -  Total Bytes Sent By Job
	0  -  Total Bytes Received By Job
	Partitionable Resources :    Usage  Request          
	   Cpus                 :                 1          
	   Disk (KB)            :     2750     2750          
	   Memory (MB)          :      107      107          
...
