000 (13612.000.000) 01/20 21:51:58 Job submitted from host: <128.30.112.18:46685>
...
001 (13612.000.000) 01/20 21:52:10 Job executing on host: <128.30.113.101:38623>
...
006 (13612.000.000) 01/20 21:52:19 Image size of job updated: 209344
	30  -  MemoryUsage of job (MB)
	29844  -  ResidentSetSize of job (KB)
...
006 (13612.000.000) 01/20 21:57:20 Image size of job updated: 269448
	89  -  MemoryUsage of job (MB)
	90140  -  ResidentSetSize of job (KB)
...
006 (13612.000.000) 01/20 22:00:14 Image size of job updated: 282864
	89  -  MemoryUsage of job (MB)
	90140  -  ResidentSetSize of job (KB)
...
005 (13612.000.000) 01/20 22:00:14 Job terminated.
	(1) Normal termination (return value 0)
		Usr 0 00:07:48, Sys 0 00:00:00  -  Run Remote Usage
		Usr 0 00:00:00, Sys 0 00:00:00  -  Run Local Usage
		Usr 0 00:07:48, Sys 0 00:00:00  -  Total Remote Usage
		Usr 0 00:00:00, Sys 0 00:00:00  -  Total Local Usage
	0  -  Run Bytes Sent By Job
	0  -  Run Bytes Received By Job
	0  -  Total Bytes Sent By Job
	0  -  Total Bytes Received By Job
	Partitionable Resources :    Usage  Request          
	   Cpus                 :                 1          
	   Disk (KB)            :     2750     2750          
	   Memory (MB)          :       89       89          
...
