000 (13595.000.000) 01/20 21:51:56 Job submitted from host: <128.30.112.18:46685>
...
001 (13595.000.000) 01/20 21:52:10 Job executing on host: <128.30.112.42:41963>
...
006 (13595.000.000) 01/20 21:52:19 Image size of job updated: 187236
	23  -  MemoryUsage of job (MB)
	22584  -  ResidentSetSize of job (KB)
...
006 (13595.000.000) 01/20 21:57:20 Image size of job updated: 230456
	65  -  MemoryUsage of job (MB)
	66040  -  ResidentSetSize of job (KB)
...
006 (13595.000.000) 01/20 22:02:20 Image size of job updated: 255460
	89  -  MemoryUsage of job (MB)
	91000  -  ResidentSetSize of job (KB)
...
006 (13595.000.000) 01/20 22:07:20 Image size of job updated: 272348
	106  -  MemoryUsage of job (MB)
	107920  -  ResidentSetSize of job (KB)
...
005 (13595.000.000) 01/20 22:07:28 Job terminated.
	(1) Normal termination (return value 0)
		Usr 0 00:14:51, Sys 0 00:00:00  -  Run Remote Usage
		Usr 0 00:00:00, Sys 0 00:00:00  -  Run Local Usage
		Usr 0 00:14:51, Sys 0 00:00:00  -  Total Remote Usage
		Usr 0 00:00:00, Sys 0 00:00:00  -  Total Local Usage
	0  -  Run Bytes Sent By Job
	0  -  Run Bytes Received By Job
	0  -  Total Bytes Sent By Job
	0  -  Total Bytes Received By Job
	Partitionable Resources :    Usage  Request          
	   Cpus                 :                 1          
	   Disk (KB)            :     2750     2750          
	   Memory (MB)          :      106      106          
...
