000 (13598.000.000) 01/20 21:51:56 Job submitted from host: <128.30.112.18:46685>
...
001 (13598.000.000) 01/20 21:52:10 Job executing on host: <128.30.66.164:41719>
...
006 (13598.000.000) 01/20 21:52:18 Image size of job updated: 107756
	21  -  MemoryUsage of job (MB)
	20916  -  ResidentSetSize of job (KB)
...
006 (13598.000.000) 01/20 21:57:18 Image size of job updated: 350652
	109  -  MemoryUsage of job (MB)
	110836  -  ResidentSetSize of job (KB)
...
006 (13598.000.000) 01/20 21:59:44 Image size of job updated: 360848
	109  -  MemoryUsage of job (MB)
	110836  -  ResidentSetSize of job (KB)
...
005 (13598.000.000) 01/20 21:59:44 Job terminated.
	(1) Normal termination (return value 0)
		Usr 0 00:07:21, Sys 0 00:00:01  -  Run Remote Usage
		Usr 0 00:00:00, Sys 0 00:00:00  -  Run Local Usage
		Usr 0 00:07:21, Sys 0 00:00:01  -  Total Remote Usage
		Usr 0 00:00:00, Sys 0 00:00:00  -  Total Local Usage
	0  -  Run Bytes Sent By Job
	0  -  Run Bytes Received By Job
	0  -  Total Bytes Sent By Job
	0  -  Total Bytes Received By Job
	Partitionable Resources :    Usage  Request          
	   Cpus                 :                 1          
	   Disk (KB)            :     2750     2750          
	   Memory (MB)          :      109      109          
...
