000 (13600.000.000) 01/20 21:51:56 Job submitted from host: <128.30.112.18:46685>
...
001 (13600.000.000) 01/20 21:52:10 Job executing on host: <128.30.113.101:38623>
...
006 (13600.000.000) 01/20 21:52:19 Image size of job updated: 209332
	30  -  MemoryUsage of job (MB)
	30104  -  ResidentSetSize of job (KB)
...
006 (13600.000.000) 01/20 21:57:20 Image size of job updated: 267736
	87  -  MemoryUsage of job (MB)
	88392  -  ResidentSetSize of job (KB)
...
006 (13600.000.000) 01/20 22:00:17 Image size of job updated: 287332
	87  -  MemoryUsage of job (MB)
	88392  -  ResidentSetSize of job (KB)
...
005 (13600.000.000) 01/20 22:00:17 Job terminated.
	(1) Normal termination (return value 0)
		Usr 0 00:08:01, Sys 0 00:00:00  -  Run Remote Usage
		Usr 0 00:00:00, Sys 0 00:00:00  -  Run Local Usage
		Usr 0 00:08:01, Sys 0 00:00:00  -  Total Remote Usage
		Usr 0 00:00:00, Sys 0 00:00:00  -  Total Local Usage
	0  -  Run Bytes Sent By Job
	0  -  Run Bytes Received By Job
	0  -  Total Bytes Sent By Job
	0  -  Total Bytes Received By Job
	Partitionable Resources :    Usage  Request          
	   Cpus                 :                 1          
	   Disk (KB)            :     2750     2750          
	   Memory (MB)          :       87       87          
...
