============================================================
Domain:		SystemAdministrator
Dimensions:	20
|S|:		1048576
|A|:		21
|S|x|A|:		22020096
Episode Cap:	200
Gamma:		0.95
Computers:	20
Edges:		[(0, 1), (1, 2), (2, 3), (3, 4), (4, 5), (5, 6), (6, 7), (7, 8), (8, 9), (9, 10), (10, 11), (11, 12), (12, 13), (13, 14), (14, 15), (15, 16), (16, 17), (17, 18), (18, 19), (0, 19)]
Neighbors:
0 : [1, 19]
1 : [0, 2]
2 : [1, 3]
3 : [2, 4]
4 : [3, 5]
5 : [4, 6]
6 : [5, 7]
7 : [6, 8]
8 : [7, 9]
9 : [8, 10]
10 : [9, 11]
11 : [10, 12]
12 : [11, 13]
13 : [12, 14]
14 : [13, 15]
15 : [14, 16]
16 : [15, 17]
17 : [16, 18]
18 : [17, 19]
19 : [18, 0]
============================================================
Representation:		IndependentDiscretizationCompactBinary
Features per action:	21
Binary Dimensions:	[ 0  1  2  3  4  5  6  7  8  9 10 11 12 13 14 15 16 17 18 19]
============================================================
Representation:		iFDD
Features per action:	21
Initial Representation:	IndependentDiscretizationCompactBinary
Plus:			1
Sparsify:		1
Cached:			1
Online Threshold:	10.000
Batch Threshold:		2000.000
Max Batch Discovery:	100
============================================================
Agent:		RE_LSPI
Policy:		eGreedy
Max LSPI Iterations:	10
Data Size:		2500
Weight Difference tol.:	0.001
Max Representation Expansion Iterations:	20
============================================================
Experiment:		OnlineExperiment
Output:			././20-results.txt
Learning Steps:		20000
Performance Checks:	8
Log Intervals:		60(s)
Representation Expansion iteration #1
-----------------
Running LSPI:
1: L2_norm of weight difference = 503.423, Density of A: 31.14%
2: L2_norm of weight difference = 401.505, Density of A: 30.17%
3: L2_norm of weight difference = 895.582, Density of A: 29.90%
4: L2_norm of weight difference = 895.891, Density of A: 27.65%
5: L2_norm of weight difference = 27762.537, Density of A: 28.27%
6: L2_norm of weight difference = 28048.804, Density of A: 22.90%
7: L2_norm of weight difference = 300.874, Density of A: 29.10%
8: L2_norm of weight difference = 1430.065, Density of A: 28.47%
9: L2_norm of weight difference = 1430.835, Density of A: 27.59%
10: L2_norm of weight difference = 1237.531, Density of A: 28.80%
Performance Check >>> 475.750 Return, 200 Steps, 21 Features
iFDD Batch: Max Relevance = 213.850
2500 >>> E[0:01:41]-R[0:11:47]: Return=612.00, Steps=200, Features = 21
Representation Expansion iteration #1
-----------------
Running LSPI:
1: L2_norm of weight difference = 261.158, Density of A: 13.14%
2: L2_norm of weight difference = 125.653, Density of A: 14.44%
3: L2_norm of weight difference = 109.829, Density of A: 14.48%
4: L2_norm of weight difference = 240.444, Density of A: 14.70%
5: L2_norm of weight difference = 241.384, Density of A: 13.04%
6: L2_norm of weight difference = 115.075, Density of A: 13.80%
7: L2_norm of weight difference = 139.187, Density of A: 14.92%
8: L2_norm of weight difference = 140.002, Density of A: 14.74%
9: L2_norm of weight difference = 152.812, Density of A: 15.39%
10: L2_norm of weight difference = 149.205, Density of A: 14.51%
Performance Check >>> 742.000 Return, 200 Steps, 21 Features
iFDD Batch: Max Relevance = 549.991
5000: E[0:03:07]-R[0:09:21]: Return=548.25, Steps=200, Features = 21
5000 >>> E[0:03:08]-R[0:09:23]: Return=750.00, Steps=200, Features = 21
Representation Expansion iteration #1
-----------------
Running LSPI:
1: L2_norm of weight difference = 361.508, Density of A: 10.79%
2: L2_norm of weight difference = 111.249, Density of A: 10.25%
3: L2_norm of weight difference = 110.686, Density of A: 12.34%
4: L2_norm of weight difference = 136.447, Density of A: 12.62%
5: L2_norm of weight difference = 141.032, Density of A: 11.63%
6: L2_norm of weight difference = 109.504, Density of A: 12.07%
7: L2_norm of weight difference = 104.044, Density of A: 12.20%
8: L2_norm of weight difference = 98.480, Density of A: 12.34%
9: L2_norm of weight difference = 99.802, Density of A: 11.77%
10: L2_norm of weight difference = 101.500, Density of A: 12.09%
Performance Check >>> 679.000 Return, 200 Steps, 21 Features
iFDD Batch: Max Relevance = 345.843
7500 >>> E[0:04:35]-R[0:07:39]: Return=518.25, Steps=200, Features = 21
Representation Expansion iteration #1
-----------------
Running LSPI:
1: L2_norm of weight difference = 421.991, Density of A: 14.48%
2: L2_norm of weight difference = 284.768, Density of A: 14.16%
3: L2_norm of weight difference = 289.853, Density of A: 13.73%
4: L2_norm of weight difference = 332.439, Density of A: 15.87%
5: L2_norm of weight difference = 373.875, Density of A: 16.74%
6: L2_norm of weight difference = 243.539, Density of A: 16.71%
7: L2_norm of weight difference = 272.384, Density of A: 16.40%
8: L2_norm of weight difference = 297.495, Density of A: 15.79%
9: L2_norm of weight difference = 304.140, Density of A: 16.09%
10: L2_norm of weight difference = 278.679, Density of A: 16.56%
Performance Check >>> 620.000 Return, 200 Steps, 21 Features
iFDD Batch: Max Relevance = 819.674
10000: E[0:06:10]-R[0:06:10]: Return=759.00, Steps=200, Features = 21
10000 >>> E[0:06:11]-R[0:06:11]: Return=511.00, Steps=200, Features = 21
Representation Expansion iteration #1
-----------------
Running LSPI:
1: L2_norm of weight difference = 359.505, Density of A: 15.43%
2: L2_norm of weight difference = 256.822, Density of A: 16.74%
3: L2_norm of weight difference = 248.108, Density of A: 15.24%
4: L2_norm of weight difference = 242.846, Density of A: 14.75%
5: L2_norm of weight difference = 300.765, Density of A: 14.34%
6: L2_norm of weight difference = 287.439, Density of A: 15.72%
7: L2_norm of weight difference = 470.449, Density of A: 17.20%
8: L2_norm of weight difference = 418.158, Density of A: 14.44%
9: L2_norm of weight difference = 190.828, Density of A: 16.74%
10: L2_norm of weight difference = 300.733, Density of A: 14.74%
Performance Check >>> 735.250 Return, 200 Steps, 21 Features
iFDD Batch: Max Relevance = 825.097
12500 >>> E[0:07:52]-R[0:04:43]: Return=554.75, Steps=200, Features = 21
Representation Expansion iteration #1
-----------------
Running LSPI:
1: L2_norm of weight difference = 472.731, Density of A: 14.86%
2: L2_norm of weight difference = 121.966, Density of A: 15.95%
3: L2_norm of weight difference = 122.248, Density of A: 16.02%
4: L2_norm of weight difference = 450.711, Density of A: 16.58%
5: L2_norm of weight difference = 671.401, Density of A: 14.94%
6: L2_norm of weight difference = 936.264, Density of A: 16.02%
7: L2_norm of weight difference = 823.279, Density of A: 15.76%
8: L2_norm of weight difference = 145.316, Density of A: 16.55%
9: L2_norm of weight difference = 159.288, Density of A: 15.65%
10: L2_norm of weight difference = 642.234, Density of A: 15.00%
Performance Check >>> 690.000 Return, 200 Steps, 21 Features
iFDD Batch: Max Relevance = 495.612
15000: E[0:09:08]-R[0:03:03]: Return=768.25, Steps=200, Features = 21
15000 >>> E[0:09:08]-R[0:03:03]: Return=631.00, Steps=200, Features = 21
Representation Expansion iteration #1
-----------------
Running LSPI:
1: L2_norm of weight difference = 277.281, Density of A: 15.64%
2: L2_norm of weight difference = 119.085, Density of A: 17.63%
3: L2_norm of weight difference = 684.569, Density of A: 15.84%
4: L2_norm of weight difference = 695.499, Density of A: 16.51%
5: L2_norm of weight difference = 112.583, Density of A: 16.24%
6: L2_norm of weight difference = 127.125, Density of A: 17.07%
7: L2_norm of weight difference = 223.779, Density of A: 18.27%
8: L2_norm of weight difference = 248.440, Density of A: 17.67%
9: L2_norm of weight difference = 255.047, Density of A: 17.88%
10: L2_norm of weight difference = 257.092, Density of A: 17.56%
Performance Check >>> 689.500 Return, 200 Steps, 21 Features
iFDD Batch: Max Relevance = 699.104
17500 >>> E[0:10:27]-R[0:01:30]: Return=820.50, Steps=200, Features = 21
Representation Expansion iteration #1
-----------------
Running LSPI:
1: L2_norm of weight difference = 286.353, Density of A: 15.13%
2: L2_norm of weight difference = 117.995, Density of A: 14.90%
3: L2_norm of weight difference = 155.297, Density of A: 14.54%
4: L2_norm of weight difference = 147.959, Density of A: 15.19%
5: L2_norm of weight difference = 100.225, Density of A: 13.55%
6: L2_norm of weight difference = 114.083, Density of A: 15.37%
7: L2_norm of weight difference = 147.436, Density of A: 15.24%
8: L2_norm of weight difference = 143.983, Density of A: 14.09%
9: L2_norm of weight difference = 130.607, Density of A: 14.62%
10: L2_norm of weight difference = 105.167, Density of A: 14.18%
Performance Check >>> 705.000 Return, 200 Steps, 21 Features
iFDD Batch: Max Relevance = 362.433
20000: E[0:11:32]-R[0:00:00]: Return=646.50, Steps=200, Features = 21
20000 >>> E[0:11:33]-R[0:00:00]: Return=589.00, Steps=200, Features = 21
============================================================
Took 0:11:33
Results	=> ././20-results.txt
Log	=> ././20-out.txt
