000 (14893.000.000) 01/23 12:26:29 Job submitted from host: <128.30.112.18:46685>
...
001 (14893.000.000) 01/23 12:26:54 Job executing on host: <128.30.112.210:36168>
...
006 (14893.000.000) 01/23 12:27:02 Image size of job updated: 2750
	3  -  MemoryUsage of job (MB)
	2292  -  ResidentSetSize of job (KB)
...
005 (14893.000.000) 01/23 12:27:09 Job terminated.
	(1) Normal termination (return value 1)
		Usr 0 00:00:00, Sys 0 00:00:00  -  Run Remote Usage
		Usr 0 00:00:00, Sys 0 00:00:00  -  Run Local Usage
		Usr 0 00:00:00, Sys 0 00:00:00  -  Total Remote Usage
		Usr 0 00:00:00, Sys 0 00:00:00  -  Total Local Usage
	0  -  Run Bytes Sent By Job
	0  -  Run Bytes Received By Job
	0  -  Total Bytes Sent By Job
	0  -  Total Bytes Received By Job
	Partitionable Resources :    Usage  Request          
	   Cpus                 :                 1          
	   Disk (KB)            :     2750     2750          
	   Memory (MB)          :        3        3          
...
