============================================================
Domain:		PST
Dimensions:	12
|S|:		5451776
|A|:		27
|S|x|A|:		147197952
Episode Cap:	1000
Gamma:		0.9
NUM_UAV:		3
============================================================
Representation:		IndependentDiscretizationCompactBinary
Features per action:	52
Binary Dimensions:	[ 6  7  8  9 10 11]
============================================================
Representation:		iFDD
Features per action:	52
Initial Representation:	IndependentDiscretizationCompactBinary
Plus:			1
Sparsify:		1
Cached:			1
Online Threshold:	45.000
Batch Threshold:		45.000
Max Batch Discovery:	20
============================================================
Agent:		SARSA
Policy:		eGreedy
Alpha_0:		0.10
============================================================
Experiment:		OnlineExperiment
Output:			././1-results.txt
Learning Steps:		50000
Performance Checks:	10
Log Intervals:		60(s)
5000 >>> E[0:00:27]-R[0:04:03]: Return=-50.00, Steps=11, Features = 1361
10000 >>> E[0:01:04]-R[0:04:16]: Return=12.00, Steps=10, Features = 2086
15000 >>> E[0:01:44]-R[0:04:03]: Return=52.00, Steps=10, Features = 2747
20000 >>> E[0:02:28]-R[0:03:42]: Return=-38.00, Steps=14, Features = 3254
25000 >>> E[0:03:22]-R[0:03:22]: Return=-69.00, Steps=23, Features = 3722
30000 >>> E[0:04:12]-R[0:02:48]: Return=10.00, Steps=10, Features = 4151
35000 >>> E[0:05:06]-R[0:02:11]: Return=-56.00, Steps=10, Features = 4543
40000 >>> E[0:05:55]-R[0:01:29]: Return=-63.00, Steps=11, Features = 4925
45000 >>> E[0:06:44]-R[0:00:45]: Return=89.00, Steps=10, Features = 5264
50000 >>> E[0:07:35]-R[0:00:00]: Return=-14.00, Steps=10, Features = 5558
============================================================
Took 0:07:35
Results	=> ././1-results.txt
Log	=> ././1-out.txt
