============================================================
Domain:		PST
Dimensions:	12
|S|:		5451776
|A|:		27
|S|x|A|:		147197952
Episode Cap:	1000
Gamma:		0.9
NUM_UAV:		3
============================================================
Representation:		IndependentDiscretizationCompactBinary
Features per action:	52
Binary Dimensions:	[ 6  7  8  9 10 11]
============================================================
Representation:		iFDD
Features per action:	52
Initial Representation:	IndependentDiscretizationCompactBinary
Plus:			1
Sparsify:		1
Cached:			1
Online Threshold:	45.000
Batch Threshold:		45.000
Max Batch Discovery:	20
============================================================
Agent:		SARSA
Policy:		eGreedy
Alpha_0:		0.10
============================================================
Experiment:		OnlineExperiment
Output:			././12-results.txt
Learning Steps:		50000
Performance Checks:	10
Log Intervals:		60(s)
5000 >>> E[0:00:27]-R[0:04:07]: Return=-15.00, Steps=10, Features = 1444
10000 >>> E[0:01:07]-R[0:04:26]: Return=-17.00, Steps=11, Features = 2268
15000 >>> E[0:01:52]-R[0:04:22]: Return=60.00, Steps=13, Features = 2995
20000 >>> E[0:02:40]-R[0:04:00]: Return=9.00, Steps=10, Features = 3573
25000 >>> E[0:03:32]-R[0:03:32]: Return=-57.00, Steps=11, Features = 4053
30000 >>> E[0:04:25]-R[0:02:57]: Return=-17.00, Steps=10, Features = 4500
35000 >>> E[0:05:20]-R[0:02:17]: Return=43.00, Steps=10, Features = 4911
40000 >>> E[0:06:12]-R[0:01:33]: Return=76.00, Steps=13, Features = 5311
45000 >>> E[0:07:04]-R[0:00:47]: Return=-81.00, Steps=13, Features = 5737
50000 >>> E[0:08:01]-R[0:00:00]: Return=114.00, Steps=14, Features = 6101
============================================================
Took 0:08:01
Results	=> ././12-results.txt
Log	=> ././12-out.txt
