============================================================
Domain:		PST
Dimensions:	12
|S|:		5451776
|A|:		27
|S|x|A|:		147197952
Episode Cap:	1000
Gamma:		0.9
NUM_UAV:		3
============================================================
Representation:		IndependentDiscretizationCompactBinary
Features per action:	52
Binary Dimensions:	[ 6  7  8  9 10 11]
============================================================
Representation:		iFDD
Features per action:	52
Initial Representation:	IndependentDiscretizationCompactBinary
Plus:			1
Sparsify:		1
Cached:			1
Online Threshold:	45.000
Batch Threshold:		45.000
Max Batch Discovery:	20
============================================================
Agent:		SARSA
Policy:		eGreedy
Alpha_0:		0.10
============================================================
Experiment:		OnlineExperiment
Output:			././15-results.txt
Learning Steps:		50000
Performance Checks:	10
Log Intervals:		60(s)
5000 >>> E[0:00:30]-R[0:04:27]: Return=10.00, Steps=11, Features = 1429
10000 >>> E[0:01:10]-R[0:04:40]: Return=-33.00, Steps=10, Features = 2181
15000 >>> E[0:01:53]-R[0:04:24]: Return=-67.00, Steps=20, Features = 2824
20000 >>> E[0:02:39]-R[0:03:59]: Return=-37.00, Steps=10, Features = 3394
25000 >>> E[0:03:31]-R[0:03:31]: Return=84.00, Steps=10, Features = 3882
30000 >>> E[0:04:23]-R[0:02:55]: Return=39.00, Steps=12, Features = 4308
35000 >>> E[0:05:13]-R[0:02:14]: Return=66.00, Steps=10, Features = 4718
40000 >>> E[0:06:11]-R[0:01:33]: Return=64.00, Steps=10, Features = 5039
45000 >>> E[0:07:09]-R[0:00:48]: Return=62.00, Steps=10, Features = 5351
50000 >>> E[0:08:08]-R[0:00:00]: Return=-15.00, Steps=11, Features = 5661
============================================================
Took 0:08:08
Results	=> ././15-results.txt
Log	=> ././15-out.txt
