============================================================
Domain:		PST
Dimensions:	12
|S|:		5451776
|A|:		27
|S|x|A|:		147197952
Episode Cap:	1000
Gamma:		0.9
NUM_UAV:		3
============================================================
Representation:		IndependentDiscretizationCompactBinary
Features per action:	52
Binary Dimensions:	[ 6  7  8  9 10 11]
============================================================
Representation:		iFDD
Features per action:	52
Initial Representation:	IndependentDiscretizationCompactBinary
Plus:			1
Sparsify:		1
Cached:			1
Online Threshold:	45.000
Batch Threshold:		45.000
Max Batch Discovery:	20
============================================================
Agent:		SARSA
Policy:		eGreedy
Alpha_0:		0.10
============================================================
Experiment:		OnlineExperiment
Output:			././17-results.txt
Learning Steps:		50000
Performance Checks:	10
Log Intervals:		60(s)
5000 >>> E[0:00:27]-R[0:04:01]: Return=-40.00, Steps=10, Features = 1210
10000 >>> E[0:01:05]-R[0:04:20]: Return=-29.00, Steps=10, Features = 2104
15000 >>> E[0:01:45]-R[0:04:04]: Return=-37.00, Steps=10, Features = 2719
20000 >>> E[0:02:28]-R[0:03:42]: Return=6.00, Steps=10, Features = 3284
25000 >>> E[0:03:23]-R[0:03:23]: Return=62.00, Steps=10, Features = 3763
30000 >>> E[0:04:15]-R[0:02:50]: Return=-18.00, Steps=10, Features = 4158
35000 >>> E[0:05:03]-R[0:02:10]: Return=62.00, Steps=10, Features = 4518
40000 >>> E[0:05:50]-R[0:01:28]: Return=24.00, Steps=10, Features = 4855
45000 >>> E[0:06:40]-R[0:00:44]: Return=27.00, Steps=10, Features = 5157
50000 >>> E[0:07:30]-R[0:00:00]: Return=-12.00, Steps=10, Features = 5427
============================================================
Took 0:07:30
Results	=> ././17-results.txt
Log	=> ././17-out.txt
