============================================================
Domain:		PST
Dimensions:	12
|S|:		5451776
|A|:		27
|S|x|A|:		147197952
Episode Cap:	1000
Gamma:		0.9
NUM_UAV:		3
============================================================
Representation:		IndependentDiscretizationCompactBinary
Features per action:	52
Binary Dimensions:	[ 6  7  8  9 10 11]
============================================================
Representation:		iFDD
Features per action:	52
Initial Representation:	IndependentDiscretizationCompactBinary
Plus:			1
Sparsify:		1
Cached:			1
Online Threshold:	45.000
Batch Threshold:		45.000
Max Batch Discovery:	20
============================================================
Agent:		SARSA
Policy:		eGreedy
Alpha_0:		0.10
============================================================
Experiment:		OnlineExperiment
Output:			././6-results.txt
Learning Steps:		50000
Performance Checks:	10
Log Intervals:		60(s)
5000 >>> E[0:00:27]-R[0:04:00]: Return=-30.00, Steps=10, Features = 1238
10000 >>> E[0:01:01]-R[0:04:02]: Return=-51.00, Steps=10, Features = 1884
15000 >>> E[0:01:40]-R[0:03:53]: Return=-12.00, Steps=10, Features = 2391
20000 >>> E[0:02:22]-R[0:03:33]: Return=-47.00, Steps=10, Features = 2856
25000 >>> E[0:03:06]-R[0:03:06]: Return=9.00, Steps=10, Features = 3233
30000 >>> E[0:03:52]-R[0:02:34]: Return=47.00, Steps=10, Features = 3559
35000 >>> E[0:04:42]-R[0:02:01]: Return=-70.00, Steps=10, Features = 3858
40000 >>> E[0:05:30]-R[0:01:23]: Return=-3.00, Steps=19, Features = 4125
45000 >>> E[0:06:12]-R[0:00:41]: Return=-32.00, Steps=21, Features = 4341
50000 >>> E[0:06:57]-R[0:00:00]: Return=-67.00, Steps=10, Features = 4576
============================================================
Took 0:06:57
Results	=> ././6-results.txt
Log	=> ././6-out.txt
