============================================================
Domain:		PST
Dimensions:	12
|S|:		5451776
|A|:		27
|S|x|A|:		147197952
Episode Cap:	1000
Gamma:		0.9
NUM_UAV:		3
============================================================
Representation:		IndependentDiscretizationCompactBinary
Features per action:	52
Binary Dimensions:	[ 6  7  8  9 10 11]
============================================================
Representation:		iFDD
Features per action:	52
Initial Representation:	IndependentDiscretizationCompactBinary
Plus:			1
Sparsify:		1
Cached:			1
Online Threshold:	85.000
Batch Threshold:		85.000
Max Batch Discovery:	20
============================================================
Agent:		SARSA
Policy:		eGreedy
Alpha_0:		0.10
============================================================
Experiment:		OnlineExperiment
Output:			././19-results.txt
Learning Steps:		50000
Performance Checks:	10
Log Intervals:		60(s)
5000 >>> E[0:00:19]-R[0:02:55]: Return=-39.00, Steps=10, Features = 99
10000 >>> E[0:00:39]-R[0:02:37]: Return=-111.00, Steps=31, Features = 118
15000 >>> E[0:01:01]-R[0:02:22]: Return=18.00, Steps=1000, Features = 135
20000 >>> E[0:01:21]-R[0:02:01]: Return=-22.00, Steps=13, Features = 142
25000 >>> E[0:01:41]-R[0:01:41]: Return=63.00, Steps=10, Features = 149
30000 >>> E[0:02:01]-R[0:01:20]: Return=-61.00, Steps=10, Features = 158
35000 >>> E[0:02:21]-R[0:01:00]: Return=-32.00, Steps=10, Features = 170
40000 >>> E[0:02:41]-R[0:00:40]: Return=-19.00, Steps=12, Features = 182
45000 >>> E[0:03:01]-R[0:00:20]: Return=44.00, Steps=12, Features = 186
50000 >>> E[0:03:21]-R[0:00:00]: Return=-8.00, Steps=10, Features = 196
============================================================
Took 0:03:21
Results	=> ././19-results.txt
Log	=> ././19-out.txt
