============================================================
Domain:		PST
Dimensions:	12
|S|:		5451776
|A|:		27
|S|x|A|:		147197952
Episode Cap:	1000
Gamma:		0.9
NUM_UAV:		3
============================================================
Representation:		IndependentDiscretizationCompactBinary
Features per action:	52
Binary Dimensions:	[ 6  7  8  9 10 11]
============================================================
Representation:		iFDD
Features per action:	52
Initial Representation:	IndependentDiscretizationCompactBinary
Plus:			1
Sparsify:		1
Cached:			1
Online Threshold:	85.000
Batch Threshold:		85.000
Max Batch Discovery:	20
============================================================
Agent:		SARSA
Policy:		eGreedy
Alpha_0:		0.10
============================================================
Experiment:		OnlineExperiment
Output:			././5-results.txt
Learning Steps:		50000
Performance Checks:	10
Log Intervals:		60(s)
5000 >>> E[0:00:21]-R[0:03:13]: Return=-64.00, Steps=10, Features = 101
10000 >>> E[0:00:43]-R[0:02:52]: Return=-55.00, Steps=11, Features = 116
15000 >>> E[0:01:04]-R[0:02:30]: Return=-76.00, Steps=10, Features = 136
20000 >>> E[0:01:26]-R[0:02:09]: Return=-37.00, Steps=15, Features = 143
25000 >>> E[0:01:47]-R[0:01:47]: Return=-31.00, Steps=10, Features = 150
30000 >>> E[0:02:09]-R[0:01:26]: Return=-26.00, Steps=17, Features = 157
35000 >>> E[0:02:30]-R[0:01:04]: Return=-59.00, Steps=11, Features = 162
40000 >>> E[0:02:54]-R[0:00:43]: Return=0.00, Steps=1000, Features = 167
45000 >>> E[0:03:15]-R[0:00:22]: Return=80.00, Steps=14, Features = 174
50000 >>> E[0:03:37]-R[0:00:00]: Return=-19.00, Steps=20, Features = 177
============================================================
Took 0:03:37
Results	=> ././5-results.txt
Log	=> ././5-out.txt
