000 (14165.000.000) 01/21 06:37:40 Job submitted from host: <128.30.112.18:46685>
...
001 (14165.000.000) 01/21 06:37:51 Job executing on host: <128.30.66.165:41096>
...
006 (14165.000.000) 01/21 06:38:00 Image size of job updated: 285088
	45  -  MemoryUsage of job (MB)
	45160  -  ResidentSetSize of job (KB)
...
006 (14165.000.000) 01/21 06:38:34 Image size of job updated: 302460
	45  -  MemoryUsage of job (MB)
	45160  -  ResidentSetSize of job (KB)
...
005 (14165.000.000) 01/21 06:38:34 Job terminated.
	(1) Normal termination (return value 0)
		Usr 0 00:00:29, Sys 0 00:00:03  -  Run Remote Usage
		Usr 0 00:00:00, Sys 0 00:00:00  -  Run Local Usage
		Usr 0 00:00:29, Sys 0 00:00:03  -  Total Remote Usage
		Usr 0 00:00:00, Sys 0 00:00:00  -  Total Local Usage
	0  -  Run Bytes Sent By Job
	0  -  Run Bytes Received By Job
	0  -  Total Bytes Sent By Job
	0  -  Total Bytes Received By Job
	Partitionable Resources :    Usage  Request          
	   Cpus                 :                 1          
	   Disk (KB)            :     2750     2750          
	   Memory (MB)          :       45       45          
...
