000 (14166.000.000) 01/21 06:37:40 Job submitted from host: <128.30.112.18:46685>
...
001 (14166.000.000) 01/21 06:37:51 Job executing on host: <128.30.66.164:41719>
...
006 (14166.000.000) 01/21 06:38:00 Image size of job updated: 107756
	21  -  MemoryUsage of job (MB)
	20956  -  ResidentSetSize of job (KB)
...
006 (14166.000.000) 01/21 06:43:01 Image size of job updated: 368284
	125  -  MemoryUsage of job (MB)
	127016  -  ResidentSetSize of job (KB)
...
006 (14166.000.000) 01/21 06:48:02 Image size of job updated: 411612
	158  -  MemoryUsage of job (MB)
	160812  -  ResidentSetSize of job (KB)
...
006 (14166.000.000) 01/21 06:53:02 Image size of job updated: 437388
	162  -  MemoryUsage of job (MB)
	165752  -  ResidentSetSize of job (KB)
...
006 (14166.000.000) 01/21 06:58:02 Image size of job updated: 482584
	184  -  MemoryUsage of job (MB)
	188356  -  ResidentSetSize of job (KB)
...
006 (14166.000.000) 01/21 07:03:03 Image size of job updated: 482584
	200  -  MemoryUsage of job (MB)
	204740  -  ResidentSetSize of job (KB)
...
006 (14166.000.000) 01/21 07:08:04 Image size of job updated: 482584
	234  -  MemoryUsage of job (MB)
	238772  -  ResidentSetSize of job (KB)
...
005 (14166.000.000) 01/21 07:09:11 Job terminated.
	(1) Normal termination (return value 0)
		Usr 0 00:25:39, Sys 0 00:05:28  -  Run Remote Usage
		Usr 0 00:00:00, Sys 0 00:00:00  -  Run Local Usage
		Usr 0 00:25:39, Sys 0 00:05:28  -  Total Remote Usage
		Usr 0 00:00:00, Sys 0 00:00:00  -  Total Local Usage
	0  -  Run Bytes Sent By Job
	0  -  Run Bytes Received By Job
	0  -  Total Bytes Sent By Job
	0  -  Total Bytes Received By Job
	Partitionable Resources :    Usage  Request          
	   Cpus                 :                 1          
	   Disk (KB)            :     2750     2750          
	   Memory (MB)          :      234      234          
...
