000 (14167.000.000) 01/21 06:37:40 Job submitted from host: <128.30.112.18:46685>
...
001 (14167.000.000) 01/21 06:37:51 Job executing on host: <128.30.66.163:58460>
...
006 (14167.000.000) 01/21 06:38:00 Image size of job updated: 297768
	57  -  MemoryUsage of job (MB)
	57864  -  ResidentSetSize of job (KB)
...
006 (14167.000.000) 01/21 06:41:20 Image size of job updated: 328632
	57  -  MemoryUsage of job (MB)
	57864  -  ResidentSetSize of job (KB)
...
005 (14167.000.000) 01/21 06:41:20 Job terminated.
	(1) Normal termination (return value 0)
		Usr 0 00:03:05, Sys 0 00:00:14  -  Run Remote Usage
		Usr 0 00:00:00, Sys 0 00:00:00  -  Run Local Usage
		Usr 0 00:03:05, Sys 0 00:00:14  -  Total Remote Usage
		Usr 0 00:00:00, Sys 0 00:00:00  -  Total Local Usage
	0  -  Run Bytes Sent By Job
	0  -  Run Bytes Received By Job
	0  -  Total Bytes Sent By Job
	0  -  Total Bytes Received By Job
	Partitionable Resources :    Usage  Request          
	   Cpus                 :                 1          
	   Disk (KB)            :     2750     2750          
	   Memory (MB)          :       57       57          
...
