000 (14169.000.000) 01/21 06:37:40 Job submitted from host: <128.30.112.18:46685>
...
001 (14169.000.000) 01/21 06:37:52 Job executing on host: <128.30.113.104:34762>
...
006 (14169.000.000) 01/21 06:38:01 Image size of job updated: 89924
	14  -  MemoryUsage of job (MB)
	14268  -  ResidentSetSize of job (KB)
...
006 (14169.000.000) 01/21 06:43:02 Image size of job updated: 295472
	114  -  MemoryUsage of job (MB)
	115876  -  ResidentSetSize of job (KB)
...
006 (14169.000.000) 01/21 06:53:03 Image size of job updated: 314220
	114  -  MemoryUsage of job (MB)
	115876  -  ResidentSetSize of job (KB)
...
006 (14169.000.000) 01/21 06:58:03 Image size of job updated: 326988
	145  -  MemoryUsage of job (MB)
	148156  -  ResidentSetSize of job (KB)
...
005 (14169.000.000) 01/21 07:06:11 Job terminated.
	(1) Normal termination (return value 0)
		Usr 0 00:27:37, Sys 0 00:00:13  -  Run Remote Usage
		Usr 0 00:00:00, Sys 0 00:00:00  -  Run Local Usage
		Usr 0 00:27:37, Sys 0 00:00:13  -  Total Remote Usage
		Usr 0 00:00:00, Sys 0 00:00:00  -  Total Local Usage
	0  -  Run Bytes Sent By Job
	0  -  Run Bytes Received By Job
	0  -  Total Bytes Sent By Job
	0  -  Total Bytes Received By Job
	Partitionable Resources :    Usage  Request          
	   Cpus                 :                 1          
	   Disk (KB)            :     2750     2750          
	   Memory (MB)          :      145      145          
...
