000 (14172.000.000) 01/21 06:37:40 Job submitted from host: <128.30.112.18:46685>
...
001 (14172.000.000) 01/21 06:37:51 Job executing on host: <128.30.66.164:41719>
...
006 (14172.000.000) 01/21 06:38:00 Image size of job updated: 2750
	3  -  MemoryUsage of job (MB)
	2236  -  ResidentSetSize of job (KB)
...
006 (14172.000.000) 01/21 06:38:42 Image size of job updated: 302408
	3  -  MemoryUsage of job (MB)
	2236  -  ResidentSetSize of job (KB)
...
005 (14172.000.000) 01/21 06:38:42 Job terminated.
	(1) Normal termination (return value 0)
		Usr 0 00:00:36, Sys 0 00:00:04  -  Run Remote Usage
		Usr 0 00:00:00, Sys 0 00:00:00  -  Run Local Usage
		Usr 0 00:00:36, Sys 0 00:00:04  -  Total Remote Usage
		Usr 0 00:00:00, Sys 0 00:00:00  -  Total Local Usage
	0  -  Run Bytes Sent By Job
	0  -  Run Bytes Received By Job
	0  -  Total Bytes Sent By Job
	0  -  Total Bytes Received By Job
	Partitionable Resources :    Usage  Request          
	   Cpus                 :                 1          
	   Disk (KB)            :     2750     2750          
	   Memory (MB)          :        3        3          
...
