000 (14156.000.000) 01/21 06:37:39 Job submitted from host: <128.30.112.18:46685>
...
001 (14156.000.000) 01/21 06:37:51 Job executing on host: <128.30.66.166:36393>
...
006 (14156.000.000) 01/21 06:37:59 Image size of job updated: 181256
	34  -  MemoryUsage of job (MB)
	33948  -  ResidentSetSize of job (KB)
...
006 (14156.000.000) 01/21 06:41:32 Image size of job updated: 328688
	34  -  MemoryUsage of job (MB)
	33948  -  ResidentSetSize of job (KB)
...
005 (14156.000.000) 01/21 06:41:32 Job terminated.
	(1) Normal termination (return value 0)
		Usr 0 00:03:09, Sys 0 00:00:15  -  Run Remote Usage
		Usr 0 00:00:00, Sys 0 00:00:00  -  Run Local Usage
		Usr 0 00:03:09, Sys 0 00:00:15  -  Total Remote Usage
		Usr 0 00:00:00, Sys 0 00:00:00  -  Total Local Usage
	0  -  Run Bytes Sent By Job
	0  -  Run Bytes Received By Job
	0  -  Total Bytes Sent By Job
	0  -  Total Bytes Received By Job
	Partitionable Resources :    Usage  Request          
	   Cpus                 :                 1          
	   Disk (KB)            :     2750     2750          
	   Memory (MB)          :       34       34          
...
