000 (14157.000.000) 01/21 06:37:39 Job submitted from host: <128.30.112.18:46685>
...
001 (14157.000.000) 01/21 06:37:51 Job executing on host: <128.30.66.164:41719>
...
006 (14157.000.000) 01/21 06:37:59 Image size of job updated: 173424
	30  -  MemoryUsage of job (MB)
	30324  -  ResidentSetSize of job (KB)
...
006 (14157.000.000) 01/21 06:42:59 Image size of job updated: 372952
	130  -  MemoryUsage of job (MB)
	132932  -  ResidentSetSize of job (KB)
...
006 (14157.000.000) 01/21 06:48:00 Image size of job updated: 389012
	130  -  MemoryUsage of job (MB)
	132932  -  ResidentSetSize of job (KB)
...
005 (14157.000.000) 01/21 06:51:39 Job terminated.
	(1) Normal termination (return value 0)
		Usr 0 00:13:39, Sys 0 00:00:00  -  Run Remote Usage
		Usr 0 00:00:00, Sys 0 00:00:00  -  Run Local Usage
		Usr 0 00:13:39, Sys 0 00:00:00  -  Total Remote Usage
		Usr 0 00:00:00, Sys 0 00:00:00  -  Total Local Usage
	0  -  Run Bytes Sent By Job
	0  -  Run Bytes Received By Job
	0  -  Total Bytes Sent By Job
	0  -  Total Bytes Received By Job
	Partitionable Resources :    Usage  Request          
	   Cpus                 :                 1          
	   Disk (KB)            :     2750     2750          
	   Memory (MB)          :      130      130          
...
