000 (14158.000.000) 01/21 06:37:39 Job submitted from host: <128.30.112.18:46685>
...
001 (14158.000.000) 01/21 06:37:51 Job executing on host: <128.30.66.163:58460>
...
006 (14158.000.000) 01/21 06:37:59 Image size of job updated: 297776
	57  -  MemoryUsage of job (MB)
	57884  -  ResidentSetSize of job (KB)
...
006 (14158.000.000) 01/21 06:42:59 Image size of job updated: 374480
	132  -  MemoryUsage of job (MB)
	134252  -  ResidentSetSize of job (KB)
...
005 (14158.000.000) 01/21 06:46:03 Job terminated.
	(1) Normal termination (return value 0)
		Usr 0 00:07:51, Sys 0 00:00:13  -  Run Remote Usage
		Usr 0 00:00:00, Sys 0 00:00:00  -  Run Local Usage
		Usr 0 00:07:51, Sys 0 00:00:13  -  Total Remote Usage
		Usr 0 00:00:00, Sys 0 00:00:00  -  Total Local Usage
	0  -  Run Bytes Sent By Job
	0  -  Run Bytes Received By Job
	0  -  Total Bytes Sent By Job
	0  -  Total Bytes Received By Job
	Partitionable Resources :    Usage  Request          
	   Cpus                 :                 1          
	   Disk (KB)            :     2750     2750          
	   Memory (MB)          :      132      132          
...
