000 (14160.000.000) 01/21 06:37:39 Job submitted from host: <128.30.112.18:46685>
...
001 (14160.000.000) 01/21 06:37:51 Job executing on host: <128.30.66.165:41096>
...
006 (14160.000.000) 01/21 06:37:59 Image size of job updated: 285092
	45  -  MemoryUsage of job (MB)
	45168  -  ResidentSetSize of job (KB)
...
006 (14160.000.000) 01/21 06:42:13 Image size of job updated: 327164
	45  -  MemoryUsage of job (MB)
	45168  -  ResidentSetSize of job (KB)
...
005 (14160.000.000) 01/21 06:42:13 Job terminated.
	(1) Normal termination (return value 0)
		Usr 0 00:04:17, Sys 0 00:00:00  -  Run Remote Usage
		Usr 0 00:00:00, Sys 0 00:00:00  -  Run Local Usage
		Usr 0 00:04:17, Sys 0 00:00:00  -  Total Remote Usage
		Usr 0 00:00:00, Sys 0 00:00:00  -  Total Local Usage
	0  -  Run Bytes Sent By Job
	0  -  Run Bytes Received By Job
	0  -  Total Bytes Sent By Job
	0  -  Total Bytes Received By Job
	Partitionable Resources :    Usage  Request          
	   Cpus                 :                 1          
	   Disk (KB)            :     2750     2750          
	   Memory (MB)          :       45       45          
...
