============================================================
Domain:		PST
Dimensions:	12
|S|:		5451776
|A|:		27
|S|x|A|:		147197952
Episode Cap:	1000
Gamma:		0.9
NUM_UAV:		3
============================================================
Representation:		IndependentDiscretizationCompactBinary
Features per action:	52
Binary Dimensions:	[ 6  7  8  9 10 11]
============================================================
Representation:		iFDD
Features per action:	52
Initial Representation:	IndependentDiscretizationCompactBinary
Plus:			1
Sparsify:		1
Cached:			1
Online Threshold:	350.000
Batch Threshold:		350.000
Max Batch Discovery:	20
============================================================
Agent:		RE_LSPI
Policy:		eGreedy
Max LSPI Iterations:	10
Data Size:		20000
Weight Difference tol.:	0.001
Max Representation Expansion Iterations:	20
============================================================
Experiment:		OnlineExperiment
Output:			././15-results.txt
Learning Steps:		20000
Performance Checks:	1
Log Intervals:		60(s)
Representation Expansion iteration #1
-----------------
Running LSPI:
1: L2_norm of weight difference = 162.013, Density of A: 19.82%
2: L2_norm of weight difference = 89.765, Density of A: 23.19%
3: L2_norm of weight difference = 76.132, Density of A: 22.50%
4: L2_norm of weight difference = 40.383, Density of A: 22.40%
5: L2_norm of weight difference = 38.280, Density of A: 22.41%
6: L2_norm of weight difference = 60.281, Density of A: 22.42%
7: L2_norm of weight difference = 0.000, Density of A: 22.42%
Performance Check >>> -429.000 Return, 1000 Steps, 52 Features
iFDD Batch: Max Relevance = 302.039
20000 >>> E[1:05:34]-R[0:00:00]: Return=-680.00, Steps=1000, Features = 52
============================================================
Took 1:05:34
Results	=> ././15-results.txt
Log	=> ././15-out.txt
