============================================================
Domain:		PST
Dimensions:	12
|S|:		5451776
|A|:		27
|S|x|A|:		147197952
Episode Cap:	1000
Gamma:		0.9
NUM_UAV:		3
============================================================
Representation:		IndependentDiscretizationCompactBinary
Features per action:	52
Binary Dimensions:	[ 6  7  8  9 10 11]
============================================================
Representation:		iFDD
Features per action:	52
Initial Representation:	IndependentDiscretizationCompactBinary
Plus:			1
Sparsify:		1
Cached:			1
Online Threshold:	350.000
Batch Threshold:		350.000
Max Batch Discovery:	20
============================================================
Agent:		RE_LSPI
Policy:		eGreedy
Max LSPI Iterations:	10
Data Size:		20000
Weight Difference tol.:	0.001
Max Representation Expansion Iterations:	20
============================================================
Experiment:		OnlineExperiment
Output:			././5-results.txt
Learning Steps:		20000
Performance Checks:	1
Log Intervals:		60(s)
Representation Expansion iteration #1
-----------------
Running LSPI:
1: L2_norm of weight difference = 182.601, Density of A: 20.52%
2: L2_norm of weight difference = 130.672, Density of A: 22.00%
3: L2_norm of weight difference = 60.368, Density of A: 21.84%
4: L2_norm of weight difference = 48.261, Density of A: 21.88%
5: L2_norm of weight difference = 37.570, Density of A: 21.87%
6: L2_norm of weight difference = 60.005, Density of A: 21.87%
7: L2_norm of weight difference = 0.000, Density of A: 21.87%
Performance Check >>> -75.000 Return, 1000 Steps, 52 Features
iFDD Batch: Max Relevance = 306.896
20000 >>> E[1:21:56]-R[0:00:00]: Return=-82.00, Steps=1000, Features = 52
============================================================
Took 1:21:56
Results	=> ././5-results.txt
Log	=> ././5-out.txt
