============================================================
Domain:		BlocksWorld
Dimensions:	4
|S|:		256
|A|:		16
|S|x|A|:		4096
Episode Cap:	1000
Gamma:		1
noise		0.3
blocks		4
============================================================
Representation:		IndependentDiscretizationCompactBinary
Features per action:	17
Binary Dimensions:	[]
============================================================
Representation:		iFDD
Features per action:	17
Initial Representation:	IndependentDiscretizationCompactBinary
Plus:			1
Sparsify:		0
Cached:			1
Online Threshold:	0.005
Batch Threshold:		0.005
Max Batch Discovery:	20
============================================================
Agent:		RE_LSPI
Policy:		eGreedy
Max LSPI Iterations:	10
Data Size:		5000
Weight Difference tol.:	0.001
Max Representation Expansion Iterations:	100
============================================================
Experiment:		OnlineExperiment
Output:			././1-results.txt
Learning Steps:		5000
Performance Checks:	1
Log Intervals:		60(s)
Representation Expansion iteration #1
-----------------
Running LSPI:
1: L2_norm of weight difference = 3.175, Density of A: 5.35%
2: L2_norm of weight difference = 0.905, Density of A: 5.67%
3: L2_norm of weight difference = 1.143, Density of A: 5.58%
4: L2_norm of weight difference = 1.382, Density of A: 5.37%
5: L2_norm of weight difference = 5.446, Density of A: 5.62%
6: L2_norm of weight difference = 5.408, Density of A: 5.76%
7: L2_norm of weight difference = 0.460, Density of A: 5.36%
8: L2_norm of weight difference = 0.601, Density of A: 5.26%
9: L2_norm of weight difference = 0.814, Density of A: 5.24%
10: L2_norm of weight difference = 0.598, Density of A: 5.29%
Performance Check >>> -1.000 Return, 1000 Steps, 17 Features
iFDD Batch: Max Relevance = 0.007
New Feature 17: [4, 9], Relevance = 0.007
Representation Expansion iteration #2
-----------------
Running LSPI:
1: L2_norm of weight difference = 3.347, Density of A: 4.77%
2: L2_norm of weight difference = 0.697, Density of A: 4.66%
3: L2_norm of weight difference = 0.719, Density of A: 4.62%
4: L2_norm of weight difference = 0.656, Density of A: 4.68%
5: L2_norm of weight difference = 0.000, Density of A: 4.68%
Performance Check >>> 0.996 Return, 5 Steps, 18 Features
iFDD Batch: Max Relevance = 0.003
5000 >>> E[0:01:24]-R[0:00:00]: Return=+1.00, Steps=4, Features = 18
============================================================
Took 0:01:25
Results	=> ././1-results.txt
Log	=> ././1-out.txt
