============================================================
Domain:		BlocksWorld
Dimensions:	4
|S|:		256
|A|:		16
|S|x|A|:		4096
Episode Cap:	1000
Gamma:		1
noise		0.3
blocks		4
============================================================
Representation:		IndependentDiscretization
Features per action:	16
============================================================
Representation:		iFDD
Features per action:	16
Initial Representation:	IndependentDiscretization
Plus:			1
Sparsify:		0
Cached:			1
Online Threshold:	0.005
Batch Threshold:		0.005
Max Batch Discovery:	20
============================================================
Agent:		RE_LSPI
Policy:		eGreedy
Max LSPI Iterations:	10
Data Size:		5000
Weight Difference tol.:	0.001
Max Representation Expansion Iterations:	100
============================================================
Experiment:		OnlineExperiment
Output:			././10-results.txt
Learning Steps:		5000
Performance Checks:	1
Log Intervals:		60(s)
Representation Expansion iteration #1
-----------------
Running LSPI:
1: L2_norm of weight difference = 2.209, Density of A: 6.06%
2: L2_norm of weight difference = 0.381, Density of A: 6.31%
3: L2_norm of weight difference = 1.869, Density of A: 6.07%
4: L2_norm of weight difference = 1.519, Density of A: 6.41%
5: L2_norm of weight difference = 2.133, Density of A: 6.22%
6: L2_norm of weight difference = 3.349, Density of A: 6.27%
7: L2_norm of weight difference = 3.445, Density of A: 6.59%
8: L2_norm of weight difference = 15.046, Density of A: 6.15%
9: L2_norm of weight difference = 10.652, Density of A: 6.30%
10: L2_norm of weight difference = 3.077, Density of A: 6.15%
Performance Check >>> -1.000 Return, 1000 Steps, 16 Features
iFDD Batch: Max Relevance = 22.064
New Feature 16: [0, 15], Relevance = 22.064
New Feature 17: [0, 10], Relevance = 21.104
New Feature 18: [10, 15], Relevance = 20.202
New Feature 19: [0, 5], Relevance = 19.755
New Feature 20: [5, 15], Relevance = 19.259
New Feature 21: [5, 10], Relevance = 17.538
New Feature 22: [0, 4], Relevance = 9.910
New Feature 23: [7, 10], Relevance = 9.481
New Feature 24: [11, 15], Relevance = 9.107
New Feature 25: [7, 15], Relevance = 9.097
New Feature 26: [4, 15], Relevance = 8.929
New Feature 27: [0, 7], Relevance = 8.886
New Feature 28: [0, 12], Relevance = 8.803
New Feature 29: [0, 11], Relevance = 8.703
New Feature 30: [4, 10], Relevance = 8.471
New Feature 31: [0, 8], Relevance = 8.167
New Feature 32: [0, 6], Relevance = 7.893
New Feature 33: [8, 15], Relevance = 7.845
New Feature 34: [6, 15], Relevance = 7.827
New Feature 35: [3, 15], Relevance = 7.783
Representation Expansion iteration #2
-----------------
Running LSPI:
1: L2_norm of weight difference = 2.222, Density of A: 4.82%
2: L2_norm of weight difference = 0.917, Density of A: 4.79%
3: L2_norm of weight difference = 0.885, Density of A: 4.77%
4: L2_norm of weight difference = 0.553, Density of A: 4.77%
5: L2_norm of weight difference = 0.858, Density of A: 4.77%
6: L2_norm of weight difference = 0.774, Density of A: 4.77%
7: L2_norm of weight difference = 0.553, Density of A: 4.77%
8: L2_norm of weight difference = 0.858, Density of A: 4.77%
9: L2_norm of weight difference = 0.774, Density of A: 4.77%
10: L2_norm of weight difference = 0.553, Density of A: 4.77%
Performance Check >>> 0.996 Return, 5 Steps, 36 Features
iFDD Batch: Max Relevance = 0.000
5000 >>> E[0:09:53]-R[0:00:00]: Return=+1.00, Steps=4, Features = 36
============================================================
Took 0:09:53
Results	=> ././10-results.txt
Log	=> ././10-out.txt
