============================================================
Domain:		BlocksWorld
Dimensions:	4
|S|:		256
|A|:		16
|S|x|A|:		4096
Episode Cap:	1000
Gamma:		1
noise		0.3
blocks		4
============================================================
Representation:		IndependentDiscretizationCompactBinary
Features per action:	17
Binary Dimensions:	[]
============================================================
Representation:		iFDD
Features per action:	17
Initial Representation:	IndependentDiscretizationCompactBinary
Plus:			1
Sparsify:		0
Cached:			1
Online Threshold:	0.005
Batch Threshold:		0.005
Max Batch Discovery:	20
============================================================
Agent:		RE_LSPI
Policy:		eGreedy
Max LSPI Iterations:	10
Data Size:		5000
Weight Difference tol.:	0.001
Max Representation Expansion Iterations:	100
============================================================
Experiment:		OnlineExperiment
Output:			././11-results.txt
Learning Steps:		5000
Performance Checks:	1
Log Intervals:		60(s)
Representation Expansion iteration #1
-----------------
Running LSPI:
1: L2_norm of weight difference = 2024237236.549, Density of A: 5.40%
2: L2_norm of weight difference = 2024237236.580, Density of A: 5.75%
3: L2_norm of weight difference = 1.220, Density of A: 5.79%
4: L2_norm of weight difference = 0.548, Density of A: 5.44%
5: L2_norm of weight difference = 0.520, Density of A: 5.30%
6: L2_norm of weight difference = 0.558, Density of A: 5.20%
7: L2_norm of weight difference = 0.595, Density of A: 5.40%
8: L2_norm of weight difference = 0.802, Density of A: 5.32%
9: L2_norm of weight difference = 0.788, Density of A: 5.28%
10: L2_norm of weight difference = 0.000, Density of A: 5.28%
Performance Check >>> -1.000 Return, 1000 Steps, 17 Features
iFDD Batch: Max Relevance = 0.008
New Feature 17: [4, 9], Relevance = 0.008
Representation Expansion iteration #2
-----------------
Running LSPI:
1: L2_norm of weight difference = 1.502, Density of A: 4.76%
2: L2_norm of weight difference = 0.565, Density of A: 4.76%
3: L2_norm of weight difference = 0.820, Density of A: 4.65%
4: L2_norm of weight difference = 0.412, Density of A: 4.70%
5: L2_norm of weight difference = 0.000, Density of A: 4.70%
Performance Check >>> 0.997 Return, 4 Steps, 18 Features
iFDD Batch: Max Relevance = 0.005
5000 >>> E[0:01:19]-R[0:00:00]: Return=+0.99, Steps=7, Features = 18
============================================================
Took 0:01:20
Results	=> ././11-results.txt
Log	=> ././11-out.txt
