============================================================
Domain:		BlocksWorld
Dimensions:	4
|S|:		256
|A|:		16
|S|x|A|:		4096
Episode Cap:	1000
Gamma:		1
noise		0.3
blocks		4
============================================================
Representation:		IndependentDiscretizationCompactBinary
Features per action:	17
Binary Dimensions:	[]
============================================================
Representation:		iFDD
Features per action:	17
Initial Representation:	IndependentDiscretizationCompactBinary
Plus:			1
Sparsify:		0
Cached:			1
Online Threshold:	0.005
Batch Threshold:		0.005
Max Batch Discovery:	20
============================================================
Agent:		RE_LSPI
Policy:		eGreedy
Max LSPI Iterations:	10
Data Size:		5000
Weight Difference tol.:	0.001
Max Representation Expansion Iterations:	100
============================================================
Experiment:		OnlineExperiment
Output:			././13-results.txt
Learning Steps:		5000
Performance Checks:	1
Log Intervals:		60(s)
Representation Expansion iteration #1
-----------------
Running LSPI:
1: L2_norm of weight difference = 1.767, Density of A: 5.41%
2: L2_norm of weight difference = 0.507, Density of A: 5.49%
3: L2_norm of weight difference = 0.521, Density of A: 5.56%
4: L2_norm of weight difference = 0.888, Density of A: 5.34%
5: L2_norm of weight difference = 0.832, Density of A: 5.34%
6: L2_norm of weight difference = 0.569, Density of A: 5.32%
7: L2_norm of weight difference = 0.484, Density of A: 5.29%
8: L2_norm of weight difference = 0.000, Density of A: 5.29%
Performance Check >>> 0.998 Return, 3 Steps, 17 Features
iFDD Batch: Max Relevance = 0.005
5000 >>> E[0:00:47]-R[0:00:00]: Return=+1.00, Steps=4, Features = 17
============================================================
Took 0:00:47
Results	=> ././13-results.txt
Log	=> ././13-out.txt
