============================================================
Domain:		BlocksWorld
Dimensions:	4
|S|:		256
|A|:		16
|S|x|A|:		4096
Episode Cap:	1000
Gamma:		1
noise		0.3
blocks		4
============================================================
Representation:		IndependentDiscretization
Features per action:	16
============================================================
Representation:		iFDD
Features per action:	16
Initial Representation:	IndependentDiscretization
Plus:			1
Sparsify:		0
Cached:			1
Online Threshold:	0.005
Batch Threshold:		0.005
Max Batch Discovery:	20
============================================================
Agent:		RE_LSPI
Policy:		eGreedy
Max LSPI Iterations:	10
Data Size:		5000
Weight Difference tol.:	0.001
Max Representation Expansion Iterations:	100
============================================================
Experiment:		OnlineExperiment
Output:			././15-results.txt
Learning Steps:		5000
Performance Checks:	1
Log Intervals:		60(s)
Representation Expansion iteration #1
-----------------
Running LSPI:
1: L2_norm of weight difference = 5.198, Density of A: 6.13%
2: L2_norm of weight difference = 0.582, Density of A: 6.21%
3: L2_norm of weight difference = 0.514, Density of A: 6.03%
4: L2_norm of weight difference = 0.428, Density of A: 5.98%
5: L2_norm of weight difference = 0.550, Density of A: 5.94%
6: L2_norm of weight difference = 0.548, Density of A: 5.94%
7: L2_norm of weight difference = 0.729, Density of A: 5.93%
8: L2_norm of weight difference = 0.000, Density of A: 5.93%
Performance Check >>> 0.994 Return, 7 Steps, 16 Features
iFDD Batch: Max Relevance = 0.008
New Feature 16: [4, 9], Relevance = 0.008
Representation Expansion iteration #2
-----------------
Running LSPI:
1: L2_norm of weight difference = 5.363, Density of A: 5.46%
2: L2_norm of weight difference = 0.807, Density of A: 5.35%
3: L2_norm of weight difference = 1.070, Density of A: 5.17%
4: L2_norm of weight difference = 0.550, Density of A: 5.17%
5: L2_norm of weight difference = 0.000, Density of A: 5.17%
Performance Check >>> 0.998 Return, 3 Steps, 17 Features
iFDD Batch: Max Relevance = 0.002
5000 >>> E[0:02:50]-R[0:00:00]: Return=+1.00, Steps=3, Features = 17
============================================================
Took 0:02:50
Results	=> ././15-results.txt
Log	=> ././15-out.txt
