============================================================
Domain:		BlocksWorld
Dimensions:	4
|S|:		256
|A|:		16
|S|x|A|:		4096
Episode Cap:	1000
Gamma:		1
noise		0.3
blocks		4
============================================================
Representation:		IndependentDiscretization
Features per action:	16
============================================================
Representation:		iFDD
Features per action:	16
Initial Representation:	IndependentDiscretization
Plus:			1
Sparsify:		0
Cached:			1
Online Threshold:	0.005
Batch Threshold:		0.005
Max Batch Discovery:	20
============================================================
Agent:		RE_LSPI
Policy:		eGreedy
Max LSPI Iterations:	10
Data Size:		5000
Weight Difference tol.:	0.001
Max Representation Expansion Iterations:	100
============================================================
Experiment:		OnlineExperiment
Output:			././17-results.txt
Learning Steps:		5000
Performance Checks:	1
Log Intervals:		60(s)
Representation Expansion iteration #1
-----------------
Running LSPI:
1: L2_norm of weight difference = 2.093, Density of A: 6.07%
2: L2_norm of weight difference = 1.024, Density of A: 6.34%
3: L2_norm of weight difference = 0.871, Density of A: 6.21%
4: L2_norm of weight difference = 0.910, Density of A: 6.06%
5: L2_norm of weight difference = 0.678, Density of A: 6.02%
6: L2_norm of weight difference = 0.425, Density of A: 6.02%
7: L2_norm of weight difference = 0.000, Density of A: 6.02%
Performance Check >>> -1.000 Return, 1000 Steps, 16 Features
iFDD Batch: Max Relevance = 0.020
New Feature 16: [4, 9], Relevance = 0.020
New Feature 17: [9, 12], Relevance = 0.011
New Feature 18: [5, 9], Relevance = 0.009
New Feature 19: [4, 10], Relevance = 0.007
New Feature 20: [4, 13], Relevance = 0.006
New Feature 21: [9, 15], Relevance = 0.005
Representation Expansion iteration #2
-----------------
Running LSPI:
1: L2_norm of weight difference = 2.061, Density of A: 4.13%
2: L2_norm of weight difference = 1.030, Density of A: 4.13%
3: L2_norm of weight difference = 0.753, Density of A: 4.13%
4: L2_norm of weight difference = 0.000, Density of A: 4.13%
Performance Check >>> 0.998 Return, 3 Steps, 22 Features
iFDD Batch: Max Relevance = 0.003
5000 >>> E[0:03:05]-R[0:00:00]: Return=+1.00, Steps=3, Features = 22
============================================================
Took 0:03:05
Results	=> ././17-results.txt
Log	=> ././17-out.txt
