============================================================
Domain:		BlocksWorld
Dimensions:	4
|S|:		256
|A|:		16
|S|x|A|:		4096
Episode Cap:	1000
Gamma:		1
noise		0.3
blocks		4
============================================================
Representation:		IndependentDiscretization
Features per action:	16
============================================================
Representation:		iFDD
Features per action:	16
Initial Representation:	IndependentDiscretization
Plus:			1
Sparsify:		0
Cached:			1
Online Threshold:	0.005
Batch Threshold:		0.005
Max Batch Discovery:	20
============================================================
Agent:		RE_LSPI
Policy:		eGreedy
Max LSPI Iterations:	10
Data Size:		5000
Weight Difference tol.:	0.001
Max Representation Expansion Iterations:	100
============================================================
Experiment:		OnlineExperiment
Output:			././18-results.txt
Learning Steps:		5000
Performance Checks:	1
Log Intervals:		60(s)
Representation Expansion iteration #1
-----------------
Running LSPI:
1: L2_norm of weight difference = 9.142, Density of A: 5.85%
2: L2_norm of weight difference = 9.824, Density of A: 6.54%
3: L2_norm of weight difference = 1.678, Density of A: 6.47%
4: L2_norm of weight difference = 1.926, Density of A: 6.17%
5: L2_norm of weight difference = 0.959, Density of A: 6.41%
6: L2_norm of weight difference = 3426971829.561, Density of A: 6.12%
7: L2_norm of weight difference = 3426971829.528, Density of A: 6.32%
8: L2_norm of weight difference = 1.286, Density of A: 6.37%
9: L2_norm of weight difference = 40.860, Density of A: 6.29%
10: L2_norm of weight difference = 912753970.455, Density of A: 6.11%
Performance Check >>> -1.000 Return, 1000 Steps, 16 Features
iFDD Batch: Max Relevance = 19.596
New Feature 16: [0, 4], Relevance = 19.596
New Feature 17: [0, 15], Relevance = 17.039
New Feature 18: [4, 15], Relevance = 15.699
New Feature 19: [0, 10], Relevance = 13.771
New Feature 20: [4, 9], Relevance = 12.210
New Feature 21: [10, 15], Relevance = 11.785
New Feature 22: [0, 5], Relevance = 11.308
New Feature 23: [4, 11], Relevance = 11.180
New Feature 24: [5, 15], Relevance = 11.075
New Feature 25: [4, 10], Relevance = 9.745
New Feature 26: [5, 10], Relevance = 9.164
New Feature 27: [9, 15], Relevance = 9.137
New Feature 28: [0, 9], Relevance = 8.965
New Feature 29: [0, 11], Relevance = 8.052
New Feature 30: [11, 15], Relevance = 7.722
New Feature 31: [5, 9], Relevance = 6.528
New Feature 32: [9, 14], Relevance = 5.832
New Feature 33: [0, 14], Relevance = 5.560
New Feature 34: [4, 14], Relevance = 5.294
New Feature 35: [1, 5], Relevance = 4.943
Representation Expansion iteration #2
-----------------
Running LSPI:
1: L2_norm of weight difference = 2.612, Density of A: 4.45%
2: L2_norm of weight difference = 0.803, Density of A: 4.35%
3: L2_norm of weight difference = 1.074, Density of A: 4.35%
4: L2_norm of weight difference = 0.000, Density of A: 4.35%
Performance Check >>> 0.997 Return, 4 Steps, 36 Features
iFDD Batch: Max Relevance = 0.000
5000 >>> E[0:05:35]-R[0:00:00]: Return=+1.00, Steps=3, Features = 36
============================================================
Took 0:05:35
Results	=> ././18-results.txt
Log	=> ././18-out.txt
