============================================================
Domain:		BlocksWorld
Dimensions:	4
|S|:		256
|A|:		16
|S|x|A|:		4096
Episode Cap:	1000
Gamma:		1
noise		0.3
blocks		4
============================================================
Representation:		IndependentDiscretization
Features per action:	16
============================================================
Representation:		iFDD
Features per action:	16
Initial Representation:	IndependentDiscretization
Plus:			1
Sparsify:		0
Cached:			1
Online Threshold:	0.005
Batch Threshold:		0.005
Max Batch Discovery:	20
============================================================
Agent:		RE_LSPI
Policy:		eGreedy
Max LSPI Iterations:	10
Data Size:		5000
Weight Difference tol.:	0.001
Max Representation Expansion Iterations:	100
============================================================
Experiment:		OnlineExperiment
Output:			././26-results.txt
Learning Steps:		5000
Performance Checks:	1
Log Intervals:		60(s)
Representation Expansion iteration #1
-----------------
Running LSPI:
1: L2_norm of weight difference = 1.745, Density of A: 5.96%
2: L2_norm of weight difference = 1.037, Density of A: 6.17%
3: L2_norm of weight difference = 0.640, Density of A: 6.04%
4: L2_norm of weight difference = 0.212, Density of A: 5.99%
5: L2_norm of weight difference = 0.761, Density of A: 5.96%
6: L2_norm of weight difference = 0.000, Density of A: 5.96%
Performance Check >>> 0.995 Return, 6 Steps, 16 Features
iFDD Batch: Max Relevance = 0.007
New Feature 16: [4, 9], Relevance = 0.007
Representation Expansion iteration #2
-----------------
Running LSPI:
1: L2_norm of weight difference = 1.691, Density of A: 5.40%
2: L2_norm of weight difference = 0.699, Density of A: 5.59%
3: L2_norm of weight difference = 0.507, Density of A: 5.38%
4: L2_norm of weight difference = 0.615, Density of A: 5.28%
5: L2_norm of weight difference = 0.000, Density of A: 5.28%
Performance Check >>> 0.994 Return, 7 Steps, 17 Features
iFDD Batch: Max Relevance = 0.002
5000 >>> E[0:02:28]-R[0:00:00]: Return=+0.99, Steps=9, Features = 17
============================================================
Took 0:02:28
Results	=> ././26-results.txt
Log	=> ././26-out.txt
