============================================================
Domain:		BlocksWorld
Dimensions:	4
|S|:		256
|A|:		16
|S|x|A|:		4096
Episode Cap:	1000
Gamma:		1
noise		0.3
blocks		4
============================================================
Representation:		IndependentDiscretization
Features per action:	16
============================================================
Representation:		iFDD
Features per action:	16
Initial Representation:	IndependentDiscretization
Plus:			1
Sparsify:		0
Cached:			1
Online Threshold:	0.005
Batch Threshold:		0.005
Max Batch Discovery:	20
============================================================
Agent:		RE_LSPI
Policy:		eGreedy
Max LSPI Iterations:	10
Data Size:		5000
Weight Difference tol.:	0.001
Max Representation Expansion Iterations:	100
============================================================
Experiment:		OnlineExperiment
Output:			././3-results.txt
Learning Steps:		5000
Performance Checks:	1
Log Intervals:		60(s)
Representation Expansion iteration #1
-----------------
Running LSPI:
1: L2_norm of weight difference = 2.116, Density of A: 6.15%
2: L2_norm of weight difference = 0.708, Density of A: 6.29%
3: L2_norm of weight difference = 1.500, Density of A: 6.21%
4: L2_norm of weight difference = 1.706, Density of A: 5.97%
5: L2_norm of weight difference = 0.377, Density of A: 6.16%
6: L2_norm of weight difference = 0.911, Density of A: 6.56%
7: L2_norm of weight difference = 15094820417.935, Density of A: 6.13%
8: L2_norm of weight difference = 15094820417.805, Density of A: 6.20%
9: L2_norm of weight difference = 1.639, Density of A: 6.30%
10: L2_norm of weight difference = 10.253, Density of A: 6.44%
Performance Check >>> -1.000 Return, 1000 Steps, 16 Features
iFDD Batch: Max Relevance = 4.259
New Feature 16: [0, 5], Relevance = 4.259
New Feature 17: [5, 10], Relevance = 3.609
New Feature 18: [0, 10], Relevance = 3.554
New Feature 19: [5, 15], Relevance = 3.144
New Feature 20: [0, 15], Relevance = 2.922
New Feature 21: [5, 13], Relevance = 2.864
New Feature 22: [0, 12], Relevance = 2.774
New Feature 23: [10, 13], Relevance = 2.548
New Feature 24: [10, 12], Relevance = 2.477
New Feature 25: [0, 13], Relevance = 2.466
New Feature 26: [10, 15], Relevance = 2.446
New Feature 27: [5, 12], Relevance = 2.254
New Feature 28: [5, 9], Relevance = 2.154
New Feature 29: [0, 9], Relevance = 1.794
New Feature 30: [5, 8], Relevance = 1.698
New Feature 31: [2, 5], Relevance = 1.677
New Feature 32: [0, 11], Relevance = 1.676
New Feature 33: [0, 8], Relevance = 1.671
New Feature 34: [9, 15], Relevance = 1.659
New Feature 35: [5, 11], Relevance = 1.578
Representation Expansion iteration #2
-----------------
Running LSPI:
1: L2_norm of weight difference = 1.903, Density of A: 5.04%
2: L2_norm of weight difference = 0.372, Density of A: 4.79%
3: L2_norm of weight difference = 0.795, Density of A: 4.77%
4: L2_norm of weight difference = 0.000, Density of A: 4.77%
Performance Check >>> 0.998 Return, 3 Steps, 36 Features
iFDD Batch: Max Relevance = 0.001
5000 >>> E[0:04:54]-R[0:00:00]: Return=+1.00, Steps=4, Features = 36
============================================================
Took 0:04:54
Results	=> ././3-results.txt
Log	=> ././3-out.txt
