============================================================
Domain:		BlocksWorld
Dimensions:	4
|S|:		256
|A|:		16
|S|x|A|:		4096
Episode Cap:	1000
Gamma:		1
noise		0.3
blocks		4
============================================================
Representation:		IndependentDiscretizationCompactBinary
Features per action:	17
Binary Dimensions:	[]
============================================================
Representation:		iFDD
Features per action:	17
Initial Representation:	IndependentDiscretizationCompactBinary
Plus:			1
Sparsify:		0
Cached:			1
Online Threshold:	0.005
Batch Threshold:		0.005
Max Batch Discovery:	20
============================================================
Agent:		RE_LSPI
Policy:		eGreedy
Max LSPI Iterations:	10
Data Size:		5000
Weight Difference tol.:	0.001
Max Representation Expansion Iterations:	100
============================================================
Experiment:		OnlineExperiment
Output:			././5-results.txt
Learning Steps:		5000
Performance Checks:	1
Log Intervals:		60(s)
Representation Expansion iteration #1
-----------------
Running LSPI:
1: L2_norm of weight difference = 1.734, Density of A: 5.34%
2: L2_norm of weight difference = 0.672, Density of A: 5.58%
3: L2_norm of weight difference = 0.599, Density of A: 5.30%
4: L2_norm of weight difference = 0.738, Density of A: 5.38%
5: L2_norm of weight difference = 0.678, Density of A: 5.29%
6: L2_norm of weight difference = 0.594, Density of A: 5.32%
7: L2_norm of weight difference = 0.422, Density of A: 5.25%
8: L2_norm of weight difference = 0.372, Density of A: 5.25%
9: L2_norm of weight difference = 0.000, Density of A: 5.25%
Performance Check >>> 0.997 Return, 4 Steps, 17 Features
iFDD Batch: Max Relevance = 0.006
New Feature 17: [4, 9], Relevance = 0.006
Representation Expansion iteration #2
-----------------
Running LSPI:
1: L2_norm of weight difference = 1.694, Density of A: 4.77%
2: L2_norm of weight difference = 0.504, Density of A: 4.65%
3: L2_norm of weight difference = 0.548, Density of A: 4.61%
4: L2_norm of weight difference = 0.000, Density of A: 4.61%
Performance Check >>> 0.996 Return, 5 Steps, 18 Features
iFDD Batch: Max Relevance = 0.002
5000 >>> E[0:01:10]-R[0:00:00]: Return=+1.00, Steps=3, Features = 18
============================================================
Took 0:01:11
Results	=> ././5-results.txt
Log	=> ././5-out.txt
