============================================================
Domain:		BlocksWorld
Dimensions:	4
|S|:		256
|A|:		16
|S|x|A|:		4096
Episode Cap:	1000
Gamma:		1
noise		0.3
blocks		4
============================================================
Representation:		IndependentDiscretization
Features per action:	16
============================================================
Representation:		iFDD
Features per action:	16
Initial Representation:	IndependentDiscretization
Plus:			1
Sparsify:		0
Cached:			1
Online Threshold:	0.005
Batch Threshold:		0.005
Max Batch Discovery:	20
============================================================
Agent:		RE_LSPI
Policy:		eGreedy
Max LSPI Iterations:	10
Data Size:		5000
Weight Difference tol.:	0.001
Max Representation Expansion Iterations:	100
============================================================
Experiment:		OnlineExperiment
Output:			././8-results.txt
Learning Steps:		5000
Performance Checks:	1
Log Intervals:		60(s)
Representation Expansion iteration #1
-----------------
Running LSPI:
1: L2_norm of weight difference = 2.063, Density of A: 6.06%
2: L2_norm of weight difference = 0.657, Density of A: 6.25%
3: L2_norm of weight difference = 0.465, Density of A: 6.01%
4: L2_norm of weight difference = 0.663, Density of A: 5.95%
5: L2_norm of weight difference = 0.574, Density of A: 6.02%
6: L2_norm of weight difference = 0.595, Density of A: 6.14%
7: L2_norm of weight difference = 0.795, Density of A: 6.21%
8: L2_norm of weight difference = 0.590, Density of A: 6.33%
9: L2_norm of weight difference = 0.356, Density of A: 6.23%
10: L2_norm of weight difference = 0.586, Density of A: 6.05%
Performance Check >>> -1.000 Return, 1000 Steps, 16 Features
iFDD Batch: Max Relevance = 0.103
New Feature 16: [2, 10], Relevance = 0.103
New Feature 17: [10, 15], Relevance = 0.091
New Feature 18: [5, 10], Relevance = 0.089
New Feature 19: [2, 15], Relevance = 0.086
New Feature 20: [2, 5], Relevance = 0.085
New Feature 21: [5, 15], Relevance = 0.072
New Feature 22: [2, 12], Relevance = 0.062
New Feature 23: [0, 15], Relevance = 0.060
New Feature 24: [0, 10], Relevance = 0.055
New Feature 25: [7, 15], Relevance = 0.054
New Feature 26: [2, 4], Relevance = 0.052
New Feature 27: [7, 10], Relevance = 0.047
New Feature 28: [0, 5], Relevance = 0.043
New Feature 29: [2, 7], Relevance = 0.042
New Feature 30: [10, 12], Relevance = 0.040
New Feature 31: [4, 15], Relevance = 0.037
New Feature 32: [0, 7], Relevance = 0.035
New Feature 33: [5, 12], Relevance = 0.035
New Feature 34: [3, 5], Relevance = 0.032
New Feature 35: [1, 10], Relevance = 0.032
Representation Expansion iteration #2
-----------------
Running LSPI:
1: L2_norm of weight difference = 2.016, Density of A: 4.44%
2: L2_norm of weight difference = 0.492, Density of A: 4.35%
3: L2_norm of weight difference = 0.572, Density of A: 4.33%
4: L2_norm of weight difference = 0.000, Density of A: 4.33%
Performance Check >>> 0.997 Return, 4 Steps, 36 Features
iFDD Batch: Max Relevance = 0.000
5000 >>> E[0:04:51]-R[0:00:00]: Return=+1.00, Steps=3, Features = 36
============================================================
Took 0:04:51
Results	=> ././8-results.txt
Log	=> ././8-out.txt
