============================================================
Domain:		BlocksWorld
Dimensions:	4
|S|:		256
|A|:		16
|S|x|A|:		4096
Episode Cap:	1000
Gamma:		1
noise		0.3
blocks		4
============================================================
Representation:		IndependentDiscretization
Features per action:	16
============================================================
Representation:		iFDD
Features per action:	16
Initial Representation:	IndependentDiscretization
Plus:			1
Sparsify:		0
Cached:			1
Online Threshold:	0.005
Batch Threshold:		0.005
Max Batch Discovery:	20
============================================================
Agent:		RE_LSPI
Policy:		eGreedy
Max LSPI Iterations:	10
Data Size:		5000
Weight Difference tol.:	0.001
Max Representation Expansion Iterations:	100
============================================================
Experiment:		OnlineExperiment
Output:			././9-results.txt
Learning Steps:		5000
Performance Checks:	1
Log Intervals:		60(s)
Representation Expansion iteration #1
-----------------
Running LSPI:
1: L2_norm of weight difference = 2.638, Density of A: 5.94%
2: L2_norm of weight difference = 0.462, Density of A: 6.59%
3: L2_norm of weight difference = 0.357, Density of A: 6.57%
4: L2_norm of weight difference = 0.639, Density of A: 6.00%
5: L2_norm of weight difference = 0.729, Density of A: 6.07%
6: L2_norm of weight difference = 0.486, Density of A: 6.21%
7: L2_norm of weight difference = 1.228, Density of A: 5.90%
8: L2_norm of weight difference = 1.281, Density of A: 6.34%
9: L2_norm of weight difference = 0.863, Density of A: 6.15%
10: L2_norm of weight difference = 1.784, Density of A: 6.40%
Performance Check >>> -1.000 Return, 1000 Steps, 16 Features
iFDD Batch: Max Relevance = 2.102
New Feature 16: [5, 15], Relevance = 2.102
New Feature 17: [5, 10], Relevance = 1.893
New Feature 18: [10, 15], Relevance = 1.833
New Feature 19: [2, 10], Relevance = 1.775
New Feature 20: [2, 15], Relevance = 1.569
New Feature 21: [2, 5], Relevance = 1.511
New Feature 22: [3, 15], Relevance = 1.465
New Feature 23: [3, 5], Relevance = 1.387
New Feature 24: [3, 10], Relevance = 1.203
New Feature 25: [1, 5], Relevance = 1.152
New Feature 26: [1, 15], Relevance = 1.055
New Feature 27: [0, 5], Relevance = 1.012
New Feature 28: [0, 15], Relevance = 0.912
New Feature 29: [2, 12], Relevance = 0.890
New Feature 30: [1, 10], Relevance = 0.876
New Feature 31: [5, 11], Relevance = 0.774
New Feature 32: [0, 10], Relevance = 0.747
New Feature 33: [2, 4], Relevance = 0.729
New Feature 34: [2, 7], Relevance = 0.728
New Feature 35: [5, 9], Relevance = 0.716
Representation Expansion iteration #2
-----------------
Running LSPI:
1: L2_norm of weight difference = 2.543, Density of A: 4.44%
2: L2_norm of weight difference = 0.809, Density of A: 4.42%
3: L2_norm of weight difference = 0.530, Density of A: 4.36%
4: L2_norm of weight difference = 0.000, Density of A: 4.36%
Performance Check >>> 0.993 Return, 8 Steps, 36 Features
iFDD Batch: Max Relevance = 0.000
5000 >>> E[0:05:00]-R[0:00:00]: Return=+1.00, Steps=4, Features = 36
============================================================
Took 0:05:00
Results	=> ././9-results.txt
Log	=> ././9-out.txt
