============================================================
Domain:		PST
Dimensions:	12
|S|:		5451776
|A|:		27
|S|x|A|:		147197952
Episode Cap:	1000
Gamma:		0.9
NUM_UAV:		3
============================================================
Representation:		IndependentDiscretizationCompactBinary
Features per action:	52
Binary Dimensions:	[ 6  7  8  9 10 11]
============================================================
Representation:		iFDD
Features per action:	52
Initial Representation:	IndependentDiscretizationCompactBinary
Plus:			1
Sparsify:		1
Cached:			1
Online Threshold:	65.000
Batch Threshold:		65.000
Max Batch Discovery:	20
============================================================
Agent:		SARSA
Policy:		eGreedy
Alpha_0:		0.10
============================================================
Experiment:		OnlineExperiment
Output:			././10-results.txt
Learning Steps:		50000
Performance Checks:	10
Log Intervals:		60(s)
5000 >>> E[0:00:22]-R[0:03:18]: Return=0.00, Steps=1000, Features = 164
10000 >>> E[0:00:45]-R[0:02:58]: Return=0.00, Steps=1000, Features = 221
15000 >>> E[0:01:09]-R[0:02:42]: Return=0.00, Steps=1000, Features = 246
20000 >>> E[0:01:37]-R[0:02:26]: Return=0.00, Steps=1000, Features = 266
25000 >>> E[0:02:01]-R[0:02:01]: Return=0.00, Steps=1000, Features = 281
30000 >>> E[0:02:28]-R[0:01:39]: Return=0.00, Steps=1000, Features = 309
35000 >>> E[0:02:54]-R[0:01:15]: Return=0.00, Steps=1000, Features = 323
40000 >>> E[0:03:27]-R[0:00:52]: Return=0.00, Steps=1000, Features = 341
45000 >>> E[0:03:55]-R[0:00:26]: Return=0.00, Steps=1000, Features = 357
50000 >>> E[0:04:21]-R[0:00:00]: Return=0.00, Steps=1000, Features = 363
============================================================
Took 0:04:21
Results	=> ././10-results.txt
Log	=> ././10-out.txt
