============================================================
Domain:		PST
Dimensions:	12
|S|:		5451776
|A|:		27
|S|x|A|:		147197952
Episode Cap:	1000
Gamma:		0.9
NUM_UAV:		3
============================================================
Representation:		IndependentDiscretizationCompactBinary
Features per action:	52
Binary Dimensions:	[ 6  7  8  9 10 11]
============================================================
Representation:		iFDD
Features per action:	52
Initial Representation:	IndependentDiscretizationCompactBinary
Plus:			1
Sparsify:		1
Cached:			1
Online Threshold:	65.000
Batch Threshold:		65.000
Max Batch Discovery:	20
============================================================
Agent:		SARSA
Policy:		eGreedy
Alpha_0:		0.10
============================================================
Experiment:		OnlineExperiment
Output:			././12-results.txt
Learning Steps:		50000
Performance Checks:	10
Log Intervals:		60(s)
5000 >>> E[0:00:19]-R[0:02:55]: Return=-49.00, Steps=11, Features = 221
10000 >>> E[0:00:41]-R[0:02:44]: Return=-46.00, Steps=14, Features = 372
15000 >>> E[0:01:04]-R[0:02:30]: Return=-75.00, Steps=17, Features = 531
20000 >>> E[0:01:29]-R[0:02:14]: Return=-36.00, Steps=10, Features = 687
25000 >>> E[0:01:56]-R[0:01:56]: Return=-26.00, Steps=15, Features = 818
30000 >>> E[0:02:23]-R[0:01:36]: Return=-18.00, Steps=10, Features = 934
35000 >>> E[0:02:51]-R[0:01:13]: Return=1.00, Steps=10, Features = 1017
40000 >>> E[0:03:20]-R[0:00:50]: Return=23.00, Steps=10, Features = 1098
45000 >>> E[0:03:50]-R[0:00:26]: Return=-1.00, Steps=1000, Features = 1174
50000 >>> E[0:04:19]-R[0:00:00]: Return=22.00, Steps=1000, Features = 1265
============================================================
Took 0:04:19
Results	=> ././12-results.txt
Log	=> ././12-out.txt
