============================================================
Domain:		PST
Dimensions:	12
|S|:		5451776
|A|:		27
|S|x|A|:		147197952
Episode Cap:	1000
Gamma:		0.9
NUM_UAV:		3
============================================================
Representation:		IndependentDiscretizationCompactBinary
Features per action:	52
Binary Dimensions:	[ 6  7  8  9 10 11]
============================================================
Representation:		iFDD
Features per action:	52
Initial Representation:	IndependentDiscretizationCompactBinary
Plus:			1
Sparsify:		1
Cached:			1
Online Threshold:	65.000
Batch Threshold:		65.000
Max Batch Discovery:	20
============================================================
Agent:		SARSA
Policy:		eGreedy
Alpha_0:		0.10
============================================================
Experiment:		OnlineExperiment
Output:			././13-results.txt
Learning Steps:		50000
Performance Checks:	10
Log Intervals:		60(s)
5000 >>> E[0:00:21]-R[0:03:08]: Return=0.00, Steps=1000, Features = 141
10000 >>> E[0:00:42]-R[0:02:49]: Return=0.00, Steps=1000, Features = 183
15000 >>> E[0:01:05]-R[0:02:32]: Return=0.00, Steps=1000, Features = 207
20000 >>> E[0:01:28]-R[0:02:13]: Return=0.00, Steps=1000, Features = 247
25000 >>> E[0:01:52]-R[0:01:52]: Return=0.00, Steps=1000, Features = 298
30000 >>> E[0:02:17]-R[0:01:31]: Return=0.00, Steps=1000, Features = 314
35000 >>> E[0:02:41]-R[0:01:09]: Return=0.00, Steps=1000, Features = 334
40000 >>> E[0:03:07]-R[0:00:47]: Return=0.00, Steps=1000, Features = 364
45000 >>> E[0:03:33]-R[0:00:24]: Return=0.00, Steps=1000, Features = 379
50000 >>> E[0:03:58]-R[0:00:00]: Return=0.00, Steps=1000, Features = 401
============================================================
Took 0:03:58
Results	=> ././13-results.txt
Log	=> ././13-out.txt
