============================================================
Domain:		PST
Dimensions:	12
|S|:		5451776
|A|:		27
|S|x|A|:		147197952
Episode Cap:	1000
Gamma:		0.9
NUM_UAV:		3
============================================================
Representation:		IndependentDiscretizationCompactBinary
Features per action:	52
Binary Dimensions:	[ 6  7  8  9 10 11]
============================================================
Representation:		iFDD
Features per action:	52
Initial Representation:	IndependentDiscretizationCompactBinary
Plus:			1
Sparsify:		1
Cached:			1
Online Threshold:	65.000
Batch Threshold:		65.000
Max Batch Discovery:	20
============================================================
Agent:		SARSA
Policy:		eGreedy
Alpha_0:		0.10
============================================================
Experiment:		OnlineExperiment
Output:			././15-results.txt
Learning Steps:		50000
Performance Checks:	10
Log Intervals:		60(s)
5000 >>> E[0:00:19]-R[0:02:52]: Return=-66.00, Steps=14, Features = 173
10000 >>> E[0:00:40]-R[0:02:41]: Return=0.00, Steps=1000, Features = 214
15000 >>> E[0:01:02]-R[0:02:25]: Return=0.00, Steps=1000, Features = 245
20000 >>> E[0:01:26]-R[0:02:10]: Return=0.00, Steps=1000, Features = 264
25000 >>> E[0:01:50]-R[0:01:50]: Return=0.00, Steps=1000, Features = 292
30000 >>> E[0:02:15]-R[0:01:30]: Return=0.00, Steps=1000, Features = 317
35000 >>> E[0:02:41]-R[0:01:09]: Return=0.00, Steps=1000, Features = 337
40000 >>> E[0:03:07]-R[0:00:47]: Return=0.00, Steps=1000, Features = 359
45000 >>> E[0:03:30]-R[0:00:23]: Return=-73.00, Steps=12, Features = 379
50000 >>> E[0:03:55]-R[0:00:00]: Return=0.00, Steps=1000, Features = 392
============================================================
Took 0:03:55
Results	=> ././15-results.txt
Log	=> ././15-out.txt
