============================================================
Domain:		SystemAdministrator
Dimensions:	20
|S|:		1048576
|A|:		21
|S|x|A|:		22020096
Episode Cap:	200
Gamma:		0.95
Computers:	20
Edges:		[(0, 15), (0, 10), (0, 7), (0, 14), (0, 12), (1, 3), (1, 15), (1, 5), (1, 17), (1, 18), (1, 10), (2, 17), (2, 15), (2, 16), (2, 4), (2, 8), (2, 7), (3, 17), (3, 16), (4, 16), (4, 5), (4, 11), (4, 13), (5, 16), (5, 15), (5, 10), (5, 12), (5, 11), (5, 13), (6, 15), (6, 10), (6, 11), (6, 12), (6, 18), (7, 17), (7, 8), (7, 9), (7, 14), (8, 10), (8, 11), (9, 10), (9, 11), (9, 13), (10, 15), (10, 16), (10, 12), (11, 16), (11, 18), (11, 14), (12, 15), (15, 17), (15, 19), (16, 19), (18, 19)]
Neighbors:
0 : [15, 10, 7, 14, 12]
1 : [3, 15, 5, 17, 18, 10]
2 : [17, 15, 16, 4, 8, 7]
3 : [1, 17, 16]
4 : [2, 16, 5, 11, 13]
5 : [1, 4, 16, 15, 10, 12, 11, 13]
6 : [15, 10, 11, 12, 18]
7 : [0, 2, 17, 8, 9, 14]
8 : [2, 7, 10, 11]
9 : [7, 10, 11, 13]
10 : [0, 1, 5, 6, 8, 9, 15, 16, 12]
11 : [4, 5, 6, 8, 9, 16, 18, 14]
12 : [0, 5, 6, 10, 15]
13 : [4, 5, 9]
14 : [0, 7, 11]
15 : [0, 1, 2, 5, 6, 10, 12, 17, 19]
16 : [2, 3, 4, 5, 10, 11, 19]
17 : [1, 2, 3, 7, 15]
18 : [1, 6, 11, 19]
19 : [15, 16, 18]
============================================================
Representation:		IndependentDiscretizationCompactBinary
Features per action:	21
Binary Dimensions:	[ 0  1  2  3  4  5  6  7  8  9 10 11 12 13 14 15 16 17 18 19]
============================================================
Representation:		iFDD
Features per action:	21
Initial Representation:	IndependentDiscretizationCompactBinary
Plus:			1
Sparsify:		1
Cached:			1
Online Threshold:	250.000
Batch Threshold:		250.000
Max Batch Discovery:	20
============================================================
Agent:		RE_LSPI
Policy:		eGreedy
Max LSPI Iterations:	10
Data Size:		20000
Weight Difference tol.:	0.001
Max Representation Expansion Iterations:	20
============================================================
Experiment:		OnlineExperiment
Output:			././12-results.txt
Learning Steps:		20000
Performance Checks:	1
Log Intervals:		60(s)
Representation Expansion iteration #1
-----------------
Running LSPI:
1: L2_norm of weight difference = 342.942, Density of A: 63.28%
2: L2_norm of weight difference = 71.364, Density of A: 60.26%
3: L2_norm of weight difference = 1.786, Density of A: 60.25%
4: L2_norm of weight difference = 0.005, Density of A: 60.24%
5: L2_norm of weight difference = 0.000, Density of A: 60.24%
Performance Check >>> 625.000 Return, 200 Steps, 21 Features
iFDD Batch: Max Relevance = 366.422
New Feature 1: [3, 13], Relevance = 366.422
New Feature 2: [0, 1], Relevance = 360.043
New Feature 3: [9, 18], Relevance = 359.867
New Feature 4: [13, 14], Relevance = 357.839
New Feature 5: [13, 19], Relevance = 356.902
New Feature 6: [1, 14], Relevance = 354.246
New Feature 7: [9, 14], Relevance = 353.162
New Feature 8: [8, 19], Relevance = 352.063
New Feature 9: [13, 17], Relevance = 349.391
New Feature 10: [11, 12], Relevance = 349.313
New Feature 11: [12, 13], Relevance = 345.373
New Feature 12: [0, 18], Relevance = 345.114
New Feature 13: [6, 14], Relevance = 344.221
New Feature 14: [1, 13], Relevance = 342.368
New Feature 15: [12, 14], Relevance = 341.630
New Feature 16: [1, 7], Relevance = 341.028
New Feature 17: [7, 19], Relevance = 340.676
New Feature 18: [6, 13], Relevance = 337.629
New Feature 19: [5, 15], Relevance = 336.439
New Feature 20: [5, 11], Relevance = 336.399
Representation Expansion iteration #2
-----------------
Running LSPI:
1: L2_norm of weight difference = 9717.113, Density of A: 22.36%
2: L2_norm of weight difference = 9591.838, Density of A: 18.21%
3: L2_norm of weight difference = 500.526, Density of A: 17.99%
4: L2_norm of weight difference = 2629.038, Density of A: 21.02%
5: L2_norm of weight difference = 2128.629, Density of A: 17.79%
6: L2_norm of weight difference = 510.720, Density of A: 19.12%
7: L2_norm of weight difference = 2800.534, Density of A: 20.81%
8: L2_norm of weight difference = 2297.608, Density of A: 17.76%
9: L2_norm of weight difference = 498.333, Density of A: 19.05%
10: L2_norm of weight difference = 2977.273, Density of A: 20.70%
Performance Check >>> 380.500 Return, 200 Steps, 41 Features
iFDD Batch: Max Relevance = 199.636
20000: E[0:41:31]-R[0:00:00]: Return=521.00, Steps=200, Features = 41
20000 >>> E[0:41:32]-R[0:00:00]: Return=289.25, Steps=200, Features = 41
============================================================
Took 0:41:32
Results	=> ././12-results.txt
Log	=> ././12-out.txt
