============================================================
Domain:		PST
Dimensions:	12
|S|:		5451776
|A|:		27
|S|x|A|:		147197952
Episode Cap:	1000
Gamma:		0.9
NUM_UAV:		3
============================================================
Representation:		IndependentDiscretizationCompactBinary
Features per action:	52
Binary Dimensions:	[ 6  7  8  9 10 11]
============================================================
Representation:		iFDD
Features per action:	52
Initial Representation:	IndependentDiscretizationCompactBinary
Plus:			1
Sparsify:		1
Cached:			1
Online Threshold:	75.000
Batch Threshold:		75.000
Max Batch Discovery:	20
============================================================
Agent:		SARSA
Policy:		eGreedy
Alpha_0:		0.10
============================================================
Experiment:		OnlineExperiment
Output:			././13-results.txt
Learning Steps:		50000
Performance Checks:	10
Log Intervals:		60(s)
5000 >>> E[0:00:27]-R[0:04:00]: Return=22.00, Steps=10, Features = 249
10000 >>> E[0:00:54]-R[0:03:37]: Return=46.00, Steps=10, Features = 390
15000 >>> E[0:01:22]-R[0:03:12]: Return=-30.00, Steps=10, Features = 503
20000 >>> E[0:01:52]-R[0:02:48]: Return=60.00, Steps=10, Features = 600
25000 >>> E[0:02:21]-R[0:02:21]: Return=63.00, Steps=10, Features = 695
30000 >>> E[0:02:51]-R[0:01:54]: Return=-68.00, Steps=11, Features = 781
35000 >>> E[0:03:21]-R[0:01:26]: Return=62.00, Steps=10, Features = 873
40000 >>> E[0:03:58]-R[0:01:00]: Return=42.00, Steps=11, Features = 962
45000 >>> E[0:04:32]-R[0:00:30]: Return=85.00, Steps=10, Features = 1037
50000 >>> E[0:05:02]-R[0:00:00]: Return=136.00, Steps=14, Features = 1113
============================================================
Took 0:05:02
Results	=> ././13-results.txt
Log	=> ././13-out.txt
