============================================================
Domain:		PST
Dimensions:	12
|S|:		5451776
|A|:		27
|S|x|A|:		147197952
Episode Cap:	1000
Gamma:		0.9
NUM_UAV:		3
============================================================
Representation:		IndependentDiscretizationCompactBinary
Features per action:	52
Binary Dimensions:	[ 6  7  8  9 10 11]
============================================================
Representation:		iFDD
Features per action:	52
Initial Representation:	IndependentDiscretizationCompactBinary
Plus:			1
Sparsify:		1
Cached:			1
Online Threshold:	75.000
Batch Threshold:		75.000
Max Batch Discovery:	20
============================================================
Agent:		SARSA
Policy:		eGreedy
Alpha_0:		0.10
============================================================
Experiment:		OnlineExperiment
Output:			././18-results.txt
Learning Steps:		50000
Performance Checks:	10
Log Intervals:		60(s)
5000 >>> E[0:00:19]-R[0:02:47]: Return=-19.00, Steps=13, Features = 214
10000 >>> E[0:00:38]-R[0:02:32]: Return=-27.00, Steps=10, Features = 339
15000 >>> E[0:00:58]-R[0:02:16]: Return=-33.00, Steps=10, Features = 437
20000 >>> E[0:01:19]-R[0:01:58]: Return=-100.00, Steps=25, Features = 493
25000 >>> E[0:01:41]-R[0:01:41]: Return=-10.00, Steps=10, Features = 569
30000 >>> E[0:02:04]-R[0:01:23]: Return=-7.00, Steps=22, Features = 626
35000 >>> E[0:02:27]-R[0:01:03]: Return=45.00, Steps=11, Features = 696
40000 >>> E[0:02:52]-R[0:00:43]: Return=-51.00, Steps=15, Features = 764
45000 >>> E[0:03:17]-R[0:00:22]: Return=-12.00, Steps=10, Features = 823
50000 >>> E[0:03:42]-R[0:00:00]: Return=5.00, Steps=14, Features = 869
============================================================
Took 0:03:42
Results	=> ././18-results.txt
Log	=> ././18-out.txt
