============================================================
Domain:		PST
Dimensions:	12
|S|:		5451776
|A|:		27
|S|x|A|:		147197952
Episode Cap:	1000
Gamma:		0.9
NUM_UAV:		3
============================================================
Representation:		IndependentDiscretizationCompactBinary
Features per action:	52
Binary Dimensions:	[ 6  7  8  9 10 11]
============================================================
Representation:		iFDD
Features per action:	52
Initial Representation:	IndependentDiscretizationCompactBinary
Plus:			1
Sparsify:		1
Cached:			1
Online Threshold:	75.000
Batch Threshold:		75.000
Max Batch Discovery:	20
============================================================
Agent:		SARSA
Policy:		eGreedy
Alpha_0:		0.10
============================================================
Experiment:		OnlineExperiment
Output:			././2-results.txt
Learning Steps:		50000
Performance Checks:	10
Log Intervals:		60(s)
5000 >>> E[0:00:23]-R[0:03:24]: Return=-17.00, Steps=10, Features = 267
10000 >>> E[0:00:47]-R[0:03:08]: Return=44.00, Steps=10, Features = 406
15000 >>> E[0:01:11]-R[0:02:45]: Return=-31.00, Steps=10, Features = 495
20000 >>> E[0:01:36]-R[0:02:24]: Return=1.00, Steps=12, Features = 570
25000 >>> E[0:02:04]-R[0:02:04]: Return=44.00, Steps=10, Features = 652
30000 >>> E[0:02:37]-R[0:01:45]: Return=67.00, Steps=10, Features = 731
35000 >>> E[0:03:13]-R[0:01:23]: Return=-13.00, Steps=11, Features = 787
40000 >>> E[0:03:44]-R[0:00:56]: Return=64.00, Steps=10, Features = 862
45000 >>> E[0:04:18]-R[0:00:29]: Return=35.00, Steps=28, Features = 919
50000 >>> E[0:04:48]-R[0:00:00]: Return=48.00, Steps=10, Features = 972
============================================================
Took 0:04:48
Results	=> ././2-results.txt
Log	=> ././2-out.txt
