============================================================
Domain:		PST
Dimensions:	12
|S|:		5451776
|A|:		27
|S|x|A|:		147197952
Episode Cap:	1000
Gamma:		0.9
NUM_UAV:		3
============================================================
Representation:		IndependentDiscretizationCompactBinary
Features per action:	52
Binary Dimensions:	[ 6  7  8  9 10 11]
============================================================
Representation:		iFDD
Features per action:	52
Initial Representation:	IndependentDiscretizationCompactBinary
Plus:			1
Sparsify:		1
Cached:			1
Online Threshold:	75.000
Batch Threshold:		75.000
Max Batch Discovery:	20
============================================================
Agent:		SARSA
Policy:		eGreedy
Alpha_0:		0.10
============================================================
Experiment:		OnlineExperiment
Output:			././20-results.txt
Learning Steps:		50000
Performance Checks:	10
Log Intervals:		60(s)
5000 >>> E[0:00:25]-R[0:03:47]: Return=-16.00, Steps=10, Features = 262
10000 >>> E[0:00:53]-R[0:03:31]: Return=-57.00, Steps=10, Features = 411
15000 >>> E[0:01:18]-R[0:03:02]: Return=-71.00, Steps=10, Features = 528
20000 >>> E[0:01:43]-R[0:02:35]: Return=46.00, Steps=10, Features = 643
25000 >>> E[0:02:10]-R[0:02:10]: Return=9.00, Steps=10, Features = 751
30000 >>> E[0:02:40]-R[0:01:46]: Return=85.00, Steps=10, Features = 833
35000 >>> E[0:03:11]-R[0:01:22]: Return=43.00, Steps=28, Features = 907
40000 >>> E[0:03:49]-R[0:00:57]: Return=-31.00, Steps=10, Features = 989
45000 >>> E[0:04:21]-R[0:00:29]: Return=-19.00, Steps=10, Features = 1075
50000 >>> E[0:04:53]-R[0:00:00]: Return=-18.00, Steps=10, Features = 1155
============================================================
Took 0:04:53
Results	=> ././20-results.txt
Log	=> ././20-out.txt
