============================================================
Domain:		PST
Dimensions:	12
|S|:		5451776
|A|:		27
|S|x|A|:		147197952
Episode Cap:	1000
Gamma:		0.9
NUM_UAV:		3
============================================================
Representation:		IndependentDiscretizationCompactBinary
Features per action:	52
Binary Dimensions:	[ 6  7  8  9 10 11]
============================================================
Representation:		iFDD
Features per action:	52
Initial Representation:	IndependentDiscretizationCompactBinary
Plus:			1
Sparsify:		1
Cached:			1
Online Threshold:	65.000
Batch Threshold:		65.000
Max Batch Discovery:	20
============================================================
Agent:		SARSA
Policy:		eGreedy
Alpha_0:		0.10
============================================================
Experiment:		OnlineExperiment
Output:			././16-results.txt
Learning Steps:		50000
Performance Checks:	10
Log Intervals:		60(s)
5000 >>> E[0:00:20]-R[0:02:58]: Return=-38.00, Steps=14, Features = 178
10000 >>> E[0:00:40]-R[0:02:40]: Return=-60.00, Steps=13, Features = 228
15000 >>> E[0:01:01]-R[0:02:23]: Return=-44.00, Steps=17, Features = 262
20000 >>> E[0:01:22]-R[0:02:04]: Return=-70.00, Steps=12, Features = 295
25000 >>> E[0:01:44]-R[0:01:44]: Return=-55.00, Steps=10, Features = 331
30000 >>> E[0:02:07]-R[0:01:25]: Return=-64.00, Steps=13, Features = 359
35000 >>> E[0:02:29]-R[0:01:04]: Return=-35.00, Steps=23, Features = 385
40000 >>> E[0:02:51]-R[0:00:43]: Return=26.00, Steps=23, Features = 424
45000 >>> E[0:03:14]-R[0:00:22]: Return=-23.00, Steps=57, Features = 460
50000 >>> E[0:03:37]-R[0:00:00]: Return=-20.00, Steps=11, Features = 481
============================================================
Took 0:03:37
Results	=> ././16-results.txt
Log	=> ././16-out.txt
