============================================================
Domain:		PST
Dimensions:	12
|S|:		5451776
|A|:		27
|S|x|A|:		147197952
Episode Cap:	1000
Gamma:		0.9
NUM_UAV:		3
============================================================
Representation:		IndependentDiscretizationCompactBinary
Features per action:	52
Binary Dimensions:	[ 6  7  8  9 10 11]
============================================================
Representation:		iFDD
Features per action:	52
Initial Representation:	IndependentDiscretizationCompactBinary
Plus:			1
Sparsify:		1
Cached:			1
Online Threshold:	65.000
Batch Threshold:		65.000
Max Batch Discovery:	20
============================================================
Agent:		SARSA
Policy:		eGreedy
Alpha_0:		0.10
============================================================
Experiment:		OnlineExperiment
Output:			././20-results.txt
Learning Steps:		50000
Performance Checks:	10
Log Intervals:		60(s)
5000 >>> E[0:00:21]-R[0:03:07]: Return=-58.00, Steps=13, Features = 168
10000 >>> E[0:00:42]-R[0:02:49]: Return=-105.00, Steps=36, Features = 206
15000 >>> E[0:01:04]-R[0:02:30]: Return=40.00, Steps=81, Features = 234
20000 >>> E[0:01:26]-R[0:02:09]: Return=-84.00, Steps=20, Features = 271
25000 >>> E[0:01:49]-R[0:01:49]: Return=10.00, Steps=10, Features = 308
30000 >>> E[0:02:12]-R[0:01:28]: Return=-73.00, Steps=10, Features = 338
35000 >>> E[0:02:36]-R[0:01:07]: Return=43.00, Steps=10, Features = 379
40000 >>> E[0:03:02]-R[0:00:46]: Return=-34.00, Steps=15, Features = 446
45000 >>> E[0:03:29]-R[0:00:23]: Return=-40.00, Steps=49, Features = 479
50000 >>> E[0:03:57]-R[0:00:00]: Return=0.00, Steps=1000, Features = 520
============================================================
Took 0:03:57
Results	=> ././20-results.txt
Log	=> ././20-out.txt
