============================================================
Domain:		PST
Dimensions:	12
|S|:		5451776
|A|:		27
|S|x|A|:		147197952
Episode Cap:	1000
Gamma:		0.9
NUM_UAV:		3
============================================================
Representation:		IndependentDiscretizationCompactBinary
Features per action:	52
Binary Dimensions:	[ 6  7  8  9 10 11]
============================================================
Representation:		iFDD
Features per action:	52
Initial Representation:	IndependentDiscretizationCompactBinary
Plus:			1
Sparsify:		1
Cached:			1
Online Threshold:	65.000
Batch Threshold:		65.000
Max Batch Discovery:	20
============================================================
Agent:		SARSA
Policy:		eGreedy
Alpha_0:		0.10
============================================================
Experiment:		OnlineExperiment
Output:			././7-results.txt
Learning Steps:		50000
Performance Checks:	10
Log Intervals:		60(s)
5000 >>> E[0:00:21]-R[0:03:08]: Return=0.00, Steps=1000, Features = 105
10000 >>> E[0:00:43]-R[0:02:53]: Return=0.00, Steps=1000, Features = 178
15000 >>> E[0:01:07]-R[0:02:35]: Return=0.00, Steps=1000, Features = 209
20000 >>> E[0:01:31]-R[0:02:16]: Return=0.00, Steps=1000, Features = 290
25000 >>> E[0:02:01]-R[0:02:01]: Return=0.00, Steps=1000, Features = 306
30000 >>> E[0:02:32]-R[0:01:42]: Return=0.00, Steps=1000, Features = 330
35000 >>> E[0:03:01]-R[0:01:17]: Return=0.00, Steps=1000, Features = 369
40000 >>> E[0:03:32]-R[0:00:53]: Return=0.00, Steps=1000, Features = 394
45000 >>> E[0:04:00]-R[0:00:27]: Return=0.00, Steps=1000, Features = 411
50000 >>> E[0:04:26]-R[0:00:00]: Return=0.00, Steps=1000, Features = 454
============================================================
Took 0:04:26
Results	=> ././7-results.txt
Log	=> ././7-out.txt
