============================================================
Domain:		PST
Dimensions:	12
|S|:		5451776
|A|:		27
|S|x|A|:		147197952
Episode Cap:	1000
Gamma:		0.9
NUM_UAV:		3
============================================================
Representation:		IndependentDiscretizationCompactBinary
Features per action:	52
Binary Dimensions:	[ 6  7  8  9 10 11]
============================================================
Agent:		SARSA
Policy:		eGreedy
Alpha_0:		0.10
============================================================
Experiment:		OnlineExperiment
Output:			././1-results.txt
Learning Steps:		50000
Performance Checks:	10
Log Intervals:		60(s)
5000 >>> E[0:00:16]-R[0:02:20]: Return=-30.00, Steps=10, Features = 52
10000 >>> E[0:00:31]-R[0:02:05]: Return=-56.00, Steps=10, Features = 52
15000 >>> E[0:00:47]-R[0:01:49]: Return=23.00, Steps=25, Features = 52
20000 >>> E[0:01:02]-R[0:01:34]: Return=-80.00, Steps=11, Features = 52
25000 >>> E[0:01:19]-R[0:01:19]: Return=0.00, Steps=1000, Features = 52
30000 >>> E[0:01:35]-R[0:01:03]: Return=-38.00, Steps=26, Features = 52
35000 >>> E[0:01:52]-R[0:00:48]: Return=-4.00, Steps=1000, Features = 52
40000 >>> E[0:02:07]-R[0:00:32]: Return=-73.00, Steps=10, Features = 52
45000 >>> E[0:02:23]-R[0:00:16]: Return=-121.00, Steps=32, Features = 52
50000 >>> E[0:02:38]-R[0:00:00]: Return=-97.00, Steps=23, Features = 52
============================================================
Took 0:02:38
Results	=> ././1-results.txt
Log	=> ././1-out.txt
