============================================================
Domain:		PST
Dimensions:	12
|S|:		5451776
|A|:		27
|S|x|A|:		147197952
Episode Cap:	1000
Gamma:		0.9
NUM_UAV:		3
============================================================
Representation:		IndependentDiscretizationCompactBinary
Features per action:	52
Binary Dimensions:	[ 6  7  8  9 10 11]
============================================================
Agent:		SARSA
Policy:		eGreedy
Alpha_0:		0.10
============================================================
Experiment:		OnlineExperiment
Output:			././17-results.txt
Learning Steps:		50000
Performance Checks:	10
Log Intervals:		60(s)
5000 >>> E[0:00:15]-R[0:02:12]: Return=-72.00, Steps=10, Features = 52
10000 >>> E[0:00:31]-R[0:02:02]: Return=0.00, Steps=1000, Features = 52
15000 >>> E[0:00:45]-R[0:01:46]: Return=-32.00, Steps=19, Features = 52
20000 >>> E[0:01:00]-R[0:01:30]: Return=-71.00, Steps=10, Features = 52
25000 >>> E[0:01:15]-R[0:01:15]: Return=-40.00, Steps=18, Features = 52
30000 >>> E[0:01:29]-R[0:01:00]: Return=-60.00, Steps=29, Features = 52
35000 >>> E[0:01:44]-R[0:00:45]: Return=-96.00, Steps=58, Features = 52
40000 >>> E[0:01:59]-R[0:00:30]: Return=-93.00, Steps=25, Features = 52
45000 >>> E[0:02:13]-R[0:00:15]: Return=-101.00, Steps=21, Features = 52
50000 >>> E[0:02:28]-R[0:00:00]: Return=-38.00, Steps=28, Features = 52
============================================================
Took 0:02:28
Results	=> ././17-results.txt
Log	=> ././17-out.txt
