============================================================
Domain:		PST
Dimensions:	12
|S|:		5451776
|A|:		27
|S|x|A|:		147197952
Episode Cap:	1000
Gamma:		0.9
NUM_UAV:		3
============================================================
Representation:		IndependentDiscretizationCompactBinary
Features per action:	52
Binary Dimensions:	[ 6  7  8  9 10 11]
============================================================
Agent:		SARSA
Policy:		eGreedy
Alpha_0:		0.10
============================================================
Experiment:		OnlineExperiment
Output:			././6-results.txt
Learning Steps:		50000
Performance Checks:	10
Log Intervals:		60(s)
5000 >>> E[0:00:15]-R[0:02:19]: Return=-56.00, Steps=12, Features = 52
10000 >>> E[0:00:31]-R[0:02:05]: Return=-56.00, Steps=10, Features = 52
15000 >>> E[0:00:47]-R[0:01:49]: Return=-74.00, Steps=10, Features = 52
20000 >>> E[0:01:02]-R[0:01:33]: Return=-18.00, Steps=11, Features = 52
25000 >>> E[0:01:17]-R[0:01:17]: Return=-69.00, Steps=15, Features = 52
30000 >>> E[0:01:33]-R[0:01:02]: Return=-165.00, Steps=76, Features = 52
35000 >>> E[0:01:50]-R[0:00:47]: Return=0.00, Steps=1000, Features = 52
40000 >>> E[0:02:07]-R[0:00:32]: Return=0.00, Steps=1000, Features = 52
45000 >>> E[0:02:23]-R[0:00:16]: Return=-54.00, Steps=10, Features = 52
50000 >>> E[0:02:38]-R[0:00:00]: Return=-75.00, Steps=12, Features = 52
============================================================
Took 0:02:38
Results	=> ././6-results.txt
Log	=> ././6-out.txt
