============================================================
Domain:		PST
Dimensions:	12
|S|:		5451776
|A|:		27
|S|x|A|:		147197952
Episode Cap:	1000
Gamma:		0.9
NUM_UAV:		3
============================================================
Representation:		IndependentDiscretizationCompactBinary
Features per action:	52
Binary Dimensions:	[ 6  7  8  9 10 11]
============================================================
Agent:		SARSA
Policy:		eGreedy
Alpha_0:		0.10
============================================================
Experiment:		OnlineExperiment
Output:			././7-results.txt
Learning Steps:		50000
Performance Checks:	10
Log Intervals:		60(s)
5000 >>> E[0:00:14]-R[0:02:08]: Return=-68.00, Steps=12, Features = 52
10000 >>> E[0:00:28]-R[0:01:54]: Return=-70.00, Steps=11, Features = 52
15000 >>> E[0:00:43]-R[0:01:39]: Return=-69.00, Steps=19, Features = 52
20000 >>> E[0:00:58]-R[0:01:27]: Return=-19.00, Steps=1000, Features = 52
25000 >>> E[0:01:12]-R[0:01:12]: Return=-82.00, Steps=17, Features = 52
30000 >>> E[0:01:27]-R[0:00:58]: Return=-107.00, Steps=53, Features = 52
35000 >>> E[0:01:41]-R[0:00:43]: Return=-90.00, Steps=21, Features = 52
40000 >>> E[0:01:55]-R[0:00:29]: Return=-82.00, Steps=14, Features = 52
45000 >>> E[0:02:10]-R[0:00:14]: Return=-75.00, Steps=10, Features = 52
50000 >>> E[0:02:24]-R[0:00:00]: Return=-50.00, Steps=10, Features = 52
============================================================
Took 0:02:24
Results	=> ././7-results.txt
Log	=> ././7-out.txt
