000 (13573.000.000) 01/20 21:51:45 Job submitted from host: <128.30.112.18:46685>
...
001 (13573.000.000) 01/20 21:52:09 Job executing on host: <128.30.66.170:39331>
...
006 (13573.000.000) 01/20 21:52:17 Image size of job updated: 285752
	45  -  MemoryUsage of job (MB)
	45848  -  ResidentSetSize of job (KB)
...
006 (13573.000.000) 01/20 21:57:17 Image size of job updated: 344116
	103  -  MemoryUsage of job (MB)
	104528  -  ResidentSetSize of job (KB)
...
006 (13573.000.000) 01/20 22:02:18 Image size of job updated: 381072
	138  -  MemoryUsage of job (MB)
	141300  -  ResidentSetSize of job (KB)
...
006 (13573.000.000) 01/20 22:07:19 Image size of job updated: 405528
	162  -  MemoryUsage of job (MB)
	165788  -  ResidentSetSize of job (KB)
...
006 (13573.000.000) 01/20 22:12:19 Image size of job updated: 429640
	185  -  MemoryUsage of job (MB)
	188484  -  ResidentSetSize of job (KB)
...
006 (13573.000.000) 01/20 22:13:03 Image size of job updated: 435960
	185  -  MemoryUsage of job (MB)
	188484  -  ResidentSetSize of job (KB)
...
005 (13573.000.000) 01/20 22:13:03 Job terminated.
	(1) Normal termination (return value 0)
		Usr 0 00:20:33, Sys 0 00:00:05  -  Run Remote Usage
		Usr 0 00:00:00, Sys 0 00:00:00  -  Run Local Usage
		Usr 0 00:20:33, Sys 0 00:00:05  -  Total Remote Usage
		Usr 0 00:00:00, Sys 0 00:00:00  -  Total Local Usage
	0  -  Run Bytes Sent By Job
	0  -  Run Bytes Received By Job
	0  -  Total Bytes Sent By Job
	0  -  Total Bytes Received By Job
	Partitionable Resources :    Usage  Request          
	   Cpus                 :                 1          
	   Disk (KB)            :     2750     2750          
	   Memory (MB)          :      185      185          
...
