000 (13582.000.000) 01/20 21:51:46 Job submitted from host: <128.30.112.18:46685>
...
001 (13582.000.000) 01/20 21:52:09 Job executing on host: <128.30.66.165:41096>
...
006 (13582.000.000) 01/20 21:52:18 Image size of job updated: 289964
	49  -  MemoryUsage of job (MB)
	50112  -  ResidentSetSize of job (KB)
...
006 (13582.000.000) 01/20 21:57:19 Image size of job updated: 366832
	124  -  MemoryUsage of job (MB)
	126976  -  ResidentSetSize of job (KB)
...
006 (13582.000.000) 01/20 22:02:19 Image size of job updated: 406736
	164  -  MemoryUsage of job (MB)
	166940  -  ResidentSetSize of job (KB)
...
006 (13582.000.000) 01/20 22:06:24 Image size of job updated: 433880
	164  -  MemoryUsage of job (MB)
	166940  -  ResidentSetSize of job (KB)
...
005 (13582.000.000) 01/20 22:06:24 Job terminated.
	(1) Normal termination (return value 0)
		Usr 0 00:14:00, Sys 0 00:00:04  -  Run Remote Usage
		Usr 0 00:00:00, Sys 0 00:00:00  -  Run Local Usage
		Usr 0 00:14:00, Sys 0 00:00:04  -  Total Remote Usage
		Usr 0 00:00:00, Sys 0 00:00:00  -  Total Local Usage
	0  -  Run Bytes Sent By Job
	0  -  Run Bytes Received By Job
	0  -  Total Bytes Sent By Job
	0  -  Total Bytes Received By Job
	Partitionable Resources :    Usage  Request          
	   Cpus                 :                 1          
	   Disk (KB)            :     2750     2750          
	   Memory (MB)          :      164      164          
...
