000 (13584.000.000) 01/20 21:51:46 Job submitted from host: <128.30.112.18:46685>
...
001 (13584.000.000) 01/20 21:52:09 Job executing on host: <128.30.66.163:58460>
...
006 (13584.000.000) 01/20 21:52:18 Image size of job updated: 285184
	45  -  MemoryUsage of job (MB)
	45296  -  ResidentSetSize of job (KB)
...
006 (13584.000.000) 01/20 21:57:19 Image size of job updated: 370736
	128  -  MemoryUsage of job (MB)
	130804  -  ResidentSetSize of job (KB)
...
006 (13584.000.000) 01/20 22:02:19 Image size of job updated: 417868
	174  -  MemoryUsage of job (MB)
	178144  -  ResidentSetSize of job (KB)
...
006 (13584.000.000) 01/20 22:07:00 Image size of job updated: 446436
	174  -  MemoryUsage of job (MB)
	178144  -  ResidentSetSize of job (KB)
...
005 (13584.000.000) 01/20 22:07:00 Job terminated.
	(1) Normal termination (return value 0)
		Usr 0 00:14:35, Sys 0 00:00:04  -  Run Remote Usage
		Usr 0 00:00:00, Sys 0 00:00:00  -  Run Local Usage
		Usr 0 00:14:35, Sys 0 00:00:04  -  Total Remote Usage
		Usr 0 00:00:00, Sys 0 00:00:00  -  Total Local Usage
	0  -  Run Bytes Sent By Job
	0  -  Run Bytes Received By Job
	0  -  Total Bytes Sent By Job
	0  -  Total Bytes Received By Job
	Partitionable Resources :    Usage  Request          
	   Cpus                 :                 1          
	   Disk (KB)            :     2750     2750          
	   Memory (MB)          :      174      174          
...
