000 (13588.000.000) 01/20 21:51:47 Job submitted from host: <128.30.112.18:46685>
...
001 (13588.000.000) 01/20 21:52:10 Job executing on host: <128.30.66.170:39331>
...
006 (13588.000.000) 01/20 21:52:18 Image size of job updated: 285004
	45  -  MemoryUsage of job (MB)
	45324  -  ResidentSetSize of job (KB)
...
006 (13588.000.000) 01/20 21:57:18 Image size of job updated: 340496
	99  -  MemoryUsage of job (MB)
	100652  -  ResidentSetSize of job (KB)
...
006 (13588.000.000) 01/20 22:02:18 Image size of job updated: 374112
	126  -  MemoryUsage of job (MB)
	128972  -  ResidentSetSize of job (KB)
...
006 (13588.000.000) 01/20 22:07:19 Image size of job updated: 399024
	152  -  MemoryUsage of job (MB)
	155288  -  ResidentSetSize of job (KB)
...
006 (13588.000.000) 01/20 22:12:20 Image size of job updated: 422572
	179  -  MemoryUsage of job (MB)
	182772  -  ResidentSetSize of job (KB)
...
006 (13588.000.000) 01/20 22:13:53 Image size of job updated: 427700
	179  -  MemoryUsage of job (MB)
	182772  -  ResidentSetSize of job (KB)
...
005 (13588.000.000) 01/20 22:13:53 Job terminated.
	(1) Normal termination (return value 0)
		Usr 0 00:21:18, Sys 0 00:00:05  -  Run Remote Usage
		Usr 0 00:00:00, Sys 0 00:00:00  -  Run Local Usage
		Usr 0 00:21:18, Sys 0 00:00:05  -  Total Remote Usage
		Usr 0 00:00:00, Sys 0 00:00:00  -  Total Local Usage
	0  -  Run Bytes Sent By Job
	0  -  Run Bytes Received By Job
	0  -  Total Bytes Sent By Job
	0  -  Total Bytes Received By Job
	Partitionable Resources :    Usage  Request          
	   Cpus                 :                 1          
	   Disk (KB)            :     2750     2750          
	   Memory (MB)          :      179      179          
...
