000 (13589.000.000) 01/20 21:51:47 Job submitted from host: <128.30.112.18:46685>
...
001 (13589.000.000) 01/20 21:52:10 Job executing on host: <128.30.66.165:41096>
...
006 (13589.000.000) 01/20 21:52:18 Image size of job updated: 290960
	50  -  MemoryUsage of job (MB)
	51168  -  ResidentSetSize of job (KB)
...
006 (13589.000.000) 01/20 21:57:18 Image size of job updated: 363872
	121  -  MemoryUsage of job (MB)
	123904  -  ResidentSetSize of job (KB)
...
006 (13589.000.000) 01/20 22:02:19 Image size of job updated: 411736
	169  -  MemoryUsage of job (MB)
	172148  -  ResidentSetSize of job (KB)
...
006 (13589.000.000) 01/20 22:06:39 Image size of job updated: 448184
	169  -  MemoryUsage of job (MB)
	172148  -  ResidentSetSize of job (KB)
...
005 (13589.000.000) 01/20 22:06:39 Job terminated.
	(1) Normal termination (return value 0)
		Usr 0 00:14:13, Sys 0 00:00:03  -  Run Remote Usage
		Usr 0 00:00:00, Sys 0 00:00:00  -  Run Local Usage
		Usr 0 00:14:13, Sys 0 00:00:03  -  Total Remote Usage
		Usr 0 00:00:00, Sys 0 00:00:00  -  Total Local Usage
	0  -  Run Bytes Sent By Job
	0  -  Run Bytes Received By Job
	0  -  Total Bytes Sent By Job
	0  -  Total Bytes Received By Job
	Partitionable Resources :    Usage  Request          
	   Cpus                 :                 1          
	   Disk (KB)            :     2750     2750          
	   Memory (MB)          :      169      169          
...
