000 (13590.000.000) 01/20 21:51:47 Job submitted from host: <128.30.112.18:46685>
...
001 (13590.000.000) 01/20 21:52:10 Job executing on host: <128.30.66.164:41719>
...
006 (13590.000.000) 01/20 21:52:18 Image size of job updated: 279044
	41  -  MemoryUsage of job (MB)
	41144  -  ResidentSetSize of job (KB)
...
006 (13590.000.000) 01/20 21:57:18 Image size of job updated: 367648
	125  -  MemoryUsage of job (MB)
	127784  -  ResidentSetSize of job (KB)
...
006 (13590.000.000) 01/20 22:02:18 Image size of job updated: 407072
	164  -  MemoryUsage of job (MB)
	167188  -  ResidentSetSize of job (KB)
...
006 (13590.000.000) 01/20 22:05:26 Image size of job updated: 424336
	164  -  MemoryUsage of job (MB)
	167188  -  ResidentSetSize of job (KB)
...
005 (13590.000.000) 01/20 22:05:26 Job terminated.
	(1) Normal termination (return value 0)
		Usr 0 00:13:03, Sys 0 00:00:03  -  Run Remote Usage
		Usr 0 00:00:00, Sys 0 00:00:00  -  Run Local Usage
		Usr 0 00:13:03, Sys 0 00:00:03  -  Total Remote Usage
		Usr 0 00:00:00, Sys 0 00:00:00  -  Total Local Usage
	0  -  Run Bytes Sent By Job
	0  -  Run Bytes Received By Job
	0  -  Total Bytes Sent By Job
	0  -  Total Bytes Received By Job
	Partitionable Resources :    Usage  Request          
	   Cpus                 :                 1          
	   Disk (KB)            :     2750     2750          
	   Memory (MB)          :      164      164          
...
