000 (13591.000.000) 01/20 21:51:47 Job submitted from host: <128.30.112.18:46685>
...
001 (13591.000.000) 01/20 21:52:10 Job executing on host: <128.30.66.163:58460>
...
006 (13591.000.000) 01/20 21:52:18 Image size of job updated: 284872
	44  -  MemoryUsage of job (MB)
	45056  -  ResidentSetSize of job (KB)
...
006 (13591.000.000) 01/20 21:57:18 Image size of job updated: 364184
	122  -  MemoryUsage of job (MB)
	124332  -  ResidentSetSize of job (KB)
...
006 (13591.000.000) 01/20 22:02:18 Image size of job updated: 400796
	157  -  MemoryUsage of job (MB)
	160448  -  ResidentSetSize of job (KB)
...
006 (13591.000.000) 01/20 22:06:43 Image size of job updated: 431036
	157  -  MemoryUsage of job (MB)
	160448  -  ResidentSetSize of job (KB)
...
005 (13591.000.000) 01/20 22:06:43 Job terminated.
	(1) Normal termination (return value 0)
		Usr 0 00:14:20, Sys 0 00:00:03  -  Run Remote Usage
		Usr 0 00:00:00, Sys 0 00:00:00  -  Run Local Usage
		Usr 0 00:14:20, Sys 0 00:00:03  -  Total Remote Usage
		Usr 0 00:00:00, Sys 0 00:00:00  -  Total Local Usage
	0  -  Run Bytes Sent By Job
	0  -  Run Bytes Received By Job
	0  -  Total Bytes Sent By Job
	0  -  Total Bytes Received By Job
	Partitionable Resources :    Usage  Request          
	   Cpus                 :                 1          
	   Disk (KB)            :     2750     2750          
	   Memory (MB)          :      157      157          
...
