000 (13614.000.000) 01/20 21:52:49 Job submitted from host: <128.30.112.18:46685>
...
001 (13614.000.000) 01/20 21:52:50 Job executing on host: <128.30.66.169:43926>
...
006 (13614.000.000) 01/20 21:52:59 Image size of job updated: 127184
	25  -  MemoryUsage of job (MB)
	25480  -  ResidentSetSize of job (KB)
...
006 (13614.000.000) 01/20 21:56:14 Image size of job updated: 327188
	25  -  MemoryUsage of job (MB)
	25480  -  ResidentSetSize of job (KB)
...
005 (13614.000.000) 01/20 21:56:14 Job terminated.
	(1) Normal termination (return value 0)
		Usr 0 00:03:09, Sys 0 00:00:00  -  Run Remote Usage
		Usr 0 00:00:00, Sys 0 00:00:00  -  Run Local Usage
		Usr 0 00:03:09, Sys 0 00:00:00  -  Total Remote Usage
		Usr 0 00:00:00, Sys 0 00:00:00  -  Total Local Usage
	0  -  Run Bytes Sent By Job
	0  -  Run Bytes Received By Job
	0  -  Total Bytes Sent By Job
	0  -  Total Bytes Received By Job
	Partitionable Resources :    Usage  Request          
	   Cpus                 :                 1          
	   Disk (KB)            :     2750     2750          
	   Memory (MB)          :       25       25          
...
