000 (13619.000.000) 01/20 21:52:49 Job submitted from host: <128.30.112.18:46685>
...
001 (13619.000.000) 01/20 21:52:51 Job executing on host: <128.30.113.101:38623>
...
006 (13619.000.000) 01/20 21:52:59 Image size of job updated: 209580
	30  -  MemoryUsage of job (MB)
	30372  -  ResidentSetSize of job (KB)
...
006 (13619.000.000) 01/20 21:56:15 Image size of job updated: 251060
	30  -  MemoryUsage of job (MB)
	30372  -  ResidentSetSize of job (KB)
...
005 (13619.000.000) 01/20 21:56:15 Job terminated.
	(1) Normal termination (return value 0)
		Usr 0 00:03:21, Sys 0 00:00:00  -  Run Remote Usage
		Usr 0 00:00:00, Sys 0 00:00:00  -  Run Local Usage
		Usr 0 00:03:21, Sys 0 00:00:00  -  Total Remote Usage
		Usr 0 00:00:00, Sys 0 00:00:00  -  Total Local Usage
	0  -  Run Bytes Sent By Job
	0  -  Run Bytes Received By Job
	0  -  Total Bytes Sent By Job
	0  -  Total Bytes Received By Job
	Partitionable Resources :    Usage  Request          
	   Cpus                 :                 1          
	   Disk (KB)            :     2750     2750          
	   Memory (MB)          :       30       30          
...
