000 (13620.000.000) 01/20 21:52:49 Job submitted from host: <128.30.112.18:46685>
...
001 (13620.000.000) 01/20 21:52:51 Job executing on host: <128.30.66.169:43926>
...
006 (13620.000.000) 01/20 21:52:59 Image size of job updated: 2750
	3  -  MemoryUsage of job (MB)
	2216  -  ResidentSetSize of job (KB)
...
006 (13620.000.000) 01/20 21:56:14 Image size of job updated: 330056
	3  -  MemoryUsage of job (MB)
	2216  -  ResidentSetSize of job (KB)
...
005 (13620.000.000) 01/20 21:56:14 Job terminated.
	(1) Normal termination (return value 0)
		Usr 0 00:03:21, Sys 0 00:00:00  -  Run Remote Usage
		Usr 0 00:00:00, Sys 0 00:00:00  -  Run Local Usage
		Usr 0 00:03:21, Sys 0 00:00:00  -  Total Remote Usage
		Usr 0 00:00:00, Sys 0 00:00:00  -  Total Local Usage
	0  -  Run Bytes Sent By Job
	0  -  Run Bytes Received By Job
	0  -  Total Bytes Sent By Job
	0  -  Total Bytes Received By Job
	Partitionable Resources :    Usage  Request          
	   Cpus                 :                 1          
	   Disk (KB)            :     2750     2750          
	   Memory (MB)          :        3        3          
...
