000 (13621.000.000) 01/20 21:52:49 Job submitted from host: <128.30.112.18:46685>
...
001 (13621.000.000) 01/20 21:52:51 Job executing on host: <128.30.112.182:34110>
...
006 (13621.000.000) 01/20 21:52:59 Image size of job updated: 41984
	7  -  MemoryUsage of job (MB)
	6372  -  ResidentSetSize of job (KB)
...
006 (13621.000.000) 01/20 21:57:59 Image size of job updated: 223200
	58  -  MemoryUsage of job (MB)
	58804  -  ResidentSetSize of job (KB)
...
006 (13621.000.000) 01/20 21:59:04 Image size of job updated: 228928
	58  -  MemoryUsage of job (MB)
	58804  -  ResidentSetSize of job (KB)
...
005 (13621.000.000) 01/20 21:59:04 Job terminated.
	(1) Normal termination (return value 0)
		Usr 0 00:05:45, Sys 0 00:00:00  -  Run Remote Usage
		Usr 0 00:00:00, Sys 0 00:00:00  -  Run Local Usage
		Usr 0 00:05:45, Sys 0 00:00:00  -  Total Remote Usage
		Usr 0 00:00:00, Sys 0 00:00:00  -  Total Local Usage
	0  -  Run Bytes Sent By Job
	0  -  Run Bytes Received By Job
	0  -  Total Bytes Sent By Job
	0  -  Total Bytes Received By Job
	Partitionable Resources :    Usage  Request          
	   Cpus                 :                 1          
	   Disk (KB)            :     2750     2750          
	   Memory (MB)          :       58       58          
...
