000 (13574.000.000) 01/20 21:51:45 Job submitted from host: <128.30.112.18:46685>
...
001 (13574.000.000) 01/20 21:52:09 Job executing on host: <128.30.66.169:43926>
...
006 (13574.000.000) 01/20 21:52:17 Image size of job updated: 290848
	50  -  MemoryUsage of job (MB)
	51124  -  ResidentSetSize of job (KB)
...
006 (13574.000.000) 01/20 21:57:17 Image size of job updated: 374452
	132  -  MemoryUsage of job (MB)
	134864  -  ResidentSetSize of job (KB)
...
006 (13574.000.000) 01/20 22:02:18 Image size of job updated: 419748
	176  -  MemoryUsage of job (MB)
	179900  -  ResidentSetSize of job (KB)
...
006 (13574.000.000) 01/20 22:06:32 Image size of job updated: 453084
	176  -  MemoryUsage of job (MB)
	179900  -  ResidentSetSize of job (KB)
...
005 (13574.000.000) 01/20 22:06:32 Job terminated.
	(1) Normal termination (return value 0)
		Usr 0 00:14:14, Sys 0 00:00:04  -  Run Remote Usage
		Usr 0 00:00:00, Sys 0 00:00:00  -  Run Local Usage
		Usr 0 00:14:14, Sys 0 00:00:04  -  Total Remote Usage
		Usr 0 00:00:00, Sys 0 00:00:00  -  Total Local Usage
	0  -  Run Bytes Sent By Job
	0  -  Run Bytes Received By Job
	0  -  Total Bytes Sent By Job
	0  -  Total Bytes Received By Job
	Partitionable Resources :    Usage  Request          
	   Cpus                 :                 1          
	   Disk (KB)            :     2750     2750          
	   Memory (MB)          :      176      176          
...
