000 (13579.000.000) 01/20 21:51:46 Job submitted from host: <128.30.112.18:46685>
...
001 (13579.000.000) 01/20 21:52:09 Job executing on host: <128.30.66.170:39331>
...
006 (13579.000.000) 01/20 21:52:18 Image size of job updated: 285668
	45  -  MemoryUsage of job (MB)
	45848  -  ResidentSetSize of job (KB)
...
006 (13579.000.000) 01/20 21:57:19 Image size of job updated: 347152
	105  -  MemoryUsage of job (MB)
	107340  -  ResidentSetSize of job (KB)
...
006 (13579.000.000) 01/20 22:02:20 Image size of job updated: 385500
	143  -  MemoryUsage of job (MB)
	145772  -  ResidentSetSize of job (KB)
...
006 (13579.000.000) 01/20 22:07:20 Image size of job updated: 408264
	165  -  MemoryUsage of job (MB)
	168352  -  ResidentSetSize of job (KB)
...
006 (13579.000.000) 01/20 22:12:21 Image size of job updated: 431388
	186  -  MemoryUsage of job (MB)
	190424  -  ResidentSetSize of job (KB)
...
006 (13579.000.000) 01/20 22:13:21 Image size of job updated: 437436
	186  -  MemoryUsage of job (MB)
	190424  -  ResidentSetSize of job (KB)
...
005 (13579.000.000) 01/20 22:13:21 Job terminated.
	(1) Normal termination (return value 0)
		Usr 0 00:20:47, Sys 0 00:00:07  -  Run Remote Usage
		Usr 0 00:00:00, Sys 0 00:00:00  -  Run Local Usage
		Usr 0 00:20:47, Sys 0 00:00:07  -  Total Remote Usage
		Usr 0 00:00:00, Sys 0 00:00:00  -  Total Local Usage
	0  -  Run Bytes Sent By Job
	0  -  Run Bytes Received By Job
	0  -  Total Bytes Sent By Job
	0  -  Total Bytes Received By Job
	Partitionable Resources :    Usage  Request          
	   Cpus                 :                 1          
	   Disk (KB)            :     2750     2750          
	   Memory (MB)          :      186      186          
...
