000 (13580.000.000) 01/20 21:51:46 Job submitted from host: <128.30.112.18:46685>
...
001 (13580.000.000) 01/20 21:52:09 Job executing on host: <128.30.66.169:43926>
...
006 (13580.000.000) 01/20 21:52:18 Image size of job updated: 291240
	51  -  MemoryUsage of job (MB)
	51388  -  ResidentSetSize of job (KB)
...
006 (13580.000.000) 01/20 21:57:19 Image size of job updated: 364076
	122  -  MemoryUsage of job (MB)
	124356  -  ResidentSetSize of job (KB)
...
006 (13580.000.000) 01/20 22:02:20 Image size of job updated: 407204
	164  -  MemoryUsage of job (MB)
	167224  -  ResidentSetSize of job (KB)
...
006 (13580.000.000) 01/20 22:05:46 Image size of job updated: 433792
	164  -  MemoryUsage of job (MB)
	167224  -  ResidentSetSize of job (KB)
...
005 (13580.000.000) 01/20 22:05:46 Job terminated.
	(1) Normal termination (return value 0)
		Usr 0 00:13:16, Sys 0 00:00:02  -  Run Remote Usage
		Usr 0 00:00:00, Sys 0 00:00:00  -  Run Local Usage
		Usr 0 00:13:16, Sys 0 00:00:02  -  Total Remote Usage
		Usr 0 00:00:00, Sys 0 00:00:00  -  Total Local Usage
	0  -  Run Bytes Sent By Job
	0  -  Run Bytes Received By Job
	0  -  Total Bytes Sent By Job
	0  -  Total Bytes Received By Job
	Partitionable Resources :    Usage  Request          
	   Cpus                 :                 1          
	   Disk (KB)            :     2750     2750          
	   Memory (MB)          :      164      164          
...
