009 (13873.000.000) 01/21 05:02:27 Job was aborted by the user.
	via condor_rm (by user rhklein)
...
000 (13934.000.000) 01/21 05:03:03 Job submitted from host: <128.30.112.18:46685>
...
001 (13934.000.000) 01/21 05:03:04 Job executing on host: <128.30.66.167:50426>
...
006 (13934.000.000) 01/21 05:03:13 Image size of job updated: 289544
	49  -  MemoryUsage of job (MB)
	49800  -  ResidentSetSize of job (KB)
...
006 (13934.000.000) 01/21 05:03:14 Image size of job updated: 294868
	49  -  MemoryUsage of job (MB)
	49800  -  ResidentSetSize of job (KB)
...
005 (13934.000.000) 01/21 05:03:14 Job terminated.
	(0) Abnormal termination (signal 9)
	(0) No core file
		Usr 0 00:00:09, Sys 0 00:00:00  -  Run Remote Usage
		Usr 0 00:00:00, Sys 0 00:00:00  -  Run Local Usage
		Usr 0 00:00:09, Sys 0 00:00:00  -  Total Remote Usage
		Usr 0 00:00:00, Sys 0 00:00:00  -  Total Local Usage
	0  -  Run Bytes Sent By Job
	0  -  Run Bytes Received By Job
	0  -  Total Bytes Sent By Job
	0  -  Total Bytes Received By Job
	Partitionable Resources :    Usage  Request          
	   Cpus                 :                 1          
	   Disk (KB)            :     2750     2750          
	   Memory (MB)          :       49       49          
...
000 (14074.000.000) 01/21 05:41:30 Job submitted from host: <128.30.112.18:46685>
...
001 (14074.000.000) 01/21 05:41:38 Job executing on host: <128.30.66.166:36393>
...
006 (14074.000.000) 01/21 05:41:47 Image size of job updated: 127156
	25  -  MemoryUsage of job (MB)
	25280  -  ResidentSetSize of job (KB)
...
006 (14074.000.000) 01/21 05:44:25 Image size of job updated: 9079048
	25  -  MemoryUsage of job (MB)
	25280  -  ResidentSetSize of job (KB)
...
005 (14074.000.000) 01/21 05:44:25 Job terminated.
	(1) Normal termination (return value 1)
		Usr 0 00:02:21, Sys 0 00:00:14  -  Run Remote Usage
		Usr 0 00:00:00, Sys 0 00:00:00  -  Run Local Usage
		Usr 0 00:02:21, Sys 0 00:00:14  -  Total Remote Usage
		Usr 0 00:00:00, Sys 0 00:00:00  -  Total Local Usage
	0  -  Run Bytes Sent By Job
	0  -  Run Bytes Received By Job
	0  -  Total Bytes Sent By Job
	0  -  Total Bytes Received By Job
	Partitionable Resources :    Usage  Request          
	   Cpus                 :                 1          
	   Disk (KB)            :     2750     2750          
	   Memory (MB)          :       25       25          
...
