000 (13943.000.000) 01/21 05:03:04 Job submitted from host: <128.30.112.18:46685>
...
001 (13943.000.000) 01/21 05:03:14 Job executing on host: <128.30.66.164:41719>
...
006 (13943.000.000) 01/21 05:03:23 Image size of job updated: 291796
	51  -  MemoryUsage of job (MB)
	51968  -  ResidentSetSize of job (KB)
...
006 (13943.000.000) 01/21 05:08:24 Image size of job updated: 8539776
	5089  -  MemoryUsage of job (MB)
	5210944  -  ResidentSetSize of job (KB)
...
005 (13943.000.000) 01/21 05:12:47 Job terminated.
	(1) Normal termination (return value 1)
		Usr 0 00:01:39, Sys 0 00:03:13  -  Run Remote Usage
		Usr 0 00:00:00, Sys 0 00:00:00  -  Run Local Usage
		Usr 0 00:01:39, Sys 0 00:03:13  -  Total Remote Usage
		Usr 0 00:00:00, Sys 0 00:00:00  -  Total Local Usage
	0  -  Run Bytes Sent By Job
	0  -  Run Bytes Received By Job
	0  -  Total Bytes Sent By Job
	0  -  Total Bytes Received By Job
	Partitionable Resources :    Usage  Request          
	   Cpus                 :                 1          
	   Disk (KB)            :     2750     2750          
	   Memory (MB)          :     5089     5089          
...
000 (14083.000.000) 01/21 05:41:31 Job submitted from host: <128.30.112.18:46685>
...
001 (14083.000.000) 01/21 05:41:38 Job executing on host: <128.30.66.166:36393>
...
006 (14083.000.000) 01/21 05:41:47 Image size of job updated: 2750
	3  -  MemoryUsage of job (MB)
	2220  -  ResidentSetSize of job (KB)
...
006 (14083.000.000) 01/21 05:46:48 Image size of job updated: 17121888
	8255  -  MemoryUsage of job (MB)
	8453108  -  ResidentSetSize of job (KB)
...
006 (14083.000.000) 01/21 05:51:48 Image size of job updated: 17121888
	9654  -  MemoryUsage of job (MB)
	9884692  -  ResidentSetSize of job (KB)
...
006 (14083.000.000) 01/21 05:56:48 Image size of job updated: 17121888
	15910  -  MemoryUsage of job (MB)
	16290852  -  ResidentSetSize of job (KB)
...
006 (14083.000.000) 01/21 06:01:49 Image size of job updated: 17121888
	16143  -  MemoryUsage of job (MB)
	16530040  -  ResidentSetSize of job (KB)
...
006 (14083.000.000) 01/21 06:06:49 Image size of job updated: 17122144
	16143  -  MemoryUsage of job (MB)
	16530040  -  ResidentSetSize of job (KB)
...
