000 (13944.000.000) 01/21 05:03:04 Job submitted from host: <128.30.112.18:46685>
...
001 (13944.000.000) 01/21 05:03:14 Job executing on host: <128.30.66.163:58460>
...
006 (13944.000.000) 01/21 05:03:23 Image size of job updated: 291848
	51  -  MemoryUsage of job (MB)
	52176  -  ResidentSetSize of job (KB)
...
006 (13944.000.000) 01/21 05:08:24 Image size of job updated: 17259168
	10951  -  MemoryUsage of job (MB)
	11213788  -  ResidentSetSize of job (KB)
...
006 (13944.000.000) 01/21 05:13:25 Image size of job updated: 17259168
	15381  -  MemoryUsage of job (MB)
	15750124  -  ResidentSetSize of job (KB)
...
000 (14084.000.000) 01/21 05:41:31 Job submitted from host: <128.30.112.18:46685>
...
001 (14084.000.000) 01/21 05:41:38 Job executing on host: <128.30.66.165:41096>
...
006 (14084.000.000) 01/21 05:41:47 Image size of job updated: 291172
	50  -  MemoryUsage of job (MB)
	51172  -  ResidentSetSize of job (KB)
...
006 (14084.000.000) 01/21 05:45:21 Image size of job updated: 17259248
	50  -  MemoryUsage of job (MB)
	51172  -  ResidentSetSize of job (KB)
...
005 (14084.000.000) 01/21 05:45:21 Job terminated.
	(1) Normal termination (return value 1)
		Usr 0 00:02:29, Sys 0 00:01:00  -  Run Remote Usage
		Usr 0 00:00:00, Sys 0 00:00:00  -  Run Local Usage
		Usr 0 00:02:29, Sys 0 00:01:00  -  Total Remote Usage
		Usr 0 00:00:00, Sys 0 00:00:00  -  Total Local Usage
	0  -  Run Bytes Sent By Job
	0  -  Run Bytes Received By Job
	0  -  Total Bytes Sent By Job
	0  -  Total Bytes Received By Job
	Partitionable Resources :    Usage  Request          
	   Cpus                 :                 1          
	   Disk (KB)            :     2750     2750          
	   Memory (MB)          :       50       50          
...
006 (13944.000.000) 01/21 06:03:29 Image size of job updated: 17259168
	15955  -  MemoryUsage of job (MB)
	16337844  -  ResidentSetSize of job (KB)
...
006 (13944.000.000) 01/21 06:08:30 Image size of job updated: 17259684
	15955  -  MemoryUsage of job (MB)
	16337844  -  ResidentSetSize of job (KB)
...
006 (13944.000.000) 01/21 06:23:31 Image size of job updated: 17259868
	15955  -  MemoryUsage of job (MB)
	16337844  -  ResidentSetSize of job (KB)
...
006 (13944.000.000) 01/21 06:38:32 Image size of job updated: 17260052
	15955  -  MemoryUsage of job (MB)
	16337844  -  ResidentSetSize of job (KB)
...
006 (13944.000.000) 01/21 06:53:34 Image size of job updated: 17260236
	15955  -  MemoryUsage of job (MB)
	16337844  -  ResidentSetSize of job (KB)
...
006 (13944.000.000) 01/21 07:08:37 Image size of job updated: 17260420
	15955  -  MemoryUsage of job (MB)
	16337844  -  ResidentSetSize of job (KB)
...
006 (13944.000.000) 01/21 07:13:37 Image size of job updated: 17260676
	15955  -  MemoryUsage of job (MB)
	16337844  -  ResidentSetSize of job (KB)
...
006 (13944.000.000) 01/21 07:28:39 Image size of job updated: 17260860
	15955  -  MemoryUsage of job (MB)
	16337844  -  ResidentSetSize of job (KB)
...
006 (13944.000.000) 01/21 07:38:40 Image size of job updated: 17261044
	16436  -  MemoryUsage of job (MB)
	16829904  -  ResidentSetSize of job (KB)
...
006 (13944.000.000) 01/21 07:53:42 Image size of job updated: 17261228
	16436  -  MemoryUsage of job (MB)
	16829904  -  ResidentSetSize of job (KB)
...
006 (13944.000.000) 01/21 07:58:43 Image size of job updated: 17261412
	16436  -  MemoryUsage of job (MB)
	16829904  -  ResidentSetSize of job (KB)
...
006 (13944.000.000) 01/21 08:13:44 Image size of job updated: 17261596
	16436  -  MemoryUsage of job (MB)
	16829904  -  ResidentSetSize of job (KB)
...
006 (13944.000.000) 01/21 08:33:46 Image size of job updated: 17261856
	16436  -  MemoryUsage of job (MB)
	16829904  -  ResidentSetSize of job (KB)
...
006 (13944.000.000) 01/21 08:48:48 Image size of job updated: 17262808
	16436  -  MemoryUsage of job (MB)
	16829904  -  ResidentSetSize of job (KB)
...
006 (13944.000.000) 01/21 09:23:52 Image size of job updated: 17262992
	16436  -  MemoryUsage of job (MB)
	16829904  -  ResidentSetSize of job (KB)
...
006 (13944.000.000) 01/21 09:38:54 Image size of job updated: 17263360
	16546  -  MemoryUsage of job (MB)
	16942996  -  ResidentSetSize of job (KB)
...
006 (13944.000.000) 01/21 09:43:54 Image size of job updated: 17263544
	16546  -  MemoryUsage of job (MB)
	16942996  -  ResidentSetSize of job (KB)
...
006 (13944.000.000) 01/21 10:18:58 Image size of job updated: 17263728
	16546  -  MemoryUsage of job (MB)
	16942996  -  ResidentSetSize of job (KB)
...
