000 (13665.000.000) 01/21 04:15:48 Job submitted from host: <128.30.112.18:46685>
...
001 (13665.000.000) 01/21 04:15:52 Job executing on host: <128.30.66.166:36393>
...
006 (13665.000.000) 01/21 04:16:00 Image size of job updated: 2750
	3  -  MemoryUsage of job (MB)
	2220  -  ResidentSetSize of job (KB)
...
006 (13665.000.000) 01/21 04:19:50 Image size of job updated: 301032
	3  -  MemoryUsage of job (MB)
	2220  -  ResidentSetSize of job (KB)
...
005 (13665.000.000) 01/21 04:19:51 Job terminated.
	(1) Normal termination (return value 0)
		Usr 0 00:03:57, Sys 0 00:00:00  -  Run Remote Usage
		Usr 0 00:00:00, Sys 0 00:00:00  -  Run Local Usage
		Usr 0 00:03:57, Sys 0 00:00:00  -  Total Remote Usage
		Usr 0 00:00:00, Sys 0 00:00:00  -  Total Local Usage
	0  -  Run Bytes Sent By Job
	0  -  Run Bytes Received By Job
	0  -  Total Bytes Sent By Job
	0  -  Total Bytes Received By Job
	Partitionable Resources :    Usage  Request          
	   Cpus                 :                 1          
	   Disk (KB)            :     2750     2750          
	   Memory (MB)          :        3        3          
...
