000 (13947.000.000) 01/21 05:03:04 Job submitted from host: <128.30.112.18:46685>
...
001 (13947.000.000) 01/21 05:03:14 Job executing on host: <128.30.113.104:34762>
...
006 (13947.000.000) 01/21 05:03:23 Image size of job updated: 214644
	35  -  MemoryUsage of job (MB)
	35372  -  ResidentSetSize of job (KB)
...
001 (13947.000.000) 01/21 05:24:52 Job executing on host: <128.30.66.166:36393>
...
006 (13947.000.000) 01/21 05:30:02 Image size of job updated: 16983816
	14282  -  MemoryUsage of job (MB)
	14624068  -  ResidentSetSize of job (KB)
...
006 (13947.000.000) 01/21 05:40:02 Image size of job updated: 16983816
	15658  -  MemoryUsage of job (MB)
	16033208  -  ResidentSetSize of job (KB)
...
000 (14087.000.000) 01/21 05:41:31 Job submitted from host: <128.30.112.18:46685>
...
001 (14087.000.000) 01/21 05:41:38 Job executing on host: <128.30.66.163:58460>
...
006 (14087.000.000) 01/21 05:41:47 Image size of job updated: 2750
	3  -  MemoryUsage of job (MB)
	2228  -  ResidentSetSize of job (KB)
...
006 (13947.000.000) 01/21 05:45:05 Image size of job updated: 16983816
	16180  -  MemoryUsage of job (MB)
	16567960  -  ResidentSetSize of job (KB)
...
005 (13947.000.000) 01/21 05:46:19 Job terminated.
	(0) Abnormal termination (signal 9)
	(0) No core file
		Usr 0 00:10:34, Sys 0 00:09:26  -  Run Remote Usage
		Usr 0 00:00:00, Sys 0 00:00:00  -  Run Local Usage
		Usr 0 00:10:34, Sys 0 00:09:26  -  Total Remote Usage
		Usr 0 00:00:00, Sys 0 00:00:00  -  Total Local Usage
	0  -  Run Bytes Sent By Job
	0  -  Run Bytes Received By Job
	0  -  Total Bytes Sent By Job
	0  -  Total Bytes Received By Job
	Partitionable Resources :    Usage  Request          
	   Cpus                 :                 1          
	   Disk (KB)            :     2750     2750          
	   Memory (MB)          :    16180    16180          
...
006 (14087.000.000) 01/21 05:46:48 Image size of job updated: 16983800
	14826  -  MemoryUsage of job (MB)
	15181824  -  ResidentSetSize of job (KB)
...
006 (14087.000.000) 01/21 06:01:50 Image size of job updated: 16983800
	16149  -  MemoryUsage of job (MB)
	16535584  -  ResidentSetSize of job (KB)
...
006 (14087.000.000) 01/21 07:06:56 Image size of job updated: 16984056
	16149  -  MemoryUsage of job (MB)
	16535584  -  ResidentSetSize of job (KB)
...
006 (14087.000.000) 01/21 07:16:57 Image size of job updated: 16984240
	16149  -  MemoryUsage of job (MB)
	16535584  -  ResidentSetSize of job (KB)
...
006 (14087.000.000) 01/21 07:26:57 Image size of job updated: 16984420
	16149  -  MemoryUsage of job (MB)
	16535584  -  ResidentSetSize of job (KB)
...
006 (14087.000.000) 01/21 07:41:59 Image size of job updated: 16984604
	16149  -  MemoryUsage of job (MB)
	16535584  -  ResidentSetSize of job (KB)
...
006 (14087.000.000) 01/21 07:52:00 Image size of job updated: 16984788
	16149  -  MemoryUsage of job (MB)
	16535584  -  ResidentSetSize of job (KB)
...
006 (14087.000.000) 01/21 08:02:01 Image size of job updated: 16985044
	16149  -  MemoryUsage of job (MB)
	16535584  -  ResidentSetSize of job (KB)
...
006 (14087.000.000) 01/21 08:07:01 Image size of job updated: 16985224
	16149  -  MemoryUsage of job (MB)
	16535584  -  ResidentSetSize of job (KB)
...
006 (14087.000.000) 01/21 08:27:03 Image size of job updated: 16985408
	16149  -  MemoryUsage of job (MB)
	16535584  -  ResidentSetSize of job (KB)
...
006 (14087.000.000) 01/21 08:47:05 Image size of job updated: 16985588
	16174  -  MemoryUsage of job (MB)
	16562064  -  ResidentSetSize of job (KB)
...
006 (14087.000.000) 01/21 08:52:06 Image size of job updated: 16985588
	16298  -  MemoryUsage of job (MB)
	16689040  -  ResidentSetSize of job (KB)
...
006 (14087.000.000) 01/21 09:02:07 Image size of job updated: 16985772
	16298  -  MemoryUsage of job (MB)
	16689040  -  ResidentSetSize of job (KB)
...
006 (14087.000.000) 01/21 09:17:08 Image size of job updated: 16986208
	16298  -  MemoryUsage of job (MB)
	16689040  -  ResidentSetSize of job (KB)
...
006 (14087.000.000) 01/21 09:37:10 Image size of job updated: 16986392
	16298  -  MemoryUsage of job (MB)
	16689040  -  ResidentSetSize of job (KB)
...
006 (14087.000.000) 01/21 09:57:13 Image size of job updated: 16986576
	16298  -  MemoryUsage of job (MB)
	16689040  -  ResidentSetSize of job (KB)
...
006 (14087.000.000) 01/21 10:22:16 Image size of job updated: 16986756
	16298  -  MemoryUsage of job (MB)
	16689040  -  ResidentSetSize of job (KB)
...
