000 (13949.000.000) 01/21 05:03:04 Job submitted from host: <128.30.112.18:46685>
...
001 (13949.000.000) 01/21 05:03:14 Job executing on host: <128.30.66.167:50426>
...
006 (13949.000.000) 01/21 05:03:15 Image size of job updated: 272804
	0  -  MemoryUsage of job (MB)
	0  -  ResidentSetSize of job (KB)
...
005 (13949.000.000) 01/21 05:03:15 Job terminated.
	(0) Abnormal termination (signal 9)
	(0) No core file
		Usr 0 00:00:00, Sys 0 00:00:00  -  Run Remote Usage
		Usr 0 00:00:00, Sys 0 00:00:00  -  Run Local Usage
		Usr 0 00:00:00, Sys 0 00:00:00  -  Total Remote Usage
		Usr 0 00:00:00, Sys 0 00:00:00  -  Total Local Usage
	0  -  Run Bytes Sent By Job
	0  -  Run Bytes Received By Job
	0  -  Total Bytes Sent By Job
	0  -  Total Bytes Received By Job
	Partitionable Resources :    Usage  Request          
	   Cpus                 :                 1          
	   Disk (KB)            :     2750     2750          
	   Memory (MB)          :        0        0          
...
000 (14089.000.000) 01/21 05:41:31 Job submitted from host: <128.30.112.18:46685>
...
001 (14089.000.000) 01/21 05:41:39 Job executing on host: <128.30.113.101:38623>
...
006 (14089.000.000) 01/21 05:41:47 Image size of job updated: 211172
	31  -  MemoryUsage of job (MB)
	31692  -  ResidentSetSize of job (KB)
...
006 (14089.000.000) 01/21 05:46:47 Image size of job updated: 16770372
	15705  -  MemoryUsage of job (MB)
	16080960  -  ResidentSetSize of job (KB)
...
