000 (13950.000.000) 01/21 05:03:04 Job submitted from host: <128.30.112.18:46685>
...
001 (13950.000.000) 01/21 05:03:14 Job executing on host: <128.30.66.170:39331>
...
006 (13950.000.000) 01/21 05:03:23 Image size of job updated: 290316
	50  -  MemoryUsage of job (MB)
	50328  -  ResidentSetSize of job (KB)
...
006 (13950.000.000) 01/21 05:06:28 Image size of job updated: 12962392
	50  -  MemoryUsage of job (MB)
	50328  -  ResidentSetSize of job (KB)
...
005 (13950.000.000) 01/21 05:06:28 Job terminated.
	(1) Normal termination (return value 1)
		Usr 0 00:02:08, Sys 0 00:00:24  -  Run Remote Usage
		Usr 0 00:00:00, Sys 0 00:00:00  -  Run Local Usage
		Usr 0 00:02:08, Sys 0 00:00:24  -  Total Remote Usage
		Usr 0 00:00:00, Sys 0 00:00:00  -  Total Local Usage
	0  -  Run Bytes Sent By Job
	0  -  Run Bytes Received By Job
	0  -  Total Bytes Sent By Job
	0  -  Total Bytes Received By Job
	Partitionable Resources :    Usage  Request          
	   Cpus                 :                 1          
	   Disk (KB)            :     2750     2750          
	   Memory (MB)          :       50       50          
...
000 (14090.000.000) 01/21 05:41:31 Job submitted from host: <128.30.112.18:46685>
...
001 (14090.000.000) 01/21 05:41:39 Job executing on host: <128.30.66.165:41096>
...
006 (14090.000.000) 01/21 05:41:47 Image size of job updated: 290904
	50  -  MemoryUsage of job (MB)
	51176  -  ResidentSetSize of job (KB)
...
006 (14090.000.000) 01/21 05:46:47 Image size of job updated: 12962576
	7054  -  MemoryUsage of job (MB)
	7222320  -  ResidentSetSize of job (KB)
...
006 (14090.000.000) 01/21 05:56:48 Image size of job updated: 12962576
	7958  -  MemoryUsage of job (MB)
	8148016  -  ResidentSetSize of job (KB)
...
006 (14090.000.000) 01/21 06:01:48 Image size of job updated: 12962576
	12144  -  MemoryUsage of job (MB)
	12435280  -  ResidentSetSize of job (KB)
...
006 (14090.000.000) 01/21 06:21:50 Image size of job updated: 12962988
	12144  -  MemoryUsage of job (MB)
	12435280  -  ResidentSetSize of job (KB)
...
006 (14090.000.000) 01/21 06:36:51 Image size of job updated: 12963300
	12144  -  MemoryUsage of job (MB)
	12435280  -  ResidentSetSize of job (KB)
...
006 (14090.000.000) 01/21 06:56:54 Image size of job updated: 12963608
	12144  -  MemoryUsage of job (MB)
	12435280  -  ResidentSetSize of job (KB)
...
006 (14090.000.000) 01/21 07:06:54 Image size of job updated: 12963864
	12144  -  MemoryUsage of job (MB)
	12435280  -  ResidentSetSize of job (KB)
...
006 (14090.000.000) 01/21 07:16:56 Image size of job updated: 12964020
	12144  -  MemoryUsage of job (MB)
	12435280  -  ResidentSetSize of job (KB)
...
006 (14090.000.000) 01/21 07:26:57 Image size of job updated: 12964180
	12144  -  MemoryUsage of job (MB)
	12435280  -  ResidentSetSize of job (KB)
...
006 (14090.000.000) 01/21 07:36:58 Image size of job updated: 12964948
	12144  -  MemoryUsage of job (MB)
	12435280  -  ResidentSetSize of job (KB)
...
006 (14090.000.000) 01/21 07:52:00 Image size of job updated: 12965260
	12144  -  MemoryUsage of job (MB)
	12435280  -  ResidentSetSize of job (KB)
...
006 (14090.000.000) 01/21 07:57:00 Image size of job updated: 12965516
	12144  -  MemoryUsage of job (MB)
	12435280  -  ResidentSetSize of job (KB)
...
006 (14090.000.000) 01/21 08:12:01 Image size of job updated: 12965828
	12144  -  MemoryUsage of job (MB)
	12435280  -  ResidentSetSize of job (KB)
...
006 (14090.000.000) 01/21 08:22:02 Image size of job updated: 12965980
	12144  -  MemoryUsage of job (MB)
	12435280  -  ResidentSetSize of job (KB)
...
006 (14090.000.000) 01/21 08:32:04 Image size of job updated: 12966136
	12144  -  MemoryUsage of job (MB)
	12435280  -  ResidentSetSize of job (KB)
...
006 (14090.000.000) 01/21 08:52:06 Image size of job updated: 12966448
	12144  -  MemoryUsage of job (MB)
	12435280  -  ResidentSetSize of job (KB)
...
006 (14090.000.000) 01/21 08:57:06 Image size of job updated: 12966604
	12144  -  MemoryUsage of job (MB)
	12435280  -  ResidentSetSize of job (KB)
...
006 (14090.000.000) 01/21 09:07:08 Image size of job updated: 12966764
	12144  -  MemoryUsage of job (MB)
	12435280  -  ResidentSetSize of job (KB)
...
006 (14090.000.000) 01/21 09:17:08 Image size of job updated: 12966924
	12144  -  MemoryUsage of job (MB)
	12435280  -  ResidentSetSize of job (KB)
...
006 (14090.000.000) 01/21 09:27:10 Image size of job updated: 12967080
	12144  -  MemoryUsage of job (MB)
	12435280  -  ResidentSetSize of job (KB)
...
006 (14090.000.000) 01/21 09:42:11 Image size of job updated: 12967236
	12144  -  MemoryUsage of job (MB)
	12435280  -  ResidentSetSize of job (KB)
...
006 (14090.000.000) 01/21 09:47:12 Image size of job updated: 12967492
	12144  -  MemoryUsage of job (MB)
	12435280  -  ResidentSetSize of job (KB)
...
006 (14090.000.000) 01/21 09:52:12 Image size of job updated: 12967648
	12144  -  MemoryUsage of job (MB)
	12435280  -  ResidentSetSize of job (KB)
...
006 (14090.000.000) 01/21 10:07:14 Image size of job updated: 12967804
	12144  -  MemoryUsage of job (MB)
	12435280  -  ResidentSetSize of job (KB)
...
006 (14090.000.000) 01/21 10:22:16 Image size of job updated: 12967960
	12144  -  MemoryUsage of job (MB)
	12435280  -  ResidentSetSize of job (KB)
...
