000 (13953.000.000) 01/21 05:03:05 Job submitted from host: <128.30.112.18:46685>
...
001 (13953.000.000) 01/21 05:03:14 Job executing on host: <128.30.66.163:58460>
...
006 (13953.000.000) 01/21 05:03:23 Image size of job updated: 291708
	51  -  MemoryUsage of job (MB)
	51656  -  ResidentSetSize of job (KB)
...
006 (13953.000.000) 01/21 05:06:02 Image size of job updated: 15158224
	51  -  MemoryUsage of job (MB)
	51656  -  ResidentSetSize of job (KB)
...
005 (13953.000.000) 01/21 05:06:02 Job terminated.
	(1) Normal termination (return value 1)
		Usr 0 00:02:08, Sys 0 00:00:27  -  Run Remote Usage
		Usr 0 00:00:00, Sys 0 00:00:00  -  Run Local Usage
		Usr 0 00:02:08, Sys 0 00:00:27  -  Total Remote Usage
		Usr 0 00:00:00, Sys 0 00:00:00  -  Total Local Usage
	0  -  Run Bytes Sent By Job
	0  -  Run Bytes Received By Job
	0  -  Total Bytes Sent By Job
	0  -  Total Bytes Received By Job
	Partitionable Resources :    Usage  Request          
	   Cpus                 :                 1          
	   Disk (KB)            :     2750     2750          
	   Memory (MB)          :       51       51          
...
000 (14093.000.000) 01/21 05:41:32 Job submitted from host: <128.30.112.18:46685>
...
001 (14093.000.000) 01/21 05:41:39 Job executing on host: <128.30.66.169:43926>
...
006 (14093.000.000) 01/21 05:41:47 Image size of job updated: 290292
	50  -  MemoryUsage of job (MB)
	50324  -  ResidentSetSize of job (KB)
...
006 (14093.000.000) 01/21 05:46:47 Image size of job updated: 15158812
	13967  -  MemoryUsage of job (MB)
	14301600  -  ResidentSetSize of job (KB)
...
006 (14093.000.000) 01/21 05:56:49 Image size of job updated: 15158812
	14323  -  MemoryUsage of job (MB)
	14666260  -  ResidentSetSize of job (KB)
...
