000 (13936.000.000) 01/21 05:03:03 Job submitted from host: <128.30.112.18:46685>
...
001 (13936.000.000) 01/21 05:03:04 Job executing on host: <128.30.66.167:50426>
...
006 (13936.000.000) 01/21 05:03:14 Image size of job updated: 289284
	49  -  MemoryUsage of job (MB)
	49276  -  ResidentSetSize of job (KB)
...
006 (13936.000.000) 01/21 05:03:14 Image size of job updated: 293652
	49  -  MemoryUsage of job (MB)
	49276  -  ResidentSetSize of job (KB)
...
005 (13936.000.000) 01/21 05:03:14 Job terminated.
	(0) Abnormal termination (signal 9)
	(0) No core file
		Usr 0 00:00:09, Sys 0 00:00:00  -  Run Remote Usage
		Usr 0 00:00:00, Sys 0 00:00:00  -  Run Local Usage
		Usr 0 00:00:09, Sys 0 00:00:00  -  Total Remote Usage
		Usr 0 00:00:00, Sys 0 00:00:00  -  Total Local Usage
	0  -  Run Bytes Sent By Job
	0  -  Run Bytes Received By Job
	0  -  Total Bytes Sent By Job
	0  -  Total Bytes Received By Job
	Partitionable Resources :    Usage  Request          
	   Cpus                 :                 1          
	   Disk (KB)            :     2750     2750          
	   Memory (MB)          :       49       49          
...
000 (14076.000.000) 01/21 05:41:30 Job submitted from host: <128.30.112.18:46685>
...
001 (14076.000.000) 01/21 05:41:38 Job executing on host: <128.30.66.164:41719>
...
006 (14076.000.000) 01/21 05:41:47 Image size of job updated: 136348
	28  -  MemoryUsage of job (MB)
	28256  -  ResidentSetSize of job (KB)
...
006 (14076.000.000) 01/21 05:46:48 Image size of job updated: 19965688
	16382  -  MemoryUsage of job (MB)
	16774284  -  ResidentSetSize of job (KB)
...
006 (14076.000.000) 01/21 05:51:48 Image size of job updated: 19965888
	16382  -  MemoryUsage of job (MB)
	16774284  -  ResidentSetSize of job (KB)
...
006 (14076.000.000) 01/21 05:56:48 Image size of job updated: 19965888
	18551  -  MemoryUsage of job (MB)
	18996112  -  ResidentSetSize of job (KB)
...
006 (14076.000.000) 01/21 06:11:50 Image size of job updated: 19965888
	19107  -  MemoryUsage of job (MB)
	19565456  -  ResidentSetSize of job (KB)
...
