000 (13656.000.000) 01/21 04:15:47 Job submitted from host: <128.30.112.18:46685>
...
001 (13656.000.000) 01/21 04:15:51 Job executing on host: <128.30.66.165:41096>
...
006 (13656.000.000) 01/21 04:15:59 Image size of job updated: 284628
	44  -  MemoryUsage of job (MB)
	44836  -  ResidentSetSize of job (KB)
...
006 (13656.000.000) 01/21 04:19:42 Image size of job updated: 298260
	44  -  MemoryUsage of job (MB)
	44836  -  ResidentSetSize of job (KB)
...
005 (13656.000.000) 01/21 04:19:42 Job terminated.
	(1) Normal termination (return value 0)
		Usr 0 00:03:46, Sys 0 00:00:00  -  Run Remote Usage
		Usr 0 00:00:00, Sys 0 00:00:00  -  Run Local Usage
		Usr 0 00:03:46, Sys 0 00:00:00  -  Total Remote Usage
		Usr 0 00:00:00, Sys 0 00:00:00  -  Total Local Usage
	0  -  Run Bytes Sent By Job
	0  -  Run Bytes Received By Job
	0  -  Total Bytes Sent By Job
	0  -  Total Bytes Received By Job
	Partitionable Resources :    Usage  Request          
	   Cpus                 :                 1          
	   Disk (KB)            :     2750     2750          
	   Memory (MB)          :       44       44          
...
