000 (13938.000.000) 01/21 05:03:03 Job submitted from host: <128.30.112.18:46685>
...
001 (13938.000.000) 01/21 05:03:05 Job executing on host: <128.30.66.167:50426>
...
006 (13938.000.000) 01/21 05:03:13 Image size of job updated: 288868
	48  -  MemoryUsage of job (MB)
	49008  -  ResidentSetSize of job (KB)
...
006 (13938.000.000) 01/21 05:03:14 Image size of job updated: 295132
	48  -  MemoryUsage of job (MB)
	49008  -  ResidentSetSize of job (KB)
...
005 (13938.000.000) 01/21 05:03:14 Job terminated.
	(0) Abnormal termination (signal 9)
	(0) No core file
		Usr 0 00:00:09, Sys 0 00:00:00  -  Run Remote Usage
		Usr 0 00:00:00, Sys 0 00:00:00  -  Run Local Usage
		Usr 0 00:00:09, Sys 0 00:00:00  -  Total Remote Usage
		Usr 0 00:00:00, Sys 0 00:00:00  -  Total Local Usage
	0  -  Run Bytes Sent By Job
	0  -  Run Bytes Received By Job
	0  -  Total Bytes Sent By Job
	0  -  Total Bytes Received By Job
	Partitionable Resources :    Usage  Request          
	   Cpus                 :                 1          
	   Disk (KB)            :     2750     2750          
	   Memory (MB)          :       48       48          
...
000 (14078.000.000) 01/21 05:41:30 Job submitted from host: <128.30.112.18:46685>
...
001 (14078.000.000) 01/21 05:41:38 Job executing on host: <128.30.113.104:34762>
...
006 (14078.000.000) 01/21 05:41:47 Image size of job updated: 215340
	36  -  MemoryUsage of job (MB)
	35896  -  ResidentSetSize of job (KB)
...
006 (14078.000.000) 01/21 05:46:48 Image size of job updated: 18832996
	13872  -  MemoryUsage of job (MB)
	14204344  -  ResidentSetSize of job (KB)
...
