000 (13939.000.000) 01/21 05:03:03 Job submitted from host: <128.30.112.18:46685>
...
001 (13939.000.000) 01/21 05:03:14 Job executing on host: <128.30.66.169:43926>
...
006 (13939.000.000) 01/21 05:03:23 Image size of job updated: 290792
	50  -  MemoryUsage of job (MB)
	50856  -  ResidentSetSize of job (KB)
...
006 (13939.000.000) 01/21 05:06:38 Image size of job updated: 24934984
	50  -  MemoryUsage of job (MB)
	50856  -  ResidentSetSize of job (KB)
...
005 (13939.000.000) 01/21 05:06:43 Job terminated.
	(0) Abnormal termination (signal 9)
	(0) No core file
		Usr 0 00:02:01, Sys 0 00:00:22  -  Run Remote Usage
		Usr 0 00:00:00, Sys 0 00:00:00  -  Run Local Usage
		Usr 0 00:02:01, Sys 0 00:00:22  -  Total Remote Usage
		Usr 0 00:00:00, Sys 0 00:00:00  -  Total Local Usage
	0  -  Run Bytes Sent By Job
	0  -  Run Bytes Received By Job
	0  -  Total Bytes Sent By Job
	0  -  Total Bytes Received By Job
	Partitionable Resources :    Usage  Request          
	   Cpus                 :                 1          
	   Disk (KB)            :     2750     2750          
	   Memory (MB)          :       50       50          
...
000 (14079.000.000) 01/21 05:41:30 Job submitted from host: <128.30.112.18:46685>
...
001 (14079.000.000) 01/21 05:41:38 Job executing on host: <128.30.66.170:39331>
...
006 (14079.000.000) 01/21 05:41:47 Image size of job updated: 113608
	23  -  MemoryUsage of job (MB)
	22624  -  ResidentSetSize of job (KB)
...
006 (14079.000.000) 01/21 05:43:51 Image size of job updated: 18353188
	23  -  MemoryUsage of job (MB)
	22624  -  ResidentSetSize of job (KB)
...
005 (14079.000.000) 01/21 05:43:51 Job terminated.
	(1) Normal termination (return value 1)
		Usr 0 00:01:50, Sys 0 00:00:16  -  Run Remote Usage
		Usr 0 00:00:00, Sys 0 00:00:00  -  Run Local Usage
		Usr 0 00:01:50, Sys 0 00:00:16  -  Total Remote Usage
		Usr 0 00:00:00, Sys 0 00:00:00  -  Total Local Usage
	0  -  Run Bytes Sent By Job
	0  -  Run Bytes Received By Job
	0  -  Total Bytes Sent By Job
	0  -  Total Bytes Received By Job
	Partitionable Resources :    Usage  Request          
	   Cpus                 :                 1          
	   Disk (KB)            :     2750     2750          
	   Memory (MB)          :       23       23          
...
