000 (13940.000.000) 01/21 05:03:03 Job submitted from host: <128.30.112.18:46685>
...
001 (13940.000.000) 01/21 05:03:14 Job executing on host: <128.30.66.170:39331>
...
006 (13940.000.000) 01/21 05:03:23 Image size of job updated: 290700
	50  -  MemoryUsage of job (MB)
	50856  -  ResidentSetSize of job (KB)
...
006 (13940.000.000) 01/21 05:08:24 Image size of job updated: 18803060
	15595  -  MemoryUsage of job (MB)
	15968600  -  ResidentSetSize of job (KB)
...
006 (13940.000.000) 01/21 05:38:28 Image size of job updated: 18803508
	15777  -  MemoryUsage of job (MB)
	16155272  -  ResidentSetSize of job (KB)
...
000 (14080.000.000) 01/21 05:41:31 Job submitted from host: <128.30.112.18:46685>
...
001 (14080.000.000) 01/21 05:41:38 Job executing on host: <128.30.66.169:43926>
...
006 (14080.000.000) 01/21 05:41:47 Image size of job updated: 290540
	50  -  MemoryUsage of job (MB)
	50856  -  ResidentSetSize of job (KB)
...
005 (13940.000.000) 01/21 05:45:49 Job terminated.
	(1) Normal termination (return value 1)
		Usr 0 00:19:43, Sys 0 00:20:16  -  Run Remote Usage
		Usr 0 00:00:00, Sys 0 00:00:00  -  Run Local Usage
		Usr 0 00:19:43, Sys 0 00:20:16  -  Total Remote Usage
		Usr 0 00:00:00, Sys 0 00:00:00  -  Total Local Usage
	0  -  Run Bytes Sent By Job
	0  -  Run Bytes Received By Job
	0  -  Total Bytes Sent By Job
	0  -  Total Bytes Received By Job
	Partitionable Resources :    Usage  Request          
	   Cpus                 :                 1          
	   Disk (KB)            :     2750     2750          
	   Memory (MB)          :    15777    15777          
...
006 (14080.000.000) 01/21 05:46:47 Image size of job updated: 18803028
	14850  -  MemoryUsage of job (MB)
	15206168  -  ResidentSetSize of job (KB)
...
006 (14080.000.000) 01/21 06:01:49 Image size of job updated: 18803028
	16676  -  MemoryUsage of job (MB)
	17075992  -  ResidentSetSize of job (KB)
...
006 (14080.000.000) 01/21 06:36:53 Image size of job updated: 18803028
	16860  -  MemoryUsage of job (MB)
	17264416  -  ResidentSetSize of job (KB)
...
006 (14080.000.000) 01/21 06:56:55 Image size of job updated: 18803492
	16860  -  MemoryUsage of job (MB)
	17264416  -  ResidentSetSize of job (KB)
...
006 (14080.000.000) 01/21 07:11:57 Image size of job updated: 18803684
	18053  -  MemoryUsage of job (MB)
	18485608  -  ResidentSetSize of job (KB)
...
006 (14080.000.000) 01/21 07:21:57 Image size of job updated: 18803684
	18090  -  MemoryUsage of job (MB)
	18523176  -  ResidentSetSize of job (KB)
...
006 (14080.000.000) 01/21 07:31:59 Image size of job updated: 18803876
	18090  -  MemoryUsage of job (MB)
	18523176  -  ResidentSetSize of job (KB)
...
006 (14080.000.000) 01/21 07:52:01 Image size of job updated: 18804072
	18090  -  MemoryUsage of job (MB)
	18523176  -  ResidentSetSize of job (KB)
...
006 (14080.000.000) 01/21 08:12:04 Image size of job updated: 18804716
	18090  -  MemoryUsage of job (MB)
	18523176  -  ResidentSetSize of job (KB)
...
006 (14080.000.000) 01/21 08:47:08 Image size of job updated: 18804908
	18090  -  MemoryUsage of job (MB)
	18523176  -  ResidentSetSize of job (KB)
...
006 (14080.000.000) 01/21 09:12:10 Image size of job updated: 18805100
	18090  -  MemoryUsage of job (MB)
	18523176  -  ResidentSetSize of job (KB)
...
006 (14080.000.000) 01/21 09:42:14 Image size of job updated: 18805552
	18090  -  MemoryUsage of job (MB)
	18523176  -  ResidentSetSize of job (KB)
...
006 (14080.000.000) 01/21 09:57:15 Image size of job updated: 18805748
	18090  -  MemoryUsage of job (MB)
	18523176  -  ResidentSetSize of job (KB)
...
006 (14080.000.000) 01/21 10:17:17 Image size of job updated: 18805940
	18090  -  MemoryUsage of job (MB)
	18523176  -  ResidentSetSize of job (KB)
...
006 (14080.000.000) 01/21 10:22:17 Image size of job updated: 18806708
	18090  -  MemoryUsage of job (MB)
	18523176  -  ResidentSetSize of job (KB)
...
