000 (13941.000.000) 01/21 05:03:03 Job submitted from host: <128.30.112.18:46685>
...
001 (13941.000.000) 01/21 05:03:14 Job executing on host: <128.30.66.166:36393>
...
006 (13941.000.000) 01/21 05:03:23 Image size of job updated: 2750
	3  -  MemoryUsage of job (MB)
	2220  -  ResidentSetSize of job (KB)
...
006 (13941.000.000) 01/21 05:08:24 Image size of job updated: 17845272
	16896  -  MemoryUsage of job (MB)
	17300516  -  ResidentSetSize of job (KB)
...
000 (14081.000.000) 01/21 05:41:31 Job submitted from host: <128.30.112.18:46685>
...
001 (14081.000.000) 01/21 05:41:38 Job executing on host: <128.30.66.167:50426>
...
006 (14081.000.000) 01/21 05:41:40 Image size of job updated: 290268
	0  -  MemoryUsage of job (MB)
	0  -  ResidentSetSize of job (KB)
...
005 (14081.000.000) 01/21 05:41:40 Job terminated.
	(0) Abnormal termination (signal 9)
	(0) No core file
		Usr 0 00:00:01, Sys 0 00:00:00  -  Run Remote Usage
		Usr 0 00:00:00, Sys 0 00:00:00  -  Run Local Usage
		Usr 0 00:00:01, Sys 0 00:00:00  -  Total Remote Usage
		Usr 0 00:00:00, Sys 0 00:00:00  -  Total Local Usage
	0  -  Run Bytes Sent By Job
	0  -  Run Bytes Received By Job
	0  -  Total Bytes Sent By Job
	0  -  Total Bytes Received By Job
	Partitionable Resources :    Usage  Request          
	   Cpus                 :                 1          
	   Disk (KB)            :     2750     2750          
	   Memory (MB)          :        0        0          
...
006 (13941.000.000) 01/21 06:23:32 Image size of job updated: 17845740
	16896  -  MemoryUsage of job (MB)
	17300516  -  ResidentSetSize of job (KB)
...
006 (13941.000.000) 01/21 06:48:36 Image size of job updated: 17845928
	16896  -  MemoryUsage of job (MB)
	17300516  -  ResidentSetSize of job (KB)
...
006 (13941.000.000) 01/21 07:13:37 Image size of job updated: 17846304
	16896  -  MemoryUsage of job (MB)
	17300516  -  ResidentSetSize of job (KB)
...
006 (13941.000.000) 01/21 07:33:39 Image size of job updated: 17846492
	16896  -  MemoryUsage of job (MB)
	17300516  -  ResidentSetSize of job (KB)
...
006 (13941.000.000) 01/21 07:43:41 Image size of job updated: 17846748
	16896  -  MemoryUsage of job (MB)
	17300516  -  ResidentSetSize of job (KB)
...
006 (13941.000.000) 01/21 08:23:45 Image size of job updated: 17846936
	16896  -  MemoryUsage of job (MB)
	17300516  -  ResidentSetSize of job (KB)
...
006 (13941.000.000) 01/21 08:48:48 Image size of job updated: 17847312
	16896  -  MemoryUsage of job (MB)
	17300516  -  ResidentSetSize of job (KB)
...
006 (13941.000.000) 01/21 09:33:52 Image size of job updated: 17847568
	16896  -  MemoryUsage of job (MB)
	17300516  -  ResidentSetSize of job (KB)
...
006 (13941.000.000) 01/21 09:48:54 Image size of job updated: 17847756
	16896  -  MemoryUsage of job (MB)
	17300516  -  ResidentSetSize of job (KB)
...
006 (13941.000.000) 01/21 10:18:57 Image size of job updated: 17847944
	16896  -  MemoryUsage of job (MB)
	17300516  -  ResidentSetSize of job (KB)
...
