000 (13942.000.000) 01/21 05:03:03 Job submitted from host: <128.30.112.18:46685>
...
001 (13942.000.000) 01/21 05:03:14 Job executing on host: <128.30.66.165:41096>
...
006 (13942.000.000) 01/21 05:03:22 Image size of job updated: 205836
	35  -  MemoryUsage of job (MB)
	35700  -  ResidentSetSize of job (KB)
...
006 (13942.000.000) 01/21 05:08:22 Image size of job updated: 12853968
	9735  -  MemoryUsage of job (MB)
	9967724  -  ResidentSetSize of job (KB)
...
006 (13942.000.000) 01/21 05:10:57 Image size of job updated: 17154848
	9735  -  MemoryUsage of job (MB)
	9967724  -  ResidentSetSize of job (KB)
...
005 (13942.000.000) 01/21 05:10:57 Job terminated.
	(0) Abnormal termination (signal 9)
	(0) No core file
		Usr 0 00:01:42, Sys 0 00:01:31  -  Run Remote Usage
		Usr 0 00:00:00, Sys 0 00:00:00  -  Run Local Usage
		Usr 0 00:01:42, Sys 0 00:01:31  -  Total Remote Usage
		Usr 0 00:00:00, Sys 0 00:00:00  -  Total Local Usage
	0  -  Run Bytes Sent By Job
	0  -  Run Bytes Received By Job
	0  -  Total Bytes Sent By Job
	0  -  Total Bytes Received By Job
	Partitionable Resources :    Usage  Request          
	   Cpus                 :                 1          
	   Disk (KB)            :     2750     2750          
	   Memory (MB)          :     9735     9735          
...
000 (14082.000.000) 01/21 05:41:31 Job submitted from host: <128.30.112.18:46685>
...
001 (14082.000.000) 01/21 05:41:38 Job executing on host: <128.30.113.104:34762>
...
006 (14082.000.000) 01/21 05:41:47 Image size of job updated: 213688
	34  -  MemoryUsage of job (MB)
	34316  -  ResidentSetSize of job (KB)
...
006 (14082.000.000) 01/21 05:46:50 Image size of job updated: 17076452
	10611  -  MemoryUsage of job (MB)
	10864664  -  ResidentSetSize of job (KB)
...
006 (14082.000.000) 01/21 06:51:55 Image size of job updated: 17076452
	10751  -  MemoryUsage of job (MB)
	11008440  -  ResidentSetSize of job (KB)
...
006 (14082.000.000) 01/21 07:01:56 Image size of job updated: 17076452
	11012  -  MemoryUsage of job (MB)
	11275508  -  ResidentSetSize of job (KB)
...
006 (14082.000.000) 01/21 07:16:58 Image size of job updated: 17076636
	11012  -  MemoryUsage of job (MB)
	11275508  -  ResidentSetSize of job (KB)
...
006 (14082.000.000) 01/21 08:02:03 Image size of job updated: 17076636
	12560  -  MemoryUsage of job (MB)
	12860580  -  ResidentSetSize of job (KB)
...
006 (14082.000.000) 01/21 08:17:04 Image size of job updated: 17076892
	12560  -  MemoryUsage of job (MB)
	12860580  -  ResidentSetSize of job (KB)
...
006 (14082.000.000) 01/21 08:27:05 Image size of job updated: 17077076
	12560  -  MemoryUsage of job (MB)
	12860580  -  ResidentSetSize of job (KB)
...
006 (14082.000.000) 01/21 09:07:10 Image size of job updated: 17077260
	12560  -  MemoryUsage of job (MB)
	12860580  -  ResidentSetSize of job (KB)
...
006 (14082.000.000) 01/21 09:47:14 Image size of job updated: 17077444
	12560  -  MemoryUsage of job (MB)
	12860580  -  ResidentSetSize of job (KB)
...
006 (14082.000.000) 01/21 09:52:14 Image size of job updated: 17077628
	12560  -  MemoryUsage of job (MB)
	12860580  -  ResidentSetSize of job (KB)
...
006 (14082.000.000) 01/21 10:22:17 Image size of job updated: 17077628
	12593  -  MemoryUsage of job (MB)
	12894492  -  ResidentSetSize of job (KB)
...
006 (14082.000.000) 01/21 10:27:17 Image size of job updated: 17077628
	12636  -  MemoryUsage of job (MB)
	12938660  -  ResidentSetSize of job (KB)
...
