000 (13964.000.000) 01/21 05:06:09 Job submitted from host: <128.30.112.18:46685>
...
001 (13964.000.000) 01/21 05:06:11 Job executing on host: <128.30.66.163:58460>
...
006 (13964.000.000) 01/21 05:06:19 Image size of job updated: 2750
	3  -  MemoryUsage of job (MB)
	2228  -  ResidentSetSize of job (KB)
...
006 (13964.000.000) 01/21 05:11:19 Image size of job updated: 600720
	353  -  MemoryUsage of job (MB)
	361092  -  ResidentSetSize of job (KB)
...
005 (13964.000.000) 01/21 05:42:15 Job terminated.
	(1) Normal termination (return value 0)
		Usr 0 00:35:33, Sys 0 00:00:23  -  Run Remote Usage
		Usr 0 00:00:00, Sys 0 00:00:00  -  Run Local Usage
		Usr 0 00:35:33, Sys 0 00:00:23  -  Total Remote Usage
		Usr 0 00:00:00, Sys 0 00:00:00  -  Total Local Usage
	0  -  Run Bytes Sent By Job
	0  -  Run Bytes Received By Job
	0  -  Total Bytes Sent By Job
	0  -  Total Bytes Received By Job
	Partitionable Resources :    Usage  Request          
	   Cpus                 :                 1          
	   Disk (KB)            :     2750     2750          
	   Memory (MB)          :      353      353          
...
