000 (13966.000.000) 01/21 05:06:09 Job submitted from host: <128.30.112.18:46685>
...
001 (13966.000.000) 01/21 05:06:11 Job executing on host: <128.30.113.101:38623>
...
006 (13966.000.000) 01/21 05:06:19 Image size of job updated: 2750
	3  -  MemoryUsage of job (MB)
	2220  -  ResidentSetSize of job (KB)
...
006 (13966.000.000) 01/21 05:11:19 Image size of job updated: 506968
	305  -  MemoryUsage of job (MB)
	312096  -  ResidentSetSize of job (KB)
...
006 (13966.000.000) 01/21 05:16:20 Image size of job updated: 522380
	336  -  MemoryUsage of job (MB)
	343336  -  ResidentSetSize of job (KB)
...
005 (13966.000.000) 01/21 05:55:32 Job terminated.
	(1) Normal termination (return value 0)
		Usr 0 00:48:09, Sys 0 00:00:51  -  Run Remote Usage
		Usr 0 00:00:00, Sys 0 00:00:00  -  Run Local Usage
		Usr 0 00:48:09, Sys 0 00:00:51  -  Total Remote Usage
		Usr 0 00:00:00, Sys 0 00:00:00  -  Total Local Usage
	0  -  Run Bytes Sent By Job
	0  -  Run Bytes Received By Job
	0  -  Total Bytes Sent By Job
	0  -  Total Bytes Received By Job
	Partitionable Resources :    Usage  Request          
	   Cpus                 :                 1          
	   Disk (KB)            :     2750     2750          
	   Memory (MB)          :      336      336          
...
