000 (13970.000.000) 01/21 05:06:10 Job submitted from host: <128.30.112.18:46685>
...
001 (13970.000.000) 01/21 05:06:20 Job executing on host: <128.30.66.169:43926>
...
006 (13970.000.000) 01/21 05:06:38 Image size of job updated: 130480
	24  -  MemoryUsage of job (MB)
	24424  -  ResidentSetSize of job (KB)
...
006 (13970.000.000) 01/21 05:11:30 Image size of job updated: 585300
	321  -  MemoryUsage of job (MB)
	328168  -  ResidentSetSize of job (KB)
...
006 (13970.000.000) 01/21 05:16:30 Image size of job updated: 600712
	351  -  MemoryUsage of job (MB)
	359332  -  ResidentSetSize of job (KB)
...
005 (13970.000.000) 01/21 06:47:25 Job terminated.
	(1) Normal termination (return value 0)
		Usr 0 01:39:31, Sys 0 00:00:39  -  Run Remote Usage
		Usr 0 00:00:00, Sys 0 00:00:00  -  Run Local Usage
		Usr 0 01:39:31, Sys 0 00:00:39  -  Total Remote Usage
		Usr 0 00:00:00, Sys 0 00:00:00  -  Total Local Usage
	0  -  Run Bytes Sent By Job
	0  -  Run Bytes Received By Job
	0  -  Total Bytes Sent By Job
	0  -  Total Bytes Received By Job
	Partitionable Resources :    Usage  Request          
	   Cpus                 :                 1          
	   Disk (KB)            :     2750     2750          
	   Memory (MB)          :      351      351          
...
