000 (13971.000.000) 01/21 05:06:10 Job submitted from host: <128.30.112.18:46685>
...
001 (13971.000.000) 01/21 05:06:20 Job executing on host: <128.30.66.169:43926>
...
006 (13971.000.000) 01/21 05:06:38 Image size of job updated: 130476
	25  -  MemoryUsage of job (MB)
	25356  -  ResidentSetSize of job (KB)
...
006 (13971.000.000) 01/21 05:11:30 Image size of job updated: 585308
	336  -  MemoryUsage of job (MB)
	343380  -  ResidentSetSize of job (KB)
...
006 (13971.000.000) 01/21 05:16:30 Image size of job updated: 600716
	352  -  MemoryUsage of job (MB)
	360140  -  ResidentSetSize of job (KB)
...
005 (13971.000.000) 01/21 06:35:29 Job terminated.
	(1) Normal termination (return value 0)
		Usr 0 01:27:30, Sys 0 00:00:38  -  Run Remote Usage
		Usr 0 00:00:00, Sys 0 00:00:00  -  Run Local Usage
		Usr 0 01:27:30, Sys 0 00:00:38  -  Total Remote Usage
		Usr 0 00:00:00, Sys 0 00:00:00  -  Total Local Usage
	0  -  Run Bytes Sent By Job
	0  -  Run Bytes Received By Job
	0  -  Total Bytes Sent By Job
	0  -  Total Bytes Received By Job
	Partitionable Resources :    Usage  Request          
	   Cpus                 :                 1          
	   Disk (KB)            :     2750     2750          
	   Memory (MB)          :      352      352          
...
