000 (13972.000.000) 01/21 05:06:10 Job submitted from host: <128.30.112.18:46685>
...
001 (13972.000.000) 01/21 05:06:21 Job executing on host: <128.30.66.169:43926>
...
006 (13972.000.000) 01/21 05:06:38 Image size of job updated: 130480
	24  -  MemoryUsage of job (MB)
	24428  -  ResidentSetSize of job (KB)
...
006 (13972.000.000) 01/21 05:11:31 Image size of job updated: 585308
	336  -  MemoryUsage of job (MB)
	343648  -  ResidentSetSize of job (KB)
...
006 (13972.000.000) 01/21 05:16:31 Image size of job updated: 600720
	352  -  MemoryUsage of job (MB)
	359448  -  ResidentSetSize of job (KB)
...
005 (13972.000.000) 01/21 06:43:39 Job terminated.
	(1) Normal termination (return value 0)
		Usr 0 01:35:48, Sys 0 00:00:42  -  Run Remote Usage
		Usr 0 00:00:00, Sys 0 00:00:00  -  Run Local Usage
		Usr 0 01:35:48, Sys 0 00:00:42  -  Total Remote Usage
		Usr 0 00:00:00, Sys 0 00:00:00  -  Total Local Usage
	0  -  Run Bytes Sent By Job
	0  -  Run Bytes Received By Job
	0  -  Total Bytes Sent By Job
	0  -  Total Bytes Received By Job
	Partitionable Resources :    Usage  Request          
	   Cpus                 :                 1          
	   Disk (KB)            :     2750     2750          
	   Memory (MB)          :      352      352          
...
