000 (13955.000.000) 01/21 05:06:08 Job submitted from host: <128.30.112.18:46685>
...
001 (13955.000.000) 01/21 05:06:20 Job executing on host: <128.30.66.169:43926>
...
006 (13955.000.000) 01/21 05:06:38 Image size of job updated: 130480
	24  -  MemoryUsage of job (MB)
	24432  -  ResidentSetSize of job (KB)
...
006 (13955.000.000) 01/21 05:11:30 Image size of job updated: 585304
	321  -  MemoryUsage of job (MB)
	328280  -  ResidentSetSize of job (KB)
...
006 (13955.000.000) 01/21 05:16:30 Image size of job updated: 600716
	352  -  MemoryUsage of job (MB)
	359444  -  ResidentSetSize of job (KB)
...
005 (13955.000.000) 01/21 06:41:32 Job terminated.
	(1) Normal termination (return value 0)
		Usr 0 01:33:34, Sys 0 00:00:35  -  Run Remote Usage
		Usr 0 00:00:00, Sys 0 00:00:00  -  Run Local Usage
		Usr 0 01:33:34, Sys 0 00:00:35  -  Total Remote Usage
		Usr 0 00:00:00, Sys 0 00:00:00  -  Total Local Usage
	0  -  Run Bytes Sent By Job
	0  -  Run Bytes Received By Job
	0  -  Total Bytes Sent By Job
	0  -  Total Bytes Received By Job
	Partitionable Resources :    Usage  Request          
	   Cpus                 :                 1          
	   Disk (KB)            :     2750     2750          
	   Memory (MB)          :      352      352          
...
