000 (13976.000.000) 01/21 05:06:11 Job submitted from host: <128.30.112.18:46685>
...
001 (13976.000.000) 01/21 05:06:43 Job executing on host: <128.30.66.169:43926>
...
006 (13976.000.000) 01/21 05:06:52 Image size of job updated: 287808
	47  -  MemoryUsage of job (MB)
	47952  -  ResidentSetSize of job (KB)
...
006 (13976.000.000) 01/21 05:11:53 Image size of job updated: 585308
	313  -  MemoryUsage of job (MB)
	320236  -  ResidentSetSize of job (KB)
...
006 (13976.000.000) 01/21 05:16:53 Image size of job updated: 600720
	353  -  MemoryUsage of job (MB)
	361132  -  ResidentSetSize of job (KB)
...
006 (13976.000.000) 01/21 05:36:54 Image size of job updated: 600720
	353  -  MemoryUsage of job (MB)
	361240  -  ResidentSetSize of job (KB)
...
005 (13976.000.000) 01/21 06:48:20 Job terminated.
	(1) Normal termination (return value 0)
		Usr 0 01:40:13, Sys 0 00:00:39  -  Run Remote Usage
		Usr 0 00:00:00, Sys 0 00:00:00  -  Run Local Usage
		Usr 0 01:40:13, Sys 0 00:00:39  -  Total Remote Usage
		Usr 0 00:00:00, Sys 0 00:00:00  -  Total Local Usage
	0  -  Run Bytes Sent By Job
	0  -  Run Bytes Received By Job
	0  -  Total Bytes Sent By Job
	0  -  Total Bytes Received By Job
	Partitionable Resources :    Usage  Request          
	   Cpus                 :                 1          
	   Disk (KB)            :     2750     2750          
	   Memory (MB)          :      353      353          
...
