000 (13978.000.000) 01/21 05:06:11 Job submitted from host: <128.30.112.18:46685>
...
001 (13978.000.000) 01/21 05:06:43 Job executing on host: <128.30.66.169:43926>
...
006 (13978.000.000) 01/21 05:06:52 Image size of job updated: 99840
	10  -  MemoryUsage of job (MB)
	9416  -  ResidentSetSize of job (KB)
...
006 (13978.000.000) 01/21 05:11:52 Image size of job updated: 585292
	323  -  MemoryUsage of job (MB)
	329912  -  ResidentSetSize of job (KB)
...
006 (13978.000.000) 01/21 05:16:52 Image size of job updated: 600704
	353  -  MemoryUsage of job (MB)
	361056  -  ResidentSetSize of job (KB)
...
006 (13978.000.000) 01/21 05:21:53 Image size of job updated: 600704
	353  -  MemoryUsage of job (MB)
	361160  -  ResidentSetSize of job (KB)
...
005 (13978.000.000) 01/21 06:39:57 Job terminated.
	(1) Normal termination (return value 0)
		Usr 0 01:31:59, Sys 0 00:00:37  -  Run Remote Usage
		Usr 0 00:00:00, Sys 0 00:00:00  -  Run Local Usage
		Usr 0 01:31:59, Sys 0 00:00:37  -  Total Remote Usage
		Usr 0 00:00:00, Sys 0 00:00:00  -  Total Local Usage
	0  -  Run Bytes Sent By Job
	0  -  Run Bytes Received By Job
	0  -  Total Bytes Sent By Job
	0  -  Total Bytes Received By Job
	Partitionable Resources :    Usage  Request          
	   Cpus                 :                 1          
	   Disk (KB)            :     2750     2750          
	   Memory (MB)          :      353      353          
...
