000 (13982.000.000) 01/21 05:06:12 Job submitted from host: <128.30.112.18:46685>
...
001 (13982.000.000) 01/21 05:06:47 Job executing on host: <128.30.66.169:43926>
...
006 (13982.000.000) 01/21 05:06:56 Image size of job updated: 287804
	47  -  MemoryUsage of job (MB)
	47956  -  ResidentSetSize of job (KB)
...
006 (13982.000.000) 01/21 05:11:57 Image size of job updated: 585304
	309  -  MemoryUsage of job (MB)
	315612  -  ResidentSetSize of job (KB)
...
006 (13982.000.000) 01/21 05:16:57 Image size of job updated: 600712
	353  -  MemoryUsage of job (MB)
	361340  -  ResidentSetSize of job (KB)
...
006 (13982.000.000) 01/21 05:31:59 Image size of job updated: 600712
	353  -  MemoryUsage of job (MB)
	361444  -  ResidentSetSize of job (KB)
...
005 (13982.000.000) 01/21 06:40:16 Job terminated.
	(1) Normal termination (return value 0)
		Usr 0 01:32:11, Sys 0 00:00:40  -  Run Remote Usage
		Usr 0 00:00:00, Sys 0 00:00:00  -  Run Local Usage
		Usr 0 01:32:11, Sys 0 00:00:40  -  Total Remote Usage
		Usr 0 00:00:00, Sys 0 00:00:00  -  Total Local Usage
	0  -  Run Bytes Sent By Job
	0  -  Run Bytes Received By Job
	0  -  Total Bytes Sent By Job
	0  -  Total Bytes Received By Job
	Partitionable Resources :    Usage  Request          
	   Cpus                 :                 1          
	   Disk (KB)            :     2750     2750          
	   Memory (MB)          :      353      353          
...
