000 (13956.000.000) 01/21 05:06:08 Job submitted from host: <128.30.112.18:46685>
...
001 (13956.000.000) 01/21 05:06:27 Job executing on host: <128.30.66.170:39331>
...
006 (13956.000.000) 01/21 05:06:35 Image size of job updated: 273464
	40  -  MemoryUsage of job (MB)
	40604  -  ResidentSetSize of job (KB)
...
006 (13956.000.000) 01/21 05:11:35 Image size of job updated: 600708
	353  -  MemoryUsage of job (MB)
	361280  -  ResidentSetSize of job (KB)
...
005 (13956.000.000) 01/21 05:40:20 Job terminated.
	(1) Normal termination (return value 0)
		Usr 0 00:33:06, Sys 0 00:00:22  -  Run Remote Usage
		Usr 0 00:00:00, Sys 0 00:00:00  -  Run Local Usage
		Usr 0 00:33:06, Sys 0 00:00:22  -  Total Remote Usage
		Usr 0 00:00:00, Sys 0 00:00:00  -  Total Local Usage
	0  -  Run Bytes Sent By Job
	0  -  Run Bytes Received By Job
	0  -  Total Bytes Sent By Job
	0  -  Total Bytes Received By Job
	Partitionable Resources :    Usage  Request          
	   Cpus                 :                 1          
	   Disk (KB)            :     2750     2750          
	   Memory (MB)          :      353      353          
...
