000 (13958.000.000) 01/21 05:06:08 Job submitted from host: <128.30.112.18:46685>
...
001 (13958.000.000) 01/21 05:06:10 Job executing on host: <128.30.66.166:36393>
...
006 (13958.000.000) 01/21 05:06:19 Image size of job updated: 287800
	47  -  MemoryUsage of job (MB)
	47948  -  ResidentSetSize of job (KB)
...
006 (13958.000.000) 01/21 05:11:20 Image size of job updated: 600712
	353  -  MemoryUsage of job (MB)
	361088  -  ResidentSetSize of job (KB)
...
005 (13958.000.000) 01/21 05:53:07 Job terminated.
	(1) Normal termination (return value 0)
		Usr 0 00:46:08, Sys 0 00:00:24  -  Run Remote Usage
		Usr 0 00:00:00, Sys 0 00:00:00  -  Run Local Usage
		Usr 0 00:46:08, Sys 0 00:00:24  -  Total Remote Usage
		Usr 0 00:00:00, Sys 0 00:00:00  -  Total Local Usage
	0  -  Run Bytes Sent By Job
	0  -  Run Bytes Received By Job
	0  -  Total Bytes Sent By Job
	0  -  Total Bytes Received By Job
	Partitionable Resources :    Usage  Request          
	   Cpus                 :                 1          
	   Disk (KB)            :     2750     2750          
	   Memory (MB)          :      353      353          
...
