000 (13959.000.000) 01/21 05:06:09 Job submitted from host: <128.30.112.18:46685>
...
001 (13959.000.000) 01/21 05:06:10 Job executing on host: <128.30.66.164:41719>
...
006 (13959.000.000) 01/21 05:06:20 Image size of job updated: 2750
	3  -  MemoryUsage of job (MB)
	2224  -  ResidentSetSize of job (KB)
...
006 (13959.000.000) 01/21 05:11:20 Image size of job updated: 585340
	326  -  MemoryUsage of job (MB)
	332808  -  ResidentSetSize of job (KB)
...
006 (13959.000.000) 01/21 05:26:20 Image size of job updated: 600748
	335  -  MemoryUsage of job (MB)
	342416  -  ResidentSetSize of job (KB)
...
006 (13959.000.000) 01/21 05:36:22 Image size of job updated: 600748
	335  -  MemoryUsage of job (MB)
	342488  -  ResidentSetSize of job (KB)
...
006 (13959.000.000) 01/21 05:41:22 Image size of job updated: 600748
	335  -  MemoryUsage of job (MB)
	342668  -  ResidentSetSize of job (KB)
...
006 (13959.000.000) 01/21 05:46:23 Image size of job updated: 600748
	335  -  MemoryUsage of job (MB)
	342908  -  ResidentSetSize of job (KB)
...
005 (13959.000.000) 01/21 05:48:23 Job terminated.
	(1) Normal termination (return value 0)
		Usr 0 00:29:17, Sys 0 00:08:12  -  Run Remote Usage
		Usr 0 00:00:00, Sys 0 00:00:00  -  Run Local Usage
		Usr 0 00:29:17, Sys 0 00:08:12  -  Total Remote Usage
		Usr 0 00:00:00, Sys 0 00:00:00  -  Total Local Usage
	0  -  Run Bytes Sent By Job
	0  -  Run Bytes Received By Job
	0  -  Total Bytes Sent By Job
	0  -  Total Bytes Received By Job
	Partitionable Resources :    Usage  Request          
	   Cpus                 :                 1          
	   Disk (KB)            :     2750     2750          
	   Memory (MB)          :      335      335          
...
