000 (13960.000.000) 01/21 05:06:09 Job submitted from host: <128.30.112.18:46685>
...
001 (13960.000.000) 01/21 05:06:10 Job executing on host: <128.30.66.163:58460>
...
006 (13960.000.000) 01/21 05:06:19 Image size of job updated: 43892
	7  -  MemoryUsage of job (MB)
	6732  -  ResidentSetSize of job (KB)
...
006 (13960.000.000) 01/21 05:11:20 Image size of job updated: 600716
	353  -  MemoryUsage of job (MB)
	361136  -  ResidentSetSize of job (KB)
...
005 (13960.000.000) 01/21 05:42:15 Job terminated.
	(1) Normal termination (return value 0)
		Usr 0 00:35:27, Sys 0 00:00:24  -  Run Remote Usage
		Usr 0 00:00:00, Sys 0 00:00:00  -  Run Local Usage
		Usr 0 00:35:27, Sys 0 00:00:24  -  Total Remote Usage
		Usr 0 00:00:00, Sys 0 00:00:00  -  Total Local Usage
	0  -  Run Bytes Sent By Job
	0  -  Run Bytes Received By Job
	0  -  Total Bytes Sent By Job
	0  -  Total Bytes Received By Job
	Partitionable Resources :    Usage  Request          
	   Cpus                 :                 1          
	   Disk (KB)            :     2750     2750          
	   Memory (MB)          :      353      353          
...
