000 (13962.000.000) 01/21 05:06:09 Job submitted from host: <128.30.112.18:46685>
...
001 (13962.000.000) 01/21 05:06:10 Job executing on host: <128.30.113.105:42991>
...
006 (13962.000.000) 01/21 05:06:19 Image size of job updated: 2750
	3  -  MemoryUsage of job (MB)
	2216  -  ResidentSetSize of job (KB)
...
006 (13962.000.000) 01/21 05:11:21 Image size of job updated: 506992
	305  -  MemoryUsage of job (MB)
	312076  -  ResidentSetSize of job (KB)
...
006 (13962.000.000) 01/21 05:16:21 Image size of job updated: 522404
	336  -  MemoryUsage of job (MB)
	343316  -  ResidentSetSize of job (KB)
...
005 (13962.000.000) 01/21 05:55:27 Job terminated.
	(1) Normal termination (return value 0)
		Usr 0 00:48:14, Sys 0 00:00:50  -  Run Remote Usage
		Usr 0 00:00:00, Sys 0 00:00:00  -  Run Local Usage
		Usr 0 00:48:14, Sys 0 00:00:50  -  Total Remote Usage
		Usr 0 00:00:00, Sys 0 00:00:00  -  Total Local Usage
	0  -  Run Bytes Sent By Job
	0  -  Run Bytes Received By Job
	0  -  Total Bytes Sent By Job
	0  -  Total Bytes Received By Job
	Partitionable Resources :    Usage  Request          
	   Cpus                 :                 1          
	   Disk (KB)            :     2750     2750          
	   Memory (MB)          :      336      336          
...
