000 (13611.000.000) 01/20 21:51:58 Job submitted from host: <128.30.112.18:46685>
...
001 (13611.000.000) 01/20 21:52:10 Job executing on host: <128.30.66.170:39331>
...
006 (13611.000.000) 01/20 21:52:19 Image size of job updated: 2750
	3  -  MemoryUsage of job (MB)
	2228  -  ResidentSetSize of job (KB)
...
006 (13611.000.000) 01/20 21:57:20 Image size of job updated: 328512
	87  -  MemoryUsage of job (MB)
	88636  -  ResidentSetSize of job (KB)
...
006 (13611.000.000) 01/20 22:02:20 Image size of job updated: 352376
	111  -  MemoryUsage of job (MB)
	112660  -  ResidentSetSize of job (KB)
...
006 (13611.000.000) 01/20 22:04:17 Image size of job updated: 358104
	111  -  MemoryUsage of job (MB)
	112660  -  ResidentSetSize of job (KB)
...
005 (13611.000.000) 01/20 22:04:17 Job terminated.
	(1) Normal termination (return value 0)
		Usr 0 00:11:55, Sys 0 00:00:00  -  Run Remote Usage
		Usr 0 00:00:00, Sys 0 00:00:00  -  Run Local Usage
		Usr 0 00:11:55, Sys 0 00:00:00  -  Total Remote Usage
		Usr 0 00:00:00, Sys 0 00:00:00  -  Total Local Usage
	0  -  Run Bytes Sent By Job
	0  -  Run Bytes Received By Job
	0  -  Total Bytes Sent By Job
	0  -  Total Bytes Received By Job
	Partitionable Resources :    Usage  Request          
	   Cpus                 :                 1          
	   Disk (KB)            :     2750     2750          
	   Memory (MB)          :      111      111          
...
