000 (13596.000.000) 01/20 21:51:56 Job submitted from host: <128.30.112.18:46685>
...
001 (13596.000.000) 01/20 21:52:10 Job executing on host: <128.30.66.170:39331>
...
006 (13596.000.000) 01/20 21:52:19 Image size of job updated: 56776
	9  -  MemoryUsage of job (MB)
	8644  -  ResidentSetSize of job (KB)
...
006 (13596.000.000) 01/20 21:57:21 Image size of job updated: 333408
	92  -  MemoryUsage of job (MB)
	93700  -  ResidentSetSize of job (KB)
...
006 (13596.000.000) 01/20 22:02:21 Image size of job updated: 360008
	118  -  MemoryUsage of job (MB)
	120260  -  ResidentSetSize of job (KB)
...
006 (13596.000.000) 01/20 22:05:57 Image size of job updated: 378944
	118  -  MemoryUsage of job (MB)
	120260  -  ResidentSetSize of job (KB)
...
005 (13596.000.000) 01/20 22:05:57 Job terminated.
	(1) Normal termination (return value 0)
		Usr 0 00:13:40, Sys 0 00:00:00  -  Run Remote Usage
		Usr 0 00:00:00, Sys 0 00:00:00  -  Run Local Usage
		Usr 0 00:13:40, Sys 0 00:00:00  -  Total Remote Usage
		Usr 0 00:00:00, Sys 0 00:00:00  -  Total Local Usage
	0  -  Run Bytes Sent By Job
	0  -  Run Bytes Received By Job
	0  -  Total Bytes Sent By Job
	0  -  Total Bytes Received By Job
	Partitionable Resources :    Usage  Request          
	   Cpus                 :                 1          
	   Disk (KB)            :     2750     2750          
	   Memory (MB)          :      118      118          
...
