000 (13770.000.000) 01/21 04:33:55 Job submitted from host: <128.30.112.18:46685>
...
001 (13770.000.000) 01/21 04:34:13 Job executing on host: <128.30.113.101:38623>
...
006 (13770.000.000) 01/21 04:34:21 Image size of job updated: 203328
	24  -  MemoryUsage of job (MB)
	23872  -  ResidentSetSize of job (KB)
...
006 (13770.000.000) 01/21 04:37:55 Image size of job updated: 244548
	24  -  MemoryUsage of job (MB)
	23872  -  ResidentSetSize of job (KB)
...
005 (13770.000.000) 01/21 04:37:55 Job terminated.
	(1) Normal termination (return value 0)
		Usr 0 00:03:40, Sys 0 00:00:00  -  Run Remote Usage
		Usr 0 00:00:00, Sys 0 00:00:00  -  Run Local Usage
		Usr 0 00:03:40, Sys 0 00:00:00  -  Total Remote Usage
		Usr 0 00:00:00, Sys 0 00:00:00  -  Total Local Usage
	0  -  Run Bytes Sent By Job
	0  -  Run Bytes Received By Job
	0  -  Total Bytes Sent By Job
	0  -  Total Bytes Received By Job
	Partitionable Resources :    Usage  Request          
	   Cpus                 :                 1          
	   Disk (KB)            :     2750     2750          
	   Memory (MB)          :       24       24          
...
