000 (13760.000.000) 01/21 04:33:54 Job submitted from host: <128.30.112.18:46685>
...
001 (13760.000.000) 01/21 04:34:12 Job executing on host: <128.30.113.105:42991>
...
006 (13760.000.000) 01/21 04:34:21 Image size of job updated: 211164
	31  -  MemoryUsage of job (MB)
	31680  -  ResidentSetSize of job (KB)
...
006 (13760.000.000) 01/21 04:38:00 Image size of job updated: 248880
	31  -  MemoryUsage of job (MB)
	31680  -  ResidentSetSize of job (KB)
...
005 (13760.000.000) 01/21 04:38:00 Job terminated.
	(1) Normal termination (return value 0)
		Usr 0 00:03:38, Sys 0 00:00:00  -  Run Remote Usage
		Usr 0 00:00:00, Sys 0 00:00:00  -  Run Local Usage
		Usr 0 00:03:38, Sys 0 00:00:00  -  Total Remote Usage
		Usr 0 00:00:00, Sys 0 00:00:00  -  Total Local Usage
	0  -  Run Bytes Sent By Job
	0  -  Run Bytes Received By Job
	0  -  Total Bytes Sent By Job
	0  -  Total Bytes Received By Job
	Partitionable Resources :    Usage  Request          
	   Cpus                 :                 1          
	   Disk (KB)            :     2750     2750          
	   Memory (MB)          :       31       31          
...
