000 (13993.000.000) 01/21 05:16:19 Job submitted from host: <128.30.112.18:46685>
...
001 (13993.000.000) 01/21 05:16:21 Job executing on host: <128.30.66.169:43926>
...
006 (13993.000.000) 01/21 05:16:30 Image size of job updated: 290292
	50  -  MemoryUsage of job (MB)
	50264  -  ResidentSetSize of job (KB)
...
006 (13993.000.000) 01/21 05:21:31 Image size of job updated: 374964
	133  -  MemoryUsage of job (MB)
	135284  -  ResidentSetSize of job (KB)
...
006 (13993.000.000) 01/21 05:24:04 Image size of job updated: 376484
	133  -  MemoryUsage of job (MB)
	135284  -  ResidentSetSize of job (KB)
...
005 (13993.000.000) 01/21 05:24:04 Job terminated.
	(1) Normal termination (return value 0)
		Usr 0 00:07:24, Sys 0 00:00:09  -  Run Remote Usage
		Usr 0 00:00:00, Sys 0 00:00:00  -  Run Local Usage
		Usr 0 00:07:24, Sys 0 00:00:09  -  Total Remote Usage
		Usr 0 00:00:00, Sys 0 00:00:00  -  Total Local Usage
	0  -  Run Bytes Sent By Job
	0  -  Run Bytes Received By Job
	0  -  Total Bytes Sent By Job
	0  -  Total Bytes Received By Job
	Partitionable Resources :    Usage  Request          
	   Cpus                 :                 1          
	   Disk (KB)            :     2750     2750          
	   Memory (MB)          :      133      133          
...
