000 (13996.000.000) 01/21 05:16:20 Job submitted from host: <128.30.112.18:46685>
...
001 (13996.000.000) 01/21 05:16:21 Job executing on host: <128.30.66.163:58460>
...
006 (13996.000.000) 01/21 05:16:30 Image size of job updated: 290292
	50  -  MemoryUsage of job (MB)
	50320  -  ResidentSetSize of job (KB)
...
006 (13996.000.000) 01/21 05:19:10 Image size of job updated: 373736
	50  -  MemoryUsage of job (MB)
	50320  -  ResidentSetSize of job (KB)
...
005 (13996.000.000) 01/21 05:19:10 Job terminated.
	(1) Normal termination (return value 0)
		Usr 0 00:02:40, Sys 0 00:00:04  -  Run Remote Usage
		Usr 0 00:00:00, Sys 0 00:00:00  -  Run Local Usage
		Usr 0 00:02:40, Sys 0 00:00:04  -  Total Remote Usage
		Usr 0 00:00:00, Sys 0 00:00:00  -  Total Local Usage
	0  -  Run Bytes Sent By Job
	0  -  Run Bytes Received By Job
	0  -  Total Bytes Sent By Job
	0  -  Total Bytes Received By Job
	Partitionable Resources :    Usage  Request          
	   Cpus                 :                 1          
	   Disk (KB)            :     2750     2750          
	   Memory (MB)          :       50       50          
...
