000 (14001.000.000) 01/21 05:16:21 Job submitted from host: <128.30.112.18:46685>
...
001 (14001.000.000) 01/21 05:16:59 Job executing on host: <128.30.66.164:41719>
...
006 (14001.000.000) 01/21 05:18:01 Image size of job updated: 37572
	5  -  MemoryUsage of job (MB)
	4388  -  ResidentSetSize of job (KB)
...
006 (14001.000.000) 01/21 05:20:50 Image size of job updated: 373748
	5  -  MemoryUsage of job (MB)
	4388  -  ResidentSetSize of job (KB)
...
005 (14001.000.000) 01/21 05:20:54 Job terminated.
	(1) Normal termination (return value 0)
		Usr 0 00:02:22, Sys 0 00:00:03  -  Run Remote Usage
		Usr 0 00:00:00, Sys 0 00:00:00  -  Run Local Usage
		Usr 0 00:02:22, Sys 0 00:00:03  -  Total Remote Usage
		Usr 0 00:00:00, Sys 0 00:00:00  -  Total Local Usage
	0  -  Run Bytes Sent By Job
	0  -  Run Bytes Received By Job
	0  -  Total Bytes Sent By Job
	0  -  Total Bytes Received By Job
	Partitionable Resources :    Usage  Request          
	   Cpus                 :                 1          
	   Disk (KB)            :     2750     2750          
	   Memory (MB)          :        5        5          
...
