000 (13985.000.000) 01/21 05:16:19 Job submitted from host: <128.30.112.18:46685>
...
001 (13985.000.000) 01/21 05:16:23 Job executing on host: <128.30.66.166:36393>
...
006 (13985.000.000) 01/21 05:16:32 Image size of job updated: 290296
	50  -  MemoryUsage of job (MB)
	50336  -  ResidentSetSize of job (KB)
...
006 (13985.000.000) 01/21 05:21:33 Image size of job updated: 374976
	131  -  MemoryUsage of job (MB)
	133900  -  ResidentSetSize of job (KB)
...
006 (13985.000.000) 01/21 05:24:13 Image size of job updated: 375044
	131  -  MemoryUsage of job (MB)
	133900  -  ResidentSetSize of job (KB)
...
005 (13985.000.000) 01/21 05:24:13 Job terminated.
	(1) Normal termination (return value 0)
		Usr 0 00:07:29, Sys 0 00:00:07  -  Run Remote Usage
		Usr 0 00:00:00, Sys 0 00:00:00  -  Run Local Usage
		Usr 0 00:07:29, Sys 0 00:00:07  -  Total Remote Usage
		Usr 0 00:00:00, Sys 0 00:00:00  -  Total Local Usage
	0  -  Run Bytes Sent By Job
	0  -  Run Bytes Received By Job
	0  -  Total Bytes Sent By Job
	0  -  Total Bytes Received By Job
	Partitionable Resources :    Usage  Request          
	   Cpus                 :                 1          
	   Disk (KB)            :     2750     2750          
	   Memory (MB)          :      131      131          
...
