============================================================
Domain:		SystemAdministrator
Dimensions:	20
|S|:		1048576
|A|:		21
|S|x|A|:		22020096
Episode Cap:	200
Gamma:		0.95
Computers:	20
Edges:		[(0, 15), (0, 10), (0, 7), (0, 14), (0, 12), (1, 3), (1, 15), (1, 5), (1, 17), (1, 18), (1, 10), (2, 17), (2, 15), (2, 16), (2, 4), (2, 8), (2, 7), (3, 17), (3, 16), (4, 16), (4, 5), (4, 11), (4, 13), (5, 16), (5, 15), (5, 10), (5, 12), (5, 11), (5, 13), (6, 15), (6, 10), (6, 11), (6, 12), (6, 18), (7, 17), (7, 8), (7, 9), (7, 14), (8, 10), (8, 11), (9, 10), (9, 11), (9, 13), (10, 15), (10, 16), (10, 12), (11, 16), (11, 18), (11, 14), (12, 15), (15, 17), (15, 19), (16, 19), (18, 19)]
Neighbors:
0 : [15, 10, 7, 14, 12]
1 : [3, 15, 5, 17, 18, 10]
2 : [17, 15, 16, 4, 8, 7]
3 : [1, 17, 16]
4 : [2, 16, 5, 11, 13]
5 : [1, 4, 16, 15, 10, 12, 11, 13]
6 : [15, 10, 11, 12, 18]
7 : [0, 2, 17, 8, 9, 14]
8 : [2, 7, 10, 11]
9 : [7, 10, 11, 13]
10 : [0, 1, 5, 6, 8, 9, 15, 16, 12]
11 : [4, 5, 6, 8, 9, 16, 18, 14]
12 : [0, 5, 6, 10, 15]
13 : [4, 5, 9]
14 : [0, 7, 11]
15 : [0, 1, 2, 5, 6, 10, 12, 17, 19]
16 : [2, 3, 4, 5, 10, 11, 19]
17 : [1, 2, 3, 7, 15]
18 : [1, 6, 11, 19]
19 : [15, 16, 18]
============================================================
Representation:		IndependentDiscretizationCompactBinary
Features per action:	21
Binary Dimensions:	[ 0  1  2  3  4  5  6  7  8  9 10 11 12 13 14 15 16 17 18 19]
============================================================
Representation:		iFDD
Features per action:	21
Initial Representation:	IndependentDiscretizationCompactBinary
Plus:			1
Sparsify:		1
Cached:			1
Online Threshold:	400.000
Batch Threshold:		400.000
Max Batch Discovery:	20
============================================================
Agent:		RE_LSPI
Policy:		eGreedy
Max LSPI Iterations:	10
Data Size:		20000
Weight Difference tol.:	0.001
Max Representation Expansion Iterations:	20
============================================================
Experiment:		OnlineExperiment
Output:			././15-results.txt
Learning Steps:		20000
Performance Checks:	1
Log Intervals:		60(s)
Representation Expansion iteration #1
-----------------
Running LSPI:
1: L2_norm of weight difference = 375.112, Density of A: 56.15%
2: L2_norm of weight difference = 58.423, Density of A: 55.88%
3: L2_norm of weight difference = 1.261, Density of A: 55.98%
4: L2_norm of weight difference = 0.001, Density of A: 56.01%
Performance Check >>> 636.000 Return, 200 Steps, 21 Features
iFDD Batch: Max Relevance = 404.248
New Feature 1: [17, 18], Relevance = 404.248
Representation Expansion iteration #2
-----------------
Running LSPI:
1: L2_norm of weight difference = 496.557, Density of A: 51.88%
2: L2_norm of weight difference = 164.076, Density of A: 52.63%
3: L2_norm of weight difference = 5.343, Density of A: 52.33%
4: L2_norm of weight difference = 0.013, Density of A: 52.32%
5: L2_norm of weight difference = 0.000, Density of A: 52.32%
Performance Check >>> 640.000 Return, 200 Steps, 22 Features
iFDD Batch: Max Relevance = 522.944
New Feature 1: [4, 12], Relevance = 522.944
New Feature 2: [7, 16], Relevance = 519.066
New Feature 3: [8, 16], Relevance = 516.716
New Feature 4: [13, 16], Relevance = 513.461
New Feature 5: [8, 19], Relevance = 512.590
New Feature 6: [4, 10], Relevance = 511.783
New Feature 7: [3, 6], Relevance = 510.902
New Feature 8: [0, 4], Relevance = 509.773
New Feature 9: [0, 3], Relevance = 509.262
New Feature 10: [4, 6], Relevance = 508.795
New Feature 11: [9, 16], Relevance = 508.792
New Feature 12: [3, 9], Relevance = 506.217
New Feature 13: [2, 9], Relevance = 505.735
New Feature 14: [0, 16], Relevance = 503.265
New Feature 15: [4, 19], Relevance = 502.372
New Feature 16: [7, 10], Relevance = 502.365
New Feature 17: [8, 13], Relevance = 500.561
New Feature 18: [9, 12], Relevance = 498.372
New Feature 19: [10, 14], Relevance = 497.552
New Feature 20: [6, 14], Relevance = 496.822
Representation Expansion iteration #3
-----------------
Running LSPI:
1: L2_norm of weight difference = 2752.084, Density of A: 19.96%
2: L2_norm of weight difference = 2632.286, Density of A: 18.21%
3: L2_norm of weight difference = 912.160, Density of A: 19.10%
4: L2_norm of weight difference = 2093.557, Density of A: 19.68%
5: L2_norm of weight difference = 1184.457, Density of A: 18.06%
6: L2_norm of weight difference = 921.812, Density of A: 19.35%
7: L2_norm of weight difference = 2019.733, Density of A: 19.59%
8: L2_norm of weight difference = 1102.089, Density of A: 18.03%
9: L2_norm of weight difference = 942.293, Density of A: 19.52%
10: L2_norm of weight difference = 2042.055, Density of A: 19.56%
Performance Check >>> 382.250 Return, 200 Steps, 42 Features
iFDD Batch: Max Relevance = 176.488
20000: E[0:33:11]-R[0:00:00]: Return=461.75, Steps=200, Features = 42
20000 >>> E[0:33:12]-R[0:00:00]: Return=379.75, Steps=200, Features = 42
============================================================
Took 0:33:12
Results	=> ././15-results.txt
Log	=> ././15-out.txt
