============================================================
Domain:		SystemAdministrator
Dimensions:	20
|S|:		1048576
|A|:		21
|S|x|A|:		22020096
Episode Cap:	200
Gamma:		0.95
Computers:	20
Edges:		[(0, 15), (0, 10), (0, 7), (0, 14), (0, 12), (1, 3), (1, 15), (1, 5), (1, 17), (1, 18), (1, 10), (2, 17), (2, 15), (2, 16), (2, 4), (2, 8), (2, 7), (3, 17), (3, 16), (4, 16), (4, 5), (4, 11), (4, 13), (5, 16), (5, 15), (5, 10), (5, 12), (5, 11), (5, 13), (6, 15), (6, 10), (6, 11), (6, 12), (6, 18), (7, 17), (7, 8), (7, 9), (7, 14), (8, 10), (8, 11), (9, 10), (9, 11), (9, 13), (10, 15), (10, 16), (10, 12), (11, 16), (11, 18), (11, 14), (12, 15), (15, 17), (15, 19), (16, 19), (18, 19)]
Neighbors:
0 : [15, 10, 7, 14, 12]
1 : [3, 15, 5, 17, 18, 10]
2 : [17, 15, 16, 4, 8, 7]
3 : [1, 17, 16]
4 : [2, 16, 5, 11, 13]
5 : [1, 4, 16, 15, 10, 12, 11, 13]
6 : [15, 10, 11, 12, 18]
7 : [0, 2, 17, 8, 9, 14]
8 : [2, 7, 10, 11]
9 : [7, 10, 11, 13]
10 : [0, 1, 5, 6, 8, 9, 15, 16, 12]
11 : [4, 5, 6, 8, 9, 16, 18, 14]
12 : [0, 5, 6, 10, 15]
13 : [4, 5, 9]
14 : [0, 7, 11]
15 : [0, 1, 2, 5, 6, 10, 12, 17, 19]
16 : [2, 3, 4, 5, 10, 11, 19]
17 : [1, 2, 3, 7, 15]
18 : [1, 6, 11, 19]
19 : [15, 16, 18]
============================================================
Representation:		IndependentDiscretizationCompactBinary
Features per action:	21
Binary Dimensions:	[ 0  1  2  3  4  5  6  7  8  9 10 11 12 13 14 15 16 17 18 19]
============================================================
Representation:		iFDD
Features per action:	21
Initial Representation:	IndependentDiscretizationCompactBinary
Plus:			1
Sparsify:		1
Cached:			1
Online Threshold:	400.000
Batch Threshold:		400.000
Max Batch Discovery:	20
============================================================
Agent:		RE_LSPI
Policy:		eGreedy
Max LSPI Iterations:	10
Data Size:		20000
Weight Difference tol.:	0.001
Max Representation Expansion Iterations:	20
============================================================
Experiment:		OnlineExperiment
Output:			././5-results.txt
Learning Steps:		20000
Performance Checks:	1
Log Intervals:		60(s)
Representation Expansion iteration #1
-----------------
Running LSPI:
1: L2_norm of weight difference = 337.312, Density of A: 57.93%
2: L2_norm of weight difference = 90.680, Density of A: 60.84%
3: L2_norm of weight difference = 1.583, Density of A: 60.86%
4: L2_norm of weight difference = 0.003, Density of A: 60.85%
5: L2_norm of weight difference = 0.000, Density of A: 60.73%
Performance Check >>> 659.000 Return, 200 Steps, 21 Features
iFDD Batch: Max Relevance = 427.145
New Feature 1: [13, 18], Relevance = 427.145
New Feature 2: [1, 11], Relevance = 421.243
New Feature 3: [6, 13], Relevance = 406.293
Representation Expansion iteration #2
-----------------
Running LSPI:
1: L2_norm of weight difference = 663.089, Density of A: 47.25%
2: L2_norm of weight difference = 5793.184, Density of A: 46.47%
3: L2_norm of weight difference = 11699.352, Density of A: 44.80%
4: L2_norm of weight difference = 293.387, Density of A: 44.69%
5: L2_norm of weight difference = 0.469, Density of A: 44.70%
6: L2_norm of weight difference = 0.000, Density of A: 44.70%
Performance Check >>> 690.750 Return, 200 Steps, 24 Features
iFDD Batch: Max Relevance = 11957.135
New Feature 1: [3, 10], Relevance = 11957.135
New Feature 2: [12, 14], Relevance = 11923.641
New Feature 3: [4, 10], Relevance = 11880.627
New Feature 4: [16, 17], Relevance = 11832.123
New Feature 5: [3, 18], Relevance = 11643.138
New Feature 6: [3, 5], Relevance = 11595.825
New Feature 7: [4, 12], Relevance = 11509.010
New Feature 8: [9, 17], Relevance = 11458.565
New Feature 9: [5, 14], Relevance = 11422.289
New Feature 10: [9, 18], Relevance = 11418.436
New Feature 11: [0, 3], Relevance = 11396.638
New Feature 12: [8, 19], Relevance = 11390.819
New Feature 13: [14, 15], Relevance = 11359.011
New Feature 14: [0, 19], Relevance = 11351.066
New Feature 15: [3, 7], Relevance = 11309.240
New Feature 16: [12, 17], Relevance = 11300.354
New Feature 17: [17, 19], Relevance = 11188.457
New Feature 18: [3, 15], Relevance = 11186.264
New Feature 19: [9, 15], Relevance = 11149.849
New Feature 20: [10, 14], Relevance = 11146.547
Representation Expansion iteration #3
-----------------
Running LSPI:
1: L2_norm of weight difference = 4164.081, Density of A: 18.83%
2: L2_norm of weight difference = 4035.628, Density of A: 17.02%
3: L2_norm of weight difference = 676.067, Density of A: 17.46%
4: L2_norm of weight difference = 1698.251, Density of A: 18.77%
5: L2_norm of weight difference = 1042.055, Density of A: 16.70%
6: L2_norm of weight difference = 779.875, Density of A: 16.97%
7: L2_norm of weight difference = 1807.801, Density of A: 18.56%
8: L2_norm of weight difference = 1031.223, Density of A: 16.76%
9: L2_norm of weight difference = 795.214, Density of A: 17.27%
10: L2_norm of weight difference = 1819.528, Density of A: 18.55%
Performance Check >>> 272.000 Return, 200 Steps, 44 Features
iFDD Batch: Max Relevance = 145.882
20000: E[0:22:29]-R[0:00:00]: Return=512.75, Steps=200, Features = 44
20000 >>> E[0:22:29]-R[0:00:00]: Return=320.25, Steps=200, Features = 44
============================================================
Took 0:22:29
Results	=> ././5-results.txt
Log	=> ././5-out.txt
