============================================================
Domain:		PST
Dimensions:	12
|S|:		5451776
|A|:		27
|S|x|A|:		147197952
Episode Cap:	1000
Gamma:		0.9
NUM_UAV:		3
============================================================
Representation:		IndependentDiscretizationCompactBinary
Features per action:	52
Binary Dimensions:	[ 6  7  8  9 10 11]
============================================================
Agent:		SARSA
Policy:		eGreedy
Alpha_0:		0.10
============================================================
Agent:		RE_LSPI
Policy:		eGreedy
Max LSPI Iterations:	10
Data Size:		20000
Weight Difference tol.:	0.001
Max Representation Expansion Iterations:	20
============================================================
Agent:		RE_LSPI_SARSA
Policy:		eGreedy
============================================================
Experiment:		OnlineExperiment
Output:			././11-results.txt
Learning Steps:		20000
Performance Checks:	1
Log Intervals:		60(s)
17769: E[0:01:00]-R[0:00:08]: Return=61.00, Steps=10, Features = 52
Representation Expansion iteration #1
-----------------
Running LSPI:
1: L2_norm of weight difference = 275.586, Density of A: 15.35%
2: L2_norm of weight difference = 660.128, Density of A: 15.03%
3: L2_norm of weight difference = 1345.720, Density of A: 14.06%
4: L2_norm of weight difference = 797.444, Density of A: 15.29%
5: L2_norm of weight difference = 240.933, Density of A: 15.74%
6: L2_norm of weight difference = 542.523, Density of A: 15.20%
7: L2_norm of weight difference = 558.088, Density of A: 15.30%
8: L2_norm of weight difference = 387.567, Density of A: 15.50%
9: L2_norm of weight difference = 1392.477, Density of A: 14.34%
10: L2_norm of weight difference = 1490.605, Density of A: 14.20%
Performance Check >>> -15.000 Return, 11 Steps, 52 Features
20000 >>> E[0:36:03]-R[0:00:00]: Return=-35.00, Steps=11, Features = 52
============================================================
Took 0:36:03
Results	=> ././11-results.txt
Log	=> ././11-out.txt
