============================================================
Domain:		PST
Dimensions:	12
|S|:		5451776
|A|:		27
|S|x|A|:		147197952
Episode Cap:	1000
Gamma:		0.9
NUM_UAV:		3
============================================================
Representation:		IndependentDiscretizationCompactBinary
Features per action:	52
Binary Dimensions:	[ 6  7  8  9 10 11]
============================================================
Agent:		SARSA
Policy:		eGreedy
Alpha_0:		0.10
============================================================
Agent:		RE_LSPI
Policy:		eGreedy
Max LSPI Iterations:	10
Data Size:		20000
Weight Difference tol.:	0.001
Max Representation Expansion Iterations:	20
============================================================
Agent:		RE_LSPI_SARSA
Policy:		eGreedy
============================================================
Experiment:		OnlineExperiment
Output:			././14-results.txt
Learning Steps:		20000
Performance Checks:	1
Log Intervals:		60(s)
13319: E[0:01:00]-R[0:00:30]: Return=-32.00, Steps=12, Features = 52
Representation Expansion iteration #1
-----------------
Running LSPI:
1: L2_norm of weight difference = 362.332, Density of A: 15.16%
2: L2_norm of weight difference = 1035.390, Density of A: 14.47%
3: L2_norm of weight difference = 829.758, Density of A: 15.37%
4: L2_norm of weight difference = 323.726, Density of A: 15.55%
5: L2_norm of weight difference = 1833.481, Density of A: 14.88%
6: L2_norm of weight difference = 2475.331, Density of A: 13.65%
7: L2_norm of weight difference = 519.397, Density of A: 15.46%
8: L2_norm of weight difference = 311.394, Density of A: 15.52%
9: L2_norm of weight difference = 664.077, Density of A: 14.51%
10: L2_norm of weight difference = 614.908, Density of A: 14.77%
Performance Check >>> -29.000 Return, 22 Steps, 52 Features
20000 >>> E[0:49:26]-R[0:00:00]: Return=-26.00, Steps=27, Features = 52
============================================================
Took 0:49:26
Results	=> ././14-results.txt
Log	=> ././14-out.txt
