============================================================
Domain:		PST
Dimensions:	12
|S|:		5451776
|A|:		27
|S|x|A|:		147197952
Episode Cap:	1000
Gamma:		0.9
NUM_UAV:		3
============================================================
Representation:		IndependentDiscretizationCompactBinary
Features per action:	52
Binary Dimensions:	[ 6  7  8  9 10 11]
============================================================
Agent:		SARSA
Policy:		eGreedy
Alpha_0:		0.10
============================================================
Agent:		RE_LSPI
Policy:		eGreedy
Max LSPI Iterations:	10
Data Size:		20000
Weight Difference tol.:	0.001
Max Representation Expansion Iterations:	20
============================================================
Agent:		RE_LSPI_SARSA
Policy:		eGreedy
============================================================
Experiment:		OnlineExperiment
Output:			././18-results.txt
Learning Steps:		20000
Performance Checks:	1
Log Intervals:		60(s)
17272: E[0:01:00]-R[0:00:09]: Return=24.00, Steps=12, Features = 52
Representation Expansion iteration #1
-----------------
Running LSPI:
1: L2_norm of weight difference = 258.419, Density of A: 14.35%
2: L2_norm of weight difference = 388.548, Density of A: 14.68%
3: L2_norm of weight difference = 409.967, Density of A: 14.25%
4: L2_norm of weight difference = 852.367, Density of A: 14.19%
5: L2_norm of weight difference = 1554.191, Density of A: 13.78%
6: L2_norm of weight difference = 355.917, Density of A: 14.80%
7: L2_norm of weight difference = 208.340, Density of A: 14.86%
8: L2_norm of weight difference = 267.731, Density of A: 14.85%
9: L2_norm of weight difference = 609.845, Density of A: 14.49%
10: L2_norm of weight difference = 106374.726, Density of A: 13.94%
Performance Check >>> 0.000 Return, 1000 Steps, 52 Features
20000 >>> E[1:28:41]-R[0:00:00]: Return=0.00, Steps=1000, Features = 52
============================================================
Took 1:28:41
Results	=> ././18-results.txt
Log	=> ././18-out.txt
