============================================================
Domain:		PST
Dimensions:	12
|S|:		5451776
|A|:		27
|S|x|A|:		147197952
Episode Cap:	1000
Gamma:		0.9
NUM_UAV:		3
============================================================
Representation:		IndependentDiscretizationCompactBinary
Features per action:	52
Binary Dimensions:	[ 6  7  8  9 10 11]
============================================================
Agent:		SARSA
Policy:		eGreedy
Alpha_0:		0.10
============================================================
Agent:		RE_LSPI
Policy:		eGreedy
Max LSPI Iterations:	10
Data Size:		20000
Weight Difference tol.:	0.001
Max Representation Expansion Iterations:	20
============================================================
Agent:		RE_LSPI_SARSA
Policy:		eGreedy
============================================================
Experiment:		OnlineExperiment
Output:			././24-results.txt
Learning Steps:		20000
Performance Checks:	1
Log Intervals:		60(s)
16412: E[0:01:00]-R[0:00:13]: Return=-17.00, Steps=12, Features = 52
Representation Expansion iteration #1
-----------------
Running LSPI:
1: L2_norm of weight difference = 310.597, Density of A: 14.04%
2: L2_norm of weight difference = 1077.072, Density of A: 13.30%
3: L2_norm of weight difference = 1455.361, Density of A: 13.18%
4: L2_norm of weight difference = 404.795, Density of A: 13.70%
5: L2_norm of weight difference = 389.475, Density of A: 14.09%
6: L2_norm of weight difference = 699.335, Density of A: 13.04%
7: L2_norm of weight difference = 527.910, Density of A: 13.93%
8: L2_norm of weight difference = 349.311, Density of A: 13.79%
9: L2_norm of weight difference = 372.155, Density of A: 13.66%
10: L2_norm of weight difference = 374.760, Density of A: 13.90%
Performance Check >>> -79.000 Return, 11 Steps, 52 Features
20000 >>> E[1:41:34]-R[0:00:00]: Return=-80.00, Steps=17, Features = 52
============================================================
Took 1:41:34
Results	=> ././24-results.txt
Log	=> ././24-out.txt
