============================================================
Domain:		PST
Dimensions:	12
|S|:		5451776
|A|:		27
|S|x|A|:		147197952
Episode Cap:	1000
Gamma:		0.9
NUM_UAV:		3
============================================================
Representation:		IndependentDiscretizationCompactBinary
Features per action:	52
Binary Dimensions:	[ 6  7  8  9 10 11]
============================================================
Agent:		SARSA
Policy:		eGreedy
Alpha_0:		0.10
============================================================
Agent:		RE_LSPI
Policy:		eGreedy
Max LSPI Iterations:	10
Data Size:		20000
Weight Difference tol.:	0.001
Max Representation Expansion Iterations:	20
============================================================
Agent:		RE_LSPI_SARSA
Policy:		eGreedy
============================================================
Experiment:		OnlineExperiment
Output:			././26-results.txt
Learning Steps:		20000
Performance Checks:	1
Log Intervals:		60(s)
15025: E[0:01:00]-R[0:00:20]: Return=-48.00, Steps=12, Features = 52
Representation Expansion iteration #1
-----------------
Running LSPI:
1: L2_norm of weight difference = 693.400, Density of A: 13.04%
2: L2_norm of weight difference = 1072.045, Density of A: 12.27%
3: L2_norm of weight difference = 498.217, Density of A: 13.45%
4: L2_norm of weight difference = 553.284, Density of A: 13.43%
5: L2_norm of weight difference = 793.903, Density of A: 12.87%
6: L2_norm of weight difference = 750.766, Density of A: 12.95%
7: L2_norm of weight difference = 873.837, Density of A: 12.99%
8: L2_norm of weight difference = 1034.788, Density of A: 12.37%
9: L2_norm of weight difference = 597.442, Density of A: 13.58%
10: L2_norm of weight difference = 680.583, Density of A: 13.09%
Performance Check >>> -76.000 Return, 10 Steps, 52 Features
20000 >>> E[1:35:19]-R[0:00:00]: Return=-55.00, Steps=10, Features = 52
============================================================
Took 1:35:19
Results	=> ././26-results.txt
Log	=> ././26-out.txt
