============================================================
Domain:		PST
Dimensions:	12
|S|:		5451776
|A|:		27
|S|x|A|:		147197952
Episode Cap:	1000
Gamma:		0.9
NUM_UAV:		3
============================================================
Representation:		IndependentDiscretizationCompactBinary
Features per action:	52
Binary Dimensions:	[ 6  7  8  9 10 11]
============================================================
Agent:		SARSA
Policy:		eGreedy
Alpha_0:		0.10
============================================================
Agent:		RE_LSPI
Policy:		eGreedy
Max LSPI Iterations:	10
Data Size:		20000
Weight Difference tol.:	0.001
Max Representation Expansion Iterations:	20
============================================================
Agent:		RE_LSPI_SARSA
Policy:		eGreedy
============================================================
Experiment:		OnlineExperiment
Output:			././5-results.txt
Learning Steps:		20000
Performance Checks:	1
Log Intervals:		60(s)
18394: E[0:01:00]-R[0:00:05]: Return=-37.00, Steps=11, Features = 52
Representation Expansion iteration #1
-----------------
Running LSPI:
1: L2_norm of weight difference = 303.069, Density of A: 14.66%
2: L2_norm of weight difference = 1491.486, Density of A: 14.44%
3: L2_norm of weight difference = 2976.380, Density of A: 13.78%
4: L2_norm of weight difference = 1907.056, Density of A: 14.49%
5: L2_norm of weight difference = 291.936, Density of A: 14.68%
6: L2_norm of weight difference = 466.225, Density of A: 14.62%
7: L2_norm of weight difference = 1141.290, Density of A: 14.03%
8: L2_norm of weight difference = 869.324, Density of A: 14.44%
9: L2_norm of weight difference = 279.824, Density of A: 15.01%
10: L2_norm of weight difference = 889.608, Density of A: 14.63%
Performance Check >>> -96.000 Return, 32 Steps, 52 Features
20000 >>> E[0:46:51]-R[0:00:00]: Return=-82.00, Steps=15, Features = 52
============================================================
Took 0:46:51
Results	=> ././5-results.txt
Log	=> ././5-out.txt
