============================================================
Domain:		PST
Dimensions:	12
|S|:		5451776
|A|:		27
|S|x|A|:		147197952
Episode Cap:	1000
Gamma:		0.9
NUM_UAV:		3
============================================================
Representation:		IndependentDiscretizationCompactBinary
Features per action:	52
Binary Dimensions:	[ 6  7  8  9 10 11]
============================================================
Agent:		SARSA
Policy:		eGreedy
Alpha_0:		0.10
============================================================
Agent:		RE_LSPI
Policy:		eGreedy
Max LSPI Iterations:	10
Data Size:		20000
Weight Difference tol.:	0.001
Max Representation Expansion Iterations:	20
============================================================
Agent:		RE_LSPI_SARSA
Policy:		eGreedy
============================================================
Experiment:		OnlineExperiment
Output:			././9-results.txt
Learning Steps:		20000
Performance Checks:	1
Log Intervals:		60(s)
19576: E[0:01:00]-R[0:00:01]: Return=36.00, Steps=33, Features = 52
Representation Expansion iteration #1
-----------------
Running LSPI:
1: L2_norm of weight difference = 271.169, Density of A: 15.31%
2: L2_norm of weight difference = 1382.605, Density of A: 14.44%
3: L2_norm of weight difference = 2470.001, Density of A: 13.39%
4: L2_norm of weight difference = 954.140, Density of A: 15.51%
5: L2_norm of weight difference = 251.820, Density of A: 15.91%
6: L2_norm of weight difference = 403.937, Density of A: 15.24%
7: L2_norm of weight difference = 2946.089, Density of A: 13.83%
8: L2_norm of weight difference = 2337.831, Density of A: 15.55%
9: L2_norm of weight difference = 267.811, Density of A: 15.82%
10: L2_norm of weight difference = 375.278, Density of A: 15.62%
Performance Check >>> -6.000 Return, 1000 Steps, 52 Features
20000 >>> E[0:49:16]-R[0:00:00]: Return=-6.00, Steps=1000, Features = 52
============================================================
Took 0:49:16
Results	=> ././9-results.txt
Log	=> ././9-out.txt
