============================================================
Domain:		PST
Dimensions:	12
|S|:		5451776
|A|:		27
|S|x|A|:		147197952
Episode Cap:	1000
Gamma:		0.9
NUM_UAV:		3
============================================================
Representation:		IndependentDiscretizationCompactBinary
Features per action:	52
Binary Dimensions:	[ 6  7  8  9 10 11]
============================================================
Representation:		iFDD
Features per action:	52
Initial Representation:	IndependentDiscretizationCompactBinary
Plus:			1
Sparsify:		1
Cached:			1
Online Threshold:	75.000
Batch Threshold:		75.000
Max Batch Discovery:	20
============================================================
Agent:		SARSA
Policy:		eGreedy
Alpha_0:		0.10
============================================================
Experiment:		OnlineExperiment
Output:			././15-results.txt
Learning Steps:		50000
Performance Checks:	10
Log Intervals:		60(s)
5000 >>> E[0:00:36]-R[0:05:21]: Return=-70.00, Steps=10, Features = 118
10000 >>> E[0:01:13]-R[0:04:53]: Return=-55.00, Steps=10, Features = 137
15000 >>> E[0:01:52]-R[0:04:20]: Return=-70.00, Steps=10, Features = 147
20000 >>> E[0:02:30]-R[0:03:45]: Return=-150.00, Steps=49, Features = 160
25000 >>> E[0:03:08]-R[0:03:08]: Return=-79.00, Steps=40, Features = 169
30000 >>> E[0:03:48]-R[0:02:32]: Return=-14.00, Steps=1000, Features = 176
35000 >>> E[0:04:26]-R[0:01:54]: Return=-14.00, Steps=10, Features = 189
40000 >>> E[0:05:05]-R[0:01:16]: Return=-65.00, Steps=14, Features = 195
45000 >>> E[0:05:41]-R[0:00:38]: Return=-76.00, Steps=13, Features = 209
50000 >>> E[0:06:17]-R[0:00:00]: Return=-51.00, Steps=10, Features = 225
============================================================
Took 0:06:17
Results	=> ././15-results.txt
Log	=> ././15-out.txt
