============================================================
Domain:		PST
Dimensions:	12
|S|:		5451776
|A|:		27
|S|x|A|:		147197952
Episode Cap:	1000
Gamma:		0.9
NUM_UAV:		3
============================================================
Representation:		IndependentDiscretizationCompactBinary
Features per action:	52
Binary Dimensions:	[ 6  7  8  9 10 11]
============================================================
Representation:		iFDD
Features per action:	52
Initial Representation:	IndependentDiscretizationCompactBinary
Plus:			1
Sparsify:		1
Cached:			1
Online Threshold:	75.000
Batch Threshold:		75.000
Max Batch Discovery:	20
============================================================
Agent:		SARSA
Policy:		eGreedy
Alpha_0:		0.10
============================================================
Experiment:		OnlineExperiment
Output:			././6-results.txt
Learning Steps:		50000
Performance Checks:	10
Log Intervals:		60(s)
5000 >>> E[0:00:38]-R[0:05:39]: Return=-10.00, Steps=1000, Features = 129
10000 >>> E[0:01:14]-R[0:04:54]: Return=-73.00, Steps=12, Features = 160
15000 >>> E[0:01:50]-R[0:04:16]: Return=-76.00, Steps=10, Features = 179
20000 >>> E[0:02:25]-R[0:03:38]: Return=-89.00, Steps=17, Features = 198
25000 >>> E[0:03:02]-R[0:03:02]: Return=3.00, Steps=10, Features = 217
30000 >>> E[0:03:39]-R[0:02:26]: Return=-54.00, Steps=10, Features = 234
35000 >>> E[0:04:16]-R[0:01:50]: Return=-95.00, Steps=25, Features = 257
40000 >>> E[0:04:53]-R[0:01:13]: Return=-76.00, Steps=17, Features = 284
45000 >>> E[0:05:34]-R[0:00:37]: Return=-111.00, Steps=1000, Features = 324
50000 >>> E[0:06:15]-R[0:00:00]: Return=115.00, Steps=27, Features = 360
============================================================
Took 0:06:15
Results	=> ././6-results.txt
Log	=> ././6-out.txt
