============================================================
Domain:		PST
Dimensions:	12
|S|:		5451776
|A|:		27
|S|x|A|:		147197952
Episode Cap:	1000
Gamma:		0.9
NUM_UAV:		3
============================================================
Representation:		IndependentDiscretizationCompactBinary
Features per action:	52
Binary Dimensions:	[ 6  7  8  9 10 11]
============================================================
Representation:		iFDD
Features per action:	52
Initial Representation:	IndependentDiscretizationCompactBinary
Plus:			1
Sparsify:		1
Cached:			1
Online Threshold:	45.000
Batch Threshold:		45.000
Max Batch Discovery:	20
============================================================
Agent:		SARSA
Policy:		eGreedy
Alpha_0:		0.10
============================================================
Experiment:		OnlineExperiment
Output:			././11-results.txt
Learning Steps:		50000
Performance Checks:	10
Log Intervals:		60(s)
5000 >>> E[0:00:26]-R[0:03:50]: Return=33.00, Steps=10, Features = 1061
10000 >>> E[0:00:59]-R[0:03:57]: Return=-52.00, Steps=15, Features = 1753
15000 >>> E[0:01:38]-R[0:03:50]: Return=33.00, Steps=10, Features = 2287
20000 >>> E[0:02:17]-R[0:03:25]: Return=32.00, Steps=10, Features = 2685
25000 >>> E[0:02:58]-R[0:02:58]: Return=-61.00, Steps=18, Features = 3037
30000 >>> E[0:03:44]-R[0:02:30]: Return=32.00, Steps=10, Features = 3382
35000 >>> E[0:04:33]-R[0:01:57]: Return=-6.00, Steps=11, Features = 3600
40000 >>> E[0:05:29]-R[0:01:22]: Return=-6.00, Steps=1000, Features = 3801
45000 >>> E[0:06:21]-R[0:00:42]: Return=0.00, Steps=1000, Features = 3969
50000 >>> E[0:07:14]-R[0:00:00]: Return=25.00, Steps=13, Features = 4199
============================================================
Took 0:07:14
Results	=> ././11-results.txt
Log	=> ././11-out.txt
