============================================================
Domain:		PST
Dimensions:	12
|S|:		5451776
|A|:		27
|S|x|A|:		147197952
Episode Cap:	1000
Gamma:		0.9
NUM_UAV:		3
============================================================
Representation:		IndependentDiscretizationCompactBinary
Features per action:	52
Binary Dimensions:	[ 6  7  8  9 10 11]
============================================================
Representation:		iFDD
Features per action:	52
Initial Representation:	IndependentDiscretizationCompactBinary
Plus:			1
Sparsify:		1
Cached:			1
Online Threshold:	45.000
Batch Threshold:		45.000
Max Batch Discovery:	20
============================================================
Agent:		SARSA
Policy:		eGreedy
Alpha_0:		0.10
============================================================
Experiment:		OnlineExperiment
Output:			././13-results.txt
Learning Steps:		50000
Performance Checks:	10
Log Intervals:		60(s)
5000 >>> E[0:00:29]-R[0:04:21]: Return=0.00, Steps=1000, Features = 1003
10000 >>> E[0:00:57]-R[0:03:48]: Return=0.00, Steps=1000, Features = 1112
15000 >>> E[0:01:25]-R[0:03:19]: Return=0.00, Steps=1000, Features = 1242
20000 >>> E[0:01:58]-R[0:02:58]: Return=-1.00, Steps=1000, Features = 1506
25000 >>> E[0:02:33]-R[0:02:33]: Return=0.00, Steps=1000, Features = 1618
30000 >>> E[0:03:13]-R[0:02:08]: Return=0.00, Steps=1000, Features = 1706
35000 >>> E[0:03:49]-R[0:01:38]: Return=0.00, Steps=1000, Features = 1765
40000 >>> E[0:04:24]-R[0:01:06]: Return=0.00, Steps=1000, Features = 1848
45000 >>> E[0:04:57]-R[0:00:33]: Return=0.00, Steps=1000, Features = 1901
50000 >>> E[0:05:29]-R[0:00:00]: Return=0.00, Steps=1000, Features = 1939
============================================================
Took 0:05:29
Results	=> ././13-results.txt
Log	=> ././13-out.txt
