============================================================
Domain:		PST
Dimensions:	12
|S|:		5451776
|A|:		27
|S|x|A|:		147197952
Episode Cap:	1000
Gamma:		0.9
NUM_UAV:		3
============================================================
Representation:		IndependentDiscretizationCompactBinary
Features per action:	52
Binary Dimensions:	[ 6  7  8  9 10 11]
============================================================
Representation:		iFDD
Features per action:	52
Initial Representation:	IndependentDiscretizationCompactBinary
Plus:			1
Sparsify:		1
Cached:			1
Online Threshold:	45.000
Batch Threshold:		45.000
Max Batch Discovery:	20
============================================================
Agent:		SARSA
Policy:		eGreedy
Alpha_0:		0.10
============================================================
Experiment:		OnlineExperiment
Output:			././16-results.txt
Learning Steps:		50000
Performance Checks:	10
Log Intervals:		60(s)
5000 >>> E[0:00:24]-R[0:03:38]: Return=-91.00, Steps=17, Features = 945
10000 >>> E[0:00:55]-R[0:03:42]: Return=-31.00, Steps=10, Features = 1459
15000 >>> E[0:01:33]-R[0:03:38]: Return=0.00, Steps=1000, Features = 1857
20000 >>> E[0:02:12]-R[0:03:18]: Return=-31.00, Steps=32, Features = 2193
25000 >>> E[0:02:52]-R[0:02:52]: Return=19.00, Steps=14, Features = 2501
30000 >>> E[0:03:38]-R[0:02:25]: Return=0.00, Steps=1000, Features = 2840
35000 >>> E[0:04:22]-R[0:01:52]: Return=-37.00, Steps=17, Features = 3141
40000 >>> E[0:05:04]-R[0:01:16]: Return=-71.00, Steps=12, Features = 3355
45000 >>> E[0:05:50]-R[0:00:39]: Return=-39.00, Steps=13, Features = 3616
50000 >>> E[0:06:36]-R[0:00:00]: Return=-38.00, Steps=10, Features = 3853
============================================================
Took 0:06:36
Results	=> ././16-results.txt
Log	=> ././16-out.txt
