============================================================
Domain:		PST
Dimensions:	12
|S|:		5451776
|A|:		27
|S|x|A|:		147197952
Episode Cap:	1000
Gamma:		0.9
NUM_UAV:		3
============================================================
Representation:		IndependentDiscretizationCompactBinary
Features per action:	52
Binary Dimensions:	[ 6  7  8  9 10 11]
============================================================
Representation:		iFDD
Features per action:	52
Initial Representation:	IndependentDiscretizationCompactBinary
Plus:			1
Sparsify:		1
Cached:			1
Online Threshold:	45.000
Batch Threshold:		45.000
Max Batch Discovery:	20
============================================================
Agent:		SARSA
Policy:		eGreedy
Alpha_0:		0.10
============================================================
Experiment:		OnlineExperiment
Output:			././17-results.txt
Learning Steps:		50000
Performance Checks:	10
Log Intervals:		60(s)
5000 >>> E[0:00:27]-R[0:04:02]: Return=-77.00, Steps=23, Features = 950
10000 >>> E[0:01:01]-R[0:04:06]: Return=-55.00, Steps=12, Features = 1466
15000 >>> E[0:01:43]-R[0:04:00]: Return=-59.00, Steps=34, Features = 1844
20000 >>> E[0:02:25]-R[0:03:37]: Return=-30.00, Steps=10, Features = 2143
25000 >>> E[0:03:09]-R[0:03:09]: Return=-15.00, Steps=40, Features = 2403
30000 >>> E[0:03:54]-R[0:02:36]: Return=-3.00, Steps=14, Features = 2663
35000 >>> E[0:04:40]-R[0:02:00]: Return=-51.00, Steps=10, Features = 2918
40000 >>> E[0:05:30]-R[0:01:23]: Return=-67.00, Steps=17, Features = 3183
45000 >>> E[0:06:22]-R[0:00:42]: Return=-53.00, Steps=12, Features = 3353
50000 >>> E[0:07:16]-R[0:00:00]: Return=-6.00, Steps=1000, Features = 3591
============================================================
Took 0:07:16
Results	=> ././17-results.txt
Log	=> ././17-out.txt
