============================================================
Domain:		PST
Dimensions:	12
|S|:		5451776
|A|:		27
|S|x|A|:		147197952
Episode Cap:	1000
Gamma:		0.9
NUM_UAV:		3
============================================================
Representation:		IndependentDiscretizationCompactBinary
Features per action:	52
Binary Dimensions:	[ 6  7  8  9 10 11]
============================================================
Representation:		iFDD
Features per action:	52
Initial Representation:	IndependentDiscretizationCompactBinary
Plus:			1
Sparsify:		1
Cached:			1
Online Threshold:	45.000
Batch Threshold:		45.000
Max Batch Discovery:	20
============================================================
Agent:		SARSA
Policy:		eGreedy
Alpha_0:		0.10
============================================================
Experiment:		OnlineExperiment
Output:			././20-results.txt
Learning Steps:		50000
Performance Checks:	10
Log Intervals:		60(s)
5000 >>> E[0:00:26]-R[0:03:52]: Return=-92.00, Steps=67, Features = 862
10000 >>> E[0:00:56]-R[0:03:42]: Return=-12.00, Steps=10, Features = 1493
15000 >>> E[0:01:37]-R[0:03:47]: Return=-54.00, Steps=10, Features = 2067
20000 >>> E[0:02:16]-R[0:03:24]: Return=-34.00, Steps=10, Features = 2522
25000 >>> E[0:02:57]-R[0:02:57]: Return=-55.00, Steps=10, Features = 2832
30000 >>> E[0:03:46]-R[0:02:31]: Return=7.00, Steps=10, Features = 3088
35000 >>> E[0:04:27]-R[0:01:54]: Return=8.00, Steps=10, Features = 3276
40000 >>> E[0:05:14]-R[0:01:18]: Return=-2.00, Steps=1000, Features = 3501
45000 >>> E[0:06:00]-R[0:00:40]: Return=38.00, Steps=1000, Features = 3711
50000 >>> E[0:06:45]-R[0:00:00]: Return=0.00, Steps=1000, Features = 3878
============================================================
Took 0:06:45
Results	=> ././20-results.txt
Log	=> ././20-out.txt
