============================================================
Domain:		PST
Dimensions:	12
|S|:		5451776
|A|:		27
|S|x|A|:		147197952
Episode Cap:	1000
Gamma:		0.9
NUM_UAV:		3
============================================================
Representation:		IndependentDiscretizationCompactBinary
Features per action:	52
Binary Dimensions:	[ 6  7  8  9 10 11]
============================================================
Representation:		iFDD
Features per action:	52
Initial Representation:	IndependentDiscretizationCompactBinary
Plus:			1
Sparsify:		1
Cached:			1
Online Threshold:	45.000
Batch Threshold:		45.000
Max Batch Discovery:	20
============================================================
Agent:		SARSA
Policy:		eGreedy
Alpha_0:		0.10
============================================================
Experiment:		OnlineExperiment
Output:			././7-results.txt
Learning Steps:		50000
Performance Checks:	10
Log Intervals:		60(s)
5000 >>> E[0:00:23]-R[0:03:30]: Return=-60.00, Steps=14, Features = 725
10000 >>> E[0:00:59]-R[0:03:57]: Return=-14.00, Steps=10, Features = 1768
15000 >>> E[0:01:40]-R[0:03:53]: Return=-15.00, Steps=10, Features = 2409
20000 >>> E[0:02:25]-R[0:03:37]: Return=-50.00, Steps=10, Features = 2817
25000 >>> E[0:03:14]-R[0:03:14]: Return=-14.00, Steps=1000, Features = 3131
30000 >>> E[0:04:07]-R[0:02:45]: Return=38.00, Steps=1000, Features = 3364
35000 >>> E[0:04:54]-R[0:02:06]: Return=-16.00, Steps=10, Features = 3478
40000 >>> E[0:05:43]-R[0:01:26]: Return=-3.00, Steps=1000, Features = 3663
45000 >>> E[0:06:27]-R[0:00:43]: Return=-56.00, Steps=10, Features = 3790
50000 >>> E[0:07:17]-R[0:00:00]: Return=0.00, Steps=1000, Features = 3894
============================================================
Took 0:07:17
Results	=> ././7-results.txt
Log	=> ././7-out.txt
