000 (13483.000.000) 01/20 19:09:26 Job submitted from host: <128.30.112.18:46685>
...
001 (13483.000.000) 01/20 19:09:40 Job executing on host: <128.30.66.165:41096>
...
006 (13483.000.000) 01/20 19:09:49 Image size of job updated: 302488
	62  -  MemoryUsage of job (MB)
	62524  -  ResidentSetSize of job (KB)
...
006 (13483.000.000) 01/20 19:14:50 Image size of job updated: 432652
	189  -  MemoryUsage of job (MB)
	192800  -  ResidentSetSize of job (KB)
...
006 (13483.000.000) 01/20 19:19:50 Image size of job updated: 485392
	236  -  MemoryUsage of job (MB)
	240972  -  ResidentSetSize of job (KB)
...
006 (13483.000.000) 01/20 19:21:20 Image size of job updated: 498596
	236  -  MemoryUsage of job (MB)
	240972  -  ResidentSetSize of job (KB)
...
005 (13483.000.000) 01/20 19:21:20 Job terminated.
	(1) Normal termination (return value 0)
		Usr 0 00:11:25, Sys 0 00:00:12  -  Run Remote Usage
		Usr 0 00:00:00, Sys 0 00:00:00  -  Run Local Usage
		Usr 0 00:11:25, Sys 0 00:00:12  -  Total Remote Usage
		Usr 0 00:00:00, Sys 0 00:00:00  -  Total Local Usage
	0  -  Run Bytes Sent By Job
	0  -  Run Bytes Received By Job
	0  -  Total Bytes Sent By Job
	0  -  Total Bytes Received By Job
	Partitionable Resources :    Usage  Request          
	   Cpus                 :                 1          
	   Disk (KB)            :     2750     2750          
	   Memory (MB)          :      236      236          
...
