000 (13484.000.000) 01/20 19:09:26 Job submitted from host: <128.30.112.18:46685>
...
001 (13484.000.000) 01/20 19:09:40 Job executing on host: <128.30.66.163:58460>
...
006 (13484.000.000) 01/20 19:09:50 Image size of job updated: 2750
	3  -  MemoryUsage of job (MB)
	2236  -  ResidentSetSize of job (KB)
...
006 (13484.000.000) 01/20 19:14:50 Image size of job updated: 406088
	158  -  MemoryUsage of job (MB)
	161588  -  ResidentSetSize of job (KB)
...
006 (13484.000.000) 01/20 19:19:50 Image size of job updated: 460824
	216  -  MemoryUsage of job (MB)
	220908  -  ResidentSetSize of job (KB)
...
006 (13484.000.000) 01/20 19:24:51 Image size of job updated: 497648
	249  -  MemoryUsage of job (MB)
	253968  -  ResidentSetSize of job (KB)
...
006 (13484.000.000) 01/20 19:26:13 Image size of job updated: 510740
	249  -  MemoryUsage of job (MB)
	253968  -  ResidentSetSize of job (KB)
...
005 (13484.000.000) 01/20 19:26:13 Job terminated.
	(1) Normal termination (return value 0)
		Usr 0 00:15:59, Sys 0 00:00:14  -  Run Remote Usage
		Usr 0 00:00:00, Sys 0 00:00:00  -  Run Local Usage
		Usr 0 00:15:59, Sys 0 00:00:14  -  Total Remote Usage
		Usr 0 00:00:00, Sys 0 00:00:00  -  Total Local Usage
	0  -  Run Bytes Sent By Job
	0  -  Run Bytes Received By Job
	0  -  Total Bytes Sent By Job
	0  -  Total Bytes Received By Job
	Partitionable Resources :    Usage  Request          
	   Cpus                 :                 1          
	   Disk (KB)            :     2750     2750          
	   Memory (MB)          :      249      249          
...
