000 (13491.000.000) 01/20 19:09:27 Job submitted from host: <128.30.112.18:46685>
...
001 (13491.000.000) 01/20 19:09:41 Job executing on host: <128.30.66.169:43926>
...
006 (13491.000.000) 01/20 19:09:49 Image size of job updated: 2750
	3  -  MemoryUsage of job (MB)
	2220  -  ResidentSetSize of job (KB)
...
006 (13491.000.000) 01/20 19:14:49 Image size of job updated: 436112
	192  -  MemoryUsage of job (MB)
	196236  -  ResidentSetSize of job (KB)
...
006 (13491.000.000) 01/20 19:19:28 Image size of job updated: 493064
	192  -  MemoryUsage of job (MB)
	196236  -  ResidentSetSize of job (KB)
...
005 (13491.000.000) 01/20 19:19:28 Job terminated.
	(1) Normal termination (return value 0)
		Usr 0 00:09:38, Sys 0 00:00:07  -  Run Remote Usage
		Usr 0 00:00:00, Sys 0 00:00:00  -  Run Local Usage
		Usr 0 00:09:38, Sys 0 00:00:07  -  Total Remote Usage
		Usr 0 00:00:00, Sys 0 00:00:00  -  Total Local Usage
	0  -  Run Bytes Sent By Job
	0  -  Run Bytes Received By Job
	0  -  Total Bytes Sent By Job
	0  -  Total Bytes Received By Job
	Partitionable Resources :    Usage  Request          
	   Cpus                 :                 1          
	   Disk (KB)            :     2750     2750          
	   Memory (MB)          :      192      192          
...
