000 (13478.000.000) 01/20 19:09:26 Job submitted from host: <128.30.112.18:46685>
...
001 (13478.000.000) 01/20 19:09:40 Job executing on host: <128.30.66.165:41096>
...
006 (13478.000.000) 01/20 19:09:49 Image size of job updated: 304188
	63  -  MemoryUsage of job (MB)
	64344  -  ResidentSetSize of job (KB)
...
006 (13478.000.000) 01/20 19:14:50 Image size of job updated: 430996
	187  -  MemoryUsage of job (MB)
	191408  -  ResidentSetSize of job (KB)
...
006 (13478.000.000) 01/20 19:19:47 Image size of job updated: 489092
	187  -  MemoryUsage of job (MB)
	191408  -  ResidentSetSize of job (KB)
...
005 (13478.000.000) 01/20 19:19:47 Job terminated.
	(1) Normal termination (return value 0)
		Usr 0 00:09:46, Sys 0 00:00:07  -  Run Remote Usage
		Usr 0 00:00:00, Sys 0 00:00:00  -  Run Local Usage
		Usr 0 00:09:46, Sys 0 00:00:07  -  Total Remote Usage
		Usr 0 00:00:00, Sys 0 00:00:00  -  Total Local Usage
	0  -  Run Bytes Sent By Job
	0  -  Run Bytes Received By Job
	0  -  Total Bytes Sent By Job
	0  -  Total Bytes Received By Job
	Partitionable Resources :    Usage  Request          
	   Cpus                 :                 1          
	   Disk (KB)            :     2750     2750          
	   Memory (MB)          :      187      187          
...
