000 (14715.000.000) 01/22 00:38:59 Job submitted from host: <128.30.112.18:46685>
...
001 (14715.000.000) 01/22 00:39:07 Job executing on host: <128.30.66.165:41096>
...
006 (14715.000.000) 01/22 00:39:16 Image size of job updated: 127620
	26  -  MemoryUsage of job (MB)
	25796  -  ResidentSetSize of job (KB)
...
006 (14715.000.000) 01/22 00:44:17 Image size of job updated: 604272
	342  -  MemoryUsage of job (MB)
	349192  -  ResidentSetSize of job (KB)
...
006 (14715.000.000) 01/22 00:49:17 Image size of job updated: 604788
	342  -  MemoryUsage of job (MB)
	350008  -  ResidentSetSize of job (KB)
...
006 (14715.000.000) 01/22 00:54:17 Image size of job updated: 620772
	373  -  MemoryUsage of job (MB)
	381056  -  ResidentSetSize of job (KB)
...
006 (14715.000.000) 01/22 00:59:18 Image size of job updated: 620772
	373  -  MemoryUsage of job (MB)
	381292  -  ResidentSetSize of job (KB)
...
