000 (14724.000.000) 01/22 00:39:00 Job submitted from host: <128.30.112.18:46685>
...
001 (14724.000.000) 01/22 00:39:08 Job executing on host: <128.30.66.164:41719>
...
006 (14724.000.000) 01/22 00:39:16 Image size of job updated: 288852
	48  -  MemoryUsage of job (MB)
	49064  -  ResidentSetSize of job (KB)
...
006 (14724.000.000) 01/22 00:44:16 Image size of job updated: 604492
	334  -  MemoryUsage of job (MB)
	341460  -  ResidentSetSize of job (KB)
...
006 (14724.000.000) 01/22 00:49:16 Image size of job updated: 620956
	373  -  MemoryUsage of job (MB)
	381388  -  ResidentSetSize of job (KB)
...
005 (14724.000.000) 01/22 01:39:02 Job terminated.
	(1) Normal termination (return value 0)
		Usr 0 00:58:38, Sys 0 00:00:53  -  Run Remote Usage
		Usr 0 00:00:00, Sys 0 00:00:00  -  Run Local Usage
		Usr 0 00:58:38, Sys 0 00:00:53  -  Total Remote Usage
		Usr 0 00:00:00, Sys 0 00:00:00  -  Total Local Usage
	0  -  Run Bytes Sent By Job
	0  -  Run Bytes Received By Job
	0  -  Total Bytes Sent By Job
	0  -  Total Bytes Received By Job
	Partitionable Resources :    Usage  Request          
	   Cpus                 :                 1          
	   Disk (KB)            :     2750     2750          
	   Memory (MB)          :      373      373          
...
