000 (14727.000.000) 01/22 00:39:00 Job submitted from host: <128.30.112.18:46685>
...
001 (14727.000.000) 01/22 00:39:08 Job executing on host: <128.30.66.165:41096>
...
006 (14727.000.000) 01/22 00:39:16 Image size of job updated: 38216
	6  -  MemoryUsage of job (MB)
	5780  -  ResidentSetSize of job (KB)
...
006 (14727.000.000) 01/22 00:44:16 Image size of job updated: 604212
	341  -  MemoryUsage of job (MB)
	349016  -  ResidentSetSize of job (KB)
...
006 (14727.000.000) 01/22 00:49:17 Image size of job updated: 604968
	357  -  MemoryUsage of job (MB)
	365180  -  ResidentSetSize of job (KB)
...
006 (14727.000.000) 01/22 00:54:18 Image size of job updated: 620880
	373  -  MemoryUsage of job (MB)
	381376  -  ResidentSetSize of job (KB)
...
005 (14727.000.000) 01/22 01:57:36 Job terminated.
	(1) Normal termination (return value 0)
		Usr 0 01:17:06, Sys 0 00:00:57  -  Run Remote Usage
		Usr 0 00:00:00, Sys 0 00:00:00  -  Run Local Usage
		Usr 0 01:17:06, Sys 0 00:00:57  -  Total Remote Usage
		Usr 0 00:00:00, Sys 0 00:00:00  -  Total Local Usage
	0  -  Run Bytes Sent By Job
	0  -  Run Bytes Received By Job
	0  -  Total Bytes Sent By Job
	0  -  Total Bytes Received By Job
	Partitionable Resources :    Usage  Request          
	   Cpus                 :                 1          
	   Disk (KB)            :     2750     2750          
	   Memory (MB)          :      373      373          
...
