000 (14730.000.000) 01/22 00:39:00 Job submitted from host: <128.30.112.18:46685>
...
001 (14730.000.000) 01/22 00:39:08 Job executing on host: <128.30.66.166:36393>
...
006 (14730.000.000) 01/22 00:39:16 Image size of job updated: 291364
	51  -  MemoryUsage of job (MB)
	51660  -  ResidentSetSize of job (KB)
...
006 (14730.000.000) 01/22 00:44:16 Image size of job updated: 604620
	342  -  MemoryUsage of job (MB)
	349516  -  ResidentSetSize of job (KB)
...
006 (14730.000.000) 01/22 00:49:17 Image size of job updated: 620916
	373  -  MemoryUsage of job (MB)
	381436  -  ResidentSetSize of job (KB)
...
005 (14730.000.000) 01/22 01:47:23 Job terminated.
	(1) Normal termination (return value 0)
		Usr 0 00:52:29, Sys 0 00:15:28  -  Run Remote Usage
		Usr 0 00:00:00, Sys 0 00:00:00  -  Run Local Usage
		Usr 0 00:52:29, Sys 0 00:15:28  -  Total Remote Usage
		Usr 0 00:00:00, Sys 0 00:00:00  -  Total Local Usage
	0  -  Run Bytes Sent By Job
	0  -  Run Bytes Received By Job
	0  -  Total Bytes Sent By Job
	0  -  Total Bytes Received By Job
	Partitionable Resources :    Usage  Request          
	   Cpus                 :                 1          
	   Disk (KB)            :     2750     2750          
	   Memory (MB)          :      373      373          
...
