000 (14731.000.000) 01/22 00:39:00 Job submitted from host: <128.30.112.18:46685>
...
001 (14731.000.000) 01/22 00:39:08 Job executing on host: <128.30.66.164:41719>
...
006 (14731.000.000) 01/22 00:39:16 Image size of job updated: 289000
	48  -  MemoryUsage of job (MB)
	49080  -  ResidentSetSize of job (KB)
...
006 (14731.000.000) 01/22 00:44:16 Image size of job updated: 604668
	342  -  MemoryUsage of job (MB)
	349764  -  ResidentSetSize of job (KB)
...
006 (14731.000.000) 01/22 00:49:17 Image size of job updated: 621020
	370  -  MemoryUsage of job (MB)
	378732  -  ResidentSetSize of job (KB)
...
006 (14731.000.000) 01/22 01:09:20 Image size of job updated: 621020
	373  -  MemoryUsage of job (MB)
	381544  -  ResidentSetSize of job (KB)
...
005 (14731.000.000) 01/22 01:47:33 Job terminated.
	(1) Normal termination (return value 0)
		Usr 0 00:52:50, Sys 0 00:15:09  -  Run Remote Usage
		Usr 0 00:00:00, Sys 0 00:00:00  -  Run Local Usage
		Usr 0 00:52:50, Sys 0 00:15:09  -  Total Remote Usage
		Usr 0 00:00:00, Sys 0 00:00:00  -  Total Local Usage
	0  -  Run Bytes Sent By Job
	0  -  Run Bytes Received By Job
	0  -  Total Bytes Sent By Job
	0  -  Total Bytes Received By Job
	Partitionable Resources :    Usage  Request          
	   Cpus                 :                 1          
	   Disk (KB)            :     2750     2750          
	   Memory (MB)          :      373      373          
...
