000 (14732.000.000) 01/22 00:39:01 Job submitted from host: <128.30.112.18:46685>
...
001 (14732.000.000) 01/22 00:39:08 Job executing on host: <128.30.113.110:53061>
...
006 (14732.000.000) 01/22 00:39:16 Image size of job updated: 2750
	3  -  MemoryUsage of job (MB)
	2292  -  ResidentSetSize of job (KB)
...
006 (14732.000.000) 01/22 00:44:16 Image size of job updated: 508328
	336  -  MemoryUsage of job (MB)
	343884  -  ResidentSetSize of job (KB)
...
006 (14732.000.000) 01/22 00:49:17 Image size of job updated: 528240
	352  -  MemoryUsage of job (MB)
	360304  -  ResidentSetSize of job (KB)
...
005 (14732.000.000) 01/22 00:52:15 Job terminated.
	(1) Normal termination (return value 1)
		Usr 0 00:11:59, Sys 0 00:00:52  -  Run Remote Usage
		Usr 0 00:00:00, Sys 0 00:00:00  -  Run Local Usage
		Usr 0 00:11:59, Sys 0 00:00:52  -  Total Remote Usage
		Usr 0 00:00:00, Sys 0 00:00:00  -  Total Local Usage
	0  -  Run Bytes Sent By Job
	0  -  Run Bytes Received By Job
	0  -  Total Bytes Sent By Job
	0  -  Total Bytes Received By Job
	Partitionable Resources :    Usage  Request          
	   Cpus                 :                 1          
	   Disk (KB)            :     2750     2750          
	   Memory (MB)          :      352      352          
...
