000 (14716.000.000) 01/22 00:38:59 Job submitted from host: <128.30.112.18:46685>
...
001 (14716.000.000) 01/22 00:39:07 Job executing on host: <128.30.66.164:41719>
...
006 (14716.000.000) 01/22 00:39:16 Image size of job updated: 289484
	49  -  MemoryUsage of job (MB)
	49344  -  ResidentSetSize of job (KB)
...
006 (14716.000.000) 01/22 00:44:17 Image size of job updated: 604340
	342  -  MemoryUsage of job (MB)
	349268  -  ResidentSetSize of job (KB)
...
006 (14716.000.000) 01/22 00:49:18 Image size of job updated: 620920
	373  -  MemoryUsage of job (MB)
	381448  -  ResidentSetSize of job (KB)
...
005 (14716.000.000) 01/22 01:42:31 Job terminated.
	(1) Normal termination (return value 0)
		Usr 0 00:49:13, Sys 0 00:13:48  -  Run Remote Usage
		Usr 0 00:00:00, Sys 0 00:00:00  -  Run Local Usage
		Usr 0 00:49:13, Sys 0 00:13:48  -  Total Remote Usage
		Usr 0 00:00:00, Sys 0 00:00:00  -  Total Local Usage
	0  -  Run Bytes Sent By Job
	0  -  Run Bytes Received By Job
	0  -  Total Bytes Sent By Job
	0  -  Total Bytes Received By Job
	Partitionable Resources :    Usage  Request          
	   Cpus                 :                 1          
	   Disk (KB)            :     2750     2750          
	   Memory (MB)          :      373      373          
...
