000 (14734.000.000) 01/22 00:39:01 Job submitted from host: <128.30.112.18:46685>
...
001 (14734.000.000) 01/22 00:39:08 Job executing on host: <128.30.66.166:36393>
...
006 (14734.000.000) 01/22 00:39:16 Image size of job updated: 291104
	50  -  MemoryUsage of job (MB)
	51128  -  ResidentSetSize of job (KB)
...
006 (14734.000.000) 01/22 00:44:16 Image size of job updated: 604808
	345  -  MemoryUsage of job (MB)
	352940  -  ResidentSetSize of job (KB)
...
006 (14734.000.000) 01/22 00:49:17 Image size of job updated: 621080
	373  -  MemoryUsage of job (MB)
	381572  -  ResidentSetSize of job (KB)
...
005 (14734.000.000) 01/22 01:30:37 Job terminated.
	(1) Normal termination (return value 0)
		Usr 0 00:50:33, Sys 0 00:00:44  -  Run Remote Usage
		Usr 0 00:00:00, Sys 0 00:00:00  -  Run Local Usage
		Usr 0 00:50:33, Sys 0 00:00:44  -  Total Remote Usage
		Usr 0 00:00:00, Sys 0 00:00:00  -  Total Local Usage
	0  -  Run Bytes Sent By Job
	0  -  Run Bytes Received By Job
	0  -  Total Bytes Sent By Job
	0  -  Total Bytes Received By Job
	Partitionable Resources :    Usage  Request          
	   Cpus                 :                 1          
	   Disk (KB)            :     2750     2750          
	   Memory (MB)          :      373      373          
...
