000 (14718.000.000) 01/22 00:38:59 Job submitted from host: <128.30.112.18:46685>
...
001 (14718.000.000) 01/22 00:39:07 Job executing on host: <128.30.113.109:40350>
...
006 (14718.000.000) 01/22 00:39:16 Image size of job updated: 2750
	3  -  MemoryUsage of job (MB)
	2288  -  ResidentSetSize of job (KB)
...
006 (14718.000.000) 01/22 00:44:17 Image size of job updated: 508440
	336  -  MemoryUsage of job (MB)
	344012  -  ResidentSetSize of job (KB)
...
006 (14718.000.000) 01/22 00:49:18 Image size of job updated: 528400
	336  -  MemoryUsage of job (MB)
	344012  -  ResidentSetSize of job (KB)
...
006 (14718.000.000) 01/22 00:52:08 Image size of job updated: 593936
	336  -  MemoryUsage of job (MB)
	344012  -  ResidentSetSize of job (KB)
...
005 (14718.000.000) 01/22 00:52:08 Job terminated.
	(1) Normal termination (return value 1)
		Usr 0 00:09:56, Sys 0 00:02:54  -  Run Remote Usage
		Usr 0 00:00:00, Sys 0 00:00:00  -  Run Local Usage
		Usr 0 00:09:56, Sys 0 00:02:54  -  Total Remote Usage
		Usr 0 00:00:00, Sys 0 00:00:00  -  Total Local Usage
	0  -  Run Bytes Sent By Job
	0  -  Run Bytes Received By Job
	0  -  Total Bytes Sent By Job
	0  -  Total Bytes Received By Job
	Partitionable Resources :    Usage  Request          
	   Cpus                 :                 1          
	   Disk (KB)            :     2750     2750          
	   Memory (MB)          :      336      336          
...
