000 (14720.000.000) 01/22 00:38:59 Job submitted from host: <128.30.112.18:46685>
...
001 (14720.000.000) 01/22 00:39:07 Job executing on host: <128.30.66.166:36393>
...
006 (14720.000.000) 01/22 00:39:16 Image size of job updated: 291740
	51  -  MemoryUsage of job (MB)
	51796  -  ResidentSetSize of job (KB)
...
006 (14720.000.000) 01/22 00:44:17 Image size of job updated: 604632
	342  -  MemoryUsage of job (MB)
	349516  -  ResidentSetSize of job (KB)
...
006 (14720.000.000) 01/22 00:49:17 Image size of job updated: 620956
	373  -  MemoryUsage of job (MB)
	381444  -  ResidentSetSize of job (KB)
...
005 (14720.000.000) 01/22 01:35:13 Job terminated.
	(1) Normal termination (return value 0)
		Usr 0 00:54:54, Sys 0 00:00:50  -  Run Remote Usage
		Usr 0 00:00:00, Sys 0 00:00:00  -  Run Local Usage
		Usr 0 00:54:54, Sys 0 00:00:50  -  Total Remote Usage
		Usr 0 00:00:00, Sys 0 00:00:00  -  Total Local Usage
	0  -  Run Bytes Sent By Job
	0  -  Run Bytes Received By Job
	0  -  Total Bytes Sent By Job
	0  -  Total Bytes Received By Job
	Partitionable Resources :    Usage  Request          
	   Cpus                 :                 1          
	   Disk (KB)            :     2750     2750          
	   Memory (MB)          :      373      373          
...
