000 (14721.000.000) 01/22 00:38:59 Job submitted from host: <128.30.112.18:46685>
...
001 (14721.000.000) 01/22 00:39:07 Job executing on host: <128.30.66.165:41096>
...
006 (14721.000.000) 01/22 00:39:16 Image size of job updated: 91692
	16  -  MemoryUsage of job (MB)
	16140  -  ResidentSetSize of job (KB)
...
006 (14721.000.000) 01/22 00:44:16 Image size of job updated: 604412
	342  -  MemoryUsage of job (MB)
	349308  -  ResidentSetSize of job (KB)
...
006 (14721.000.000) 01/22 00:49:16 Image size of job updated: 605436
	342  -  MemoryUsage of job (MB)
	349308  -  ResidentSetSize of job (KB)
...
006 (14721.000.000) 01/22 00:54:17 Image size of job updated: 621072
	364  -  MemoryUsage of job (MB)
	372376  -  ResidentSetSize of job (KB)
...
006 (14721.000.000) 01/22 01:04:18 Image size of job updated: 621072
	368  -  MemoryUsage of job (MB)
	376472  -  ResidentSetSize of job (KB)
...
006 (14721.000.000) 01/22 01:09:18 Image size of job updated: 621072
	372  -  MemoryUsage of job (MB)
	380568  -  ResidentSetSize of job (KB)
...
006 (14721.000.000) 01/22 01:24:20 Image size of job updated: 621072
	373  -  MemoryUsage of job (MB)
	381600  -  ResidentSetSize of job (KB)
...
