000 (14722.000.000) 01/22 00:39:00 Job submitted from host: <128.30.112.18:46685>
...
001 (14722.000.000) 01/22 00:39:07 Job executing on host: <128.30.66.163:58460>
...
006 (14722.000.000) 01/22 00:39:16 Image size of job updated: 288472
	48  -  MemoryUsage of job (MB)
	48492  -  ResidentSetSize of job (KB)
...
006 (14722.000.000) 01/22 00:44:17 Image size of job updated: 604364
	342  -  MemoryUsage of job (MB)
	349264  -  ResidentSetSize of job (KB)
...
006 (14722.000.000) 01/22 00:49:17 Image size of job updated: 605040
	343  -  MemoryUsage of job (MB)
	350212  -  ResidentSetSize of job (KB)
...
006 (14722.000.000) 01/22 00:54:18 Image size of job updated: 621004
	373  -  MemoryUsage of job (MB)
	381496  -  ResidentSetSize of job (KB)
...
005 (14722.000.000) 01/22 01:52:32 Job terminated.
	(1) Normal termination (return value 0)
		Usr 0 01:12:08, Sys 0 00:00:52  -  Run Remote Usage
		Usr 0 00:00:00, Sys 0 00:00:00  -  Run Local Usage
		Usr 0 01:12:08, Sys 0 00:00:52  -  Total Remote Usage
		Usr 0 00:00:00, Sys 0 00:00:00  -  Total Local Usage
	0  -  Run Bytes Sent By Job
	0  -  Run Bytes Received By Job
	0  -  Total Bytes Sent By Job
	0  -  Total Bytes Received By Job
	Partitionable Resources :    Usage  Request          
	   Cpus                 :                 1          
	   Disk (KB)            :     2750     2750          
	   Memory (MB)          :      373      373          
...
