000 (14723.000.000) 01/22 00:39:00 Job submitted from host: <128.30.112.18:46685>
...
001 (14723.000.000) 01/22 00:39:07 Job executing on host: <128.30.113.110:53061>
...
006 (14723.000.000) 01/22 00:39:16 Image size of job updated: 125648
	16  -  MemoryUsage of job (MB)
	15388  -  ResidentSetSize of job (KB)
...
006 (14723.000.000) 01/22 00:44:17 Image size of job updated: 508292
	336  -  MemoryUsage of job (MB)
	343864  -  ResidentSetSize of job (KB)
...
006 (14723.000.000) 01/22 00:49:17 Image size of job updated: 593824
	348  -  MemoryUsage of job (MB)
	355504  -  ResidentSetSize of job (KB)
...
005 (14723.000.000) 01/22 00:53:23 Job terminated.
	(1) Normal termination (return value 1)
		Usr 0 00:10:55, Sys 0 00:03:10  -  Run Remote Usage
		Usr 0 00:00:00, Sys 0 00:00:00  -  Run Local Usage
		Usr 0 00:10:55, Sys 0 00:03:10  -  Total Remote Usage
		Usr 0 00:00:00, Sys 0 00:00:00  -  Total Local Usage
	0  -  Run Bytes Sent By Job
	0  -  Run Bytes Received By Job
	0  -  Total Bytes Sent By Job
	0  -  Total Bytes Received By Job
	Partitionable Resources :    Usage  Request          
	   Cpus                 :                 1          
	   Disk (KB)            :     2750     2750          
	   Memory (MB)          :      348      348          
...
