000 (14144.000.000) 01/21 06:37:27 Job submitted from host: <128.30.112.18:46685>
...
001 (14144.000.000) 01/21 06:37:29 Job executing on host: <128.30.66.166:36393>
...
006 (14144.000.000) 01/21 06:37:37 Image size of job updated: 284928
	45  -  MemoryUsage of job (MB)
	45124  -  ResidentSetSize of job (KB)
...
006 (14144.000.000) 01/21 06:42:37 Image size of job updated: 372932
	130  -  MemoryUsage of job (MB)
	132708  -  ResidentSetSize of job (KB)
...
005 (14144.000.000) 01/21 06:45:37 Job terminated.
	(1) Normal termination (return value 0)
		Usr 0 00:08:02, Sys 0 00:00:00  -  Run Remote Usage
		Usr 0 00:00:00, Sys 0 00:00:00  -  Run Local Usage
		Usr 0 00:08:02, Sys 0 00:00:00  -  Total Remote Usage
		Usr 0 00:00:00, Sys 0 00:00:00  -  Total Local Usage
	0  -  Run Bytes Sent By Job
	0  -  Run Bytes Received By Job
	0  -  Total Bytes Sent By Job
	0  -  Total Bytes Received By Job
	Partitionable Resources :    Usage  Request          
	   Cpus                 :                 1          
	   Disk (KB)            :     2750     2750          
	   Memory (MB)          :      130      130          
...
