000 (14146.000.000) 01/21 06:37:27 Job submitted from host: <128.30.112.18:46685>
...
001 (14146.000.000) 01/21 06:37:50 Job executing on host: <128.30.66.170:39331>
...
006 (14146.000.000) 01/21 06:37:59 Image size of job updated: 297808
	57  -  MemoryUsage of job (MB)
	57924  -  ResidentSetSize of job (KB)
...
006 (14146.000.000) 01/21 06:43:00 Image size of job updated: 372920
	130  -  MemoryUsage of job (MB)
	132700  -  ResidentSetSize of job (KB)
...
006 (14146.000.000) 01/21 06:48:00 Image size of job updated: 419968
	165  -  MemoryUsage of job (MB)
	168516  -  ResidentSetSize of job (KB)
...
006 (14146.000.000) 01/21 06:53:00 Image size of job updated: 419968
	165  -  MemoryUsage of job (MB)
	168696  -  ResidentSetSize of job (KB)
...
005 (14146.000.000) 01/21 06:54:32 Job terminated.
	(1) Normal termination (return value 0)
		Usr 0 00:16:26, Sys 0 00:00:11  -  Run Remote Usage
		Usr 0 00:00:00, Sys 0 00:00:00  -  Run Local Usage
		Usr 0 00:16:26, Sys 0 00:00:11  -  Total Remote Usage
		Usr 0 00:00:00, Sys 0 00:00:00  -  Total Local Usage
	0  -  Run Bytes Sent By Job
	0  -  Run Bytes Received By Job
	0  -  Total Bytes Sent By Job
	0  -  Total Bytes Received By Job
	Partitionable Resources :    Usage  Request          
	   Cpus                 :                 1          
	   Disk (KB)            :     2750     2750          
	   Memory (MB)          :      165      165          
...
