000 (14147.000.000) 01/21 06:37:28 Job submitted from host: <128.30.112.18:46685>
...
001 (14147.000.000) 01/21 06:37:50 Job executing on host: <128.30.66.166:36393>
...
006 (14147.000.000) 01/21 06:37:59 Image size of job updated: 284424
	44  -  MemoryUsage of job (MB)
	44596  -  ResidentSetSize of job (KB)
...
006 (14147.000.000) 01/21 06:41:10 Image size of job updated: 330148
	44  -  MemoryUsage of job (MB)
	44596  -  ResidentSetSize of job (KB)
...
005 (14147.000.000) 01/21 06:41:10 Job terminated.
	(1) Normal termination (return value 0)
		Usr 0 00:03:05, Sys 0 00:00:05  -  Run Remote Usage
		Usr 0 00:00:00, Sys 0 00:00:00  -  Run Local Usage
		Usr 0 00:03:05, Sys 0 00:00:05  -  Total Remote Usage
		Usr 0 00:00:00, Sys 0 00:00:00  -  Total Local Usage
	0  -  Run Bytes Sent By Job
	0  -  Run Bytes Received By Job
	0  -  Total Bytes Sent By Job
	0  -  Total Bytes Received By Job
	Partitionable Resources :    Usage  Request          
	   Cpus                 :                 1          
	   Disk (KB)            :     2750     2750          
	   Memory (MB)          :       44       44          
...
