000 (14136.000.000) 01/21 06:37:26 Job submitted from host: <128.30.112.18:46685>
...
001 (14136.000.000) 01/21 06:37:29 Job executing on host: <128.30.66.169:43926>
...
006 (14136.000.000) 01/21 06:37:37 Image size of job updated: 284420
	44  -  MemoryUsage of job (MB)
	44592  -  ResidentSetSize of job (KB)
...
006 (14136.000.000) 01/21 06:42:37 Image size of job updated: 332896
	85  -  MemoryUsage of job (MB)
	86472  -  ResidentSetSize of job (KB)
...
005 (14136.000.000) 01/21 06:44:57 Job terminated.
	(1) Normal termination (return value 0)
		Usr 0 00:07:16, Sys 0 00:00:01  -  Run Remote Usage
		Usr 0 00:00:00, Sys 0 00:00:00  -  Run Local Usage
		Usr 0 00:07:16, Sys 0 00:00:01  -  Total Remote Usage
		Usr 0 00:00:00, Sys 0 00:00:00  -  Total Local Usage
	0  -  Run Bytes Sent By Job
	0  -  Run Bytes Received By Job
	0  -  Total Bytes Sent By Job
	0  -  Total Bytes Received By Job
	Partitionable Resources :    Usage  Request          
	   Cpus                 :                 1          
	   Disk (KB)            :     2750     2750          
	   Memory (MB)          :       85       85          
...
