000 (14137.000.000) 01/21 06:37:26 Job submitted from host: <128.30.112.18:46685>
...
001 (14137.000.000) 01/21 06:37:28 Job executing on host: <128.30.66.165:41096>
...
006 (14137.000.000) 01/21 06:37:37 Image size of job updated: 92348
	17  -  MemoryUsage of job (MB)
	17008  -  ResidentSetSize of job (KB)
...
006 (14137.000.000) 01/21 06:42:38 Image size of job updated: 375992
	121  -  MemoryUsage of job (MB)
	123188  -  ResidentSetSize of job (KB)
...
006 (14137.000.000) 01/21 06:47:38 Image size of job updated: 421504
	178  -  MemoryUsage of job (MB)
	182060  -  ResidentSetSize of job (KB)
...
006 (14137.000.000) 01/21 06:57:39 Image size of job updated: 474224
	204  -  MemoryUsage of job (MB)
	208240  -  ResidentSetSize of job (KB)
...
005 (14137.000.000) 01/21 07:06:08 Job terminated.
	(1) Normal termination (return value 0)
		Usr 0 00:28:06, Sys 0 00:00:17  -  Run Remote Usage
		Usr 0 00:00:00, Sys 0 00:00:00  -  Run Local Usage
		Usr 0 00:28:06, Sys 0 00:00:17  -  Total Remote Usage
		Usr 0 00:00:00, Sys 0 00:00:00  -  Total Local Usage
	0  -  Run Bytes Sent By Job
	0  -  Run Bytes Received By Job
	0  -  Total Bytes Sent By Job
	0  -  Total Bytes Received By Job
	Partitionable Resources :    Usage  Request          
	   Cpus                 :                 1          
	   Disk (KB)            :     2750     2750          
	   Memory (MB)          :      204      204          
...
