000 (14138.000.000) 01/21 06:37:26 Job submitted from host: <128.30.112.18:46685>
...
001 (14138.000.000) 01/21 06:37:28 Job executing on host: <128.30.66.170:39331>
...
006 (14138.000.000) 01/21 06:37:38 Image size of job updated: 107676
	21  -  MemoryUsage of job (MB)
	20884  -  ResidentSetSize of job (KB)
...
006 (14138.000.000) 01/21 06:42:38 Image size of job updated: 372912
	130  -  MemoryUsage of job (MB)
	132688  -  ResidentSetSize of job (KB)
...
006 (14138.000.000) 01/21 06:47:38 Image size of job updated: 386368
	130  -  MemoryUsage of job (MB)
	132688  -  ResidentSetSize of job (KB)
...
005 (14138.000.000) 01/21 06:50:32 Job terminated.
	(1) Normal termination (return value 0)
		Usr 0 00:12:58, Sys 0 00:00:00  -  Run Remote Usage
		Usr 0 00:00:00, Sys 0 00:00:00  -  Run Local Usage
		Usr 0 00:12:58, Sys 0 00:00:00  -  Total Remote Usage
		Usr 0 00:00:00, Sys 0 00:00:00  -  Total Local Usage
	0  -  Run Bytes Sent By Job
	0  -  Run Bytes Received By Job
	0  -  Total Bytes Sent By Job
	0  -  Total Bytes Received By Job
	Partitionable Resources :    Usage  Request          
	   Cpus                 :                 1          
	   Disk (KB)            :     2750     2750          
	   Memory (MB)          :      130      130          
...
