============================================================
Domain:		PST
Dimensions:	12
|S|:		5451776
|A|:		27
|S|x|A|:		147197952
Episode Cap:	1000
Gamma:		0.9
NUM_UAV:		3
============================================================
Representation:		IndependentDiscretizationCompactBinary
Features per action:	52
Binary Dimensions:	[ 6  7  8  9 10 11]
============================================================
Representation:		iFDD
Features per action:	52
Initial Representation:	IndependentDiscretizationCompactBinary
Plus:			1
Sparsify:		1
Cached:			1
Online Threshold:	65.000
Batch Threshold:		65.000
Max Batch Discovery:	20
============================================================
Agent:		SARSA
Policy:		eGreedy
Alpha_0:		0.10
============================================================
Experiment:		OnlineExperiment
Output:			././17-results.txt
Learning Steps:		50000
Performance Checks:	10
Log Intervals:		60(s)
5000 >>> E[0:00:20]-R[0:02:59]: Return=-70.00, Steps=10, Features = 139
10000 >>> E[0:00:40]-R[0:02:40]: Return=-79.00, Steps=13, Features = 181
15000 >>> E[0:01:01]-R[0:02:22]: Return=-32.00, Steps=10, Features = 223
20000 >>> E[0:01:22]-R[0:02:02]: Return=-56.00, Steps=11, Features = 257
25000 >>> E[0:01:43]-R[0:01:43]: Return=-55.00, Steps=13, Features = 289
30000 >>> E[0:02:05]-R[0:01:23]: Return=-20.00, Steps=12, Features = 329
35000 >>> E[0:02:27]-R[0:01:03]: Return=89.00, Steps=45, Features = 380
40000 >>> E[0:02:50]-R[0:00:42]: Return=47.00, Steps=10, Features = 419
45000 >>> E[0:03:13]-R[0:00:21]: Return=-149.00, Steps=115, Features = 457
50000 >>> E[0:03:37]-R[0:00:00]: Return=-16.00, Steps=10, Features = 497
============================================================
Took 0:03:37
Results	=> ././17-results.txt
Log	=> ././17-out.txt
