============================================================
Domain:		PST
Dimensions:	12
|S|:		5451776
|A|:		27
|S|x|A|:		147197952
Episode Cap:	1000
Gamma:		0.9
NUM_UAV:		3
============================================================
Representation:		IndependentDiscretizationCompactBinary
Features per action:	52
Binary Dimensions:	[ 6  7  8  9 10 11]
============================================================
Representation:		iFDD
Features per action:	52
Initial Representation:	IndependentDiscretizationCompactBinary
Plus:			1
Sparsify:		1
Cached:			1
Online Threshold:	65.000
Batch Threshold:		65.000
Max Batch Discovery:	20
============================================================
Agent:		SARSA
Policy:		eGreedy
Alpha_0:		0.10
============================================================
Experiment:		OnlineExperiment
Output:			././18-results.txt
Learning Steps:		50000
Performance Checks:	10
Log Intervals:		60(s)
5000 >>> E[0:00:33]-R[0:04:59]: Return=-47.00, Steps=10, Features = 197
10000 >>> E[0:01:08]-R[0:04:31]: Return=-44.00, Steps=15, Features = 232
15000 >>> E[0:01:43]-R[0:04:00]: Return=-20.00, Steps=13, Features = 267
20000 >>> E[0:02:21]-R[0:03:31]: Return=-12.00, Steps=1000, Features = 288
25000 >>> E[0:02:56]-R[0:02:56]: Return=28.00, Steps=10, Features = 307
30000 >>> E[0:03:33]-R[0:02:22]: Return=-96.00, Steps=22, Features = 351
35000 >>> E[0:04:10]-R[0:01:47]: Return=-94.00, Steps=24, Features = 376
40000 >>> E[0:04:49]-R[0:01:12]: Return=0.00, Steps=14, Features = 441
45000 >>> E[0:05:29]-R[0:00:37]: Return=-88.00, Steps=25, Features = 473
50000 >>> E[0:06:08]-R[0:00:00]: Return=-73.00, Steps=10, Features = 519
============================================================
Took 0:06:08
Results	=> ././18-results.txt
Log	=> ././18-out.txt
