============================================================
Domain:		PST
Dimensions:	12
|S|:		5451776
|A|:		27
|S|x|A|:		147197952
Episode Cap:	1000
Gamma:		0.9
NUM_UAV:		3
============================================================
Representation:		IndependentDiscretizationCompactBinary
Features per action:	52
Binary Dimensions:	[ 6  7  8  9 10 11]
============================================================
Representation:		iFDD
Features per action:	52
Initial Representation:	IndependentDiscretizationCompactBinary
Plus:			1
Sparsify:		1
Cached:			1
Online Threshold:	25.000
Batch Threshold:		25.000
Max Batch Discovery:	20
============================================================
Agent:		SARSA
Policy:		eGreedy
Alpha_0:		0.10
============================================================
Experiment:		OnlineExperiment
Output:			././16-results.txt
Learning Steps:		50000
Performance Checks:	10
Log Intervals:		60(s)
5000 >>> E[0:00:30]-R[0:04:28]: Return=-45.00, Steps=16, Features = 1954
10000 >>> E[0:01:11]-R[0:04:43]: Return=-64.00, Steps=18, Features = 3070
15000 >>> E[0:01:58]-R[0:04:35]: Return=-79.00, Steps=16, Features = 4025
20000 >>> E[0:02:44]-R[0:04:06]: Return=-78.00, Steps=16, Features = 4803
25000 >>> E[0:03:33]-R[0:03:33]: Return=-69.00, Steps=32, Features = 5491
30000 >>> E[0:04:29]-R[0:02:59]: Return=-86.00, Steps=39, Features = 6178
34729: E[0:05:30]-R[0:02:25]: Return=-119.00, Steps=40, Features = 6809
35000 >>> E[0:05:33]-R[0:02:23]: Return=11.00, Steps=10, Features = 6857
39540: E[0:06:34]-R[0:01:44]: Return=-64.00, Steps=37, Features = 7382
40000 >>> E[0:06:40]-R[0:01:40]: Return=50.00, Steps=10, Features = 7428
44416: E[0:07:40]-R[0:00:58]: Return=-84.00, Steps=18, Features = 7868
45000 >>> E[0:07:48]-R[0:00:52]: Return=24.00, Steps=12, Features = 7927
49224: E[0:08:49]-R[0:00:08]: Return=-67.00, Steps=28, Features = 8327
50000 >>> E[0:09:01]-R[0:00:00]: Return=-99.00, Steps=30, Features = 8416
============================================================
Took 0:09:01
Results	=> ././16-results.txt
Log	=> ././16-out.txt
