============================================================
Domain:		PST
Dimensions:	12
|S|:		5451776
|A|:		27
|S|x|A|:		147197952
Episode Cap:	1000
Gamma:		0.9
NUM_UAV:		3
============================================================
Representation:		IndependentDiscretizationCompactBinary
Features per action:	52
Binary Dimensions:	[ 6  7  8  9 10 11]
============================================================
Representation:		iFDD
Features per action:	52
Initial Representation:	IndependentDiscretizationCompactBinary
Plus:			1
Sparsify:		1
Cached:			1
Online Threshold:	25.000
Batch Threshold:		25.000
Max Batch Discovery:	20
============================================================
Agent:		SARSA
Policy:		eGreedy
Alpha_0:		0.10
============================================================
Experiment:		OnlineExperiment
Output:			././6-results.txt
Learning Steps:		50000
Performance Checks:	10
Log Intervals:		60(s)
5000 >>> E[0:00:32]-R[0:04:52]: Return=-50.00, Steps=38, Features = 2114
10000 >>> E[0:01:16]-R[0:05:05]: Return=-35.00, Steps=10, Features = 3374
15000 >>> E[0:02:08]-R[0:04:58]: Return=-35.00, Steps=33, Features = 4458
20000 >>> E[0:03:01]-R[0:04:31]: Return=4.00, Steps=10, Features = 5481
24903: E[0:04:01]-R[0:04:03]: Return=104.00, Steps=29, Features = 6355
25000 >>> E[0:04:02]-R[0:04:02]: Return=-82.00, Steps=17, Features = 6370
29182: E[0:05:02]-R[0:03:36]: Return=42.00, Steps=11, Features = 7051
30000 >>> E[0:05:15]-R[0:03:30]: Return=-53.00, Steps=11, Features = 7202
33711: E[0:06:15]-R[0:03:01]: Return=21.00, Steps=11, Features = 7827
35000 >>> E[0:06:35]-R[0:02:49]: Return=-12.00, Steps=11, Features = 8011
38678: E[0:07:35]-R[0:02:13]: Return=-78.00, Steps=14, Features = 8569
40000 >>> E[0:07:59]-R[0:02:00]: Return=-12.00, Steps=10, Features = 8806
43610: E[0:09:00]-R[0:01:19]: Return=-4.00, Steps=86, Features = 9309
45000 >>> E[0:09:24]-R[0:01:03]: Return=30.00, Steps=10, Features = 9488
48516: E[0:10:24]-R[0:00:19]: Return=-23.00, Steps=27, Features = 9918
50000 >>> E[0:10:48]-R[0:00:00]: Return=-46.00, Steps=10, Features = 10083
============================================================
Took 0:10:48
Results	=> ././6-results.txt
Log	=> ././6-out.txt
