000 (13713.000.000) 01/21 04:33:25 Job submitted from host: <128.30.112.18:46685>
...
001 (13713.000.000) 01/21 04:33:28 Job executing on host: <128.30.66.165:41096>
...
006 (13713.000.000) 01/21 04:33:36 Image size of job updated: 282800
	42  -  MemoryUsage of job (MB)
	42992  -  ResidentSetSize of job (KB)
...
006 (13713.000.000) 01/21 04:38:36 Image size of job updated: 360912
	119  -  MemoryUsage of job (MB)
	120940  -  ResidentSetSize of job (KB)
...
006 (13713.000.000) 01/21 04:41:04 Image size of job updated: 379348
	119  -  MemoryUsage of job (MB)
	120940  -  ResidentSetSize of job (KB)
...
005 (13713.000.000) 01/21 04:41:04 Job terminated.
	(1) Normal termination (return value 0)
		Usr 0 00:07:21, Sys 0 00:00:02  -  Run Remote Usage
		Usr 0 00:00:00, Sys 0 00:00:00  -  Run Local Usage
		Usr 0 00:07:21, Sys 0 00:00:02  -  Total Remote Usage
		Usr 0 00:00:00, Sys 0 00:00:00  -  Total Local Usage
	0  -  Run Bytes Sent By Job
	0  -  Run Bytes Received By Job
	0  -  Total Bytes Sent By Job
	0  -  Total Bytes Received By Job
	Partitionable Resources :    Usage  Request          
	   Cpus                 :                 1          
	   Disk (KB)            :     2750     2750          
	   Memory (MB)          :      119      119          
...
