000 (13722.000.000) 01/21 04:33:26 Job submitted from host: <128.30.112.18:46685>
...
001 (13722.000.000) 01/21 04:33:29 Job executing on host: <128.30.66.163:58460>
...
006 (13722.000.000) 01/21 04:33:37 Image size of job updated: 291904
	51  -  MemoryUsage of job (MB)
	52168  -  ResidentSetSize of job (KB)
...
006 (13722.000.000) 01/21 04:38:37 Image size of job updated: 362536
	120  -  MemoryUsage of job (MB)
	122672  -  ResidentSetSize of job (KB)
...
006 (13722.000.000) 01/21 04:41:46 Image size of job updated: 388868
	120  -  MemoryUsage of job (MB)
	122672  -  ResidentSetSize of job (KB)
...
005 (13722.000.000) 01/21 04:41:46 Job terminated.
	(1) Normal termination (return value 0)
		Usr 0 00:08:02, Sys 0 00:00:04  -  Run Remote Usage
		Usr 0 00:00:00, Sys 0 00:00:00  -  Run Local Usage
		Usr 0 00:08:02, Sys 0 00:00:04  -  Total Remote Usage
		Usr 0 00:00:00, Sys 0 00:00:00  -  Total Local Usage
	0  -  Run Bytes Sent By Job
	0  -  Run Bytes Received By Job
	0  -  Total Bytes Sent By Job
	0  -  Total Bytes Received By Job
	Partitionable Resources :    Usage  Request          
	   Cpus                 :                 1          
	   Disk (KB)            :     2750     2750          
	   Memory (MB)          :      120      120          
...
