000 (13724.000.000) 01/21 04:33:26 Job submitted from host: <128.30.112.18:46685>
...
001 (13724.000.000) 01/21 04:33:28 Job executing on host: <128.30.66.165:41096>
...
006 (13724.000.000) 01/21 04:33:37 Image size of job updated: 256480
	38  -  MemoryUsage of job (MB)
	38856  -  ResidentSetSize of job (KB)
...
006 (13724.000.000) 01/21 04:38:38 Image size of job updated: 371252
	129  -  MemoryUsage of job (MB)
	131460  -  ResidentSetSize of job (KB)
...
006 (13724.000.000) 01/21 04:41:30 Image size of job updated: 398924
	129  -  MemoryUsage of job (MB)
	131460  -  ResidentSetSize of job (KB)
...
005 (13724.000.000) 01/21 04:41:30 Job terminated.
	(1) Normal termination (return value 0)
		Usr 0 00:07:51, Sys 0 00:00:03  -  Run Remote Usage
		Usr 0 00:00:00, Sys 0 00:00:00  -  Run Local Usage
		Usr 0 00:07:51, Sys 0 00:00:03  -  Total Remote Usage
		Usr 0 00:00:00, Sys 0 00:00:00  -  Total Local Usage
	0  -  Run Bytes Sent By Job
	0  -  Run Bytes Received By Job
	0  -  Total Bytes Sent By Job
	0  -  Total Bytes Received By Job
	Partitionable Resources :    Usage  Request          
	   Cpus                 :                 1          
	   Disk (KB)            :     2750     2750          
	   Memory (MB)          :      129      129          
...
