000 (13726.000.000) 01/21 04:33:27 Job submitted from host: <128.30.112.18:46685>
...
001 (13726.000.000) 01/21 04:33:49 Job executing on host: <128.30.66.170:39331>
...
006 (13726.000.000) 01/21 04:33:57 Image size of job updated: 286216
	46  -  MemoryUsage of job (MB)
	46360  -  ResidentSetSize of job (KB)
...
006 (13726.000.000) 01/21 04:38:57 Image size of job updated: 367992
	123  -  MemoryUsage of job (MB)
	125348  -  ResidentSetSize of job (KB)
...
006 (13726.000.000) 01/21 04:41:37 Image size of job updated: 391700
	123  -  MemoryUsage of job (MB)
	125348  -  ResidentSetSize of job (KB)
...
005 (13726.000.000) 01/21 04:41:37 Job terminated.
	(1) Normal termination (return value 0)
		Usr 0 00:07:34, Sys 0 00:00:03  -  Run Remote Usage
		Usr 0 00:00:00, Sys 0 00:00:00  -  Run Local Usage
		Usr 0 00:07:34, Sys 0 00:00:03  -  Total Remote Usage
		Usr 0 00:00:00, Sys 0 00:00:00  -  Total Local Usage
	0  -  Run Bytes Sent By Job
	0  -  Run Bytes Received By Job
	0  -  Total Bytes Sent By Job
	0  -  Total Bytes Received By Job
	Partitionable Resources :    Usage  Request          
	   Cpus                 :                 1          
	   Disk (KB)            :     2750     2750          
	   Memory (MB)          :      123      123          
...
