000 (13731.000.000) 01/21 04:33:29 Job submitted from host: <128.30.112.18:46685>
...
001 (13731.000.000) 01/21 04:33:49 Job executing on host: <128.30.66.163:58460>
...
006 (13731.000.000) 01/21 04:33:58 Image size of job updated: 284872
	44  -  MemoryUsage of job (MB)
	45048  -  ResidentSetSize of job (KB)
...
006 (13731.000.000) 01/21 04:38:59 Image size of job updated: 357880
	116  -  MemoryUsage of job (MB)
	117972  -  ResidentSetSize of job (KB)
...
006 (13731.000.000) 01/21 04:41:51 Image size of job updated: 378308
	116  -  MemoryUsage of job (MB)
	117972  -  ResidentSetSize of job (KB)
...
005 (13731.000.000) 01/21 04:41:51 Job terminated.
	(1) Normal termination (return value 0)
		Usr 0 00:07:52, Sys 0 00:00:03  -  Run Remote Usage
		Usr 0 00:00:00, Sys 0 00:00:00  -  Run Local Usage
		Usr 0 00:07:52, Sys 0 00:00:03  -  Total Remote Usage
		Usr 0 00:00:00, Sys 0 00:00:00  -  Total Local Usage
	0  -  Run Bytes Sent By Job
	0  -  Run Bytes Received By Job
	0  -  Total Bytes Sent By Job
	0  -  Total Bytes Received By Job
	Partitionable Resources :    Usage  Request          
	   Cpus                 :                 1          
	   Disk (KB)            :     2750     2750          
	   Memory (MB)          :      116      116          
...
