000 (13732.000.000) 01/21 04:33:29 Job submitted from host: <128.30.112.18:46685>
...
001 (13732.000.000) 01/21 04:33:49 Job executing on host: <128.30.66.170:39331>
...
006 (13732.000.000) 01/21 04:33:58 Image size of job updated: 291600
	51  -  MemoryUsage of job (MB)
	51908  -  ResidentSetSize of job (KB)
...
006 (13732.000.000) 01/21 04:38:59 Image size of job updated: 366956
	125  -  MemoryUsage of job (MB)
	127020  -  ResidentSetSize of job (KB)
...
006 (13732.000.000) 01/21 04:41:07 Image size of job updated: 388112
	125  -  MemoryUsage of job (MB)
	127020  -  ResidentSetSize of job (KB)
...
005 (13732.000.000) 01/21 04:41:07 Job terminated.
	(1) Normal termination (return value 0)
		Usr 0 00:07:05, Sys 0 00:00:02  -  Run Remote Usage
		Usr 0 00:00:00, Sys 0 00:00:00  -  Run Local Usage
		Usr 0 00:07:05, Sys 0 00:00:02  -  Total Remote Usage
		Usr 0 00:00:00, Sys 0 00:00:00  -  Total Local Usage
	0  -  Run Bytes Sent By Job
	0  -  Run Bytes Received By Job
	0  -  Total Bytes Sent By Job
	0  -  Total Bytes Received By Job
	Partitionable Resources :    Usage  Request          
	   Cpus                 :                 1          
	   Disk (KB)            :     2750     2750          
	   Memory (MB)          :      125      125          
...
