000 (13715.000.000) 01/21 04:33:25 Job submitted from host: <128.30.112.18:46685>
...
001 (13715.000.000) 01/21 04:33:28 Job executing on host: <128.30.66.169:43926>
...
006 (13715.000.000) 01/21 04:33:36 Image size of job updated: 283100
	43  -  MemoryUsage of job (MB)
	43240  -  ResidentSetSize of job (KB)
...
006 (13715.000.000) 01/21 04:38:36 Image size of job updated: 354548
	112  -  MemoryUsage of job (MB)
	114612  -  ResidentSetSize of job (KB)
...
006 (13715.000.000) 01/21 04:41:17 Image size of job updated: 378472
	112  -  MemoryUsage of job (MB)
	114612  -  ResidentSetSize of job (KB)
...
005 (13715.000.000) 01/21 04:41:17 Job terminated.
	(1) Normal termination (return value 0)
		Usr 0 00:07:38, Sys 0 00:00:03  -  Run Remote Usage
		Usr 0 00:00:00, Sys 0 00:00:00  -  Run Local Usage
		Usr 0 00:07:38, Sys 0 00:00:03  -  Total Remote Usage
		Usr 0 00:00:00, Sys 0 00:00:00  -  Total Local Usage
	0  -  Run Bytes Sent By Job
	0  -  Run Bytes Received By Job
	0  -  Total Bytes Sent By Job
	0  -  Total Bytes Received By Job
	Partitionable Resources :    Usage  Request          
	   Cpus                 :                 1          
	   Disk (KB)            :     2750     2750          
	   Memory (MB)          :      112      112          
...
