000 (13717.000.000) 01/21 04:33:26 Job submitted from host: <128.30.112.18:46685>
...
001 (13717.000.000) 01/21 04:33:28 Job executing on host: <128.30.66.166:36393>
...
006 (13717.000.000) 01/21 04:33:37 Image size of job updated: 292472
	52  -  MemoryUsage of job (MB)
	52696  -  ResidentSetSize of job (KB)
...
006 (13717.000.000) 01/21 04:38:39 Image size of job updated: 362748
	121  -  MemoryUsage of job (MB)
	123156  -  ResidentSetSize of job (KB)
...
006 (13717.000.000) 01/21 04:41:16 Image size of job updated: 382060
	121  -  MemoryUsage of job (MB)
	123156  -  ResidentSetSize of job (KB)
...
005 (13717.000.000) 01/21 04:41:16 Job terminated.
	(1) Normal termination (return value 0)
		Usr 0 00:07:35, Sys 0 00:00:03  -  Run Remote Usage
		Usr 0 00:00:00, Sys 0 00:00:00  -  Run Local Usage
		Usr 0 00:07:35, Sys 0 00:00:03  -  Total Remote Usage
		Usr 0 00:00:00, Sys 0 00:00:00  -  Total Local Usage
	0  -  Run Bytes Sent By Job
	0  -  Run Bytes Received By Job
	0  -  Total Bytes Sent By Job
	0  -  Total Bytes Received By Job
	Partitionable Resources :    Usage  Request          
	   Cpus                 :                 1          
	   Disk (KB)            :     2750     2750          
	   Memory (MB)          :      121      121          
...
