000 (13719.000.000) 01/21 04:33:26 Job submitted from host: <128.30.112.18:46685>
...
001 (13719.000.000) 01/21 04:33:28 Job executing on host: <128.30.66.164:41719>
...
006 (13719.000.000) 01/21 04:33:37 Image size of job updated: 290344
	50  -  MemoryUsage of job (MB)
	50612  -  ResidentSetSize of job (KB)
...
006 (13719.000.000) 01/21 04:38:38 Image size of job updated: 368124
	126  -  MemoryUsage of job (MB)
	128536  -  ResidentSetSize of job (KB)
...
006 (13719.000.000) 01/21 04:40:33 Image size of job updated: 387320
	126  -  MemoryUsage of job (MB)
	128536  -  ResidentSetSize of job (KB)
...
005 (13719.000.000) 01/21 04:40:33 Job terminated.
	(1) Normal termination (return value 0)
		Usr 0 00:06:48, Sys 0 00:00:03  -  Run Remote Usage
		Usr 0 00:00:00, Sys 0 00:00:00  -  Run Local Usage
		Usr 0 00:06:48, Sys 0 00:00:03  -  Total Remote Usage
		Usr 0 00:00:00, Sys 0 00:00:00  -  Total Local Usage
	0  -  Run Bytes Sent By Job
	0  -  Run Bytes Received By Job
	0  -  Total Bytes Sent By Job
	0  -  Total Bytes Received By Job
	Partitionable Resources :    Usage  Request          
	   Cpus                 :                 1          
	   Disk (KB)            :     2750     2750          
	   Memory (MB)          :      126      126          
...
