000 (13721.000.000) 01/21 04:33:26 Job submitted from host: <128.30.112.18:46685>
...
001 (13721.000.000) 01/21 04:33:29 Job executing on host: <128.30.66.169:43926>
...
006 (13721.000.000) 01/21 04:33:37 Image size of job updated: 2750
	3  -  MemoryUsage of job (MB)
	2216  -  ResidentSetSize of job (KB)
...
006 (13721.000.000) 01/21 04:38:37 Image size of job updated: 359128
	117  -  MemoryUsage of job (MB)
	119284  -  ResidentSetSize of job (KB)
...
006 (13721.000.000) 01/21 04:41:18 Image size of job updated: 388152
	117  -  MemoryUsage of job (MB)
	119284  -  ResidentSetSize of job (KB)
...
005 (13721.000.000) 01/21 04:41:18 Job terminated.
	(1) Normal termination (return value 0)
		Usr 0 00:07:43, Sys 0 00:00:04  -  Run Remote Usage
		Usr 0 00:00:00, Sys 0 00:00:00  -  Run Local Usage
		Usr 0 00:07:43, Sys 0 00:00:04  -  Total Remote Usage
		Usr 0 00:00:00, Sys 0 00:00:00  -  Total Local Usage
	0  -  Run Bytes Sent By Job
	0  -  Run Bytes Received By Job
	0  -  Total Bytes Sent By Job
	0  -  Total Bytes Received By Job
	Partitionable Resources :    Usage  Request          
	   Cpus                 :                 1          
	   Disk (KB)            :     2750     2750          
	   Memory (MB)          :      117      117          
...
