000 (13984.000.000) 01/21 05:16:18 Job submitted from host: <128.30.112.18:46685>
...
001 (13984.000.000) 01/21 05:16:21 Job executing on host: <128.30.66.170:39331>
...
006 (13984.000.000) 01/21 05:16:29 Image size of job updated: 272672
	39  -  MemoryUsage of job (MB)
	39816  -  ResidentSetSize of job (KB)
...
006 (13984.000.000) 01/21 05:19:26 Image size of job updated: 373712
	39  -  MemoryUsage of job (MB)
	39816  -  ResidentSetSize of job (KB)
...
005 (13984.000.000) 01/21 05:19:26 Job terminated.
	(1) Normal termination (return value 0)
		Usr 0 00:02:55, Sys 0 00:00:03  -  Run Remote Usage
		Usr 0 00:00:00, Sys 0 00:00:00  -  Run Local Usage
		Usr 0 00:02:55, Sys 0 00:00:03  -  Total Remote Usage
		Usr 0 00:00:00, Sys 0 00:00:00  -  Total Local Usage
	0  -  Run Bytes Sent By Job
	0  -  Run Bytes Received By Job
	0  -  Total Bytes Sent By Job
	0  -  Total Bytes Received By Job
	Partitionable Resources :    Usage  Request          
	   Cpus                 :                 1          
	   Disk (KB)            :     2750     2750          
	   Memory (MB)          :       39       39          
...
