000 (13999.000.000) 01/21 05:16:21 Job submitted from host: <128.30.112.18:46685>
...
001 (13999.000.000) 01/21 05:16:24 Job executing on host: <128.30.66.166:36393>
...
006 (13999.000.000) 01/21 05:16:32 Image size of job updated: 290292
	50  -  MemoryUsage of job (MB)
	50332  -  ResidentSetSize of job (KB)
...
006 (13999.000.000) 01/21 05:21:32 Image size of job updated: 373716
	131  -  MemoryUsage of job (MB)
	133896  -  ResidentSetSize of job (KB)
...
006 (13999.000.000) 01/21 05:22:46 Image size of job updated: 376016
	131  -  MemoryUsage of job (MB)
	133896  -  ResidentSetSize of job (KB)
...
005 (13999.000.000) 01/21 05:22:46 Job terminated.
	(1) Normal termination (return value 0)
		Usr 0 00:06:15, Sys 0 00:00:05  -  Run Remote Usage
		Usr 0 00:00:00, Sys 0 00:00:00  -  Run Local Usage
		Usr 0 00:06:15, Sys 0 00:00:05  -  Total Remote Usage
		Usr 0 00:00:00, Sys 0 00:00:00  -  Total Local Usage
	0  -  Run Bytes Sent By Job
	0  -  Run Bytes Received By Job
	0  -  Total Bytes Sent By Job
	0  -  Total Bytes Received By Job
	Partitionable Resources :    Usage  Request          
	   Cpus                 :                 1          
	   Disk (KB)            :     2750     2750          
	   Memory (MB)          :      131      131          
...
