000 (14003.000.000) 01/21 05:16:21 Job submitted from host: <128.30.112.18:46685>
...
001 (14003.000.000) 01/21 05:16:28 Job executing on host: <128.30.66.166:36393>
...
006 (14003.000.000) 01/21 05:16:36 Image size of job updated: 290296
	50  -  MemoryUsage of job (MB)
	50268  -  ResidentSetSize of job (KB)
...
006 (14003.000.000) 01/21 05:21:36 Image size of job updated: 373732
	131  -  MemoryUsage of job (MB)
	133900  -  ResidentSetSize of job (KB)
...
005 (14003.000.000) 01/21 05:23:33 Job terminated.
	(1) Normal termination (return value 0)
		Usr 0 00:06:52, Sys 0 00:00:08  -  Run Remote Usage
		Usr 0 00:00:00, Sys 0 00:00:00  -  Run Local Usage
		Usr 0 00:06:52, Sys 0 00:00:08  -  Total Remote Usage
		Usr 0 00:00:00, Sys 0 00:00:00  -  Total Local Usage
	0  -  Run Bytes Sent By Job
	0  -  Run Bytes Received By Job
	0  -  Total Bytes Sent By Job
	0  -  Total Bytes Received By Job
	Partitionable Resources :    Usage  Request          
	   Cpus                 :                 1          
	   Disk (KB)            :     2750     2750          
	   Memory (MB)          :      131      131          
...
