000 (14004.000.000) 01/21 05:16:21 Job submitted from host: <128.30.112.18:46685>
...
001 (14004.000.000) 01/21 05:16:28 Job executing on host: <128.30.66.166:36393>
...
006 (14004.000.000) 01/21 05:16:37 Image size of job updated: 290300
	50  -  MemoryUsage of job (MB)
	50340  -  ResidentSetSize of job (KB)
...
006 (14004.000.000) 01/21 05:21:38 Image size of job updated: 376552
	134  -  MemoryUsage of job (MB)
	136932  -  ResidentSetSize of job (KB)
...
005 (14004.000.000) 01/21 05:23:15 Job terminated.
	(1) Normal termination (return value 0)
		Usr 0 00:06:37, Sys 0 00:00:05  -  Run Remote Usage
		Usr 0 00:00:00, Sys 0 00:00:00  -  Run Local Usage
		Usr 0 00:06:37, Sys 0 00:00:05  -  Total Remote Usage
		Usr 0 00:00:00, Sys 0 00:00:00  -  Total Local Usage
	0  -  Run Bytes Sent By Job
	0  -  Run Bytes Received By Job
	0  -  Total Bytes Sent By Job
	0  -  Total Bytes Received By Job
	Partitionable Resources :    Usage  Request          
	   Cpus                 :                 1          
	   Disk (KB)            :     2750     2750          
	   Memory (MB)          :      134      134          
...
