000 (14005.000.000) 01/21 05:16:21 Job submitted from host: <128.30.112.18:46685>
...
001 (14005.000.000) 01/21 05:16:29 Job executing on host: <128.30.66.166:36393>
...
006 (14005.000.000) 01/21 05:16:37 Image size of job updated: 181768
	33  -  MemoryUsage of job (MB)
	33748  -  ResidentSetSize of job (KB)
...
006 (14005.000.000) 01/21 05:21:37 Image size of job updated: 373712
	131  -  MemoryUsage of job (MB)
	133900  -  ResidentSetSize of job (KB)
...
005 (14005.000.000) 01/21 05:23:13 Job terminated.
	(1) Normal termination (return value 0)
		Usr 0 00:06:24, Sys 0 00:00:08  -  Run Remote Usage
		Usr 0 00:00:00, Sys 0 00:00:00  -  Run Local Usage
		Usr 0 00:06:24, Sys 0 00:00:08  -  Total Remote Usage
		Usr 0 00:00:00, Sys 0 00:00:00  -  Total Local Usage
	0  -  Run Bytes Sent By Job
	0  -  Run Bytes Received By Job
	0  -  Total Bytes Sent By Job
	0  -  Total Bytes Received By Job
	Partitionable Resources :    Usage  Request          
	   Cpus                 :                 1          
	   Disk (KB)            :     2750     2750          
	   Memory (MB)          :      131      131          
...
