000 (14011.000.000) 01/21 05:16:22 Job submitted from host: <128.30.112.18:46685>
...
001 (14011.000.000) 01/21 05:16:29 Job executing on host: <128.30.66.166:36393>
...
006 (14011.000.000) 01/21 05:16:38 Image size of job updated: 80552
	11  -  MemoryUsage of job (MB)
	10996  -  ResidentSetSize of job (KB)
...
006 (14011.000.000) 01/21 05:21:39 Image size of job updated: 375080
	133  -  MemoryUsage of job (MB)
	135400  -  ResidentSetSize of job (KB)
...
006 (14011.000.000) 01/21 05:23:15 Image size of job updated: 376600
	133  -  MemoryUsage of job (MB)
	135400  -  ResidentSetSize of job (KB)
...
005 (14011.000.000) 01/21 05:23:16 Job terminated.
	(1) Normal termination (return value 0)
		Usr 0 00:06:38, Sys 0 00:00:05  -  Run Remote Usage
		Usr 0 00:00:00, Sys 0 00:00:00  -  Run Local Usage
		Usr 0 00:06:38, Sys 0 00:00:05  -  Total Remote Usage
		Usr 0 00:00:00, Sys 0 00:00:00  -  Total Local Usage
	0  -  Run Bytes Sent By Job
	0  -  Run Bytes Received By Job
	0  -  Total Bytes Sent By Job
	0  -  Total Bytes Received By Job
	Partitionable Resources :    Usage  Request          
	   Cpus                 :                 1          
	   Disk (KB)            :     2750     2750          
	   Memory (MB)          :      133      133          
...
