000 (13986.000.000) 01/21 05:16:19 Job submitted from host: <128.30.112.18:46685>
...
001 (13986.000.000) 01/21 05:16:21 Job executing on host: <128.30.66.169:43926>
...
006 (13986.000.000) 01/21 05:16:29 Image size of job updated: 290300
	50  -  MemoryUsage of job (MB)
	50344  -  ResidentSetSize of job (KB)
...
006 (13986.000.000) 01/21 05:21:29 Image size of job updated: 373700
	131  -  MemoryUsage of job (MB)
	133904  -  ResidentSetSize of job (KB)
...
006 (13986.000.000) 01/21 05:23:12 Image size of job updated: 375984
	131  -  MemoryUsage of job (MB)
	133904  -  ResidentSetSize of job (KB)
...
005 (13986.000.000) 01/21 05:23:12 Job terminated.
	(1) Normal termination (return value 0)
		Usr 0 00:06:25, Sys 0 00:00:09  -  Run Remote Usage
		Usr 0 00:00:00, Sys 0 00:00:00  -  Run Local Usage
		Usr 0 00:06:25, Sys 0 00:00:09  -  Total Remote Usage
		Usr 0 00:00:00, Sys 0 00:00:00  -  Total Local Usage
	0  -  Run Bytes Sent By Job
	0  -  Run Bytes Received By Job
	0  -  Total Bytes Sent By Job
	0  -  Total Bytes Received By Job
	Partitionable Resources :    Usage  Request          
	   Cpus                 :                 1          
	   Disk (KB)            :     2750     2750          
	   Memory (MB)          :      131      131          
...
