000 (13988.000.000) 01/21 05:16:19 Job submitted from host: <128.30.112.18:46685>
...
001 (13988.000.000) 01/21 05:17:00 Job executing on host: <128.30.66.164:41719>
...
006 (13988.000.000) 01/21 05:18:12 Image size of job updated: 99840
	18  -  MemoryUsage of job (MB)
	17548  -  ResidentSetSize of job (KB)
...
006 (13988.000.000) 01/21 05:21:06 Image size of job updated: 375012
	18  -  MemoryUsage of job (MB)
	17548  -  ResidentSetSize of job (KB)
...
005 (13988.000.000) 01/21 05:21:06 Job terminated.
	(1) Normal termination (return value 0)
		Usr 0 00:02:39, Sys 0 00:00:06  -  Run Remote Usage
		Usr 0 00:00:00, Sys 0 00:00:00  -  Run Local Usage
		Usr 0 00:02:39, Sys 0 00:00:06  -  Total Remote Usage
		Usr 0 00:00:00, Sys 0 00:00:00  -  Total Local Usage
	0  -  Run Bytes Sent By Job
	0  -  Run Bytes Received By Job
	0  -  Total Bytes Sent By Job
	0  -  Total Bytes Received By Job
	Partitionable Resources :    Usage  Request          
	   Cpus                 :                 1          
	   Disk (KB)            :     2750     2750          
	   Memory (MB)          :       18       18          
...
