000 (13989.000.000) 01/21 05:16:19 Job submitted from host: <128.30.112.18:46685>
...
001 (13989.000.000) 01/21 05:16:21 Job executing on host: <128.30.66.170:39331>
...
006 (13989.000.000) 01/21 05:16:29 Image size of job updated: 107704
	21  -  MemoryUsage of job (MB)
	20888  -  ResidentSetSize of job (KB)
...
006 (13989.000.000) 01/21 05:19:38 Image size of job updated: 376524
	21  -  MemoryUsage of job (MB)
	20888  -  ResidentSetSize of job (KB)
...
005 (13989.000.000) 01/21 05:19:38 Job terminated.
	(1) Normal termination (return value 0)
		Usr 0 00:03:11, Sys 0 00:00:03  -  Run Remote Usage
		Usr 0 00:00:00, Sys 0 00:00:00  -  Run Local Usage
		Usr 0 00:03:11, Sys 0 00:00:03  -  Total Remote Usage
		Usr 0 00:00:00, Sys 0 00:00:00  -  Total Local Usage
	0  -  Run Bytes Sent By Job
	0  -  Run Bytes Received By Job
	0  -  Total Bytes Sent By Job
	0  -  Total Bytes Received By Job
	Partitionable Resources :    Usage  Request          
	   Cpus                 :                 1          
	   Disk (KB)            :     2750     2750          
	   Memory (MB)          :       21       21          
...
