000 (13991.000.000) 01/21 05:16:19 Job submitted from host: <128.30.112.18:46685>
...
001 (13991.000.000) 01/21 05:16:21 Job executing on host: <128.30.66.165:41096>
...
006 (13991.000.000) 01/21 05:16:30 Image size of job updated: 290332
	50  -  MemoryUsage of job (MB)
	50384  -  ResidentSetSize of job (KB)
...
006 (13991.000.000) 01/21 05:20:17 Image size of job updated: 375088
	50  -  MemoryUsage of job (MB)
	50384  -  ResidentSetSize of job (KB)
...
005 (13991.000.000) 01/21 05:20:17 Job terminated.
	(1) Normal termination (return value 0)
		Usr 0 00:03:44, Sys 0 00:00:05  -  Run Remote Usage
		Usr 0 00:00:00, Sys 0 00:00:00  -  Run Local Usage
		Usr 0 00:03:44, Sys 0 00:00:05  -  Total Remote Usage
		Usr 0 00:00:00, Sys 0 00:00:00  -  Total Local Usage
	0  -  Run Bytes Sent By Job
	0  -  Run Bytes Received By Job
	0  -  Total Bytes Sent By Job
	0  -  Total Bytes Received By Job
	Partitionable Resources :    Usage  Request          
	   Cpus                 :                 1          
	   Disk (KB)            :     2750     2750          
	   Memory (MB)          :       50       50          
...
