000 (13633.000.000) 01/21 04:15:27 Job submitted from host: <128.30.112.18:46685>
...
001 (13633.000.000) 01/21 04:15:29 Job executing on host: <128.30.66.170:39331>
...
006 (13633.000.000) 01/21 04:15:38 Image size of job updated: 92348
	17  -  MemoryUsage of job (MB)
	17004  -  ResidentSetSize of job (KB)
...
006 (13633.000.000) 01/21 04:20:39 Image size of job updated: 347676
	100  -  MemoryUsage of job (MB)
	102148  -  ResidentSetSize of job (KB)
...
006 (13633.000.000) 01/21 04:22:16 Image size of job updated: 362100
	100  -  MemoryUsage of job (MB)
	102148  -  ResidentSetSize of job (KB)
...
005 (13633.000.000) 01/21 04:22:16 Job terminated.
	(1) Normal termination (return value 0)
		Usr 0 00:06:38, Sys 0 00:00:01  -  Run Remote Usage
		Usr 0 00:00:00, Sys 0 00:00:00  -  Run Local Usage
		Usr 0 00:06:38, Sys 0 00:00:01  -  Total Remote Usage
		Usr 0 00:00:00, Sys 0 00:00:00  -  Total Local Usage
	0  -  Run Bytes Sent By Job
	0  -  Run Bytes Received By Job
	0  -  Total Bytes Sent By Job
	0  -  Total Bytes Received By Job
	Partitionable Resources :    Usage  Request          
	   Cpus                 :                 1          
	   Disk (KB)            :     2750     2750          
	   Memory (MB)          :      100      100          
...
