000 (13643.000.000) 01/21 04:15:28 Job submitted from host: <128.30.112.18:46685>
...
001 (13643.000.000) 01/21 04:15:30 Job executing on host: <128.30.66.163:58460>
...
006 (13643.000.000) 01/21 04:15:38 Image size of job updated: 288100
	48  -  MemoryUsage of job (MB)
	48224  -  ResidentSetSize of job (KB)
...
006 (13643.000.000) 01/21 04:20:38 Image size of job updated: 338676
	96  -  MemoryUsage of job (MB)
	97376  -  ResidentSetSize of job (KB)
...
006 (13643.000.000) 01/21 04:22:44 Image size of job updated: 350680
	96  -  MemoryUsage of job (MB)
	97376  -  ResidentSetSize of job (KB)
...
005 (13643.000.000) 01/21 04:22:44 Job terminated.
	(1) Normal termination (return value 0)
		Usr 0 00:07:06, Sys 0 00:00:01  -  Run Remote Usage
		Usr 0 00:00:00, Sys 0 00:00:00  -  Run Local Usage
		Usr 0 00:07:06, Sys 0 00:00:01  -  Total Remote Usage
		Usr 0 00:00:00, Sys 0 00:00:00  -  Total Local Usage
	0  -  Run Bytes Sent By Job
	0  -  Run Bytes Received By Job
	0  -  Total Bytes Sent By Job
	0  -  Total Bytes Received By Job
	Partitionable Resources :    Usage  Request          
	   Cpus                 :                 1          
	   Disk (KB)            :     2750     2750          
	   Memory (MB)          :       96       96          
...
