000 (13647.000.000) 01/21 04:15:29 Job submitted from host: <128.30.112.18:46685>
...
001 (13647.000.000) 01/21 04:15:50 Job executing on host: <128.30.66.166:36393>
...
006 (13647.000.000) 01/21 04:16:00 Image size of job updated: 286244
	46  -  MemoryUsage of job (MB)
	46108  -  ResidentSetSize of job (KB)
...
006 (13647.000.000) 01/21 04:21:00 Image size of job updated: 338776
	97  -  MemoryUsage of job (MB)
	99036  -  ResidentSetSize of job (KB)
...
006 (13647.000.000) 01/21 04:22:35 Image size of job updated: 351752
	97  -  MemoryUsage of job (MB)
	99036  -  ResidentSetSize of job (KB)
...
005 (13647.000.000) 01/21 04:22:35 Job terminated.
	(1) Normal termination (return value 0)
		Usr 0 00:06:37, Sys 0 00:00:01  -  Run Remote Usage
		Usr 0 00:00:00, Sys 0 00:00:00  -  Run Local Usage
		Usr 0 00:06:37, Sys 0 00:00:01  -  Total Remote Usage
		Usr 0 00:00:00, Sys 0 00:00:00  -  Total Local Usage
	0  -  Run Bytes Sent By Job
	0  -  Run Bytes Received By Job
	0  -  Total Bytes Sent By Job
	0  -  Total Bytes Received By Job
	Partitionable Resources :    Usage  Request          
	   Cpus                 :                 1          
	   Disk (KB)            :     2750     2750          
	   Memory (MB)          :       97       97          
...
