000 (13648.000.000) 01/21 04:15:29 Job submitted from host: <128.30.112.18:46685>
...
001 (13648.000.000) 01/21 04:15:50 Job executing on host: <128.30.66.169:43926>
...
006 (13648.000.000) 01/21 04:15:59 Image size of job updated: 288728
	48  -  MemoryUsage of job (MB)
	48748  -  ResidentSetSize of job (KB)
...
006 (13648.000.000) 01/21 04:21:00 Image size of job updated: 347492
	106  -  MemoryUsage of job (MB)
	107904  -  ResidentSetSize of job (KB)
...
006 (13648.000.000) 01/21 04:23:02 Image size of job updated: 366720
	106  -  MemoryUsage of job (MB)
	107904  -  ResidentSetSize of job (KB)
...
005 (13648.000.000) 01/21 04:23:02 Job terminated.
	(1) Normal termination (return value 0)
		Usr 0 00:07:01, Sys 0 00:00:02  -  Run Remote Usage
		Usr 0 00:00:00, Sys 0 00:00:00  -  Run Local Usage
		Usr 0 00:07:01, Sys 0 00:00:02  -  Total Remote Usage
		Usr 0 00:00:00, Sys 0 00:00:00  -  Total Local Usage
	0  -  Run Bytes Sent By Job
	0  -  Run Bytes Received By Job
	0  -  Total Bytes Sent By Job
	0  -  Total Bytes Received By Job
	Partitionable Resources :    Usage  Request          
	   Cpus                 :                 1          
	   Disk (KB)            :     2750     2750          
	   Memory (MB)          :      106      106          
...
