000 (13634.000.000) 01/21 04:15:27 Job submitted from host: <128.30.112.18:46685>
...
001 (13634.000.000) 01/21 04:15:29 Job executing on host: <128.30.66.166:36393>
...
006 (13634.000.000) 01/21 04:15:38 Image size of job updated: 288816
	48  -  MemoryUsage of job (MB)
	49028  -  ResidentSetSize of job (KB)
...
006 (13634.000.000) 01/21 04:20:39 Image size of job updated: 349224
	106  -  MemoryUsage of job (MB)
	108472  -  ResidentSetSize of job (KB)
...
006 (13634.000.000) 01/21 04:22:41 Image size of job updated: 371292
	106  -  MemoryUsage of job (MB)
	108472  -  ResidentSetSize of job (KB)
...
005 (13634.000.000) 01/21 04:22:41 Job terminated.
	(1) Normal termination (return value 0)
		Usr 0 00:07:03, Sys 0 00:00:02  -  Run Remote Usage
		Usr 0 00:00:00, Sys 0 00:00:00  -  Run Local Usage
		Usr 0 00:07:03, Sys 0 00:00:02  -  Total Remote Usage
		Usr 0 00:00:00, Sys 0 00:00:00  -  Total Local Usage
	0  -  Run Bytes Sent By Job
	0  -  Run Bytes Received By Job
	0  -  Total Bytes Sent By Job
	0  -  Total Bytes Received By Job
	Partitionable Resources :    Usage  Request          
	   Cpus                 :                 1          
	   Disk (KB)            :     2750     2750          
	   Memory (MB)          :      106      106          
...
