000 (13641.000.000) 01/21 04:15:28 Job submitted from host: <128.30.112.18:46685>
...
001 (13641.000.000) 01/21 04:15:29 Job executing on host: <128.30.66.165:41096>
...
006 (13641.000.000) 01/21 04:15:38 Image size of job updated: 286540
	46  -  MemoryUsage of job (MB)
	46692  -  ResidentSetSize of job (KB)
...
006 (13641.000.000) 01/21 04:20:39 Image size of job updated: 350656
	109  -  MemoryUsage of job (MB)
	110900  -  ResidentSetSize of job (KB)
...
006 (13641.000.000) 01/21 04:22:45 Image size of job updated: 365928
	109  -  MemoryUsage of job (MB)
	110900  -  ResidentSetSize of job (KB)
...
005 (13641.000.000) 01/21 04:22:45 Job terminated.
	(1) Normal termination (return value 0)
		Usr 0 00:07:10, Sys 0 00:00:02  -  Run Remote Usage
		Usr 0 00:00:00, Sys 0 00:00:00  -  Run Local Usage
		Usr 0 00:07:10, Sys 0 00:00:02  -  Total Remote Usage
		Usr 0 00:00:00, Sys 0 00:00:00  -  Total Local Usage
	0  -  Run Bytes Sent By Job
	0  -  Run Bytes Received By Job
	0  -  Total Bytes Sent By Job
	0  -  Total Bytes Received By Job
	Partitionable Resources :    Usage  Request          
	   Cpus                 :                 1          
	   Disk (KB)            :     2750     2750          
	   Memory (MB)          :      109      109          
...
