000 (13813.000.000) 01/21 04:58:55 Job submitted from host: <128.30.112.18:46685>
...
001 (13813.000.000) 01/21 04:59:06 Job executing on host: <128.30.66.170:39331>
...
006 (13813.000.000) 01/21 04:59:14 Image size of job updated: 294404
	54  -  MemoryUsage of job (MB)
	54556  -  ResidentSetSize of job (KB)
...
006 (13813.000.000) 01/21 04:59:38 Image size of job updated: 304312
	54  -  MemoryUsage of job (MB)
	54556  -  ResidentSetSize of job (KB)
...
005 (13813.000.000) 01/21 04:59:38 Job terminated.
	(1) Normal termination (return value 1)
		Usr 0 00:00:23, Sys 0 00:00:00  -  Run Remote Usage
		Usr 0 00:00:00, Sys 0 00:00:00  -  Run Local Usage
		Usr 0 00:00:23, Sys 0 00:00:00  -  Total Remote Usage
		Usr 0 00:00:00, Sys 0 00:00:00  -  Total Local Usage
	0  -  Run Bytes Sent By Job
	0  -  Run Bytes Received By Job
	0  -  Total Bytes Sent By Job
	0  -  Total Bytes Received By Job
	Partitionable Resources :    Usage  Request          
	   Cpus                 :                 1          
	   Disk (KB)            :     2750     2750          
	   Memory (MB)          :       54       54          
...
000 (13894.000.000) 01/21 05:02:38 Job submitted from host: <128.30.112.18:46685>
...
001 (13894.000.000) 01/21 05:02:51 Job executing on host: <128.30.66.169:43926>
...
006 (13894.000.000) 01/21 05:02:59 Image size of job updated: 290624
	50  -  MemoryUsage of job (MB)
	50592  -  ResidentSetSize of job (KB)
...
006 (13894.000.000) 01/21 05:06:38 Image size of job updated: 986708
	50  -  MemoryUsage of job (MB)
	50592  -  ResidentSetSize of job (KB)
...
005 (13894.000.000) 01/21 05:06:43 Job terminated.
	(1) Normal termination (return value 1)
		Usr 0 00:02:49, Sys 0 00:00:01  -  Run Remote Usage
		Usr 0 00:00:00, Sys 0 00:00:00  -  Run Local Usage
		Usr 0 00:02:49, Sys 0 00:00:01  -  Total Remote Usage
		Usr 0 00:00:00, Sys 0 00:00:00  -  Total Local Usage
	0  -  Run Bytes Sent By Job
	0  -  Run Bytes Received By Job
	0  -  Total Bytes Sent By Job
	0  -  Total Bytes Received By Job
	Partitionable Resources :    Usage  Request          
	   Cpus                 :                 1          
	   Disk (KB)            :     2750     2750          
	   Memory (MB)          :       50       50          
...
000 (14034.000.000) 01/21 05:41:05 Job submitted from host: <128.30.112.18:46685>
...
001 (14034.000.000) 01/21 05:41:16 Job executing on host: <128.30.66.164:41719>
...
006 (14034.000.000) 01/21 05:41:25 Image size of job updated: 294480
	54  -  MemoryUsage of job (MB)
	54604  -  ResidentSetSize of job (KB)
...
006 (14034.000.000) 01/21 05:45:19 Image size of job updated: 1051160
	54  -  MemoryUsage of job (MB)
	54604  -  ResidentSetSize of job (KB)
...
005 (14034.000.000) 01/21 05:45:20 Job terminated.
	(1) Normal termination (return value 1)
		Usr 0 00:02:42, Sys 0 00:01:19  -  Run Remote Usage
		Usr 0 00:00:00, Sys 0 00:00:00  -  Run Local Usage
		Usr 0 00:02:42, Sys 0 00:01:19  -  Total Remote Usage
		Usr 0 00:00:00, Sys 0 00:00:00  -  Total Local Usage
	0  -  Run Bytes Sent By Job
	0  -  Run Bytes Received By Job
	0  -  Total Bytes Sent By Job
	0  -  Total Bytes Received By Job
	Partitionable Resources :    Usage  Request          
	   Cpus                 :                 1          
	   Disk (KB)            :     2750     2750          
	   Memory (MB)          :       54       54          
...
