000 (13823.000.000) 01/21 04:58:55 Job submitted from host: <128.30.112.18:46685>
...
001 (13823.000.000) 01/21 04:59:06 Job executing on host: <128.30.113.104:34762>
...
006 (13823.000.000) 01/21 04:59:14 Image size of job updated: 119856
	17  -  MemoryUsage of job (MB)
	16704  -  ResidentSetSize of job (KB)
...
006 (13823.000.000) 01/21 05:00:35 Image size of job updated: 27667284
	17  -  MemoryUsage of job (MB)
	16704  -  ResidentSetSize of job (KB)
...
004 (13823.000.000) 01/21 05:00:35 Job was evicted.
	(0) Job was not checkpointed.
		Usr 0 00:00:29, Sys 0 00:00:09  -  Run Remote Usage
		Usr 0 00:00:00, Sys 0 00:00:00  -  Run Local Usage
	0  -  Run Bytes Sent By Job
	0  -  Run Bytes Received By Job
	Partitionable Resources :    Usage  Request          
	   Cpus                 :                 1          
	   Disk (KB)            :     2750     2750          
	   Memory (MB)          :       17       17          
...
009 (13823.000.000) 01/21 05:00:36 Job was aborted by the user.
	via condor_rm (by user rhklein)
...
000 (13904.000.000) 01/21 05:02:39 Job submitted from host: <128.30.112.18:46685>
...
001 (13904.000.000) 01/21 05:02:51 Job executing on host: <128.30.66.163:58460>
...
006 (13904.000.000) 01/21 05:03:00 Image size of job updated: 289472
	49  -  MemoryUsage of job (MB)
	49540  -  ResidentSetSize of job (KB)
...
006 (13904.000.000) 01/21 05:06:04 Image size of job updated: 18228792
	49  -  MemoryUsage of job (MB)
	49540  -  ResidentSetSize of job (KB)
...
005 (13904.000.000) 01/21 05:06:04 Job terminated.
	(1) Normal termination (return value 1)
		Usr 0 00:02:59, Sys 0 00:00:08  -  Run Remote Usage
		Usr 0 00:00:00, Sys 0 00:00:00  -  Run Local Usage
		Usr 0 00:02:59, Sys 0 00:00:08  -  Total Remote Usage
		Usr 0 00:00:00, Sys 0 00:00:00  -  Total Local Usage
	0  -  Run Bytes Sent By Job
	0  -  Run Bytes Received By Job
	0  -  Total Bytes Sent By Job
	0  -  Total Bytes Received By Job
	Partitionable Resources :    Usage  Request          
	   Cpus                 :                 1          
	   Disk (KB)            :     2750     2750          
	   Memory (MB)          :       49       49          
...
000 (14044.000.000) 01/21 05:41:06 Job submitted from host: <128.30.112.18:46685>
...
001 (14044.000.000) 01/21 05:41:17 Job executing on host: <128.30.66.164:41719>
...
006 (14044.000.000) 01/21 05:41:25 Image size of job updated: 292956
	52  -  MemoryUsage of job (MB)
	53020  -  ResidentSetSize of job (KB)
...
006 (14044.000.000) 01/21 05:45:19 Image size of job updated: 1038364
	52  -  MemoryUsage of job (MB)
	53020  -  ResidentSetSize of job (KB)
...
005 (14044.000.000) 01/21 05:45:19 Job terminated.
	(1) Normal termination (return value 1)
		Usr 0 00:02:32, Sys 0 00:01:28  -  Run Remote Usage
		Usr 0 00:00:00, Sys 0 00:00:00  -  Run Local Usage
		Usr 0 00:02:32, Sys 0 00:01:28  -  Total Remote Usage
		Usr 0 00:00:00, Sys 0 00:00:00  -  Total Local Usage
	0  -  Run Bytes Sent By Job
	0  -  Run Bytes Received By Job
	0  -  Total Bytes Sent By Job
	0  -  Total Bytes Received By Job
	Partitionable Resources :    Usage  Request          
	   Cpus                 :                 1          
	   Disk (KB)            :     2750     2750          
	   Memory (MB)          :       52       52          
...
