000 (13824.000.000) 01/21 04:58:56 Job submitted from host: <128.30.112.18:46685>
...
001 (13824.000.000) 01/21 04:59:06 Job executing on host: <128.30.66.165:41096>
...
006 (13824.000.000) 01/21 04:59:15 Image size of job updated: 292996
	52  -  MemoryUsage of job (MB)
	53020  -  ResidentSetSize of job (KB)
...
006 (13824.000.000) 01/21 05:00:31 Image size of job updated: 2179520
	52  -  MemoryUsage of job (MB)
	53020  -  ResidentSetSize of job (KB)
...
004 (13824.000.000) 01/21 05:00:31 Job was evicted.
	(0) Job was not checkpointed.
		Usr 0 00:00:34, Sys 0 00:00:16  -  Run Remote Usage
		Usr 0 00:00:00, Sys 0 00:00:00  -  Run Local Usage
	0  -  Run Bytes Sent By Job
	0  -  Run Bytes Received By Job
	Partitionable Resources :    Usage  Request          
	   Cpus                 :                 1          
	   Disk (KB)            :     2750     2750          
	   Memory (MB)          :       52       52          
...
009 (13824.000.000) 01/21 05:00:32 Job was aborted by the user.
	via condor_rm (by user rhklein)
...
000 (13905.000.000) 01/21 05:02:39 Job submitted from host: <128.30.112.18:46685>
...
001 (13905.000.000) 01/21 05:02:51 Job executing on host: <128.30.66.164:41719>
...
006 (13905.000.000) 01/21 05:03:00 Image size of job updated: 290872
	50  -  MemoryUsage of job (MB)
	50908  -  ResidentSetSize of job (KB)
...
006 (13905.000.000) 01/21 05:08:01 Image size of job updated: 18181932
	3200  -  MemoryUsage of job (MB)
	3276308  -  ResidentSetSize of job (KB)
...
006 (13905.000.000) 01/21 05:13:01 Image size of job updated: 18181932
	12200  -  MemoryUsage of job (MB)
	12492336  -  ResidentSetSize of job (KB)
...
005 (13905.000.000) 01/21 05:18:19 Job terminated.
	(0) Abnormal termination (signal 9)
	(0) No core file
		Usr 0 00:02:39, Sys 0 00:06:04  -  Run Remote Usage
		Usr 0 00:00:00, Sys 0 00:00:00  -  Run Local Usage
		Usr 0 00:02:39, Sys 0 00:06:04  -  Total Remote Usage
		Usr 0 00:00:00, Sys 0 00:00:00  -  Total Local Usage
	0  -  Run Bytes Sent By Job
	0  -  Run Bytes Received By Job
	0  -  Total Bytes Sent By Job
	0  -  Total Bytes Received By Job
	Partitionable Resources :    Usage  Request          
	   Cpus                 :                 1          
	   Disk (KB)            :     2750     2750          
	   Memory (MB)          :    12200    12200          
...
000 (14045.000.000) 01/21 05:41:06 Job submitted from host: <128.30.112.18:46685>
...
001 (14045.000.000) 01/21 05:41:17 Job executing on host: <128.30.66.170:39331>
...
006 (14045.000.000) 01/21 05:41:25 Image size of job updated: 295808
	55  -  MemoryUsage of job (MB)
	56140  -  ResidentSetSize of job (KB)
...
006 (14045.000.000) 01/21 05:45:46 Image size of job updated: 18817812
	55  -  MemoryUsage of job (MB)
	56140  -  ResidentSetSize of job (KB)
...
005 (14045.000.000) 01/21 05:45:46 Job terminated.
	(1) Normal termination (return value 1)
		Usr 0 00:02:57, Sys 0 00:00:07  -  Run Remote Usage
		Usr 0 00:00:00, Sys 0 00:00:00  -  Run Local Usage
		Usr 0 00:02:57, Sys 0 00:00:07  -  Total Remote Usage
		Usr 0 00:00:00, Sys 0 00:00:00  -  Total Local Usage
	0  -  Run Bytes Sent By Job
	0  -  Run Bytes Received By Job
	0  -  Total Bytes Sent By Job
	0  -  Total Bytes Received By Job
	Partitionable Resources :    Usage  Request          
	   Cpus                 :                 1          
	   Disk (KB)            :     2750     2750          
	   Memory (MB)          :       55       55          
...
