000 (13825.000.000) 01/21 04:58:56 Job submitted from host: <128.30.112.18:46685>
...
001 (13825.000.000) 01/21 04:59:06 Job executing on host: <128.30.66.166:36393>
...
006 (13825.000.000) 01/21 04:59:15 Image size of job updated: 291224
	51  -  MemoryUsage of job (MB)
	51388  -  ResidentSetSize of job (KB)
...
006 (13825.000.000) 01/21 04:59:54 Image size of job updated: 14950504
	51  -  MemoryUsage of job (MB)
	51388  -  ResidentSetSize of job (KB)
...
005 (13825.000.000) 01/21 04:59:54 Job terminated.
	(1) Normal termination (return value 1)
		Usr 0 00:00:30, Sys 0 00:00:03  -  Run Remote Usage
		Usr 0 00:00:00, Sys 0 00:00:00  -  Run Local Usage
		Usr 0 00:00:30, Sys 0 00:00:03  -  Total Remote Usage
		Usr 0 00:00:00, Sys 0 00:00:00  -  Total Local Usage
	0  -  Run Bytes Sent By Job
	0  -  Run Bytes Received By Job
	0  -  Total Bytes Sent By Job
	0  -  Total Bytes Received By Job
	Partitionable Resources :    Usage  Request          
	   Cpus                 :                 1          
	   Disk (KB)            :     2750     2750          
	   Memory (MB)          :       51       51          
...
000 (13906.000.000) 01/21 05:02:39 Job submitted from host: <128.30.112.18:46685>
...
001 (13906.000.000) 01/21 05:02:52 Job executing on host: <128.30.66.169:43926>
...
006 (13906.000.000) 01/21 05:03:00 Image size of job updated: 288872
	48  -  MemoryUsage of job (MB)
	49016  -  ResidentSetSize of job (KB)
...
006 (13906.000.000) 01/21 05:06:52 Image size of job updated: 17994144
	48  -  MemoryUsage of job (MB)
	49016  -  ResidentSetSize of job (KB)
...
005 (13906.000.000) 01/21 05:06:52 Job terminated.
	(1) Normal termination (return value 1)
		Usr 0 00:02:40, Sys 0 00:00:08  -  Run Remote Usage
		Usr 0 00:00:00, Sys 0 00:00:00  -  Run Local Usage
		Usr 0 00:02:40, Sys 0 00:00:08  -  Total Remote Usage
		Usr 0 00:00:00, Sys 0 00:00:00  -  Total Local Usage
	0  -  Run Bytes Sent By Job
	0  -  Run Bytes Received By Job
	0  -  Total Bytes Sent By Job
	0  -  Total Bytes Received By Job
	Partitionable Resources :    Usage  Request          
	   Cpus                 :                 1          
	   Disk (KB)            :     2750     2750          
	   Memory (MB)          :       48       48          
...
000 (14046.000.000) 01/21 05:41:06 Job submitted from host: <128.30.112.18:46685>
...
001 (14046.000.000) 01/21 05:41:17 Job executing on host: <128.30.113.104:34762>
...
006 (14046.000.000) 01/21 05:41:25 Image size of job updated: 37576
	6  -  MemoryUsage of job (MB)
	5212  -  ResidentSetSize of job (KB)
...
006 (14046.000.000) 01/21 05:46:26 Image size of job updated: 17855020
	12912  -  MemoryUsage of job (MB)
	13221296  -  ResidentSetSize of job (KB)
...
006 (14046.000.000) 01/21 06:27:15 Image size of job updated: 18549220
	12912  -  MemoryUsage of job (MB)
	13221296  -  ResidentSetSize of job (KB)
...
005 (14046.000.000) 01/21 06:27:15 Job terminated.
	(1) Normal termination (return value 1)
		Usr 0 00:02:53, Sys 0 00:00:49  -  Run Remote Usage
		Usr 0 00:00:00, Sys 0 00:00:00  -  Run Local Usage
		Usr 0 00:02:53, Sys 0 00:00:49  -  Total Remote Usage
		Usr 0 00:00:00, Sys 0 00:00:00  -  Total Local Usage
	0  -  Run Bytes Sent By Job
	0  -  Run Bytes Received By Job
	0  -  Total Bytes Sent By Job
	0  -  Total Bytes Received By Job
	Partitionable Resources :    Usage  Request          
	   Cpus                 :                 1          
	   Disk (KB)            :     2750     2750          
	   Memory (MB)          :    12912    12912          
...
