000 (13826.000.000) 01/21 04:58:56 Job submitted from host: <128.30.112.18:46685>
...
001 (13826.000.000) 01/21 04:59:06 Job executing on host: <128.30.66.169:43926>
...
006 (13826.000.000) 01/21 04:59:15 Image size of job updated: 292264
	52  -  MemoryUsage of job (MB)
	52444  -  ResidentSetSize of job (KB)
...
006 (13826.000.000) 01/21 05:00:36 Image size of job updated: 15543044
	52  -  MemoryUsage of job (MB)
	52444  -  ResidentSetSize of job (KB)
...
004 (13826.000.000) 01/21 05:00:36 Job was evicted.
	(0) Job was not checkpointed.
		Usr 0 00:00:29, Sys 0 00:00:26  -  Run Remote Usage
		Usr 0 00:00:00, Sys 0 00:00:00  -  Run Local Usage
	0  -  Run Bytes Sent By Job
	0  -  Run Bytes Received By Job
	Partitionable Resources :    Usage  Request          
	   Cpus                 :                 1          
	   Disk (KB)            :     2750     2750          
	   Memory (MB)          :       52       52          
...
009 (13826.000.000) 01/21 05:00:37 Job was aborted by the user.
	via condor_rm (by user rhklein)
...
000 (13907.000.000) 01/21 05:02:39 Job submitted from host: <128.30.112.18:46685>
...
001 (13907.000.000) 01/21 05:02:51 Job executing on host: <128.30.113.105:42991>
...
006 (13907.000.000) 01/21 05:03:00 Image size of job updated: 211328
	32  -  MemoryUsage of job (MB)
	31936  -  ResidentSetSize of job (KB)
...
006 (13907.000.000) 01/21 05:05:36 Image size of job updated: 279892
	32  -  MemoryUsage of job (MB)
	31936  -  ResidentSetSize of job (KB)
...
005 (13907.000.000) 01/21 05:05:36 Job terminated.
	(1) Normal termination (return value 1)
		Usr 0 00:02:29, Sys 0 00:00:01  -  Run Remote Usage
		Usr 0 00:00:00, Sys 0 00:00:00  -  Run Local Usage
		Usr 0 00:02:29, Sys 0 00:00:01  -  Total Remote Usage
		Usr 0 00:00:00, Sys 0 00:00:00  -  Total Local Usage
	0  -  Run Bytes Sent By Job
	0  -  Run Bytes Received By Job
	0  -  Total Bytes Sent By Job
	0  -  Total Bytes Received By Job
	Partitionable Resources :    Usage  Request          
	   Cpus                 :                 1          
	   Disk (KB)            :     2750     2750          
	   Memory (MB)          :       32       32          
...
000 (14047.000.000) 01/21 05:41:06 Job submitted from host: <128.30.112.18:46685>
...
001 (14047.000.000) 01/21 05:41:17 Job executing on host: <128.30.66.163:58460>
...
006 (14047.000.000) 01/21 05:41:25 Image size of job updated: 293424
	53  -  MemoryUsage of job (MB)
	53500  -  ResidentSetSize of job (KB)
...
006 (14047.000.000) 01/21 05:45:20 Image size of job updated: 1040888
	53  -  MemoryUsage of job (MB)
	53500  -  ResidentSetSize of job (KB)
...
005 (14047.000.000) 01/21 05:45:20 Job terminated.
	(1) Normal termination (return value 1)
		Usr 0 00:03:02, Sys 0 00:00:09  -  Run Remote Usage
		Usr 0 00:00:00, Sys 0 00:00:00  -  Run Local Usage
		Usr 0 00:03:02, Sys 0 00:00:09  -  Total Remote Usage
		Usr 0 00:00:00, Sys 0 00:00:00  -  Total Local Usage
	0  -  Run Bytes Sent By Job
	0  -  Run Bytes Received By Job
	0  -  Total Bytes Sent By Job
	0  -  Total Bytes Received By Job
	Partitionable Resources :    Usage  Request          
	   Cpus                 :                 1          
	   Disk (KB)            :     2750     2750          
	   Memory (MB)          :       53       53          
...
