000 (13828.000.000) 01/21 04:58:56 Job submitted from host: <128.30.112.18:46685>
...
001 (13828.000.000) 01/21 04:59:06 Job executing on host: <128.30.113.104:34762>
...
006 (13828.000.000) 01/21 04:59:15 Image size of job updated: 2750
	3  -  MemoryUsage of job (MB)
	2220  -  ResidentSetSize of job (KB)
...
006 (13828.000.000) 01/21 05:00:35 Image size of job updated: 26784920
	3  -  MemoryUsage of job (MB)
	2220  -  ResidentSetSize of job (KB)
...
004 (13828.000.000) 01/21 05:00:35 Job was evicted.
	(0) Job was not checkpointed.
		Usr 0 00:00:29, Sys 0 00:00:10  -  Run Remote Usage
		Usr 0 00:00:00, Sys 0 00:00:00  -  Run Local Usage
	0  -  Run Bytes Sent By Job
	0  -  Run Bytes Received By Job
	Partitionable Resources :    Usage  Request          
	   Cpus                 :                 1          
	   Disk (KB)            :     2750     2750          
	   Memory (MB)          :        3        3          
...
009 (13828.000.000) 01/21 05:00:35 Job was aborted by the user.
	via condor_rm (by user rhklein)
...
000 (13909.000.000) 01/21 05:02:39 Job submitted from host: <128.30.112.18:46685>
...
001 (13909.000.000) 01/21 05:02:52 Job executing on host: <128.30.66.170:39331>
...
006 (13909.000.000) 01/21 05:03:00 Image size of job updated: 289504
	49  -  MemoryUsage of job (MB)
	49540  -  ResidentSetSize of job (KB)
...
006 (13909.000.000) 01/21 05:06:25 Image size of job updated: 1044504
	49  -  MemoryUsage of job (MB)
	49540  -  ResidentSetSize of job (KB)
...
005 (13909.000.000) 01/21 05:06:26 Job terminated.
	(1) Normal termination (return value 1)
		Usr 0 00:02:52, Sys 0 00:00:02  -  Run Remote Usage
		Usr 0 00:00:00, Sys 0 00:00:00  -  Run Local Usage
		Usr 0 00:02:52, Sys 0 00:00:02  -  Total Remote Usage
		Usr 0 00:00:00, Sys 0 00:00:00  -  Total Local Usage
	0  -  Run Bytes Sent By Job
	0  -  Run Bytes Received By Job
	0  -  Total Bytes Sent By Job
	0  -  Total Bytes Received By Job
	Partitionable Resources :    Usage  Request          
	   Cpus                 :                 1          
	   Disk (KB)            :     2750     2750          
	   Memory (MB)          :       49       49          
...
000 (14049.000.000) 01/21 05:41:07 Job submitted from host: <128.30.112.18:46685>
...
001 (14049.000.000) 01/21 05:41:17 Job executing on host: <128.30.66.167:50426>
...
006 (14049.000.000) 01/21 05:41:20 Image size of job updated: 290164
	0  -  MemoryUsage of job (MB)
	0  -  ResidentSetSize of job (KB)
...
005 (14049.000.000) 01/21 05:41:20 Job terminated.
	(0) Abnormal termination (signal 9)
	(0) No core file
		Usr 0 00:00:02, Sys 0 00:00:00  -  Run Remote Usage
		Usr 0 00:00:00, Sys 0 00:00:00  -  Run Local Usage
		Usr 0 00:00:02, Sys 0 00:00:00  -  Total Remote Usage
		Usr 0 00:00:00, Sys 0 00:00:00  -  Total Local Usage
	0  -  Run Bytes Sent By Job
	0  -  Run Bytes Received By Job
	0  -  Total Bytes Sent By Job
	0  -  Total Bytes Received By Job
	Partitionable Resources :    Usage  Request          
	   Cpus                 :                 1          
	   Disk (KB)            :     2750     2750          
	   Memory (MB)          :        0        0          
...
