000 (13829.000.000) 01/21 04:58:56 Job submitted from host: <128.30.112.18:46685>
...
001 (13829.000.000) 01/21 04:59:06 Job executing on host: <128.30.66.165:41096>
...
006 (13829.000.000) 01/21 04:59:14 Image size of job updated: 291128
	50  -  MemoryUsage of job (MB)
	51176  -  ResidentSetSize of job (KB)
...
006 (13829.000.000) 01/21 05:00:32 Image size of job updated: 2031740
	50  -  MemoryUsage of job (MB)
	51176  -  ResidentSetSize of job (KB)
...
004 (13829.000.000) 01/21 05:00:32 Job was evicted.
	(0) Job was not checkpointed.
		Usr 0 00:00:33, Sys 0 00:00:14  -  Run Remote Usage
		Usr 0 00:00:00, Sys 0 00:00:00  -  Run Local Usage
	0  -  Run Bytes Sent By Job
	0  -  Run Bytes Received By Job
	Partitionable Resources :    Usage  Request          
	   Cpus                 :                 1          
	   Disk (KB)            :     2750     2750          
	   Memory (MB)          :       50       50          
...
009 (13829.000.000) 01/21 05:00:32 Job was aborted by the user.
	via condor_rm (by user rhklein)
...
000 (13910.000.000) 01/21 05:02:40 Job submitted from host: <128.30.112.18:46685>
...
001 (13910.000.000) 01/21 05:02:52 Job executing on host: <128.30.66.166:36393>
...
006 (13910.000.000) 01/21 05:03:00 Image size of job updated: 295932
	55  -  MemoryUsage of job (MB)
	56140  -  ResidentSetSize of job (KB)
...
006 (13910.000.000) 01/21 05:05:41 Image size of job updated: 352920
	55  -  MemoryUsage of job (MB)
	56140  -  ResidentSetSize of job (KB)
...
005 (13910.000.000) 01/21 05:05:41 Job terminated.
	(1) Normal termination (return value 1)
		Usr 0 00:02:39, Sys 0 00:00:00  -  Run Remote Usage
		Usr 0 00:00:00, Sys 0 00:00:00  -  Run Local Usage
		Usr 0 00:02:39, Sys 0 00:00:00  -  Total Remote Usage
		Usr 0 00:00:00, Sys 0 00:00:00  -  Total Local Usage
	0  -  Run Bytes Sent By Job
	0  -  Run Bytes Received By Job
	0  -  Total Bytes Sent By Job
	0  -  Total Bytes Received By Job
	Partitionable Resources :    Usage  Request          
	   Cpus                 :                 1          
	   Disk (KB)            :     2750     2750          
	   Memory (MB)          :       55       55          
...
000 (14050.000.000) 01/21 05:41:07 Job submitted from host: <128.30.112.18:46685>
...
001 (14050.000.000) 01/21 05:41:17 Job executing on host: <128.30.66.164:41719>
...
006 (14050.000.000) 01/21 05:41:25 Image size of job updated: 292984
	52  -  MemoryUsage of job (MB)
	53024  -  ResidentSetSize of job (KB)
...
006 (14050.000.000) 01/21 05:45:19 Image size of job updated: 1030748
	52  -  MemoryUsage of job (MB)
	53024  -  ResidentSetSize of job (KB)
...
005 (14050.000.000) 01/21 05:45:19 Job terminated.
	(1) Normal termination (return value 1)
		Usr 0 00:02:35, Sys 0 00:01:25  -  Run Remote Usage
		Usr 0 00:00:00, Sys 0 00:00:00  -  Run Local Usage
		Usr 0 00:02:35, Sys 0 00:01:25  -  Total Remote Usage
		Usr 0 00:00:00, Sys 0 00:00:00  -  Total Local Usage
	0  -  Run Bytes Sent By Job
	0  -  Run Bytes Received By Job
	0  -  Total Bytes Sent By Job
	0  -  Total Bytes Received By Job
	Partitionable Resources :    Usage  Request          
	   Cpus                 :                 1          
	   Disk (KB)            :     2750     2750          
	   Memory (MB)          :       52       52          
...
