000 (13831.000.000) 01/21 04:58:56 Job submitted from host: <128.30.112.18:46685>
...
001 (13831.000.000) 01/21 04:59:06 Job executing on host: <128.30.66.163:58460>
...
006 (13831.000.000) 01/21 04:59:15 Image size of job updated: 2750
	3  -  MemoryUsage of job (MB)
	2236  -  ResidentSetSize of job (KB)
...
006 (13831.000.000) 01/21 05:00:32 Image size of job updated: 12002156
	3  -  MemoryUsage of job (MB)
	2236  -  ResidentSetSize of job (KB)
...
004 (13831.000.000) 01/21 05:00:32 Job was evicted.
	(0) Job was not checkpointed.
		Usr 0 00:00:28, Sys 0 00:00:20  -  Run Remote Usage
		Usr 0 00:00:00, Sys 0 00:00:00  -  Run Local Usage
	0  -  Run Bytes Sent By Job
	0  -  Run Bytes Received By Job
	Partitionable Resources :    Usage  Request          
	   Cpus                 :                 1          
	   Disk (KB)            :     2750     2750          
	   Memory (MB)          :        3        3          
...
009 (13831.000.000) 01/21 05:00:32 Job was aborted by the user.
	via condor_rm (by user rhklein)
...
000 (13912.000.000) 01/21 05:02:40 Job submitted from host: <128.30.112.18:46685>
...
001 (13912.000.000) 01/21 05:02:52 Job executing on host: <128.30.66.163:58460>
...
006 (13912.000.000) 01/21 05:03:00 Image size of job updated: 289152
	49  -  MemoryUsage of job (MB)
	49272  -  ResidentSetSize of job (KB)
...
006 (13912.000.000) 01/21 05:05:45 Image size of job updated: 348824
	49  -  MemoryUsage of job (MB)
	49272  -  ResidentSetSize of job (KB)
...
005 (13912.000.000) 01/21 05:05:45 Job terminated.
	(1) Normal termination (return value 1)
		Usr 0 00:02:43, Sys 0 00:00:00  -  Run Remote Usage
		Usr 0 00:00:00, Sys 0 00:00:00  -  Run Local Usage
		Usr 0 00:02:43, Sys 0 00:00:00  -  Total Remote Usage
		Usr 0 00:00:00, Sys 0 00:00:00  -  Total Local Usage
	0  -  Run Bytes Sent By Job
	0  -  Run Bytes Received By Job
	0  -  Total Bytes Sent By Job
	0  -  Total Bytes Received By Job
	Partitionable Resources :    Usage  Request          
	   Cpus                 :                 1          
	   Disk (KB)            :     2750     2750          
	   Memory (MB)          :       49       49          
...
000 (14052.000.000) 01/21 05:41:07 Job submitted from host: <128.30.112.18:46685>
...
001 (14052.000.000) 01/21 05:41:17 Job executing on host: <128.30.66.165:41096>
...
006 (14052.000.000) 01/21 05:41:25 Image size of job updated: 2750
	3  -  MemoryUsage of job (MB)
	2216  -  ResidentSetSize of job (KB)
...
006 (14052.000.000) 01/21 05:44:36 Image size of job updated: 976576
	3  -  MemoryUsage of job (MB)
	2216  -  ResidentSetSize of job (KB)
...
005 (14052.000.000) 01/21 05:44:37 Job terminated.
	(1) Normal termination (return value 1)
		Usr 0 00:03:10, Sys 0 00:00:04  -  Run Remote Usage
		Usr 0 00:00:00, Sys 0 00:00:00  -  Run Local Usage
		Usr 0 00:03:10, Sys 0 00:00:04  -  Total Remote Usage
		Usr 0 00:00:00, Sys 0 00:00:00  -  Total Local Usage
	0  -  Run Bytes Sent By Job
	0  -  Run Bytes Received By Job
	0  -  Total Bytes Sent By Job
	0  -  Total Bytes Received By Job
	Partitionable Resources :    Usage  Request          
	   Cpus                 :                 1          
	   Disk (KB)            :     2750     2750          
	   Memory (MB)          :        3        3          
...
