000 (13814.000.000) 01/21 04:58:55 Job submitted from host: <128.30.112.18:46685>
...
001 (13814.000.000) 01/21 04:59:06 Job executing on host: <128.30.113.105:42991>
...
006 (13814.000.000) 01/21 04:59:14 Image size of job updated: 210912
	31  -  MemoryUsage of job (MB)
	31676  -  ResidentSetSize of job (KB)
...
006 (13814.000.000) 01/21 05:00:32 Image size of job updated: 41695284
	31  -  MemoryUsage of job (MB)
	31676  -  ResidentSetSize of job (KB)
...
004 (13814.000.000) 01/21 05:00:32 Job was evicted.
	(0) Job was not checkpointed.
		Usr 0 00:00:46, Sys 0 00:00:35  -  Run Remote Usage
		Usr 0 00:00:00, Sys 0 00:00:00  -  Run Local Usage
	0  -  Run Bytes Sent By Job
	0  -  Run Bytes Received By Job
	Partitionable Resources :    Usage  Request          
	   Cpus                 :                 1          
	   Disk (KB)            :     2750     2750          
	   Memory (MB)          :       31       31          
...
009 (13814.000.000) 01/21 05:00:32 Job was aborted by the user.
	via condor_rm (by user rhklein)
...
000 (13895.000.000) 01/21 05:02:38 Job submitted from host: <128.30.112.18:46685>
...
001 (13895.000.000) 01/21 05:02:51 Job executing on host: <128.30.66.166:36393>
...
006 (13895.000.000) 01/21 05:02:59 Image size of job updated: 298796
	58  -  MemoryUsage of job (MB)
	59044  -  ResidentSetSize of job (KB)
...
006 (13895.000.000) 01/21 05:05:31 Image size of job updated: 15633760
	58  -  MemoryUsage of job (MB)
	59044  -  ResidentSetSize of job (KB)
...
005 (13895.000.000) 01/21 05:05:31 Job terminated.
	(1) Normal termination (return value 1)
		Usr 0 00:02:35, Sys 0 00:00:01  -  Run Remote Usage
		Usr 0 00:00:00, Sys 0 00:00:00  -  Run Local Usage
		Usr 0 00:02:35, Sys 0 00:00:01  -  Total Remote Usage
		Usr 0 00:00:00, Sys 0 00:00:00  -  Total Local Usage
	0  -  Run Bytes Sent By Job
	0  -  Run Bytes Received By Job
	0  -  Total Bytes Sent By Job
	0  -  Total Bytes Received By Job
	Partitionable Resources :    Usage  Request          
	   Cpus                 :                 1          
	   Disk (KB)            :     2750     2750          
	   Memory (MB)          :       58       58          
...
000 (14035.000.000) 01/21 05:41:05 Job submitted from host: <128.30.112.18:46685>
...
001 (14035.000.000) 01/21 05:41:16 Job executing on host: <128.30.66.163:58460>
...
006 (14035.000.000) 01/21 05:41:25 Image size of job updated: 297580
	57  -  MemoryUsage of job (MB)
	57984  -  ResidentSetSize of job (KB)
...
006 (14035.000.000) 01/21 05:44:07 Image size of job updated: 342484
	57  -  MemoryUsage of job (MB)
	57984  -  ResidentSetSize of job (KB)
...
005 (14035.000.000) 01/21 05:44:07 Job terminated.
	(1) Normal termination (return value 1)
		Usr 0 00:02:36, Sys 0 00:00:00  -  Run Remote Usage
		Usr 0 00:00:00, Sys 0 00:00:00  -  Run Local Usage
		Usr 0 00:02:36, Sys 0 00:00:00  -  Total Remote Usage
		Usr 0 00:00:00, Sys 0 00:00:00  -  Total Local Usage
	0  -  Run Bytes Sent By Job
	0  -  Run Bytes Received By Job
	0  -  Total Bytes Sent By Job
	0  -  Total Bytes Received By Job
	Partitionable Resources :    Usage  Request          
	   Cpus                 :                 1          
	   Disk (KB)            :     2750     2750          
	   Memory (MB)          :       57       57          
...
