000 (13832.000.000) 01/21 04:58:56 Job submitted from host: <128.30.112.18:46685>
...
001 (13832.000.000) 01/21 04:59:06 Job executing on host: <128.30.66.169:43926>
...
006 (13832.000.000) 01/21 04:59:15 Image size of job updated: 292892
	52  -  MemoryUsage of job (MB)
	52964  -  ResidentSetSize of job (KB)
...
006 (13832.000.000) 01/21 05:00:36 Image size of job updated: 16089108
	52  -  MemoryUsage of job (MB)
	52964  -  ResidentSetSize of job (KB)
...
004 (13832.000.000) 01/21 05:00:36 Job was evicted.
	(0) Job was not checkpointed.
		Usr 0 00:00:30, Sys 0 00:00:25  -  Run Remote Usage
		Usr 0 00:00:00, Sys 0 00:00:00  -  Run Local Usage
	0  -  Run Bytes Sent By Job
	0  -  Run Bytes Received By Job
	Partitionable Resources :    Usage  Request          
	   Cpus                 :                 1          
	   Disk (KB)            :     2750     2750          
	   Memory (MB)          :       52       52          
...
009 (13832.000.000) 01/21 05:00:37 Job was aborted by the user.
	via condor_rm (by user rhklein)
...
000 (13913.000.000) 01/21 05:02:40 Job submitted from host: <128.30.112.18:46685>
...
001 (13913.000.000) 01/21 05:02:52 Job executing on host: <128.30.66.164:41719>
...
006 (13913.000.000) 01/21 05:03:00 Image size of job updated: 289476
	49  -  MemoryUsage of job (MB)
	49588  -  ResidentSetSize of job (KB)
...
006 (13913.000.000) 01/21 05:08:00 Image size of job updated: 18334904
	3853  -  MemoryUsage of job (MB)
	3945040  -  ResidentSetSize of job (KB)
...
005 (13913.000.000) 01/21 05:11:09 Job terminated.
	(0) Abnormal termination (signal 9)
	(0) No core file
		Usr 0 00:02:43, Sys 0 00:02:01  -  Run Remote Usage
		Usr 0 00:00:00, Sys 0 00:00:00  -  Run Local Usage
		Usr 0 00:02:43, Sys 0 00:02:01  -  Total Remote Usage
		Usr 0 00:00:00, Sys 0 00:00:00  -  Total Local Usage
	0  -  Run Bytes Sent By Job
	0  -  Run Bytes Received By Job
	0  -  Total Bytes Sent By Job
	0  -  Total Bytes Received By Job
	Partitionable Resources :    Usage  Request          
	   Cpus                 :                 1          
	   Disk (KB)            :     2750     2750          
	   Memory (MB)          :     3853     3853          
...
000 (14053.000.000) 01/21 05:41:07 Job submitted from host: <128.30.112.18:46685>
...
001 (14053.000.000) 01/21 05:41:17 Job executing on host: <128.30.113.104:34762>
...
006 (14053.000.000) 01/21 05:41:25 Image size of job updated: 2750
	3  -  MemoryUsage of job (MB)
	2220  -  ResidentSetSize of job (KB)
...
006 (14053.000.000) 01/21 05:46:26 Image size of job updated: 920428
	651  -  MemoryUsage of job (MB)
	665716  -  ResidentSetSize of job (KB)
...
006 (14053.000.000) 01/21 05:51:26 Image size of job updated: 18255272
	2226  -  MemoryUsage of job (MB)
	2278432  -  ResidentSetSize of job (KB)
...
006 (14053.000.000) 01/21 05:56:26 Image size of job updated: 18255272
	4904  -  MemoryUsage of job (MB)
	5021300  -  ResidentSetSize of job (KB)
...
006 (14053.000.000) 01/21 06:01:26 Image size of job updated: 18255272
	6322  -  MemoryUsage of job (MB)
	6473468  -  ResidentSetSize of job (KB)
...
006 (14053.000.000) 01/21 06:06:27 Image size of job updated: 18255272
	7409  -  MemoryUsage of job (MB)
	7585976  -  ResidentSetSize of job (KB)
...
006 (14053.000.000) 01/21 06:11:27 Image size of job updated: 18255272
	7524  -  MemoryUsage of job (MB)
	7703908  -  ResidentSetSize of job (KB)
...
006 (14053.000.000) 01/21 06:16:28 Image size of job updated: 18255272
	7714  -  MemoryUsage of job (MB)
	7898424  -  ResidentSetSize of job (KB)
...
006 (14053.000.000) 01/21 06:26:29 Image size of job updated: 18963708
	12851  -  MemoryUsage of job (MB)
	13159032  -  ResidentSetSize of job (KB)
...
005 (14053.000.000) 01/21 06:27:17 Job terminated.
	(1) Normal termination (return value 1)
		Usr 0 00:03:09, Sys 0 00:02:08  -  Run Remote Usage
		Usr 0 00:00:00, Sys 0 00:00:00  -  Run Local Usage
		Usr 0 00:03:09, Sys 0 00:02:08  -  Total Remote Usage
		Usr 0 00:00:00, Sys 0 00:00:00  -  Total Local Usage
	0  -  Run Bytes Sent By Job
	0  -  Run Bytes Received By Job
	0  -  Total Bytes Sent By Job
	0  -  Total Bytes Received By Job
	Partitionable Resources :    Usage  Request          
	   Cpus                 :                 1          
	   Disk (KB)            :     2750     2750          
	   Memory (MB)          :    12851    12851          
...
