000 (13816.000.000) 01/21 04:58:55 Job submitted from host: <128.30.112.18:46685>
...
001 (13816.000.000) 01/21 04:59:06 Job executing on host: <128.30.66.163:58460>
...
006 (13816.000.000) 01/21 04:59:14 Image size of job updated: 56776
	9  -  MemoryUsage of job (MB)
	8480  -  ResidentSetSize of job (KB)
...
006 (13816.000.000) 01/21 04:59:39 Image size of job updated: 1918464
	9  -  MemoryUsage of job (MB)
	8480  -  ResidentSetSize of job (KB)
...
005 (13816.000.000) 01/21 04:59:39 Job terminated.
	(1) Normal termination (return value 1)
		Usr 0 00:00:30, Sys 0 00:00:00  -  Run Remote Usage
		Usr 0 00:00:00, Sys 0 00:00:00  -  Run Local Usage
		Usr 0 00:00:30, Sys 0 00:00:00  -  Total Remote Usage
		Usr 0 00:00:00, Sys 0 00:00:00  -  Total Local Usage
	0  -  Run Bytes Sent By Job
	0  -  Run Bytes Received By Job
	0  -  Total Bytes Sent By Job
	0  -  Total Bytes Received By Job
	Partitionable Resources :    Usage  Request          
	   Cpus                 :                 1          
	   Disk (KB)            :     2750     2750          
	   Memory (MB)          :        9        9          
...
000 (13897.000.000) 01/21 05:02:38 Job submitted from host: <128.30.112.18:46685>
...
001 (13897.000.000) 01/21 05:02:51 Job executing on host: <128.30.66.163:58460>
...
006 (13897.000.000) 01/21 05:02:59 Image size of job updated: 289544
	49  -  MemoryUsage of job (MB)
	49536  -  ResidentSetSize of job (KB)
...
006 (13897.000.000) 01/21 05:05:45 Image size of job updated: 16375192
	49  -  MemoryUsage of job (MB)
	49536  -  ResidentSetSize of job (KB)
...
005 (13897.000.000) 01/21 05:05:45 Job terminated.
	(1) Normal termination (return value 1)
		Usr 0 00:02:49, Sys 0 00:00:03  -  Run Remote Usage
		Usr 0 00:00:00, Sys 0 00:00:00  -  Run Local Usage
		Usr 0 00:02:49, Sys 0 00:00:03  -  Total Remote Usage
		Usr 0 00:00:00, Sys 0 00:00:00  -  Total Local Usage
	0  -  Run Bytes Sent By Job
	0  -  Run Bytes Received By Job
	0  -  Total Bytes Sent By Job
	0  -  Total Bytes Received By Job
	Partitionable Resources :    Usage  Request          
	   Cpus                 :                 1          
	   Disk (KB)            :     2750     2750          
	   Memory (MB)          :       49       49          
...
000 (14037.000.000) 01/21 05:41:05 Job submitted from host: <128.30.112.18:46685>
...
001 (14037.000.000) 01/21 05:41:16 Job executing on host: <128.30.66.167:50426>
...
006 (14037.000.000) 01/21 05:41:19 Image size of job updated: 291272
	0  -  MemoryUsage of job (MB)
	0  -  ResidentSetSize of job (KB)
...
005 (14037.000.000) 01/21 05:41:20 Job terminated.
	(0) Abnormal termination (signal 9)
	(0) No core file
		Usr 0 00:00:03, Sys 0 00:00:00  -  Run Remote Usage
		Usr 0 00:00:00, Sys 0 00:00:00  -  Run Local Usage
		Usr 0 00:00:03, Sys 0 00:00:00  -  Total Remote Usage
		Usr 0 00:00:00, Sys 0 00:00:00  -  Total Local Usage
	0  -  Run Bytes Sent By Job
	0  -  Run Bytes Received By Job
	0  -  Total Bytes Sent By Job
	0  -  Total Bytes Received By Job
	Partitionable Resources :    Usage  Request          
	   Cpus                 :                 1          
	   Disk (KB)            :     2750     2750          
	   Memory (MB)          :        0        0          
...
