000 (13817.000.000) 01/21 04:58:55 Job submitted from host: <128.30.112.18:46685>
...
001 (13817.000.000) 01/21 04:59:06 Job executing on host: <128.30.66.165:41096>
...
006 (13817.000.000) 01/21 04:59:14 Image size of job updated: 292116
	52  -  MemoryUsage of job (MB)
	52492  -  ResidentSetSize of job (KB)
...
006 (13817.000.000) 01/21 05:00:32 Image size of job updated: 2155588
	52  -  MemoryUsage of job (MB)
	52492  -  ResidentSetSize of job (KB)
...
004 (13817.000.000) 01/21 05:00:32 Job was evicted.
	(0) Job was not checkpointed.
		Usr 0 00:00:34, Sys 0 00:00:14  -  Run Remote Usage
		Usr 0 00:00:00, Sys 0 00:00:00  -  Run Local Usage
	0  -  Run Bytes Sent By Job
	0  -  Run Bytes Received By Job
	Partitionable Resources :    Usage  Request          
	   Cpus                 :                 1          
	   Disk (KB)            :     2750     2750          
	   Memory (MB)          :       52       52          
...
009 (13817.000.000) 01/21 05:00:32 Job was aborted by the user.
	via condor_rm (by user rhklein)
...
000 (13898.000.000) 01/21 05:02:38 Job submitted from host: <128.30.112.18:46685>
...
001 (13898.000.000) 01/21 05:02:51 Job executing on host: <128.30.66.164:41719>
...
006 (13898.000.000) 01/21 05:02:59 Image size of job updated: 291104
	50  -  MemoryUsage of job (MB)
	51172  -  ResidentSetSize of job (KB)
...
006 (13898.000.000) 01/21 05:07:59 Image size of job updated: 19373772
	3091  -  MemoryUsage of job (MB)
	3164832  -  ResidentSetSize of job (KB)
...
006 (13898.000.000) 01/21 05:13:00 Image size of job updated: 19373772
	9652  -  MemoryUsage of job (MB)
	9883156  -  ResidentSetSize of job (KB)
...
005 (13898.000.000) 01/21 05:18:19 Job terminated.
	(1) Normal termination (return value 1)
		Usr 0 00:02:48, Sys 0 00:06:05  -  Run Remote Usage
		Usr 0 00:00:00, Sys 0 00:00:00  -  Run Local Usage
		Usr 0 00:02:48, Sys 0 00:06:05  -  Total Remote Usage
		Usr 0 00:00:00, Sys 0 00:00:00  -  Total Local Usage
	0  -  Run Bytes Sent By Job
	0  -  Run Bytes Received By Job
	0  -  Total Bytes Sent By Job
	0  -  Total Bytes Received By Job
	Partitionable Resources :    Usage  Request          
	   Cpus                 :                 1          
	   Disk (KB)            :     2750     2750          
	   Memory (MB)          :     9652     9652          
...
000 (14038.000.000) 01/21 05:41:06 Job submitted from host: <128.30.112.18:46685>
...
001 (14038.000.000) 01/21 05:41:16 Job executing on host: <128.30.66.164:41719>
...
006 (14038.000.000) 01/21 05:41:25 Image size of job updated: 294272
	54  -  MemoryUsage of job (MB)
	54344  -  ResidentSetSize of job (KB)
...
006 (14038.000.000) 01/21 05:45:21 Image size of job updated: 1105612
	54  -  MemoryUsage of job (MB)
	54344  -  ResidentSetSize of job (KB)
...
005 (14038.000.000) 01/21 05:45:21 Job terminated.
	(1) Normal termination (return value 1)
		Usr 0 00:02:48, Sys 0 00:01:14  -  Run Remote Usage
		Usr 0 00:00:00, Sys 0 00:00:00  -  Run Local Usage
		Usr 0 00:02:48, Sys 0 00:01:14  -  Total Remote Usage
		Usr 0 00:00:00, Sys 0 00:00:00  -  Total Local Usage
	0  -  Run Bytes Sent By Job
	0  -  Run Bytes Received By Job
	0  -  Total Bytes Sent By Job
	0  -  Total Bytes Received By Job
	Partitionable Resources :    Usage  Request          
	   Cpus                 :                 1          
	   Disk (KB)            :     2750     2750          
	   Memory (MB)          :       54       54          
...
