000 (13818.000.000) 01/21 04:58:55 Job submitted from host: <128.30.112.18:46685>
...
001 (13818.000.000) 01/21 04:59:06 Job executing on host: <128.30.66.164:41719>
...
006 (13818.000.000) 01/21 04:59:14 Image size of job updated: 89640
	14  -  MemoryUsage of job (MB)
	13616  -  ResidentSetSize of job (KB)
...
006 (13818.000.000) 01/21 05:00:31 Image size of job updated: 2114584
	14  -  MemoryUsage of job (MB)
	13616  -  ResidentSetSize of job (KB)
...
004 (13818.000.000) 01/21 05:00:31 Job was evicted.
	(0) Job was not checkpointed.
		Usr 0 00:00:31, Sys 0 00:00:11  -  Run Remote Usage
		Usr 0 00:00:00, Sys 0 00:00:00  -  Run Local Usage
	0  -  Run Bytes Sent By Job
	0  -  Run Bytes Received By Job
	Partitionable Resources :    Usage  Request          
	   Cpus                 :                 1          
	   Disk (KB)            :     2750     2750          
	   Memory (MB)          :       14       14          
...
009 (13818.000.000) 01/21 05:00:31 Job was aborted by the user.
	via condor_rm (by user rhklein)
...
000 (13899.000.000) 01/21 05:02:39 Job submitted from host: <128.30.112.18:46685>
...
001 (13899.000.000) 01/21 05:02:51 Job executing on host: <128.30.66.169:43926>
...
006 (13899.000.000) 01/21 05:03:00 Image size of job updated: 289488
	49  -  MemoryUsage of job (MB)
	49536  -  ResidentSetSize of job (KB)
...
006 (13899.000.000) 01/21 05:06:49 Image size of job updated: 1051432
	49  -  MemoryUsage of job (MB)
	49536  -  ResidentSetSize of job (KB)
...
005 (13899.000.000) 01/21 05:06:49 Job terminated.
	(1) Normal termination (return value 1)
		Usr 0 00:02:42, Sys 0 00:00:04  -  Run Remote Usage
		Usr 0 00:00:00, Sys 0 00:00:00  -  Run Local Usage
		Usr 0 00:02:42, Sys 0 00:00:04  -  Total Remote Usage
		Usr 0 00:00:00, Sys 0 00:00:00  -  Total Local Usage
	0  -  Run Bytes Sent By Job
	0  -  Run Bytes Received By Job
	0  -  Total Bytes Sent By Job
	0  -  Total Bytes Received By Job
	Partitionable Resources :    Usage  Request          
	   Cpus                 :                 1          
	   Disk (KB)            :     2750     2750          
	   Memory (MB)          :       49       49          
...
000 (14039.000.000) 01/21 05:41:06 Job submitted from host: <128.30.112.18:46685>
...
001 (14039.000.000) 01/21 05:41:16 Job executing on host: <128.30.113.104:34762>
...
006 (14039.000.000) 01/21 05:41:26 Image size of job updated: 37572
	6  -  MemoryUsage of job (MB)
	5212  -  ResidentSetSize of job (KB)
...
006 (14039.000.000) 01/21 05:46:26 Image size of job updated: 17984960
	5287  -  MemoryUsage of job (MB)
	5412972  -  ResidentSetSize of job (KB)
...
006 (14039.000.000) 01/21 05:51:27 Image size of job updated: 17984960
	6620  -  MemoryUsage of job (MB)
	6778840  -  ResidentSetSize of job (KB)
...
006 (14039.000.000) 01/21 05:56:27 Image size of job updated: 17984960
	8033  -  MemoryUsage of job (MB)
	8225160  -  ResidentSetSize of job (KB)
...
005 (14039.000.000) 01/21 06:27:15 Job terminated.
	(0) Abnormal termination (signal 9)
	(0) No core file
		Usr 0 00:02:58, Sys 0 00:02:10  -  Run Remote Usage
		Usr 0 00:00:00, Sys 0 00:00:00  -  Run Local Usage
		Usr 0 00:02:58, Sys 0 00:02:10  -  Total Remote Usage
		Usr 0 00:00:00, Sys 0 00:00:00  -  Total Local Usage
	0  -  Run Bytes Sent By Job
	0  -  Run Bytes Received By Job
	0  -  Total Bytes Sent By Job
	0  -  Total Bytes Received By Job
	Partitionable Resources :    Usage  Request          
	   Cpus                 :                 1          
	   Disk (KB)            :     2750     2750          
	   Memory (MB)          :     8033     8033          
...
